[2024-12-24T18:50:36.143+0000] {processor.py:186} INFO - Started process (PID=119) to work on /home/airflow/.local/lib/python3.12/site-packages/airflow/example_dags/example_setup_teardown.py
[2024-12-24T18:50:36.145+0000] {processor.py:914} INFO - Processing file /home/airflow/.local/lib/python3.12/site-packages/airflow/example_dags/example_setup_teardown.py for tasks to queue
[2024-12-24T18:50:36.148+0000] {logging_mixin.py:190} INFO - [2024-12-24T18:50:36.147+0000] {dagbag.py:588} INFO - Filling up the DagBag from /home/airflow/.local/lib/python3.12/site-packages/airflow/example_dags/example_setup_teardown.py
[2024-12-24T18:50:36.187+0000] {processor.py:925} INFO - DAG(s) 'example_setup_teardown' retrieved from /home/airflow/.local/lib/python3.12/site-packages/airflow/example_dags/example_setup_teardown.py
[2024-12-24T18:50:36.211+0000] {logging_mixin.py:190} INFO - [2024-12-24T18:50:36.211+0000] {dag.py:3239} INFO - Sync 1 DAGs
[2024-12-24T18:50:36.228+0000] {logging_mixin.py:190} INFO - [2024-12-24T18:50:36.227+0000] {dag.py:4180} INFO - Setting next_dagrun for example_setup_teardown to None, run_after=None
[2024-12-24T18:50:36.306+0000] {processor.py:208} INFO - Processing /home/airflow/.local/lib/python3.12/site-packages/airflow/example_dags/example_setup_teardown.py took 0.168 seconds
[2024-12-24T18:51:06.729+0000] {processor.py:186} INFO - Started process (PID=182) to work on /home/airflow/.local/lib/python3.12/site-packages/airflow/example_dags/example_setup_teardown.py
[2024-12-24T18:51:06.731+0000] {processor.py:914} INFO - Processing file /home/airflow/.local/lib/python3.12/site-packages/airflow/example_dags/example_setup_teardown.py for tasks to queue
[2024-12-24T18:51:06.733+0000] {logging_mixin.py:190} INFO - [2024-12-24T18:51:06.733+0000] {dagbag.py:588} INFO - Filling up the DagBag from /home/airflow/.local/lib/python3.12/site-packages/airflow/example_dags/example_setup_teardown.py
[2024-12-24T18:51:06.743+0000] {processor.py:925} INFO - DAG(s) 'example_setup_teardown' retrieved from /home/airflow/.local/lib/python3.12/site-packages/airflow/example_dags/example_setup_teardown.py
[2024-12-24T18:51:06.766+0000] {logging_mixin.py:190} INFO - [2024-12-24T18:51:06.765+0000] {dag.py:3239} INFO - Sync 1 DAGs
[2024-12-24T18:51:06.782+0000] {logging_mixin.py:190} INFO - [2024-12-24T18:51:06.781+0000] {dag.py:4180} INFO - Setting next_dagrun for example_setup_teardown to None, run_after=None
[2024-12-24T18:51:06.809+0000] {processor.py:208} INFO - Processing /home/airflow/.local/lib/python3.12/site-packages/airflow/example_dags/example_setup_teardown.py took 0.087 seconds
[2024-12-24T18:51:38.785+0000] {processor.py:186} INFO - Started process (PID=251) to work on /home/airflow/.local/lib/python3.12/site-packages/airflow/example_dags/example_setup_teardown.py
[2024-12-24T18:51:38.786+0000] {processor.py:914} INFO - Processing file /home/airflow/.local/lib/python3.12/site-packages/airflow/example_dags/example_setup_teardown.py for tasks to queue
[2024-12-24T18:51:38.789+0000] {logging_mixin.py:190} INFO - [2024-12-24T18:51:38.789+0000] {dagbag.py:588} INFO - Filling up the DagBag from /home/airflow/.local/lib/python3.12/site-packages/airflow/example_dags/example_setup_teardown.py
[2024-12-24T18:51:38.808+0000] {processor.py:925} INFO - DAG(s) 'example_setup_teardown' retrieved from /home/airflow/.local/lib/python3.12/site-packages/airflow/example_dags/example_setup_teardown.py
[2024-12-24T18:51:38.829+0000] {logging_mixin.py:190} INFO - [2024-12-24T18:51:38.829+0000] {dag.py:3239} INFO - Sync 1 DAGs
[2024-12-24T18:51:38.846+0000] {logging_mixin.py:190} INFO - [2024-12-24T18:51:38.846+0000] {dag.py:4180} INFO - Setting next_dagrun for example_setup_teardown to None, run_after=None
[2024-12-24T18:51:38.891+0000] {processor.py:208} INFO - Processing /home/airflow/.local/lib/python3.12/site-packages/airflow/example_dags/example_setup_teardown.py took 0.112 seconds
[2024-12-24T18:52:09.160+0000] {processor.py:186} INFO - Started process (PID=315) to work on /home/airflow/.local/lib/python3.12/site-packages/airflow/example_dags/example_setup_teardown.py
[2024-12-24T18:52:09.162+0000] {processor.py:914} INFO - Processing file /home/airflow/.local/lib/python3.12/site-packages/airflow/example_dags/example_setup_teardown.py for tasks to queue
[2024-12-24T18:52:09.165+0000] {logging_mixin.py:190} INFO - [2024-12-24T18:52:09.165+0000] {dagbag.py:588} INFO - Filling up the DagBag from /home/airflow/.local/lib/python3.12/site-packages/airflow/example_dags/example_setup_teardown.py
[2024-12-24T18:52:09.175+0000] {processor.py:925} INFO - DAG(s) 'example_setup_teardown' retrieved from /home/airflow/.local/lib/python3.12/site-packages/airflow/example_dags/example_setup_teardown.py
[2024-12-24T18:52:09.201+0000] {logging_mixin.py:190} INFO - [2024-12-24T18:52:09.201+0000] {dag.py:3239} INFO - Sync 1 DAGs
[2024-12-24T18:52:09.218+0000] {logging_mixin.py:190} INFO - [2024-12-24T18:52:09.218+0000] {dag.py:4180} INFO - Setting next_dagrun for example_setup_teardown to None, run_after=None
[2024-12-24T18:52:09.256+0000] {processor.py:208} INFO - Processing /home/airflow/.local/lib/python3.12/site-packages/airflow/example_dags/example_setup_teardown.py took 0.102 seconds
[2024-12-24T18:52:39.693+0000] {processor.py:186} INFO - Started process (PID=377) to work on /home/airflow/.local/lib/python3.12/site-packages/airflow/example_dags/example_setup_teardown.py
[2024-12-24T18:52:39.695+0000] {processor.py:914} INFO - Processing file /home/airflow/.local/lib/python3.12/site-packages/airflow/example_dags/example_setup_teardown.py for tasks to queue
[2024-12-24T18:52:39.698+0000] {logging_mixin.py:190} INFO - [2024-12-24T18:52:39.698+0000] {dagbag.py:588} INFO - Filling up the DagBag from /home/airflow/.local/lib/python3.12/site-packages/airflow/example_dags/example_setup_teardown.py
[2024-12-24T18:52:39.709+0000] {processor.py:925} INFO - DAG(s) 'example_setup_teardown' retrieved from /home/airflow/.local/lib/python3.12/site-packages/airflow/example_dags/example_setup_teardown.py
[2024-12-24T18:52:39.736+0000] {logging_mixin.py:190} INFO - [2024-12-24T18:52:39.735+0000] {dag.py:3239} INFO - Sync 1 DAGs
[2024-12-24T18:52:39.754+0000] {logging_mixin.py:190} INFO - [2024-12-24T18:52:39.754+0000] {dag.py:4180} INFO - Setting next_dagrun for example_setup_teardown to None, run_after=None
[2024-12-24T18:52:39.780+0000] {processor.py:208} INFO - Processing /home/airflow/.local/lib/python3.12/site-packages/airflow/example_dags/example_setup_teardown.py took 0.094 seconds
[2024-12-24T18:53:10.596+0000] {processor.py:186} INFO - Started process (PID=440) to work on /home/airflow/.local/lib/python3.12/site-packages/airflow/example_dags/example_setup_teardown.py
[2024-12-24T18:53:10.598+0000] {processor.py:914} INFO - Processing file /home/airflow/.local/lib/python3.12/site-packages/airflow/example_dags/example_setup_teardown.py for tasks to queue
[2024-12-24T18:53:10.600+0000] {logging_mixin.py:190} INFO - [2024-12-24T18:53:10.600+0000] {dagbag.py:588} INFO - Filling up the DagBag from /home/airflow/.local/lib/python3.12/site-packages/airflow/example_dags/example_setup_teardown.py
[2024-12-24T18:53:10.610+0000] {processor.py:925} INFO - DAG(s) 'example_setup_teardown' retrieved from /home/airflow/.local/lib/python3.12/site-packages/airflow/example_dags/example_setup_teardown.py
[2024-12-24T18:53:10.635+0000] {logging_mixin.py:190} INFO - [2024-12-24T18:53:10.635+0000] {dag.py:3239} INFO - Sync 1 DAGs
[2024-12-24T18:53:10.655+0000] {logging_mixin.py:190} INFO - [2024-12-24T18:53:10.655+0000] {dag.py:4180} INFO - Setting next_dagrun for example_setup_teardown to None, run_after=None
[2024-12-24T18:53:10.682+0000] {processor.py:208} INFO - Processing /home/airflow/.local/lib/python3.12/site-packages/airflow/example_dags/example_setup_teardown.py took 0.092 seconds
[2024-12-24T18:53:43.829+0000] {processor.py:186} INFO - Started process (PID=498) to work on /home/airflow/.local/lib/python3.12/site-packages/airflow/example_dags/example_setup_teardown.py
[2024-12-24T18:53:43.830+0000] {processor.py:914} INFO - Processing file /home/airflow/.local/lib/python3.12/site-packages/airflow/example_dags/example_setup_teardown.py for tasks to queue
[2024-12-24T18:53:43.836+0000] {logging_mixin.py:190} INFO - [2024-12-24T18:53:43.835+0000] {dagbag.py:588} INFO - Filling up the DagBag from /home/airflow/.local/lib/python3.12/site-packages/airflow/example_dags/example_setup_teardown.py
[2024-12-24T18:53:43.845+0000] {processor.py:925} INFO - DAG(s) 'example_setup_teardown' retrieved from /home/airflow/.local/lib/python3.12/site-packages/airflow/example_dags/example_setup_teardown.py
[2024-12-24T18:53:43.875+0000] {logging_mixin.py:190} INFO - [2024-12-24T18:53:43.874+0000] {dag.py:3239} INFO - Sync 1 DAGs
[2024-12-24T18:53:43.893+0000] {logging_mixin.py:190} INFO - [2024-12-24T18:53:43.892+0000] {dag.py:4180} INFO - Setting next_dagrun for example_setup_teardown to None, run_after=None
[2024-12-24T18:53:43.924+0000] {processor.py:208} INFO - Processing /home/airflow/.local/lib/python3.12/site-packages/airflow/example_dags/example_setup_teardown.py took 0.101 seconds
[2024-12-24T18:54:15.179+0000] {processor.py:186} INFO - Started process (PID=561) to work on /home/airflow/.local/lib/python3.12/site-packages/airflow/example_dags/example_setup_teardown.py
[2024-12-24T18:54:15.180+0000] {processor.py:914} INFO - Processing file /home/airflow/.local/lib/python3.12/site-packages/airflow/example_dags/example_setup_teardown.py for tasks to queue
[2024-12-24T18:54:15.183+0000] {logging_mixin.py:190} INFO - [2024-12-24T18:54:15.183+0000] {dagbag.py:588} INFO - Filling up the DagBag from /home/airflow/.local/lib/python3.12/site-packages/airflow/example_dags/example_setup_teardown.py
[2024-12-24T18:54:15.193+0000] {processor.py:925} INFO - DAG(s) 'example_setup_teardown' retrieved from /home/airflow/.local/lib/python3.12/site-packages/airflow/example_dags/example_setup_teardown.py
[2024-12-24T18:54:15.216+0000] {logging_mixin.py:190} INFO - [2024-12-24T18:54:15.216+0000] {dag.py:3239} INFO - Sync 1 DAGs
[2024-12-24T18:54:15.230+0000] {logging_mixin.py:190} INFO - [2024-12-24T18:54:15.230+0000] {dag.py:4180} INFO - Setting next_dagrun for example_setup_teardown to None, run_after=None
[2024-12-24T18:54:15.259+0000] {processor.py:208} INFO - Processing /home/airflow/.local/lib/python3.12/site-packages/airflow/example_dags/example_setup_teardown.py took 0.087 seconds
[2024-12-24T18:54:47.028+0000] {processor.py:186} INFO - Started process (PID=624) to work on /home/airflow/.local/lib/python3.12/site-packages/airflow/example_dags/example_setup_teardown.py
[2024-12-24T18:54:47.030+0000] {processor.py:914} INFO - Processing file /home/airflow/.local/lib/python3.12/site-packages/airflow/example_dags/example_setup_teardown.py for tasks to queue
[2024-12-24T18:54:47.033+0000] {logging_mixin.py:190} INFO - [2024-12-24T18:54:47.033+0000] {dagbag.py:588} INFO - Filling up the DagBag from /home/airflow/.local/lib/python3.12/site-packages/airflow/example_dags/example_setup_teardown.py
[2024-12-24T18:54:47.045+0000] {processor.py:925} INFO - DAG(s) 'example_setup_teardown' retrieved from /home/airflow/.local/lib/python3.12/site-packages/airflow/example_dags/example_setup_teardown.py
[2024-12-24T18:54:47.073+0000] {logging_mixin.py:190} INFO - [2024-12-24T18:54:47.073+0000] {dag.py:3239} INFO - Sync 1 DAGs
[2024-12-24T18:54:47.091+0000] {logging_mixin.py:190} INFO - [2024-12-24T18:54:47.091+0000] {dag.py:4180} INFO - Setting next_dagrun for example_setup_teardown to None, run_after=None
[2024-12-24T18:54:47.124+0000] {processor.py:208} INFO - Processing /home/airflow/.local/lib/python3.12/site-packages/airflow/example_dags/example_setup_teardown.py took 0.102 seconds
[2024-12-24T18:55:18.841+0000] {processor.py:186} INFO - Started process (PID=693) to work on /home/airflow/.local/lib/python3.12/site-packages/airflow/example_dags/example_setup_teardown.py
[2024-12-24T18:55:18.843+0000] {processor.py:914} INFO - Processing file /home/airflow/.local/lib/python3.12/site-packages/airflow/example_dags/example_setup_teardown.py for tasks to queue
[2024-12-24T18:55:18.847+0000] {logging_mixin.py:190} INFO - [2024-12-24T18:55:18.847+0000] {dagbag.py:588} INFO - Filling up the DagBag from /home/airflow/.local/lib/python3.12/site-packages/airflow/example_dags/example_setup_teardown.py
[2024-12-24T18:55:18.859+0000] {processor.py:925} INFO - DAG(s) 'example_setup_teardown' retrieved from /home/airflow/.local/lib/python3.12/site-packages/airflow/example_dags/example_setup_teardown.py
[2024-12-24T18:55:18.895+0000] {logging_mixin.py:190} INFO - [2024-12-24T18:55:18.894+0000] {dag.py:3239} INFO - Sync 1 DAGs
[2024-12-24T18:55:18.911+0000] {logging_mixin.py:190} INFO - [2024-12-24T18:55:18.911+0000] {dag.py:4180} INFO - Setting next_dagrun for example_setup_teardown to None, run_after=None
[2024-12-24T18:55:18.937+0000] {processor.py:208} INFO - Processing /home/airflow/.local/lib/python3.12/site-packages/airflow/example_dags/example_setup_teardown.py took 0.106 seconds
[2024-12-24T18:55:49.833+0000] {processor.py:186} INFO - Started process (PID=756) to work on /home/airflow/.local/lib/python3.12/site-packages/airflow/example_dags/example_setup_teardown.py
[2024-12-24T18:55:49.835+0000] {processor.py:914} INFO - Processing file /home/airflow/.local/lib/python3.12/site-packages/airflow/example_dags/example_setup_teardown.py for tasks to queue
[2024-12-24T18:55:49.837+0000] {logging_mixin.py:190} INFO - [2024-12-24T18:55:49.837+0000] {dagbag.py:588} INFO - Filling up the DagBag from /home/airflow/.local/lib/python3.12/site-packages/airflow/example_dags/example_setup_teardown.py
[2024-12-24T18:55:49.846+0000] {processor.py:925} INFO - DAG(s) 'example_setup_teardown' retrieved from /home/airflow/.local/lib/python3.12/site-packages/airflow/example_dags/example_setup_teardown.py
[2024-12-24T18:55:49.872+0000] {logging_mixin.py:190} INFO - [2024-12-24T18:55:49.871+0000] {dag.py:3239} INFO - Sync 1 DAGs
[2024-12-24T18:55:49.888+0000] {logging_mixin.py:190} INFO - [2024-12-24T18:55:49.888+0000] {dag.py:4180} INFO - Setting next_dagrun for example_setup_teardown to None, run_after=None
[2024-12-24T18:55:49.917+0000] {processor.py:208} INFO - Processing /home/airflow/.local/lib/python3.12/site-packages/airflow/example_dags/example_setup_teardown.py took 0.090 seconds
[2024-12-24T18:56:21.498+0000] {processor.py:186} INFO - Started process (PID=819) to work on /home/airflow/.local/lib/python3.12/site-packages/airflow/example_dags/example_setup_teardown.py
[2024-12-24T18:56:21.501+0000] {processor.py:914} INFO - Processing file /home/airflow/.local/lib/python3.12/site-packages/airflow/example_dags/example_setup_teardown.py for tasks to queue
[2024-12-24T18:56:21.507+0000] {logging_mixin.py:190} INFO - [2024-12-24T18:56:21.506+0000] {dagbag.py:588} INFO - Filling up the DagBag from /home/airflow/.local/lib/python3.12/site-packages/airflow/example_dags/example_setup_teardown.py
[2024-12-24T18:56:21.527+0000] {processor.py:925} INFO - DAG(s) 'example_setup_teardown' retrieved from /home/airflow/.local/lib/python3.12/site-packages/airflow/example_dags/example_setup_teardown.py
[2024-12-24T18:56:21.576+0000] {logging_mixin.py:190} INFO - [2024-12-24T18:56:21.575+0000] {dag.py:3239} INFO - Sync 1 DAGs
[2024-12-24T18:56:21.594+0000] {logging_mixin.py:190} INFO - [2024-12-24T18:56:21.594+0000] {dag.py:4180} INFO - Setting next_dagrun for example_setup_teardown to None, run_after=None
[2024-12-24T18:56:21.676+0000] {processor.py:208} INFO - Processing /home/airflow/.local/lib/python3.12/site-packages/airflow/example_dags/example_setup_teardown.py took 0.191 seconds
[2024-12-24T18:56:52.461+0000] {processor.py:186} INFO - Started process (PID=882) to work on /home/airflow/.local/lib/python3.12/site-packages/airflow/example_dags/example_setup_teardown.py
[2024-12-24T18:56:52.462+0000] {processor.py:914} INFO - Processing file /home/airflow/.local/lib/python3.12/site-packages/airflow/example_dags/example_setup_teardown.py for tasks to queue
[2024-12-24T18:56:52.465+0000] {logging_mixin.py:190} INFO - [2024-12-24T18:56:52.465+0000] {dagbag.py:588} INFO - Filling up the DagBag from /home/airflow/.local/lib/python3.12/site-packages/airflow/example_dags/example_setup_teardown.py
[2024-12-24T18:56:52.476+0000] {processor.py:925} INFO - DAG(s) 'example_setup_teardown' retrieved from /home/airflow/.local/lib/python3.12/site-packages/airflow/example_dags/example_setup_teardown.py
[2024-12-24T18:56:52.506+0000] {logging_mixin.py:190} INFO - [2024-12-24T18:56:52.505+0000] {dag.py:3239} INFO - Sync 1 DAGs
[2024-12-24T18:56:52.527+0000] {logging_mixin.py:190} INFO - [2024-12-24T18:56:52.526+0000] {dag.py:4180} INFO - Setting next_dagrun for example_setup_teardown to None, run_after=None
[2024-12-24T18:56:52.556+0000] {processor.py:208} INFO - Processing /home/airflow/.local/lib/python3.12/site-packages/airflow/example_dags/example_setup_teardown.py took 0.104 seconds
[2024-12-24T18:57:22.662+0000] {processor.py:186} INFO - Started process (PID=945) to work on /home/airflow/.local/lib/python3.12/site-packages/airflow/example_dags/example_setup_teardown.py
[2024-12-24T18:57:22.664+0000] {processor.py:914} INFO - Processing file /home/airflow/.local/lib/python3.12/site-packages/airflow/example_dags/example_setup_teardown.py for tasks to queue
[2024-12-24T18:57:22.667+0000] {logging_mixin.py:190} INFO - [2024-12-24T18:57:22.667+0000] {dagbag.py:588} INFO - Filling up the DagBag from /home/airflow/.local/lib/python3.12/site-packages/airflow/example_dags/example_setup_teardown.py
[2024-12-24T18:57:22.676+0000] {processor.py:925} INFO - DAG(s) 'example_setup_teardown' retrieved from /home/airflow/.local/lib/python3.12/site-packages/airflow/example_dags/example_setup_teardown.py
[2024-12-24T18:57:22.708+0000] {logging_mixin.py:190} INFO - [2024-12-24T18:57:22.707+0000] {dag.py:3239} INFO - Sync 1 DAGs
[2024-12-24T18:57:22.722+0000] {logging_mixin.py:190} INFO - [2024-12-24T18:57:22.721+0000] {dag.py:4180} INFO - Setting next_dagrun for example_setup_teardown to None, run_after=None
[2024-12-24T18:57:22.747+0000] {processor.py:208} INFO - Processing /home/airflow/.local/lib/python3.12/site-packages/airflow/example_dags/example_setup_teardown.py took 0.090 seconds
[2024-12-24T18:57:53.655+0000] {processor.py:186} INFO - Started process (PID=1007) to work on /home/airflow/.local/lib/python3.12/site-packages/airflow/example_dags/example_setup_teardown.py
[2024-12-24T18:57:53.657+0000] {processor.py:914} INFO - Processing file /home/airflow/.local/lib/python3.12/site-packages/airflow/example_dags/example_setup_teardown.py for tasks to queue
[2024-12-24T18:57:53.660+0000] {logging_mixin.py:190} INFO - [2024-12-24T18:57:53.660+0000] {dagbag.py:588} INFO - Filling up the DagBag from /home/airflow/.local/lib/python3.12/site-packages/airflow/example_dags/example_setup_teardown.py
[2024-12-24T18:57:53.670+0000] {processor.py:925} INFO - DAG(s) 'example_setup_teardown' retrieved from /home/airflow/.local/lib/python3.12/site-packages/airflow/example_dags/example_setup_teardown.py
[2024-12-24T18:57:53.697+0000] {logging_mixin.py:190} INFO - [2024-12-24T18:57:53.697+0000] {dag.py:3239} INFO - Sync 1 DAGs
[2024-12-24T18:57:53.713+0000] {logging_mixin.py:190} INFO - [2024-12-24T18:57:53.713+0000] {dag.py:4180} INFO - Setting next_dagrun for example_setup_teardown to None, run_after=None
[2024-12-24T18:57:53.739+0000] {processor.py:208} INFO - Processing /home/airflow/.local/lib/python3.12/site-packages/airflow/example_dags/example_setup_teardown.py took 0.090 seconds
[2024-12-24T18:58:24.848+0000] {processor.py:186} INFO - Started process (PID=1071) to work on /home/airflow/.local/lib/python3.12/site-packages/airflow/example_dags/example_setup_teardown.py
[2024-12-24T18:58:24.849+0000] {processor.py:914} INFO - Processing file /home/airflow/.local/lib/python3.12/site-packages/airflow/example_dags/example_setup_teardown.py for tasks to queue
[2024-12-24T18:58:24.852+0000] {logging_mixin.py:190} INFO - [2024-12-24T18:58:24.852+0000] {dagbag.py:588} INFO - Filling up the DagBag from /home/airflow/.local/lib/python3.12/site-packages/airflow/example_dags/example_setup_teardown.py
[2024-12-24T18:58:24.862+0000] {processor.py:925} INFO - DAG(s) 'example_setup_teardown' retrieved from /home/airflow/.local/lib/python3.12/site-packages/airflow/example_dags/example_setup_teardown.py
[2024-12-24T18:58:24.886+0000] {logging_mixin.py:190} INFO - [2024-12-24T18:58:24.886+0000] {dag.py:3239} INFO - Sync 1 DAGs
[2024-12-24T18:58:24.901+0000] {logging_mixin.py:190} INFO - [2024-12-24T18:58:24.901+0000] {dag.py:4180} INFO - Setting next_dagrun for example_setup_teardown to None, run_after=None
[2024-12-24T18:58:24.925+0000] {processor.py:208} INFO - Processing /home/airflow/.local/lib/python3.12/site-packages/airflow/example_dags/example_setup_teardown.py took 0.083 seconds
[2024-12-24T18:58:56.985+0000] {processor.py:186} INFO - Started process (PID=1134) to work on /home/airflow/.local/lib/python3.12/site-packages/airflow/example_dags/example_setup_teardown.py
[2024-12-24T18:58:56.987+0000] {processor.py:914} INFO - Processing file /home/airflow/.local/lib/python3.12/site-packages/airflow/example_dags/example_setup_teardown.py for tasks to queue
[2024-12-24T18:58:56.989+0000] {logging_mixin.py:190} INFO - [2024-12-24T18:58:56.989+0000] {dagbag.py:588} INFO - Filling up the DagBag from /home/airflow/.local/lib/python3.12/site-packages/airflow/example_dags/example_setup_teardown.py
[2024-12-24T18:58:56.998+0000] {processor.py:925} INFO - DAG(s) 'example_setup_teardown' retrieved from /home/airflow/.local/lib/python3.12/site-packages/airflow/example_dags/example_setup_teardown.py
[2024-12-24T18:58:57.020+0000] {logging_mixin.py:190} INFO - [2024-12-24T18:58:57.020+0000] {dag.py:3239} INFO - Sync 1 DAGs
[2024-12-24T18:58:57.034+0000] {logging_mixin.py:190} INFO - [2024-12-24T18:58:57.034+0000] {dag.py:4180} INFO - Setting next_dagrun for example_setup_teardown to None, run_after=None
[2024-12-24T18:58:57.059+0000] {processor.py:208} INFO - Processing /home/airflow/.local/lib/python3.12/site-packages/airflow/example_dags/example_setup_teardown.py took 0.080 seconds
[2024-12-24T18:59:27.512+0000] {processor.py:186} INFO - Started process (PID=1196) to work on /home/airflow/.local/lib/python3.12/site-packages/airflow/example_dags/example_setup_teardown.py
[2024-12-24T18:59:27.513+0000] {processor.py:914} INFO - Processing file /home/airflow/.local/lib/python3.12/site-packages/airflow/example_dags/example_setup_teardown.py for tasks to queue
[2024-12-24T18:59:27.515+0000] {logging_mixin.py:190} INFO - [2024-12-24T18:59:27.515+0000] {dagbag.py:588} INFO - Filling up the DagBag from /home/airflow/.local/lib/python3.12/site-packages/airflow/example_dags/example_setup_teardown.py
[2024-12-24T18:59:27.524+0000] {processor.py:925} INFO - DAG(s) 'example_setup_teardown' retrieved from /home/airflow/.local/lib/python3.12/site-packages/airflow/example_dags/example_setup_teardown.py
[2024-12-24T18:59:27.547+0000] {logging_mixin.py:190} INFO - [2024-12-24T18:59:27.547+0000] {dag.py:3239} INFO - Sync 1 DAGs
[2024-12-24T18:59:27.563+0000] {logging_mixin.py:190} INFO - [2024-12-24T18:59:27.562+0000] {dag.py:4180} INFO - Setting next_dagrun for example_setup_teardown to None, run_after=None
[2024-12-24T18:59:27.591+0000] {processor.py:208} INFO - Processing /home/airflow/.local/lib/python3.12/site-packages/airflow/example_dags/example_setup_teardown.py took 0.085 seconds
[2024-12-24T18:59:57.828+0000] {processor.py:186} INFO - Started process (PID=1259) to work on /home/airflow/.local/lib/python3.12/site-packages/airflow/example_dags/example_setup_teardown.py
[2024-12-24T18:59:57.830+0000] {processor.py:914} INFO - Processing file /home/airflow/.local/lib/python3.12/site-packages/airflow/example_dags/example_setup_teardown.py for tasks to queue
[2024-12-24T18:59:57.833+0000] {logging_mixin.py:190} INFO - [2024-12-24T18:59:57.832+0000] {dagbag.py:588} INFO - Filling up the DagBag from /home/airflow/.local/lib/python3.12/site-packages/airflow/example_dags/example_setup_teardown.py
[2024-12-24T18:59:57.842+0000] {processor.py:925} INFO - DAG(s) 'example_setup_teardown' retrieved from /home/airflow/.local/lib/python3.12/site-packages/airflow/example_dags/example_setup_teardown.py
[2024-12-24T18:59:57.867+0000] {logging_mixin.py:190} INFO - [2024-12-24T18:59:57.867+0000] {dag.py:3239} INFO - Sync 1 DAGs
[2024-12-24T18:59:57.883+0000] {logging_mixin.py:190} INFO - [2024-12-24T18:59:57.883+0000] {dag.py:4180} INFO - Setting next_dagrun for example_setup_teardown to None, run_after=None
[2024-12-24T18:59:57.912+0000] {processor.py:208} INFO - Processing /home/airflow/.local/lib/python3.12/site-packages/airflow/example_dags/example_setup_teardown.py took 0.091 seconds
[2024-12-24T19:00:28.356+0000] {processor.py:186} INFO - Started process (PID=1321) to work on /home/airflow/.local/lib/python3.12/site-packages/airflow/example_dags/example_setup_teardown.py
[2024-12-24T19:00:28.357+0000] {processor.py:914} INFO - Processing file /home/airflow/.local/lib/python3.12/site-packages/airflow/example_dags/example_setup_teardown.py for tasks to queue
[2024-12-24T19:00:28.360+0000] {logging_mixin.py:190} INFO - [2024-12-24T19:00:28.360+0000] {dagbag.py:588} INFO - Filling up the DagBag from /home/airflow/.local/lib/python3.12/site-packages/airflow/example_dags/example_setup_teardown.py
[2024-12-24T19:00:28.369+0000] {processor.py:925} INFO - DAG(s) 'example_setup_teardown' retrieved from /home/airflow/.local/lib/python3.12/site-packages/airflow/example_dags/example_setup_teardown.py
[2024-12-24T19:00:28.395+0000] {logging_mixin.py:190} INFO - [2024-12-24T19:00:28.395+0000] {dag.py:3239} INFO - Sync 1 DAGs
[2024-12-24T19:00:28.411+0000] {logging_mixin.py:190} INFO - [2024-12-24T19:00:28.410+0000] {dag.py:4180} INFO - Setting next_dagrun for example_setup_teardown to None, run_after=None
[2024-12-24T19:00:28.440+0000] {processor.py:208} INFO - Processing /home/airflow/.local/lib/python3.12/site-packages/airflow/example_dags/example_setup_teardown.py took 0.090 seconds
[2024-12-24T19:00:58.998+0000] {processor.py:186} INFO - Started process (PID=1384) to work on /home/airflow/.local/lib/python3.12/site-packages/airflow/example_dags/example_setup_teardown.py
[2024-12-24T19:00:59.000+0000] {processor.py:914} INFO - Processing file /home/airflow/.local/lib/python3.12/site-packages/airflow/example_dags/example_setup_teardown.py for tasks to queue
[2024-12-24T19:00:59.003+0000] {logging_mixin.py:190} INFO - [2024-12-24T19:00:59.003+0000] {dagbag.py:588} INFO - Filling up the DagBag from /home/airflow/.local/lib/python3.12/site-packages/airflow/example_dags/example_setup_teardown.py
[2024-12-24T19:00:59.013+0000] {processor.py:925} INFO - DAG(s) 'example_setup_teardown' retrieved from /home/airflow/.local/lib/python3.12/site-packages/airflow/example_dags/example_setup_teardown.py
[2024-12-24T19:00:59.040+0000] {logging_mixin.py:190} INFO - [2024-12-24T19:00:59.040+0000] {dag.py:3239} INFO - Sync 1 DAGs
[2024-12-24T19:00:59.056+0000] {logging_mixin.py:190} INFO - [2024-12-24T19:00:59.056+0000] {dag.py:4180} INFO - Setting next_dagrun for example_setup_teardown to None, run_after=None
[2024-12-24T19:00:59.085+0000] {processor.py:208} INFO - Processing /home/airflow/.local/lib/python3.12/site-packages/airflow/example_dags/example_setup_teardown.py took 0.093 seconds
[2024-12-24T19:01:29.675+0000] {processor.py:186} INFO - Started process (PID=1446) to work on /home/airflow/.local/lib/python3.12/site-packages/airflow/example_dags/example_setup_teardown.py
[2024-12-24T19:01:29.676+0000] {processor.py:914} INFO - Processing file /home/airflow/.local/lib/python3.12/site-packages/airflow/example_dags/example_setup_teardown.py for tasks to queue
[2024-12-24T19:01:29.679+0000] {logging_mixin.py:190} INFO - [2024-12-24T19:01:29.679+0000] {dagbag.py:588} INFO - Filling up the DagBag from /home/airflow/.local/lib/python3.12/site-packages/airflow/example_dags/example_setup_teardown.py
[2024-12-24T19:01:29.688+0000] {processor.py:925} INFO - DAG(s) 'example_setup_teardown' retrieved from /home/airflow/.local/lib/python3.12/site-packages/airflow/example_dags/example_setup_teardown.py
[2024-12-24T19:01:29.710+0000] {logging_mixin.py:190} INFO - [2024-12-24T19:01:29.710+0000] {dag.py:3239} INFO - Sync 1 DAGs
[2024-12-24T19:01:29.725+0000] {logging_mixin.py:190} INFO - [2024-12-24T19:01:29.725+0000] {dag.py:4180} INFO - Setting next_dagrun for example_setup_teardown to None, run_after=None
[2024-12-24T19:01:29.751+0000] {processor.py:208} INFO - Processing /home/airflow/.local/lib/python3.12/site-packages/airflow/example_dags/example_setup_teardown.py took 0.082 seconds
[2024-12-24T19:02:00.596+0000] {processor.py:186} INFO - Started process (PID=1515) to work on /home/airflow/.local/lib/python3.12/site-packages/airflow/example_dags/example_setup_teardown.py
[2024-12-24T19:02:00.597+0000] {processor.py:914} INFO - Processing file /home/airflow/.local/lib/python3.12/site-packages/airflow/example_dags/example_setup_teardown.py for tasks to queue
[2024-12-24T19:02:00.600+0000] {logging_mixin.py:190} INFO - [2024-12-24T19:02:00.600+0000] {dagbag.py:588} INFO - Filling up the DagBag from /home/airflow/.local/lib/python3.12/site-packages/airflow/example_dags/example_setup_teardown.py
[2024-12-24T19:02:00.612+0000] {processor.py:925} INFO - DAG(s) 'example_setup_teardown' retrieved from /home/airflow/.local/lib/python3.12/site-packages/airflow/example_dags/example_setup_teardown.py
[2024-12-24T19:02:00.637+0000] {logging_mixin.py:190} INFO - [2024-12-24T19:02:00.637+0000] {dag.py:3239} INFO - Sync 1 DAGs
[2024-12-24T19:02:00.654+0000] {logging_mixin.py:190} INFO - [2024-12-24T19:02:00.654+0000] {dag.py:4180} INFO - Setting next_dagrun for example_setup_teardown to None, run_after=None
[2024-12-24T19:02:00.683+0000] {processor.py:208} INFO - Processing /home/airflow/.local/lib/python3.12/site-packages/airflow/example_dags/example_setup_teardown.py took 0.094 seconds
[2024-12-24T19:02:31.132+0000] {processor.py:186} INFO - Started process (PID=1577) to work on /home/airflow/.local/lib/python3.12/site-packages/airflow/example_dags/example_setup_teardown.py
[2024-12-24T19:02:31.134+0000] {processor.py:914} INFO - Processing file /home/airflow/.local/lib/python3.12/site-packages/airflow/example_dags/example_setup_teardown.py for tasks to queue
[2024-12-24T19:02:31.136+0000] {logging_mixin.py:190} INFO - [2024-12-24T19:02:31.136+0000] {dagbag.py:588} INFO - Filling up the DagBag from /home/airflow/.local/lib/python3.12/site-packages/airflow/example_dags/example_setup_teardown.py
[2024-12-24T19:02:31.145+0000] {processor.py:925} INFO - DAG(s) 'example_setup_teardown' retrieved from /home/airflow/.local/lib/python3.12/site-packages/airflow/example_dags/example_setup_teardown.py
[2024-12-24T19:02:31.169+0000] {logging_mixin.py:190} INFO - [2024-12-24T19:02:31.169+0000] {dag.py:3239} INFO - Sync 1 DAGs
[2024-12-24T19:02:31.192+0000] {logging_mixin.py:190} INFO - [2024-12-24T19:02:31.192+0000] {dag.py:4180} INFO - Setting next_dagrun for example_setup_teardown to None, run_after=None
[2024-12-24T19:02:31.221+0000] {processor.py:208} INFO - Processing /home/airflow/.local/lib/python3.12/site-packages/airflow/example_dags/example_setup_teardown.py took 0.094 seconds
[2024-12-24T19:03:03.299+0000] {processor.py:186} INFO - Started process (PID=1640) to work on /home/airflow/.local/lib/python3.12/site-packages/airflow/example_dags/example_setup_teardown.py
[2024-12-24T19:03:03.301+0000] {processor.py:914} INFO - Processing file /home/airflow/.local/lib/python3.12/site-packages/airflow/example_dags/example_setup_teardown.py for tasks to queue
[2024-12-24T19:03:03.308+0000] {logging_mixin.py:190} INFO - [2024-12-24T19:03:03.307+0000] {dagbag.py:588} INFO - Filling up the DagBag from /home/airflow/.local/lib/python3.12/site-packages/airflow/example_dags/example_setup_teardown.py
[2024-12-24T19:03:03.326+0000] {processor.py:925} INFO - DAG(s) 'example_setup_teardown' retrieved from /home/airflow/.local/lib/python3.12/site-packages/airflow/example_dags/example_setup_teardown.py
[2024-12-24T19:03:03.376+0000] {logging_mixin.py:190} INFO - [2024-12-24T19:03:03.375+0000] {dag.py:3239} INFO - Sync 1 DAGs
[2024-12-24T19:03:03.400+0000] {logging_mixin.py:190} INFO - [2024-12-24T19:03:03.400+0000] {dag.py:4180} INFO - Setting next_dagrun for example_setup_teardown to None, run_after=None
[2024-12-24T19:03:03.443+0000] {processor.py:208} INFO - Processing /home/airflow/.local/lib/python3.12/site-packages/airflow/example_dags/example_setup_teardown.py took 0.154 seconds
[2024-12-24T19:03:33.660+0000] {processor.py:186} INFO - Started process (PID=1703) to work on /home/airflow/.local/lib/python3.12/site-packages/airflow/example_dags/example_setup_teardown.py
[2024-12-24T19:03:33.662+0000] {processor.py:914} INFO - Processing file /home/airflow/.local/lib/python3.12/site-packages/airflow/example_dags/example_setup_teardown.py for tasks to queue
[2024-12-24T19:03:33.664+0000] {logging_mixin.py:190} INFO - [2024-12-24T19:03:33.664+0000] {dagbag.py:588} INFO - Filling up the DagBag from /home/airflow/.local/lib/python3.12/site-packages/airflow/example_dags/example_setup_teardown.py
[2024-12-24T19:03:33.673+0000] {processor.py:925} INFO - DAG(s) 'example_setup_teardown' retrieved from /home/airflow/.local/lib/python3.12/site-packages/airflow/example_dags/example_setup_teardown.py
[2024-12-24T19:03:33.697+0000] {logging_mixin.py:190} INFO - [2024-12-24T19:03:33.697+0000] {dag.py:3239} INFO - Sync 1 DAGs
[2024-12-24T19:03:33.712+0000] {logging_mixin.py:190} INFO - [2024-12-24T19:03:33.711+0000] {dag.py:4180} INFO - Setting next_dagrun for example_setup_teardown to None, run_after=None
[2024-12-24T19:03:33.737+0000] {processor.py:208} INFO - Processing /home/airflow/.local/lib/python3.12/site-packages/airflow/example_dags/example_setup_teardown.py took 0.082 seconds
[2024-12-24T19:04:04.496+0000] {processor.py:186} INFO - Started process (PID=1766) to work on /home/airflow/.local/lib/python3.12/site-packages/airflow/example_dags/example_setup_teardown.py
[2024-12-24T19:04:04.497+0000] {processor.py:914} INFO - Processing file /home/airflow/.local/lib/python3.12/site-packages/airflow/example_dags/example_setup_teardown.py for tasks to queue
[2024-12-24T19:04:04.500+0000] {logging_mixin.py:190} INFO - [2024-12-24T19:04:04.500+0000] {dagbag.py:588} INFO - Filling up the DagBag from /home/airflow/.local/lib/python3.12/site-packages/airflow/example_dags/example_setup_teardown.py
[2024-12-24T19:04:04.509+0000] {processor.py:925} INFO - DAG(s) 'example_setup_teardown' retrieved from /home/airflow/.local/lib/python3.12/site-packages/airflow/example_dags/example_setup_teardown.py
[2024-12-24T19:04:04.532+0000] {logging_mixin.py:190} INFO - [2024-12-24T19:04:04.531+0000] {dag.py:3239} INFO - Sync 1 DAGs
[2024-12-24T19:04:04.547+0000] {logging_mixin.py:190} INFO - [2024-12-24T19:04:04.547+0000] {dag.py:4180} INFO - Setting next_dagrun for example_setup_teardown to None, run_after=None
[2024-12-24T19:04:04.574+0000] {processor.py:208} INFO - Processing /home/airflow/.local/lib/python3.12/site-packages/airflow/example_dags/example_setup_teardown.py took 0.084 seconds
[2024-12-24T19:04:35.182+0000] {processor.py:186} INFO - Started process (PID=1829) to work on /home/airflow/.local/lib/python3.12/site-packages/airflow/example_dags/example_setup_teardown.py
[2024-12-24T19:04:35.184+0000] {processor.py:914} INFO - Processing file /home/airflow/.local/lib/python3.12/site-packages/airflow/example_dags/example_setup_teardown.py for tasks to queue
[2024-12-24T19:04:35.186+0000] {logging_mixin.py:190} INFO - [2024-12-24T19:04:35.186+0000] {dagbag.py:588} INFO - Filling up the DagBag from /home/airflow/.local/lib/python3.12/site-packages/airflow/example_dags/example_setup_teardown.py
[2024-12-24T19:04:35.198+0000] {processor.py:925} INFO - DAG(s) 'example_setup_teardown' retrieved from /home/airflow/.local/lib/python3.12/site-packages/airflow/example_dags/example_setup_teardown.py
[2024-12-24T19:04:35.227+0000] {logging_mixin.py:190} INFO - [2024-12-24T19:04:35.227+0000] {dag.py:3239} INFO - Sync 1 DAGs
[2024-12-24T19:04:35.247+0000] {logging_mixin.py:190} INFO - [2024-12-24T19:04:35.246+0000] {dag.py:4180} INFO - Setting next_dagrun for example_setup_teardown to None, run_after=None
[2024-12-24T19:04:35.274+0000] {processor.py:208} INFO - Processing /home/airflow/.local/lib/python3.12/site-packages/airflow/example_dags/example_setup_teardown.py took 0.098 seconds
[2024-12-24T19:05:05.368+0000] {processor.py:186} INFO - Started process (PID=1892) to work on /home/airflow/.local/lib/python3.12/site-packages/airflow/example_dags/example_setup_teardown.py
[2024-12-24T19:05:05.369+0000] {processor.py:914} INFO - Processing file /home/airflow/.local/lib/python3.12/site-packages/airflow/example_dags/example_setup_teardown.py for tasks to queue
[2024-12-24T19:05:05.372+0000] {logging_mixin.py:190} INFO - [2024-12-24T19:05:05.372+0000] {dagbag.py:588} INFO - Filling up the DagBag from /home/airflow/.local/lib/python3.12/site-packages/airflow/example_dags/example_setup_teardown.py
[2024-12-24T19:05:05.385+0000] {processor.py:925} INFO - DAG(s) 'example_setup_teardown' retrieved from /home/airflow/.local/lib/python3.12/site-packages/airflow/example_dags/example_setup_teardown.py
[2024-12-24T19:05:05.412+0000] {logging_mixin.py:190} INFO - [2024-12-24T19:05:05.412+0000] {dag.py:3239} INFO - Sync 1 DAGs
[2024-12-24T19:05:05.429+0000] {logging_mixin.py:190} INFO - [2024-12-24T19:05:05.428+0000] {dag.py:4180} INFO - Setting next_dagrun for example_setup_teardown to None, run_after=None
[2024-12-24T19:05:05.461+0000] {processor.py:208} INFO - Processing /home/airflow/.local/lib/python3.12/site-packages/airflow/example_dags/example_setup_teardown.py took 0.099 seconds
[2024-12-24T19:05:35.938+0000] {processor.py:186} INFO - Started process (PID=1954) to work on /home/airflow/.local/lib/python3.12/site-packages/airflow/example_dags/example_setup_teardown.py
[2024-12-24T19:05:35.940+0000] {processor.py:914} INFO - Processing file /home/airflow/.local/lib/python3.12/site-packages/airflow/example_dags/example_setup_teardown.py for tasks to queue
[2024-12-24T19:05:35.943+0000] {logging_mixin.py:190} INFO - [2024-12-24T19:05:35.943+0000] {dagbag.py:588} INFO - Filling up the DagBag from /home/airflow/.local/lib/python3.12/site-packages/airflow/example_dags/example_setup_teardown.py
[2024-12-24T19:05:35.952+0000] {processor.py:925} INFO - DAG(s) 'example_setup_teardown' retrieved from /home/airflow/.local/lib/python3.12/site-packages/airflow/example_dags/example_setup_teardown.py
[2024-12-24T19:05:35.977+0000] {logging_mixin.py:190} INFO - [2024-12-24T19:05:35.976+0000] {dag.py:3239} INFO - Sync 1 DAGs
[2024-12-24T19:05:35.994+0000] {logging_mixin.py:190} INFO - [2024-12-24T19:05:35.994+0000] {dag.py:4180} INFO - Setting next_dagrun for example_setup_teardown to None, run_after=None
[2024-12-24T19:05:36.020+0000] {processor.py:208} INFO - Processing /home/airflow/.local/lib/python3.12/site-packages/airflow/example_dags/example_setup_teardown.py took 0.088 seconds
[2024-12-24T19:06:06.106+0000] {processor.py:186} INFO - Started process (PID=2017) to work on /home/airflow/.local/lib/python3.12/site-packages/airflow/example_dags/example_setup_teardown.py
[2024-12-24T19:06:06.107+0000] {processor.py:914} INFO - Processing file /home/airflow/.local/lib/python3.12/site-packages/airflow/example_dags/example_setup_teardown.py for tasks to queue
[2024-12-24T19:06:06.110+0000] {logging_mixin.py:190} INFO - [2024-12-24T19:06:06.110+0000] {dagbag.py:588} INFO - Filling up the DagBag from /home/airflow/.local/lib/python3.12/site-packages/airflow/example_dags/example_setup_teardown.py
[2024-12-24T19:06:06.120+0000] {processor.py:925} INFO - DAG(s) 'example_setup_teardown' retrieved from /home/airflow/.local/lib/python3.12/site-packages/airflow/example_dags/example_setup_teardown.py
[2024-12-24T19:06:06.146+0000] {logging_mixin.py:190} INFO - [2024-12-24T19:06:06.145+0000] {dag.py:3239} INFO - Sync 1 DAGs
[2024-12-24T19:06:06.163+0000] {logging_mixin.py:190} INFO - [2024-12-24T19:06:06.163+0000] {dag.py:4180} INFO - Setting next_dagrun for example_setup_teardown to None, run_after=None
[2024-12-24T19:06:06.190+0000] {processor.py:208} INFO - Processing /home/airflow/.local/lib/python3.12/site-packages/airflow/example_dags/example_setup_teardown.py took 0.090 seconds
[2024-12-24T19:06:36.470+0000] {processor.py:186} INFO - Started process (PID=2080) to work on /home/airflow/.local/lib/python3.12/site-packages/airflow/example_dags/example_setup_teardown.py
[2024-12-24T19:06:36.472+0000] {processor.py:914} INFO - Processing file /home/airflow/.local/lib/python3.12/site-packages/airflow/example_dags/example_setup_teardown.py for tasks to queue
[2024-12-24T19:06:36.477+0000] {logging_mixin.py:190} INFO - [2024-12-24T19:06:36.476+0000] {dagbag.py:588} INFO - Filling up the DagBag from /home/airflow/.local/lib/python3.12/site-packages/airflow/example_dags/example_setup_teardown.py
[2024-12-24T19:06:36.487+0000] {processor.py:925} INFO - DAG(s) 'example_setup_teardown' retrieved from /home/airflow/.local/lib/python3.12/site-packages/airflow/example_dags/example_setup_teardown.py
[2024-12-24T19:06:36.512+0000] {logging_mixin.py:190} INFO - [2024-12-24T19:06:36.511+0000] {dag.py:3239} INFO - Sync 1 DAGs
[2024-12-24T19:06:36.528+0000] {logging_mixin.py:190} INFO - [2024-12-24T19:06:36.528+0000] {dag.py:4180} INFO - Setting next_dagrun for example_setup_teardown to None, run_after=None
[2024-12-24T19:06:36.554+0000] {processor.py:208} INFO - Processing /home/airflow/.local/lib/python3.12/site-packages/airflow/example_dags/example_setup_teardown.py took 0.091 seconds
[2024-12-24T19:07:07.188+0000] {processor.py:186} INFO - Started process (PID=2143) to work on /home/airflow/.local/lib/python3.12/site-packages/airflow/example_dags/example_setup_teardown.py
[2024-12-24T19:07:07.189+0000] {processor.py:914} INFO - Processing file /home/airflow/.local/lib/python3.12/site-packages/airflow/example_dags/example_setup_teardown.py for tasks to queue
[2024-12-24T19:07:07.192+0000] {logging_mixin.py:190} INFO - [2024-12-24T19:07:07.192+0000] {dagbag.py:588} INFO - Filling up the DagBag from /home/airflow/.local/lib/python3.12/site-packages/airflow/example_dags/example_setup_teardown.py
[2024-12-24T19:07:07.201+0000] {processor.py:925} INFO - DAG(s) 'example_setup_teardown' retrieved from /home/airflow/.local/lib/python3.12/site-packages/airflow/example_dags/example_setup_teardown.py
[2024-12-24T19:07:07.226+0000] {logging_mixin.py:190} INFO - [2024-12-24T19:07:07.226+0000] {dag.py:3239} INFO - Sync 1 DAGs
[2024-12-24T19:07:07.241+0000] {logging_mixin.py:190} INFO - [2024-12-24T19:07:07.241+0000] {dag.py:4180} INFO - Setting next_dagrun for example_setup_teardown to None, run_after=None
[2024-12-24T19:07:07.272+0000] {processor.py:208} INFO - Processing /home/airflow/.local/lib/python3.12/site-packages/airflow/example_dags/example_setup_teardown.py took 0.089 seconds
[2024-12-24T19:07:38.133+0000] {processor.py:186} INFO - Started process (PID=2206) to work on /home/airflow/.local/lib/python3.12/site-packages/airflow/example_dags/example_setup_teardown.py
[2024-12-24T19:07:38.134+0000] {processor.py:914} INFO - Processing file /home/airflow/.local/lib/python3.12/site-packages/airflow/example_dags/example_setup_teardown.py for tasks to queue
[2024-12-24T19:07:38.137+0000] {logging_mixin.py:190} INFO - [2024-12-24T19:07:38.137+0000] {dagbag.py:588} INFO - Filling up the DagBag from /home/airflow/.local/lib/python3.12/site-packages/airflow/example_dags/example_setup_teardown.py
[2024-12-24T19:07:38.147+0000] {processor.py:925} INFO - DAG(s) 'example_setup_teardown' retrieved from /home/airflow/.local/lib/python3.12/site-packages/airflow/example_dags/example_setup_teardown.py
[2024-12-24T19:07:38.170+0000] {logging_mixin.py:190} INFO - [2024-12-24T19:07:38.170+0000] {dag.py:3239} INFO - Sync 1 DAGs
[2024-12-24T19:07:38.188+0000] {logging_mixin.py:190} INFO - [2024-12-24T19:07:38.187+0000] {dag.py:4180} INFO - Setting next_dagrun for example_setup_teardown to None, run_after=None
[2024-12-24T19:07:38.216+0000] {processor.py:208} INFO - Processing /home/airflow/.local/lib/python3.12/site-packages/airflow/example_dags/example_setup_teardown.py took 0.090 seconds
[2024-12-24T19:08:08.944+0000] {processor.py:186} INFO - Started process (PID=2269) to work on /home/airflow/.local/lib/python3.12/site-packages/airflow/example_dags/example_setup_teardown.py
[2024-12-24T19:08:08.946+0000] {processor.py:914} INFO - Processing file /home/airflow/.local/lib/python3.12/site-packages/airflow/example_dags/example_setup_teardown.py for tasks to queue
[2024-12-24T19:08:08.948+0000] {logging_mixin.py:190} INFO - [2024-12-24T19:08:08.948+0000] {dagbag.py:588} INFO - Filling up the DagBag from /home/airflow/.local/lib/python3.12/site-packages/airflow/example_dags/example_setup_teardown.py
[2024-12-24T19:08:08.958+0000] {processor.py:925} INFO - DAG(s) 'example_setup_teardown' retrieved from /home/airflow/.local/lib/python3.12/site-packages/airflow/example_dags/example_setup_teardown.py
[2024-12-24T19:08:08.984+0000] {logging_mixin.py:190} INFO - [2024-12-24T19:08:08.984+0000] {dag.py:3239} INFO - Sync 1 DAGs
[2024-12-24T19:08:08.999+0000] {logging_mixin.py:190} INFO - [2024-12-24T19:08:08.998+0000] {dag.py:4180} INFO - Setting next_dagrun for example_setup_teardown to None, run_after=None
[2024-12-24T19:08:09.025+0000] {processor.py:208} INFO - Processing /home/airflow/.local/lib/python3.12/site-packages/airflow/example_dags/example_setup_teardown.py took 0.087 seconds
[2024-12-24T19:08:39.473+0000] {processor.py:186} INFO - Started process (PID=2332) to work on /home/airflow/.local/lib/python3.12/site-packages/airflow/example_dags/example_setup_teardown.py
[2024-12-24T19:08:39.475+0000] {processor.py:914} INFO - Processing file /home/airflow/.local/lib/python3.12/site-packages/airflow/example_dags/example_setup_teardown.py for tasks to queue
[2024-12-24T19:08:39.479+0000] {logging_mixin.py:190} INFO - [2024-12-24T19:08:39.478+0000] {dagbag.py:588} INFO - Filling up the DagBag from /home/airflow/.local/lib/python3.12/site-packages/airflow/example_dags/example_setup_teardown.py
[2024-12-24T19:08:39.489+0000] {processor.py:925} INFO - DAG(s) 'example_setup_teardown' retrieved from /home/airflow/.local/lib/python3.12/site-packages/airflow/example_dags/example_setup_teardown.py
[2024-12-24T19:08:39.516+0000] {logging_mixin.py:190} INFO - [2024-12-24T19:08:39.516+0000] {dag.py:3239} INFO - Sync 1 DAGs
[2024-12-24T19:08:39.532+0000] {logging_mixin.py:190} INFO - [2024-12-24T19:08:39.531+0000] {dag.py:4180} INFO - Setting next_dagrun for example_setup_teardown to None, run_after=None
[2024-12-24T19:08:39.559+0000] {processor.py:208} INFO - Processing /home/airflow/.local/lib/python3.12/site-packages/airflow/example_dags/example_setup_teardown.py took 0.092 seconds
