[2024-12-24T18:50:27.555+0000] {processor.py:186} INFO - Started process (PID=79) to work on /home/airflow/.local/lib/python3.12/site-packages/airflow/example_dags/example_short_circuit_decorator.py
[2024-12-24T18:50:27.556+0000] {processor.py:914} INFO - Processing file /home/airflow/.local/lib/python3.12/site-packages/airflow/example_dags/example_short_circuit_decorator.py for tasks to queue
[2024-12-24T18:50:27.558+0000] {logging_mixin.py:190} INFO - [2024-12-24T18:50:27.558+0000] {dagbag.py:588} INFO - Filling up the DagBag from /home/airflow/.local/lib/python3.12/site-packages/airflow/example_dags/example_short_circuit_decorator.py
[2024-12-24T18:50:27.569+0000] {processor.py:925} INFO - DAG(s) 'example_short_circuit_decorator' retrieved from /home/airflow/.local/lib/python3.12/site-packages/airflow/example_dags/example_short_circuit_decorator.py
[2024-12-24T18:50:27.602+0000] {logging_mixin.py:190} INFO - [2024-12-24T18:50:27.602+0000] {dag.py:3239} INFO - Sync 1 DAGs
[2024-12-24T18:50:27.617+0000] {logging_mixin.py:190} INFO - [2024-12-24T18:50:27.617+0000] {dag.py:4180} INFO - Setting next_dagrun for example_short_circuit_decorator to None, run_after=None
[2024-12-24T18:50:27.642+0000] {processor.py:208} INFO - Processing /home/airflow/.local/lib/python3.12/site-packages/airflow/example_dags/example_short_circuit_decorator.py took 0.093 seconds
[2024-12-24T18:50:57.762+0000] {processor.py:186} INFO - Started process (PID=141) to work on /home/airflow/.local/lib/python3.12/site-packages/airflow/example_dags/example_short_circuit_decorator.py
[2024-12-24T18:50:57.764+0000] {processor.py:914} INFO - Processing file /home/airflow/.local/lib/python3.12/site-packages/airflow/example_dags/example_short_circuit_decorator.py for tasks to queue
[2024-12-24T18:50:57.766+0000] {logging_mixin.py:190} INFO - [2024-12-24T18:50:57.766+0000] {dagbag.py:588} INFO - Filling up the DagBag from /home/airflow/.local/lib/python3.12/site-packages/airflow/example_dags/example_short_circuit_decorator.py
[2024-12-24T18:50:57.777+0000] {processor.py:925} INFO - DAG(s) 'example_short_circuit_decorator' retrieved from /home/airflow/.local/lib/python3.12/site-packages/airflow/example_dags/example_short_circuit_decorator.py
[2024-12-24T18:50:57.806+0000] {logging_mixin.py:190} INFO - [2024-12-24T18:50:57.805+0000] {dag.py:3239} INFO - Sync 1 DAGs
[2024-12-24T18:50:57.821+0000] {logging_mixin.py:190} INFO - [2024-12-24T18:50:57.820+0000] {dag.py:4180} INFO - Setting next_dagrun for example_short_circuit_decorator to None, run_after=None
[2024-12-24T18:50:57.847+0000] {processor.py:208} INFO - Processing /home/airflow/.local/lib/python3.12/site-packages/airflow/example_dags/example_short_circuit_decorator.py took 0.091 seconds
[2024-12-24T18:51:28.343+0000] {processor.py:186} INFO - Started process (PID=205) to work on /home/airflow/.local/lib/python3.12/site-packages/airflow/example_dags/example_short_circuit_decorator.py
[2024-12-24T18:51:28.345+0000] {processor.py:914} INFO - Processing file /home/airflow/.local/lib/python3.12/site-packages/airflow/example_dags/example_short_circuit_decorator.py for tasks to queue
[2024-12-24T18:51:28.348+0000] {logging_mixin.py:190} INFO - [2024-12-24T18:51:28.347+0000] {dagbag.py:588} INFO - Filling up the DagBag from /home/airflow/.local/lib/python3.12/site-packages/airflow/example_dags/example_short_circuit_decorator.py
[2024-12-24T18:51:28.360+0000] {processor.py:925} INFO - DAG(s) 'example_short_circuit_decorator' retrieved from /home/airflow/.local/lib/python3.12/site-packages/airflow/example_dags/example_short_circuit_decorator.py
[2024-12-24T18:51:28.389+0000] {logging_mixin.py:190} INFO - [2024-12-24T18:51:28.388+0000] {dag.py:3239} INFO - Sync 1 DAGs
[2024-12-24T18:51:28.406+0000] {logging_mixin.py:190} INFO - [2024-12-24T18:51:28.406+0000] {dag.py:4180} INFO - Setting next_dagrun for example_short_circuit_decorator to None, run_after=None
[2024-12-24T18:51:28.432+0000] {processor.py:208} INFO - Processing /home/airflow/.local/lib/python3.12/site-packages/airflow/example_dags/example_short_circuit_decorator.py took 0.095 seconds
[2024-12-24T18:51:58.909+0000] {processor.py:186} INFO - Started process (PID=269) to work on /home/airflow/.local/lib/python3.12/site-packages/airflow/example_dags/example_short_circuit_decorator.py
[2024-12-24T18:51:58.911+0000] {processor.py:914} INFO - Processing file /home/airflow/.local/lib/python3.12/site-packages/airflow/example_dags/example_short_circuit_decorator.py for tasks to queue
[2024-12-24T18:51:58.914+0000] {logging_mixin.py:190} INFO - [2024-12-24T18:51:58.914+0000] {dagbag.py:588} INFO - Filling up the DagBag from /home/airflow/.local/lib/python3.12/site-packages/airflow/example_dags/example_short_circuit_decorator.py
[2024-12-24T18:51:58.926+0000] {processor.py:925} INFO - DAG(s) 'example_short_circuit_decorator' retrieved from /home/airflow/.local/lib/python3.12/site-packages/airflow/example_dags/example_short_circuit_decorator.py
[2024-12-24T18:51:58.956+0000] {logging_mixin.py:190} INFO - [2024-12-24T18:51:58.956+0000] {dag.py:3239} INFO - Sync 1 DAGs
[2024-12-24T18:51:58.974+0000] {logging_mixin.py:190} INFO - [2024-12-24T18:51:58.974+0000] {dag.py:4180} INFO - Setting next_dagrun for example_short_circuit_decorator to None, run_after=None
[2024-12-24T18:51:59.004+0000] {processor.py:208} INFO - Processing /home/airflow/.local/lib/python3.12/site-packages/airflow/example_dags/example_short_circuit_decorator.py took 0.101 seconds
[2024-12-24T18:52:29.486+0000] {processor.py:186} INFO - Started process (PID=332) to work on /home/airflow/.local/lib/python3.12/site-packages/airflow/example_dags/example_short_circuit_decorator.py
[2024-12-24T18:52:29.488+0000] {processor.py:914} INFO - Processing file /home/airflow/.local/lib/python3.12/site-packages/airflow/example_dags/example_short_circuit_decorator.py for tasks to queue
[2024-12-24T18:52:29.490+0000] {logging_mixin.py:190} INFO - [2024-12-24T18:52:29.490+0000] {dagbag.py:588} INFO - Filling up the DagBag from /home/airflow/.local/lib/python3.12/site-packages/airflow/example_dags/example_short_circuit_decorator.py
[2024-12-24T18:52:29.503+0000] {processor.py:925} INFO - DAG(s) 'example_short_circuit_decorator' retrieved from /home/airflow/.local/lib/python3.12/site-packages/airflow/example_dags/example_short_circuit_decorator.py
[2024-12-24T18:52:29.534+0000] {logging_mixin.py:190} INFO - [2024-12-24T18:52:29.534+0000] {dag.py:3239} INFO - Sync 1 DAGs
[2024-12-24T18:52:29.553+0000] {logging_mixin.py:190} INFO - [2024-12-24T18:52:29.553+0000] {dag.py:4180} INFO - Setting next_dagrun for example_short_circuit_decorator to None, run_after=None
[2024-12-24T18:52:29.586+0000] {processor.py:208} INFO - Processing /home/airflow/.local/lib/python3.12/site-packages/airflow/example_dags/example_short_circuit_decorator.py took 0.108 seconds
[2024-12-24T18:52:59.689+0000] {processor.py:186} INFO - Started process (PID=395) to work on /home/airflow/.local/lib/python3.12/site-packages/airflow/example_dags/example_short_circuit_decorator.py
[2024-12-24T18:52:59.691+0000] {processor.py:914} INFO - Processing file /home/airflow/.local/lib/python3.12/site-packages/airflow/example_dags/example_short_circuit_decorator.py for tasks to queue
[2024-12-24T18:52:59.693+0000] {logging_mixin.py:190} INFO - [2024-12-24T18:52:59.693+0000] {dagbag.py:588} INFO - Filling up the DagBag from /home/airflow/.local/lib/python3.12/site-packages/airflow/example_dags/example_short_circuit_decorator.py
[2024-12-24T18:52:59.706+0000] {processor.py:925} INFO - DAG(s) 'example_short_circuit_decorator' retrieved from /home/airflow/.local/lib/python3.12/site-packages/airflow/example_dags/example_short_circuit_decorator.py
[2024-12-24T18:52:59.732+0000] {logging_mixin.py:190} INFO - [2024-12-24T18:52:59.731+0000] {dag.py:3239} INFO - Sync 1 DAGs
[2024-12-24T18:52:59.748+0000] {logging_mixin.py:190} INFO - [2024-12-24T18:52:59.747+0000] {dag.py:4180} INFO - Setting next_dagrun for example_short_circuit_decorator to None, run_after=None
[2024-12-24T18:52:59.773+0000] {processor.py:208} INFO - Processing /home/airflow/.local/lib/python3.12/site-packages/airflow/example_dags/example_short_circuit_decorator.py took 0.091 seconds
[2024-12-24T18:53:30.495+0000] {processor.py:186} INFO - Started process (PID=458) to work on /home/airflow/.local/lib/python3.12/site-packages/airflow/example_dags/example_short_circuit_decorator.py
[2024-12-24T18:53:30.496+0000] {processor.py:914} INFO - Processing file /home/airflow/.local/lib/python3.12/site-packages/airflow/example_dags/example_short_circuit_decorator.py for tasks to queue
[2024-12-24T18:53:30.498+0000] {logging_mixin.py:190} INFO - [2024-12-24T18:53:30.498+0000] {dagbag.py:588} INFO - Filling up the DagBag from /home/airflow/.local/lib/python3.12/site-packages/airflow/example_dags/example_short_circuit_decorator.py
[2024-12-24T18:53:30.509+0000] {processor.py:925} INFO - DAG(s) 'example_short_circuit_decorator' retrieved from /home/airflow/.local/lib/python3.12/site-packages/airflow/example_dags/example_short_circuit_decorator.py
[2024-12-24T18:53:30.536+0000] {logging_mixin.py:190} INFO - [2024-12-24T18:53:30.535+0000] {dag.py:3239} INFO - Sync 1 DAGs
[2024-12-24T18:53:30.552+0000] {logging_mixin.py:190} INFO - [2024-12-24T18:53:30.552+0000] {dag.py:4180} INFO - Setting next_dagrun for example_short_circuit_decorator to None, run_after=None
[2024-12-24T18:53:30.586+0000] {processor.py:208} INFO - Processing /home/airflow/.local/lib/python3.12/site-packages/airflow/example_dags/example_short_circuit_decorator.py took 0.098 seconds
[2024-12-24T18:54:01.355+0000] {processor.py:186} INFO - Started process (PID=521) to work on /home/airflow/.local/lib/python3.12/site-packages/airflow/example_dags/example_short_circuit_decorator.py
[2024-12-24T18:54:01.358+0000] {processor.py:914} INFO - Processing file /home/airflow/.local/lib/python3.12/site-packages/airflow/example_dags/example_short_circuit_decorator.py for tasks to queue
[2024-12-24T18:54:01.363+0000] {logging_mixin.py:190} INFO - [2024-12-24T18:54:01.363+0000] {dagbag.py:588} INFO - Filling up the DagBag from /home/airflow/.local/lib/python3.12/site-packages/airflow/example_dags/example_short_circuit_decorator.py
[2024-12-24T18:54:01.376+0000] {processor.py:925} INFO - DAG(s) 'example_short_circuit_decorator' retrieved from /home/airflow/.local/lib/python3.12/site-packages/airflow/example_dags/example_short_circuit_decorator.py
[2024-12-24T18:54:01.407+0000] {logging_mixin.py:190} INFO - [2024-12-24T18:54:01.406+0000] {dag.py:3239} INFO - Sync 1 DAGs
[2024-12-24T18:54:01.423+0000] {logging_mixin.py:190} INFO - [2024-12-24T18:54:01.423+0000] {dag.py:4180} INFO - Setting next_dagrun for example_short_circuit_decorator to None, run_after=None
[2024-12-24T18:54:01.454+0000] {processor.py:208} INFO - Processing /home/airflow/.local/lib/python3.12/site-packages/airflow/example_dags/example_short_circuit_decorator.py took 0.105 seconds
[2024-12-24T18:54:32.316+0000] {processor.py:186} INFO - Started process (PID=584) to work on /home/airflow/.local/lib/python3.12/site-packages/airflow/example_dags/example_short_circuit_decorator.py
[2024-12-24T18:54:32.317+0000] {processor.py:914} INFO - Processing file /home/airflow/.local/lib/python3.12/site-packages/airflow/example_dags/example_short_circuit_decorator.py for tasks to queue
[2024-12-24T18:54:32.320+0000] {logging_mixin.py:190} INFO - [2024-12-24T18:54:32.319+0000] {dagbag.py:588} INFO - Filling up the DagBag from /home/airflow/.local/lib/python3.12/site-packages/airflow/example_dags/example_short_circuit_decorator.py
[2024-12-24T18:54:32.331+0000] {processor.py:925} INFO - DAG(s) 'example_short_circuit_decorator' retrieved from /home/airflow/.local/lib/python3.12/site-packages/airflow/example_dags/example_short_circuit_decorator.py
[2024-12-24T18:54:32.362+0000] {logging_mixin.py:190} INFO - [2024-12-24T18:54:32.361+0000] {dag.py:3239} INFO - Sync 1 DAGs
[2024-12-24T18:54:32.380+0000] {logging_mixin.py:190} INFO - [2024-12-24T18:54:32.380+0000] {dag.py:4180} INFO - Setting next_dagrun for example_short_circuit_decorator to None, run_after=None
[2024-12-24T18:54:32.410+0000] {processor.py:208} INFO - Processing /home/airflow/.local/lib/python3.12/site-packages/airflow/example_dags/example_short_circuit_decorator.py took 0.101 seconds
[2024-12-24T18:55:02.581+0000] {processor.py:186} INFO - Started process (PID=647) to work on /home/airflow/.local/lib/python3.12/site-packages/airflow/example_dags/example_short_circuit_decorator.py
[2024-12-24T18:55:02.583+0000] {processor.py:914} INFO - Processing file /home/airflow/.local/lib/python3.12/site-packages/airflow/example_dags/example_short_circuit_decorator.py for tasks to queue
[2024-12-24T18:55:02.586+0000] {logging_mixin.py:190} INFO - [2024-12-24T18:55:02.585+0000] {dagbag.py:588} INFO - Filling up the DagBag from /home/airflow/.local/lib/python3.12/site-packages/airflow/example_dags/example_short_circuit_decorator.py
[2024-12-24T18:55:02.598+0000] {processor.py:925} INFO - DAG(s) 'example_short_circuit_decorator' retrieved from /home/airflow/.local/lib/python3.12/site-packages/airflow/example_dags/example_short_circuit_decorator.py
[2024-12-24T18:55:02.627+0000] {logging_mixin.py:190} INFO - [2024-12-24T18:55:02.626+0000] {dag.py:3239} INFO - Sync 1 DAGs
[2024-12-24T18:55:02.645+0000] {logging_mixin.py:190} INFO - [2024-12-24T18:55:02.645+0000] {dag.py:4180} INFO - Setting next_dagrun for example_short_circuit_decorator to None, run_after=None
[2024-12-24T18:55:02.677+0000] {processor.py:208} INFO - Processing /home/airflow/.local/lib/python3.12/site-packages/airflow/example_dags/example_short_circuit_decorator.py took 0.102 seconds
[2024-12-24T18:55:33.324+0000] {processor.py:186} INFO - Started process (PID=710) to work on /home/airflow/.local/lib/python3.12/site-packages/airflow/example_dags/example_short_circuit_decorator.py
[2024-12-24T18:55:33.327+0000] {processor.py:914} INFO - Processing file /home/airflow/.local/lib/python3.12/site-packages/airflow/example_dags/example_short_circuit_decorator.py for tasks to queue
[2024-12-24T18:55:33.335+0000] {logging_mixin.py:190} INFO - [2024-12-24T18:55:33.334+0000] {dagbag.py:588} INFO - Filling up the DagBag from /home/airflow/.local/lib/python3.12/site-packages/airflow/example_dags/example_short_circuit_decorator.py
[2024-12-24T18:55:33.358+0000] {processor.py:925} INFO - DAG(s) 'example_short_circuit_decorator' retrieved from /home/airflow/.local/lib/python3.12/site-packages/airflow/example_dags/example_short_circuit_decorator.py
[2024-12-24T18:55:33.391+0000] {logging_mixin.py:190} INFO - [2024-12-24T18:55:33.391+0000] {dag.py:3239} INFO - Sync 1 DAGs
[2024-12-24T18:55:33.410+0000] {logging_mixin.py:190} INFO - [2024-12-24T18:55:33.409+0000] {dag.py:4180} INFO - Setting next_dagrun for example_short_circuit_decorator to None, run_after=None
[2024-12-24T18:55:33.440+0000] {processor.py:208} INFO - Processing /home/airflow/.local/lib/python3.12/site-packages/airflow/example_dags/example_short_circuit_decorator.py took 0.128 seconds
[2024-12-24T18:56:04.260+0000] {processor.py:186} INFO - Started process (PID=773) to work on /home/airflow/.local/lib/python3.12/site-packages/airflow/example_dags/example_short_circuit_decorator.py
[2024-12-24T18:56:04.261+0000] {processor.py:914} INFO - Processing file /home/airflow/.local/lib/python3.12/site-packages/airflow/example_dags/example_short_circuit_decorator.py for tasks to queue
[2024-12-24T18:56:04.264+0000] {logging_mixin.py:190} INFO - [2024-12-24T18:56:04.264+0000] {dagbag.py:588} INFO - Filling up the DagBag from /home/airflow/.local/lib/python3.12/site-packages/airflow/example_dags/example_short_circuit_decorator.py
[2024-12-24T18:56:04.274+0000] {processor.py:925} INFO - DAG(s) 'example_short_circuit_decorator' retrieved from /home/airflow/.local/lib/python3.12/site-packages/airflow/example_dags/example_short_circuit_decorator.py
[2024-12-24T18:56:04.298+0000] {logging_mixin.py:190} INFO - [2024-12-24T18:56:04.298+0000] {dag.py:3239} INFO - Sync 1 DAGs
[2024-12-24T18:56:04.312+0000] {logging_mixin.py:190} INFO - [2024-12-24T18:56:04.312+0000] {dag.py:4180} INFO - Setting next_dagrun for example_short_circuit_decorator to None, run_after=None
[2024-12-24T18:56:04.337+0000] {processor.py:208} INFO - Processing /home/airflow/.local/lib/python3.12/site-packages/airflow/example_dags/example_short_circuit_decorator.py took 0.083 seconds
[2024-12-24T18:56:35.252+0000] {processor.py:186} INFO - Started process (PID=836) to work on /home/airflow/.local/lib/python3.12/site-packages/airflow/example_dags/example_short_circuit_decorator.py
[2024-12-24T18:56:35.254+0000] {processor.py:914} INFO - Processing file /home/airflow/.local/lib/python3.12/site-packages/airflow/example_dags/example_short_circuit_decorator.py for tasks to queue
[2024-12-24T18:56:35.257+0000] {logging_mixin.py:190} INFO - [2024-12-24T18:56:35.256+0000] {dagbag.py:588} INFO - Filling up the DagBag from /home/airflow/.local/lib/python3.12/site-packages/airflow/example_dags/example_short_circuit_decorator.py
[2024-12-24T18:56:35.268+0000] {processor.py:925} INFO - DAG(s) 'example_short_circuit_decorator' retrieved from /home/airflow/.local/lib/python3.12/site-packages/airflow/example_dags/example_short_circuit_decorator.py
[2024-12-24T18:56:35.298+0000] {logging_mixin.py:190} INFO - [2024-12-24T18:56:35.297+0000] {dag.py:3239} INFO - Sync 1 DAGs
[2024-12-24T18:56:35.316+0000] {logging_mixin.py:190} INFO - [2024-12-24T18:56:35.316+0000] {dag.py:4180} INFO - Setting next_dagrun for example_short_circuit_decorator to None, run_after=None
[2024-12-24T18:56:35.348+0000] {processor.py:208} INFO - Processing /home/airflow/.local/lib/python3.12/site-packages/airflow/example_dags/example_short_circuit_decorator.py took 0.102 seconds
[2024-12-24T18:57:05.789+0000] {processor.py:186} INFO - Started process (PID=899) to work on /home/airflow/.local/lib/python3.12/site-packages/airflow/example_dags/example_short_circuit_decorator.py
[2024-12-24T18:57:05.790+0000] {processor.py:914} INFO - Processing file /home/airflow/.local/lib/python3.12/site-packages/airflow/example_dags/example_short_circuit_decorator.py for tasks to queue
[2024-12-24T18:57:05.793+0000] {logging_mixin.py:190} INFO - [2024-12-24T18:57:05.793+0000] {dagbag.py:588} INFO - Filling up the DagBag from /home/airflow/.local/lib/python3.12/site-packages/airflow/example_dags/example_short_circuit_decorator.py
[2024-12-24T18:57:05.803+0000] {processor.py:925} INFO - DAG(s) 'example_short_circuit_decorator' retrieved from /home/airflow/.local/lib/python3.12/site-packages/airflow/example_dags/example_short_circuit_decorator.py
[2024-12-24T18:57:05.829+0000] {logging_mixin.py:190} INFO - [2024-12-24T18:57:05.829+0000] {dag.py:3239} INFO - Sync 1 DAGs
[2024-12-24T18:57:05.844+0000] {logging_mixin.py:190} INFO - [2024-12-24T18:57:05.844+0000] {dag.py:4180} INFO - Setting next_dagrun for example_short_circuit_decorator to None, run_after=None
[2024-12-24T18:57:05.869+0000] {processor.py:208} INFO - Processing /home/airflow/.local/lib/python3.12/site-packages/airflow/example_dags/example_short_circuit_decorator.py took 0.086 seconds
[2024-12-24T18:57:36.209+0000] {processor.py:186} INFO - Started process (PID=962) to work on /home/airflow/.local/lib/python3.12/site-packages/airflow/example_dags/example_short_circuit_decorator.py
[2024-12-24T18:57:36.210+0000] {processor.py:914} INFO - Processing file /home/airflow/.local/lib/python3.12/site-packages/airflow/example_dags/example_short_circuit_decorator.py for tasks to queue
[2024-12-24T18:57:36.213+0000] {logging_mixin.py:190} INFO - [2024-12-24T18:57:36.212+0000] {dagbag.py:588} INFO - Filling up the DagBag from /home/airflow/.local/lib/python3.12/site-packages/airflow/example_dags/example_short_circuit_decorator.py
[2024-12-24T18:57:36.223+0000] {processor.py:925} INFO - DAG(s) 'example_short_circuit_decorator' retrieved from /home/airflow/.local/lib/python3.12/site-packages/airflow/example_dags/example_short_circuit_decorator.py
[2024-12-24T18:57:36.250+0000] {logging_mixin.py:190} INFO - [2024-12-24T18:57:36.250+0000] {dag.py:3239} INFO - Sync 1 DAGs
[2024-12-24T18:57:36.267+0000] {logging_mixin.py:190} INFO - [2024-12-24T18:57:36.266+0000] {dag.py:4180} INFO - Setting next_dagrun for example_short_circuit_decorator to None, run_after=None
[2024-12-24T18:57:36.291+0000] {processor.py:208} INFO - Processing /home/airflow/.local/lib/python3.12/site-packages/airflow/example_dags/example_short_circuit_decorator.py took 0.089 seconds
[2024-12-24T18:58:06.957+0000] {processor.py:186} INFO - Started process (PID=1025) to work on /home/airflow/.local/lib/python3.12/site-packages/airflow/example_dags/example_short_circuit_decorator.py
[2024-12-24T18:58:06.958+0000] {processor.py:914} INFO - Processing file /home/airflow/.local/lib/python3.12/site-packages/airflow/example_dags/example_short_circuit_decorator.py for tasks to queue
[2024-12-24T18:58:06.963+0000] {logging_mixin.py:190} INFO - [2024-12-24T18:58:06.962+0000] {dagbag.py:588} INFO - Filling up the DagBag from /home/airflow/.local/lib/python3.12/site-packages/airflow/example_dags/example_short_circuit_decorator.py
[2024-12-24T18:58:06.975+0000] {processor.py:925} INFO - DAG(s) 'example_short_circuit_decorator' retrieved from /home/airflow/.local/lib/python3.12/site-packages/airflow/example_dags/example_short_circuit_decorator.py
[2024-12-24T18:58:07.006+0000] {logging_mixin.py:190} INFO - [2024-12-24T18:58:07.006+0000] {dag.py:3239} INFO - Sync 1 DAGs
[2024-12-24T18:58:07.022+0000] {logging_mixin.py:190} INFO - [2024-12-24T18:58:07.022+0000] {dag.py:4180} INFO - Setting next_dagrun for example_short_circuit_decorator to None, run_after=None
[2024-12-24T18:58:07.057+0000] {processor.py:208} INFO - Processing /home/airflow/.local/lib/python3.12/site-packages/airflow/example_dags/example_short_circuit_decorator.py took 0.107 seconds
[2024-12-24T18:58:37.310+0000] {processor.py:186} INFO - Started process (PID=1088) to work on /home/airflow/.local/lib/python3.12/site-packages/airflow/example_dags/example_short_circuit_decorator.py
[2024-12-24T18:58:37.312+0000] {processor.py:914} INFO - Processing file /home/airflow/.local/lib/python3.12/site-packages/airflow/example_dags/example_short_circuit_decorator.py for tasks to queue
[2024-12-24T18:58:37.315+0000] {logging_mixin.py:190} INFO - [2024-12-24T18:58:37.314+0000] {dagbag.py:588} INFO - Filling up the DagBag from /home/airflow/.local/lib/python3.12/site-packages/airflow/example_dags/example_short_circuit_decorator.py
[2024-12-24T18:58:37.325+0000] {processor.py:925} INFO - DAG(s) 'example_short_circuit_decorator' retrieved from /home/airflow/.local/lib/python3.12/site-packages/airflow/example_dags/example_short_circuit_decorator.py
[2024-12-24T18:58:37.351+0000] {logging_mixin.py:190} INFO - [2024-12-24T18:58:37.351+0000] {dag.py:3239} INFO - Sync 1 DAGs
[2024-12-24T18:58:37.368+0000] {logging_mixin.py:190} INFO - [2024-12-24T18:58:37.368+0000] {dag.py:4180} INFO - Setting next_dagrun for example_short_circuit_decorator to None, run_after=None
[2024-12-24T18:58:37.397+0000] {processor.py:208} INFO - Processing /home/airflow/.local/lib/python3.12/site-packages/airflow/example_dags/example_short_circuit_decorator.py took 0.092 seconds
[2024-12-24T18:59:07.480+0000] {processor.py:186} INFO - Started process (PID=1151) to work on /home/airflow/.local/lib/python3.12/site-packages/airflow/example_dags/example_short_circuit_decorator.py
[2024-12-24T18:59:07.482+0000] {processor.py:914} INFO - Processing file /home/airflow/.local/lib/python3.12/site-packages/airflow/example_dags/example_short_circuit_decorator.py for tasks to queue
[2024-12-24T18:59:07.485+0000] {logging_mixin.py:190} INFO - [2024-12-24T18:59:07.484+0000] {dagbag.py:588} INFO - Filling up the DagBag from /home/airflow/.local/lib/python3.12/site-packages/airflow/example_dags/example_short_circuit_decorator.py
[2024-12-24T18:59:07.495+0000] {processor.py:925} INFO - DAG(s) 'example_short_circuit_decorator' retrieved from /home/airflow/.local/lib/python3.12/site-packages/airflow/example_dags/example_short_circuit_decorator.py
[2024-12-24T18:59:07.520+0000] {logging_mixin.py:190} INFO - [2024-12-24T18:59:07.520+0000] {dag.py:3239} INFO - Sync 1 DAGs
[2024-12-24T18:59:07.534+0000] {logging_mixin.py:190} INFO - [2024-12-24T18:59:07.534+0000] {dag.py:4180} INFO - Setting next_dagrun for example_short_circuit_decorator to None, run_after=None
[2024-12-24T18:59:07.557+0000] {processor.py:208} INFO - Processing /home/airflow/.local/lib/python3.12/site-packages/airflow/example_dags/example_short_circuit_decorator.py took 0.083 seconds
[2024-12-24T18:59:37.989+0000] {processor.py:186} INFO - Started process (PID=1220) to work on /home/airflow/.local/lib/python3.12/site-packages/airflow/example_dags/example_short_circuit_decorator.py
[2024-12-24T18:59:37.991+0000] {processor.py:914} INFO - Processing file /home/airflow/.local/lib/python3.12/site-packages/airflow/example_dags/example_short_circuit_decorator.py for tasks to queue
[2024-12-24T18:59:37.993+0000] {logging_mixin.py:190} INFO - [2024-12-24T18:59:37.993+0000] {dagbag.py:588} INFO - Filling up the DagBag from /home/airflow/.local/lib/python3.12/site-packages/airflow/example_dags/example_short_circuit_decorator.py
[2024-12-24T18:59:38.004+0000] {processor.py:925} INFO - DAG(s) 'example_short_circuit_decorator' retrieved from /home/airflow/.local/lib/python3.12/site-packages/airflow/example_dags/example_short_circuit_decorator.py
[2024-12-24T18:59:38.031+0000] {logging_mixin.py:190} INFO - [2024-12-24T18:59:38.031+0000] {dag.py:3239} INFO - Sync 1 DAGs
[2024-12-24T18:59:38.047+0000] {logging_mixin.py:190} INFO - [2024-12-24T18:59:38.047+0000] {dag.py:4180} INFO - Setting next_dagrun for example_short_circuit_decorator to None, run_after=None
[2024-12-24T18:59:38.073+0000] {processor.py:208} INFO - Processing /home/airflow/.local/lib/python3.12/site-packages/airflow/example_dags/example_short_circuit_decorator.py took 0.090 seconds
[2024-12-24T19:00:08.494+0000] {processor.py:186} INFO - Started process (PID=1283) to work on /home/airflow/.local/lib/python3.12/site-packages/airflow/example_dags/example_short_circuit_decorator.py
[2024-12-24T19:00:08.496+0000] {processor.py:914} INFO - Processing file /home/airflow/.local/lib/python3.12/site-packages/airflow/example_dags/example_short_circuit_decorator.py for tasks to queue
[2024-12-24T19:00:08.500+0000] {logging_mixin.py:190} INFO - [2024-12-24T19:00:08.500+0000] {dagbag.py:588} INFO - Filling up the DagBag from /home/airflow/.local/lib/python3.12/site-packages/airflow/example_dags/example_short_circuit_decorator.py
[2024-12-24T19:00:08.514+0000] {processor.py:925} INFO - DAG(s) 'example_short_circuit_decorator' retrieved from /home/airflow/.local/lib/python3.12/site-packages/airflow/example_dags/example_short_circuit_decorator.py
[2024-12-24T19:00:08.548+0000] {logging_mixin.py:190} INFO - [2024-12-24T19:00:08.547+0000] {dag.py:3239} INFO - Sync 1 DAGs
[2024-12-24T19:00:08.568+0000] {logging_mixin.py:190} INFO - [2024-12-24T19:00:08.568+0000] {dag.py:4180} INFO - Setting next_dagrun for example_short_circuit_decorator to None, run_after=None
[2024-12-24T19:00:08.604+0000] {processor.py:208} INFO - Processing /home/airflow/.local/lib/python3.12/site-packages/airflow/example_dags/example_short_circuit_decorator.py took 0.118 seconds
[2024-12-24T19:00:39.101+0000] {processor.py:186} INFO - Started process (PID=1346) to work on /home/airflow/.local/lib/python3.12/site-packages/airflow/example_dags/example_short_circuit_decorator.py
[2024-12-24T19:00:39.103+0000] {processor.py:914} INFO - Processing file /home/airflow/.local/lib/python3.12/site-packages/airflow/example_dags/example_short_circuit_decorator.py for tasks to queue
[2024-12-24T19:00:39.106+0000] {logging_mixin.py:190} INFO - [2024-12-24T19:00:39.105+0000] {dagbag.py:588} INFO - Filling up the DagBag from /home/airflow/.local/lib/python3.12/site-packages/airflow/example_dags/example_short_circuit_decorator.py
[2024-12-24T19:00:39.119+0000] {processor.py:925} INFO - DAG(s) 'example_short_circuit_decorator' retrieved from /home/airflow/.local/lib/python3.12/site-packages/airflow/example_dags/example_short_circuit_decorator.py
[2024-12-24T19:00:39.155+0000] {logging_mixin.py:190} INFO - [2024-12-24T19:00:39.154+0000] {dag.py:3239} INFO - Sync 1 DAGs
[2024-12-24T19:00:39.176+0000] {logging_mixin.py:190} INFO - [2024-12-24T19:00:39.176+0000] {dag.py:4180} INFO - Setting next_dagrun for example_short_circuit_decorator to None, run_after=None
[2024-12-24T19:00:39.208+0000] {processor.py:208} INFO - Processing /home/airflow/.local/lib/python3.12/site-packages/airflow/example_dags/example_short_circuit_decorator.py took 0.117 seconds
[2024-12-24T19:01:09.755+0000] {processor.py:186} INFO - Started process (PID=1409) to work on /home/airflow/.local/lib/python3.12/site-packages/airflow/example_dags/example_short_circuit_decorator.py
[2024-12-24T19:01:09.756+0000] {processor.py:914} INFO - Processing file /home/airflow/.local/lib/python3.12/site-packages/airflow/example_dags/example_short_circuit_decorator.py for tasks to queue
[2024-12-24T19:01:09.759+0000] {logging_mixin.py:190} INFO - [2024-12-24T19:01:09.759+0000] {dagbag.py:588} INFO - Filling up the DagBag from /home/airflow/.local/lib/python3.12/site-packages/airflow/example_dags/example_short_circuit_decorator.py
[2024-12-24T19:01:09.769+0000] {processor.py:925} INFO - DAG(s) 'example_short_circuit_decorator' retrieved from /home/airflow/.local/lib/python3.12/site-packages/airflow/example_dags/example_short_circuit_decorator.py
[2024-12-24T19:01:09.796+0000] {logging_mixin.py:190} INFO - [2024-12-24T19:01:09.796+0000] {dag.py:3239} INFO - Sync 1 DAGs
[2024-12-24T19:01:09.814+0000] {logging_mixin.py:190} INFO - [2024-12-24T19:01:09.814+0000] {dag.py:4180} INFO - Setting next_dagrun for example_short_circuit_decorator to None, run_after=None
[2024-12-24T19:01:09.842+0000] {processor.py:208} INFO - Processing /home/airflow/.local/lib/python3.12/site-packages/airflow/example_dags/example_short_circuit_decorator.py took 0.094 seconds
[2024-12-24T19:01:39.986+0000] {processor.py:186} INFO - Started process (PID=1472) to work on /home/airflow/.local/lib/python3.12/site-packages/airflow/example_dags/example_short_circuit_decorator.py
[2024-12-24T19:01:39.987+0000] {processor.py:914} INFO - Processing file /home/airflow/.local/lib/python3.12/site-packages/airflow/example_dags/example_short_circuit_decorator.py for tasks to queue
[2024-12-24T19:01:39.990+0000] {logging_mixin.py:190} INFO - [2024-12-24T19:01:39.990+0000] {dagbag.py:588} INFO - Filling up the DagBag from /home/airflow/.local/lib/python3.12/site-packages/airflow/example_dags/example_short_circuit_decorator.py
[2024-12-24T19:01:40.001+0000] {processor.py:925} INFO - DAG(s) 'example_short_circuit_decorator' retrieved from /home/airflow/.local/lib/python3.12/site-packages/airflow/example_dags/example_short_circuit_decorator.py
[2024-12-24T19:01:40.027+0000] {logging_mixin.py:190} INFO - [2024-12-24T19:01:40.027+0000] {dag.py:3239} INFO - Sync 1 DAGs
[2024-12-24T19:01:40.044+0000] {logging_mixin.py:190} INFO - [2024-12-24T19:01:40.044+0000] {dag.py:4180} INFO - Setting next_dagrun for example_short_circuit_decorator to None, run_after=None
[2024-12-24T19:01:40.070+0000] {processor.py:208} INFO - Processing /home/airflow/.local/lib/python3.12/site-packages/airflow/example_dags/example_short_circuit_decorator.py took 0.091 seconds
[2024-12-24T19:02:10.303+0000] {processor.py:186} INFO - Started process (PID=1535) to work on /home/airflow/.local/lib/python3.12/site-packages/airflow/example_dags/example_short_circuit_decorator.py
[2024-12-24T19:02:10.304+0000] {processor.py:914} INFO - Processing file /home/airflow/.local/lib/python3.12/site-packages/airflow/example_dags/example_short_circuit_decorator.py for tasks to queue
[2024-12-24T19:02:10.307+0000] {logging_mixin.py:190} INFO - [2024-12-24T19:02:10.307+0000] {dagbag.py:588} INFO - Filling up the DagBag from /home/airflow/.local/lib/python3.12/site-packages/airflow/example_dags/example_short_circuit_decorator.py
[2024-12-24T19:02:10.317+0000] {processor.py:925} INFO - DAG(s) 'example_short_circuit_decorator' retrieved from /home/airflow/.local/lib/python3.12/site-packages/airflow/example_dags/example_short_circuit_decorator.py
[2024-12-24T19:02:10.343+0000] {logging_mixin.py:190} INFO - [2024-12-24T19:02:10.343+0000] {dag.py:3239} INFO - Sync 1 DAGs
[2024-12-24T19:02:10.358+0000] {logging_mixin.py:190} INFO - [2024-12-24T19:02:10.358+0000] {dag.py:4180} INFO - Setting next_dagrun for example_short_circuit_decorator to None, run_after=None
[2024-12-24T19:02:10.382+0000] {processor.py:208} INFO - Processing /home/airflow/.local/lib/python3.12/site-packages/airflow/example_dags/example_short_circuit_decorator.py took 0.085 seconds
[2024-12-24T19:02:40.700+0000] {processor.py:186} INFO - Started process (PID=1598) to work on /home/airflow/.local/lib/python3.12/site-packages/airflow/example_dags/example_short_circuit_decorator.py
[2024-12-24T19:02:40.701+0000] {processor.py:914} INFO - Processing file /home/airflow/.local/lib/python3.12/site-packages/airflow/example_dags/example_short_circuit_decorator.py for tasks to queue
[2024-12-24T19:02:40.704+0000] {logging_mixin.py:190} INFO - [2024-12-24T19:02:40.703+0000] {dagbag.py:588} INFO - Filling up the DagBag from /home/airflow/.local/lib/python3.12/site-packages/airflow/example_dags/example_short_circuit_decorator.py
[2024-12-24T19:02:40.713+0000] {processor.py:925} INFO - DAG(s) 'example_short_circuit_decorator' retrieved from /home/airflow/.local/lib/python3.12/site-packages/airflow/example_dags/example_short_circuit_decorator.py
[2024-12-24T19:02:40.740+0000] {logging_mixin.py:190} INFO - [2024-12-24T19:02:40.739+0000] {dag.py:3239} INFO - Sync 1 DAGs
[2024-12-24T19:02:40.755+0000] {logging_mixin.py:190} INFO - [2024-12-24T19:02:40.755+0000] {dag.py:4180} INFO - Setting next_dagrun for example_short_circuit_decorator to None, run_after=None
[2024-12-24T19:02:40.781+0000] {processor.py:208} INFO - Processing /home/airflow/.local/lib/python3.12/site-packages/airflow/example_dags/example_short_circuit_decorator.py took 0.087 seconds
[2024-12-24T19:03:11.238+0000] {processor.py:186} INFO - Started process (PID=1661) to work on /home/airflow/.local/lib/python3.12/site-packages/airflow/example_dags/example_short_circuit_decorator.py
[2024-12-24T19:03:11.240+0000] {processor.py:914} INFO - Processing file /home/airflow/.local/lib/python3.12/site-packages/airflow/example_dags/example_short_circuit_decorator.py for tasks to queue
[2024-12-24T19:03:11.243+0000] {logging_mixin.py:190} INFO - [2024-12-24T19:03:11.242+0000] {dagbag.py:588} INFO - Filling up the DagBag from /home/airflow/.local/lib/python3.12/site-packages/airflow/example_dags/example_short_circuit_decorator.py
[2024-12-24T19:03:11.253+0000] {processor.py:925} INFO - DAG(s) 'example_short_circuit_decorator' retrieved from /home/airflow/.local/lib/python3.12/site-packages/airflow/example_dags/example_short_circuit_decorator.py
[2024-12-24T19:03:11.281+0000] {logging_mixin.py:190} INFO - [2024-12-24T19:03:11.280+0000] {dag.py:3239} INFO - Sync 1 DAGs
[2024-12-24T19:03:11.298+0000] {logging_mixin.py:190} INFO - [2024-12-24T19:03:11.297+0000] {dag.py:4180} INFO - Setting next_dagrun for example_short_circuit_decorator to None, run_after=None
[2024-12-24T19:03:11.324+0000] {processor.py:208} INFO - Processing /home/airflow/.local/lib/python3.12/site-packages/airflow/example_dags/example_short_circuit_decorator.py took 0.092 seconds
[2024-12-24T19:03:41.462+0000] {processor.py:186} INFO - Started process (PID=1724) to work on /home/airflow/.local/lib/python3.12/site-packages/airflow/example_dags/example_short_circuit_decorator.py
[2024-12-24T19:03:41.463+0000] {processor.py:914} INFO - Processing file /home/airflow/.local/lib/python3.12/site-packages/airflow/example_dags/example_short_circuit_decorator.py for tasks to queue
[2024-12-24T19:03:41.466+0000] {logging_mixin.py:190} INFO - [2024-12-24T19:03:41.466+0000] {dagbag.py:588} INFO - Filling up the DagBag from /home/airflow/.local/lib/python3.12/site-packages/airflow/example_dags/example_short_circuit_decorator.py
[2024-12-24T19:03:41.477+0000] {processor.py:925} INFO - DAG(s) 'example_short_circuit_decorator' retrieved from /home/airflow/.local/lib/python3.12/site-packages/airflow/example_dags/example_short_circuit_decorator.py
[2024-12-24T19:03:41.507+0000] {logging_mixin.py:190} INFO - [2024-12-24T19:03:41.507+0000] {dag.py:3239} INFO - Sync 1 DAGs
[2024-12-24T19:03:41.523+0000] {logging_mixin.py:190} INFO - [2024-12-24T19:03:41.523+0000] {dag.py:4180} INFO - Setting next_dagrun for example_short_circuit_decorator to None, run_after=None
[2024-12-24T19:03:41.551+0000] {processor.py:208} INFO - Processing /home/airflow/.local/lib/python3.12/site-packages/airflow/example_dags/example_short_circuit_decorator.py took 0.095 seconds
[2024-12-24T19:04:11.962+0000] {processor.py:186} INFO - Started process (PID=1787) to work on /home/airflow/.local/lib/python3.12/site-packages/airflow/example_dags/example_short_circuit_decorator.py
[2024-12-24T19:04:11.964+0000] {processor.py:914} INFO - Processing file /home/airflow/.local/lib/python3.12/site-packages/airflow/example_dags/example_short_circuit_decorator.py for tasks to queue
[2024-12-24T19:04:11.966+0000] {logging_mixin.py:190} INFO - [2024-12-24T19:04:11.966+0000] {dagbag.py:588} INFO - Filling up the DagBag from /home/airflow/.local/lib/python3.12/site-packages/airflow/example_dags/example_short_circuit_decorator.py
[2024-12-24T19:04:11.978+0000] {processor.py:925} INFO - DAG(s) 'example_short_circuit_decorator' retrieved from /home/airflow/.local/lib/python3.12/site-packages/airflow/example_dags/example_short_circuit_decorator.py
[2024-12-24T19:04:12.004+0000] {logging_mixin.py:190} INFO - [2024-12-24T19:04:12.003+0000] {dag.py:3239} INFO - Sync 1 DAGs
[2024-12-24T19:04:12.020+0000] {logging_mixin.py:190} INFO - [2024-12-24T19:04:12.020+0000] {dag.py:4180} INFO - Setting next_dagrun for example_short_circuit_decorator to None, run_after=None
[2024-12-24T19:04:12.047+0000] {processor.py:208} INFO - Processing /home/airflow/.local/lib/python3.12/site-packages/airflow/example_dags/example_short_circuit_decorator.py took 0.091 seconds
[2024-12-24T19:04:42.299+0000] {processor.py:186} INFO - Started process (PID=1850) to work on /home/airflow/.local/lib/python3.12/site-packages/airflow/example_dags/example_short_circuit_decorator.py
[2024-12-24T19:04:42.300+0000] {processor.py:914} INFO - Processing file /home/airflow/.local/lib/python3.12/site-packages/airflow/example_dags/example_short_circuit_decorator.py for tasks to queue
[2024-12-24T19:04:42.303+0000] {logging_mixin.py:190} INFO - [2024-12-24T19:04:42.302+0000] {dagbag.py:588} INFO - Filling up the DagBag from /home/airflow/.local/lib/python3.12/site-packages/airflow/example_dags/example_short_circuit_decorator.py
[2024-12-24T19:04:42.313+0000] {processor.py:925} INFO - DAG(s) 'example_short_circuit_decorator' retrieved from /home/airflow/.local/lib/python3.12/site-packages/airflow/example_dags/example_short_circuit_decorator.py
[2024-12-24T19:04:42.339+0000] {logging_mixin.py:190} INFO - [2024-12-24T19:04:42.338+0000] {dag.py:3239} INFO - Sync 1 DAGs
[2024-12-24T19:04:42.357+0000] {logging_mixin.py:190} INFO - [2024-12-24T19:04:42.357+0000] {dag.py:4180} INFO - Setting next_dagrun for example_short_circuit_decorator to None, run_after=None
[2024-12-24T19:04:42.389+0000] {processor.py:208} INFO - Processing /home/airflow/.local/lib/python3.12/site-packages/airflow/example_dags/example_short_circuit_decorator.py took 0.097 seconds
[2024-12-24T19:05:13.649+0000] {processor.py:186} INFO - Started process (PID=1913) to work on /home/airflow/.local/lib/python3.12/site-packages/airflow/example_dags/example_short_circuit_decorator.py
[2024-12-24T19:05:13.650+0000] {processor.py:914} INFO - Processing file /home/airflow/.local/lib/python3.12/site-packages/airflow/example_dags/example_short_circuit_decorator.py for tasks to queue
[2024-12-24T19:05:13.653+0000] {logging_mixin.py:190} INFO - [2024-12-24T19:05:13.652+0000] {dagbag.py:588} INFO - Filling up the DagBag from /home/airflow/.local/lib/python3.12/site-packages/airflow/example_dags/example_short_circuit_decorator.py
[2024-12-24T19:05:13.662+0000] {processor.py:925} INFO - DAG(s) 'example_short_circuit_decorator' retrieved from /home/airflow/.local/lib/python3.12/site-packages/airflow/example_dags/example_short_circuit_decorator.py
[2024-12-24T19:05:13.689+0000] {logging_mixin.py:190} INFO - [2024-12-24T19:05:13.689+0000] {dag.py:3239} INFO - Sync 1 DAGs
[2024-12-24T19:05:13.705+0000] {logging_mixin.py:190} INFO - [2024-12-24T19:05:13.705+0000] {dag.py:4180} INFO - Setting next_dagrun for example_short_circuit_decorator to None, run_after=None
[2024-12-24T19:05:13.737+0000] {processor.py:208} INFO - Processing /home/airflow/.local/lib/python3.12/site-packages/airflow/example_dags/example_short_circuit_decorator.py took 0.094 seconds
[2024-12-24T19:05:44.303+0000] {processor.py:186} INFO - Started process (PID=1972) to work on /home/airflow/.local/lib/python3.12/site-packages/airflow/example_dags/example_short_circuit_decorator.py
[2024-12-24T19:05:44.304+0000] {processor.py:914} INFO - Processing file /home/airflow/.local/lib/python3.12/site-packages/airflow/example_dags/example_short_circuit_decorator.py for tasks to queue
[2024-12-24T19:05:44.307+0000] {logging_mixin.py:190} INFO - [2024-12-24T19:05:44.307+0000] {dagbag.py:588} INFO - Filling up the DagBag from /home/airflow/.local/lib/python3.12/site-packages/airflow/example_dags/example_short_circuit_decorator.py
[2024-12-24T19:05:44.319+0000] {processor.py:925} INFO - DAG(s) 'example_short_circuit_decorator' retrieved from /home/airflow/.local/lib/python3.12/site-packages/airflow/example_dags/example_short_circuit_decorator.py
[2024-12-24T19:05:44.346+0000] {logging_mixin.py:190} INFO - [2024-12-24T19:05:44.346+0000] {dag.py:3239} INFO - Sync 1 DAGs
[2024-12-24T19:05:44.362+0000] {logging_mixin.py:190} INFO - [2024-12-24T19:05:44.362+0000] {dag.py:4180} INFO - Setting next_dagrun for example_short_circuit_decorator to None, run_after=None
[2024-12-24T19:05:44.388+0000] {processor.py:208} INFO - Processing /home/airflow/.local/lib/python3.12/site-packages/airflow/example_dags/example_short_circuit_decorator.py took 0.092 seconds
[2024-12-24T19:06:15.184+0000] {processor.py:186} INFO - Started process (PID=2035) to work on /home/airflow/.local/lib/python3.12/site-packages/airflow/example_dags/example_short_circuit_decorator.py
[2024-12-24T19:06:15.186+0000] {processor.py:914} INFO - Processing file /home/airflow/.local/lib/python3.12/site-packages/airflow/example_dags/example_short_circuit_decorator.py for tasks to queue
[2024-12-24T19:06:15.188+0000] {logging_mixin.py:190} INFO - [2024-12-24T19:06:15.188+0000] {dagbag.py:588} INFO - Filling up the DagBag from /home/airflow/.local/lib/python3.12/site-packages/airflow/example_dags/example_short_circuit_decorator.py
[2024-12-24T19:06:15.201+0000] {processor.py:925} INFO - DAG(s) 'example_short_circuit_decorator' retrieved from /home/airflow/.local/lib/python3.12/site-packages/airflow/example_dags/example_short_circuit_decorator.py
[2024-12-24T19:06:15.232+0000] {logging_mixin.py:190} INFO - [2024-12-24T19:06:15.231+0000] {dag.py:3239} INFO - Sync 1 DAGs
[2024-12-24T19:06:15.253+0000] {logging_mixin.py:190} INFO - [2024-12-24T19:06:15.253+0000] {dag.py:4180} INFO - Setting next_dagrun for example_short_circuit_decorator to None, run_after=None
[2024-12-24T19:06:15.299+0000] {processor.py:208} INFO - Processing /home/airflow/.local/lib/python3.12/site-packages/airflow/example_dags/example_short_circuit_decorator.py took 0.123 seconds
[2024-12-24T19:06:46.352+0000] {processor.py:186} INFO - Started process (PID=2097) to work on /home/airflow/.local/lib/python3.12/site-packages/airflow/example_dags/example_short_circuit_decorator.py
[2024-12-24T19:06:46.354+0000] {processor.py:914} INFO - Processing file /home/airflow/.local/lib/python3.12/site-packages/airflow/example_dags/example_short_circuit_decorator.py for tasks to queue
[2024-12-24T19:06:46.357+0000] {logging_mixin.py:190} INFO - [2024-12-24T19:06:46.357+0000] {dagbag.py:588} INFO - Filling up the DagBag from /home/airflow/.local/lib/python3.12/site-packages/airflow/example_dags/example_short_circuit_decorator.py
[2024-12-24T19:06:46.369+0000] {processor.py:925} INFO - DAG(s) 'example_short_circuit_decorator' retrieved from /home/airflow/.local/lib/python3.12/site-packages/airflow/example_dags/example_short_circuit_decorator.py
[2024-12-24T19:06:46.396+0000] {logging_mixin.py:190} INFO - [2024-12-24T19:06:46.396+0000] {dag.py:3239} INFO - Sync 1 DAGs
[2024-12-24T19:06:46.412+0000] {logging_mixin.py:190} INFO - [2024-12-24T19:06:46.412+0000] {dag.py:4180} INFO - Setting next_dagrun for example_short_circuit_decorator to None, run_after=None
[2024-12-24T19:06:46.440+0000] {processor.py:208} INFO - Processing /home/airflow/.local/lib/python3.12/site-packages/airflow/example_dags/example_short_circuit_decorator.py took 0.094 seconds
[2024-12-24T19:07:17.016+0000] {processor.py:186} INFO - Started process (PID=2165) to work on /home/airflow/.local/lib/python3.12/site-packages/airflow/example_dags/example_short_circuit_decorator.py
[2024-12-24T19:07:17.017+0000] {processor.py:914} INFO - Processing file /home/airflow/.local/lib/python3.12/site-packages/airflow/example_dags/example_short_circuit_decorator.py for tasks to queue
[2024-12-24T19:07:17.020+0000] {logging_mixin.py:190} INFO - [2024-12-24T19:07:17.020+0000] {dagbag.py:588} INFO - Filling up the DagBag from /home/airflow/.local/lib/python3.12/site-packages/airflow/example_dags/example_short_circuit_decorator.py
[2024-12-24T19:07:17.033+0000] {processor.py:925} INFO - DAG(s) 'example_short_circuit_decorator' retrieved from /home/airflow/.local/lib/python3.12/site-packages/airflow/example_dags/example_short_circuit_decorator.py
[2024-12-24T19:07:17.061+0000] {logging_mixin.py:190} INFO - [2024-12-24T19:07:17.060+0000] {dag.py:3239} INFO - Sync 1 DAGs
[2024-12-24T19:07:17.078+0000] {logging_mixin.py:190} INFO - [2024-12-24T19:07:17.078+0000] {dag.py:4180} INFO - Setting next_dagrun for example_short_circuit_decorator to None, run_after=None
[2024-12-24T19:07:17.108+0000] {processor.py:208} INFO - Processing /home/airflow/.local/lib/python3.12/site-packages/airflow/example_dags/example_short_circuit_decorator.py took 0.098 seconds
[2024-12-24T19:07:47.259+0000] {processor.py:186} INFO - Started process (PID=2228) to work on /home/airflow/.local/lib/python3.12/site-packages/airflow/example_dags/example_short_circuit_decorator.py
[2024-12-24T19:07:47.261+0000] {processor.py:914} INFO - Processing file /home/airflow/.local/lib/python3.12/site-packages/airflow/example_dags/example_short_circuit_decorator.py for tasks to queue
[2024-12-24T19:07:47.263+0000] {logging_mixin.py:190} INFO - [2024-12-24T19:07:47.263+0000] {dagbag.py:588} INFO - Filling up the DagBag from /home/airflow/.local/lib/python3.12/site-packages/airflow/example_dags/example_short_circuit_decorator.py
[2024-12-24T19:07:47.274+0000] {processor.py:925} INFO - DAG(s) 'example_short_circuit_decorator' retrieved from /home/airflow/.local/lib/python3.12/site-packages/airflow/example_dags/example_short_circuit_decorator.py
[2024-12-24T19:07:47.302+0000] {logging_mixin.py:190} INFO - [2024-12-24T19:07:47.302+0000] {dag.py:3239} INFO - Sync 1 DAGs
[2024-12-24T19:07:47.319+0000] {logging_mixin.py:190} INFO - [2024-12-24T19:07:47.319+0000] {dag.py:4180} INFO - Setting next_dagrun for example_short_circuit_decorator to None, run_after=None
[2024-12-24T19:07:47.351+0000] {processor.py:208} INFO - Processing /home/airflow/.local/lib/python3.12/site-packages/airflow/example_dags/example_short_circuit_decorator.py took 0.097 seconds
[2024-12-24T19:08:17.701+0000] {processor.py:186} INFO - Started process (PID=2291) to work on /home/airflow/.local/lib/python3.12/site-packages/airflow/example_dags/example_short_circuit_decorator.py
[2024-12-24T19:08:17.702+0000] {processor.py:914} INFO - Processing file /home/airflow/.local/lib/python3.12/site-packages/airflow/example_dags/example_short_circuit_decorator.py for tasks to queue
[2024-12-24T19:08:17.705+0000] {logging_mixin.py:190} INFO - [2024-12-24T19:08:17.704+0000] {dagbag.py:588} INFO - Filling up the DagBag from /home/airflow/.local/lib/python3.12/site-packages/airflow/example_dags/example_short_circuit_decorator.py
[2024-12-24T19:08:17.715+0000] {processor.py:925} INFO - DAG(s) 'example_short_circuit_decorator' retrieved from /home/airflow/.local/lib/python3.12/site-packages/airflow/example_dags/example_short_circuit_decorator.py
[2024-12-24T19:08:17.741+0000] {logging_mixin.py:190} INFO - [2024-12-24T19:08:17.741+0000] {dag.py:3239} INFO - Sync 1 DAGs
[2024-12-24T19:08:17.758+0000] {logging_mixin.py:190} INFO - [2024-12-24T19:08:17.757+0000] {dag.py:4180} INFO - Setting next_dagrun for example_short_circuit_decorator to None, run_after=None
[2024-12-24T19:08:17.783+0000] {processor.py:208} INFO - Processing /home/airflow/.local/lib/python3.12/site-packages/airflow/example_dags/example_short_circuit_decorator.py took 0.088 seconds
[2024-12-24T19:08:48.310+0000] {processor.py:186} INFO - Started process (PID=2354) to work on /home/airflow/.local/lib/python3.12/site-packages/airflow/example_dags/example_short_circuit_decorator.py
[2024-12-24T19:08:48.311+0000] {processor.py:914} INFO - Processing file /home/airflow/.local/lib/python3.12/site-packages/airflow/example_dags/example_short_circuit_decorator.py for tasks to queue
[2024-12-24T19:08:48.314+0000] {logging_mixin.py:190} INFO - [2024-12-24T19:08:48.313+0000] {dagbag.py:588} INFO - Filling up the DagBag from /home/airflow/.local/lib/python3.12/site-packages/airflow/example_dags/example_short_circuit_decorator.py
[2024-12-24T19:08:48.325+0000] {processor.py:925} INFO - DAG(s) 'example_short_circuit_decorator' retrieved from /home/airflow/.local/lib/python3.12/site-packages/airflow/example_dags/example_short_circuit_decorator.py
[2024-12-24T19:08:48.352+0000] {logging_mixin.py:190} INFO - [2024-12-24T19:08:48.352+0000] {dag.py:3239} INFO - Sync 1 DAGs
[2024-12-24T19:08:48.371+0000] {logging_mixin.py:190} INFO - [2024-12-24T19:08:48.371+0000] {dag.py:4180} INFO - Setting next_dagrun for example_short_circuit_decorator to None, run_after=None
[2024-12-24T19:08:48.401+0000] {processor.py:208} INFO - Processing /home/airflow/.local/lib/python3.12/site-packages/airflow/example_dags/example_short_circuit_decorator.py took 0.097 seconds
