[2024-12-24T18:50:35.904+0000] {processor.py:186} INFO - Started process (PID=117) to work on /home/airflow/.local/lib/python3.12/site-packages/airflow/example_dags/example_branch_labels.py
[2024-12-24T18:50:35.905+0000] {processor.py:914} INFO - Processing file /home/airflow/.local/lib/python3.12/site-packages/airflow/example_dags/example_branch_labels.py for tasks to queue
[2024-12-24T18:50:35.908+0000] {logging_mixin.py:190} INFO - [2024-12-24T18:50:35.907+0000] {dagbag.py:588} INFO - Filling up the DagBag from /home/airflow/.local/lib/python3.12/site-packages/airflow/example_dags/example_branch_labels.py
[2024-12-24T18:50:35.929+0000] {processor.py:925} INFO - DAG(s) 'example_branch_labels' retrieved from /home/airflow/.local/lib/python3.12/site-packages/airflow/example_dags/example_branch_labels.py
[2024-12-24T18:50:35.955+0000] {logging_mixin.py:190} INFO - [2024-12-24T18:50:35.954+0000] {dag.py:3239} INFO - Sync 1 DAGs
[2024-12-24T18:50:35.987+0000] {logging_mixin.py:190} INFO - [2024-12-24T18:50:35.986+0000] {dag.py:4180} INFO - Setting next_dagrun for example_branch_labels to 2024-12-23 00:00:00+00:00, run_after=2024-12-24 00:00:00+00:00
[2024-12-24T18:50:36.044+0000] {processor.py:208} INFO - Processing /home/airflow/.local/lib/python3.12/site-packages/airflow/example_dags/example_branch_labels.py took 0.147 seconds
[2024-12-24T18:51:06.492+0000] {processor.py:186} INFO - Started process (PID=180) to work on /home/airflow/.local/lib/python3.12/site-packages/airflow/example_dags/example_branch_labels.py
[2024-12-24T18:51:06.495+0000] {processor.py:914} INFO - Processing file /home/airflow/.local/lib/python3.12/site-packages/airflow/example_dags/example_branch_labels.py for tasks to queue
[2024-12-24T18:51:06.498+0000] {logging_mixin.py:190} INFO - [2024-12-24T18:51:06.497+0000] {dagbag.py:588} INFO - Filling up the DagBag from /home/airflow/.local/lib/python3.12/site-packages/airflow/example_dags/example_branch_labels.py
[2024-12-24T18:51:06.513+0000] {processor.py:925} INFO - DAG(s) 'example_branch_labels' retrieved from /home/airflow/.local/lib/python3.12/site-packages/airflow/example_dags/example_branch_labels.py
[2024-12-24T18:51:06.546+0000] {logging_mixin.py:190} INFO - [2024-12-24T18:51:06.545+0000] {dag.py:3239} INFO - Sync 1 DAGs
[2024-12-24T18:51:06.579+0000] {logging_mixin.py:190} INFO - [2024-12-24T18:51:06.578+0000] {dag.py:4180} INFO - Setting next_dagrun for example_branch_labels to 2024-12-23 00:00:00+00:00, run_after=2024-12-24 00:00:00+00:00
[2024-12-24T18:51:06.605+0000] {processor.py:208} INFO - Processing /home/airflow/.local/lib/python3.12/site-packages/airflow/example_dags/example_branch_labels.py took 0.122 seconds
[2024-12-24T18:51:38.620+0000] {processor.py:186} INFO - Started process (PID=249) to work on /home/airflow/.local/lib/python3.12/site-packages/airflow/example_dags/example_branch_labels.py
[2024-12-24T18:51:38.622+0000] {processor.py:914} INFO - Processing file /home/airflow/.local/lib/python3.12/site-packages/airflow/example_dags/example_branch_labels.py for tasks to queue
[2024-12-24T18:51:38.625+0000] {logging_mixin.py:190} INFO - [2024-12-24T18:51:38.625+0000] {dagbag.py:588} INFO - Filling up the DagBag from /home/airflow/.local/lib/python3.12/site-packages/airflow/example_dags/example_branch_labels.py
[2024-12-24T18:51:38.643+0000] {processor.py:925} INFO - DAG(s) 'example_branch_labels' retrieved from /home/airflow/.local/lib/python3.12/site-packages/airflow/example_dags/example_branch_labels.py
[2024-12-24T18:51:38.670+0000] {logging_mixin.py:190} INFO - [2024-12-24T18:51:38.669+0000] {dag.py:3239} INFO - Sync 1 DAGs
[2024-12-24T18:51:38.696+0000] {logging_mixin.py:190} INFO - [2024-12-24T18:51:38.696+0000] {dag.py:4180} INFO - Setting next_dagrun for example_branch_labels to 2024-12-23 00:00:00+00:00, run_after=2024-12-24 00:00:00+00:00
[2024-12-24T18:51:38.744+0000] {processor.py:208} INFO - Processing /home/airflow/.local/lib/python3.12/site-packages/airflow/example_dags/example_branch_labels.py took 0.129 seconds
[2024-12-24T18:52:08.885+0000] {processor.py:186} INFO - Started process (PID=313) to work on /home/airflow/.local/lib/python3.12/site-packages/airflow/example_dags/example_branch_labels.py
[2024-12-24T18:52:08.887+0000] {processor.py:914} INFO - Processing file /home/airflow/.local/lib/python3.12/site-packages/airflow/example_dags/example_branch_labels.py for tasks to queue
[2024-12-24T18:52:08.890+0000] {logging_mixin.py:190} INFO - [2024-12-24T18:52:08.889+0000] {dagbag.py:588} INFO - Filling up the DagBag from /home/airflow/.local/lib/python3.12/site-packages/airflow/example_dags/example_branch_labels.py
[2024-12-24T18:52:08.900+0000] {processor.py:925} INFO - DAG(s) 'example_branch_labels' retrieved from /home/airflow/.local/lib/python3.12/site-packages/airflow/example_dags/example_branch_labels.py
[2024-12-24T18:52:08.924+0000] {logging_mixin.py:190} INFO - [2024-12-24T18:52:08.924+0000] {dag.py:3239} INFO - Sync 1 DAGs
[2024-12-24T18:52:08.953+0000] {logging_mixin.py:190} INFO - [2024-12-24T18:52:08.953+0000] {dag.py:4180} INFO - Setting next_dagrun for example_branch_labels to 2024-12-23 00:00:00+00:00, run_after=2024-12-24 00:00:00+00:00
[2024-12-24T18:52:08.979+0000] {processor.py:208} INFO - Processing /home/airflow/.local/lib/python3.12/site-packages/airflow/example_dags/example_branch_labels.py took 0.101 seconds
[2024-12-24T18:52:39.524+0000] {processor.py:186} INFO - Started process (PID=375) to work on /home/airflow/.local/lib/python3.12/site-packages/airflow/example_dags/example_branch_labels.py
[2024-12-24T18:52:39.525+0000] {processor.py:914} INFO - Processing file /home/airflow/.local/lib/python3.12/site-packages/airflow/example_dags/example_branch_labels.py for tasks to queue
[2024-12-24T18:52:39.529+0000] {logging_mixin.py:190} INFO - [2024-12-24T18:52:39.528+0000] {dagbag.py:588} INFO - Filling up the DagBag from /home/airflow/.local/lib/python3.12/site-packages/airflow/example_dags/example_branch_labels.py
[2024-12-24T18:52:39.543+0000] {processor.py:925} INFO - DAG(s) 'example_branch_labels' retrieved from /home/airflow/.local/lib/python3.12/site-packages/airflow/example_dags/example_branch_labels.py
[2024-12-24T18:52:39.575+0000] {logging_mixin.py:190} INFO - [2024-12-24T18:52:39.574+0000] {dag.py:3239} INFO - Sync 1 DAGs
[2024-12-24T18:52:39.609+0000] {logging_mixin.py:190} INFO - [2024-12-24T18:52:39.608+0000] {dag.py:4180} INFO - Setting next_dagrun for example_branch_labels to 2024-12-23 00:00:00+00:00, run_after=2024-12-24 00:00:00+00:00
[2024-12-24T18:52:39.642+0000] {processor.py:208} INFO - Processing /home/airflow/.local/lib/python3.12/site-packages/airflow/example_dags/example_branch_labels.py took 0.125 seconds
[2024-12-24T18:53:09.981+0000] {processor.py:186} INFO - Started process (PID=432) to work on /home/airflow/.local/lib/python3.12/site-packages/airflow/example_dags/example_branch_labels.py
[2024-12-24T18:53:09.983+0000] {processor.py:914} INFO - Processing file /home/airflow/.local/lib/python3.12/site-packages/airflow/example_dags/example_branch_labels.py for tasks to queue
[2024-12-24T18:53:09.985+0000] {logging_mixin.py:190} INFO - [2024-12-24T18:53:09.985+0000] {dagbag.py:588} INFO - Filling up the DagBag from /home/airflow/.local/lib/python3.12/site-packages/airflow/example_dags/example_branch_labels.py
[2024-12-24T18:53:09.995+0000] {processor.py:925} INFO - DAG(s) 'example_branch_labels' retrieved from /home/airflow/.local/lib/python3.12/site-packages/airflow/example_dags/example_branch_labels.py
[2024-12-24T18:53:10.018+0000] {logging_mixin.py:190} INFO - [2024-12-24T18:53:10.018+0000] {dag.py:3239} INFO - Sync 1 DAGs
[2024-12-24T18:53:10.044+0000] {logging_mixin.py:190} INFO - [2024-12-24T18:53:10.043+0000] {dag.py:4180} INFO - Setting next_dagrun for example_branch_labels to 2024-12-23 00:00:00+00:00, run_after=2024-12-24 00:00:00+00:00
[2024-12-24T18:53:10.068+0000] {processor.py:208} INFO - Processing /home/airflow/.local/lib/python3.12/site-packages/airflow/example_dags/example_branch_labels.py took 0.092 seconds
[2024-12-24T18:53:43.670+0000] {processor.py:186} INFO - Started process (PID=496) to work on /home/airflow/.local/lib/python3.12/site-packages/airflow/example_dags/example_branch_labels.py
[2024-12-24T18:53:43.672+0000] {processor.py:914} INFO - Processing file /home/airflow/.local/lib/python3.12/site-packages/airflow/example_dags/example_branch_labels.py for tasks to queue
[2024-12-24T18:53:43.675+0000] {logging_mixin.py:190} INFO - [2024-12-24T18:53:43.675+0000] {dagbag.py:588} INFO - Filling up the DagBag from /home/airflow/.local/lib/python3.12/site-packages/airflow/example_dags/example_branch_labels.py
[2024-12-24T18:53:43.685+0000] {processor.py:925} INFO - DAG(s) 'example_branch_labels' retrieved from /home/airflow/.local/lib/python3.12/site-packages/airflow/example_dags/example_branch_labels.py
[2024-12-24T18:53:43.710+0000] {logging_mixin.py:190} INFO - [2024-12-24T18:53:43.710+0000] {dag.py:3239} INFO - Sync 1 DAGs
[2024-12-24T18:53:43.743+0000] {logging_mixin.py:190} INFO - [2024-12-24T18:53:43.743+0000] {dag.py:4180} INFO - Setting next_dagrun for example_branch_labels to 2024-12-23 00:00:00+00:00, run_after=2024-12-24 00:00:00+00:00
[2024-12-24T18:53:43.775+0000] {processor.py:208} INFO - Processing /home/airflow/.local/lib/python3.12/site-packages/airflow/example_dags/example_branch_labels.py took 0.111 seconds
[2024-12-24T18:54:14.925+0000] {processor.py:186} INFO - Started process (PID=559) to work on /home/airflow/.local/lib/python3.12/site-packages/airflow/example_dags/example_branch_labels.py
[2024-12-24T18:54:14.927+0000] {processor.py:914} INFO - Processing file /home/airflow/.local/lib/python3.12/site-packages/airflow/example_dags/example_branch_labels.py for tasks to queue
[2024-12-24T18:54:14.930+0000] {logging_mixin.py:190} INFO - [2024-12-24T18:54:14.929+0000] {dagbag.py:588} INFO - Filling up the DagBag from /home/airflow/.local/lib/python3.12/site-packages/airflow/example_dags/example_branch_labels.py
[2024-12-24T18:54:14.940+0000] {processor.py:925} INFO - DAG(s) 'example_branch_labels' retrieved from /home/airflow/.local/lib/python3.12/site-packages/airflow/example_dags/example_branch_labels.py
[2024-12-24T18:54:14.966+0000] {logging_mixin.py:190} INFO - [2024-12-24T18:54:14.965+0000] {dag.py:3239} INFO - Sync 1 DAGs
[2024-12-24T18:54:14.993+0000] {logging_mixin.py:190} INFO - [2024-12-24T18:54:14.992+0000] {dag.py:4180} INFO - Setting next_dagrun for example_branch_labels to 2024-12-23 00:00:00+00:00, run_after=2024-12-24 00:00:00+00:00
[2024-12-24T18:54:15.016+0000] {processor.py:208} INFO - Processing /home/airflow/.local/lib/python3.12/site-packages/airflow/example_dags/example_branch_labels.py took 0.097 seconds
[2024-12-24T18:54:46.684+0000] {processor.py:186} INFO - Started process (PID=622) to work on /home/airflow/.local/lib/python3.12/site-packages/airflow/example_dags/example_branch_labels.py
[2024-12-24T18:54:46.685+0000] {processor.py:914} INFO - Processing file /home/airflow/.local/lib/python3.12/site-packages/airflow/example_dags/example_branch_labels.py for tasks to queue
[2024-12-24T18:54:46.688+0000] {logging_mixin.py:190} INFO - [2024-12-24T18:54:46.688+0000] {dagbag.py:588} INFO - Filling up the DagBag from /home/airflow/.local/lib/python3.12/site-packages/airflow/example_dags/example_branch_labels.py
[2024-12-24T18:54:46.700+0000] {processor.py:925} INFO - DAG(s) 'example_branch_labels' retrieved from /home/airflow/.local/lib/python3.12/site-packages/airflow/example_dags/example_branch_labels.py
[2024-12-24T18:54:46.728+0000] {logging_mixin.py:190} INFO - [2024-12-24T18:54:46.727+0000] {dag.py:3239} INFO - Sync 1 DAGs
[2024-12-24T18:54:46.759+0000] {logging_mixin.py:190} INFO - [2024-12-24T18:54:46.759+0000] {dag.py:4180} INFO - Setting next_dagrun for example_branch_labels to 2024-12-23 00:00:00+00:00, run_after=2024-12-24 00:00:00+00:00
[2024-12-24T18:54:46.794+0000] {processor.py:208} INFO - Processing /home/airflow/.local/lib/python3.12/site-packages/airflow/example_dags/example_branch_labels.py took 0.118 seconds
[2024-12-24T18:55:18.521+0000] {processor.py:186} INFO - Started process (PID=691) to work on /home/airflow/.local/lib/python3.12/site-packages/airflow/example_dags/example_branch_labels.py
[2024-12-24T18:55:18.523+0000] {processor.py:914} INFO - Processing file /home/airflow/.local/lib/python3.12/site-packages/airflow/example_dags/example_branch_labels.py for tasks to queue
[2024-12-24T18:55:18.526+0000] {logging_mixin.py:190} INFO - [2024-12-24T18:55:18.526+0000] {dagbag.py:588} INFO - Filling up the DagBag from /home/airflow/.local/lib/python3.12/site-packages/airflow/example_dags/example_branch_labels.py
[2024-12-24T18:55:18.536+0000] {processor.py:925} INFO - DAG(s) 'example_branch_labels' retrieved from /home/airflow/.local/lib/python3.12/site-packages/airflow/example_dags/example_branch_labels.py
[2024-12-24T18:55:18.564+0000] {logging_mixin.py:190} INFO - [2024-12-24T18:55:18.564+0000] {dag.py:3239} INFO - Sync 1 DAGs
[2024-12-24T18:55:18.599+0000] {logging_mixin.py:190} INFO - [2024-12-24T18:55:18.598+0000] {dag.py:4180} INFO - Setting next_dagrun for example_branch_labels to 2024-12-23 00:00:00+00:00, run_after=2024-12-24 00:00:00+00:00
[2024-12-24T18:55:18.631+0000] {processor.py:208} INFO - Processing /home/airflow/.local/lib/python3.12/site-packages/airflow/example_dags/example_branch_labels.py took 0.116 seconds
[2024-12-24T18:55:49.552+0000] {processor.py:186} INFO - Started process (PID=754) to work on /home/airflow/.local/lib/python3.12/site-packages/airflow/example_dags/example_branch_labels.py
[2024-12-24T18:55:49.553+0000] {processor.py:914} INFO - Processing file /home/airflow/.local/lib/python3.12/site-packages/airflow/example_dags/example_branch_labels.py for tasks to queue
[2024-12-24T18:55:49.556+0000] {logging_mixin.py:190} INFO - [2024-12-24T18:55:49.555+0000] {dagbag.py:588} INFO - Filling up the DagBag from /home/airflow/.local/lib/python3.12/site-packages/airflow/example_dags/example_branch_labels.py
[2024-12-24T18:55:49.568+0000] {processor.py:925} INFO - DAG(s) 'example_branch_labels' retrieved from /home/airflow/.local/lib/python3.12/site-packages/airflow/example_dags/example_branch_labels.py
[2024-12-24T18:55:49.594+0000] {logging_mixin.py:190} INFO - [2024-12-24T18:55:49.594+0000] {dag.py:3239} INFO - Sync 1 DAGs
[2024-12-24T18:55:49.623+0000] {logging_mixin.py:190} INFO - [2024-12-24T18:55:49.623+0000] {dag.py:4180} INFO - Setting next_dagrun for example_branch_labels to 2024-12-23 00:00:00+00:00, run_after=2024-12-24 00:00:00+00:00
[2024-12-24T18:55:49.648+0000] {processor.py:208} INFO - Processing /home/airflow/.local/lib/python3.12/site-packages/airflow/example_dags/example_branch_labels.py took 0.103 seconds
[2024-12-24T18:56:21.259+0000] {processor.py:186} INFO - Started process (PID=817) to work on /home/airflow/.local/lib/python3.12/site-packages/airflow/example_dags/example_branch_labels.py
[2024-12-24T18:56:21.260+0000] {processor.py:914} INFO - Processing file /home/airflow/.local/lib/python3.12/site-packages/airflow/example_dags/example_branch_labels.py for tasks to queue
[2024-12-24T18:56:21.263+0000] {logging_mixin.py:190} INFO - [2024-12-24T18:56:21.263+0000] {dagbag.py:588} INFO - Filling up the DagBag from /home/airflow/.local/lib/python3.12/site-packages/airflow/example_dags/example_branch_labels.py
[2024-12-24T18:56:21.277+0000] {processor.py:925} INFO - DAG(s) 'example_branch_labels' retrieved from /home/airflow/.local/lib/python3.12/site-packages/airflow/example_dags/example_branch_labels.py
[2024-12-24T18:56:21.304+0000] {logging_mixin.py:190} INFO - [2024-12-24T18:56:21.303+0000] {dag.py:3239} INFO - Sync 1 DAGs
[2024-12-24T18:56:21.333+0000] {logging_mixin.py:190} INFO - [2024-12-24T18:56:21.333+0000] {dag.py:4180} INFO - Setting next_dagrun for example_branch_labels to 2024-12-23 00:00:00+00:00, run_after=2024-12-24 00:00:00+00:00
[2024-12-24T18:56:21.363+0000] {processor.py:208} INFO - Processing /home/airflow/.local/lib/python3.12/site-packages/airflow/example_dags/example_branch_labels.py took 0.111 seconds
[2024-12-24T18:56:52.090+0000] {processor.py:186} INFO - Started process (PID=880) to work on /home/airflow/.local/lib/python3.12/site-packages/airflow/example_dags/example_branch_labels.py
[2024-12-24T18:56:52.092+0000] {processor.py:914} INFO - Processing file /home/airflow/.local/lib/python3.12/site-packages/airflow/example_dags/example_branch_labels.py for tasks to queue
[2024-12-24T18:56:52.098+0000] {logging_mixin.py:190} INFO - [2024-12-24T18:56:52.097+0000] {dagbag.py:588} INFO - Filling up the DagBag from /home/airflow/.local/lib/python3.12/site-packages/airflow/example_dags/example_branch_labels.py
[2024-12-24T18:56:52.115+0000] {processor.py:925} INFO - DAG(s) 'example_branch_labels' retrieved from /home/airflow/.local/lib/python3.12/site-packages/airflow/example_dags/example_branch_labels.py
[2024-12-24T18:56:52.149+0000] {logging_mixin.py:190} INFO - [2024-12-24T18:56:52.148+0000] {dag.py:3239} INFO - Sync 1 DAGs
[2024-12-24T18:56:52.182+0000] {logging_mixin.py:190} INFO - [2024-12-24T18:56:52.182+0000] {dag.py:4180} INFO - Setting next_dagrun for example_branch_labels to 2024-12-23 00:00:00+00:00, run_after=2024-12-24 00:00:00+00:00
[2024-12-24T18:56:52.219+0000] {processor.py:208} INFO - Processing /home/airflow/.local/lib/python3.12/site-packages/airflow/example_dags/example_branch_labels.py took 0.135 seconds
[2024-12-24T18:57:22.522+0000] {processor.py:186} INFO - Started process (PID=943) to work on /home/airflow/.local/lib/python3.12/site-packages/airflow/example_dags/example_branch_labels.py
[2024-12-24T18:57:22.523+0000] {processor.py:914} INFO - Processing file /home/airflow/.local/lib/python3.12/site-packages/airflow/example_dags/example_branch_labels.py for tasks to queue
[2024-12-24T18:57:22.526+0000] {logging_mixin.py:190} INFO - [2024-12-24T18:57:22.526+0000] {dagbag.py:588} INFO - Filling up the DagBag from /home/airflow/.local/lib/python3.12/site-packages/airflow/example_dags/example_branch_labels.py
[2024-12-24T18:57:22.536+0000] {processor.py:925} INFO - DAG(s) 'example_branch_labels' retrieved from /home/airflow/.local/lib/python3.12/site-packages/airflow/example_dags/example_branch_labels.py
[2024-12-24T18:57:22.560+0000] {logging_mixin.py:190} INFO - [2024-12-24T18:57:22.559+0000] {dag.py:3239} INFO - Sync 1 DAGs
[2024-12-24T18:57:22.586+0000] {logging_mixin.py:190} INFO - [2024-12-24T18:57:22.586+0000] {dag.py:4180} INFO - Setting next_dagrun for example_branch_labels to 2024-12-23 00:00:00+00:00, run_after=2024-12-24 00:00:00+00:00
[2024-12-24T18:57:22.609+0000] {processor.py:208} INFO - Processing /home/airflow/.local/lib/python3.12/site-packages/airflow/example_dags/example_branch_labels.py took 0.093 seconds
[2024-12-24T18:57:53.553+0000] {processor.py:186} INFO - Started process (PID=1006) to work on /home/airflow/.local/lib/python3.12/site-packages/airflow/example_dags/example_branch_labels.py
[2024-12-24T18:57:53.554+0000] {processor.py:914} INFO - Processing file /home/airflow/.local/lib/python3.12/site-packages/airflow/example_dags/example_branch_labels.py for tasks to queue
[2024-12-24T18:57:53.557+0000] {logging_mixin.py:190} INFO - [2024-12-24T18:57:53.557+0000] {dagbag.py:588} INFO - Filling up the DagBag from /home/airflow/.local/lib/python3.12/site-packages/airflow/example_dags/example_branch_labels.py
[2024-12-24T18:57:53.567+0000] {processor.py:925} INFO - DAG(s) 'example_branch_labels' retrieved from /home/airflow/.local/lib/python3.12/site-packages/airflow/example_dags/example_branch_labels.py
[2024-12-24T18:57:53.593+0000] {logging_mixin.py:190} INFO - [2024-12-24T18:57:53.592+0000] {dag.py:3239} INFO - Sync 1 DAGs
[2024-12-24T18:57:53.621+0000] {logging_mixin.py:190} INFO - [2024-12-24T18:57:53.621+0000] {dag.py:4180} INFO - Setting next_dagrun for example_branch_labels to 2024-12-23 00:00:00+00:00, run_after=2024-12-24 00:00:00+00:00
[2024-12-24T18:57:53.647+0000] {processor.py:208} INFO - Processing /home/airflow/.local/lib/python3.12/site-packages/airflow/example_dags/example_branch_labels.py took 0.100 seconds
[2024-12-24T18:58:24.713+0000] {processor.py:186} INFO - Started process (PID=1069) to work on /home/airflow/.local/lib/python3.12/site-packages/airflow/example_dags/example_branch_labels.py
[2024-12-24T18:58:24.715+0000] {processor.py:914} INFO - Processing file /home/airflow/.local/lib/python3.12/site-packages/airflow/example_dags/example_branch_labels.py for tasks to queue
[2024-12-24T18:58:24.717+0000] {logging_mixin.py:190} INFO - [2024-12-24T18:58:24.717+0000] {dagbag.py:588} INFO - Filling up the DagBag from /home/airflow/.local/lib/python3.12/site-packages/airflow/example_dags/example_branch_labels.py
[2024-12-24T18:58:24.729+0000] {processor.py:925} INFO - DAG(s) 'example_branch_labels' retrieved from /home/airflow/.local/lib/python3.12/site-packages/airflow/example_dags/example_branch_labels.py
[2024-12-24T18:58:24.751+0000] {logging_mixin.py:190} INFO - [2024-12-24T18:58:24.751+0000] {dag.py:3239} INFO - Sync 1 DAGs
[2024-12-24T18:58:24.778+0000] {logging_mixin.py:190} INFO - [2024-12-24T18:58:24.778+0000] {dag.py:4180} INFO - Setting next_dagrun for example_branch_labels to 2024-12-23 00:00:00+00:00, run_after=2024-12-24 00:00:00+00:00
[2024-12-24T18:58:24.804+0000] {processor.py:208} INFO - Processing /home/airflow/.local/lib/python3.12/site-packages/airflow/example_dags/example_branch_labels.py took 0.096 seconds
[2024-12-24T18:58:56.654+0000] {processor.py:186} INFO - Started process (PID=1132) to work on /home/airflow/.local/lib/python3.12/site-packages/airflow/example_dags/example_branch_labels.py
[2024-12-24T18:58:56.656+0000] {processor.py:914} INFO - Processing file /home/airflow/.local/lib/python3.12/site-packages/airflow/example_dags/example_branch_labels.py for tasks to queue
[2024-12-24T18:58:56.658+0000] {logging_mixin.py:190} INFO - [2024-12-24T18:58:56.658+0000] {dagbag.py:588} INFO - Filling up the DagBag from /home/airflow/.local/lib/python3.12/site-packages/airflow/example_dags/example_branch_labels.py
[2024-12-24T18:58:56.670+0000] {processor.py:925} INFO - DAG(s) 'example_branch_labels' retrieved from /home/airflow/.local/lib/python3.12/site-packages/airflow/example_dags/example_branch_labels.py
[2024-12-24T18:58:56.697+0000] {logging_mixin.py:190} INFO - [2024-12-24T18:58:56.697+0000] {dag.py:3239} INFO - Sync 1 DAGs
[2024-12-24T18:58:56.726+0000] {logging_mixin.py:190} INFO - [2024-12-24T18:58:56.726+0000] {dag.py:4180} INFO - Setting next_dagrun for example_branch_labels to 2024-12-23 00:00:00+00:00, run_after=2024-12-24 00:00:00+00:00
[2024-12-24T18:58:56.750+0000] {processor.py:208} INFO - Processing /home/airflow/.local/lib/python3.12/site-packages/airflow/example_dags/example_branch_labels.py took 0.104 seconds
[2024-12-24T18:59:27.376+0000] {processor.py:186} INFO - Started process (PID=1194) to work on /home/airflow/.local/lib/python3.12/site-packages/airflow/example_dags/example_branch_labels.py
[2024-12-24T18:59:27.377+0000] {processor.py:914} INFO - Processing file /home/airflow/.local/lib/python3.12/site-packages/airflow/example_dags/example_branch_labels.py for tasks to queue
[2024-12-24T18:59:27.380+0000] {logging_mixin.py:190} INFO - [2024-12-24T18:59:27.380+0000] {dagbag.py:588} INFO - Filling up the DagBag from /home/airflow/.local/lib/python3.12/site-packages/airflow/example_dags/example_branch_labels.py
[2024-12-24T18:59:27.390+0000] {processor.py:925} INFO - DAG(s) 'example_branch_labels' retrieved from /home/airflow/.local/lib/python3.12/site-packages/airflow/example_dags/example_branch_labels.py
[2024-12-24T18:59:27.412+0000] {logging_mixin.py:190} INFO - [2024-12-24T18:59:27.412+0000] {dag.py:3239} INFO - Sync 1 DAGs
[2024-12-24T18:59:27.438+0000] {logging_mixin.py:190} INFO - [2024-12-24T18:59:27.437+0000] {dag.py:4180} INFO - Setting next_dagrun for example_branch_labels to 2024-12-23 00:00:00+00:00, run_after=2024-12-24 00:00:00+00:00
[2024-12-24T18:59:27.462+0000] {processor.py:208} INFO - Processing /home/airflow/.local/lib/python3.12/site-packages/airflow/example_dags/example_branch_labels.py took 0.093 seconds
[2024-12-24T18:59:57.552+0000] {processor.py:186} INFO - Started process (PID=1257) to work on /home/airflow/.local/lib/python3.12/site-packages/airflow/example_dags/example_branch_labels.py
[2024-12-24T18:59:57.554+0000] {processor.py:914} INFO - Processing file /home/airflow/.local/lib/python3.12/site-packages/airflow/example_dags/example_branch_labels.py for tasks to queue
[2024-12-24T18:59:57.557+0000] {logging_mixin.py:190} INFO - [2024-12-24T18:59:57.557+0000] {dagbag.py:588} INFO - Filling up the DagBag from /home/airflow/.local/lib/python3.12/site-packages/airflow/example_dags/example_branch_labels.py
[2024-12-24T18:59:57.569+0000] {processor.py:925} INFO - DAG(s) 'example_branch_labels' retrieved from /home/airflow/.local/lib/python3.12/site-packages/airflow/example_dags/example_branch_labels.py
[2024-12-24T18:59:57.597+0000] {logging_mixin.py:190} INFO - [2024-12-24T18:59:57.596+0000] {dag.py:3239} INFO - Sync 1 DAGs
[2024-12-24T18:59:57.624+0000] {logging_mixin.py:190} INFO - [2024-12-24T18:59:57.624+0000] {dag.py:4180} INFO - Setting next_dagrun for example_branch_labels to 2024-12-23 00:00:00+00:00, run_after=2024-12-24 00:00:00+00:00
[2024-12-24T18:59:57.651+0000] {processor.py:208} INFO - Processing /home/airflow/.local/lib/python3.12/site-packages/airflow/example_dags/example_branch_labels.py took 0.104 seconds
[2024-12-24T19:00:28.090+0000] {processor.py:186} INFO - Started process (PID=1319) to work on /home/airflow/.local/lib/python3.12/site-packages/airflow/example_dags/example_branch_labels.py
[2024-12-24T19:00:28.092+0000] {processor.py:914} INFO - Processing file /home/airflow/.local/lib/python3.12/site-packages/airflow/example_dags/example_branch_labels.py for tasks to queue
[2024-12-24T19:00:28.094+0000] {logging_mixin.py:190} INFO - [2024-12-24T19:00:28.094+0000] {dagbag.py:588} INFO - Filling up the DagBag from /home/airflow/.local/lib/python3.12/site-packages/airflow/example_dags/example_branch_labels.py
[2024-12-24T19:00:28.104+0000] {processor.py:925} INFO - DAG(s) 'example_branch_labels' retrieved from /home/airflow/.local/lib/python3.12/site-packages/airflow/example_dags/example_branch_labels.py
[2024-12-24T19:00:28.128+0000] {logging_mixin.py:190} INFO - [2024-12-24T19:00:28.127+0000] {dag.py:3239} INFO - Sync 1 DAGs
[2024-12-24T19:00:28.154+0000] {logging_mixin.py:190} INFO - [2024-12-24T19:00:28.154+0000] {dag.py:4180} INFO - Setting next_dagrun for example_branch_labels to 2024-12-23 00:00:00+00:00, run_after=2024-12-24 00:00:00+00:00
[2024-12-24T19:00:28.182+0000] {processor.py:208} INFO - Processing /home/airflow/.local/lib/python3.12/site-packages/airflow/example_dags/example_branch_labels.py took 0.098 seconds
[2024-12-24T19:00:58.724+0000] {processor.py:186} INFO - Started process (PID=1381) to work on /home/airflow/.local/lib/python3.12/site-packages/airflow/example_dags/example_branch_labels.py
[2024-12-24T19:00:58.725+0000] {processor.py:914} INFO - Processing file /home/airflow/.local/lib/python3.12/site-packages/airflow/example_dags/example_branch_labels.py for tasks to queue
[2024-12-24T19:00:58.728+0000] {logging_mixin.py:190} INFO - [2024-12-24T19:00:58.728+0000] {dagbag.py:588} INFO - Filling up the DagBag from /home/airflow/.local/lib/python3.12/site-packages/airflow/example_dags/example_branch_labels.py
[2024-12-24T19:00:58.738+0000] {processor.py:925} INFO - DAG(s) 'example_branch_labels' retrieved from /home/airflow/.local/lib/python3.12/site-packages/airflow/example_dags/example_branch_labels.py
[2024-12-24T19:00:58.763+0000] {logging_mixin.py:190} INFO - [2024-12-24T19:00:58.763+0000] {dag.py:3239} INFO - Sync 1 DAGs
[2024-12-24T19:00:58.790+0000] {logging_mixin.py:190} INFO - [2024-12-24T19:00:58.789+0000] {dag.py:4180} INFO - Setting next_dagrun for example_branch_labels to 2024-12-23 00:00:00+00:00, run_after=2024-12-24 00:00:00+00:00
[2024-12-24T19:00:58.813+0000] {processor.py:208} INFO - Processing /home/airflow/.local/lib/python3.12/site-packages/airflow/example_dags/example_branch_labels.py took 0.095 seconds
[2024-12-24T19:01:29.542+0000] {processor.py:186} INFO - Started process (PID=1444) to work on /home/airflow/.local/lib/python3.12/site-packages/airflow/example_dags/example_branch_labels.py
[2024-12-24T19:01:29.543+0000] {processor.py:914} INFO - Processing file /home/airflow/.local/lib/python3.12/site-packages/airflow/example_dags/example_branch_labels.py for tasks to queue
[2024-12-24T19:01:29.546+0000] {logging_mixin.py:190} INFO - [2024-12-24T19:01:29.546+0000] {dagbag.py:588} INFO - Filling up the DagBag from /home/airflow/.local/lib/python3.12/site-packages/airflow/example_dags/example_branch_labels.py
[2024-12-24T19:01:29.557+0000] {processor.py:925} INFO - DAG(s) 'example_branch_labels' retrieved from /home/airflow/.local/lib/python3.12/site-packages/airflow/example_dags/example_branch_labels.py
[2024-12-24T19:01:29.580+0000] {logging_mixin.py:190} INFO - [2024-12-24T19:01:29.579+0000] {dag.py:3239} INFO - Sync 1 DAGs
[2024-12-24T19:01:29.607+0000] {logging_mixin.py:190} INFO - [2024-12-24T19:01:29.606+0000] {dag.py:4180} INFO - Setting next_dagrun for example_branch_labels to 2024-12-23 00:00:00+00:00, run_after=2024-12-24 00:00:00+00:00
[2024-12-24T19:01:29.630+0000] {processor.py:208} INFO - Processing /home/airflow/.local/lib/python3.12/site-packages/airflow/example_dags/example_branch_labels.py took 0.094 seconds
[2024-12-24T19:02:00.219+0000] {processor.py:186} INFO - Started process (PID=1507) to work on /home/airflow/.local/lib/python3.12/site-packages/airflow/example_dags/example_branch_labels.py
[2024-12-24T19:02:00.221+0000] {processor.py:914} INFO - Processing file /home/airflow/.local/lib/python3.12/site-packages/airflow/example_dags/example_branch_labels.py for tasks to queue
[2024-12-24T19:02:00.225+0000] {logging_mixin.py:190} INFO - [2024-12-24T19:02:00.225+0000] {dagbag.py:588} INFO - Filling up the DagBag from /home/airflow/.local/lib/python3.12/site-packages/airflow/example_dags/example_branch_labels.py
[2024-12-24T19:02:00.236+0000] {processor.py:925} INFO - DAG(s) 'example_branch_labels' retrieved from /home/airflow/.local/lib/python3.12/site-packages/airflow/example_dags/example_branch_labels.py
[2024-12-24T19:02:00.269+0000] {logging_mixin.py:190} INFO - [2024-12-24T19:02:00.269+0000] {dag.py:3239} INFO - Sync 1 DAGs
[2024-12-24T19:02:00.314+0000] {logging_mixin.py:190} INFO - [2024-12-24T19:02:00.313+0000] {dag.py:4180} INFO - Setting next_dagrun for example_branch_labels to 2024-12-23 00:00:00+00:00, run_after=2024-12-24 00:00:00+00:00
[2024-12-24T19:02:00.352+0000] {processor.py:208} INFO - Processing /home/airflow/.local/lib/python3.12/site-packages/airflow/example_dags/example_branch_labels.py took 0.142 seconds
[2024-12-24T19:02:30.985+0000] {processor.py:186} INFO - Started process (PID=1575) to work on /home/airflow/.local/lib/python3.12/site-packages/airflow/example_dags/example_branch_labels.py
[2024-12-24T19:02:30.986+0000] {processor.py:914} INFO - Processing file /home/airflow/.local/lib/python3.12/site-packages/airflow/example_dags/example_branch_labels.py for tasks to queue
[2024-12-24T19:02:30.989+0000] {logging_mixin.py:190} INFO - [2024-12-24T19:02:30.989+0000] {dagbag.py:588} INFO - Filling up the DagBag from /home/airflow/.local/lib/python3.12/site-packages/airflow/example_dags/example_branch_labels.py
[2024-12-24T19:02:31.000+0000] {processor.py:925} INFO - DAG(s) 'example_branch_labels' retrieved from /home/airflow/.local/lib/python3.12/site-packages/airflow/example_dags/example_branch_labels.py
[2024-12-24T19:02:31.027+0000] {logging_mixin.py:190} INFO - [2024-12-24T19:02:31.027+0000] {dag.py:3239} INFO - Sync 1 DAGs
[2024-12-24T19:02:31.058+0000] {logging_mixin.py:190} INFO - [2024-12-24T19:02:31.057+0000] {dag.py:4180} INFO - Setting next_dagrun for example_branch_labels to 2024-12-23 00:00:00+00:00, run_after=2024-12-24 00:00:00+00:00
[2024-12-24T19:02:31.083+0000] {processor.py:208} INFO - Processing /home/airflow/.local/lib/python3.12/site-packages/airflow/example_dags/example_branch_labels.py took 0.104 seconds
[2024-12-24T19:03:03.107+0000] {processor.py:186} INFO - Started process (PID=1638) to work on /home/airflow/.local/lib/python3.12/site-packages/airflow/example_dags/example_branch_labels.py
[2024-12-24T19:03:03.109+0000] {processor.py:914} INFO - Processing file /home/airflow/.local/lib/python3.12/site-packages/airflow/example_dags/example_branch_labels.py for tasks to queue
[2024-12-24T19:03:03.113+0000] {logging_mixin.py:190} INFO - [2024-12-24T19:03:03.112+0000] {dagbag.py:588} INFO - Filling up the DagBag from /home/airflow/.local/lib/python3.12/site-packages/airflow/example_dags/example_branch_labels.py
[2024-12-24T19:03:03.129+0000] {processor.py:925} INFO - DAG(s) 'example_branch_labels' retrieved from /home/airflow/.local/lib/python3.12/site-packages/airflow/example_dags/example_branch_labels.py
[2024-12-24T19:03:03.159+0000] {logging_mixin.py:190} INFO - [2024-12-24T19:03:03.159+0000] {dag.py:3239} INFO - Sync 1 DAGs
[2024-12-24T19:03:03.193+0000] {logging_mixin.py:190} INFO - [2024-12-24T19:03:03.192+0000] {dag.py:4180} INFO - Setting next_dagrun for example_branch_labels to 2024-12-23 00:00:00+00:00, run_after=2024-12-24 00:00:00+00:00
[2024-12-24T19:03:03.235+0000] {processor.py:208} INFO - Processing /home/airflow/.local/lib/python3.12/site-packages/airflow/example_dags/example_branch_labels.py took 0.135 seconds
[2024-12-24T19:03:33.517+0000] {processor.py:186} INFO - Started process (PID=1701) to work on /home/airflow/.local/lib/python3.12/site-packages/airflow/example_dags/example_branch_labels.py
[2024-12-24T19:03:33.519+0000] {processor.py:914} INFO - Processing file /home/airflow/.local/lib/python3.12/site-packages/airflow/example_dags/example_branch_labels.py for tasks to queue
[2024-12-24T19:03:33.523+0000] {logging_mixin.py:190} INFO - [2024-12-24T19:03:33.522+0000] {dagbag.py:588} INFO - Filling up the DagBag from /home/airflow/.local/lib/python3.12/site-packages/airflow/example_dags/example_branch_labels.py
[2024-12-24T19:03:33.534+0000] {processor.py:925} INFO - DAG(s) 'example_branch_labels' retrieved from /home/airflow/.local/lib/python3.12/site-packages/airflow/example_dags/example_branch_labels.py
[2024-12-24T19:03:33.560+0000] {logging_mixin.py:190} INFO - [2024-12-24T19:03:33.560+0000] {dag.py:3239} INFO - Sync 1 DAGs
[2024-12-24T19:03:33.587+0000] {logging_mixin.py:190} INFO - [2024-12-24T19:03:33.586+0000] {dag.py:4180} INFO - Setting next_dagrun for example_branch_labels to 2024-12-23 00:00:00+00:00, run_after=2024-12-24 00:00:00+00:00
[2024-12-24T19:03:33.610+0000] {processor.py:208} INFO - Processing /home/airflow/.local/lib/python3.12/site-packages/airflow/example_dags/example_branch_labels.py took 0.100 seconds
[2024-12-24T19:04:04.347+0000] {processor.py:186} INFO - Started process (PID=1764) to work on /home/airflow/.local/lib/python3.12/site-packages/airflow/example_dags/example_branch_labels.py
[2024-12-24T19:04:04.348+0000] {processor.py:914} INFO - Processing file /home/airflow/.local/lib/python3.12/site-packages/airflow/example_dags/example_branch_labels.py for tasks to queue
[2024-12-24T19:04:04.351+0000] {logging_mixin.py:190} INFO - [2024-12-24T19:04:04.351+0000] {dagbag.py:588} INFO - Filling up the DagBag from /home/airflow/.local/lib/python3.12/site-packages/airflow/example_dags/example_branch_labels.py
[2024-12-24T19:04:04.361+0000] {processor.py:925} INFO - DAG(s) 'example_branch_labels' retrieved from /home/airflow/.local/lib/python3.12/site-packages/airflow/example_dags/example_branch_labels.py
[2024-12-24T19:04:04.385+0000] {logging_mixin.py:190} INFO - [2024-12-24T19:04:04.384+0000] {dag.py:3239} INFO - Sync 1 DAGs
[2024-12-24T19:04:04.410+0000] {logging_mixin.py:190} INFO - [2024-12-24T19:04:04.410+0000] {dag.py:4180} INFO - Setting next_dagrun for example_branch_labels to 2024-12-23 00:00:00+00:00, run_after=2024-12-24 00:00:00+00:00
[2024-12-24T19:04:04.440+0000] {processor.py:208} INFO - Processing /home/airflow/.local/lib/python3.12/site-packages/airflow/example_dags/example_branch_labels.py took 0.098 seconds
[2024-12-24T19:04:34.904+0000] {processor.py:186} INFO - Started process (PID=1827) to work on /home/airflow/.local/lib/python3.12/site-packages/airflow/example_dags/example_branch_labels.py
[2024-12-24T19:04:34.905+0000] {processor.py:914} INFO - Processing file /home/airflow/.local/lib/python3.12/site-packages/airflow/example_dags/example_branch_labels.py for tasks to queue
[2024-12-24T19:04:34.908+0000] {logging_mixin.py:190} INFO - [2024-12-24T19:04:34.907+0000] {dagbag.py:588} INFO - Filling up the DagBag from /home/airflow/.local/lib/python3.12/site-packages/airflow/example_dags/example_branch_labels.py
[2024-12-24T19:04:34.919+0000] {processor.py:925} INFO - DAG(s) 'example_branch_labels' retrieved from /home/airflow/.local/lib/python3.12/site-packages/airflow/example_dags/example_branch_labels.py
[2024-12-24T19:04:34.943+0000] {logging_mixin.py:190} INFO - [2024-12-24T19:04:34.943+0000] {dag.py:3239} INFO - Sync 1 DAGs
[2024-12-24T19:04:34.974+0000] {logging_mixin.py:190} INFO - [2024-12-24T19:04:34.973+0000] {dag.py:4180} INFO - Setting next_dagrun for example_branch_labels to 2024-12-23 00:00:00+00:00, run_after=2024-12-24 00:00:00+00:00
[2024-12-24T19:04:35.000+0000] {processor.py:208} INFO - Processing /home/airflow/.local/lib/python3.12/site-packages/airflow/example_dags/example_branch_labels.py took 0.102 seconds
[2024-12-24T19:05:05.064+0000] {processor.py:186} INFO - Started process (PID=1889) to work on /home/airflow/.local/lib/python3.12/site-packages/airflow/example_dags/example_branch_labels.py
[2024-12-24T19:05:05.066+0000] {processor.py:914} INFO - Processing file /home/airflow/.local/lib/python3.12/site-packages/airflow/example_dags/example_branch_labels.py for tasks to queue
[2024-12-24T19:05:05.068+0000] {logging_mixin.py:190} INFO - [2024-12-24T19:05:05.068+0000] {dagbag.py:588} INFO - Filling up the DagBag from /home/airflow/.local/lib/python3.12/site-packages/airflow/example_dags/example_branch_labels.py
[2024-12-24T19:05:05.081+0000] {processor.py:925} INFO - DAG(s) 'example_branch_labels' retrieved from /home/airflow/.local/lib/python3.12/site-packages/airflow/example_dags/example_branch_labels.py
[2024-12-24T19:05:05.110+0000] {logging_mixin.py:190} INFO - [2024-12-24T19:05:05.109+0000] {dag.py:3239} INFO - Sync 1 DAGs
[2024-12-24T19:05:05.139+0000] {logging_mixin.py:190} INFO - [2024-12-24T19:05:05.139+0000] {dag.py:4180} INFO - Setting next_dagrun for example_branch_labels to 2024-12-23 00:00:00+00:00, run_after=2024-12-24 00:00:00+00:00
[2024-12-24T19:05:05.165+0000] {processor.py:208} INFO - Processing /home/airflow/.local/lib/python3.12/site-packages/airflow/example_dags/example_branch_labels.py took 0.108 seconds
[2024-12-24T19:05:35.796+0000] {processor.py:186} INFO - Started process (PID=1952) to work on /home/airflow/.local/lib/python3.12/site-packages/airflow/example_dags/example_branch_labels.py
[2024-12-24T19:05:35.797+0000] {processor.py:914} INFO - Processing file /home/airflow/.local/lib/python3.12/site-packages/airflow/example_dags/example_branch_labels.py for tasks to queue
[2024-12-24T19:05:35.801+0000] {logging_mixin.py:190} INFO - [2024-12-24T19:05:35.800+0000] {dagbag.py:588} INFO - Filling up the DagBag from /home/airflow/.local/lib/python3.12/site-packages/airflow/example_dags/example_branch_labels.py
[2024-12-24T19:05:35.813+0000] {processor.py:925} INFO - DAG(s) 'example_branch_labels' retrieved from /home/airflow/.local/lib/python3.12/site-packages/airflow/example_dags/example_branch_labels.py
[2024-12-24T19:05:35.838+0000] {logging_mixin.py:190} INFO - [2024-12-24T19:05:35.837+0000] {dag.py:3239} INFO - Sync 1 DAGs
[2024-12-24T19:05:35.866+0000] {logging_mixin.py:190} INFO - [2024-12-24T19:05:35.866+0000] {dag.py:4180} INFO - Setting next_dagrun for example_branch_labels to 2024-12-23 00:00:00+00:00, run_after=2024-12-24 00:00:00+00:00
[2024-12-24T19:05:35.892+0000] {processor.py:208} INFO - Processing /home/airflow/.local/lib/python3.12/site-packages/airflow/example_dags/example_branch_labels.py took 0.102 seconds
[2024-12-24T19:06:05.962+0000] {processor.py:186} INFO - Started process (PID=2015) to work on /home/airflow/.local/lib/python3.12/site-packages/airflow/example_dags/example_branch_labels.py
[2024-12-24T19:06:05.964+0000] {processor.py:914} INFO - Processing file /home/airflow/.local/lib/python3.12/site-packages/airflow/example_dags/example_branch_labels.py for tasks to queue
[2024-12-24T19:06:05.967+0000] {logging_mixin.py:190} INFO - [2024-12-24T19:06:05.966+0000] {dagbag.py:588} INFO - Filling up the DagBag from /home/airflow/.local/lib/python3.12/site-packages/airflow/example_dags/example_branch_labels.py
[2024-12-24T19:06:05.977+0000] {processor.py:925} INFO - DAG(s) 'example_branch_labels' retrieved from /home/airflow/.local/lib/python3.12/site-packages/airflow/example_dags/example_branch_labels.py
[2024-12-24T19:06:06.003+0000] {logging_mixin.py:190} INFO - [2024-12-24T19:06:06.003+0000] {dag.py:3239} INFO - Sync 1 DAGs
[2024-12-24T19:06:06.030+0000] {logging_mixin.py:190} INFO - [2024-12-24T19:06:06.029+0000] {dag.py:4180} INFO - Setting next_dagrun for example_branch_labels to 2024-12-23 00:00:00+00:00, run_after=2024-12-24 00:00:00+00:00
[2024-12-24T19:06:06.057+0000] {processor.py:208} INFO - Processing /home/airflow/.local/lib/python3.12/site-packages/airflow/example_dags/example_branch_labels.py took 0.100 seconds
[2024-12-24T19:06:36.314+0000] {processor.py:186} INFO - Started process (PID=2078) to work on /home/airflow/.local/lib/python3.12/site-packages/airflow/example_dags/example_branch_labels.py
[2024-12-24T19:06:36.316+0000] {processor.py:914} INFO - Processing file /home/airflow/.local/lib/python3.12/site-packages/airflow/example_dags/example_branch_labels.py for tasks to queue
[2024-12-24T19:06:36.318+0000] {logging_mixin.py:190} INFO - [2024-12-24T19:06:36.318+0000] {dagbag.py:588} INFO - Filling up the DagBag from /home/airflow/.local/lib/python3.12/site-packages/airflow/example_dags/example_branch_labels.py
[2024-12-24T19:06:36.328+0000] {processor.py:925} INFO - DAG(s) 'example_branch_labels' retrieved from /home/airflow/.local/lib/python3.12/site-packages/airflow/example_dags/example_branch_labels.py
[2024-12-24T19:06:36.354+0000] {logging_mixin.py:190} INFO - [2024-12-24T19:06:36.354+0000] {dag.py:3239} INFO - Sync 1 DAGs
[2024-12-24T19:06:36.382+0000] {logging_mixin.py:190} INFO - [2024-12-24T19:06:36.382+0000] {dag.py:4180} INFO - Setting next_dagrun for example_branch_labels to 2024-12-23 00:00:00+00:00, run_after=2024-12-24 00:00:00+00:00
[2024-12-24T19:06:36.410+0000] {processor.py:208} INFO - Processing /home/airflow/.local/lib/python3.12/site-packages/airflow/example_dags/example_branch_labels.py took 0.102 seconds
[2024-12-24T19:07:07.020+0000] {processor.py:186} INFO - Started process (PID=2141) to work on /home/airflow/.local/lib/python3.12/site-packages/airflow/example_dags/example_branch_labels.py
[2024-12-24T19:07:07.022+0000] {processor.py:914} INFO - Processing file /home/airflow/.local/lib/python3.12/site-packages/airflow/example_dags/example_branch_labels.py for tasks to queue
[2024-12-24T19:07:07.025+0000] {logging_mixin.py:190} INFO - [2024-12-24T19:07:07.024+0000] {dagbag.py:588} INFO - Filling up the DagBag from /home/airflow/.local/lib/python3.12/site-packages/airflow/example_dags/example_branch_labels.py
[2024-12-24T19:07:07.036+0000] {processor.py:925} INFO - DAG(s) 'example_branch_labels' retrieved from /home/airflow/.local/lib/python3.12/site-packages/airflow/example_dags/example_branch_labels.py
[2024-12-24T19:07:07.069+0000] {logging_mixin.py:190} INFO - [2024-12-24T19:07:07.069+0000] {dag.py:3239} INFO - Sync 1 DAGs
[2024-12-24T19:07:07.110+0000] {logging_mixin.py:190} INFO - [2024-12-24T19:07:07.109+0000] {dag.py:4180} INFO - Setting next_dagrun for example_branch_labels to 2024-12-23 00:00:00+00:00, run_after=2024-12-24 00:00:00+00:00
[2024-12-24T19:07:07.142+0000] {processor.py:208} INFO - Processing /home/airflow/.local/lib/python3.12/site-packages/airflow/example_dags/example_branch_labels.py took 0.128 seconds
[2024-12-24T19:07:37.965+0000] {processor.py:186} INFO - Started process (PID=2204) to work on /home/airflow/.local/lib/python3.12/site-packages/airflow/example_dags/example_branch_labels.py
[2024-12-24T19:07:37.967+0000] {processor.py:914} INFO - Processing file /home/airflow/.local/lib/python3.12/site-packages/airflow/example_dags/example_branch_labels.py for tasks to queue
[2024-12-24T19:07:37.971+0000] {logging_mixin.py:190} INFO - [2024-12-24T19:07:37.971+0000] {dagbag.py:588} INFO - Filling up the DagBag from /home/airflow/.local/lib/python3.12/site-packages/airflow/example_dags/example_branch_labels.py
[2024-12-24T19:07:37.983+0000] {processor.py:925} INFO - DAG(s) 'example_branch_labels' retrieved from /home/airflow/.local/lib/python3.12/site-packages/airflow/example_dags/example_branch_labels.py
[2024-12-24T19:07:38.008+0000] {logging_mixin.py:190} INFO - [2024-12-24T19:07:38.008+0000] {dag.py:3239} INFO - Sync 1 DAGs
[2024-12-24T19:07:38.039+0000] {logging_mixin.py:190} INFO - [2024-12-24T19:07:38.039+0000] {dag.py:4180} INFO - Setting next_dagrun for example_branch_labels to 2024-12-23 00:00:00+00:00, run_after=2024-12-24 00:00:00+00:00
[2024-12-24T19:07:38.070+0000] {processor.py:208} INFO - Processing /home/airflow/.local/lib/python3.12/site-packages/airflow/example_dags/example_branch_labels.py took 0.111 seconds
[2024-12-24T19:08:08.670+0000] {processor.py:186} INFO - Started process (PID=2267) to work on /home/airflow/.local/lib/python3.12/site-packages/airflow/example_dags/example_branch_labels.py
[2024-12-24T19:08:08.671+0000] {processor.py:914} INFO - Processing file /home/airflow/.local/lib/python3.12/site-packages/airflow/example_dags/example_branch_labels.py for tasks to queue
[2024-12-24T19:08:08.674+0000] {logging_mixin.py:190} INFO - [2024-12-24T19:08:08.673+0000] {dagbag.py:588} INFO - Filling up the DagBag from /home/airflow/.local/lib/python3.12/site-packages/airflow/example_dags/example_branch_labels.py
[2024-12-24T19:08:08.684+0000] {processor.py:925} INFO - DAG(s) 'example_branch_labels' retrieved from /home/airflow/.local/lib/python3.12/site-packages/airflow/example_dags/example_branch_labels.py
[2024-12-24T19:08:08.707+0000] {logging_mixin.py:190} INFO - [2024-12-24T19:08:08.707+0000] {dag.py:3239} INFO - Sync 1 DAGs
[2024-12-24T19:08:08.732+0000] {logging_mixin.py:190} INFO - [2024-12-24T19:08:08.731+0000] {dag.py:4180} INFO - Setting next_dagrun for example_branch_labels to 2024-12-23 00:00:00+00:00, run_after=2024-12-24 00:00:00+00:00
[2024-12-24T19:08:08.758+0000] {processor.py:208} INFO - Processing /home/airflow/.local/lib/python3.12/site-packages/airflow/example_dags/example_branch_labels.py took 0.094 seconds
[2024-12-24T19:08:39.330+0000] {processor.py:186} INFO - Started process (PID=2330) to work on /home/airflow/.local/lib/python3.12/site-packages/airflow/example_dags/example_branch_labels.py
[2024-12-24T19:08:39.331+0000] {processor.py:914} INFO - Processing file /home/airflow/.local/lib/python3.12/site-packages/airflow/example_dags/example_branch_labels.py for tasks to queue
[2024-12-24T19:08:39.334+0000] {logging_mixin.py:190} INFO - [2024-12-24T19:08:39.333+0000] {dagbag.py:588} INFO - Filling up the DagBag from /home/airflow/.local/lib/python3.12/site-packages/airflow/example_dags/example_branch_labels.py
[2024-12-24T19:08:39.344+0000] {processor.py:925} INFO - DAG(s) 'example_branch_labels' retrieved from /home/airflow/.local/lib/python3.12/site-packages/airflow/example_dags/example_branch_labels.py
[2024-12-24T19:08:39.367+0000] {logging_mixin.py:190} INFO - [2024-12-24T19:08:39.366+0000] {dag.py:3239} INFO - Sync 1 DAGs
[2024-12-24T19:08:39.393+0000] {logging_mixin.py:190} INFO - [2024-12-24T19:08:39.393+0000] {dag.py:4180} INFO - Setting next_dagrun for example_branch_labels to 2024-12-23 00:00:00+00:00, run_after=2024-12-24 00:00:00+00:00
[2024-12-24T19:08:39.418+0000] {processor.py:208} INFO - Processing /home/airflow/.local/lib/python3.12/site-packages/airflow/example_dags/example_branch_labels.py took 0.095 seconds
