[2024-12-24T18:50:33.159+0000] {processor.py:186} INFO - Started process (PID=105) to work on /home/airflow/.local/lib/python3.12/site-packages/airflow/example_dags/example_skip_dag.py
[2024-12-24T18:50:33.160+0000] {processor.py:914} INFO - Processing file /home/airflow/.local/lib/python3.12/site-packages/airflow/example_dags/example_skip_dag.py for tasks to queue
[2024-12-24T18:50:33.163+0000] {logging_mixin.py:190} INFO - [2024-12-24T18:50:33.163+0000] {dagbag.py:588} INFO - Filling up the DagBag from /home/airflow/.local/lib/python3.12/site-packages/airflow/example_dags/example_skip_dag.py
[2024-12-24T18:50:33.172+0000] {processor.py:925} INFO - DAG(s) 'example_skip_dag' retrieved from /home/airflow/.local/lib/python3.12/site-packages/airflow/example_dags/example_skip_dag.py
[2024-12-24T18:50:33.199+0000] {logging_mixin.py:190} INFO - [2024-12-24T18:50:33.199+0000] {dag.py:3239} INFO - Sync 1 DAGs
[2024-12-24T18:50:33.225+0000] {logging_mixin.py:190} INFO - [2024-12-24T18:50:33.224+0000] {dag.py:4180} INFO - Setting next_dagrun for example_skip_dag to 2024-12-23 00:00:00+00:00, run_after=2024-12-24 00:00:00+00:00
[2024-12-24T18:50:33.252+0000] {processor.py:208} INFO - Processing /home/airflow/.local/lib/python3.12/site-packages/airflow/example_dags/example_skip_dag.py took 0.098 seconds
[2024-12-24T18:51:04.798+0000] {processor.py:186} INFO - Started process (PID=168) to work on /home/airflow/.local/lib/python3.12/site-packages/airflow/example_dags/example_skip_dag.py
[2024-12-24T18:51:04.801+0000] {processor.py:914} INFO - Processing file /home/airflow/.local/lib/python3.12/site-packages/airflow/example_dags/example_skip_dag.py for tasks to queue
[2024-12-24T18:51:04.803+0000] {logging_mixin.py:190} INFO - [2024-12-24T18:51:04.803+0000] {dagbag.py:588} INFO - Filling up the DagBag from /home/airflow/.local/lib/python3.12/site-packages/airflow/example_dags/example_skip_dag.py
[2024-12-24T18:51:04.814+0000] {processor.py:925} INFO - DAG(s) 'example_skip_dag' retrieved from /home/airflow/.local/lib/python3.12/site-packages/airflow/example_dags/example_skip_dag.py
[2024-12-24T18:51:04.847+0000] {logging_mixin.py:190} INFO - [2024-12-24T18:51:04.846+0000] {dag.py:3239} INFO - Sync 1 DAGs
[2024-12-24T18:51:04.885+0000] {logging_mixin.py:190} INFO - [2024-12-24T18:51:04.885+0000] {dag.py:4180} INFO - Setting next_dagrun for example_skip_dag to 2024-12-23 00:00:00+00:00, run_after=2024-12-24 00:00:00+00:00
[2024-12-24T18:51:04.925+0000] {processor.py:208} INFO - Processing /home/airflow/.local/lib/python3.12/site-packages/airflow/example_dags/example_skip_dag.py took 0.135 seconds
[2024-12-24T18:51:35.874+0000] {processor.py:186} INFO - Started process (PID=231) to work on /home/airflow/.local/lib/python3.12/site-packages/airflow/example_dags/example_skip_dag.py
[2024-12-24T18:51:35.875+0000] {processor.py:914} INFO - Processing file /home/airflow/.local/lib/python3.12/site-packages/airflow/example_dags/example_skip_dag.py for tasks to queue
[2024-12-24T18:51:35.879+0000] {logging_mixin.py:190} INFO - [2024-12-24T18:51:35.878+0000] {dagbag.py:588} INFO - Filling up the DagBag from /home/airflow/.local/lib/python3.12/site-packages/airflow/example_dags/example_skip_dag.py
[2024-12-24T18:51:35.890+0000] {processor.py:925} INFO - DAG(s) 'example_skip_dag' retrieved from /home/airflow/.local/lib/python3.12/site-packages/airflow/example_dags/example_skip_dag.py
[2024-12-24T18:51:34.986+0000] {logging_mixin.py:190} INFO - [2024-12-24T18:51:34.986+0000] {dag.py:3239} INFO - Sync 1 DAGs
[2024-12-24T18:51:35.030+0000] {logging_mixin.py:190} INFO - [2024-12-24T18:51:35.030+0000] {dag.py:4180} INFO - Setting next_dagrun for example_skip_dag to 2024-12-23 00:00:00+00:00, run_after=2024-12-24 00:00:00+00:00
[2024-12-24T18:51:35.064+0000] {processor.py:208} INFO - Processing /home/airflow/.local/lib/python3.12/site-packages/airflow/example_dags/example_skip_dag.py took 0.134 seconds
[2024-12-24T18:52:05.355+0000] {processor.py:186} INFO - Started process (PID=290) to work on /home/airflow/.local/lib/python3.12/site-packages/airflow/example_dags/example_skip_dag.py
[2024-12-24T18:52:05.358+0000] {processor.py:914} INFO - Processing file /home/airflow/.local/lib/python3.12/site-packages/airflow/example_dags/example_skip_dag.py for tasks to queue
[2024-12-24T18:52:05.361+0000] {logging_mixin.py:190} INFO - [2024-12-24T18:52:05.360+0000] {dagbag.py:588} INFO - Filling up the DagBag from /home/airflow/.local/lib/python3.12/site-packages/airflow/example_dags/example_skip_dag.py
[2024-12-24T18:52:05.376+0000] {processor.py:925} INFO - DAG(s) 'example_skip_dag' retrieved from /home/airflow/.local/lib/python3.12/site-packages/airflow/example_dags/example_skip_dag.py
[2024-12-24T18:52:05.416+0000] {logging_mixin.py:190} INFO - [2024-12-24T18:52:05.415+0000] {dag.py:3239} INFO - Sync 1 DAGs
[2024-12-24T18:52:05.449+0000] {logging_mixin.py:190} INFO - [2024-12-24T18:52:05.449+0000] {dag.py:4180} INFO - Setting next_dagrun for example_skip_dag to 2024-12-23 00:00:00+00:00, run_after=2024-12-24 00:00:00+00:00
[2024-12-24T18:52:05.487+0000] {processor.py:208} INFO - Processing /home/airflow/.local/lib/python3.12/site-packages/airflow/example_dags/example_skip_dag.py took 0.140 seconds
[2024-12-24T18:52:38.013+0000] {processor.py:186} INFO - Started process (PID=358) to work on /home/airflow/.local/lib/python3.12/site-packages/airflow/example_dags/example_skip_dag.py
[2024-12-24T18:52:38.016+0000] {processor.py:914} INFO - Processing file /home/airflow/.local/lib/python3.12/site-packages/airflow/example_dags/example_skip_dag.py for tasks to queue
[2024-12-24T18:52:38.020+0000] {logging_mixin.py:190} INFO - [2024-12-24T18:52:38.019+0000] {dagbag.py:588} INFO - Filling up the DagBag from /home/airflow/.local/lib/python3.12/site-packages/airflow/example_dags/example_skip_dag.py
[2024-12-24T18:52:38.028+0000] {processor.py:925} INFO - DAG(s) 'example_skip_dag' retrieved from /home/airflow/.local/lib/python3.12/site-packages/airflow/example_dags/example_skip_dag.py
[2024-12-24T18:52:38.056+0000] {logging_mixin.py:190} INFO - [2024-12-24T18:52:38.056+0000] {dag.py:3239} INFO - Sync 1 DAGs
[2024-12-24T18:52:38.084+0000] {logging_mixin.py:190} INFO - [2024-12-24T18:52:38.084+0000] {dag.py:4180} INFO - Setting next_dagrun for example_skip_dag to 2024-12-23 00:00:00+00:00, run_after=2024-12-24 00:00:00+00:00
[2024-12-24T18:52:38.110+0000] {processor.py:208} INFO - Processing /home/airflow/.local/lib/python3.12/site-packages/airflow/example_dags/example_skip_dag.py took 0.103 seconds
[2024-12-24T18:53:08.814+0000] {processor.py:186} INFO - Started process (PID=420) to work on /home/airflow/.local/lib/python3.12/site-packages/airflow/example_dags/example_skip_dag.py
[2024-12-24T18:53:08.815+0000] {processor.py:914} INFO - Processing file /home/airflow/.local/lib/python3.12/site-packages/airflow/example_dags/example_skip_dag.py for tasks to queue
[2024-12-24T18:53:08.818+0000] {logging_mixin.py:190} INFO - [2024-12-24T18:53:08.818+0000] {dagbag.py:588} INFO - Filling up the DagBag from /home/airflow/.local/lib/python3.12/site-packages/airflow/example_dags/example_skip_dag.py
[2024-12-24T18:53:08.827+0000] {processor.py:925} INFO - DAG(s) 'example_skip_dag' retrieved from /home/airflow/.local/lib/python3.12/site-packages/airflow/example_dags/example_skip_dag.py
[2024-12-24T18:53:08.850+0000] {logging_mixin.py:190} INFO - [2024-12-24T18:53:08.849+0000] {dag.py:3239} INFO - Sync 1 DAGs
[2024-12-24T18:53:08.874+0000] {logging_mixin.py:190} INFO - [2024-12-24T18:53:08.874+0000] {dag.py:4180} INFO - Setting next_dagrun for example_skip_dag to 2024-12-23 00:00:00+00:00, run_after=2024-12-24 00:00:00+00:00
[2024-12-24T18:53:08.897+0000] {processor.py:208} INFO - Processing /home/airflow/.local/lib/python3.12/site-packages/airflow/example_dags/example_skip_dag.py took 0.089 seconds
[2024-12-24T18:53:41.427+0000] {processor.py:186} INFO - Started process (PID=484) to work on /home/airflow/.local/lib/python3.12/site-packages/airflow/example_dags/example_skip_dag.py
[2024-12-24T18:53:41.428+0000] {processor.py:914} INFO - Processing file /home/airflow/.local/lib/python3.12/site-packages/airflow/example_dags/example_skip_dag.py for tasks to queue
[2024-12-24T18:53:41.431+0000] {logging_mixin.py:190} INFO - [2024-12-24T18:53:41.431+0000] {dagbag.py:588} INFO - Filling up the DagBag from /home/airflow/.local/lib/python3.12/site-packages/airflow/example_dags/example_skip_dag.py
[2024-12-24T18:53:41.442+0000] {processor.py:925} INFO - DAG(s) 'example_skip_dag' retrieved from /home/airflow/.local/lib/python3.12/site-packages/airflow/example_dags/example_skip_dag.py
[2024-12-24T18:53:41.467+0000] {logging_mixin.py:190} INFO - [2024-12-24T18:53:41.466+0000] {dag.py:3239} INFO - Sync 1 DAGs
[2024-12-24T18:53:41.493+0000] {logging_mixin.py:190} INFO - [2024-12-24T18:53:41.492+0000] {dag.py:4180} INFO - Setting next_dagrun for example_skip_dag to 2024-12-23 00:00:00+00:00, run_after=2024-12-24 00:00:00+00:00
[2024-12-24T18:53:41.521+0000] {processor.py:208} INFO - Processing /home/airflow/.local/lib/python3.12/site-packages/airflow/example_dags/example_skip_dag.py took 0.101 seconds
[2024-12-24T18:54:13.017+0000] {processor.py:186} INFO - Started process (PID=547) to work on /home/airflow/.local/lib/python3.12/site-packages/airflow/example_dags/example_skip_dag.py
[2024-12-24T18:54:13.018+0000] {processor.py:914} INFO - Processing file /home/airflow/.local/lib/python3.12/site-packages/airflow/example_dags/example_skip_dag.py for tasks to queue
[2024-12-24T18:54:13.021+0000] {logging_mixin.py:190} INFO - [2024-12-24T18:54:13.021+0000] {dagbag.py:588} INFO - Filling up the DagBag from /home/airflow/.local/lib/python3.12/site-packages/airflow/example_dags/example_skip_dag.py
[2024-12-24T18:54:13.029+0000] {processor.py:925} INFO - DAG(s) 'example_skip_dag' retrieved from /home/airflow/.local/lib/python3.12/site-packages/airflow/example_dags/example_skip_dag.py
[2024-12-24T18:54:13.053+0000] {logging_mixin.py:190} INFO - [2024-12-24T18:54:13.052+0000] {dag.py:3239} INFO - Sync 1 DAGs
[2024-12-24T18:54:13.079+0000] {logging_mixin.py:190} INFO - [2024-12-24T18:54:13.079+0000] {dag.py:4180} INFO - Setting next_dagrun for example_skip_dag to 2024-12-23 00:00:00+00:00, run_after=2024-12-24 00:00:00+00:00
[2024-12-24T18:54:13.107+0000] {processor.py:208} INFO - Processing /home/airflow/.local/lib/python3.12/site-packages/airflow/example_dags/example_skip_dag.py took 0.096 seconds
[2024-12-24T18:54:44.569+0000] {processor.py:186} INFO - Started process (PID=610) to work on /home/airflow/.local/lib/python3.12/site-packages/airflow/example_dags/example_skip_dag.py
[2024-12-24T18:54:44.571+0000] {processor.py:914} INFO - Processing file /home/airflow/.local/lib/python3.12/site-packages/airflow/example_dags/example_skip_dag.py for tasks to queue
[2024-12-24T18:54:44.574+0000] {logging_mixin.py:190} INFO - [2024-12-24T18:54:44.574+0000] {dagbag.py:588} INFO - Filling up the DagBag from /home/airflow/.local/lib/python3.12/site-packages/airflow/example_dags/example_skip_dag.py
[2024-12-24T18:54:44.588+0000] {processor.py:925} INFO - DAG(s) 'example_skip_dag' retrieved from /home/airflow/.local/lib/python3.12/site-packages/airflow/example_dags/example_skip_dag.py
[2024-12-24T18:54:44.621+0000] {logging_mixin.py:190} INFO - [2024-12-24T18:54:44.620+0000] {dag.py:3239} INFO - Sync 1 DAGs
[2024-12-24T18:54:44.657+0000] {logging_mixin.py:190} INFO - [2024-12-24T18:54:44.657+0000] {dag.py:4180} INFO - Setting next_dagrun for example_skip_dag to 2024-12-23 00:00:00+00:00, run_after=2024-12-24 00:00:00+00:00
[2024-12-24T18:54:44.695+0000] {processor.py:208} INFO - Processing /home/airflow/.local/lib/python3.12/site-packages/airflow/example_dags/example_skip_dag.py took 0.133 seconds
[2024-12-24T18:55:15.820+0000] {processor.py:186} INFO - Started process (PID=673) to work on /home/airflow/.local/lib/python3.12/site-packages/airflow/example_dags/example_skip_dag.py
[2024-12-24T18:55:15.822+0000] {processor.py:914} INFO - Processing file /home/airflow/.local/lib/python3.12/site-packages/airflow/example_dags/example_skip_dag.py for tasks to queue
[2024-12-24T18:55:15.825+0000] {logging_mixin.py:190} INFO - [2024-12-24T18:55:15.825+0000] {dagbag.py:588} INFO - Filling up the DagBag from /home/airflow/.local/lib/python3.12/site-packages/airflow/example_dags/example_skip_dag.py
[2024-12-24T18:55:15.837+0000] {processor.py:925} INFO - DAG(s) 'example_skip_dag' retrieved from /home/airflow/.local/lib/python3.12/site-packages/airflow/example_dags/example_skip_dag.py
[2024-12-24T18:55:15.870+0000] {logging_mixin.py:190} INFO - [2024-12-24T18:55:15.870+0000] {dag.py:3239} INFO - Sync 1 DAGs
[2024-12-24T18:55:15.907+0000] {logging_mixin.py:190} INFO - [2024-12-24T18:55:15.907+0000] {dag.py:4180} INFO - Setting next_dagrun for example_skip_dag to 2024-12-23 00:00:00+00:00, run_after=2024-12-24 00:00:00+00:00
[2024-12-24T18:55:15.944+0000] {processor.py:208} INFO - Processing /home/airflow/.local/lib/python3.12/site-packages/airflow/example_dags/example_skip_dag.py took 0.133 seconds
[2024-12-24T18:55:47.166+0000] {processor.py:186} INFO - Started process (PID=742) to work on /home/airflow/.local/lib/python3.12/site-packages/airflow/example_dags/example_skip_dag.py
[2024-12-24T18:55:47.167+0000] {processor.py:914} INFO - Processing file /home/airflow/.local/lib/python3.12/site-packages/airflow/example_dags/example_skip_dag.py for tasks to queue
[2024-12-24T18:55:47.170+0000] {logging_mixin.py:190} INFO - [2024-12-24T18:55:47.169+0000] {dagbag.py:588} INFO - Filling up the DagBag from /home/airflow/.local/lib/python3.12/site-packages/airflow/example_dags/example_skip_dag.py
[2024-12-24T18:55:47.178+0000] {processor.py:925} INFO - DAG(s) 'example_skip_dag' retrieved from /home/airflow/.local/lib/python3.12/site-packages/airflow/example_dags/example_skip_dag.py
[2024-12-24T18:55:47.201+0000] {logging_mixin.py:190} INFO - [2024-12-24T18:55:47.201+0000] {dag.py:3239} INFO - Sync 1 DAGs
[2024-12-24T18:55:47.225+0000] {logging_mixin.py:190} INFO - [2024-12-24T18:55:47.225+0000] {dag.py:4180} INFO - Setting next_dagrun for example_skip_dag to 2024-12-23 00:00:00+00:00, run_after=2024-12-24 00:00:00+00:00
[2024-12-24T18:55:47.251+0000] {processor.py:208} INFO - Processing /home/airflow/.local/lib/python3.12/site-packages/airflow/example_dags/example_skip_dag.py took 0.091 seconds
[2024-12-24T18:56:18.973+0000] {processor.py:186} INFO - Started process (PID=805) to work on /home/airflow/.local/lib/python3.12/site-packages/airflow/example_dags/example_skip_dag.py
[2024-12-24T18:56:18.975+0000] {processor.py:914} INFO - Processing file /home/airflow/.local/lib/python3.12/site-packages/airflow/example_dags/example_skip_dag.py for tasks to queue
[2024-12-24T18:56:18.978+0000] {logging_mixin.py:190} INFO - [2024-12-24T18:56:18.978+0000] {dagbag.py:588} INFO - Filling up the DagBag from /home/airflow/.local/lib/python3.12/site-packages/airflow/example_dags/example_skip_dag.py
[2024-12-24T18:56:18.992+0000] {processor.py:925} INFO - DAG(s) 'example_skip_dag' retrieved from /home/airflow/.local/lib/python3.12/site-packages/airflow/example_dags/example_skip_dag.py
[2024-12-24T18:56:19.029+0000] {logging_mixin.py:190} INFO - [2024-12-24T18:56:19.028+0000] {dag.py:3239} INFO - Sync 1 DAGs
[2024-12-24T18:56:19.070+0000] {logging_mixin.py:190} INFO - [2024-12-24T18:56:19.069+0000] {dag.py:4180} INFO - Setting next_dagrun for example_skip_dag to 2024-12-23 00:00:00+00:00, run_after=2024-12-24 00:00:00+00:00
[2024-12-24T18:56:19.115+0000] {processor.py:208} INFO - Processing /home/airflow/.local/lib/python3.12/site-packages/airflow/example_dags/example_skip_dag.py took 0.150 seconds
[2024-12-24T18:56:50.023+0000] {processor.py:186} INFO - Started process (PID=868) to work on /home/airflow/.local/lib/python3.12/site-packages/airflow/example_dags/example_skip_dag.py
[2024-12-24T18:56:50.025+0000] {processor.py:914} INFO - Processing file /home/airflow/.local/lib/python3.12/site-packages/airflow/example_dags/example_skip_dag.py for tasks to queue
[2024-12-24T18:56:50.028+0000] {logging_mixin.py:190} INFO - [2024-12-24T18:56:50.028+0000] {dagbag.py:588} INFO - Filling up the DagBag from /home/airflow/.local/lib/python3.12/site-packages/airflow/example_dags/example_skip_dag.py
[2024-12-24T18:56:50.038+0000] {processor.py:925} INFO - DAG(s) 'example_skip_dag' retrieved from /home/airflow/.local/lib/python3.12/site-packages/airflow/example_dags/example_skip_dag.py
[2024-12-24T18:56:50.073+0000] {logging_mixin.py:190} INFO - [2024-12-24T18:56:50.073+0000] {dag.py:3239} INFO - Sync 1 DAGs
[2024-12-24T18:56:50.112+0000] {logging_mixin.py:190} INFO - [2024-12-24T18:56:50.112+0000] {dag.py:4180} INFO - Setting next_dagrun for example_skip_dag to 2024-12-23 00:00:00+00:00, run_after=2024-12-24 00:00:00+00:00
[2024-12-24T18:56:50.141+0000] {processor.py:208} INFO - Processing /home/airflow/.local/lib/python3.12/site-packages/airflow/example_dags/example_skip_dag.py took 0.125 seconds
[2024-12-24T18:57:20.425+0000] {processor.py:186} INFO - Started process (PID=930) to work on /home/airflow/.local/lib/python3.12/site-packages/airflow/example_dags/example_skip_dag.py
[2024-12-24T18:57:20.427+0000] {processor.py:914} INFO - Processing file /home/airflow/.local/lib/python3.12/site-packages/airflow/example_dags/example_skip_dag.py for tasks to queue
[2024-12-24T18:57:20.429+0000] {logging_mixin.py:190} INFO - [2024-12-24T18:57:20.429+0000] {dagbag.py:588} INFO - Filling up the DagBag from /home/airflow/.local/lib/python3.12/site-packages/airflow/example_dags/example_skip_dag.py
[2024-12-24T18:57:20.437+0000] {processor.py:925} INFO - DAG(s) 'example_skip_dag' retrieved from /home/airflow/.local/lib/python3.12/site-packages/airflow/example_dags/example_skip_dag.py
[2024-12-24T18:57:20.462+0000] {logging_mixin.py:190} INFO - [2024-12-24T18:57:20.461+0000] {dag.py:3239} INFO - Sync 1 DAGs
[2024-12-24T18:57:20.487+0000] {logging_mixin.py:190} INFO - [2024-12-24T18:57:20.487+0000] {dag.py:4180} INFO - Setting next_dagrun for example_skip_dag to 2024-12-23 00:00:00+00:00, run_after=2024-12-24 00:00:00+00:00
[2024-12-24T18:57:20.516+0000] {processor.py:208} INFO - Processing /home/airflow/.local/lib/python3.12/site-packages/airflow/example_dags/example_skip_dag.py took 0.096 seconds
[2024-12-24T18:57:50.619+0000] {processor.py:186} INFO - Started process (PID=993) to work on /home/airflow/.local/lib/python3.12/site-packages/airflow/example_dags/example_skip_dag.py
[2024-12-24T18:57:50.620+0000] {processor.py:914} INFO - Processing file /home/airflow/.local/lib/python3.12/site-packages/airflow/example_dags/example_skip_dag.py for tasks to queue
[2024-12-24T18:57:50.623+0000] {logging_mixin.py:190} INFO - [2024-12-24T18:57:50.622+0000] {dagbag.py:588} INFO - Filling up the DagBag from /home/airflow/.local/lib/python3.12/site-packages/airflow/example_dags/example_skip_dag.py
[2024-12-24T18:57:50.633+0000] {processor.py:925} INFO - DAG(s) 'example_skip_dag' retrieved from /home/airflow/.local/lib/python3.12/site-packages/airflow/example_dags/example_skip_dag.py
[2024-12-24T18:57:50.659+0000] {logging_mixin.py:190} INFO - [2024-12-24T18:57:50.659+0000] {dag.py:3239} INFO - Sync 1 DAGs
[2024-12-24T18:57:50.689+0000] {logging_mixin.py:190} INFO - [2024-12-24T18:57:50.689+0000] {dag.py:4180} INFO - Setting next_dagrun for example_skip_dag to 2024-12-23 00:00:00+00:00, run_after=2024-12-24 00:00:00+00:00
[2024-12-24T18:57:50.718+0000] {processor.py:208} INFO - Processing /home/airflow/.local/lib/python3.12/site-packages/airflow/example_dags/example_skip_dag.py took 0.105 seconds
[2024-12-24T18:58:21.854+0000] {processor.py:186} INFO - Started process (PID=1043) to work on /home/airflow/.local/lib/python3.12/site-packages/airflow/example_dags/example_skip_dag.py
[2024-12-24T18:58:21.856+0000] {processor.py:914} INFO - Processing file /home/airflow/.local/lib/python3.12/site-packages/airflow/example_dags/example_skip_dag.py for tasks to queue
[2024-12-24T18:58:21.860+0000] {logging_mixin.py:190} INFO - [2024-12-24T18:58:21.859+0000] {dagbag.py:588} INFO - Filling up the DagBag from /home/airflow/.local/lib/python3.12/site-packages/airflow/example_dags/example_skip_dag.py
[2024-12-24T18:58:21.873+0000] {processor.py:925} INFO - DAG(s) 'example_skip_dag' retrieved from /home/airflow/.local/lib/python3.12/site-packages/airflow/example_dags/example_skip_dag.py
[2024-12-24T18:58:21.908+0000] {logging_mixin.py:190} INFO - [2024-12-24T18:58:21.908+0000] {dag.py:3239} INFO - Sync 1 DAGs
[2024-12-24T18:58:21.945+0000] {logging_mixin.py:190} INFO - [2024-12-24T18:58:21.945+0000] {dag.py:4180} INFO - Setting next_dagrun for example_skip_dag to 2024-12-23 00:00:00+00:00, run_after=2024-12-24 00:00:00+00:00
[2024-12-24T18:58:21.970+0000] {processor.py:208} INFO - Processing /home/airflow/.local/lib/python3.12/site-packages/airflow/example_dags/example_skip_dag.py took 0.125 seconds
[2024-12-24T18:58:53.999+0000] {processor.py:186} INFO - Started process (PID=1115) to work on /home/airflow/.local/lib/python3.12/site-packages/airflow/example_dags/example_skip_dag.py
[2024-12-24T18:58:54.001+0000] {processor.py:914} INFO - Processing file /home/airflow/.local/lib/python3.12/site-packages/airflow/example_dags/example_skip_dag.py for tasks to queue
[2024-12-24T18:58:54.004+0000] {logging_mixin.py:190} INFO - [2024-12-24T18:58:54.003+0000] {dagbag.py:588} INFO - Filling up the DagBag from /home/airflow/.local/lib/python3.12/site-packages/airflow/example_dags/example_skip_dag.py
[2024-12-24T18:58:54.016+0000] {processor.py:925} INFO - DAG(s) 'example_skip_dag' retrieved from /home/airflow/.local/lib/python3.12/site-packages/airflow/example_dags/example_skip_dag.py
[2024-12-24T18:58:54.045+0000] {logging_mixin.py:190} INFO - [2024-12-24T18:58:54.045+0000] {dag.py:3239} INFO - Sync 1 DAGs
[2024-12-24T18:58:54.074+0000] {logging_mixin.py:190} INFO - [2024-12-24T18:58:54.074+0000] {dag.py:4180} INFO - Setting next_dagrun for example_skip_dag to 2024-12-23 00:00:00+00:00, run_after=2024-12-24 00:00:00+00:00
[2024-12-24T18:58:54.102+0000] {processor.py:208} INFO - Processing /home/airflow/.local/lib/python3.12/site-packages/airflow/example_dags/example_skip_dag.py took 0.111 seconds
[2024-12-24T18:59:25.429+0000] {processor.py:186} INFO - Started process (PID=1181) to work on /home/airflow/.local/lib/python3.12/site-packages/airflow/example_dags/example_skip_dag.py
[2024-12-24T18:59:25.431+0000] {processor.py:914} INFO - Processing file /home/airflow/.local/lib/python3.12/site-packages/airflow/example_dags/example_skip_dag.py for tasks to queue
[2024-12-24T18:59:25.434+0000] {logging_mixin.py:190} INFO - [2024-12-24T18:59:25.434+0000] {dagbag.py:588} INFO - Filling up the DagBag from /home/airflow/.local/lib/python3.12/site-packages/airflow/example_dags/example_skip_dag.py
[2024-12-24T18:59:25.443+0000] {processor.py:925} INFO - DAG(s) 'example_skip_dag' retrieved from /home/airflow/.local/lib/python3.12/site-packages/airflow/example_dags/example_skip_dag.py
[2024-12-24T18:59:25.467+0000] {logging_mixin.py:190} INFO - [2024-12-24T18:59:25.467+0000] {dag.py:3239} INFO - Sync 1 DAGs
[2024-12-24T18:59:25.492+0000] {logging_mixin.py:190} INFO - [2024-12-24T18:59:25.492+0000] {dag.py:4180} INFO - Setting next_dagrun for example_skip_dag to 2024-12-23 00:00:00+00:00, run_after=2024-12-24 00:00:00+00:00
[2024-12-24T18:59:25.518+0000] {processor.py:208} INFO - Processing /home/airflow/.local/lib/python3.12/site-packages/airflow/example_dags/example_skip_dag.py took 0.094 seconds
[2024-12-24T18:59:56.282+0000] {processor.py:186} INFO - Started process (PID=1245) to work on /home/airflow/.local/lib/python3.12/site-packages/airflow/example_dags/example_skip_dag.py
[2024-12-24T18:59:56.283+0000] {processor.py:914} INFO - Processing file /home/airflow/.local/lib/python3.12/site-packages/airflow/example_dags/example_skip_dag.py for tasks to queue
[2024-12-24T18:59:56.286+0000] {logging_mixin.py:190} INFO - [2024-12-24T18:59:56.285+0000] {dagbag.py:588} INFO - Filling up the DagBag from /home/airflow/.local/lib/python3.12/site-packages/airflow/example_dags/example_skip_dag.py
[2024-12-24T18:59:56.294+0000] {processor.py:925} INFO - DAG(s) 'example_skip_dag' retrieved from /home/airflow/.local/lib/python3.12/site-packages/airflow/example_dags/example_skip_dag.py
[2024-12-24T18:59:56.321+0000] {logging_mixin.py:190} INFO - [2024-12-24T18:59:56.321+0000] {dag.py:3239} INFO - Sync 1 DAGs
[2024-12-24T18:59:56.348+0000] {logging_mixin.py:190} INFO - [2024-12-24T18:59:56.347+0000] {dag.py:4180} INFO - Setting next_dagrun for example_skip_dag to 2024-12-23 00:00:00+00:00, run_after=2024-12-24 00:00:00+00:00
[2024-12-24T18:59:56.376+0000] {processor.py:208} INFO - Processing /home/airflow/.local/lib/python3.12/site-packages/airflow/example_dags/example_skip_dag.py took 0.100 seconds
[2024-12-24T19:00:26.752+0000] {processor.py:186} INFO - Started process (PID=1308) to work on /home/airflow/.local/lib/python3.12/site-packages/airflow/example_dags/example_skip_dag.py
[2024-12-24T19:00:26.753+0000] {processor.py:914} INFO - Processing file /home/airflow/.local/lib/python3.12/site-packages/airflow/example_dags/example_skip_dag.py for tasks to queue
[2024-12-24T19:00:26.756+0000] {logging_mixin.py:190} INFO - [2024-12-24T19:00:26.756+0000] {dagbag.py:588} INFO - Filling up the DagBag from /home/airflow/.local/lib/python3.12/site-packages/airflow/example_dags/example_skip_dag.py
[2024-12-24T19:00:26.765+0000] {processor.py:925} INFO - DAG(s) 'example_skip_dag' retrieved from /home/airflow/.local/lib/python3.12/site-packages/airflow/example_dags/example_skip_dag.py
[2024-12-24T19:00:26.793+0000] {logging_mixin.py:190} INFO - [2024-12-24T19:00:26.793+0000] {dag.py:3239} INFO - Sync 1 DAGs
[2024-12-24T19:00:26.818+0000] {logging_mixin.py:190} INFO - [2024-12-24T19:00:26.818+0000] {dag.py:4180} INFO - Setting next_dagrun for example_skip_dag to 2024-12-23 00:00:00+00:00, run_after=2024-12-24 00:00:00+00:00
[2024-12-24T19:00:26.847+0000] {processor.py:208} INFO - Processing /home/airflow/.local/lib/python3.12/site-packages/airflow/example_dags/example_skip_dag.py took 0.103 seconds
[2024-12-24T19:00:57.546+0000] {processor.py:186} INFO - Started process (PID=1371) to work on /home/airflow/.local/lib/python3.12/site-packages/airflow/example_dags/example_skip_dag.py
[2024-12-24T19:00:57.547+0000] {processor.py:914} INFO - Processing file /home/airflow/.local/lib/python3.12/site-packages/airflow/example_dags/example_skip_dag.py for tasks to queue
[2024-12-24T19:00:57.550+0000] {logging_mixin.py:190} INFO - [2024-12-24T19:00:57.549+0000] {dagbag.py:588} INFO - Filling up the DagBag from /home/airflow/.local/lib/python3.12/site-packages/airflow/example_dags/example_skip_dag.py
[2024-12-24T19:00:57.558+0000] {processor.py:925} INFO - DAG(s) 'example_skip_dag' retrieved from /home/airflow/.local/lib/python3.12/site-packages/airflow/example_dags/example_skip_dag.py
[2024-12-24T19:00:57.584+0000] {logging_mixin.py:190} INFO - [2024-12-24T19:00:57.584+0000] {dag.py:3239} INFO - Sync 1 DAGs
[2024-12-24T19:00:57.611+0000] {logging_mixin.py:190} INFO - [2024-12-24T19:00:57.610+0000] {dag.py:4180} INFO - Setting next_dagrun for example_skip_dag to 2024-12-23 00:00:00+00:00, run_after=2024-12-24 00:00:00+00:00
[2024-12-24T19:00:57.636+0000] {processor.py:208} INFO - Processing /home/airflow/.local/lib/python3.12/site-packages/airflow/example_dags/example_skip_dag.py took 0.097 seconds
[2024-12-24T19:01:28.240+0000] {processor.py:186} INFO - Started process (PID=1433) to work on /home/airflow/.local/lib/python3.12/site-packages/airflow/example_dags/example_skip_dag.py
[2024-12-24T19:01:28.241+0000] {processor.py:914} INFO - Processing file /home/airflow/.local/lib/python3.12/site-packages/airflow/example_dags/example_skip_dag.py for tasks to queue
[2024-12-24T19:01:28.244+0000] {logging_mixin.py:190} INFO - [2024-12-24T19:01:28.243+0000] {dagbag.py:588} INFO - Filling up the DagBag from /home/airflow/.local/lib/python3.12/site-packages/airflow/example_dags/example_skip_dag.py
[2024-12-24T19:01:28.252+0000] {processor.py:925} INFO - DAG(s) 'example_skip_dag' retrieved from /home/airflow/.local/lib/python3.12/site-packages/airflow/example_dags/example_skip_dag.py
[2024-12-24T19:01:28.282+0000] {logging_mixin.py:190} INFO - [2024-12-24T19:01:28.282+0000] {dag.py:3239} INFO - Sync 1 DAGs
[2024-12-24T19:01:28.312+0000] {logging_mixin.py:190} INFO - [2024-12-24T19:01:28.312+0000] {dag.py:4180} INFO - Setting next_dagrun for example_skip_dag to 2024-12-23 00:00:00+00:00, run_after=2024-12-24 00:00:00+00:00
[2024-12-24T19:01:28.341+0000] {processor.py:208} INFO - Processing /home/airflow/.local/lib/python3.12/site-packages/airflow/example_dags/example_skip_dag.py took 0.108 seconds
[2024-12-24T19:01:59.339+0000] {processor.py:186} INFO - Started process (PID=1496) to work on /home/airflow/.local/lib/python3.12/site-packages/airflow/example_dags/example_skip_dag.py
[2024-12-24T19:01:59.340+0000] {processor.py:914} INFO - Processing file /home/airflow/.local/lib/python3.12/site-packages/airflow/example_dags/example_skip_dag.py for tasks to queue
[2024-12-24T19:01:59.344+0000] {logging_mixin.py:190} INFO - [2024-12-24T19:01:59.343+0000] {dagbag.py:588} INFO - Filling up the DagBag from /home/airflow/.local/lib/python3.12/site-packages/airflow/example_dags/example_skip_dag.py
[2024-12-24T19:01:59.352+0000] {processor.py:925} INFO - DAG(s) 'example_skip_dag' retrieved from /home/airflow/.local/lib/python3.12/site-packages/airflow/example_dags/example_skip_dag.py
[2024-12-24T19:01:59.378+0000] {logging_mixin.py:190} INFO - [2024-12-24T19:01:59.377+0000] {dag.py:3239} INFO - Sync 1 DAGs
[2024-12-24T19:01:59.405+0000] {logging_mixin.py:190} INFO - [2024-12-24T19:01:59.405+0000] {dag.py:4180} INFO - Setting next_dagrun for example_skip_dag to 2024-12-23 00:00:00+00:00, run_after=2024-12-24 00:00:00+00:00
[2024-12-24T19:01:59.431+0000] {processor.py:208} INFO - Processing /home/airflow/.local/lib/python3.12/site-packages/airflow/example_dags/example_skip_dag.py took 0.099 seconds
[2024-12-24T19:02:30.028+0000] {processor.py:186} INFO - Started process (PID=1565) to work on /home/airflow/.local/lib/python3.12/site-packages/airflow/example_dags/example_skip_dag.py
[2024-12-24T19:02:30.029+0000] {processor.py:914} INFO - Processing file /home/airflow/.local/lib/python3.12/site-packages/airflow/example_dags/example_skip_dag.py for tasks to queue
[2024-12-24T19:02:30.032+0000] {logging_mixin.py:190} INFO - [2024-12-24T19:02:30.031+0000] {dagbag.py:588} INFO - Filling up the DagBag from /home/airflow/.local/lib/python3.12/site-packages/airflow/example_dags/example_skip_dag.py
[2024-12-24T19:02:30.041+0000] {processor.py:925} INFO - DAG(s) 'example_skip_dag' retrieved from /home/airflow/.local/lib/python3.12/site-packages/airflow/example_dags/example_skip_dag.py
[2024-12-24T19:02:30.084+0000] {logging_mixin.py:190} INFO - [2024-12-24T19:02:30.084+0000] {dag.py:3239} INFO - Sync 1 DAGs
[2024-12-24T19:02:30.118+0000] {logging_mixin.py:190} INFO - [2024-12-24T19:02:30.117+0000] {dag.py:4180} INFO - Setting next_dagrun for example_skip_dag to 2024-12-23 00:00:00+00:00, run_after=2024-12-24 00:00:00+00:00
[2024-12-24T19:02:30.145+0000] {processor.py:208} INFO - Processing /home/airflow/.local/lib/python3.12/site-packages/airflow/example_dags/example_skip_dag.py took 0.124 seconds
[2024-12-24T19:03:01.624+0000] {processor.py:186} INFO - Started process (PID=1628) to work on /home/airflow/.local/lib/python3.12/site-packages/airflow/example_dags/example_skip_dag.py
[2024-12-24T19:03:01.625+0000] {processor.py:914} INFO - Processing file /home/airflow/.local/lib/python3.12/site-packages/airflow/example_dags/example_skip_dag.py for tasks to queue
[2024-12-24T19:03:01.629+0000] {logging_mixin.py:190} INFO - [2024-12-24T19:03:01.629+0000] {dagbag.py:588} INFO - Filling up the DagBag from /home/airflow/.local/lib/python3.12/site-packages/airflow/example_dags/example_skip_dag.py
[2024-12-24T19:03:01.640+0000] {processor.py:925} INFO - DAG(s) 'example_skip_dag' retrieved from /home/airflow/.local/lib/python3.12/site-packages/airflow/example_dags/example_skip_dag.py
[2024-12-24T19:03:01.676+0000] {logging_mixin.py:190} INFO - [2024-12-24T19:03:01.675+0000] {dag.py:3239} INFO - Sync 1 DAGs
[2024-12-24T19:03:01.705+0000] {logging_mixin.py:190} INFO - [2024-12-24T19:03:01.704+0000] {dag.py:4180} INFO - Setting next_dagrun for example_skip_dag to 2024-12-23 00:00:00+00:00, run_after=2024-12-24 00:00:00+00:00
[2024-12-24T19:03:01.740+0000] {processor.py:208} INFO - Processing /home/airflow/.local/lib/python3.12/site-packages/airflow/example_dags/example_skip_dag.py took 0.124 seconds
[2024-12-24T19:03:32.450+0000] {processor.py:186} INFO - Started process (PID=1691) to work on /home/airflow/.local/lib/python3.12/site-packages/airflow/example_dags/example_skip_dag.py
[2024-12-24T19:03:32.452+0000] {processor.py:914} INFO - Processing file /home/airflow/.local/lib/python3.12/site-packages/airflow/example_dags/example_skip_dag.py for tasks to queue
[2024-12-24T19:03:32.455+0000] {logging_mixin.py:190} INFO - [2024-12-24T19:03:32.455+0000] {dagbag.py:588} INFO - Filling up the DagBag from /home/airflow/.local/lib/python3.12/site-packages/airflow/example_dags/example_skip_dag.py
[2024-12-24T19:03:32.465+0000] {processor.py:925} INFO - DAG(s) 'example_skip_dag' retrieved from /home/airflow/.local/lib/python3.12/site-packages/airflow/example_dags/example_skip_dag.py
[2024-12-24T19:03:32.492+0000] {logging_mixin.py:190} INFO - [2024-12-24T19:03:32.491+0000] {dag.py:3239} INFO - Sync 1 DAGs
[2024-12-24T19:03:32.519+0000] {logging_mixin.py:190} INFO - [2024-12-24T19:03:32.518+0000] {dag.py:4180} INFO - Setting next_dagrun for example_skip_dag to 2024-12-23 00:00:00+00:00, run_after=2024-12-24 00:00:00+00:00
[2024-12-24T19:03:32.546+0000] {processor.py:208} INFO - Processing /home/airflow/.local/lib/python3.12/site-packages/airflow/example_dags/example_skip_dag.py took 0.102 seconds
[2024-12-24T19:04:03.669+0000] {processor.py:186} INFO - Started process (PID=1754) to work on /home/airflow/.local/lib/python3.12/site-packages/airflow/example_dags/example_skip_dag.py
[2024-12-24T19:04:03.671+0000] {processor.py:914} INFO - Processing file /home/airflow/.local/lib/python3.12/site-packages/airflow/example_dags/example_skip_dag.py for tasks to queue
[2024-12-24T19:04:03.674+0000] {logging_mixin.py:190} INFO - [2024-12-24T19:04:03.674+0000] {dagbag.py:588} INFO - Filling up the DagBag from /home/airflow/.local/lib/python3.12/site-packages/airflow/example_dags/example_skip_dag.py
[2024-12-24T19:04:03.684+0000] {processor.py:925} INFO - DAG(s) 'example_skip_dag' retrieved from /home/airflow/.local/lib/python3.12/site-packages/airflow/example_dags/example_skip_dag.py
[2024-12-24T19:04:03.718+0000] {logging_mixin.py:190} INFO - [2024-12-24T19:04:03.718+0000] {dag.py:3239} INFO - Sync 1 DAGs
[2024-12-24T19:04:03.747+0000] {logging_mixin.py:190} INFO - [2024-12-24T19:04:03.746+0000] {dag.py:4180} INFO - Setting next_dagrun for example_skip_dag to 2024-12-23 00:00:00+00:00, run_after=2024-12-24 00:00:00+00:00
[2024-12-24T19:04:03.780+0000] {processor.py:208} INFO - Processing /home/airflow/.local/lib/python3.12/site-packages/airflow/example_dags/example_skip_dag.py took 0.118 seconds
[2024-12-24T19:04:33.909+0000] {processor.py:186} INFO - Started process (PID=1818) to work on /home/airflow/.local/lib/python3.12/site-packages/airflow/example_dags/example_skip_dag.py
[2024-12-24T19:04:33.911+0000] {processor.py:914} INFO - Processing file /home/airflow/.local/lib/python3.12/site-packages/airflow/example_dags/example_skip_dag.py for tasks to queue
[2024-12-24T19:04:33.914+0000] {logging_mixin.py:190} INFO - [2024-12-24T19:04:33.913+0000] {dagbag.py:588} INFO - Filling up the DagBag from /home/airflow/.local/lib/python3.12/site-packages/airflow/example_dags/example_skip_dag.py
[2024-12-24T19:04:33.922+0000] {processor.py:925} INFO - DAG(s) 'example_skip_dag' retrieved from /home/airflow/.local/lib/python3.12/site-packages/airflow/example_dags/example_skip_dag.py
[2024-12-24T19:04:33.945+0000] {logging_mixin.py:190} INFO - [2024-12-24T19:04:33.945+0000] {dag.py:3239} INFO - Sync 1 DAGs
[2024-12-24T19:04:33.973+0000] {logging_mixin.py:190} INFO - [2024-12-24T19:04:33.973+0000] {dag.py:4180} INFO - Setting next_dagrun for example_skip_dag to 2024-12-23 00:00:00+00:00, run_after=2024-12-24 00:00:00+00:00
[2024-12-24T19:04:33.996+0000] {processor.py:208} INFO - Processing /home/airflow/.local/lib/python3.12/site-packages/airflow/example_dags/example_skip_dag.py took 0.093 seconds
[2024-12-24T19:05:04.098+0000] {processor.py:186} INFO - Started process (PID=1881) to work on /home/airflow/.local/lib/python3.12/site-packages/airflow/example_dags/example_skip_dag.py
[2024-12-24T19:05:04.100+0000] {processor.py:914} INFO - Processing file /home/airflow/.local/lib/python3.12/site-packages/airflow/example_dags/example_skip_dag.py for tasks to queue
[2024-12-24T19:05:04.103+0000] {logging_mixin.py:190} INFO - [2024-12-24T19:05:04.102+0000] {dagbag.py:588} INFO - Filling up the DagBag from /home/airflow/.local/lib/python3.12/site-packages/airflow/example_dags/example_skip_dag.py
[2024-12-24T19:05:04.114+0000] {processor.py:925} INFO - DAG(s) 'example_skip_dag' retrieved from /home/airflow/.local/lib/python3.12/site-packages/airflow/example_dags/example_skip_dag.py
[2024-12-24T19:05:04.142+0000] {logging_mixin.py:190} INFO - [2024-12-24T19:05:04.142+0000] {dag.py:3239} INFO - Sync 1 DAGs
[2024-12-24T19:05:04.171+0000] {logging_mixin.py:190} INFO - [2024-12-24T19:05:04.171+0000] {dag.py:4180} INFO - Setting next_dagrun for example_skip_dag to 2024-12-23 00:00:00+00:00, run_after=2024-12-24 00:00:00+00:00
[2024-12-24T19:05:04.204+0000] {processor.py:208} INFO - Processing /home/airflow/.local/lib/python3.12/site-packages/airflow/example_dags/example_skip_dag.py took 0.112 seconds
[2024-12-24T19:05:34.482+0000] {processor.py:186} INFO - Started process (PID=1944) to work on /home/airflow/.local/lib/python3.12/site-packages/airflow/example_dags/example_skip_dag.py
[2024-12-24T19:05:34.484+0000] {processor.py:914} INFO - Processing file /home/airflow/.local/lib/python3.12/site-packages/airflow/example_dags/example_skip_dag.py for tasks to queue
[2024-12-24T19:05:34.487+0000] {logging_mixin.py:190} INFO - [2024-12-24T19:05:34.486+0000] {dagbag.py:588} INFO - Filling up the DagBag from /home/airflow/.local/lib/python3.12/site-packages/airflow/example_dags/example_skip_dag.py
[2024-12-24T19:05:34.497+0000] {processor.py:925} INFO - DAG(s) 'example_skip_dag' retrieved from /home/airflow/.local/lib/python3.12/site-packages/airflow/example_dags/example_skip_dag.py
[2024-12-24T19:05:34.525+0000] {logging_mixin.py:190} INFO - [2024-12-24T19:05:34.525+0000] {dag.py:3239} INFO - Sync 1 DAGs
[2024-12-24T19:05:34.554+0000] {logging_mixin.py:190} INFO - [2024-12-24T19:05:34.553+0000] {dag.py:4180} INFO - Setting next_dagrun for example_skip_dag to 2024-12-23 00:00:00+00:00, run_after=2024-12-24 00:00:00+00:00
[2024-12-24T19:05:34.721+0000] {processor.py:208} INFO - Processing /home/airflow/.local/lib/python3.12/site-packages/airflow/example_dags/example_skip_dag.py took 0.245 seconds
[2024-12-24T19:06:04.919+0000] {processor.py:186} INFO - Started process (PID=2004) to work on /home/airflow/.local/lib/python3.12/site-packages/airflow/example_dags/example_skip_dag.py
[2024-12-24T19:06:04.921+0000] {processor.py:914} INFO - Processing file /home/airflow/.local/lib/python3.12/site-packages/airflow/example_dags/example_skip_dag.py for tasks to queue
[2024-12-24T19:06:04.924+0000] {logging_mixin.py:190} INFO - [2024-12-24T19:06:04.924+0000] {dagbag.py:588} INFO - Filling up the DagBag from /home/airflow/.local/lib/python3.12/site-packages/airflow/example_dags/example_skip_dag.py
[2024-12-24T19:06:04.933+0000] {processor.py:925} INFO - DAG(s) 'example_skip_dag' retrieved from /home/airflow/.local/lib/python3.12/site-packages/airflow/example_dags/example_skip_dag.py
[2024-12-24T19:06:04.957+0000] {logging_mixin.py:190} INFO - [2024-12-24T19:06:04.957+0000] {dag.py:3239} INFO - Sync 1 DAGs
[2024-12-24T19:06:04.983+0000] {logging_mixin.py:190} INFO - [2024-12-24T19:06:04.982+0000] {dag.py:4180} INFO - Setting next_dagrun for example_skip_dag to 2024-12-23 00:00:00+00:00, run_after=2024-12-24 00:00:00+00:00
[2024-12-24T19:06:05.008+0000] {processor.py:208} INFO - Processing /home/airflow/.local/lib/python3.12/site-packages/airflow/example_dags/example_skip_dag.py took 0.095 seconds
[2024-12-24T19:06:35.092+0000] {processor.py:186} INFO - Started process (PID=2067) to work on /home/airflow/.local/lib/python3.12/site-packages/airflow/example_dags/example_skip_dag.py
[2024-12-24T19:06:35.093+0000] {processor.py:914} INFO - Processing file /home/airflow/.local/lib/python3.12/site-packages/airflow/example_dags/example_skip_dag.py for tasks to queue
[2024-12-24T19:06:35.097+0000] {logging_mixin.py:190} INFO - [2024-12-24T19:06:35.096+0000] {dagbag.py:588} INFO - Filling up the DagBag from /home/airflow/.local/lib/python3.12/site-packages/airflow/example_dags/example_skip_dag.py
[2024-12-24T19:06:35.114+0000] {processor.py:925} INFO - DAG(s) 'example_skip_dag' retrieved from /home/airflow/.local/lib/python3.12/site-packages/airflow/example_dags/example_skip_dag.py
[2024-12-24T19:06:35.149+0000] {logging_mixin.py:190} INFO - [2024-12-24T19:06:35.149+0000] {dag.py:3239} INFO - Sync 1 DAGs
[2024-12-24T19:06:35.180+0000] {logging_mixin.py:190} INFO - [2024-12-24T19:06:35.179+0000] {dag.py:4180} INFO - Setting next_dagrun for example_skip_dag to 2024-12-23 00:00:00+00:00, run_after=2024-12-24 00:00:00+00:00
[2024-12-24T19:06:35.207+0000] {processor.py:208} INFO - Processing /home/airflow/.local/lib/python3.12/site-packages/airflow/example_dags/example_skip_dag.py took 0.121 seconds
[2024-12-24T19:07:05.806+0000] {processor.py:186} INFO - Started process (PID=2130) to work on /home/airflow/.local/lib/python3.12/site-packages/airflow/example_dags/example_skip_dag.py
[2024-12-24T19:07:05.808+0000] {processor.py:914} INFO - Processing file /home/airflow/.local/lib/python3.12/site-packages/airflow/example_dags/example_skip_dag.py for tasks to queue
[2024-12-24T19:07:05.811+0000] {logging_mixin.py:190} INFO - [2024-12-24T19:07:05.811+0000] {dagbag.py:588} INFO - Filling up the DagBag from /home/airflow/.local/lib/python3.12/site-packages/airflow/example_dags/example_skip_dag.py
[2024-12-24T19:07:05.822+0000] {processor.py:925} INFO - DAG(s) 'example_skip_dag' retrieved from /home/airflow/.local/lib/python3.12/site-packages/airflow/example_dags/example_skip_dag.py
[2024-12-24T19:07:05.858+0000] {logging_mixin.py:190} INFO - [2024-12-24T19:07:05.858+0000] {dag.py:3239} INFO - Sync 1 DAGs
[2024-12-24T19:07:05.895+0000] {logging_mixin.py:190} INFO - [2024-12-24T19:07:05.895+0000] {dag.py:4180} INFO - Setting next_dagrun for example_skip_dag to 2024-12-23 00:00:00+00:00, run_after=2024-12-24 00:00:00+00:00
[2024-12-24T19:07:05.938+0000] {processor.py:208} INFO - Processing /home/airflow/.local/lib/python3.12/site-packages/airflow/example_dags/example_skip_dag.py took 0.139 seconds
[2024-12-24T19:07:36.030+0000] {processor.py:186} INFO - Started process (PID=2193) to work on /home/airflow/.local/lib/python3.12/site-packages/airflow/example_dags/example_skip_dag.py
[2024-12-24T19:07:36.031+0000] {processor.py:914} INFO - Processing file /home/airflow/.local/lib/python3.12/site-packages/airflow/example_dags/example_skip_dag.py for tasks to queue
[2024-12-24T19:07:36.034+0000] {logging_mixin.py:190} INFO - [2024-12-24T19:07:36.034+0000] {dagbag.py:588} INFO - Filling up the DagBag from /home/airflow/.local/lib/python3.12/site-packages/airflow/example_dags/example_skip_dag.py
[2024-12-24T19:07:36.045+0000] {processor.py:925} INFO - DAG(s) 'example_skip_dag' retrieved from /home/airflow/.local/lib/python3.12/site-packages/airflow/example_dags/example_skip_dag.py
[2024-12-24T19:07:36.072+0000] {logging_mixin.py:190} INFO - [2024-12-24T19:07:36.072+0000] {dag.py:3239} INFO - Sync 1 DAGs
[2024-12-24T19:07:36.098+0000] {logging_mixin.py:190} INFO - [2024-12-24T19:07:36.098+0000] {dag.py:4180} INFO - Setting next_dagrun for example_skip_dag to 2024-12-23 00:00:00+00:00, run_after=2024-12-24 00:00:00+00:00
[2024-12-24T19:07:36.129+0000] {processor.py:208} INFO - Processing /home/airflow/.local/lib/python3.12/site-packages/airflow/example_dags/example_skip_dag.py took 0.107 seconds
[2024-12-24T19:08:06.769+0000] {processor.py:186} INFO - Started process (PID=2256) to work on /home/airflow/.local/lib/python3.12/site-packages/airflow/example_dags/example_skip_dag.py
[2024-12-24T19:08:06.770+0000] {processor.py:914} INFO - Processing file /home/airflow/.local/lib/python3.12/site-packages/airflow/example_dags/example_skip_dag.py for tasks to queue
[2024-12-24T19:08:06.773+0000] {logging_mixin.py:190} INFO - [2024-12-24T19:08:06.772+0000] {dagbag.py:588} INFO - Filling up the DagBag from /home/airflow/.local/lib/python3.12/site-packages/airflow/example_dags/example_skip_dag.py
[2024-12-24T19:08:06.782+0000] {processor.py:925} INFO - DAG(s) 'example_skip_dag' retrieved from /home/airflow/.local/lib/python3.12/site-packages/airflow/example_dags/example_skip_dag.py
[2024-12-24T19:08:06.810+0000] {logging_mixin.py:190} INFO - [2024-12-24T19:08:06.810+0000] {dag.py:3239} INFO - Sync 1 DAGs
[2024-12-24T19:08:06.839+0000] {logging_mixin.py:190} INFO - [2024-12-24T19:08:06.839+0000] {dag.py:4180} INFO - Setting next_dagrun for example_skip_dag to 2024-12-23 00:00:00+00:00, run_after=2024-12-24 00:00:00+00:00
[2024-12-24T19:08:06.866+0000] {processor.py:208} INFO - Processing /home/airflow/.local/lib/python3.12/site-packages/airflow/example_dags/example_skip_dag.py took 0.104 seconds
[2024-12-24T19:08:37.583+0000] {processor.py:186} INFO - Started process (PID=2319) to work on /home/airflow/.local/lib/python3.12/site-packages/airflow/example_dags/example_skip_dag.py
[2024-12-24T19:08:37.584+0000] {processor.py:914} INFO - Processing file /home/airflow/.local/lib/python3.12/site-packages/airflow/example_dags/example_skip_dag.py for tasks to queue
[2024-12-24T19:08:37.588+0000] {logging_mixin.py:190} INFO - [2024-12-24T19:08:37.587+0000] {dagbag.py:588} INFO - Filling up the DagBag from /home/airflow/.local/lib/python3.12/site-packages/airflow/example_dags/example_skip_dag.py
[2024-12-24T19:08:37.598+0000] {processor.py:925} INFO - DAG(s) 'example_skip_dag' retrieved from /home/airflow/.local/lib/python3.12/site-packages/airflow/example_dags/example_skip_dag.py
[2024-12-24T19:08:37.627+0000] {logging_mixin.py:190} INFO - [2024-12-24T19:08:37.627+0000] {dag.py:3239} INFO - Sync 1 DAGs
[2024-12-24T19:08:37.657+0000] {logging_mixin.py:190} INFO - [2024-12-24T19:08:37.657+0000] {dag.py:4180} INFO - Setting next_dagrun for example_skip_dag to 2024-12-23 00:00:00+00:00, run_after=2024-12-24 00:00:00+00:00
[2024-12-24T19:08:37.718+0000] {processor.py:208} INFO - Processing /home/airflow/.local/lib/python3.12/site-packages/airflow/example_dags/example_skip_dag.py took 0.144 seconds
