[2024-12-24T18:50:32.758+0000] {processor.py:186} INFO - Started process (PID=101) to work on /home/airflow/.local/lib/python3.12/site-packages/airflow/example_dags/example_branch_python_dop_operator_3.py
[2024-12-24T18:50:32.760+0000] {processor.py:914} INFO - Processing file /home/airflow/.local/lib/python3.12/site-packages/airflow/example_dags/example_branch_python_dop_operator_3.py for tasks to queue
[2024-12-24T18:50:32.763+0000] {logging_mixin.py:190} INFO - [2024-12-24T18:50:32.762+0000] {dagbag.py:588} INFO - Filling up the DagBag from /home/airflow/.local/lib/python3.12/site-packages/airflow/example_dags/example_branch_python_dop_operator_3.py
[2024-12-24T18:50:32.774+0000] {processor.py:925} INFO - DAG(s) 'example_branch_dop_operator_v3' retrieved from /home/airflow/.local/lib/python3.12/site-packages/airflow/example_dags/example_branch_python_dop_operator_3.py
[2024-12-24T18:50:32.798+0000] {logging_mixin.py:190} INFO - [2024-12-24T18:50:32.798+0000] {dag.py:3239} INFO - Sync 1 DAGs
[2024-12-24T18:50:32.827+0000] {logging_mixin.py:190} INFO - [2024-12-24T18:50:32.826+0000] {dag.py:4180} INFO - Setting next_dagrun for example_branch_dop_operator_v3 to 2024-12-24 18:49:00+00:00, run_after=2024-12-24 18:50:00+00:00
[2024-12-24T18:50:32.853+0000] {processor.py:208} INFO - Processing /home/airflow/.local/lib/python3.12/site-packages/airflow/example_dags/example_branch_python_dop_operator_3.py took 0.101 seconds
[2024-12-24T18:51:04.186+0000] {processor.py:186} INFO - Started process (PID=164) to work on /home/airflow/.local/lib/python3.12/site-packages/airflow/example_dags/example_branch_python_dop_operator_3.py
[2024-12-24T18:51:04.189+0000] {processor.py:914} INFO - Processing file /home/airflow/.local/lib/python3.12/site-packages/airflow/example_dags/example_branch_python_dop_operator_3.py for tasks to queue
[2024-12-24T18:51:04.193+0000] {logging_mixin.py:190} INFO - [2024-12-24T18:51:04.192+0000] {dagbag.py:588} INFO - Filling up the DagBag from /home/airflow/.local/lib/python3.12/site-packages/airflow/example_dags/example_branch_python_dop_operator_3.py
[2024-12-24T18:51:04.209+0000] {processor.py:925} INFO - DAG(s) 'example_branch_dop_operator_v3' retrieved from /home/airflow/.local/lib/python3.12/site-packages/airflow/example_dags/example_branch_python_dop_operator_3.py
[2024-12-24T18:51:04.242+0000] {logging_mixin.py:190} INFO - [2024-12-24T18:51:04.242+0000] {dag.py:3239} INFO - Sync 1 DAGs
[2024-12-24T18:51:04.280+0000] {logging_mixin.py:190} INFO - [2024-12-24T18:51:04.279+0000] {dag.py:4180} INFO - Setting next_dagrun for example_branch_dop_operator_v3 to 2024-12-24 18:50:00+00:00, run_after=2024-12-24 18:51:00+00:00
[2024-12-24T18:51:04.315+0000] {processor.py:208} INFO - Processing /home/airflow/.local/lib/python3.12/site-packages/airflow/example_dags/example_branch_python_dop_operator_3.py took 0.138 seconds
[2024-12-24T18:51:35.125+0000] {processor.py:186} INFO - Started process (PID=227) to work on /home/airflow/.local/lib/python3.12/site-packages/airflow/example_dags/example_branch_python_dop_operator_3.py
[2024-12-24T18:51:35.127+0000] {processor.py:914} INFO - Processing file /home/airflow/.local/lib/python3.12/site-packages/airflow/example_dags/example_branch_python_dop_operator_3.py for tasks to queue
[2024-12-24T18:51:35.131+0000] {logging_mixin.py:190} INFO - [2024-12-24T18:51:35.131+0000] {dagbag.py:588} INFO - Filling up the DagBag from /home/airflow/.local/lib/python3.12/site-packages/airflow/example_dags/example_branch_python_dop_operator_3.py
[2024-12-24T18:51:35.145+0000] {processor.py:925} INFO - DAG(s) 'example_branch_dop_operator_v3' retrieved from /home/airflow/.local/lib/python3.12/site-packages/airflow/example_dags/example_branch_python_dop_operator_3.py
[2024-12-24T18:51:35.171+0000] {logging_mixin.py:190} INFO - [2024-12-24T18:51:35.171+0000] {dag.py:3239} INFO - Sync 1 DAGs
[2024-12-24T18:51:35.200+0000] {logging_mixin.py:190} INFO - [2024-12-24T18:51:35.200+0000] {dag.py:4180} INFO - Setting next_dagrun for example_branch_dop_operator_v3 to 2024-12-24 18:50:00+00:00, run_after=2024-12-24 18:51:00+00:00
[2024-12-24T18:51:35.235+0000] {processor.py:208} INFO - Processing /home/airflow/.local/lib/python3.12/site-packages/airflow/example_dags/example_branch_python_dop_operator_3.py took 0.119 seconds
[2024-12-24T18:52:05.440+0000] {processor.py:186} INFO - Started process (PID=291) to work on /home/airflow/.local/lib/python3.12/site-packages/airflow/example_dags/example_branch_python_dop_operator_3.py
[2024-12-24T18:52:05.443+0000] {processor.py:914} INFO - Processing file /home/airflow/.local/lib/python3.12/site-packages/airflow/example_dags/example_branch_python_dop_operator_3.py for tasks to queue
[2024-12-24T18:52:05.446+0000] {logging_mixin.py:190} INFO - [2024-12-24T18:52:05.446+0000] {dagbag.py:588} INFO - Filling up the DagBag from /home/airflow/.local/lib/python3.12/site-packages/airflow/example_dags/example_branch_python_dop_operator_3.py
[2024-12-24T18:52:05.465+0000] {processor.py:925} INFO - DAG(s) 'example_branch_dop_operator_v3' retrieved from /home/airflow/.local/lib/python3.12/site-packages/airflow/example_dags/example_branch_python_dop_operator_3.py
[2024-12-24T18:52:05.495+0000] {logging_mixin.py:190} INFO - [2024-12-24T18:52:05.495+0000] {dag.py:3239} INFO - Sync 1 DAGs
[2024-12-24T18:52:05.533+0000] {logging_mixin.py:190} INFO - [2024-12-24T18:52:05.533+0000] {dag.py:4180} INFO - Setting next_dagrun for example_branch_dop_operator_v3 to 2024-12-24 18:51:00+00:00, run_after=2024-12-24 18:52:00+00:00
[2024-12-24T18:52:05.571+0000] {processor.py:208} INFO - Processing /home/airflow/.local/lib/python3.12/site-packages/airflow/example_dags/example_branch_python_dop_operator_3.py took 0.140 seconds
[2024-12-24T18:52:37.556+0000] {processor.py:186} INFO - Started process (PID=354) to work on /home/airflow/.local/lib/python3.12/site-packages/airflow/example_dags/example_branch_python_dop_operator_3.py
[2024-12-24T18:52:37.558+0000] {processor.py:914} INFO - Processing file /home/airflow/.local/lib/python3.12/site-packages/airflow/example_dags/example_branch_python_dop_operator_3.py for tasks to queue
[2024-12-24T18:52:37.561+0000] {logging_mixin.py:190} INFO - [2024-12-24T18:52:37.560+0000] {dagbag.py:588} INFO - Filling up the DagBag from /home/airflow/.local/lib/python3.12/site-packages/airflow/example_dags/example_branch_python_dop_operator_3.py
[2024-12-24T18:52:37.573+0000] {processor.py:925} INFO - DAG(s) 'example_branch_dop_operator_v3' retrieved from /home/airflow/.local/lib/python3.12/site-packages/airflow/example_dags/example_branch_python_dop_operator_3.py
[2024-12-24T18:52:37.598+0000] {logging_mixin.py:190} INFO - [2024-12-24T18:52:37.598+0000] {dag.py:3239} INFO - Sync 1 DAGs
[2024-12-24T18:52:37.625+0000] {logging_mixin.py:190} INFO - [2024-12-24T18:52:37.625+0000] {dag.py:4180} INFO - Setting next_dagrun for example_branch_dop_operator_v3 to 2024-12-24 18:51:00+00:00, run_after=2024-12-24 18:52:00+00:00
[2024-12-24T18:52:37.651+0000] {processor.py:208} INFO - Processing /home/airflow/.local/lib/python3.12/site-packages/airflow/example_dags/example_branch_python_dop_operator_3.py took 0.101 seconds
[2024-12-24T18:53:08.388+0000] {processor.py:186} INFO - Started process (PID=417) to work on /home/airflow/.local/lib/python3.12/site-packages/airflow/example_dags/example_branch_python_dop_operator_3.py
[2024-12-24T18:53:08.389+0000] {processor.py:914} INFO - Processing file /home/airflow/.local/lib/python3.12/site-packages/airflow/example_dags/example_branch_python_dop_operator_3.py for tasks to queue
[2024-12-24T18:53:08.392+0000] {logging_mixin.py:190} INFO - [2024-12-24T18:53:08.392+0000] {dagbag.py:588} INFO - Filling up the DagBag from /home/airflow/.local/lib/python3.12/site-packages/airflow/example_dags/example_branch_python_dop_operator_3.py
[2024-12-24T18:53:08.403+0000] {processor.py:925} INFO - DAG(s) 'example_branch_dop_operator_v3' retrieved from /home/airflow/.local/lib/python3.12/site-packages/airflow/example_dags/example_branch_python_dop_operator_3.py
[2024-12-24T18:53:08.428+0000] {logging_mixin.py:190} INFO - [2024-12-24T18:53:08.428+0000] {dag.py:3239} INFO - Sync 1 DAGs
[2024-12-24T18:53:08.461+0000] {logging_mixin.py:190} INFO - [2024-12-24T18:53:08.461+0000] {dag.py:4180} INFO - Setting next_dagrun for example_branch_dop_operator_v3 to 2024-12-24 18:52:00+00:00, run_after=2024-12-24 18:53:00+00:00
[2024-12-24T18:53:08.489+0000] {processor.py:208} INFO - Processing /home/airflow/.local/lib/python3.12/site-packages/airflow/example_dags/example_branch_python_dop_operator_3.py took 0.106 seconds
[2024-12-24T18:53:41.139+0000] {processor.py:186} INFO - Started process (PID=480) to work on /home/airflow/.local/lib/python3.12/site-packages/airflow/example_dags/example_branch_python_dop_operator_3.py
[2024-12-24T18:53:41.140+0000] {processor.py:914} INFO - Processing file /home/airflow/.local/lib/python3.12/site-packages/airflow/example_dags/example_branch_python_dop_operator_3.py for tasks to queue
[2024-12-24T18:53:41.143+0000] {logging_mixin.py:190} INFO - [2024-12-24T18:53:41.143+0000] {dagbag.py:588} INFO - Filling up the DagBag from /home/airflow/.local/lib/python3.12/site-packages/airflow/example_dags/example_branch_python_dop_operator_3.py
[2024-12-24T18:53:41.153+0000] {processor.py:925} INFO - DAG(s) 'example_branch_dop_operator_v3' retrieved from /home/airflow/.local/lib/python3.12/site-packages/airflow/example_dags/example_branch_python_dop_operator_3.py
[2024-12-24T18:53:41.176+0000] {logging_mixin.py:190} INFO - [2024-12-24T18:53:41.176+0000] {dag.py:3239} INFO - Sync 1 DAGs
[2024-12-24T18:53:41.204+0000] {logging_mixin.py:190} INFO - [2024-12-24T18:53:41.204+0000] {dag.py:4180} INFO - Setting next_dagrun for example_branch_dop_operator_v3 to 2024-12-24 18:52:00+00:00, run_after=2024-12-24 18:53:00+00:00
[2024-12-24T18:53:41.227+0000] {processor.py:208} INFO - Processing /home/airflow/.local/lib/python3.12/site-packages/airflow/example_dags/example_branch_python_dop_operator_3.py took 0.094 seconds
[2024-12-24T18:54:12.582+0000] {processor.py:186} INFO - Started process (PID=543) to work on /home/airflow/.local/lib/python3.12/site-packages/airflow/example_dags/example_branch_python_dop_operator_3.py
[2024-12-24T18:54:12.584+0000] {processor.py:914} INFO - Processing file /home/airflow/.local/lib/python3.12/site-packages/airflow/example_dags/example_branch_python_dop_operator_3.py for tasks to queue
[2024-12-24T18:54:12.588+0000] {logging_mixin.py:190} INFO - [2024-12-24T18:54:12.588+0000] {dagbag.py:588} INFO - Filling up the DagBag from /home/airflow/.local/lib/python3.12/site-packages/airflow/example_dags/example_branch_python_dop_operator_3.py
[2024-12-24T18:54:12.606+0000] {processor.py:925} INFO - DAG(s) 'example_branch_dop_operator_v3' retrieved from /home/airflow/.local/lib/python3.12/site-packages/airflow/example_dags/example_branch_python_dop_operator_3.py
[2024-12-24T18:54:12.629+0000] {logging_mixin.py:190} INFO - [2024-12-24T18:54:12.629+0000] {dag.py:3239} INFO - Sync 1 DAGs
[2024-12-24T18:54:12.658+0000] {logging_mixin.py:190} INFO - [2024-12-24T18:54:12.658+0000] {dag.py:4180} INFO - Setting next_dagrun for example_branch_dop_operator_v3 to 2024-12-24 18:53:00+00:00, run_after=2024-12-24 18:54:00+00:00
[2024-12-24T18:54:12.686+0000] {processor.py:208} INFO - Processing /home/airflow/.local/lib/python3.12/site-packages/airflow/example_dags/example_branch_python_dop_operator_3.py took 0.112 seconds
[2024-12-24T18:54:44.108+0000] {processor.py:186} INFO - Started process (PID=606) to work on /home/airflow/.local/lib/python3.12/site-packages/airflow/example_dags/example_branch_python_dop_operator_3.py
[2024-12-24T18:54:44.110+0000] {processor.py:914} INFO - Processing file /home/airflow/.local/lib/python3.12/site-packages/airflow/example_dags/example_branch_python_dop_operator_3.py for tasks to queue
[2024-12-24T18:54:44.113+0000] {logging_mixin.py:190} INFO - [2024-12-24T18:54:44.113+0000] {dagbag.py:588} INFO - Filling up the DagBag from /home/airflow/.local/lib/python3.12/site-packages/airflow/example_dags/example_branch_python_dop_operator_3.py
[2024-12-24T18:54:44.125+0000] {processor.py:925} INFO - DAG(s) 'example_branch_dop_operator_v3' retrieved from /home/airflow/.local/lib/python3.12/site-packages/airflow/example_dags/example_branch_python_dop_operator_3.py
[2024-12-24T18:54:44.155+0000] {logging_mixin.py:190} INFO - [2024-12-24T18:54:44.155+0000] {dag.py:3239} INFO - Sync 1 DAGs
[2024-12-24T18:54:44.188+0000] {logging_mixin.py:190} INFO - [2024-12-24T18:54:44.188+0000] {dag.py:4180} INFO - Setting next_dagrun for example_branch_dop_operator_v3 to 2024-12-24 18:53:00+00:00, run_after=2024-12-24 18:54:00+00:00
[2024-12-24T18:54:44.223+0000] {processor.py:208} INFO - Processing /home/airflow/.local/lib/python3.12/site-packages/airflow/example_dags/example_branch_python_dop_operator_3.py took 0.121 seconds
[2024-12-24T18:55:15.081+0000] {processor.py:186} INFO - Started process (PID=668) to work on /home/airflow/.local/lib/python3.12/site-packages/airflow/example_dags/example_branch_python_dop_operator_3.py
[2024-12-24T18:55:15.083+0000] {processor.py:914} INFO - Processing file /home/airflow/.local/lib/python3.12/site-packages/airflow/example_dags/example_branch_python_dop_operator_3.py for tasks to queue
[2024-12-24T18:55:15.088+0000] {logging_mixin.py:190} INFO - [2024-12-24T18:55:15.087+0000] {dagbag.py:588} INFO - Filling up the DagBag from /home/airflow/.local/lib/python3.12/site-packages/airflow/example_dags/example_branch_python_dop_operator_3.py
[2024-12-24T18:55:15.100+0000] {processor.py:925} INFO - DAG(s) 'example_branch_dop_operator_v3' retrieved from /home/airflow/.local/lib/python3.12/site-packages/airflow/example_dags/example_branch_python_dop_operator_3.py
[2024-12-24T18:55:15.129+0000] {logging_mixin.py:190} INFO - [2024-12-24T18:55:15.129+0000] {dag.py:3239} INFO - Sync 1 DAGs
[2024-12-24T18:55:15.169+0000] {logging_mixin.py:190} INFO - [2024-12-24T18:55:15.168+0000] {dag.py:4180} INFO - Setting next_dagrun for example_branch_dop_operator_v3 to 2024-12-24 18:54:00+00:00, run_after=2024-12-24 18:55:00+00:00
[2024-12-24T18:55:15.201+0000] {processor.py:208} INFO - Processing /home/airflow/.local/lib/python3.12/site-packages/airflow/example_dags/example_branch_python_dop_operator_3.py took 0.127 seconds
[2024-12-24T18:55:46.821+0000] {processor.py:186} INFO - Started process (PID=738) to work on /home/airflow/.local/lib/python3.12/site-packages/airflow/example_dags/example_branch_python_dop_operator_3.py
[2024-12-24T18:55:46.823+0000] {processor.py:914} INFO - Processing file /home/airflow/.local/lib/python3.12/site-packages/airflow/example_dags/example_branch_python_dop_operator_3.py for tasks to queue
[2024-12-24T18:55:46.825+0000] {logging_mixin.py:190} INFO - [2024-12-24T18:55:46.825+0000] {dagbag.py:588} INFO - Filling up the DagBag from /home/airflow/.local/lib/python3.12/site-packages/airflow/example_dags/example_branch_python_dop_operator_3.py
[2024-12-24T18:55:46.835+0000] {processor.py:925} INFO - DAG(s) 'example_branch_dop_operator_v3' retrieved from /home/airflow/.local/lib/python3.12/site-packages/airflow/example_dags/example_branch_python_dop_operator_3.py
[2024-12-24T18:55:46.857+0000] {logging_mixin.py:190} INFO - [2024-12-24T18:55:46.857+0000] {dag.py:3239} INFO - Sync 1 DAGs
[2024-12-24T18:55:46.885+0000] {logging_mixin.py:190} INFO - [2024-12-24T18:55:46.884+0000] {dag.py:4180} INFO - Setting next_dagrun for example_branch_dop_operator_v3 to 2024-12-24 18:54:00+00:00, run_after=2024-12-24 18:55:00+00:00
[2024-12-24T18:55:46.908+0000] {processor.py:208} INFO - Processing /home/airflow/.local/lib/python3.12/site-packages/airflow/example_dags/example_branch_python_dop_operator_3.py took 0.092 seconds
[2024-12-24T18:56:18.121+0000] {processor.py:186} INFO - Started process (PID=800) to work on /home/airflow/.local/lib/python3.12/site-packages/airflow/example_dags/example_branch_python_dop_operator_3.py
[2024-12-24T18:56:18.122+0000] {processor.py:914} INFO - Processing file /home/airflow/.local/lib/python3.12/site-packages/airflow/example_dags/example_branch_python_dop_operator_3.py for tasks to queue
[2024-12-24T18:56:18.125+0000] {logging_mixin.py:190} INFO - [2024-12-24T18:56:18.125+0000] {dagbag.py:588} INFO - Filling up the DagBag from /home/airflow/.local/lib/python3.12/site-packages/airflow/example_dags/example_branch_python_dop_operator_3.py
[2024-12-24T18:56:18.137+0000] {processor.py:925} INFO - DAG(s) 'example_branch_dop_operator_v3' retrieved from /home/airflow/.local/lib/python3.12/site-packages/airflow/example_dags/example_branch_python_dop_operator_3.py
[2024-12-24T18:56:18.161+0000] {logging_mixin.py:190} INFO - [2024-12-24T18:56:18.161+0000] {dag.py:3239} INFO - Sync 1 DAGs
[2024-12-24T18:56:18.194+0000] {logging_mixin.py:190} INFO - [2024-12-24T18:56:18.194+0000] {dag.py:4180} INFO - Setting next_dagrun for example_branch_dop_operator_v3 to 2024-12-24 18:55:00+00:00, run_after=2024-12-24 18:56:00+00:00
[2024-12-24T18:56:18.225+0000] {processor.py:208} INFO - Processing /home/airflow/.local/lib/python3.12/site-packages/airflow/example_dags/example_branch_python_dop_operator_3.py took 0.111 seconds
[2024-12-24T18:56:49.507+0000] {processor.py:186} INFO - Started process (PID=863) to work on /home/airflow/.local/lib/python3.12/site-packages/airflow/example_dags/example_branch_python_dop_operator_3.py
[2024-12-24T18:56:49.509+0000] {processor.py:914} INFO - Processing file /home/airflow/.local/lib/python3.12/site-packages/airflow/example_dags/example_branch_python_dop_operator_3.py for tasks to queue
[2024-12-24T18:56:49.513+0000] {logging_mixin.py:190} INFO - [2024-12-24T18:56:49.512+0000] {dagbag.py:588} INFO - Filling up the DagBag from /home/airflow/.local/lib/python3.12/site-packages/airflow/example_dags/example_branch_python_dop_operator_3.py
[2024-12-24T18:56:49.529+0000] {processor.py:925} INFO - DAG(s) 'example_branch_dop_operator_v3' retrieved from /home/airflow/.local/lib/python3.12/site-packages/airflow/example_dags/example_branch_python_dop_operator_3.py
[2024-12-24T18:56:49.559+0000] {logging_mixin.py:190} INFO - [2024-12-24T18:56:49.558+0000] {dag.py:3239} INFO - Sync 1 DAGs
[2024-12-24T18:56:49.594+0000] {logging_mixin.py:190} INFO - [2024-12-24T18:56:49.594+0000] {dag.py:4180} INFO - Setting next_dagrun for example_branch_dop_operator_v3 to 2024-12-24 18:55:00+00:00, run_after=2024-12-24 18:56:00+00:00
[2024-12-24T18:56:49.633+0000] {processor.py:208} INFO - Processing /home/airflow/.local/lib/python3.12/site-packages/airflow/example_dags/example_branch_python_dop_operator_3.py took 0.135 seconds
[2024-12-24T18:57:20.139+0000] {processor.py:186} INFO - Started process (PID=926) to work on /home/airflow/.local/lib/python3.12/site-packages/airflow/example_dags/example_branch_python_dop_operator_3.py
[2024-12-24T18:57:20.140+0000] {processor.py:914} INFO - Processing file /home/airflow/.local/lib/python3.12/site-packages/airflow/example_dags/example_branch_python_dop_operator_3.py for tasks to queue
[2024-12-24T18:57:20.143+0000] {logging_mixin.py:190} INFO - [2024-12-24T18:57:20.143+0000] {dagbag.py:588} INFO - Filling up the DagBag from /home/airflow/.local/lib/python3.12/site-packages/airflow/example_dags/example_branch_python_dop_operator_3.py
[2024-12-24T18:57:20.155+0000] {processor.py:925} INFO - DAG(s) 'example_branch_dop_operator_v3' retrieved from /home/airflow/.local/lib/python3.12/site-packages/airflow/example_dags/example_branch_python_dop_operator_3.py
[2024-12-24T18:57:20.179+0000] {logging_mixin.py:190} INFO - [2024-12-24T18:57:20.178+0000] {dag.py:3239} INFO - Sync 1 DAGs
[2024-12-24T18:57:20.206+0000] {logging_mixin.py:190} INFO - [2024-12-24T18:57:20.206+0000] {dag.py:4180} INFO - Setting next_dagrun for example_branch_dop_operator_v3 to 2024-12-24 18:56:00+00:00, run_after=2024-12-24 18:57:00+00:00
[2024-12-24T18:57:20.233+0000] {processor.py:208} INFO - Processing /home/airflow/.local/lib/python3.12/site-packages/airflow/example_dags/example_branch_python_dop_operator_3.py took 0.099 seconds
[2024-12-24T18:57:51.228+0000] {processor.py:186} INFO - Started process (PID=989) to work on /home/airflow/.local/lib/python3.12/site-packages/airflow/example_dags/example_branch_python_dop_operator_3.py
[2024-12-24T18:57:51.231+0000] {processor.py:914} INFO - Processing file /home/airflow/.local/lib/python3.12/site-packages/airflow/example_dags/example_branch_python_dop_operator_3.py for tasks to queue
[2024-12-24T18:57:51.234+0000] {logging_mixin.py:190} INFO - [2024-12-24T18:57:51.233+0000] {dagbag.py:588} INFO - Filling up the DagBag from /home/airflow/.local/lib/python3.12/site-packages/airflow/example_dags/example_branch_python_dop_operator_3.py
[2024-12-24T18:57:51.246+0000] {processor.py:925} INFO - DAG(s) 'example_branch_dop_operator_v3' retrieved from /home/airflow/.local/lib/python3.12/site-packages/airflow/example_dags/example_branch_python_dop_operator_3.py
[2024-12-24T18:57:51.272+0000] {logging_mixin.py:190} INFO - [2024-12-24T18:57:51.272+0000] {dag.py:3239} INFO - Sync 1 DAGs
[2024-12-24T18:57:51.306+0000] {logging_mixin.py:190} INFO - [2024-12-24T18:57:51.306+0000] {dag.py:4180} INFO - Setting next_dagrun for example_branch_dop_operator_v3 to 2024-12-24 18:56:00+00:00, run_after=2024-12-24 18:57:00+00:00
[2024-12-24T18:57:51.336+0000] {processor.py:208} INFO - Processing /home/airflow/.local/lib/python3.12/site-packages/airflow/example_dags/example_branch_python_dop_operator_3.py took 0.114 seconds
[2024-12-24T18:58:22.801+0000] {processor.py:186} INFO - Started process (PID=1056) to work on /home/airflow/.local/lib/python3.12/site-packages/airflow/example_dags/example_branch_python_dop_operator_3.py
[2024-12-24T18:58:22.803+0000] {processor.py:914} INFO - Processing file /home/airflow/.local/lib/python3.12/site-packages/airflow/example_dags/example_branch_python_dop_operator_3.py for tasks to queue
[2024-12-24T18:58:22.806+0000] {logging_mixin.py:190} INFO - [2024-12-24T18:58:22.805+0000] {dagbag.py:588} INFO - Filling up the DagBag from /home/airflow/.local/lib/python3.12/site-packages/airflow/example_dags/example_branch_python_dop_operator_3.py
[2024-12-24T18:58:22.817+0000] {processor.py:925} INFO - DAG(s) 'example_branch_dop_operator_v3' retrieved from /home/airflow/.local/lib/python3.12/site-packages/airflow/example_dags/example_branch_python_dop_operator_3.py
[2024-12-24T18:58:22.841+0000] {logging_mixin.py:190} INFO - [2024-12-24T18:58:22.841+0000] {dag.py:3239} INFO - Sync 1 DAGs
[2024-12-24T18:58:22.869+0000] {logging_mixin.py:190} INFO - [2024-12-24T18:58:22.869+0000] {dag.py:4180} INFO - Setting next_dagrun for example_branch_dop_operator_v3 to 2024-12-24 18:57:00+00:00, run_after=2024-12-24 18:58:00+00:00
[2024-12-24T18:58:22.898+0000] {processor.py:208} INFO - Processing /home/airflow/.local/lib/python3.12/site-packages/airflow/example_dags/example_branch_python_dop_operator_3.py took 0.102 seconds
[2024-12-24T18:58:54.617+0000] {processor.py:186} INFO - Started process (PID=1120) to work on /home/airflow/.local/lib/python3.12/site-packages/airflow/example_dags/example_branch_python_dop_operator_3.py
[2024-12-24T18:58:54.619+0000] {processor.py:914} INFO - Processing file /home/airflow/.local/lib/python3.12/site-packages/airflow/example_dags/example_branch_python_dop_operator_3.py for tasks to queue
[2024-12-24T18:58:54.622+0000] {logging_mixin.py:190} INFO - [2024-12-24T18:58:54.622+0000] {dagbag.py:588} INFO - Filling up the DagBag from /home/airflow/.local/lib/python3.12/site-packages/airflow/example_dags/example_branch_python_dop_operator_3.py
[2024-12-24T18:58:54.633+0000] {processor.py:925} INFO - DAG(s) 'example_branch_dop_operator_v3' retrieved from /home/airflow/.local/lib/python3.12/site-packages/airflow/example_dags/example_branch_python_dop_operator_3.py
[2024-12-24T18:58:54.662+0000] {logging_mixin.py:190} INFO - [2024-12-24T18:58:54.662+0000] {dag.py:3239} INFO - Sync 1 DAGs
[2024-12-24T18:58:54.693+0000] {logging_mixin.py:190} INFO - [2024-12-24T18:58:54.693+0000] {dag.py:4180} INFO - Setting next_dagrun for example_branch_dop_operator_v3 to 2024-12-24 18:57:00+00:00, run_after=2024-12-24 18:58:00+00:00
[2024-12-24T18:58:54.722+0000] {processor.py:208} INFO - Processing /home/airflow/.local/lib/python3.12/site-packages/airflow/example_dags/example_branch_python_dop_operator_3.py took 0.112 seconds
[2024-12-24T18:59:25.575+0000] {processor.py:186} INFO - Started process (PID=1183) to work on /home/airflow/.local/lib/python3.12/site-packages/airflow/example_dags/example_branch_python_dop_operator_3.py
[2024-12-24T18:59:25.576+0000] {processor.py:914} INFO - Processing file /home/airflow/.local/lib/python3.12/site-packages/airflow/example_dags/example_branch_python_dop_operator_3.py for tasks to queue
[2024-12-24T18:59:25.579+0000] {logging_mixin.py:190} INFO - [2024-12-24T18:59:25.579+0000] {dagbag.py:588} INFO - Filling up the DagBag from /home/airflow/.local/lib/python3.12/site-packages/airflow/example_dags/example_branch_python_dop_operator_3.py
[2024-12-24T18:59:25.590+0000] {processor.py:925} INFO - DAG(s) 'example_branch_dop_operator_v3' retrieved from /home/airflow/.local/lib/python3.12/site-packages/airflow/example_dags/example_branch_python_dop_operator_3.py
[2024-12-24T18:59:25.615+0000] {logging_mixin.py:190} INFO - [2024-12-24T18:59:25.615+0000] {dag.py:3239} INFO - Sync 1 DAGs
[2024-12-24T18:59:25.646+0000] {logging_mixin.py:190} INFO - [2024-12-24T18:59:25.645+0000] {dag.py:4180} INFO - Setting next_dagrun for example_branch_dop_operator_v3 to 2024-12-24 18:58:00+00:00, run_after=2024-12-24 18:59:00+00:00
[2024-12-24T18:59:25.674+0000] {processor.py:208} INFO - Processing /home/airflow/.local/lib/python3.12/site-packages/airflow/example_dags/example_branch_python_dop_operator_3.py took 0.105 seconds
[2024-12-24T18:59:56.134+0000] {processor.py:186} INFO - Started process (PID=1243) to work on /home/airflow/.local/lib/python3.12/site-packages/airflow/example_dags/example_branch_python_dop_operator_3.py
[2024-12-24T18:59:56.135+0000] {processor.py:914} INFO - Processing file /home/airflow/.local/lib/python3.12/site-packages/airflow/example_dags/example_branch_python_dop_operator_3.py for tasks to queue
[2024-12-24T18:59:56.139+0000] {logging_mixin.py:190} INFO - [2024-12-24T18:59:56.138+0000] {dagbag.py:588} INFO - Filling up the DagBag from /home/airflow/.local/lib/python3.12/site-packages/airflow/example_dags/example_branch_python_dop_operator_3.py
[2024-12-24T18:59:56.149+0000] {processor.py:925} INFO - DAG(s) 'example_branch_dop_operator_v3' retrieved from /home/airflow/.local/lib/python3.12/site-packages/airflow/example_dags/example_branch_python_dop_operator_3.py
[2024-12-24T18:59:56.173+0000] {logging_mixin.py:190} INFO - [2024-12-24T18:59:56.173+0000] {dag.py:3239} INFO - Sync 1 DAGs
[2024-12-24T18:59:56.203+0000] {logging_mixin.py:190} INFO - [2024-12-24T18:59:56.203+0000] {dag.py:4180} INFO - Setting next_dagrun for example_branch_dop_operator_v3 to 2024-12-24 18:58:00+00:00, run_after=2024-12-24 18:59:00+00:00
[2024-12-24T18:59:56.228+0000] {processor.py:208} INFO - Processing /home/airflow/.local/lib/python3.12/site-packages/airflow/example_dags/example_branch_python_dop_operator_3.py took 0.100 seconds
[2024-12-24T19:00:26.324+0000] {processor.py:186} INFO - Started process (PID=1306) to work on /home/airflow/.local/lib/python3.12/site-packages/airflow/example_dags/example_branch_python_dop_operator_3.py
[2024-12-24T19:00:26.326+0000] {processor.py:914} INFO - Processing file /home/airflow/.local/lib/python3.12/site-packages/airflow/example_dags/example_branch_python_dop_operator_3.py for tasks to queue
[2024-12-24T19:00:26.328+0000] {logging_mixin.py:190} INFO - [2024-12-24T19:00:26.328+0000] {dagbag.py:588} INFO - Filling up the DagBag from /home/airflow/.local/lib/python3.12/site-packages/airflow/example_dags/example_branch_python_dop_operator_3.py
[2024-12-24T19:00:26.339+0000] {processor.py:925} INFO - DAG(s) 'example_branch_dop_operator_v3' retrieved from /home/airflow/.local/lib/python3.12/site-packages/airflow/example_dags/example_branch_python_dop_operator_3.py
[2024-12-24T19:00:26.362+0000] {logging_mixin.py:190} INFO - [2024-12-24T19:00:26.362+0000] {dag.py:3239} INFO - Sync 1 DAGs
[2024-12-24T19:00:26.390+0000] {logging_mixin.py:190} INFO - [2024-12-24T19:00:26.390+0000] {dag.py:4180} INFO - Setting next_dagrun for example_branch_dop_operator_v3 to 2024-12-24 18:59:00+00:00, run_after=2024-12-24 19:00:00+00:00
[2024-12-24T19:00:26.420+0000] {processor.py:208} INFO - Processing /home/airflow/.local/lib/python3.12/site-packages/airflow/example_dags/example_branch_python_dop_operator_3.py took 0.102 seconds
[2024-12-24T19:00:57.169+0000] {processor.py:186} INFO - Started process (PID=1368) to work on /home/airflow/.local/lib/python3.12/site-packages/airflow/example_dags/example_branch_python_dop_operator_3.py
[2024-12-24T19:00:57.170+0000] {processor.py:914} INFO - Processing file /home/airflow/.local/lib/python3.12/site-packages/airflow/example_dags/example_branch_python_dop_operator_3.py for tasks to queue
[2024-12-24T19:00:57.173+0000] {logging_mixin.py:190} INFO - [2024-12-24T19:00:57.172+0000] {dagbag.py:588} INFO - Filling up the DagBag from /home/airflow/.local/lib/python3.12/site-packages/airflow/example_dags/example_branch_python_dop_operator_3.py
[2024-12-24T19:00:57.184+0000] {processor.py:925} INFO - DAG(s) 'example_branch_dop_operator_v3' retrieved from /home/airflow/.local/lib/python3.12/site-packages/airflow/example_dags/example_branch_python_dop_operator_3.py
[2024-12-24T19:00:57.207+0000] {logging_mixin.py:190} INFO - [2024-12-24T19:00:57.207+0000] {dag.py:3239} INFO - Sync 1 DAGs
[2024-12-24T19:00:57.234+0000] {logging_mixin.py:190} INFO - [2024-12-24T19:00:57.234+0000] {dag.py:4180} INFO - Setting next_dagrun for example_branch_dop_operator_v3 to 2024-12-24 18:59:00+00:00, run_after=2024-12-24 19:00:00+00:00
[2024-12-24T19:00:57.262+0000] {processor.py:208} INFO - Processing /home/airflow/.local/lib/python3.12/site-packages/airflow/example_dags/example_branch_python_dop_operator_3.py took 0.099 seconds
[2024-12-24T19:01:28.091+0000] {processor.py:186} INFO - Started process (PID=1431) to work on /home/airflow/.local/lib/python3.12/site-packages/airflow/example_dags/example_branch_python_dop_operator_3.py
[2024-12-24T19:01:28.092+0000] {processor.py:914} INFO - Processing file /home/airflow/.local/lib/python3.12/site-packages/airflow/example_dags/example_branch_python_dop_operator_3.py for tasks to queue
[2024-12-24T19:01:28.095+0000] {logging_mixin.py:190} INFO - [2024-12-24T19:01:28.094+0000] {dagbag.py:588} INFO - Filling up the DagBag from /home/airflow/.local/lib/python3.12/site-packages/airflow/example_dags/example_branch_python_dop_operator_3.py
[2024-12-24T19:01:28.105+0000] {processor.py:925} INFO - DAG(s) 'example_branch_dop_operator_v3' retrieved from /home/airflow/.local/lib/python3.12/site-packages/airflow/example_dags/example_branch_python_dop_operator_3.py
[2024-12-24T19:01:28.129+0000] {logging_mixin.py:190} INFO - [2024-12-24T19:01:28.129+0000] {dag.py:3239} INFO - Sync 1 DAGs
[2024-12-24T19:01:28.159+0000] {logging_mixin.py:190} INFO - [2024-12-24T19:01:28.158+0000] {dag.py:4180} INFO - Setting next_dagrun for example_branch_dop_operator_v3 to 2024-12-24 19:00:00+00:00, run_after=2024-12-24 19:01:00+00:00
[2024-12-24T19:01:28.185+0000] {processor.py:208} INFO - Processing /home/airflow/.local/lib/python3.12/site-packages/airflow/example_dags/example_branch_python_dop_operator_3.py took 0.101 seconds
[2024-12-24T19:01:58.947+0000] {processor.py:186} INFO - Started process (PID=1494) to work on /home/airflow/.local/lib/python3.12/site-packages/airflow/example_dags/example_branch_python_dop_operator_3.py
[2024-12-24T19:01:58.949+0000] {processor.py:914} INFO - Processing file /home/airflow/.local/lib/python3.12/site-packages/airflow/example_dags/example_branch_python_dop_operator_3.py for tasks to queue
[2024-12-24T19:01:58.951+0000] {logging_mixin.py:190} INFO - [2024-12-24T19:01:58.951+0000] {dagbag.py:588} INFO - Filling up the DagBag from /home/airflow/.local/lib/python3.12/site-packages/airflow/example_dags/example_branch_python_dop_operator_3.py
[2024-12-24T19:01:58.963+0000] {processor.py:925} INFO - DAG(s) 'example_branch_dop_operator_v3' retrieved from /home/airflow/.local/lib/python3.12/site-packages/airflow/example_dags/example_branch_python_dop_operator_3.py
[2024-12-24T19:01:59.010+0000] {logging_mixin.py:190} INFO - [2024-12-24T19:01:59.010+0000] {dag.py:3239} INFO - Sync 1 DAGs
[2024-12-24T19:01:59.040+0000] {logging_mixin.py:190} INFO - [2024-12-24T19:01:59.039+0000] {dag.py:4180} INFO - Setting next_dagrun for example_branch_dop_operator_v3 to 2024-12-24 19:00:00+00:00, run_after=2024-12-24 19:01:00+00:00
[2024-12-24T19:01:59.068+0000] {processor.py:208} INFO - Processing /home/airflow/.local/lib/python3.12/site-packages/airflow/example_dags/example_branch_python_dop_operator_3.py took 0.127 seconds
[2024-12-24T19:02:29.553+0000] {processor.py:186} INFO - Started process (PID=1563) to work on /home/airflow/.local/lib/python3.12/site-packages/airflow/example_dags/example_branch_python_dop_operator_3.py
[2024-12-24T19:02:29.555+0000] {processor.py:914} INFO - Processing file /home/airflow/.local/lib/python3.12/site-packages/airflow/example_dags/example_branch_python_dop_operator_3.py for tasks to queue
[2024-12-24T19:02:29.559+0000] {logging_mixin.py:190} INFO - [2024-12-24T19:02:29.559+0000] {dagbag.py:588} INFO - Filling up the DagBag from /home/airflow/.local/lib/python3.12/site-packages/airflow/example_dags/example_branch_python_dop_operator_3.py
[2024-12-24T19:02:29.579+0000] {processor.py:925} INFO - DAG(s) 'example_branch_dop_operator_v3' retrieved from /home/airflow/.local/lib/python3.12/site-packages/airflow/example_dags/example_branch_python_dop_operator_3.py
[2024-12-24T19:02:29.616+0000] {logging_mixin.py:190} INFO - [2024-12-24T19:02:29.615+0000] {dag.py:3239} INFO - Sync 1 DAGs
[2024-12-24T19:02:29.659+0000] {logging_mixin.py:190} INFO - [2024-12-24T19:02:29.659+0000] {dag.py:4180} INFO - Setting next_dagrun for example_branch_dop_operator_v3 to 2024-12-24 19:01:00+00:00, run_after=2024-12-24 19:02:00+00:00
[2024-12-24T19:02:29.703+0000] {processor.py:208} INFO - Processing /home/airflow/.local/lib/python3.12/site-packages/airflow/example_dags/example_branch_python_dop_operator_3.py took 0.159 seconds
[2024-12-24T19:03:00.811+0000] {processor.py:186} INFO - Started process (PID=1626) to work on /home/airflow/.local/lib/python3.12/site-packages/airflow/example_dags/example_branch_python_dop_operator_3.py
[2024-12-24T19:03:00.815+0000] {processor.py:914} INFO - Processing file /home/airflow/.local/lib/python3.12/site-packages/airflow/example_dags/example_branch_python_dop_operator_3.py for tasks to queue
[2024-12-24T19:03:00.822+0000] {logging_mixin.py:190} INFO - [2024-12-24T19:03:00.821+0000] {dagbag.py:588} INFO - Filling up the DagBag from /home/airflow/.local/lib/python3.12/site-packages/airflow/example_dags/example_branch_python_dop_operator_3.py
[2024-12-24T19:03:00.847+0000] {processor.py:925} INFO - DAG(s) 'example_branch_dop_operator_v3' retrieved from /home/airflow/.local/lib/python3.12/site-packages/airflow/example_dags/example_branch_python_dop_operator_3.py
[2024-12-24T19:03:00.882+0000] {logging_mixin.py:190} INFO - [2024-12-24T19:03:00.882+0000] {dag.py:3239} INFO - Sync 1 DAGs
[2024-12-24T19:03:00.921+0000] {logging_mixin.py:190} INFO - [2024-12-24T19:03:00.921+0000] {dag.py:4180} INFO - Setting next_dagrun for example_branch_dop_operator_v3 to 2024-12-24 19:02:00+00:00, run_after=2024-12-24 19:03:00+00:00
[2024-12-24T19:03:00.975+0000] {processor.py:208} INFO - Processing /home/airflow/.local/lib/python3.12/site-packages/airflow/example_dags/example_branch_python_dop_operator_3.py took 0.176 seconds
[2024-12-24T19:03:31.113+0000] {processor.py:186} INFO - Started process (PID=1688) to work on /home/airflow/.local/lib/python3.12/site-packages/airflow/example_dags/example_branch_python_dop_operator_3.py
[2024-12-24T19:03:31.114+0000] {processor.py:914} INFO - Processing file /home/airflow/.local/lib/python3.12/site-packages/airflow/example_dags/example_branch_python_dop_operator_3.py for tasks to queue
[2024-12-24T19:03:31.118+0000] {logging_mixin.py:190} INFO - [2024-12-24T19:03:31.117+0000] {dagbag.py:588} INFO - Filling up the DagBag from /home/airflow/.local/lib/python3.12/site-packages/airflow/example_dags/example_branch_python_dop_operator_3.py
[2024-12-24T19:03:31.131+0000] {processor.py:925} INFO - DAG(s) 'example_branch_dop_operator_v3' retrieved from /home/airflow/.local/lib/python3.12/site-packages/airflow/example_dags/example_branch_python_dop_operator_3.py
[2024-12-24T19:03:31.154+0000] {logging_mixin.py:190} INFO - [2024-12-24T19:03:31.154+0000] {dag.py:3239} INFO - Sync 1 DAGs
[2024-12-24T19:03:31.185+0000] {logging_mixin.py:190} INFO - [2024-12-24T19:03:31.185+0000] {dag.py:4180} INFO - Setting next_dagrun for example_branch_dop_operator_v3 to 2024-12-24 19:02:00+00:00, run_after=2024-12-24 19:03:00+00:00
[2024-12-24T19:03:31.210+0000] {processor.py:208} INFO - Processing /home/airflow/.local/lib/python3.12/site-packages/airflow/example_dags/example_branch_python_dop_operator_3.py took 0.104 seconds
[2024-12-24T19:04:01.271+0000] {processor.py:186} INFO - Started process (PID=1751) to work on /home/airflow/.local/lib/python3.12/site-packages/airflow/example_dags/example_branch_python_dop_operator_3.py
[2024-12-24T19:04:01.272+0000] {processor.py:914} INFO - Processing file /home/airflow/.local/lib/python3.12/site-packages/airflow/example_dags/example_branch_python_dop_operator_3.py for tasks to queue
[2024-12-24T19:04:01.275+0000] {logging_mixin.py:190} INFO - [2024-12-24T19:04:01.274+0000] {dagbag.py:588} INFO - Filling up the DagBag from /home/airflow/.local/lib/python3.12/site-packages/airflow/example_dags/example_branch_python_dop_operator_3.py
[2024-12-24T19:04:01.286+0000] {processor.py:925} INFO - DAG(s) 'example_branch_dop_operator_v3' retrieved from /home/airflow/.local/lib/python3.12/site-packages/airflow/example_dags/example_branch_python_dop_operator_3.py
[2024-12-24T19:04:01.307+0000] {logging_mixin.py:190} INFO - [2024-12-24T19:04:01.306+0000] {dag.py:3239} INFO - Sync 1 DAGs
[2024-12-24T19:04:01.334+0000] {logging_mixin.py:190} INFO - [2024-12-24T19:04:01.334+0000] {dag.py:4180} INFO - Setting next_dagrun for example_branch_dop_operator_v3 to 2024-12-24 19:03:00+00:00, run_after=2024-12-24 19:04:00+00:00
[2024-12-24T19:04:01.366+0000] {processor.py:208} INFO - Processing /home/airflow/.local/lib/python3.12/site-packages/airflow/example_dags/example_branch_python_dop_operator_3.py took 0.101 seconds
[2024-12-24T19:04:31.699+0000] {processor.py:186} INFO - Started process (PID=1814) to work on /home/airflow/.local/lib/python3.12/site-packages/airflow/example_dags/example_branch_python_dop_operator_3.py
[2024-12-24T19:04:31.700+0000] {processor.py:914} INFO - Processing file /home/airflow/.local/lib/python3.12/site-packages/airflow/example_dags/example_branch_python_dop_operator_3.py for tasks to queue
[2024-12-24T19:04:31.703+0000] {logging_mixin.py:190} INFO - [2024-12-24T19:04:31.702+0000] {dagbag.py:588} INFO - Filling up the DagBag from /home/airflow/.local/lib/python3.12/site-packages/airflow/example_dags/example_branch_python_dop_operator_3.py
[2024-12-24T19:04:31.713+0000] {processor.py:925} INFO - DAG(s) 'example_branch_dop_operator_v3' retrieved from /home/airflow/.local/lib/python3.12/site-packages/airflow/example_dags/example_branch_python_dop_operator_3.py
[2024-12-24T19:04:31.737+0000] {logging_mixin.py:190} INFO - [2024-12-24T19:04:31.736+0000] {dag.py:3239} INFO - Sync 1 DAGs
[2024-12-24T19:04:31.766+0000] {logging_mixin.py:190} INFO - [2024-12-24T19:04:31.766+0000] {dag.py:4180} INFO - Setting next_dagrun for example_branch_dop_operator_v3 to 2024-12-24 19:03:00+00:00, run_after=2024-12-24 19:04:00+00:00
[2024-12-24T19:04:31.791+0000] {processor.py:208} INFO - Processing /home/airflow/.local/lib/python3.12/site-packages/airflow/example_dags/example_branch_python_dop_operator_3.py took 0.099 seconds
[2024-12-24T19:05:02.599+0000] {processor.py:186} INFO - Started process (PID=1877) to work on /home/airflow/.local/lib/python3.12/site-packages/airflow/example_dags/example_branch_python_dop_operator_3.py
[2024-12-24T19:05:02.600+0000] {processor.py:914} INFO - Processing file /home/airflow/.local/lib/python3.12/site-packages/airflow/example_dags/example_branch_python_dop_operator_3.py for tasks to queue
[2024-12-24T19:05:02.603+0000] {logging_mixin.py:190} INFO - [2024-12-24T19:05:02.602+0000] {dagbag.py:588} INFO - Filling up the DagBag from /home/airflow/.local/lib/python3.12/site-packages/airflow/example_dags/example_branch_python_dop_operator_3.py
[2024-12-24T19:05:02.614+0000] {processor.py:925} INFO - DAG(s) 'example_branch_dop_operator_v3' retrieved from /home/airflow/.local/lib/python3.12/site-packages/airflow/example_dags/example_branch_python_dop_operator_3.py
[2024-12-24T19:05:02.638+0000] {logging_mixin.py:190} INFO - [2024-12-24T19:05:02.638+0000] {dag.py:3239} INFO - Sync 1 DAGs
[2024-12-24T19:05:02.665+0000] {logging_mixin.py:190} INFO - [2024-12-24T19:05:02.665+0000] {dag.py:4180} INFO - Setting next_dagrun for example_branch_dop_operator_v3 to 2024-12-24 19:04:00+00:00, run_after=2024-12-24 19:05:00+00:00
[2024-12-24T19:05:02.690+0000] {processor.py:208} INFO - Processing /home/airflow/.local/lib/python3.12/site-packages/airflow/example_dags/example_branch_python_dop_operator_3.py took 0.097 seconds
[2024-12-24T19:05:32.824+0000] {processor.py:186} INFO - Started process (PID=1940) to work on /home/airflow/.local/lib/python3.12/site-packages/airflow/example_dags/example_branch_python_dop_operator_3.py
[2024-12-24T19:05:32.826+0000] {processor.py:914} INFO - Processing file /home/airflow/.local/lib/python3.12/site-packages/airflow/example_dags/example_branch_python_dop_operator_3.py for tasks to queue
[2024-12-24T19:05:32.829+0000] {logging_mixin.py:190} INFO - [2024-12-24T19:05:32.828+0000] {dagbag.py:588} INFO - Filling up the DagBag from /home/airflow/.local/lib/python3.12/site-packages/airflow/example_dags/example_branch_python_dop_operator_3.py
[2024-12-24T19:05:32.840+0000] {processor.py:925} INFO - DAG(s) 'example_branch_dop_operator_v3' retrieved from /home/airflow/.local/lib/python3.12/site-packages/airflow/example_dags/example_branch_python_dop_operator_3.py
[2024-12-24T19:05:32.864+0000] {logging_mixin.py:190} INFO - [2024-12-24T19:05:32.863+0000] {dag.py:3239} INFO - Sync 1 DAGs
[2024-12-24T19:05:32.892+0000] {logging_mixin.py:190} INFO - [2024-12-24T19:05:32.892+0000] {dag.py:4180} INFO - Setting next_dagrun for example_branch_dop_operator_v3 to 2024-12-24 19:04:00+00:00, run_after=2024-12-24 19:05:00+00:00
[2024-12-24T19:05:32.948+0000] {processor.py:208} INFO - Processing /home/airflow/.local/lib/python3.12/site-packages/airflow/example_dags/example_branch_python_dop_operator_3.py took 0.129 seconds
[2024-12-24T19:06:03.767+0000] {processor.py:186} INFO - Started process (PID=2003) to work on /home/airflow/.local/lib/python3.12/site-packages/airflow/example_dags/example_branch_python_dop_operator_3.py
[2024-12-24T19:06:03.769+0000] {processor.py:914} INFO - Processing file /home/airflow/.local/lib/python3.12/site-packages/airflow/example_dags/example_branch_python_dop_operator_3.py for tasks to queue
[2024-12-24T19:06:03.771+0000] {logging_mixin.py:190} INFO - [2024-12-24T19:06:03.771+0000] {dagbag.py:588} INFO - Filling up the DagBag from /home/airflow/.local/lib/python3.12/site-packages/airflow/example_dags/example_branch_python_dop_operator_3.py
[2024-12-24T19:06:03.783+0000] {processor.py:925} INFO - DAG(s) 'example_branch_dop_operator_v3' retrieved from /home/airflow/.local/lib/python3.12/site-packages/airflow/example_dags/example_branch_python_dop_operator_3.py
[2024-12-24T19:06:03.806+0000] {logging_mixin.py:190} INFO - [2024-12-24T19:06:03.806+0000] {dag.py:3239} INFO - Sync 1 DAGs
[2024-12-24T19:06:03.833+0000] {logging_mixin.py:190} INFO - [2024-12-24T19:06:03.833+0000] {dag.py:4180} INFO - Setting next_dagrun for example_branch_dop_operator_v3 to 2024-12-24 19:05:00+00:00, run_after=2024-12-24 19:06:00+00:00
[2024-12-24T19:06:03.860+0000] {processor.py:208} INFO - Processing /home/airflow/.local/lib/python3.12/site-packages/airflow/example_dags/example_branch_python_dop_operator_3.py took 0.099 seconds
[2024-12-24T19:06:34.065+0000] {processor.py:186} INFO - Started process (PID=2066) to work on /home/airflow/.local/lib/python3.12/site-packages/airflow/example_dags/example_branch_python_dop_operator_3.py
[2024-12-24T19:06:34.067+0000] {processor.py:914} INFO - Processing file /home/airflow/.local/lib/python3.12/site-packages/airflow/example_dags/example_branch_python_dop_operator_3.py for tasks to queue
[2024-12-24T19:06:34.070+0000] {logging_mixin.py:190} INFO - [2024-12-24T19:06:34.069+0000] {dagbag.py:588} INFO - Filling up the DagBag from /home/airflow/.local/lib/python3.12/site-packages/airflow/example_dags/example_branch_python_dop_operator_3.py
[2024-12-24T19:06:34.087+0000] {processor.py:925} INFO - DAG(s) 'example_branch_dop_operator_v3' retrieved from /home/airflow/.local/lib/python3.12/site-packages/airflow/example_dags/example_branch_python_dop_operator_3.py
[2024-12-24T19:06:34.109+0000] {logging_mixin.py:190} INFO - [2024-12-24T19:06:34.109+0000] {dag.py:3239} INFO - Sync 1 DAGs
[2024-12-24T19:06:34.142+0000] {logging_mixin.py:190} INFO - [2024-12-24T19:06:34.141+0000] {dag.py:4180} INFO - Setting next_dagrun for example_branch_dop_operator_v3 to 2024-12-24 19:05:00+00:00, run_after=2024-12-24 19:06:00+00:00
[2024-12-24T19:06:34.176+0000] {processor.py:208} INFO - Processing /home/airflow/.local/lib/python3.12/site-packages/airflow/example_dags/example_branch_python_dop_operator_3.py took 0.117 seconds
[2024-12-24T19:07:04.639+0000] {processor.py:186} INFO - Started process (PID=2129) to work on /home/airflow/.local/lib/python3.12/site-packages/airflow/example_dags/example_branch_python_dop_operator_3.py
[2024-12-24T19:07:04.641+0000] {processor.py:914} INFO - Processing file /home/airflow/.local/lib/python3.12/site-packages/airflow/example_dags/example_branch_python_dop_operator_3.py for tasks to queue
[2024-12-24T19:07:04.645+0000] {logging_mixin.py:190} INFO - [2024-12-24T19:07:04.644+0000] {dagbag.py:588} INFO - Filling up the DagBag from /home/airflow/.local/lib/python3.12/site-packages/airflow/example_dags/example_branch_python_dop_operator_3.py
[2024-12-24T19:07:04.660+0000] {processor.py:925} INFO - DAG(s) 'example_branch_dop_operator_v3' retrieved from /home/airflow/.local/lib/python3.12/site-packages/airflow/example_dags/example_branch_python_dop_operator_3.py
[2024-12-24T19:07:04.690+0000] {logging_mixin.py:190} INFO - [2024-12-24T19:07:04.689+0000] {dag.py:3239} INFO - Sync 1 DAGs
[2024-12-24T19:07:04.723+0000] {logging_mixin.py:190} INFO - [2024-12-24T19:07:04.723+0000] {dag.py:4180} INFO - Setting next_dagrun for example_branch_dop_operator_v3 to 2024-12-24 19:06:00+00:00, run_after=2024-12-24 19:07:00+00:00
[2024-12-24T19:07:04.754+0000] {processor.py:208} INFO - Processing /home/airflow/.local/lib/python3.12/site-packages/airflow/example_dags/example_branch_python_dop_operator_3.py took 0.122 seconds
[2024-12-24T19:07:34.926+0000] {processor.py:186} INFO - Started process (PID=2192) to work on /home/airflow/.local/lib/python3.12/site-packages/airflow/example_dags/example_branch_python_dop_operator_3.py
[2024-12-24T19:07:34.928+0000] {processor.py:914} INFO - Processing file /home/airflow/.local/lib/python3.12/site-packages/airflow/example_dags/example_branch_python_dop_operator_3.py for tasks to queue
[2024-12-24T19:07:34.931+0000] {logging_mixin.py:190} INFO - [2024-12-24T19:07:34.930+0000] {dagbag.py:588} INFO - Filling up the DagBag from /home/airflow/.local/lib/python3.12/site-packages/airflow/example_dags/example_branch_python_dop_operator_3.py
[2024-12-24T19:07:34.942+0000] {processor.py:925} INFO - DAG(s) 'example_branch_dop_operator_v3' retrieved from /home/airflow/.local/lib/python3.12/site-packages/airflow/example_dags/example_branch_python_dop_operator_3.py
[2024-12-24T19:07:34.965+0000] {logging_mixin.py:190} INFO - [2024-12-24T19:07:34.965+0000] {dag.py:3239} INFO - Sync 1 DAGs
[2024-12-24T19:07:34.994+0000] {logging_mixin.py:190} INFO - [2024-12-24T19:07:34.994+0000] {dag.py:4180} INFO - Setting next_dagrun for example_branch_dop_operator_v3 to 2024-12-24 19:06:00+00:00, run_after=2024-12-24 19:07:00+00:00
[2024-12-24T19:07:35.045+0000] {processor.py:208} INFO - Processing /home/airflow/.local/lib/python3.12/site-packages/airflow/example_dags/example_branch_python_dop_operator_3.py took 0.125 seconds
[2024-12-24T19:08:05.614+0000] {processor.py:186} INFO - Started process (PID=2255) to work on /home/airflow/.local/lib/python3.12/site-packages/airflow/example_dags/example_branch_python_dop_operator_3.py
[2024-12-24T19:08:05.616+0000] {processor.py:914} INFO - Processing file /home/airflow/.local/lib/python3.12/site-packages/airflow/example_dags/example_branch_python_dop_operator_3.py for tasks to queue
[2024-12-24T19:08:05.618+0000] {logging_mixin.py:190} INFO - [2024-12-24T19:08:05.618+0000] {dagbag.py:588} INFO - Filling up the DagBag from /home/airflow/.local/lib/python3.12/site-packages/airflow/example_dags/example_branch_python_dop_operator_3.py
[2024-12-24T19:08:05.629+0000] {processor.py:925} INFO - DAG(s) 'example_branch_dop_operator_v3' retrieved from /home/airflow/.local/lib/python3.12/site-packages/airflow/example_dags/example_branch_python_dop_operator_3.py
[2024-12-24T19:08:05.651+0000] {logging_mixin.py:190} INFO - [2024-12-24T19:08:05.651+0000] {dag.py:3239} INFO - Sync 1 DAGs
[2024-12-24T19:08:05.680+0000] {logging_mixin.py:190} INFO - [2024-12-24T19:08:05.679+0000] {dag.py:4180} INFO - Setting next_dagrun for example_branch_dop_operator_v3 to 2024-12-24 19:07:00+00:00, run_after=2024-12-24 19:08:00+00:00
[2024-12-24T19:08:05.705+0000] {processor.py:208} INFO - Processing /home/airflow/.local/lib/python3.12/site-packages/airflow/example_dags/example_branch_python_dop_operator_3.py took 0.096 seconds
[2024-12-24T19:08:36.440+0000] {processor.py:186} INFO - Started process (PID=2318) to work on /home/airflow/.local/lib/python3.12/site-packages/airflow/example_dags/example_branch_python_dop_operator_3.py
[2024-12-24T19:08:36.441+0000] {processor.py:914} INFO - Processing file /home/airflow/.local/lib/python3.12/site-packages/airflow/example_dags/example_branch_python_dop_operator_3.py for tasks to queue
[2024-12-24T19:08:36.444+0000] {logging_mixin.py:190} INFO - [2024-12-24T19:08:36.444+0000] {dagbag.py:588} INFO - Filling up the DagBag from /home/airflow/.local/lib/python3.12/site-packages/airflow/example_dags/example_branch_python_dop_operator_3.py
[2024-12-24T19:08:36.456+0000] {processor.py:925} INFO - DAG(s) 'example_branch_dop_operator_v3' retrieved from /home/airflow/.local/lib/python3.12/site-packages/airflow/example_dags/example_branch_python_dop_operator_3.py
[2024-12-24T19:08:36.480+0000] {logging_mixin.py:190} INFO - [2024-12-24T19:08:36.480+0000] {dag.py:3239} INFO - Sync 1 DAGs
[2024-12-24T19:08:36.511+0000] {logging_mixin.py:190} INFO - [2024-12-24T19:08:36.510+0000] {dag.py:4180} INFO - Setting next_dagrun for example_branch_dop_operator_v3 to 2024-12-24 19:07:00+00:00, run_after=2024-12-24 19:08:00+00:00
[2024-12-24T19:08:36.568+0000] {processor.py:208} INFO - Processing /home/airflow/.local/lib/python3.12/site-packages/airflow/example_dags/example_branch_python_dop_operator_3.py took 0.133 seconds
