[2024-12-24T18:50:35.288+0000] {processor.py:186} INFO - Started process (PID=114) to work on /home/airflow/.local/lib/python3.12/site-packages/airflow/example_dags/example_branch_datetime_operator.py
[2024-12-24T18:50:35.290+0000] {processor.py:914} INFO - Processing file /home/airflow/.local/lib/python3.12/site-packages/airflow/example_dags/example_branch_datetime_operator.py for tasks to queue
[2024-12-24T18:50:35.294+0000] {logging_mixin.py:190} INFO - [2024-12-24T18:50:35.294+0000] {dagbag.py:588} INFO - Filling up the DagBag from /home/airflow/.local/lib/python3.12/site-packages/airflow/example_dags/example_branch_datetime_operator.py
[2024-12-24T18:50:35.308+0000] {processor.py:925} INFO - DAG(s) 'example_branch_datetime_operator_2', 'example_branch_datetime_operator_3', 'example_branch_datetime_operator' retrieved from /home/airflow/.local/lib/python3.12/site-packages/airflow/example_dags/example_branch_datetime_operator.py
[2024-12-24T18:50:35.353+0000] {logging_mixin.py:190} INFO - [2024-12-24T18:50:35.353+0000] {dag.py:3239} INFO - Sync 3 DAGs
[2024-12-24T18:50:35.397+0000] {logging_mixin.py:190} INFO - [2024-12-24T18:50:35.397+0000] {dag.py:4180} INFO - Setting next_dagrun for example_branch_datetime_operator to 2024-12-23 00:00:00+00:00, run_after=2024-12-24 00:00:00+00:00
[2024-12-24T18:50:35.406+0000] {logging_mixin.py:190} INFO - [2024-12-24T18:50:35.406+0000] {dag.py:4180} INFO - Setting next_dagrun for example_branch_datetime_operator_2 to 2024-12-23 00:00:00+00:00, run_after=2024-12-24 00:00:00+00:00
[2024-12-24T18:50:35.411+0000] {logging_mixin.py:190} INFO - [2024-12-24T18:50:35.411+0000] {dag.py:4180} INFO - Setting next_dagrun for example_branch_datetime_operator_3 to 2024-12-23 00:00:00+00:00, run_after=2024-12-24 00:00:00+00:00
[2024-12-24T18:50:35.446+0000] {processor.py:208} INFO - Processing /home/airflow/.local/lib/python3.12/site-packages/airflow/example_dags/example_branch_datetime_operator.py took 0.164 seconds
[2024-12-24T18:51:05.905+0000] {processor.py:186} INFO - Started process (PID=176) to work on /home/airflow/.local/lib/python3.12/site-packages/airflow/example_dags/example_branch_datetime_operator.py
[2024-12-24T18:51:05.908+0000] {processor.py:914} INFO - Processing file /home/airflow/.local/lib/python3.12/site-packages/airflow/example_dags/example_branch_datetime_operator.py for tasks to queue
[2024-12-24T18:51:05.911+0000] {logging_mixin.py:190} INFO - [2024-12-24T18:51:05.910+0000] {dagbag.py:588} INFO - Filling up the DagBag from /home/airflow/.local/lib/python3.12/site-packages/airflow/example_dags/example_branch_datetime_operator.py
[2024-12-24T18:51:05.932+0000] {processor.py:925} INFO - DAG(s) 'example_branch_datetime_operator', 'example_branch_datetime_operator_3', 'example_branch_datetime_operator_2' retrieved from /home/airflow/.local/lib/python3.12/site-packages/airflow/example_dags/example_branch_datetime_operator.py
[2024-12-24T18:51:05.966+0000] {logging_mixin.py:190} INFO - [2024-12-24T18:51:05.966+0000] {dag.py:3239} INFO - Sync 3 DAGs
[2024-12-24T18:51:05.993+0000] {logging_mixin.py:190} INFO - [2024-12-24T18:51:05.993+0000] {dag.py:4180} INFO - Setting next_dagrun for example_branch_datetime_operator to 2024-12-23 00:00:00+00:00, run_after=2024-12-24 00:00:00+00:00
[2024-12-24T18:51:05.999+0000] {logging_mixin.py:190} INFO - [2024-12-24T18:51:05.999+0000] {dag.py:4180} INFO - Setting next_dagrun for example_branch_datetime_operator_2 to 2024-12-23 00:00:00+00:00, run_after=2024-12-24 00:00:00+00:00
[2024-12-24T18:51:06.004+0000] {logging_mixin.py:190} INFO - [2024-12-24T18:51:06.004+0000] {dag.py:4180} INFO - Setting next_dagrun for example_branch_datetime_operator_3 to 2024-12-23 00:00:00+00:00, run_after=2024-12-24 00:00:00+00:00
[2024-12-24T18:51:06.029+0000] {processor.py:208} INFO - Processing /home/airflow/.local/lib/python3.12/site-packages/airflow/example_dags/example_branch_datetime_operator.py took 0.130 seconds
[2024-12-24T18:51:36.737+0000] {processor.py:186} INFO - Started process (PID=239) to work on /home/airflow/.local/lib/python3.12/site-packages/airflow/example_dags/example_branch_datetime_operator.py
[2024-12-24T18:51:36.739+0000] {processor.py:914} INFO - Processing file /home/airflow/.local/lib/python3.12/site-packages/airflow/example_dags/example_branch_datetime_operator.py for tasks to queue
[2024-12-24T18:51:36.743+0000] {logging_mixin.py:190} INFO - [2024-12-24T18:51:36.742+0000] {dagbag.py:588} INFO - Filling up the DagBag from /home/airflow/.local/lib/python3.12/site-packages/airflow/example_dags/example_branch_datetime_operator.py
[2024-12-24T18:51:36.758+0000] {processor.py:925} INFO - DAG(s) 'example_branch_datetime_operator', 'example_branch_datetime_operator_3', 'example_branch_datetime_operator_2' retrieved from /home/airflow/.local/lib/python3.12/site-packages/airflow/example_dags/example_branch_datetime_operator.py
[2024-12-24T18:51:36.798+0000] {logging_mixin.py:190} INFO - [2024-12-24T18:51:36.798+0000] {dag.py:3239} INFO - Sync 3 DAGs
[2024-12-24T18:51:36.833+0000] {logging_mixin.py:190} INFO - [2024-12-24T18:51:36.832+0000] {dag.py:4180} INFO - Setting next_dagrun for example_branch_datetime_operator to 2024-12-23 00:00:00+00:00, run_after=2024-12-24 00:00:00+00:00
[2024-12-24T18:51:36.840+0000] {logging_mixin.py:190} INFO - [2024-12-24T18:51:36.840+0000] {dag.py:4180} INFO - Setting next_dagrun for example_branch_datetime_operator_2 to 2024-12-23 00:00:00+00:00, run_after=2024-12-24 00:00:00+00:00
[2024-12-24T18:51:36.844+0000] {logging_mixin.py:190} INFO - [2024-12-24T18:51:36.844+0000] {dag.py:4180} INFO - Setting next_dagrun for example_branch_datetime_operator_3 to 2024-12-23 00:00:00+00:00, run_after=2024-12-24 00:00:00+00:00
[2024-12-24T18:51:36.874+0000] {processor.py:208} INFO - Processing /home/airflow/.local/lib/python3.12/site-packages/airflow/example_dags/example_branch_datetime_operator.py took 0.143 seconds
[2024-12-24T18:52:06.917+0000] {processor.py:186} INFO - Started process (PID=302) to work on /home/airflow/.local/lib/python3.12/site-packages/airflow/example_dags/example_branch_datetime_operator.py
[2024-12-24T18:52:06.919+0000] {processor.py:914} INFO - Processing file /home/airflow/.local/lib/python3.12/site-packages/airflow/example_dags/example_branch_datetime_operator.py for tasks to queue
[2024-12-24T18:52:06.921+0000] {logging_mixin.py:190} INFO - [2024-12-24T18:52:06.921+0000] {dagbag.py:588} INFO - Filling up the DagBag from /home/airflow/.local/lib/python3.12/site-packages/airflow/example_dags/example_branch_datetime_operator.py
[2024-12-24T18:52:06.935+0000] {processor.py:925} INFO - DAG(s) 'example_branch_datetime_operator_2', 'example_branch_datetime_operator_3', 'example_branch_datetime_operator' retrieved from /home/airflow/.local/lib/python3.12/site-packages/airflow/example_dags/example_branch_datetime_operator.py
[2024-12-24T18:52:06.967+0000] {logging_mixin.py:190} INFO - [2024-12-24T18:52:06.967+0000] {dag.py:3239} INFO - Sync 3 DAGs
[2024-12-24T18:52:06.995+0000] {logging_mixin.py:190} INFO - [2024-12-24T18:52:06.995+0000] {dag.py:4180} INFO - Setting next_dagrun for example_branch_datetime_operator to 2024-12-23 00:00:00+00:00, run_after=2024-12-24 00:00:00+00:00
[2024-12-24T18:52:07.001+0000] {logging_mixin.py:190} INFO - [2024-12-24T18:52:07.001+0000] {dag.py:4180} INFO - Setting next_dagrun for example_branch_datetime_operator_2 to 2024-12-23 00:00:00+00:00, run_after=2024-12-24 00:00:00+00:00
[2024-12-24T18:52:07.004+0000] {logging_mixin.py:190} INFO - [2024-12-24T18:52:07.004+0000] {dag.py:4180} INFO - Setting next_dagrun for example_branch_datetime_operator_3 to 2024-12-23 00:00:00+00:00, run_after=2024-12-24 00:00:00+00:00
[2024-12-24T18:52:07.029+0000] {processor.py:208} INFO - Processing /home/airflow/.local/lib/python3.12/site-packages/airflow/example_dags/example_branch_datetime_operator.py took 0.118 seconds
[2024-12-24T18:52:38.684+0000] {processor.py:186} INFO - Started process (PID=366) to work on /home/airflow/.local/lib/python3.12/site-packages/airflow/example_dags/example_branch_datetime_operator.py
[2024-12-24T18:52:38.686+0000] {processor.py:914} INFO - Processing file /home/airflow/.local/lib/python3.12/site-packages/airflow/example_dags/example_branch_datetime_operator.py for tasks to queue
[2024-12-24T18:52:38.689+0000] {logging_mixin.py:190} INFO - [2024-12-24T18:52:38.689+0000] {dagbag.py:588} INFO - Filling up the DagBag from /home/airflow/.local/lib/python3.12/site-packages/airflow/example_dags/example_branch_datetime_operator.py
[2024-12-24T18:52:38.705+0000] {processor.py:925} INFO - DAG(s) 'example_branch_datetime_operator', 'example_branch_datetime_operator_2', 'example_branch_datetime_operator_3' retrieved from /home/airflow/.local/lib/python3.12/site-packages/airflow/example_dags/example_branch_datetime_operator.py
[2024-12-24T18:52:38.747+0000] {logging_mixin.py:190} INFO - [2024-12-24T18:52:38.746+0000] {dag.py:3239} INFO - Sync 3 DAGs
[2024-12-24T18:52:38.781+0000] {logging_mixin.py:190} INFO - [2024-12-24T18:52:38.781+0000] {dag.py:4180} INFO - Setting next_dagrun for example_branch_datetime_operator to 2024-12-23 00:00:00+00:00, run_after=2024-12-24 00:00:00+00:00
[2024-12-24T18:52:38.791+0000] {logging_mixin.py:190} INFO - [2024-12-24T18:52:38.790+0000] {dag.py:4180} INFO - Setting next_dagrun for example_branch_datetime_operator_2 to 2024-12-23 00:00:00+00:00, run_after=2024-12-24 00:00:00+00:00
[2024-12-24T18:52:38.794+0000] {logging_mixin.py:190} INFO - [2024-12-24T18:52:38.794+0000] {dag.py:4180} INFO - Setting next_dagrun for example_branch_datetime_operator_3 to 2024-12-23 00:00:00+00:00, run_after=2024-12-24 00:00:00+00:00
[2024-12-24T18:52:38.823+0000] {processor.py:208} INFO - Processing /home/airflow/.local/lib/python3.12/site-packages/airflow/example_dags/example_branch_datetime_operator.py took 0.147 seconds
[2024-12-24T18:53:09.567+0000] {processor.py:186} INFO - Started process (PID=428) to work on /home/airflow/.local/lib/python3.12/site-packages/airflow/example_dags/example_branch_datetime_operator.py
[2024-12-24T18:53:09.569+0000] {processor.py:914} INFO - Processing file /home/airflow/.local/lib/python3.12/site-packages/airflow/example_dags/example_branch_datetime_operator.py for tasks to queue
[2024-12-24T18:53:09.571+0000] {logging_mixin.py:190} INFO - [2024-12-24T18:53:09.571+0000] {dagbag.py:588} INFO - Filling up the DagBag from /home/airflow/.local/lib/python3.12/site-packages/airflow/example_dags/example_branch_datetime_operator.py
[2024-12-24T18:53:09.583+0000] {processor.py:925} INFO - DAG(s) 'example_branch_datetime_operator_3', 'example_branch_datetime_operator_2', 'example_branch_datetime_operator' retrieved from /home/airflow/.local/lib/python3.12/site-packages/airflow/example_dags/example_branch_datetime_operator.py
[2024-12-24T18:53:09.612+0000] {logging_mixin.py:190} INFO - [2024-12-24T18:53:09.612+0000] {dag.py:3239} INFO - Sync 3 DAGs
[2024-12-24T18:53:09.640+0000] {logging_mixin.py:190} INFO - [2024-12-24T18:53:09.639+0000] {dag.py:4180} INFO - Setting next_dagrun for example_branch_datetime_operator to 2024-12-23 00:00:00+00:00, run_after=2024-12-24 00:00:00+00:00
[2024-12-24T18:53:09.646+0000] {logging_mixin.py:190} INFO - [2024-12-24T18:53:09.645+0000] {dag.py:4180} INFO - Setting next_dagrun for example_branch_datetime_operator_2 to 2024-12-23 00:00:00+00:00, run_after=2024-12-24 00:00:00+00:00
[2024-12-24T18:53:09.650+0000] {logging_mixin.py:190} INFO - [2024-12-24T18:53:09.649+0000] {dag.py:4180} INFO - Setting next_dagrun for example_branch_datetime_operator_3 to 2024-12-23 00:00:00+00:00, run_after=2024-12-24 00:00:00+00:00
[2024-12-24T18:53:09.673+0000] {processor.py:208} INFO - Processing /home/airflow/.local/lib/python3.12/site-packages/airflow/example_dags/example_branch_datetime_operator.py took 0.112 seconds
[2024-12-24T18:53:43.201+0000] {processor.py:186} INFO - Started process (PID=493) to work on /home/airflow/.local/lib/python3.12/site-packages/airflow/example_dags/example_branch_datetime_operator.py
[2024-12-24T18:53:43.204+0000] {processor.py:914} INFO - Processing file /home/airflow/.local/lib/python3.12/site-packages/airflow/example_dags/example_branch_datetime_operator.py for tasks to queue
[2024-12-24T18:53:43.208+0000] {logging_mixin.py:190} INFO - [2024-12-24T18:53:43.207+0000] {dagbag.py:588} INFO - Filling up the DagBag from /home/airflow/.local/lib/python3.12/site-packages/airflow/example_dags/example_branch_datetime_operator.py
[2024-12-24T18:53:43.224+0000] {processor.py:925} INFO - DAG(s) 'example_branch_datetime_operator_3', 'example_branch_datetime_operator', 'example_branch_datetime_operator_2' retrieved from /home/airflow/.local/lib/python3.12/site-packages/airflow/example_dags/example_branch_datetime_operator.py
[2024-12-24T18:53:43.268+0000] {logging_mixin.py:190} INFO - [2024-12-24T18:53:43.267+0000] {dag.py:3239} INFO - Sync 3 DAGs
[2024-12-24T18:53:43.304+0000] {logging_mixin.py:190} INFO - [2024-12-24T18:53:43.304+0000] {dag.py:4180} INFO - Setting next_dagrun for example_branch_datetime_operator to 2024-12-23 00:00:00+00:00, run_after=2024-12-24 00:00:00+00:00
[2024-12-24T18:53:43.312+0000] {logging_mixin.py:190} INFO - [2024-12-24T18:53:43.312+0000] {dag.py:4180} INFO - Setting next_dagrun for example_branch_datetime_operator_2 to 2024-12-23 00:00:00+00:00, run_after=2024-12-24 00:00:00+00:00
[2024-12-24T18:53:43.318+0000] {logging_mixin.py:190} INFO - [2024-12-24T18:53:43.318+0000] {dag.py:4180} INFO - Setting next_dagrun for example_branch_datetime_operator_3 to 2024-12-23 00:00:00+00:00, run_after=2024-12-24 00:00:00+00:00
[2024-12-24T18:53:43.349+0000] {processor.py:208} INFO - Processing /home/airflow/.local/lib/python3.12/site-packages/airflow/example_dags/example_branch_datetime_operator.py took 0.157 seconds
[2024-12-24T18:54:14.501+0000] {processor.py:186} INFO - Started process (PID=556) to work on /home/airflow/.local/lib/python3.12/site-packages/airflow/example_dags/example_branch_datetime_operator.py
[2024-12-24T18:54:14.502+0000] {processor.py:914} INFO - Processing file /home/airflow/.local/lib/python3.12/site-packages/airflow/example_dags/example_branch_datetime_operator.py for tasks to queue
[2024-12-24T18:54:14.505+0000] {logging_mixin.py:190} INFO - [2024-12-24T18:54:14.505+0000] {dagbag.py:588} INFO - Filling up the DagBag from /home/airflow/.local/lib/python3.12/site-packages/airflow/example_dags/example_branch_datetime_operator.py
[2024-12-24T18:54:14.522+0000] {processor.py:925} INFO - DAG(s) 'example_branch_datetime_operator_2', 'example_branch_datetime_operator_3', 'example_branch_datetime_operator' retrieved from /home/airflow/.local/lib/python3.12/site-packages/airflow/example_dags/example_branch_datetime_operator.py
[2024-12-24T18:54:14.553+0000] {logging_mixin.py:190} INFO - [2024-12-24T18:54:14.553+0000] {dag.py:3239} INFO - Sync 3 DAGs
[2024-12-24T18:54:14.578+0000] {logging_mixin.py:190} INFO - [2024-12-24T18:54:14.578+0000] {dag.py:4180} INFO - Setting next_dagrun for example_branch_datetime_operator to 2024-12-23 00:00:00+00:00, run_after=2024-12-24 00:00:00+00:00
[2024-12-24T18:54:14.584+0000] {logging_mixin.py:190} INFO - [2024-12-24T18:54:14.584+0000] {dag.py:4180} INFO - Setting next_dagrun for example_branch_datetime_operator_2 to 2024-12-23 00:00:00+00:00, run_after=2024-12-24 00:00:00+00:00
[2024-12-24T18:54:14.587+0000] {logging_mixin.py:190} INFO - [2024-12-24T18:54:14.587+0000] {dag.py:4180} INFO - Setting next_dagrun for example_branch_datetime_operator_3 to 2024-12-23 00:00:00+00:00, run_after=2024-12-24 00:00:00+00:00
[2024-12-24T18:54:14.621+0000] {processor.py:208} INFO - Processing /home/airflow/.local/lib/python3.12/site-packages/airflow/example_dags/example_branch_datetime_operator.py took 0.126 seconds
[2024-12-24T18:54:46.154+0000] {processor.py:186} INFO - Started process (PID=618) to work on /home/airflow/.local/lib/python3.12/site-packages/airflow/example_dags/example_branch_datetime_operator.py
[2024-12-24T18:54:46.158+0000] {processor.py:914} INFO - Processing file /home/airflow/.local/lib/python3.12/site-packages/airflow/example_dags/example_branch_datetime_operator.py for tasks to queue
[2024-12-24T18:54:46.162+0000] {logging_mixin.py:190} INFO - [2024-12-24T18:54:46.162+0000] {dagbag.py:588} INFO - Filling up the DagBag from /home/airflow/.local/lib/python3.12/site-packages/airflow/example_dags/example_branch_datetime_operator.py
[2024-12-24T18:54:46.184+0000] {processor.py:925} INFO - DAG(s) 'example_branch_datetime_operator_3', 'example_branch_datetime_operator_2', 'example_branch_datetime_operator' retrieved from /home/airflow/.local/lib/python3.12/site-packages/airflow/example_dags/example_branch_datetime_operator.py
[2024-12-24T18:54:46.222+0000] {logging_mixin.py:190} INFO - [2024-12-24T18:54:46.221+0000] {dag.py:3239} INFO - Sync 3 DAGs
[2024-12-24T18:54:46.252+0000] {logging_mixin.py:190} INFO - [2024-12-24T18:54:46.252+0000] {dag.py:4180} INFO - Setting next_dagrun for example_branch_datetime_operator to 2024-12-23 00:00:00+00:00, run_after=2024-12-24 00:00:00+00:00
[2024-12-24T18:54:46.259+0000] {logging_mixin.py:190} INFO - [2024-12-24T18:54:46.259+0000] {dag.py:4180} INFO - Setting next_dagrun for example_branch_datetime_operator_2 to 2024-12-23 00:00:00+00:00, run_after=2024-12-24 00:00:00+00:00
[2024-12-24T18:54:46.263+0000] {logging_mixin.py:190} INFO - [2024-12-24T18:54:46.263+0000] {dag.py:4180} INFO - Setting next_dagrun for example_branch_datetime_operator_3 to 2024-12-23 00:00:00+00:00, run_after=2024-12-24 00:00:00+00:00
[2024-12-24T18:54:46.297+0000] {processor.py:208} INFO - Processing /home/airflow/.local/lib/python3.12/site-packages/airflow/example_dags/example_branch_datetime_operator.py took 0.149 seconds
[2024-12-24T18:55:17.865+0000] {processor.py:186} INFO - Started process (PID=688) to work on /home/airflow/.local/lib/python3.12/site-packages/airflow/example_dags/example_branch_datetime_operator.py
[2024-12-24T18:55:17.868+0000] {processor.py:914} INFO - Processing file /home/airflow/.local/lib/python3.12/site-packages/airflow/example_dags/example_branch_datetime_operator.py for tasks to queue
[2024-12-24T18:55:17.872+0000] {logging_mixin.py:190} INFO - [2024-12-24T18:55:17.871+0000] {dagbag.py:588} INFO - Filling up the DagBag from /home/airflow/.local/lib/python3.12/site-packages/airflow/example_dags/example_branch_datetime_operator.py
[2024-12-24T18:55:17.898+0000] {processor.py:925} INFO - DAG(s) 'example_branch_datetime_operator', 'example_branch_datetime_operator_2', 'example_branch_datetime_operator_3' retrieved from /home/airflow/.local/lib/python3.12/site-packages/airflow/example_dags/example_branch_datetime_operator.py
[2024-12-24T18:55:17.962+0000] {logging_mixin.py:190} INFO - [2024-12-24T18:55:17.961+0000] {dag.py:3239} INFO - Sync 3 DAGs
[2024-12-24T18:55:18.012+0000] {logging_mixin.py:190} INFO - [2024-12-24T18:55:18.012+0000] {dag.py:4180} INFO - Setting next_dagrun for example_branch_datetime_operator to 2024-12-23 00:00:00+00:00, run_after=2024-12-24 00:00:00+00:00
[2024-12-24T18:55:18.020+0000] {logging_mixin.py:190} INFO - [2024-12-24T18:55:18.019+0000] {dag.py:4180} INFO - Setting next_dagrun for example_branch_datetime_operator_2 to 2024-12-23 00:00:00+00:00, run_after=2024-12-24 00:00:00+00:00
[2024-12-24T18:55:18.027+0000] {logging_mixin.py:190} INFO - [2024-12-24T18:55:18.027+0000] {dag.py:4180} INFO - Setting next_dagrun for example_branch_datetime_operator_3 to 2024-12-23 00:00:00+00:00, run_after=2024-12-24 00:00:00+00:00
[2024-12-24T18:55:18.070+0000] {processor.py:208} INFO - Processing /home/airflow/.local/lib/python3.12/site-packages/airflow/example_dags/example_branch_datetime_operator.py took 0.212 seconds
[2024-12-24T18:55:48.239+0000] {processor.py:186} INFO - Started process (PID=750) to work on /home/airflow/.local/lib/python3.12/site-packages/airflow/example_dags/example_branch_datetime_operator.py
[2024-12-24T18:55:48.241+0000] {processor.py:914} INFO - Processing file /home/airflow/.local/lib/python3.12/site-packages/airflow/example_dags/example_branch_datetime_operator.py for tasks to queue
[2024-12-24T18:55:48.243+0000] {logging_mixin.py:190} INFO - [2024-12-24T18:55:48.243+0000] {dagbag.py:588} INFO - Filling up the DagBag from /home/airflow/.local/lib/python3.12/site-packages/airflow/example_dags/example_branch_datetime_operator.py
[2024-12-24T18:55:48.255+0000] {processor.py:925} INFO - DAG(s) 'example_branch_datetime_operator_2', 'example_branch_datetime_operator_3', 'example_branch_datetime_operator' retrieved from /home/airflow/.local/lib/python3.12/site-packages/airflow/example_dags/example_branch_datetime_operator.py
[2024-12-24T18:55:48.287+0000] {logging_mixin.py:190} INFO - [2024-12-24T18:55:48.287+0000] {dag.py:3239} INFO - Sync 3 DAGs
[2024-12-24T18:55:48.314+0000] {logging_mixin.py:190} INFO - [2024-12-24T18:55:48.314+0000] {dag.py:4180} INFO - Setting next_dagrun for example_branch_datetime_operator to 2024-12-23 00:00:00+00:00, run_after=2024-12-24 00:00:00+00:00
[2024-12-24T18:55:48.320+0000] {logging_mixin.py:190} INFO - [2024-12-24T18:55:48.320+0000] {dag.py:4180} INFO - Setting next_dagrun for example_branch_datetime_operator_2 to 2024-12-23 00:00:00+00:00, run_after=2024-12-24 00:00:00+00:00
[2024-12-24T18:55:48.324+0000] {logging_mixin.py:190} INFO - [2024-12-24T18:55:48.324+0000] {dag.py:4180} INFO - Setting next_dagrun for example_branch_datetime_operator_3 to 2024-12-23 00:00:00+00:00, run_after=2024-12-24 00:00:00+00:00
[2024-12-24T18:55:48.348+0000] {processor.py:208} INFO - Processing /home/airflow/.local/lib/python3.12/site-packages/airflow/example_dags/example_branch_datetime_operator.py took 0.115 seconds
[2024-12-24T18:56:20.744+0000] {processor.py:186} INFO - Started process (PID=814) to work on /home/airflow/.local/lib/python3.12/site-packages/airflow/example_dags/example_branch_datetime_operator.py
[2024-12-24T18:56:20.746+0000] {processor.py:914} INFO - Processing file /home/airflow/.local/lib/python3.12/site-packages/airflow/example_dags/example_branch_datetime_operator.py for tasks to queue
[2024-12-24T18:56:20.749+0000] {logging_mixin.py:190} INFO - [2024-12-24T18:56:20.748+0000] {dagbag.py:588} INFO - Filling up the DagBag from /home/airflow/.local/lib/python3.12/site-packages/airflow/example_dags/example_branch_datetime_operator.py
[2024-12-24T18:56:20.766+0000] {processor.py:925} INFO - DAG(s) 'example_branch_datetime_operator_3', 'example_branch_datetime_operator_2', 'example_branch_datetime_operator' retrieved from /home/airflow/.local/lib/python3.12/site-packages/airflow/example_dags/example_branch_datetime_operator.py
[2024-12-24T18:56:20.810+0000] {logging_mixin.py:190} INFO - [2024-12-24T18:56:20.810+0000] {dag.py:3239} INFO - Sync 3 DAGs
[2024-12-24T18:56:20.841+0000] {logging_mixin.py:190} INFO - [2024-12-24T18:56:20.841+0000] {dag.py:4180} INFO - Setting next_dagrun for example_branch_datetime_operator to 2024-12-23 00:00:00+00:00, run_after=2024-12-24 00:00:00+00:00
[2024-12-24T18:56:20.849+0000] {logging_mixin.py:190} INFO - [2024-12-24T18:56:20.849+0000] {dag.py:4180} INFO - Setting next_dagrun for example_branch_datetime_operator_2 to 2024-12-23 00:00:00+00:00, run_after=2024-12-24 00:00:00+00:00
[2024-12-24T18:56:20.854+0000] {logging_mixin.py:190} INFO - [2024-12-24T18:56:20.854+0000] {dag.py:4180} INFO - Setting next_dagrun for example_branch_datetime_operator_3 to 2024-12-23 00:00:00+00:00, run_after=2024-12-24 00:00:00+00:00
[2024-12-24T18:56:20.883+0000] {processor.py:208} INFO - Processing /home/airflow/.local/lib/python3.12/site-packages/airflow/example_dags/example_branch_datetime_operator.py took 0.146 seconds
[2024-12-24T18:56:51.114+0000] {processor.py:186} INFO - Started process (PID=876) to work on /home/airflow/.local/lib/python3.12/site-packages/airflow/example_dags/example_branch_datetime_operator.py
[2024-12-24T18:56:51.116+0000] {processor.py:914} INFO - Processing file /home/airflow/.local/lib/python3.12/site-packages/airflow/example_dags/example_branch_datetime_operator.py for tasks to queue
[2024-12-24T18:56:51.119+0000] {logging_mixin.py:190} INFO - [2024-12-24T18:56:51.118+0000] {dagbag.py:588} INFO - Filling up the DagBag from /home/airflow/.local/lib/python3.12/site-packages/airflow/example_dags/example_branch_datetime_operator.py
[2024-12-24T18:56:51.135+0000] {processor.py:925} INFO - DAG(s) 'example_branch_datetime_operator_2', 'example_branch_datetime_operator', 'example_branch_datetime_operator_3' retrieved from /home/airflow/.local/lib/python3.12/site-packages/airflow/example_dags/example_branch_datetime_operator.py
[2024-12-24T18:56:51.177+0000] {logging_mixin.py:190} INFO - [2024-12-24T18:56:51.177+0000] {dag.py:3239} INFO - Sync 3 DAGs
[2024-12-24T18:56:51.209+0000] {logging_mixin.py:190} INFO - [2024-12-24T18:56:51.208+0000] {dag.py:4180} INFO - Setting next_dagrun for example_branch_datetime_operator to 2024-12-23 00:00:00+00:00, run_after=2024-12-24 00:00:00+00:00
[2024-12-24T18:56:51.215+0000] {logging_mixin.py:190} INFO - [2024-12-24T18:56:51.215+0000] {dag.py:4180} INFO - Setting next_dagrun for example_branch_datetime_operator_2 to 2024-12-23 00:00:00+00:00, run_after=2024-12-24 00:00:00+00:00
[2024-12-24T18:56:51.219+0000] {logging_mixin.py:190} INFO - [2024-12-24T18:56:51.219+0000] {dag.py:4180} INFO - Setting next_dagrun for example_branch_datetime_operator_3 to 2024-12-23 00:00:00+00:00, run_after=2024-12-24 00:00:00+00:00
[2024-12-24T18:56:51.245+0000] {processor.py:208} INFO - Processing /home/airflow/.local/lib/python3.12/site-packages/airflow/example_dags/example_branch_datetime_operator.py took 0.139 seconds
[2024-12-24T18:57:21.589+0000] {processor.py:186} INFO - Started process (PID=938) to work on /home/airflow/.local/lib/python3.12/site-packages/airflow/example_dags/example_branch_datetime_operator.py
[2024-12-24T18:57:21.590+0000] {processor.py:914} INFO - Processing file /home/airflow/.local/lib/python3.12/site-packages/airflow/example_dags/example_branch_datetime_operator.py for tasks to queue
[2024-12-24T18:57:21.593+0000] {logging_mixin.py:190} INFO - [2024-12-24T18:57:21.593+0000] {dagbag.py:588} INFO - Filling up the DagBag from /home/airflow/.local/lib/python3.12/site-packages/airflow/example_dags/example_branch_datetime_operator.py
[2024-12-24T18:57:21.621+0000] {processor.py:925} INFO - DAG(s) 'example_branch_datetime_operator', 'example_branch_datetime_operator_2', 'example_branch_datetime_operator_3' retrieved from /home/airflow/.local/lib/python3.12/site-packages/airflow/example_dags/example_branch_datetime_operator.py
[2024-12-24T18:57:21.680+0000] {logging_mixin.py:190} INFO - [2024-12-24T18:57:21.680+0000] {dag.py:3239} INFO - Sync 3 DAGs
[2024-12-24T18:57:21.728+0000] {logging_mixin.py:190} INFO - [2024-12-24T18:57:21.727+0000] {dag.py:4180} INFO - Setting next_dagrun for example_branch_datetime_operator to 2024-12-23 00:00:00+00:00, run_after=2024-12-24 00:00:00+00:00
[2024-12-24T18:57:21.738+0000] {logging_mixin.py:190} INFO - [2024-12-24T18:57:21.737+0000] {dag.py:4180} INFO - Setting next_dagrun for example_branch_datetime_operator_2 to 2024-12-23 00:00:00+00:00, run_after=2024-12-24 00:00:00+00:00
[2024-12-24T18:57:21.744+0000] {logging_mixin.py:190} INFO - [2024-12-24T18:57:21.743+0000] {dag.py:4180} INFO - Setting next_dagrun for example_branch_datetime_operator_3 to 2024-12-23 00:00:00+00:00, run_after=2024-12-24 00:00:00+00:00
[2024-12-24T18:57:21.781+0000] {processor.py:208} INFO - Processing /home/airflow/.local/lib/python3.12/site-packages/airflow/example_dags/example_branch_datetime_operator.py took 0.199 seconds
[2024-12-24T18:57:52.387+0000] {processor.py:186} INFO - Started process (PID=1001) to work on /home/airflow/.local/lib/python3.12/site-packages/airflow/example_dags/example_branch_datetime_operator.py
[2024-12-24T18:57:52.389+0000] {processor.py:914} INFO - Processing file /home/airflow/.local/lib/python3.12/site-packages/airflow/example_dags/example_branch_datetime_operator.py for tasks to queue
[2024-12-24T18:57:52.392+0000] {logging_mixin.py:190} INFO - [2024-12-24T18:57:52.391+0000] {dagbag.py:588} INFO - Filling up the DagBag from /home/airflow/.local/lib/python3.12/site-packages/airflow/example_dags/example_branch_datetime_operator.py
[2024-12-24T18:57:52.404+0000] {processor.py:925} INFO - DAG(s) 'example_branch_datetime_operator', 'example_branch_datetime_operator_3', 'example_branch_datetime_operator_2' retrieved from /home/airflow/.local/lib/python3.12/site-packages/airflow/example_dags/example_branch_datetime_operator.py
[2024-12-24T18:57:52.436+0000] {logging_mixin.py:190} INFO - [2024-12-24T18:57:52.435+0000] {dag.py:3239} INFO - Sync 3 DAGs
[2024-12-24T18:57:52.462+0000] {logging_mixin.py:190} INFO - [2024-12-24T18:57:52.462+0000] {dag.py:4180} INFO - Setting next_dagrun for example_branch_datetime_operator to 2024-12-23 00:00:00+00:00, run_after=2024-12-24 00:00:00+00:00
[2024-12-24T18:57:52.468+0000] {logging_mixin.py:190} INFO - [2024-12-24T18:57:52.468+0000] {dag.py:4180} INFO - Setting next_dagrun for example_branch_datetime_operator_2 to 2024-12-23 00:00:00+00:00, run_after=2024-12-24 00:00:00+00:00
[2024-12-24T18:57:52.472+0000] {logging_mixin.py:190} INFO - [2024-12-24T18:57:52.472+0000] {dag.py:4180} INFO - Setting next_dagrun for example_branch_datetime_operator_3 to 2024-12-23 00:00:00+00:00, run_after=2024-12-24 00:00:00+00:00
[2024-12-24T18:57:52.496+0000] {processor.py:208} INFO - Processing /home/airflow/.local/lib/python3.12/site-packages/airflow/example_dags/example_branch_datetime_operator.py took 0.115 seconds
[2024-12-24T18:58:23.558+0000] {processor.py:186} INFO - Started process (PID=1064) to work on /home/airflow/.local/lib/python3.12/site-packages/airflow/example_dags/example_branch_datetime_operator.py
[2024-12-24T18:58:23.559+0000] {processor.py:914} INFO - Processing file /home/airflow/.local/lib/python3.12/site-packages/airflow/example_dags/example_branch_datetime_operator.py for tasks to queue
[2024-12-24T18:58:23.562+0000] {logging_mixin.py:190} INFO - [2024-12-24T18:58:23.562+0000] {dagbag.py:588} INFO - Filling up the DagBag from /home/airflow/.local/lib/python3.12/site-packages/airflow/example_dags/example_branch_datetime_operator.py
[2024-12-24T18:58:23.573+0000] {processor.py:925} INFO - DAG(s) 'example_branch_datetime_operator_3', 'example_branch_datetime_operator', 'example_branch_datetime_operator_2' retrieved from /home/airflow/.local/lib/python3.12/site-packages/airflow/example_dags/example_branch_datetime_operator.py
[2024-12-24T18:58:23.604+0000] {logging_mixin.py:190} INFO - [2024-12-24T18:58:23.603+0000] {dag.py:3239} INFO - Sync 3 DAGs
[2024-12-24T18:58:23.632+0000] {logging_mixin.py:190} INFO - [2024-12-24T18:58:23.632+0000] {dag.py:4180} INFO - Setting next_dagrun for example_branch_datetime_operator to 2024-12-23 00:00:00+00:00, run_after=2024-12-24 00:00:00+00:00
[2024-12-24T18:58:23.638+0000] {logging_mixin.py:190} INFO - [2024-12-24T18:58:23.638+0000] {dag.py:4180} INFO - Setting next_dagrun for example_branch_datetime_operator_2 to 2024-12-23 00:00:00+00:00, run_after=2024-12-24 00:00:00+00:00
[2024-12-24T18:58:23.641+0000] {logging_mixin.py:190} INFO - [2024-12-24T18:58:23.641+0000] {dag.py:4180} INFO - Setting next_dagrun for example_branch_datetime_operator_3 to 2024-12-23 00:00:00+00:00, run_after=2024-12-24 00:00:00+00:00
[2024-12-24T18:58:23.665+0000] {processor.py:208} INFO - Processing /home/airflow/.local/lib/python3.12/site-packages/airflow/example_dags/example_branch_datetime_operator.py took 0.112 seconds
[2024-12-24T18:58:55.345+0000] {processor.py:186} INFO - Started process (PID=1127) to work on /home/airflow/.local/lib/python3.12/site-packages/airflow/example_dags/example_branch_datetime_operator.py
[2024-12-24T18:58:55.347+0000] {processor.py:914} INFO - Processing file /home/airflow/.local/lib/python3.12/site-packages/airflow/example_dags/example_branch_datetime_operator.py for tasks to queue
[2024-12-24T18:58:55.349+0000] {logging_mixin.py:190} INFO - [2024-12-24T18:58:55.349+0000] {dagbag.py:588} INFO - Filling up the DagBag from /home/airflow/.local/lib/python3.12/site-packages/airflow/example_dags/example_branch_datetime_operator.py
[2024-12-24T18:58:55.361+0000] {processor.py:925} INFO - DAG(s) 'example_branch_datetime_operator', 'example_branch_datetime_operator_3', 'example_branch_datetime_operator_2' retrieved from /home/airflow/.local/lib/python3.12/site-packages/airflow/example_dags/example_branch_datetime_operator.py
[2024-12-24T18:58:55.392+0000] {logging_mixin.py:190} INFO - [2024-12-24T18:58:55.392+0000] {dag.py:3239} INFO - Sync 3 DAGs
[2024-12-24T18:58:55.419+0000] {logging_mixin.py:190} INFO - [2024-12-24T18:58:55.418+0000] {dag.py:4180} INFO - Setting next_dagrun for example_branch_datetime_operator to 2024-12-23 00:00:00+00:00, run_after=2024-12-24 00:00:00+00:00
[2024-12-24T18:58:55.425+0000] {logging_mixin.py:190} INFO - [2024-12-24T18:58:55.425+0000] {dag.py:4180} INFO - Setting next_dagrun for example_branch_datetime_operator_2 to 2024-12-23 00:00:00+00:00, run_after=2024-12-24 00:00:00+00:00
[2024-12-24T18:58:55.428+0000] {logging_mixin.py:190} INFO - [2024-12-24T18:58:55.428+0000] {dag.py:4180} INFO - Setting next_dagrun for example_branch_datetime_operator_3 to 2024-12-23 00:00:00+00:00, run_after=2024-12-24 00:00:00+00:00
[2024-12-24T18:58:55.452+0000] {processor.py:208} INFO - Processing /home/airflow/.local/lib/python3.12/site-packages/airflow/example_dags/example_branch_datetime_operator.py took 0.112 seconds
[2024-12-24T18:59:26.478+0000] {processor.py:186} INFO - Started process (PID=1190) to work on /home/airflow/.local/lib/python3.12/site-packages/airflow/example_dags/example_branch_datetime_operator.py
[2024-12-24T18:59:26.480+0000] {processor.py:914} INFO - Processing file /home/airflow/.local/lib/python3.12/site-packages/airflow/example_dags/example_branch_datetime_operator.py for tasks to queue
[2024-12-24T18:59:26.483+0000] {logging_mixin.py:190} INFO - [2024-12-24T18:59:26.482+0000] {dagbag.py:588} INFO - Filling up the DagBag from /home/airflow/.local/lib/python3.12/site-packages/airflow/example_dags/example_branch_datetime_operator.py
[2024-12-24T18:59:26.496+0000] {processor.py:925} INFO - DAG(s) 'example_branch_datetime_operator_2', 'example_branch_datetime_operator_3', 'example_branch_datetime_operator' retrieved from /home/airflow/.local/lib/python3.12/site-packages/airflow/example_dags/example_branch_datetime_operator.py
[2024-12-24T18:59:26.529+0000] {logging_mixin.py:190} INFO - [2024-12-24T18:59:26.528+0000] {dag.py:3239} INFO - Sync 3 DAGs
[2024-12-24T18:59:26.556+0000] {logging_mixin.py:190} INFO - [2024-12-24T18:59:26.556+0000] {dag.py:4180} INFO - Setting next_dagrun for example_branch_datetime_operator to 2024-12-23 00:00:00+00:00, run_after=2024-12-24 00:00:00+00:00
[2024-12-24T18:59:26.562+0000] {logging_mixin.py:190} INFO - [2024-12-24T18:59:26.562+0000] {dag.py:4180} INFO - Setting next_dagrun for example_branch_datetime_operator_2 to 2024-12-23 00:00:00+00:00, run_after=2024-12-24 00:00:00+00:00
[2024-12-24T18:59:26.565+0000] {logging_mixin.py:190} INFO - [2024-12-24T18:59:26.565+0000] {dag.py:4180} INFO - Setting next_dagrun for example_branch_datetime_operator_3 to 2024-12-23 00:00:00+00:00, run_after=2024-12-24 00:00:00+00:00
[2024-12-24T18:59:26.587+0000] {processor.py:208} INFO - Processing /home/airflow/.local/lib/python3.12/site-packages/airflow/example_dags/example_branch_datetime_operator.py took 0.114 seconds
[2024-12-24T18:59:57.243+0000] {processor.py:186} INFO - Started process (PID=1253) to work on /home/airflow/.local/lib/python3.12/site-packages/airflow/example_dags/example_branch_datetime_operator.py
[2024-12-24T18:59:57.244+0000] {processor.py:914} INFO - Processing file /home/airflow/.local/lib/python3.12/site-packages/airflow/example_dags/example_branch_datetime_operator.py for tasks to queue
[2024-12-24T18:59:57.247+0000] {logging_mixin.py:190} INFO - [2024-12-24T18:59:57.247+0000] {dagbag.py:588} INFO - Filling up the DagBag from /home/airflow/.local/lib/python3.12/site-packages/airflow/example_dags/example_branch_datetime_operator.py
[2024-12-24T18:59:57.260+0000] {processor.py:925} INFO - DAG(s) 'example_branch_datetime_operator_3', 'example_branch_datetime_operator_2', 'example_branch_datetime_operator' retrieved from /home/airflow/.local/lib/python3.12/site-packages/airflow/example_dags/example_branch_datetime_operator.py
[2024-12-24T18:59:57.291+0000] {logging_mixin.py:190} INFO - [2024-12-24T18:59:57.291+0000] {dag.py:3239} INFO - Sync 3 DAGs
[2024-12-24T18:59:57.320+0000] {logging_mixin.py:190} INFO - [2024-12-24T18:59:57.320+0000] {dag.py:4180} INFO - Setting next_dagrun for example_branch_datetime_operator to 2024-12-23 00:00:00+00:00, run_after=2024-12-24 00:00:00+00:00
[2024-12-24T18:59:57.328+0000] {logging_mixin.py:190} INFO - [2024-12-24T18:59:57.328+0000] {dag.py:4180} INFO - Setting next_dagrun for example_branch_datetime_operator_2 to 2024-12-23 00:00:00+00:00, run_after=2024-12-24 00:00:00+00:00
[2024-12-24T18:59:57.332+0000] {logging_mixin.py:190} INFO - [2024-12-24T18:59:57.331+0000] {dag.py:4180} INFO - Setting next_dagrun for example_branch_datetime_operator_3 to 2024-12-23 00:00:00+00:00, run_after=2024-12-24 00:00:00+00:00
[2024-12-24T18:59:57.357+0000] {processor.py:208} INFO - Processing /home/airflow/.local/lib/python3.12/site-packages/airflow/example_dags/example_branch_datetime_operator.py took 0.120 seconds
[2024-12-24T19:00:27.620+0000] {processor.py:186} INFO - Started process (PID=1316) to work on /home/airflow/.local/lib/python3.12/site-packages/airflow/example_dags/example_branch_datetime_operator.py
[2024-12-24T19:00:27.623+0000] {processor.py:914} INFO - Processing file /home/airflow/.local/lib/python3.12/site-packages/airflow/example_dags/example_branch_datetime_operator.py for tasks to queue
[2024-12-24T19:00:27.627+0000] {logging_mixin.py:190} INFO - [2024-12-24T19:00:27.626+0000] {dagbag.py:588} INFO - Filling up the DagBag from /home/airflow/.local/lib/python3.12/site-packages/airflow/example_dags/example_branch_datetime_operator.py
[2024-12-24T19:00:27.641+0000] {processor.py:925} INFO - DAG(s) 'example_branch_datetime_operator_2', 'example_branch_datetime_operator_3', 'example_branch_datetime_operator' retrieved from /home/airflow/.local/lib/python3.12/site-packages/airflow/example_dags/example_branch_datetime_operator.py
[2024-12-24T19:00:27.680+0000] {logging_mixin.py:190} INFO - [2024-12-24T19:00:27.680+0000] {dag.py:3239} INFO - Sync 3 DAGs
[2024-12-24T19:00:27.716+0000] {logging_mixin.py:190} INFO - [2024-12-24T19:00:27.715+0000] {dag.py:4180} INFO - Setting next_dagrun for example_branch_datetime_operator to 2024-12-23 00:00:00+00:00, run_after=2024-12-24 00:00:00+00:00
[2024-12-24T19:00:27.723+0000] {logging_mixin.py:190} INFO - [2024-12-24T19:00:27.723+0000] {dag.py:4180} INFO - Setting next_dagrun for example_branch_datetime_operator_2 to 2024-12-23 00:00:00+00:00, run_after=2024-12-24 00:00:00+00:00
[2024-12-24T19:00:27.729+0000] {logging_mixin.py:190} INFO - [2024-12-24T19:00:27.728+0000] {dag.py:4180} INFO - Setting next_dagrun for example_branch_datetime_operator_3 to 2024-12-23 00:00:00+00:00, run_after=2024-12-24 00:00:00+00:00
[2024-12-24T19:00:27.756+0000] {processor.py:208} INFO - Processing /home/airflow/.local/lib/python3.12/site-packages/airflow/example_dags/example_branch_datetime_operator.py took 0.143 seconds
[2024-12-24T19:00:58.473+0000] {processor.py:186} INFO - Started process (PID=1378) to work on /home/airflow/.local/lib/python3.12/site-packages/airflow/example_dags/example_branch_datetime_operator.py
[2024-12-24T19:00:58.475+0000] {processor.py:914} INFO - Processing file /home/airflow/.local/lib/python3.12/site-packages/airflow/example_dags/example_branch_datetime_operator.py for tasks to queue
[2024-12-24T19:00:58.479+0000] {logging_mixin.py:190} INFO - [2024-12-24T19:00:58.478+0000] {dagbag.py:588} INFO - Filling up the DagBag from /home/airflow/.local/lib/python3.12/site-packages/airflow/example_dags/example_branch_datetime_operator.py
[2024-12-24T19:00:58.495+0000] {processor.py:925} INFO - DAG(s) 'example_branch_datetime_operator_2', 'example_branch_datetime_operator', 'example_branch_datetime_operator_3' retrieved from /home/airflow/.local/lib/python3.12/site-packages/airflow/example_dags/example_branch_datetime_operator.py
[2024-12-24T19:00:58.535+0000] {logging_mixin.py:190} INFO - [2024-12-24T19:00:58.535+0000] {dag.py:3239} INFO - Sync 3 DAGs
[2024-12-24T19:00:58.568+0000] {logging_mixin.py:190} INFO - [2024-12-24T19:00:58.568+0000] {dag.py:4180} INFO - Setting next_dagrun for example_branch_datetime_operator to 2024-12-23 00:00:00+00:00, run_after=2024-12-24 00:00:00+00:00
[2024-12-24T19:00:58.574+0000] {logging_mixin.py:190} INFO - [2024-12-24T19:00:58.574+0000] {dag.py:4180} INFO - Setting next_dagrun for example_branch_datetime_operator_2 to 2024-12-23 00:00:00+00:00, run_after=2024-12-24 00:00:00+00:00
[2024-12-24T19:00:58.578+0000] {logging_mixin.py:190} INFO - [2024-12-24T19:00:58.578+0000] {dag.py:4180} INFO - Setting next_dagrun for example_branch_datetime_operator_3 to 2024-12-23 00:00:00+00:00, run_after=2024-12-24 00:00:00+00:00
[2024-12-24T19:00:58.602+0000] {processor.py:208} INFO - Processing /home/airflow/.local/lib/python3.12/site-packages/airflow/example_dags/example_branch_datetime_operator.py took 0.135 seconds
[2024-12-24T19:01:29.132+0000] {processor.py:186} INFO - Started process (PID=1441) to work on /home/airflow/.local/lib/python3.12/site-packages/airflow/example_dags/example_branch_datetime_operator.py
[2024-12-24T19:01:29.133+0000] {processor.py:914} INFO - Processing file /home/airflow/.local/lib/python3.12/site-packages/airflow/example_dags/example_branch_datetime_operator.py for tasks to queue
[2024-12-24T19:01:29.136+0000] {logging_mixin.py:190} INFO - [2024-12-24T19:01:29.135+0000] {dagbag.py:588} INFO - Filling up the DagBag from /home/airflow/.local/lib/python3.12/site-packages/airflow/example_dags/example_branch_datetime_operator.py
[2024-12-24T19:01:29.148+0000] {processor.py:925} INFO - DAG(s) 'example_branch_datetime_operator', 'example_branch_datetime_operator_3', 'example_branch_datetime_operator_2' retrieved from /home/airflow/.local/lib/python3.12/site-packages/airflow/example_dags/example_branch_datetime_operator.py
[2024-12-24T19:01:29.182+0000] {logging_mixin.py:190} INFO - [2024-12-24T19:01:29.181+0000] {dag.py:3239} INFO - Sync 3 DAGs
[2024-12-24T19:01:29.210+0000] {logging_mixin.py:190} INFO - [2024-12-24T19:01:29.210+0000] {dag.py:4180} INFO - Setting next_dagrun for example_branch_datetime_operator to 2024-12-23 00:00:00+00:00, run_after=2024-12-24 00:00:00+00:00
[2024-12-24T19:01:29.216+0000] {logging_mixin.py:190} INFO - [2024-12-24T19:01:29.216+0000] {dag.py:4180} INFO - Setting next_dagrun for example_branch_datetime_operator_2 to 2024-12-23 00:00:00+00:00, run_after=2024-12-24 00:00:00+00:00
[2024-12-24T19:01:29.219+0000] {logging_mixin.py:190} INFO - [2024-12-24T19:01:29.219+0000] {dag.py:4180} INFO - Setting next_dagrun for example_branch_datetime_operator_3 to 2024-12-23 00:00:00+00:00, run_after=2024-12-24 00:00:00+00:00
[2024-12-24T19:01:29.244+0000] {processor.py:208} INFO - Processing /home/airflow/.local/lib/python3.12/site-packages/airflow/example_dags/example_branch_datetime_operator.py took 0.119 seconds
[2024-12-24T19:01:59.913+0000] {processor.py:186} INFO - Started process (PID=1503) to work on /home/airflow/.local/lib/python3.12/site-packages/airflow/example_dags/example_branch_datetime_operator.py
[2024-12-24T19:01:59.914+0000] {processor.py:914} INFO - Processing file /home/airflow/.local/lib/python3.12/site-packages/airflow/example_dags/example_branch_datetime_operator.py for tasks to queue
[2024-12-24T19:01:59.917+0000] {logging_mixin.py:190} INFO - [2024-12-24T19:01:59.917+0000] {dagbag.py:588} INFO - Filling up the DagBag from /home/airflow/.local/lib/python3.12/site-packages/airflow/example_dags/example_branch_datetime_operator.py
[2024-12-24T19:01:59.930+0000] {processor.py:925} INFO - DAG(s) 'example_branch_datetime_operator_2', 'example_branch_datetime_operator_3', 'example_branch_datetime_operator' retrieved from /home/airflow/.local/lib/python3.12/site-packages/airflow/example_dags/example_branch_datetime_operator.py
[2024-12-24T19:01:59.961+0000] {logging_mixin.py:190} INFO - [2024-12-24T19:01:59.960+0000] {dag.py:3239} INFO - Sync 3 DAGs
[2024-12-24T19:01:59.990+0000] {logging_mixin.py:190} INFO - [2024-12-24T19:01:59.989+0000] {dag.py:4180} INFO - Setting next_dagrun for example_branch_datetime_operator to 2024-12-23 00:00:00+00:00, run_after=2024-12-24 00:00:00+00:00
[2024-12-24T19:01:59.996+0000] {logging_mixin.py:190} INFO - [2024-12-24T19:01:59.996+0000] {dag.py:4180} INFO - Setting next_dagrun for example_branch_datetime_operator_2 to 2024-12-23 00:00:00+00:00, run_after=2024-12-24 00:00:00+00:00
[2024-12-24T19:01:59.999+0000] {logging_mixin.py:190} INFO - [2024-12-24T19:01:59.999+0000] {dag.py:4180} INFO - Setting next_dagrun for example_branch_datetime_operator_3 to 2024-12-23 00:00:00+00:00, run_after=2024-12-24 00:00:00+00:00
[2024-12-24T19:02:00.022+0000] {processor.py:208} INFO - Processing /home/airflow/.local/lib/python3.12/site-packages/airflow/example_dags/example_branch_datetime_operator.py took 0.115 seconds
[2024-12-24T19:02:30.626+0000] {processor.py:186} INFO - Started process (PID=1572) to work on /home/airflow/.local/lib/python3.12/site-packages/airflow/example_dags/example_branch_datetime_operator.py
[2024-12-24T19:02:30.628+0000] {processor.py:914} INFO - Processing file /home/airflow/.local/lib/python3.12/site-packages/airflow/example_dags/example_branch_datetime_operator.py for tasks to queue
[2024-12-24T19:02:30.631+0000] {logging_mixin.py:190} INFO - [2024-12-24T19:02:30.630+0000] {dagbag.py:588} INFO - Filling up the DagBag from /home/airflow/.local/lib/python3.12/site-packages/airflow/example_dags/example_branch_datetime_operator.py
[2024-12-24T19:02:30.649+0000] {processor.py:925} INFO - DAG(s) 'example_branch_datetime_operator', 'example_branch_datetime_operator_3', 'example_branch_datetime_operator_2' retrieved from /home/airflow/.local/lib/python3.12/site-packages/airflow/example_dags/example_branch_datetime_operator.py
[2024-12-24T19:02:30.685+0000] {logging_mixin.py:190} INFO - [2024-12-24T19:02:30.685+0000] {dag.py:3239} INFO - Sync 3 DAGs
[2024-12-24T19:02:30.717+0000] {logging_mixin.py:190} INFO - [2024-12-24T19:02:30.717+0000] {dag.py:4180} INFO - Setting next_dagrun for example_branch_datetime_operator to 2024-12-23 00:00:00+00:00, run_after=2024-12-24 00:00:00+00:00
[2024-12-24T19:02:30.725+0000] {logging_mixin.py:190} INFO - [2024-12-24T19:02:30.725+0000] {dag.py:4180} INFO - Setting next_dagrun for example_branch_datetime_operator_2 to 2024-12-23 00:00:00+00:00, run_after=2024-12-24 00:00:00+00:00
[2024-12-24T19:02:30.730+0000] {logging_mixin.py:190} INFO - [2024-12-24T19:02:30.729+0000] {dag.py:4180} INFO - Setting next_dagrun for example_branch_datetime_operator_3 to 2024-12-23 00:00:00+00:00, run_after=2024-12-24 00:00:00+00:00
[2024-12-24T19:02:30.774+0000] {processor.py:208} INFO - Processing /home/airflow/.local/lib/python3.12/site-packages/airflow/example_dags/example_branch_datetime_operator.py took 0.155 seconds
[2024-12-24T19:03:02.653+0000] {processor.py:186} INFO - Started process (PID=1635) to work on /home/airflow/.local/lib/python3.12/site-packages/airflow/example_dags/example_branch_datetime_operator.py
[2024-12-24T19:03:02.655+0000] {processor.py:914} INFO - Processing file /home/airflow/.local/lib/python3.12/site-packages/airflow/example_dags/example_branch_datetime_operator.py for tasks to queue
[2024-12-24T19:03:02.660+0000] {logging_mixin.py:190} INFO - [2024-12-24T19:03:02.659+0000] {dagbag.py:588} INFO - Filling up the DagBag from /home/airflow/.local/lib/python3.12/site-packages/airflow/example_dags/example_branch_datetime_operator.py
[2024-12-24T19:03:02.689+0000] {processor.py:925} INFO - DAG(s) 'example_branch_datetime_operator_2', 'example_branch_datetime_operator_3', 'example_branch_datetime_operator' retrieved from /home/airflow/.local/lib/python3.12/site-packages/airflow/example_dags/example_branch_datetime_operator.py
[2024-12-24T19:03:02.743+0000] {logging_mixin.py:190} INFO - [2024-12-24T19:03:02.743+0000] {dag.py:3239} INFO - Sync 3 DAGs
[2024-12-24T19:03:02.786+0000] {logging_mixin.py:190} INFO - [2024-12-24T19:03:02.786+0000] {dag.py:4180} INFO - Setting next_dagrun for example_branch_datetime_operator to 2024-12-23 00:00:00+00:00, run_after=2024-12-24 00:00:00+00:00
[2024-12-24T19:03:02.794+0000] {logging_mixin.py:190} INFO - [2024-12-24T19:03:02.793+0000] {dag.py:4180} INFO - Setting next_dagrun for example_branch_datetime_operator_2 to 2024-12-23 00:00:00+00:00, run_after=2024-12-24 00:00:00+00:00
[2024-12-24T19:03:02.797+0000] {logging_mixin.py:190} INFO - [2024-12-24T19:03:02.797+0000] {dag.py:4180} INFO - Setting next_dagrun for example_branch_datetime_operator_3 to 2024-12-23 00:00:00+00:00, run_after=2024-12-24 00:00:00+00:00
[2024-12-24T19:03:02.827+0000] {processor.py:208} INFO - Processing /home/airflow/.local/lib/python3.12/site-packages/airflow/example_dags/example_branch_datetime_operator.py took 0.186 seconds
[2024-12-24T19:03:33.198+0000] {processor.py:186} INFO - Started process (PID=1698) to work on /home/airflow/.local/lib/python3.12/site-packages/airflow/example_dags/example_branch_datetime_operator.py
[2024-12-24T19:03:33.199+0000] {processor.py:914} INFO - Processing file /home/airflow/.local/lib/python3.12/site-packages/airflow/example_dags/example_branch_datetime_operator.py for tasks to queue
[2024-12-24T19:03:33.202+0000] {logging_mixin.py:190} INFO - [2024-12-24T19:03:33.202+0000] {dagbag.py:588} INFO - Filling up the DagBag from /home/airflow/.local/lib/python3.12/site-packages/airflow/example_dags/example_branch_datetime_operator.py
[2024-12-24T19:03:33.214+0000] {processor.py:925} INFO - DAG(s) 'example_branch_datetime_operator_3', 'example_branch_datetime_operator', 'example_branch_datetime_operator_2' retrieved from /home/airflow/.local/lib/python3.12/site-packages/airflow/example_dags/example_branch_datetime_operator.py
[2024-12-24T19:03:33.246+0000] {logging_mixin.py:190} INFO - [2024-12-24T19:03:33.246+0000] {dag.py:3239} INFO - Sync 3 DAGs
[2024-12-24T19:03:33.275+0000] {logging_mixin.py:190} INFO - [2024-12-24T19:03:33.274+0000] {dag.py:4180} INFO - Setting next_dagrun for example_branch_datetime_operator to 2024-12-23 00:00:00+00:00, run_after=2024-12-24 00:00:00+00:00
[2024-12-24T19:03:33.281+0000] {logging_mixin.py:190} INFO - [2024-12-24T19:03:33.281+0000] {dag.py:4180} INFO - Setting next_dagrun for example_branch_datetime_operator_2 to 2024-12-23 00:00:00+00:00, run_after=2024-12-24 00:00:00+00:00
[2024-12-24T19:03:33.284+0000] {logging_mixin.py:190} INFO - [2024-12-24T19:03:33.284+0000] {dag.py:4180} INFO - Setting next_dagrun for example_branch_datetime_operator_3 to 2024-12-23 00:00:00+00:00, run_after=2024-12-24 00:00:00+00:00
[2024-12-24T19:03:33.309+0000] {processor.py:208} INFO - Processing /home/airflow/.local/lib/python3.12/site-packages/airflow/example_dags/example_branch_datetime_operator.py took 0.116 seconds
[2024-12-24T19:04:04.059+0000] {processor.py:186} INFO - Started process (PID=1761) to work on /home/airflow/.local/lib/python3.12/site-packages/airflow/example_dags/example_branch_datetime_operator.py
[2024-12-24T19:04:04.060+0000] {processor.py:914} INFO - Processing file /home/airflow/.local/lib/python3.12/site-packages/airflow/example_dags/example_branch_datetime_operator.py for tasks to queue
[2024-12-24T19:04:04.063+0000] {logging_mixin.py:190} INFO - [2024-12-24T19:04:04.063+0000] {dagbag.py:588} INFO - Filling up the DagBag from /home/airflow/.local/lib/python3.12/site-packages/airflow/example_dags/example_branch_datetime_operator.py
[2024-12-24T19:04:03.132+0000] {processor.py:925} INFO - DAG(s) 'example_branch_datetime_operator', 'example_branch_datetime_operator_3', 'example_branch_datetime_operator_2' retrieved from /home/airflow/.local/lib/python3.12/site-packages/airflow/example_dags/example_branch_datetime_operator.py
[2024-12-24T19:04:03.166+0000] {logging_mixin.py:190} INFO - [2024-12-24T19:04:03.166+0000] {dag.py:3239} INFO - Sync 3 DAGs
[2024-12-24T19:04:03.192+0000] {logging_mixin.py:190} INFO - [2024-12-24T19:04:03.192+0000] {dag.py:4180} INFO - Setting next_dagrun for example_branch_datetime_operator to 2024-12-23 00:00:00+00:00, run_after=2024-12-24 00:00:00+00:00
[2024-12-24T19:04:03.199+0000] {logging_mixin.py:190} INFO - [2024-12-24T19:04:03.198+0000] {dag.py:4180} INFO - Setting next_dagrun for example_branch_datetime_operator_2 to 2024-12-23 00:00:00+00:00, run_after=2024-12-24 00:00:00+00:00
[2024-12-24T19:04:03.202+0000] {logging_mixin.py:190} INFO - [2024-12-24T19:04:03.202+0000] {dag.py:4180} INFO - Setting next_dagrun for example_branch_datetime_operator_3 to 2024-12-23 00:00:00+00:00, run_after=2024-12-24 00:00:00+00:00
[2024-12-24T19:04:03.237+0000] {processor.py:208} INFO - Processing /home/airflow/.local/lib/python3.12/site-packages/airflow/example_dags/example_branch_datetime_operator.py took 0.130 seconds
[2024-12-24T19:04:33.482+0000] {processor.py:186} INFO - Started process (PID=1816) to work on /home/airflow/.local/lib/python3.12/site-packages/airflow/example_dags/example_branch_datetime_operator.py
[2024-12-24T19:04:33.484+0000] {processor.py:914} INFO - Processing file /home/airflow/.local/lib/python3.12/site-packages/airflow/example_dags/example_branch_datetime_operator.py for tasks to queue
[2024-12-24T19:04:33.487+0000] {logging_mixin.py:190} INFO - [2024-12-24T19:04:33.486+0000] {dagbag.py:588} INFO - Filling up the DagBag from /home/airflow/.local/lib/python3.12/site-packages/airflow/example_dags/example_branch_datetime_operator.py
[2024-12-24T19:04:33.499+0000] {processor.py:925} INFO - DAG(s) 'example_branch_datetime_operator_3', 'example_branch_datetime_operator_2', 'example_branch_datetime_operator' retrieved from /home/airflow/.local/lib/python3.12/site-packages/airflow/example_dags/example_branch_datetime_operator.py
[2024-12-24T19:04:33.529+0000] {logging_mixin.py:190} INFO - [2024-12-24T19:04:33.529+0000] {dag.py:3239} INFO - Sync 3 DAGs
[2024-12-24T19:04:33.556+0000] {logging_mixin.py:190} INFO - [2024-12-24T19:04:33.556+0000] {dag.py:4180} INFO - Setting next_dagrun for example_branch_datetime_operator to 2024-12-23 00:00:00+00:00, run_after=2024-12-24 00:00:00+00:00
[2024-12-24T19:04:33.562+0000] {logging_mixin.py:190} INFO - [2024-12-24T19:04:33.562+0000] {dag.py:4180} INFO - Setting next_dagrun for example_branch_datetime_operator_2 to 2024-12-23 00:00:00+00:00, run_after=2024-12-24 00:00:00+00:00
[2024-12-24T19:04:33.566+0000] {logging_mixin.py:190} INFO - [2024-12-24T19:04:33.565+0000] {dag.py:4180} INFO - Setting next_dagrun for example_branch_datetime_operator_3 to 2024-12-23 00:00:00+00:00, run_after=2024-12-24 00:00:00+00:00
[2024-12-24T19:04:33.589+0000] {processor.py:208} INFO - Processing /home/airflow/.local/lib/python3.12/site-packages/airflow/example_dags/example_branch_datetime_operator.py took 0.112 seconds
[2024-12-24T19:05:03.747+0000] {processor.py:186} INFO - Started process (PID=1879) to work on /home/airflow/.local/lib/python3.12/site-packages/airflow/example_dags/example_branch_datetime_operator.py
[2024-12-24T19:05:03.748+0000] {processor.py:914} INFO - Processing file /home/airflow/.local/lib/python3.12/site-packages/airflow/example_dags/example_branch_datetime_operator.py for tasks to queue
[2024-12-24T19:05:03.751+0000] {logging_mixin.py:190} INFO - [2024-12-24T19:05:03.751+0000] {dagbag.py:588} INFO - Filling up the DagBag from /home/airflow/.local/lib/python3.12/site-packages/airflow/example_dags/example_branch_datetime_operator.py
[2024-12-24T19:05:03.764+0000] {processor.py:925} INFO - DAG(s) 'example_branch_datetime_operator_2', 'example_branch_datetime_operator', 'example_branch_datetime_operator_3' retrieved from /home/airflow/.local/lib/python3.12/site-packages/airflow/example_dags/example_branch_datetime_operator.py
[2024-12-24T19:05:03.799+0000] {logging_mixin.py:190} INFO - [2024-12-24T19:05:03.798+0000] {dag.py:3239} INFO - Sync 3 DAGs
[2024-12-24T19:05:03.831+0000] {logging_mixin.py:190} INFO - [2024-12-24T19:05:03.831+0000] {dag.py:4180} INFO - Setting next_dagrun for example_branch_datetime_operator to 2024-12-23 00:00:00+00:00, run_after=2024-12-24 00:00:00+00:00
[2024-12-24T19:05:03.839+0000] {logging_mixin.py:190} INFO - [2024-12-24T19:05:03.838+0000] {dag.py:4180} INFO - Setting next_dagrun for example_branch_datetime_operator_2 to 2024-12-23 00:00:00+00:00, run_after=2024-12-24 00:00:00+00:00
[2024-12-24T19:05:03.843+0000] {logging_mixin.py:190} INFO - [2024-12-24T19:05:03.842+0000] {dag.py:4180} INFO - Setting next_dagrun for example_branch_datetime_operator_3 to 2024-12-23 00:00:00+00:00, run_after=2024-12-24 00:00:00+00:00
[2024-12-24T19:05:03.872+0000] {processor.py:208} INFO - Processing /home/airflow/.local/lib/python3.12/site-packages/airflow/example_dags/example_branch_datetime_operator.py took 0.131 seconds
[2024-12-24T19:05:33.958+0000] {processor.py:186} INFO - Started process (PID=1941) to work on /home/airflow/.local/lib/python3.12/site-packages/airflow/example_dags/example_branch_datetime_operator.py
[2024-12-24T19:05:33.960+0000] {processor.py:914} INFO - Processing file /home/airflow/.local/lib/python3.12/site-packages/airflow/example_dags/example_branch_datetime_operator.py for tasks to queue
[2024-12-24T19:05:33.962+0000] {logging_mixin.py:190} INFO - [2024-12-24T19:05:33.962+0000] {dagbag.py:588} INFO - Filling up the DagBag from /home/airflow/.local/lib/python3.12/site-packages/airflow/example_dags/example_branch_datetime_operator.py
[2024-12-24T19:05:33.978+0000] {processor.py:925} INFO - DAG(s) 'example_branch_datetime_operator_2', 'example_branch_datetime_operator_3', 'example_branch_datetime_operator' retrieved from /home/airflow/.local/lib/python3.12/site-packages/airflow/example_dags/example_branch_datetime_operator.py
[2024-12-24T19:05:34.012+0000] {logging_mixin.py:190} INFO - [2024-12-24T19:05:34.011+0000] {dag.py:3239} INFO - Sync 3 DAGs
[2024-12-24T19:05:34.049+0000] {logging_mixin.py:190} INFO - [2024-12-24T19:05:34.049+0000] {dag.py:4180} INFO - Setting next_dagrun for example_branch_datetime_operator to 2024-12-23 00:00:00+00:00, run_after=2024-12-24 00:00:00+00:00
[2024-12-24T19:05:34.058+0000] {logging_mixin.py:190} INFO - [2024-12-24T19:05:34.058+0000] {dag.py:4180} INFO - Setting next_dagrun for example_branch_datetime_operator_2 to 2024-12-23 00:00:00+00:00, run_after=2024-12-24 00:00:00+00:00
[2024-12-24T19:05:34.062+0000] {logging_mixin.py:190} INFO - [2024-12-24T19:05:34.062+0000] {dag.py:4180} INFO - Setting next_dagrun for example_branch_datetime_operator_3 to 2024-12-23 00:00:00+00:00, run_after=2024-12-24 00:00:00+00:00
[2024-12-24T19:05:34.136+0000] {processor.py:208} INFO - Processing /home/airflow/.local/lib/python3.12/site-packages/airflow/example_dags/example_branch_datetime_operator.py took 0.184 seconds
[2024-12-24T19:06:05.054+0000] {processor.py:186} INFO - Started process (PID=2006) to work on /home/airflow/.local/lib/python3.12/site-packages/airflow/example_dags/example_branch_datetime_operator.py
[2024-12-24T19:06:05.055+0000] {processor.py:914} INFO - Processing file /home/airflow/.local/lib/python3.12/site-packages/airflow/example_dags/example_branch_datetime_operator.py for tasks to queue
[2024-12-24T19:06:05.058+0000] {logging_mixin.py:190} INFO - [2024-12-24T19:06:05.058+0000] {dagbag.py:588} INFO - Filling up the DagBag from /home/airflow/.local/lib/python3.12/site-packages/airflow/example_dags/example_branch_datetime_operator.py
[2024-12-24T19:06:05.072+0000] {processor.py:925} INFO - DAG(s) 'example_branch_datetime_operator_2', 'example_branch_datetime_operator', 'example_branch_datetime_operator_3' retrieved from /home/airflow/.local/lib/python3.12/site-packages/airflow/example_dags/example_branch_datetime_operator.py
[2024-12-24T19:06:05.104+0000] {logging_mixin.py:190} INFO - [2024-12-24T19:06:05.104+0000] {dag.py:3239} INFO - Sync 3 DAGs
[2024-12-24T19:06:05.135+0000] {logging_mixin.py:190} INFO - [2024-12-24T19:06:05.134+0000] {dag.py:4180} INFO - Setting next_dagrun for example_branch_datetime_operator to 2024-12-23 00:00:00+00:00, run_after=2024-12-24 00:00:00+00:00
[2024-12-24T19:06:05.141+0000] {logging_mixin.py:190} INFO - [2024-12-24T19:06:05.141+0000] {dag.py:4180} INFO - Setting next_dagrun for example_branch_datetime_operator_2 to 2024-12-23 00:00:00+00:00, run_after=2024-12-24 00:00:00+00:00
[2024-12-24T19:06:05.144+0000] {logging_mixin.py:190} INFO - [2024-12-24T19:06:05.144+0000] {dag.py:4180} INFO - Setting next_dagrun for example_branch_datetime_operator_3 to 2024-12-23 00:00:00+00:00, run_after=2024-12-24 00:00:00+00:00
[2024-12-24T19:06:05.169+0000] {processor.py:208} INFO - Processing /home/airflow/.local/lib/python3.12/site-packages/airflow/example_dags/example_branch_datetime_operator.py took 0.122 seconds
[2024-12-24T19:06:35.259+0000] {processor.py:186} INFO - Started process (PID=2069) to work on /home/airflow/.local/lib/python3.12/site-packages/airflow/example_dags/example_branch_datetime_operator.py
[2024-12-24T19:06:35.260+0000] {processor.py:914} INFO - Processing file /home/airflow/.local/lib/python3.12/site-packages/airflow/example_dags/example_branch_datetime_operator.py for tasks to queue
[2024-12-24T19:06:35.264+0000] {logging_mixin.py:190} INFO - [2024-12-24T19:06:35.263+0000] {dagbag.py:588} INFO - Filling up the DagBag from /home/airflow/.local/lib/python3.12/site-packages/airflow/example_dags/example_branch_datetime_operator.py
[2024-12-24T19:06:35.279+0000] {processor.py:925} INFO - DAG(s) 'example_branch_datetime_operator', 'example_branch_datetime_operator_3', 'example_branch_datetime_operator_2' retrieved from /home/airflow/.local/lib/python3.12/site-packages/airflow/example_dags/example_branch_datetime_operator.py
[2024-12-24T19:06:35.322+0000] {logging_mixin.py:190} INFO - [2024-12-24T19:06:35.321+0000] {dag.py:3239} INFO - Sync 3 DAGs
[2024-12-24T19:06:35.356+0000] {logging_mixin.py:190} INFO - [2024-12-24T19:06:35.355+0000] {dag.py:4180} INFO - Setting next_dagrun for example_branch_datetime_operator to 2024-12-23 00:00:00+00:00, run_after=2024-12-24 00:00:00+00:00
[2024-12-24T19:06:35.362+0000] {logging_mixin.py:190} INFO - [2024-12-24T19:06:35.362+0000] {dag.py:4180} INFO - Setting next_dagrun for example_branch_datetime_operator_2 to 2024-12-23 00:00:00+00:00, run_after=2024-12-24 00:00:00+00:00
[2024-12-24T19:06:35.366+0000] {logging_mixin.py:190} INFO - [2024-12-24T19:06:35.366+0000] {dag.py:4180} INFO - Setting next_dagrun for example_branch_datetime_operator_3 to 2024-12-23 00:00:00+00:00, run_after=2024-12-24 00:00:00+00:00
[2024-12-24T19:06:35.394+0000] {processor.py:208} INFO - Processing /home/airflow/.local/lib/python3.12/site-packages/airflow/example_dags/example_branch_datetime_operator.py took 0.141 seconds
[2024-12-24T19:07:06.164+0000] {processor.py:186} INFO - Started process (PID=2134) to work on /home/airflow/.local/lib/python3.12/site-packages/airflow/example_dags/example_branch_datetime_operator.py
[2024-12-24T19:07:06.165+0000] {processor.py:914} INFO - Processing file /home/airflow/.local/lib/python3.12/site-packages/airflow/example_dags/example_branch_datetime_operator.py for tasks to queue
[2024-12-24T19:07:06.168+0000] {logging_mixin.py:190} INFO - [2024-12-24T19:07:06.167+0000] {dagbag.py:588} INFO - Filling up the DagBag from /home/airflow/.local/lib/python3.12/site-packages/airflow/example_dags/example_branch_datetime_operator.py
[2024-12-24T19:07:06.183+0000] {processor.py:925} INFO - DAG(s) 'example_branch_datetime_operator', 'example_branch_datetime_operator_2', 'example_branch_datetime_operator_3' retrieved from /home/airflow/.local/lib/python3.12/site-packages/airflow/example_dags/example_branch_datetime_operator.py
[2024-12-24T19:07:06.232+0000] {logging_mixin.py:190} INFO - [2024-12-24T19:07:06.231+0000] {dag.py:3239} INFO - Sync 3 DAGs
[2024-12-24T19:07:06.272+0000] {logging_mixin.py:190} INFO - [2024-12-24T19:07:06.272+0000] {dag.py:4180} INFO - Setting next_dagrun for example_branch_datetime_operator to 2024-12-23 00:00:00+00:00, run_after=2024-12-24 00:00:00+00:00
[2024-12-24T19:07:06.282+0000] {logging_mixin.py:190} INFO - [2024-12-24T19:07:06.282+0000] {dag.py:4180} INFO - Setting next_dagrun for example_branch_datetime_operator_2 to 2024-12-23 00:00:00+00:00, run_after=2024-12-24 00:00:00+00:00
[2024-12-24T19:07:06.286+0000] {logging_mixin.py:190} INFO - [2024-12-24T19:07:06.286+0000] {dag.py:4180} INFO - Setting next_dagrun for example_branch_datetime_operator_3 to 2024-12-23 00:00:00+00:00, run_after=2024-12-24 00:00:00+00:00
[2024-12-24T19:07:06.317+0000] {processor.py:208} INFO - Processing /home/airflow/.local/lib/python3.12/site-packages/airflow/example_dags/example_branch_datetime_operator.py took 0.160 seconds
[2024-12-24T19:07:37.641+0000] {processor.py:186} INFO - Started process (PID=2201) to work on /home/airflow/.local/lib/python3.12/site-packages/airflow/example_dags/example_branch_datetime_operator.py
[2024-12-24T19:07:37.643+0000] {processor.py:914} INFO - Processing file /home/airflow/.local/lib/python3.12/site-packages/airflow/example_dags/example_branch_datetime_operator.py for tasks to queue
[2024-12-24T19:07:37.648+0000] {logging_mixin.py:190} INFO - [2024-12-24T19:07:37.647+0000] {dagbag.py:588} INFO - Filling up the DagBag from /home/airflow/.local/lib/python3.12/site-packages/airflow/example_dags/example_branch_datetime_operator.py
[2024-12-24T19:07:37.670+0000] {processor.py:925} INFO - DAG(s) 'example_branch_datetime_operator_3', 'example_branch_datetime_operator', 'example_branch_datetime_operator_2' retrieved from /home/airflow/.local/lib/python3.12/site-packages/airflow/example_dags/example_branch_datetime_operator.py
[2024-12-24T19:07:37.708+0000] {logging_mixin.py:190} INFO - [2024-12-24T19:07:37.708+0000] {dag.py:3239} INFO - Sync 3 DAGs
[2024-12-24T19:07:37.736+0000] {logging_mixin.py:190} INFO - [2024-12-24T19:07:37.735+0000] {dag.py:4180} INFO - Setting next_dagrun for example_branch_datetime_operator to 2024-12-23 00:00:00+00:00, run_after=2024-12-24 00:00:00+00:00
[2024-12-24T19:07:37.741+0000] {logging_mixin.py:190} INFO - [2024-12-24T19:07:37.741+0000] {dag.py:4180} INFO - Setting next_dagrun for example_branch_datetime_operator_2 to 2024-12-23 00:00:00+00:00, run_after=2024-12-24 00:00:00+00:00
[2024-12-24T19:07:37.744+0000] {logging_mixin.py:190} INFO - [2024-12-24T19:07:37.744+0000] {dag.py:4180} INFO - Setting next_dagrun for example_branch_datetime_operator_3 to 2024-12-23 00:00:00+00:00, run_after=2024-12-24 00:00:00+00:00
[2024-12-24T19:07:37.767+0000] {processor.py:208} INFO - Processing /home/airflow/.local/lib/python3.12/site-packages/airflow/example_dags/example_branch_datetime_operator.py took 0.138 seconds
[2024-12-24T19:08:08.373+0000] {processor.py:186} INFO - Started process (PID=2264) to work on /home/airflow/.local/lib/python3.12/site-packages/airflow/example_dags/example_branch_datetime_operator.py
[2024-12-24T19:08:08.374+0000] {processor.py:914} INFO - Processing file /home/airflow/.local/lib/python3.12/site-packages/airflow/example_dags/example_branch_datetime_operator.py for tasks to queue
[2024-12-24T19:08:08.377+0000] {logging_mixin.py:190} INFO - [2024-12-24T19:08:08.376+0000] {dagbag.py:588} INFO - Filling up the DagBag from /home/airflow/.local/lib/python3.12/site-packages/airflow/example_dags/example_branch_datetime_operator.py
[2024-12-24T19:08:08.389+0000] {processor.py:925} INFO - DAG(s) 'example_branch_datetime_operator_3', 'example_branch_datetime_operator_2', 'example_branch_datetime_operator' retrieved from /home/airflow/.local/lib/python3.12/site-packages/airflow/example_dags/example_branch_datetime_operator.py
[2024-12-24T19:08:08.418+0000] {logging_mixin.py:190} INFO - [2024-12-24T19:08:08.418+0000] {dag.py:3239} INFO - Sync 3 DAGs
[2024-12-24T19:08:08.450+0000] {logging_mixin.py:190} INFO - [2024-12-24T19:08:08.450+0000] {dag.py:4180} INFO - Setting next_dagrun for example_branch_datetime_operator to 2024-12-23 00:00:00+00:00, run_after=2024-12-24 00:00:00+00:00
[2024-12-24T19:08:08.456+0000] {logging_mixin.py:190} INFO - [2024-12-24T19:08:08.455+0000] {dag.py:4180} INFO - Setting next_dagrun for example_branch_datetime_operator_2 to 2024-12-23 00:00:00+00:00, run_after=2024-12-24 00:00:00+00:00
[2024-12-24T19:08:08.459+0000] {logging_mixin.py:190} INFO - [2024-12-24T19:08:08.458+0000] {dag.py:4180} INFO - Setting next_dagrun for example_branch_datetime_operator_3 to 2024-12-23 00:00:00+00:00, run_after=2024-12-24 00:00:00+00:00
[2024-12-24T19:08:08.482+0000] {processor.py:208} INFO - Processing /home/airflow/.local/lib/python3.12/site-packages/airflow/example_dags/example_branch_datetime_operator.py took 0.115 seconds
[2024-12-24T19:08:39.126+0000] {processor.py:186} INFO - Started process (PID=2327) to work on /home/airflow/.local/lib/python3.12/site-packages/airflow/example_dags/example_branch_datetime_operator.py
[2024-12-24T19:08:39.127+0000] {processor.py:914} INFO - Processing file /home/airflow/.local/lib/python3.12/site-packages/airflow/example_dags/example_branch_datetime_operator.py for tasks to queue
[2024-12-24T19:08:39.130+0000] {logging_mixin.py:190} INFO - [2024-12-24T19:08:39.130+0000] {dagbag.py:588} INFO - Filling up the DagBag from /home/airflow/.local/lib/python3.12/site-packages/airflow/example_dags/example_branch_datetime_operator.py
[2024-12-24T19:08:39.142+0000] {processor.py:925} INFO - DAG(s) 'example_branch_datetime_operator', 'example_branch_datetime_operator_3', 'example_branch_datetime_operator_2' retrieved from /home/airflow/.local/lib/python3.12/site-packages/airflow/example_dags/example_branch_datetime_operator.py
[2024-12-24T19:08:39.176+0000] {logging_mixin.py:190} INFO - [2024-12-24T19:08:39.175+0000] {dag.py:3239} INFO - Sync 3 DAGs
[2024-12-24T19:08:39.205+0000] {logging_mixin.py:190} INFO - [2024-12-24T19:08:39.204+0000] {dag.py:4180} INFO - Setting next_dagrun for example_branch_datetime_operator to 2024-12-23 00:00:00+00:00, run_after=2024-12-24 00:00:00+00:00
[2024-12-24T19:08:39.211+0000] {logging_mixin.py:190} INFO - [2024-12-24T19:08:39.210+0000] {dag.py:4180} INFO - Setting next_dagrun for example_branch_datetime_operator_2 to 2024-12-23 00:00:00+00:00, run_after=2024-12-24 00:00:00+00:00
[2024-12-24T19:08:39.214+0000] {logging_mixin.py:190} INFO - [2024-12-24T19:08:39.214+0000] {dag.py:4180} INFO - Setting next_dagrun for example_branch_datetime_operator_3 to 2024-12-23 00:00:00+00:00, run_after=2024-12-24 00:00:00+00:00
[2024-12-24T19:08:39.236+0000] {processor.py:208} INFO - Processing /home/airflow/.local/lib/python3.12/site-packages/airflow/example_dags/example_branch_datetime_operator.py took 0.116 seconds
