[2024-12-24T18:50:33.760+0000] {processor.py:186} INFO - Started process (PID=109) to work on /home/airflow/.local/lib/python3.12/site-packages/airflow/example_dags/example_inlet_event_extra.py
[2024-12-24T18:50:33.761+0000] {processor.py:914} INFO - Processing file /home/airflow/.local/lib/python3.12/site-packages/airflow/example_dags/example_inlet_event_extra.py for tasks to queue
[2024-12-24T18:50:33.764+0000] {logging_mixin.py:190} INFO - [2024-12-24T18:50:33.764+0000] {dagbag.py:588} INFO - Filling up the DagBag from /home/airflow/.local/lib/python3.12/site-packages/airflow/example_dags/example_inlet_event_extra.py
[2024-12-24T18:50:34.583+0000] {processor.py:925} INFO - DAG(s) 'read_dataset_event_from_classic', 'read_dataset_event' retrieved from /home/airflow/.local/lib/python3.12/site-packages/airflow/example_dags/example_inlet_event_extra.py
[2024-12-24T18:50:34.630+0000] {logging_mixin.py:190} INFO - [2024-12-24T18:50:34.630+0000] {dag.py:3239} INFO - Sync 2 DAGs
[2024-12-24T18:50:34.672+0000] {logging_mixin.py:190} INFO - [2024-12-24T18:50:34.672+0000] {dag.py:4180} INFO - Setting next_dagrun for read_dataset_event to 2024-12-23 00:00:00+00:00, run_after=2024-12-24 00:00:00+00:00
[2024-12-24T18:50:34.681+0000] {logging_mixin.py:190} INFO - [2024-12-24T18:50:34.680+0000] {dag.py:4180} INFO - Setting next_dagrun for read_dataset_event_from_classic to 2024-12-23 00:00:00+00:00, run_after=2024-12-24 00:00:00+00:00
[2024-12-24T18:50:34.714+0000] {processor.py:208} INFO - Processing /home/airflow/.local/lib/python3.12/site-packages/airflow/example_dags/example_inlet_event_extra.py took 0.960 seconds
[2024-12-24T18:51:05.287+0000] {processor.py:186} INFO - Started process (PID=172) to work on /home/airflow/.local/lib/python3.12/site-packages/airflow/example_dags/example_inlet_event_extra.py
[2024-12-24T18:51:05.290+0000] {processor.py:914} INFO - Processing file /home/airflow/.local/lib/python3.12/site-packages/airflow/example_dags/example_inlet_event_extra.py for tasks to queue
[2024-12-24T18:51:05.295+0000] {logging_mixin.py:190} INFO - [2024-12-24T18:51:05.294+0000] {dagbag.py:588} INFO - Filling up the DagBag from /home/airflow/.local/lib/python3.12/site-packages/airflow/example_dags/example_inlet_event_extra.py
[2024-12-24T18:51:06.051+0000] {processor.py:925} INFO - DAG(s) 'read_dataset_event', 'read_dataset_event_from_classic' retrieved from /home/airflow/.local/lib/python3.12/site-packages/airflow/example_dags/example_inlet_event_extra.py
[2024-12-24T18:51:06.079+0000] {logging_mixin.py:190} INFO - [2024-12-24T18:51:06.079+0000] {dag.py:3239} INFO - Sync 2 DAGs
[2024-12-24T18:51:06.105+0000] {logging_mixin.py:190} INFO - [2024-12-24T18:51:06.105+0000] {dag.py:4180} INFO - Setting next_dagrun for read_dataset_event to 2024-12-23 00:00:00+00:00, run_after=2024-12-24 00:00:00+00:00
[2024-12-24T18:51:06.113+0000] {logging_mixin.py:190} INFO - [2024-12-24T18:51:06.113+0000] {dag.py:4180} INFO - Setting next_dagrun for read_dataset_event_from_classic to 2024-12-23 00:00:00+00:00, run_after=2024-12-24 00:00:00+00:00
[2024-12-24T18:51:06.136+0000] {processor.py:208} INFO - Processing /home/airflow/.local/lib/python3.12/site-packages/airflow/example_dags/example_inlet_event_extra.py took 0.860 seconds
[2024-12-24T18:51:36.356+0000] {processor.py:186} INFO - Started process (PID=236) to work on /home/airflow/.local/lib/python3.12/site-packages/airflow/example_dags/example_inlet_event_extra.py
[2024-12-24T18:51:36.358+0000] {processor.py:914} INFO - Processing file /home/airflow/.local/lib/python3.12/site-packages/airflow/example_dags/example_inlet_event_extra.py for tasks to queue
[2024-12-24T18:51:36.362+0000] {logging_mixin.py:190} INFO - [2024-12-24T18:51:36.361+0000] {dagbag.py:588} INFO - Filling up the DagBag from /home/airflow/.local/lib/python3.12/site-packages/airflow/example_dags/example_inlet_event_extra.py
[2024-12-24T18:51:37.115+0000] {processor.py:925} INFO - DAG(s) 'read_dataset_event_from_classic', 'read_dataset_event' retrieved from /home/airflow/.local/lib/python3.12/site-packages/airflow/example_dags/example_inlet_event_extra.py
[2024-12-24T18:51:37.143+0000] {logging_mixin.py:190} INFO - [2024-12-24T18:51:37.143+0000] {dag.py:3239} INFO - Sync 2 DAGs
[2024-12-24T18:51:37.174+0000] {logging_mixin.py:190} INFO - [2024-12-24T18:51:37.174+0000] {dag.py:4180} INFO - Setting next_dagrun for read_dataset_event to 2024-12-23 00:00:00+00:00, run_after=2024-12-24 00:00:00+00:00
[2024-12-24T18:51:37.182+0000] {logging_mixin.py:190} INFO - [2024-12-24T18:51:37.181+0000] {dag.py:4180} INFO - Setting next_dagrun for read_dataset_event_from_classic to 2024-12-23 00:00:00+00:00, run_after=2024-12-24 00:00:00+00:00
[2024-12-24T18:51:37.208+0000] {processor.py:208} INFO - Processing /home/airflow/.local/lib/python3.12/site-packages/airflow/example_dags/example_inlet_event_extra.py took 0.859 seconds
[2024-12-24T18:52:07.356+0000] {processor.py:186} INFO - Started process (PID=305) to work on /home/airflow/.local/lib/python3.12/site-packages/airflow/example_dags/example_inlet_event_extra.py
[2024-12-24T18:52:07.358+0000] {processor.py:914} INFO - Processing file /home/airflow/.local/lib/python3.12/site-packages/airflow/example_dags/example_inlet_event_extra.py for tasks to queue
[2024-12-24T18:52:07.361+0000] {logging_mixin.py:190} INFO - [2024-12-24T18:52:07.360+0000] {dagbag.py:588} INFO - Filling up the DagBag from /home/airflow/.local/lib/python3.12/site-packages/airflow/example_dags/example_inlet_event_extra.py
[2024-12-24T18:52:08.000+0000] {processor.py:925} INFO - DAG(s) 'read_dataset_event', 'read_dataset_event_from_classic' retrieved from /home/airflow/.local/lib/python3.12/site-packages/airflow/example_dags/example_inlet_event_extra.py
[2024-12-24T18:52:08.030+0000] {logging_mixin.py:190} INFO - [2024-12-24T18:52:08.029+0000] {dag.py:3239} INFO - Sync 2 DAGs
[2024-12-24T18:52:08.064+0000] {logging_mixin.py:190} INFO - [2024-12-24T18:52:08.064+0000] {dag.py:4180} INFO - Setting next_dagrun for read_dataset_event to 2024-12-23 00:00:00+00:00, run_after=2024-12-24 00:00:00+00:00
[2024-12-24T18:52:08.072+0000] {logging_mixin.py:190} INFO - [2024-12-24T18:52:08.071+0000] {dag.py:4180} INFO - Setting next_dagrun for read_dataset_event_from_classic to 2024-12-23 00:00:00+00:00, run_after=2024-12-24 00:00:00+00:00
[2024-12-24T18:52:08.093+0000] {processor.py:208} INFO - Processing /home/airflow/.local/lib/python3.12/site-packages/airflow/example_dags/example_inlet_event_extra.py took 0.744 seconds
[2024-12-24T18:52:38.592+0000] {processor.py:186} INFO - Started process (PID=365) to work on /home/airflow/.local/lib/python3.12/site-packages/airflow/example_dags/example_inlet_event_extra.py
[2024-12-24T18:52:38.594+0000] {processor.py:914} INFO - Processing file /home/airflow/.local/lib/python3.12/site-packages/airflow/example_dags/example_inlet_event_extra.py for tasks to queue
[2024-12-24T18:52:38.596+0000] {logging_mixin.py:190} INFO - [2024-12-24T18:52:38.596+0000] {dagbag.py:588} INFO - Filling up the DagBag from /home/airflow/.local/lib/python3.12/site-packages/airflow/example_dags/example_inlet_event_extra.py
[2024-12-24T18:52:39.260+0000] {processor.py:925} INFO - DAG(s) 'read_dataset_event', 'read_dataset_event_from_classic' retrieved from /home/airflow/.local/lib/python3.12/site-packages/airflow/example_dags/example_inlet_event_extra.py
[2024-12-24T18:52:39.289+0000] {logging_mixin.py:190} INFO - [2024-12-24T18:52:39.289+0000] {dag.py:3239} INFO - Sync 2 DAGs
[2024-12-24T18:52:39.323+0000] {logging_mixin.py:190} INFO - [2024-12-24T18:52:39.323+0000] {dag.py:4180} INFO - Setting next_dagrun for read_dataset_event to 2024-12-23 00:00:00+00:00, run_after=2024-12-24 00:00:00+00:00
[2024-12-24T18:52:39.330+0000] {logging_mixin.py:190} INFO - [2024-12-24T18:52:39.329+0000] {dag.py:4180} INFO - Setting next_dagrun for read_dataset_event_from_classic to 2024-12-23 00:00:00+00:00, run_after=2024-12-24 00:00:00+00:00
[2024-12-24T18:52:39.362+0000] {processor.py:208} INFO - Processing /home/airflow/.local/lib/python3.12/site-packages/airflow/example_dags/example_inlet_event_extra.py took 0.776 seconds
[2024-12-24T18:53:09.723+0000] {processor.py:186} INFO - Started process (PID=429) to work on /home/airflow/.local/lib/python3.12/site-packages/airflow/example_dags/example_inlet_event_extra.py
[2024-12-24T18:53:09.724+0000] {processor.py:914} INFO - Processing file /home/airflow/.local/lib/python3.12/site-packages/airflow/example_dags/example_inlet_event_extra.py for tasks to queue
[2024-12-24T18:53:09.726+0000] {logging_mixin.py:190} INFO - [2024-12-24T18:53:09.726+0000] {dagbag.py:588} INFO - Filling up the DagBag from /home/airflow/.local/lib/python3.12/site-packages/airflow/example_dags/example_inlet_event_extra.py
[2024-12-24T18:53:10.375+0000] {processor.py:925} INFO - DAG(s) 'read_dataset_event', 'read_dataset_event_from_classic' retrieved from /home/airflow/.local/lib/python3.12/site-packages/airflow/example_dags/example_inlet_event_extra.py
[2024-12-24T18:53:10.399+0000] {logging_mixin.py:190} INFO - [2024-12-24T18:53:10.398+0000] {dag.py:3239} INFO - Sync 2 DAGs
[2024-12-24T18:53:10.429+0000] {logging_mixin.py:190} INFO - [2024-12-24T18:53:10.429+0000] {dag.py:4180} INFO - Setting next_dagrun for read_dataset_event to 2024-12-23 00:00:00+00:00, run_after=2024-12-24 00:00:00+00:00
[2024-12-24T18:53:10.437+0000] {logging_mixin.py:190} INFO - [2024-12-24T18:53:10.436+0000] {dag.py:4180} INFO - Setting next_dagrun for read_dataset_event_from_classic to 2024-12-23 00:00:00+00:00, run_after=2024-12-24 00:00:00+00:00
[2024-12-24T18:53:10.460+0000] {processor.py:208} INFO - Processing /home/airflow/.local/lib/python3.12/site-packages/airflow/example_dags/example_inlet_event_extra.py took 0.743 seconds
[2024-12-24T18:53:42.074+0000] {processor.py:186} INFO - Started process (PID=489) to work on /home/airflow/.local/lib/python3.12/site-packages/airflow/example_dags/example_inlet_event_extra.py
[2024-12-24T18:53:42.076+0000] {processor.py:914} INFO - Processing file /home/airflow/.local/lib/python3.12/site-packages/airflow/example_dags/example_inlet_event_extra.py for tasks to queue
[2024-12-24T18:53:42.078+0000] {logging_mixin.py:190} INFO - [2024-12-24T18:53:42.078+0000] {dagbag.py:588} INFO - Filling up the DagBag from /home/airflow/.local/lib/python3.12/site-packages/airflow/example_dags/example_inlet_event_extra.py
[2024-12-24T18:53:42.682+0000] {processor.py:925} INFO - DAG(s) 'read_dataset_event_from_classic', 'read_dataset_event' retrieved from /home/airflow/.local/lib/python3.12/site-packages/airflow/example_dags/example_inlet_event_extra.py
[2024-12-24T18:53:42.705+0000] {logging_mixin.py:190} INFO - [2024-12-24T18:53:42.705+0000] {dag.py:3239} INFO - Sync 2 DAGs
[2024-12-24T18:53:42.736+0000] {logging_mixin.py:190} INFO - [2024-12-24T18:53:42.736+0000] {dag.py:4180} INFO - Setting next_dagrun for read_dataset_event to 2024-12-23 00:00:00+00:00, run_after=2024-12-24 00:00:00+00:00
[2024-12-24T18:53:42.742+0000] {logging_mixin.py:190} INFO - [2024-12-24T18:53:42.741+0000] {dag.py:4180} INFO - Setting next_dagrun for read_dataset_event_from_classic to 2024-12-23 00:00:00+00:00, run_after=2024-12-24 00:00:00+00:00
[2024-12-24T18:53:42.763+0000] {processor.py:208} INFO - Processing /home/airflow/.local/lib/python3.12/site-packages/airflow/example_dags/example_inlet_event_extra.py took 0.696 seconds
[2024-12-24T18:54:13.421+0000] {processor.py:186} INFO - Started process (PID=551) to work on /home/airflow/.local/lib/python3.12/site-packages/airflow/example_dags/example_inlet_event_extra.py
[2024-12-24T18:54:13.422+0000] {processor.py:914} INFO - Processing file /home/airflow/.local/lib/python3.12/site-packages/airflow/example_dags/example_inlet_event_extra.py for tasks to queue
[2024-12-24T18:54:13.424+0000] {logging_mixin.py:190} INFO - [2024-12-24T18:54:13.424+0000] {dagbag.py:588} INFO - Filling up the DagBag from /home/airflow/.local/lib/python3.12/site-packages/airflow/example_dags/example_inlet_event_extra.py
[2024-12-24T18:54:14.073+0000] {processor.py:925} INFO - DAG(s) 'read_dataset_event', 'read_dataset_event_from_classic' retrieved from /home/airflow/.local/lib/python3.12/site-packages/airflow/example_dags/example_inlet_event_extra.py
[2024-12-24T18:54:14.102+0000] {logging_mixin.py:190} INFO - [2024-12-24T18:54:14.101+0000] {dag.py:3239} INFO - Sync 2 DAGs
[2024-12-24T18:54:14.131+0000] {logging_mixin.py:190} INFO - [2024-12-24T18:54:14.130+0000] {dag.py:4180} INFO - Setting next_dagrun for read_dataset_event to 2024-12-23 00:00:00+00:00, run_after=2024-12-24 00:00:00+00:00
[2024-12-24T18:54:14.140+0000] {logging_mixin.py:190} INFO - [2024-12-24T18:54:14.139+0000] {dag.py:4180} INFO - Setting next_dagrun for read_dataset_event_from_classic to 2024-12-23 00:00:00+00:00, run_after=2024-12-24 00:00:00+00:00
[2024-12-24T18:54:14.164+0000] {processor.py:208} INFO - Processing /home/airflow/.local/lib/python3.12/site-packages/airflow/example_dags/example_inlet_event_extra.py took 0.749 seconds
[2024-12-24T18:54:44.956+0000] {processor.py:186} INFO - Started process (PID=614) to work on /home/airflow/.local/lib/python3.12/site-packages/airflow/example_dags/example_inlet_event_extra.py
[2024-12-24T18:54:44.957+0000] {processor.py:914} INFO - Processing file /home/airflow/.local/lib/python3.12/site-packages/airflow/example_dags/example_inlet_event_extra.py for tasks to queue
[2024-12-24T18:54:44.963+0000] {logging_mixin.py:190} INFO - [2024-12-24T18:54:44.962+0000] {dagbag.py:588} INFO - Filling up the DagBag from /home/airflow/.local/lib/python3.12/site-packages/airflow/example_dags/example_inlet_event_extra.py
[2024-12-24T18:54:45.747+0000] {processor.py:925} INFO - DAG(s) 'read_dataset_event_from_classic', 'read_dataset_event' retrieved from /home/airflow/.local/lib/python3.12/site-packages/airflow/example_dags/example_inlet_event_extra.py
[2024-12-24T18:54:45.783+0000] {logging_mixin.py:190} INFO - [2024-12-24T18:54:45.783+0000] {dag.py:3239} INFO - Sync 2 DAGs
[2024-12-24T18:54:45.820+0000] {logging_mixin.py:190} INFO - [2024-12-24T18:54:45.820+0000] {dag.py:4180} INFO - Setting next_dagrun for read_dataset_event to 2024-12-23 00:00:00+00:00, run_after=2024-12-24 00:00:00+00:00
[2024-12-24T18:54:45.828+0000] {logging_mixin.py:190} INFO - [2024-12-24T18:54:45.828+0000] {dag.py:4180} INFO - Setting next_dagrun for read_dataset_event_from_classic to 2024-12-23 00:00:00+00:00, run_after=2024-12-24 00:00:00+00:00
[2024-12-24T18:54:45.860+0000] {processor.py:208} INFO - Processing /home/airflow/.local/lib/python3.12/site-packages/airflow/example_dags/example_inlet_event_extra.py took 0.912 seconds
[2024-12-24T18:55:16.342+0000] {processor.py:186} INFO - Started process (PID=677) to work on /home/airflow/.local/lib/python3.12/site-packages/airflow/example_dags/example_inlet_event_extra.py
[2024-12-24T18:55:16.344+0000] {processor.py:914} INFO - Processing file /home/airflow/.local/lib/python3.12/site-packages/airflow/example_dags/example_inlet_event_extra.py for tasks to queue
[2024-12-24T18:55:16.349+0000] {logging_mixin.py:190} INFO - [2024-12-24T18:55:16.348+0000] {dagbag.py:588} INFO - Filling up the DagBag from /home/airflow/.local/lib/python3.12/site-packages/airflow/example_dags/example_inlet_event_extra.py
[2024-12-24T18:55:17.239+0000] {processor.py:925} INFO - DAG(s) 'read_dataset_event_from_classic', 'read_dataset_event' retrieved from /home/airflow/.local/lib/python3.12/site-packages/airflow/example_dags/example_inlet_event_extra.py
[2024-12-24T18:55:17.274+0000] {logging_mixin.py:190} INFO - [2024-12-24T18:55:17.273+0000] {dag.py:3239} INFO - Sync 2 DAGs
[2024-12-24T18:55:17.312+0000] {logging_mixin.py:190} INFO - [2024-12-24T18:55:17.312+0000] {dag.py:4180} INFO - Setting next_dagrun for read_dataset_event to 2024-12-23 00:00:00+00:00, run_after=2024-12-24 00:00:00+00:00
[2024-12-24T18:55:17.322+0000] {logging_mixin.py:190} INFO - [2024-12-24T18:55:17.322+0000] {dag.py:4180} INFO - Setting next_dagrun for read_dataset_event_from_classic to 2024-12-23 00:00:00+00:00, run_after=2024-12-24 00:00:00+00:00
[2024-12-24T18:55:17.356+0000] {processor.py:208} INFO - Processing /home/airflow/.local/lib/python3.12/site-packages/airflow/example_dags/example_inlet_event_extra.py took 1.021 seconds
[2024-12-24T18:55:47.464+0000] {processor.py:186} INFO - Started process (PID=746) to work on /home/airflow/.local/lib/python3.12/site-packages/airflow/example_dags/example_inlet_event_extra.py
[2024-12-24T18:55:47.466+0000] {processor.py:914} INFO - Processing file /home/airflow/.local/lib/python3.12/site-packages/airflow/example_dags/example_inlet_event_extra.py for tasks to queue
[2024-12-24T18:55:47.468+0000] {logging_mixin.py:190} INFO - [2024-12-24T18:55:47.468+0000] {dagbag.py:588} INFO - Filling up the DagBag from /home/airflow/.local/lib/python3.12/site-packages/airflow/example_dags/example_inlet_event_extra.py
[2024-12-24T18:55:48.104+0000] {processor.py:925} INFO - DAG(s) 'read_dataset_event', 'read_dataset_event_from_classic' retrieved from /home/airflow/.local/lib/python3.12/site-packages/airflow/example_dags/example_inlet_event_extra.py
[2024-12-24T18:55:48.127+0000] {logging_mixin.py:190} INFO - [2024-12-24T18:55:48.127+0000] {dag.py:3239} INFO - Sync 2 DAGs
[2024-12-24T18:55:48.155+0000] {logging_mixin.py:190} INFO - [2024-12-24T18:55:48.155+0000] {dag.py:4180} INFO - Setting next_dagrun for read_dataset_event to 2024-12-23 00:00:00+00:00, run_after=2024-12-24 00:00:00+00:00
[2024-12-24T18:55:48.161+0000] {logging_mixin.py:190} INFO - [2024-12-24T18:55:48.161+0000] {dag.py:4180} INFO - Setting next_dagrun for read_dataset_event_from_classic to 2024-12-23 00:00:00+00:00, run_after=2024-12-24 00:00:00+00:00
[2024-12-24T18:55:48.181+0000] {processor.py:208} INFO - Processing /home/airflow/.local/lib/python3.12/site-packages/airflow/example_dags/example_inlet_event_extra.py took 0.723 seconds
[2024-12-24T18:56:19.771+0000] {processor.py:186} INFO - Started process (PID=809) to work on /home/airflow/.local/lib/python3.12/site-packages/airflow/example_dags/example_inlet_event_extra.py
[2024-12-24T18:56:19.774+0000] {processor.py:914} INFO - Processing file /home/airflow/.local/lib/python3.12/site-packages/airflow/example_dags/example_inlet_event_extra.py for tasks to queue
[2024-12-24T18:56:19.778+0000] {logging_mixin.py:190} INFO - [2024-12-24T18:56:19.777+0000] {dagbag.py:588} INFO - Filling up the DagBag from /home/airflow/.local/lib/python3.12/site-packages/airflow/example_dags/example_inlet_event_extra.py
[2024-12-24T18:56:20.569+0000] {processor.py:925} INFO - DAG(s) 'read_dataset_event_from_classic', 'read_dataset_event' retrieved from /home/airflow/.local/lib/python3.12/site-packages/airflow/example_dags/example_inlet_event_extra.py
[2024-12-24T18:56:20.598+0000] {logging_mixin.py:190} INFO - [2024-12-24T18:56:20.598+0000] {dag.py:3239} INFO - Sync 2 DAGs
[2024-12-24T18:56:20.635+0000] {logging_mixin.py:190} INFO - [2024-12-24T18:56:20.635+0000] {dag.py:4180} INFO - Setting next_dagrun for read_dataset_event to 2024-12-23 00:00:00+00:00, run_after=2024-12-24 00:00:00+00:00
[2024-12-24T18:56:20.643+0000] {logging_mixin.py:190} INFO - [2024-12-24T18:56:20.643+0000] {dag.py:4180} INFO - Setting next_dagrun for read_dataset_event_from_classic to 2024-12-23 00:00:00+00:00, run_after=2024-12-24 00:00:00+00:00
[2024-12-24T18:56:20.677+0000] {processor.py:208} INFO - Processing /home/airflow/.local/lib/python3.12/site-packages/airflow/example_dags/example_inlet_event_extra.py took 0.916 seconds
[2024-12-24T18:56:51.034+0000] {processor.py:186} INFO - Started process (PID=875) to work on /home/airflow/.local/lib/python3.12/site-packages/airflow/example_dags/example_inlet_event_extra.py
[2024-12-24T18:56:51.035+0000] {processor.py:914} INFO - Processing file /home/airflow/.local/lib/python3.12/site-packages/airflow/example_dags/example_inlet_event_extra.py for tasks to queue
[2024-12-24T18:56:51.040+0000] {logging_mixin.py:190} INFO - [2024-12-24T18:56:51.039+0000] {dagbag.py:588} INFO - Filling up the DagBag from /home/airflow/.local/lib/python3.12/site-packages/airflow/example_dags/example_inlet_event_extra.py
[2024-12-24T18:56:51.891+0000] {processor.py:925} INFO - DAG(s) 'read_dataset_event_from_classic', 'read_dataset_event' retrieved from /home/airflow/.local/lib/python3.12/site-packages/airflow/example_dags/example_inlet_event_extra.py
[2024-12-24T18:56:51.928+0000] {logging_mixin.py:190} INFO - [2024-12-24T18:56:51.927+0000] {dag.py:3239} INFO - Sync 2 DAGs
[2024-12-24T18:56:51.959+0000] {logging_mixin.py:190} INFO - [2024-12-24T18:56:51.959+0000] {dag.py:4180} INFO - Setting next_dagrun for read_dataset_event to 2024-12-23 00:00:00+00:00, run_after=2024-12-24 00:00:00+00:00
[2024-12-24T18:56:51.967+0000] {logging_mixin.py:190} INFO - [2024-12-24T18:56:51.966+0000] {dag.py:4180} INFO - Setting next_dagrun for read_dataset_event_from_classic to 2024-12-23 00:00:00+00:00, run_after=2024-12-24 00:00:00+00:00
[2024-12-24T18:56:52.010+0000] {processor.py:208} INFO - Processing /home/airflow/.local/lib/python3.12/site-packages/airflow/example_dags/example_inlet_event_extra.py took 0.984 seconds
[2024-12-24T18:57:22.597+0000] {processor.py:186} INFO - Started process (PID=941) to work on /home/airflow/.local/lib/python3.12/site-packages/airflow/example_dags/example_inlet_event_extra.py
[2024-12-24T18:57:22.598+0000] {processor.py:914} INFO - Processing file /home/airflow/.local/lib/python3.12/site-packages/airflow/example_dags/example_inlet_event_extra.py for tasks to queue
[2024-12-24T18:57:22.601+0000] {logging_mixin.py:190} INFO - [2024-12-24T18:57:22.601+0000] {dagbag.py:588} INFO - Filling up the DagBag from /home/airflow/.local/lib/python3.12/site-packages/airflow/example_dags/example_inlet_event_extra.py
[2024-12-24T18:57:22.337+0000] {processor.py:925} INFO - DAG(s) 'read_dataset_event', 'read_dataset_event_from_classic' retrieved from /home/airflow/.local/lib/python3.12/site-packages/airflow/example_dags/example_inlet_event_extra.py
[2024-12-24T18:57:22.405+0000] {logging_mixin.py:190} INFO - [2024-12-24T18:57:22.405+0000] {dag.py:3239} INFO - Sync 2 DAGs
[2024-12-24T18:57:22.447+0000] {logging_mixin.py:190} INFO - [2024-12-24T18:57:22.447+0000] {dag.py:4180} INFO - Setting next_dagrun for read_dataset_event to 2024-12-23 00:00:00+00:00, run_after=2024-12-24 00:00:00+00:00
[2024-12-24T18:57:22.454+0000] {logging_mixin.py:190} INFO - [2024-12-24T18:57:22.453+0000] {dag.py:4180} INFO - Setting next_dagrun for read_dataset_event_from_classic to 2024-12-23 00:00:00+00:00, run_after=2024-12-24 00:00:00+00:00
[2024-12-24T18:57:22.476+0000] {processor.py:208} INFO - Processing /home/airflow/.local/lib/python3.12/site-packages/airflow/example_dags/example_inlet_event_extra.py took 0.827 seconds
[2024-12-24T18:57:52.790+0000] {processor.py:186} INFO - Started process (PID=1004) to work on /home/airflow/.local/lib/python3.12/site-packages/airflow/example_dags/example_inlet_event_extra.py
[2024-12-24T18:57:52.792+0000] {processor.py:914} INFO - Processing file /home/airflow/.local/lib/python3.12/site-packages/airflow/example_dags/example_inlet_event_extra.py for tasks to queue
[2024-12-24T18:57:52.794+0000] {logging_mixin.py:190} INFO - [2024-12-24T18:57:52.794+0000] {dagbag.py:588} INFO - Filling up the DagBag from /home/airflow/.local/lib/python3.12/site-packages/airflow/example_dags/example_inlet_event_extra.py
[2024-12-24T18:57:53.414+0000] {processor.py:925} INFO - DAG(s) 'read_dataset_event_from_classic', 'read_dataset_event' retrieved from /home/airflow/.local/lib/python3.12/site-packages/airflow/example_dags/example_inlet_event_extra.py
[2024-12-24T18:57:53.441+0000] {logging_mixin.py:190} INFO - [2024-12-24T18:57:53.441+0000] {dag.py:3239} INFO - Sync 2 DAGs
[2024-12-24T18:57:53.471+0000] {logging_mixin.py:190} INFO - [2024-12-24T18:57:53.470+0000] {dag.py:4180} INFO - Setting next_dagrun for read_dataset_event to 2024-12-23 00:00:00+00:00, run_after=2024-12-24 00:00:00+00:00
[2024-12-24T18:57:53.477+0000] {logging_mixin.py:190} INFO - [2024-12-24T18:57:53.477+0000] {dag.py:4180} INFO - Setting next_dagrun for read_dataset_event_from_classic to 2024-12-23 00:00:00+00:00, run_after=2024-12-24 00:00:00+00:00
[2024-12-24T18:57:53.501+0000] {processor.py:208} INFO - Processing /home/airflow/.local/lib/python3.12/site-packages/airflow/example_dags/example_inlet_event_extra.py took 0.716 seconds
[2024-12-24T18:58:23.942+0000] {processor.py:186} INFO - Started process (PID=1067) to work on /home/airflow/.local/lib/python3.12/site-packages/airflow/example_dags/example_inlet_event_extra.py
[2024-12-24T18:58:23.943+0000] {processor.py:914} INFO - Processing file /home/airflow/.local/lib/python3.12/site-packages/airflow/example_dags/example_inlet_event_extra.py for tasks to queue
[2024-12-24T18:58:23.946+0000] {logging_mixin.py:190} INFO - [2024-12-24T18:58:23.946+0000] {dagbag.py:588} INFO - Filling up the DagBag from /home/airflow/.local/lib/python3.12/site-packages/airflow/example_dags/example_inlet_event_extra.py
[2024-12-24T18:58:24.557+0000] {processor.py:925} INFO - DAG(s) 'read_dataset_event_from_classic', 'read_dataset_event' retrieved from /home/airflow/.local/lib/python3.12/site-packages/airflow/example_dags/example_inlet_event_extra.py
[2024-12-24T18:58:24.584+0000] {logging_mixin.py:190} INFO - [2024-12-24T18:58:24.584+0000] {dag.py:3239} INFO - Sync 2 DAGs
[2024-12-24T18:58:24.618+0000] {logging_mixin.py:190} INFO - [2024-12-24T18:58:24.617+0000] {dag.py:4180} INFO - Setting next_dagrun for read_dataset_event to 2024-12-23 00:00:00+00:00, run_after=2024-12-24 00:00:00+00:00
[2024-12-24T18:58:24.623+0000] {logging_mixin.py:190} INFO - [2024-12-24T18:58:24.623+0000] {dag.py:4180} INFO - Setting next_dagrun for read_dataset_event_from_classic to 2024-12-23 00:00:00+00:00, run_after=2024-12-24 00:00:00+00:00
[2024-12-24T18:58:24.658+0000] {processor.py:208} INFO - Processing /home/airflow/.local/lib/python3.12/site-packages/airflow/example_dags/example_inlet_event_extra.py took 0.722 seconds
[2024-12-24T18:58:55.641+0000] {processor.py:186} INFO - Started process (PID=1130) to work on /home/airflow/.local/lib/python3.12/site-packages/airflow/example_dags/example_inlet_event_extra.py
[2024-12-24T18:58:55.643+0000] {processor.py:914} INFO - Processing file /home/airflow/.local/lib/python3.12/site-packages/airflow/example_dags/example_inlet_event_extra.py for tasks to queue
[2024-12-24T18:58:55.646+0000] {logging_mixin.py:190} INFO - [2024-12-24T18:58:55.645+0000] {dagbag.py:588} INFO - Filling up the DagBag from /home/airflow/.local/lib/python3.12/site-packages/airflow/example_dags/example_inlet_event_extra.py
[2024-12-24T18:58:56.391+0000] {processor.py:925} INFO - DAG(s) 'read_dataset_event_from_classic', 'read_dataset_event' retrieved from /home/airflow/.local/lib/python3.12/site-packages/airflow/example_dags/example_inlet_event_extra.py
[2024-12-24T18:58:56.418+0000] {logging_mixin.py:190} INFO - [2024-12-24T18:58:56.418+0000] {dag.py:3239} INFO - Sync 2 DAGs
[2024-12-24T18:58:56.450+0000] {logging_mixin.py:190} INFO - [2024-12-24T18:58:56.450+0000] {dag.py:4180} INFO - Setting next_dagrun for read_dataset_event to 2024-12-23 00:00:00+00:00, run_after=2024-12-24 00:00:00+00:00
[2024-12-24T18:58:56.456+0000] {logging_mixin.py:190} INFO - [2024-12-24T18:58:56.456+0000] {dag.py:4180} INFO - Setting next_dagrun for read_dataset_event_from_classic to 2024-12-23 00:00:00+00:00, run_after=2024-12-24 00:00:00+00:00
[2024-12-24T18:58:56.482+0000] {processor.py:208} INFO - Processing /home/airflow/.local/lib/python3.12/site-packages/airflow/example_dags/example_inlet_event_extra.py took 0.846 seconds
[2024-12-24T18:59:26.653+0000] {processor.py:186} INFO - Started process (PID=1193) to work on /home/airflow/.local/lib/python3.12/site-packages/airflow/example_dags/example_inlet_event_extra.py
[2024-12-24T18:59:26.654+0000] {processor.py:914} INFO - Processing file /home/airflow/.local/lib/python3.12/site-packages/airflow/example_dags/example_inlet_event_extra.py for tasks to queue
[2024-12-24T18:59:26.657+0000] {logging_mixin.py:190} INFO - [2024-12-24T18:59:26.656+0000] {dagbag.py:588} INFO - Filling up the DagBag from /home/airflow/.local/lib/python3.12/site-packages/airflow/example_dags/example_inlet_event_extra.py
[2024-12-24T18:59:27.228+0000] {processor.py:925} INFO - DAG(s) 'read_dataset_event_from_classic', 'read_dataset_event' retrieved from /home/airflow/.local/lib/python3.12/site-packages/airflow/example_dags/example_inlet_event_extra.py
[2024-12-24T18:59:27.252+0000] {logging_mixin.py:190} INFO - [2024-12-24T18:59:27.252+0000] {dag.py:3239} INFO - Sync 2 DAGs
[2024-12-24T18:59:27.279+0000] {logging_mixin.py:190} INFO - [2024-12-24T18:59:27.279+0000] {dag.py:4180} INFO - Setting next_dagrun for read_dataset_event to 2024-12-23 00:00:00+00:00, run_after=2024-12-24 00:00:00+00:00
[2024-12-24T18:59:27.285+0000] {logging_mixin.py:190} INFO - [2024-12-24T18:59:27.285+0000] {dag.py:4180} INFO - Setting next_dagrun for read_dataset_event_from_classic to 2024-12-23 00:00:00+00:00, run_after=2024-12-24 00:00:00+00:00
[2024-12-24T18:59:27.316+0000] {processor.py:208} INFO - Processing /home/airflow/.local/lib/python3.12/site-packages/airflow/example_dags/example_inlet_event_extra.py took 0.669 seconds
[2024-12-24T18:59:57.504+0000] {processor.py:186} INFO - Started process (PID=1256) to work on /home/airflow/.local/lib/python3.12/site-packages/airflow/example_dags/example_inlet_event_extra.py
[2024-12-24T18:59:57.505+0000] {processor.py:914} INFO - Processing file /home/airflow/.local/lib/python3.12/site-packages/airflow/example_dags/example_inlet_event_extra.py for tasks to queue
[2024-12-24T18:59:57.508+0000] {logging_mixin.py:190} INFO - [2024-12-24T18:59:57.508+0000] {dagbag.py:588} INFO - Filling up the DagBag from /home/airflow/.local/lib/python3.12/site-packages/airflow/example_dags/example_inlet_event_extra.py
[2024-12-24T18:59:58.159+0000] {processor.py:925} INFO - DAG(s) 'read_dataset_event_from_classic', 'read_dataset_event' retrieved from /home/airflow/.local/lib/python3.12/site-packages/airflow/example_dags/example_inlet_event_extra.py
[2024-12-24T18:59:58.185+0000] {logging_mixin.py:190} INFO - [2024-12-24T18:59:58.185+0000] {dag.py:3239} INFO - Sync 2 DAGs
[2024-12-24T18:59:58.212+0000] {logging_mixin.py:190} INFO - [2024-12-24T18:59:58.212+0000] {dag.py:4180} INFO - Setting next_dagrun for read_dataset_event to 2024-12-23 00:00:00+00:00, run_after=2024-12-24 00:00:00+00:00
[2024-12-24T18:59:58.219+0000] {logging_mixin.py:190} INFO - [2024-12-24T18:59:58.218+0000] {dag.py:4180} INFO - Setting next_dagrun for read_dataset_event_from_classic to 2024-12-23 00:00:00+00:00, run_after=2024-12-24 00:00:00+00:00
[2024-12-24T18:59:58.242+0000] {processor.py:208} INFO - Processing /home/airflow/.local/lib/python3.12/site-packages/airflow/example_dags/example_inlet_event_extra.py took 0.744 seconds
[2024-12-24T19:00:28.493+0000] {processor.py:186} INFO - Started process (PID=1323) to work on /home/airflow/.local/lib/python3.12/site-packages/airflow/example_dags/example_inlet_event_extra.py
[2024-12-24T19:00:28.494+0000] {processor.py:914} INFO - Processing file /home/airflow/.local/lib/python3.12/site-packages/airflow/example_dags/example_inlet_event_extra.py for tasks to queue
[2024-12-24T19:00:28.497+0000] {logging_mixin.py:190} INFO - [2024-12-24T19:00:28.497+0000] {dagbag.py:588} INFO - Filling up the DagBag from /home/airflow/.local/lib/python3.12/site-packages/airflow/example_dags/example_inlet_event_extra.py
[2024-12-24T19:00:29.197+0000] {processor.py:925} INFO - DAG(s) 'read_dataset_event', 'read_dataset_event_from_classic' retrieved from /home/airflow/.local/lib/python3.12/site-packages/airflow/example_dags/example_inlet_event_extra.py
[2024-12-24T19:00:29.224+0000] {logging_mixin.py:190} INFO - [2024-12-24T19:00:29.224+0000] {dag.py:3239} INFO - Sync 2 DAGs
[2024-12-24T19:00:29.251+0000] {logging_mixin.py:190} INFO - [2024-12-24T19:00:29.251+0000] {dag.py:4180} INFO - Setting next_dagrun for read_dataset_event to 2024-12-23 00:00:00+00:00, run_after=2024-12-24 00:00:00+00:00
[2024-12-24T19:00:29.258+0000] {logging_mixin.py:190} INFO - [2024-12-24T19:00:29.258+0000] {dag.py:4180} INFO - Setting next_dagrun for read_dataset_event_from_classic to 2024-12-23 00:00:00+00:00, run_after=2024-12-24 00:00:00+00:00
[2024-12-24T19:00:29.318+0000] {processor.py:208} INFO - Processing /home/airflow/.local/lib/python3.12/site-packages/airflow/example_dags/example_inlet_event_extra.py took 0.831 seconds
[2024-12-24T19:00:59.449+0000] {processor.py:186} INFO - Started process (PID=1389) to work on /home/airflow/.local/lib/python3.12/site-packages/airflow/example_dags/example_inlet_event_extra.py
[2024-12-24T19:00:59.451+0000] {processor.py:914} INFO - Processing file /home/airflow/.local/lib/python3.12/site-packages/airflow/example_dags/example_inlet_event_extra.py for tasks to queue
[2024-12-24T19:00:59.453+0000] {logging_mixin.py:190} INFO - [2024-12-24T19:00:59.453+0000] {dagbag.py:588} INFO - Filling up the DagBag from /home/airflow/.local/lib/python3.12/site-packages/airflow/example_dags/example_inlet_event_extra.py
[2024-12-24T19:01:00.109+0000] {processor.py:925} INFO - DAG(s) 'read_dataset_event', 'read_dataset_event_from_classic' retrieved from /home/airflow/.local/lib/python3.12/site-packages/airflow/example_dags/example_inlet_event_extra.py
[2024-12-24T19:01:00.140+0000] {logging_mixin.py:190} INFO - [2024-12-24T19:01:00.140+0000] {dag.py:3239} INFO - Sync 2 DAGs
[2024-12-24T19:01:00.167+0000] {logging_mixin.py:190} INFO - [2024-12-24T19:01:00.166+0000] {dag.py:4180} INFO - Setting next_dagrun for read_dataset_event to 2024-12-23 00:00:00+00:00, run_after=2024-12-24 00:00:00+00:00
[2024-12-24T19:01:00.175+0000] {logging_mixin.py:190} INFO - [2024-12-24T19:01:00.175+0000] {dag.py:4180} INFO - Setting next_dagrun for read_dataset_event_from_classic to 2024-12-23 00:00:00+00:00, run_after=2024-12-24 00:00:00+00:00
[2024-12-24T19:01:00.197+0000] {processor.py:208} INFO - Processing /home/airflow/.local/lib/python3.12/site-packages/airflow/example_dags/example_inlet_event_extra.py took 0.754 seconds
[2024-12-24T19:01:30.579+0000] {processor.py:186} INFO - Started process (PID=1454) to work on /home/airflow/.local/lib/python3.12/site-packages/airflow/example_dags/example_inlet_event_extra.py
[2024-12-24T19:01:30.581+0000] {processor.py:914} INFO - Processing file /home/airflow/.local/lib/python3.12/site-packages/airflow/example_dags/example_inlet_event_extra.py for tasks to queue
[2024-12-24T19:01:30.583+0000] {logging_mixin.py:190} INFO - [2024-12-24T19:01:30.583+0000] {dagbag.py:588} INFO - Filling up the DagBag from /home/airflow/.local/lib/python3.12/site-packages/airflow/example_dags/example_inlet_event_extra.py
[2024-12-24T19:01:31.149+0000] {processor.py:925} INFO - DAG(s) 'read_dataset_event', 'read_dataset_event_from_classic' retrieved from /home/airflow/.local/lib/python3.12/site-packages/airflow/example_dags/example_inlet_event_extra.py
[2024-12-24T19:01:31.172+0000] {logging_mixin.py:190} INFO - [2024-12-24T19:01:31.172+0000] {dag.py:3239} INFO - Sync 2 DAGs
[2024-12-24T19:01:31.199+0000] {logging_mixin.py:190} INFO - [2024-12-24T19:01:31.199+0000] {dag.py:4180} INFO - Setting next_dagrun for read_dataset_event to 2024-12-23 00:00:00+00:00, run_after=2024-12-24 00:00:00+00:00
[2024-12-24T19:01:31.205+0000] {logging_mixin.py:190} INFO - [2024-12-24T19:01:31.205+0000] {dag.py:4180} INFO - Setting next_dagrun for read_dataset_event_from_classic to 2024-12-23 00:00:00+00:00, run_after=2024-12-24 00:00:00+00:00
[2024-12-24T19:01:31.247+0000] {processor.py:208} INFO - Processing /home/airflow/.local/lib/python3.12/site-packages/airflow/example_dags/example_inlet_event_extra.py took 0.673 seconds
[2024-12-24T19:02:02.054+0000] {processor.py:186} INFO - Started process (PID=1523) to work on /home/airflow/.local/lib/python3.12/site-packages/airflow/example_dags/example_inlet_event_extra.py
[2024-12-24T19:02:02.055+0000] {processor.py:914} INFO - Processing file /home/airflow/.local/lib/python3.12/site-packages/airflow/example_dags/example_inlet_event_extra.py for tasks to queue
[2024-12-24T19:02:02.057+0000] {logging_mixin.py:190} INFO - [2024-12-24T19:02:02.057+0000] {dagbag.py:588} INFO - Filling up the DagBag from /home/airflow/.local/lib/python3.12/site-packages/airflow/example_dags/example_inlet_event_extra.py
[2024-12-24T19:02:02.735+0000] {processor.py:925} INFO - DAG(s) 'read_dataset_event', 'read_dataset_event_from_classic' retrieved from /home/airflow/.local/lib/python3.12/site-packages/airflow/example_dags/example_inlet_event_extra.py
[2024-12-24T19:02:02.764+0000] {logging_mixin.py:190} INFO - [2024-12-24T19:02:02.764+0000] {dag.py:3239} INFO - Sync 2 DAGs
[2024-12-24T19:02:02.795+0000] {logging_mixin.py:190} INFO - [2024-12-24T19:02:02.795+0000] {dag.py:4180} INFO - Setting next_dagrun for read_dataset_event to 2024-12-23 00:00:00+00:00, run_after=2024-12-24 00:00:00+00:00
[2024-12-24T19:02:02.802+0000] {logging_mixin.py:190} INFO - [2024-12-24T19:02:02.802+0000] {dag.py:4180} INFO - Setting next_dagrun for read_dataset_event_from_classic to 2024-12-23 00:00:00+00:00, run_after=2024-12-24 00:00:00+00:00
[2024-12-24T19:02:02.829+0000] {processor.py:208} INFO - Processing /home/airflow/.local/lib/python3.12/site-packages/airflow/example_dags/example_inlet_event_extra.py took 0.782 seconds
[2024-12-24T19:02:33.081+0000] {processor.py:186} INFO - Started process (PID=1586) to work on /home/airflow/.local/lib/python3.12/site-packages/airflow/example_dags/example_inlet_event_extra.py
[2024-12-24T19:02:33.082+0000] {processor.py:914} INFO - Processing file /home/airflow/.local/lib/python3.12/site-packages/airflow/example_dags/example_inlet_event_extra.py for tasks to queue
[2024-12-24T19:02:33.084+0000] {logging_mixin.py:190} INFO - [2024-12-24T19:02:33.084+0000] {dagbag.py:588} INFO - Filling up the DagBag from /home/airflow/.local/lib/python3.12/site-packages/airflow/example_dags/example_inlet_event_extra.py
[2024-12-24T19:02:33.677+0000] {processor.py:925} INFO - DAG(s) 'read_dataset_event', 'read_dataset_event_from_classic' retrieved from /home/airflow/.local/lib/python3.12/site-packages/airflow/example_dags/example_inlet_event_extra.py
[2024-12-24T19:02:33.700+0000] {logging_mixin.py:190} INFO - [2024-12-24T19:02:33.700+0000] {dag.py:3239} INFO - Sync 2 DAGs
[2024-12-24T19:02:33.726+0000] {logging_mixin.py:190} INFO - [2024-12-24T19:02:33.726+0000] {dag.py:4180} INFO - Setting next_dagrun for read_dataset_event to 2024-12-23 00:00:00+00:00, run_after=2024-12-24 00:00:00+00:00
[2024-12-24T19:02:33.732+0000] {logging_mixin.py:190} INFO - [2024-12-24T19:02:33.731+0000] {dag.py:4180} INFO - Setting next_dagrun for read_dataset_event_from_classic to 2024-12-23 00:00:00+00:00, run_after=2024-12-24 00:00:00+00:00
[2024-12-24T19:02:33.752+0000] {processor.py:208} INFO - Processing /home/airflow/.local/lib/python3.12/site-packages/airflow/example_dags/example_inlet_event_extra.py took 0.677 seconds
[2024-12-24T19:03:06.189+0000] {processor.py:186} INFO - Started process (PID=1649) to work on /home/airflow/.local/lib/python3.12/site-packages/airflow/example_dags/example_inlet_event_extra.py
[2024-12-24T19:03:06.191+0000] {processor.py:914} INFO - Processing file /home/airflow/.local/lib/python3.12/site-packages/airflow/example_dags/example_inlet_event_extra.py for tasks to queue
[2024-12-24T19:03:06.195+0000] {logging_mixin.py:190} INFO - [2024-12-24T19:03:06.194+0000] {dagbag.py:588} INFO - Filling up the DagBag from /home/airflow/.local/lib/python3.12/site-packages/airflow/example_dags/example_inlet_event_extra.py
[2024-12-24T19:03:06.688+0000] {processor.py:925} INFO - DAG(s) 'read_dataset_event_from_classic', 'read_dataset_event' retrieved from /home/airflow/.local/lib/python3.12/site-packages/airflow/example_dags/example_inlet_event_extra.py
[2024-12-24T19:03:06.719+0000] {logging_mixin.py:190} INFO - [2024-12-24T19:03:06.718+0000] {dag.py:3239} INFO - Sync 2 DAGs
[2024-12-24T19:03:06.751+0000] {logging_mixin.py:190} INFO - [2024-12-24T19:03:06.751+0000] {dag.py:4180} INFO - Setting next_dagrun for read_dataset_event to 2024-12-23 00:00:00+00:00, run_after=2024-12-24 00:00:00+00:00
[2024-12-24T19:03:06.758+0000] {logging_mixin.py:190} INFO - [2024-12-24T19:03:06.758+0000] {dag.py:4180} INFO - Setting next_dagrun for read_dataset_event_from_classic to 2024-12-23 00:00:00+00:00, run_after=2024-12-24 00:00:00+00:00
[2024-12-24T19:03:06.790+0000] {processor.py:208} INFO - Processing /home/airflow/.local/lib/python3.12/site-packages/airflow/example_dags/example_inlet_event_extra.py took 1.058 seconds
[2024-12-24T19:03:37.593+0000] {processor.py:186} INFO - Started process (PID=1710) to work on /home/airflow/.local/lib/python3.12/site-packages/airflow/example_dags/example_inlet_event_extra.py
[2024-12-24T19:03:37.595+0000] {processor.py:914} INFO - Processing file /home/airflow/.local/lib/python3.12/site-packages/airflow/example_dags/example_inlet_event_extra.py for tasks to queue
[2024-12-24T19:03:37.598+0000] {logging_mixin.py:190} INFO - [2024-12-24T19:03:37.598+0000] {dagbag.py:588} INFO - Filling up the DagBag from /home/airflow/.local/lib/python3.12/site-packages/airflow/example_dags/example_inlet_event_extra.py
[2024-12-24T19:03:38.287+0000] {processor.py:925} INFO - DAG(s) 'read_dataset_event_from_classic', 'read_dataset_event' retrieved from /home/airflow/.local/lib/python3.12/site-packages/airflow/example_dags/example_inlet_event_extra.py
[2024-12-24T19:03:38.316+0000] {logging_mixin.py:190} INFO - [2024-12-24T19:03:38.316+0000] {dag.py:3239} INFO - Sync 2 DAGs
[2024-12-24T19:03:38.344+0000] {logging_mixin.py:190} INFO - [2024-12-24T19:03:38.343+0000] {dag.py:4180} INFO - Setting next_dagrun for read_dataset_event to 2024-12-23 00:00:00+00:00, run_after=2024-12-24 00:00:00+00:00
[2024-12-24T19:03:38.352+0000] {logging_mixin.py:190} INFO - [2024-12-24T19:03:38.352+0000] {dag.py:4180} INFO - Setting next_dagrun for read_dataset_event_from_classic to 2024-12-23 00:00:00+00:00, run_after=2024-12-24 00:00:00+00:00
[2024-12-24T19:03:38.406+0000] {processor.py:208} INFO - Processing /home/airflow/.local/lib/python3.12/site-packages/airflow/example_dags/example_inlet_event_extra.py took 0.819 seconds
[2024-12-24T19:04:09.104+0000] {processor.py:186} INFO - Started process (PID=1773) to work on /home/airflow/.local/lib/python3.12/site-packages/airflow/example_dags/example_inlet_event_extra.py
[2024-12-24T19:04:09.105+0000] {processor.py:914} INFO - Processing file /home/airflow/.local/lib/python3.12/site-packages/airflow/example_dags/example_inlet_event_extra.py for tasks to queue
[2024-12-24T19:04:09.108+0000] {logging_mixin.py:190} INFO - [2024-12-24T19:04:09.108+0000] {dagbag.py:588} INFO - Filling up the DagBag from /home/airflow/.local/lib/python3.12/site-packages/airflow/example_dags/example_inlet_event_extra.py
[2024-12-24T19:04:09.856+0000] {processor.py:925} INFO - DAG(s) 'read_dataset_event', 'read_dataset_event_from_classic' retrieved from /home/airflow/.local/lib/python3.12/site-packages/airflow/example_dags/example_inlet_event_extra.py
[2024-12-24T19:04:09.887+0000] {logging_mixin.py:190} INFO - [2024-12-24T19:04:09.886+0000] {dag.py:3239} INFO - Sync 2 DAGs
[2024-12-24T19:04:09.923+0000] {logging_mixin.py:190} INFO - [2024-12-24T19:04:09.923+0000] {dag.py:4180} INFO - Setting next_dagrun for read_dataset_event to 2024-12-23 00:00:00+00:00, run_after=2024-12-24 00:00:00+00:00
[2024-12-24T19:04:09.933+0000] {logging_mixin.py:190} INFO - [2024-12-24T19:04:09.933+0000] {dag.py:4180} INFO - Setting next_dagrun for read_dataset_event_from_classic to 2024-12-23 00:00:00+00:00, run_after=2024-12-24 00:00:00+00:00
[2024-12-24T19:04:09.964+0000] {processor.py:208} INFO - Processing /home/airflow/.local/lib/python3.12/site-packages/airflow/example_dags/example_inlet_event_extra.py took 0.866 seconds
[2024-12-24T19:04:40.532+0000] {processor.py:186} INFO - Started process (PID=1836) to work on /home/airflow/.local/lib/python3.12/site-packages/airflow/example_dags/example_inlet_event_extra.py
[2024-12-24T19:04:40.533+0000] {processor.py:914} INFO - Processing file /home/airflow/.local/lib/python3.12/site-packages/airflow/example_dags/example_inlet_event_extra.py for tasks to queue
[2024-12-24T19:04:40.536+0000] {logging_mixin.py:190} INFO - [2024-12-24T19:04:40.535+0000] {dagbag.py:588} INFO - Filling up the DagBag from /home/airflow/.local/lib/python3.12/site-packages/airflow/example_dags/example_inlet_event_extra.py
[2024-12-24T19:04:41.198+0000] {processor.py:925} INFO - DAG(s) 'read_dataset_event', 'read_dataset_event_from_classic' retrieved from /home/airflow/.local/lib/python3.12/site-packages/airflow/example_dags/example_inlet_event_extra.py
[2024-12-24T19:04:41.221+0000] {logging_mixin.py:190} INFO - [2024-12-24T19:04:41.221+0000] {dag.py:3239} INFO - Sync 2 DAGs
[2024-12-24T19:04:41.249+0000] {logging_mixin.py:190} INFO - [2024-12-24T19:04:41.248+0000] {dag.py:4180} INFO - Setting next_dagrun for read_dataset_event to 2024-12-23 00:00:00+00:00, run_after=2024-12-24 00:00:00+00:00
[2024-12-24T19:04:41.255+0000] {logging_mixin.py:190} INFO - [2024-12-24T19:04:41.254+0000] {dag.py:4180} INFO - Setting next_dagrun for read_dataset_event_from_classic to 2024-12-23 00:00:00+00:00, run_after=2024-12-24 00:00:00+00:00
[2024-12-24T19:04:41.277+0000] {processor.py:208} INFO - Processing /home/airflow/.local/lib/python3.12/site-packages/airflow/example_dags/example_inlet_event_extra.py took 0.752 seconds
[2024-12-24T19:05:12.311+0000] {processor.py:186} INFO - Started process (PID=1904) to work on /home/airflow/.local/lib/python3.12/site-packages/airflow/example_dags/example_inlet_event_extra.py
[2024-12-24T19:05:12.312+0000] {processor.py:914} INFO - Processing file /home/airflow/.local/lib/python3.12/site-packages/airflow/example_dags/example_inlet_event_extra.py for tasks to queue
[2024-12-24T19:05:12.316+0000] {logging_mixin.py:190} INFO - [2024-12-24T19:05:12.315+0000] {dagbag.py:588} INFO - Filling up the DagBag from /home/airflow/.local/lib/python3.12/site-packages/airflow/example_dags/example_inlet_event_extra.py
[2024-12-24T19:05:13.051+0000] {processor.py:925} INFO - DAG(s) 'read_dataset_event', 'read_dataset_event_from_classic' retrieved from /home/airflow/.local/lib/python3.12/site-packages/airflow/example_dags/example_inlet_event_extra.py
[2024-12-24T19:05:13.085+0000] {logging_mixin.py:190} INFO - [2024-12-24T19:05:13.084+0000] {dag.py:3239} INFO - Sync 2 DAGs
[2024-12-24T19:05:13.117+0000] {logging_mixin.py:190} INFO - [2024-12-24T19:05:13.116+0000] {dag.py:4180} INFO - Setting next_dagrun for read_dataset_event to 2024-12-23 00:00:00+00:00, run_after=2024-12-24 00:00:00+00:00
[2024-12-24T19:05:13.123+0000] {logging_mixin.py:190} INFO - [2024-12-24T19:05:13.123+0000] {dag.py:4180} INFO - Setting next_dagrun for read_dataset_event_from_classic to 2024-12-23 00:00:00+00:00, run_after=2024-12-24 00:00:00+00:00
[2024-12-24T19:05:13.148+0000] {processor.py:208} INFO - Processing /home/airflow/.local/lib/python3.12/site-packages/airflow/example_dags/example_inlet_event_extra.py took 0.844 seconds
[2024-12-24T19:05:44.343+0000] {processor.py:186} INFO - Started process (PID=1973) to work on /home/airflow/.local/lib/python3.12/site-packages/airflow/example_dags/example_inlet_event_extra.py
[2024-12-24T19:05:44.344+0000] {processor.py:914} INFO - Processing file /home/airflow/.local/lib/python3.12/site-packages/airflow/example_dags/example_inlet_event_extra.py for tasks to queue
[2024-12-24T19:05:44.347+0000] {logging_mixin.py:190} INFO - [2024-12-24T19:05:44.347+0000] {dagbag.py:588} INFO - Filling up the DagBag from /home/airflow/.local/lib/python3.12/site-packages/airflow/example_dags/example_inlet_event_extra.py
[2024-12-24T19:05:45.232+0000] {processor.py:925} INFO - DAG(s) 'read_dataset_event', 'read_dataset_event_from_classic' retrieved from /home/airflow/.local/lib/python3.12/site-packages/airflow/example_dags/example_inlet_event_extra.py
[2024-12-24T19:05:45.262+0000] {logging_mixin.py:190} INFO - [2024-12-24T19:05:45.261+0000] {dag.py:3239} INFO - Sync 2 DAGs
[2024-12-24T19:05:45.293+0000] {logging_mixin.py:190} INFO - [2024-12-24T19:05:45.293+0000] {dag.py:4180} INFO - Setting next_dagrun for read_dataset_event to 2024-12-23 00:00:00+00:00, run_after=2024-12-24 00:00:00+00:00
[2024-12-24T19:05:45.300+0000] {logging_mixin.py:190} INFO - [2024-12-24T19:05:45.300+0000] {dag.py:4180} INFO - Setting next_dagrun for read_dataset_event_from_classic to 2024-12-23 00:00:00+00:00, run_after=2024-12-24 00:00:00+00:00
[2024-12-24T19:05:45.323+0000] {processor.py:208} INFO - Processing /home/airflow/.local/lib/python3.12/site-packages/airflow/example_dags/example_inlet_event_extra.py took 0.989 seconds
[2024-12-24T19:06:15.818+0000] {processor.py:186} INFO - Started process (PID=2038) to work on /home/airflow/.local/lib/python3.12/site-packages/airflow/example_dags/example_inlet_event_extra.py
[2024-12-24T19:06:15.820+0000] {processor.py:914} INFO - Processing file /home/airflow/.local/lib/python3.12/site-packages/airflow/example_dags/example_inlet_event_extra.py for tasks to queue
[2024-12-24T19:06:15.823+0000] {logging_mixin.py:190} INFO - [2024-12-24T19:06:15.822+0000] {dagbag.py:588} INFO - Filling up the DagBag from /home/airflow/.local/lib/python3.12/site-packages/airflow/example_dags/example_inlet_event_extra.py
[2024-12-24T19:06:16.543+0000] {processor.py:925} INFO - DAG(s) 'read_dataset_event', 'read_dataset_event_from_classic' retrieved from /home/airflow/.local/lib/python3.12/site-packages/airflow/example_dags/example_inlet_event_extra.py
[2024-12-24T19:06:16.573+0000] {logging_mixin.py:190} INFO - [2024-12-24T19:06:16.572+0000] {dag.py:3239} INFO - Sync 2 DAGs
[2024-12-24T19:06:16.606+0000] {logging_mixin.py:190} INFO - [2024-12-24T19:06:16.606+0000] {dag.py:4180} INFO - Setting next_dagrun for read_dataset_event to 2024-12-23 00:00:00+00:00, run_after=2024-12-24 00:00:00+00:00
[2024-12-24T19:06:16.612+0000] {logging_mixin.py:190} INFO - [2024-12-24T19:06:16.612+0000] {dag.py:4180} INFO - Setting next_dagrun for read_dataset_event_from_classic to 2024-12-23 00:00:00+00:00, run_after=2024-12-24 00:00:00+00:00
[2024-12-24T19:06:16.638+0000] {processor.py:208} INFO - Processing /home/airflow/.local/lib/python3.12/site-packages/airflow/example_dags/example_inlet_event_extra.py took 0.826 seconds
[2024-12-24T19:06:47.767+0000] {processor.py:186} INFO - Started process (PID=2111) to work on /home/airflow/.local/lib/python3.12/site-packages/airflow/example_dags/example_inlet_event_extra.py
[2024-12-24T19:06:47.768+0000] {processor.py:914} INFO - Processing file /home/airflow/.local/lib/python3.12/site-packages/airflow/example_dags/example_inlet_event_extra.py for tasks to queue
[2024-12-24T19:06:47.771+0000] {logging_mixin.py:190} INFO - [2024-12-24T19:06:47.771+0000] {dagbag.py:588} INFO - Filling up the DagBag from /home/airflow/.local/lib/python3.12/site-packages/airflow/example_dags/example_inlet_event_extra.py
[2024-12-24T19:06:48.465+0000] {processor.py:925} INFO - DAG(s) 'read_dataset_event_from_classic', 'read_dataset_event' retrieved from /home/airflow/.local/lib/python3.12/site-packages/airflow/example_dags/example_inlet_event_extra.py
[2024-12-24T19:06:48.495+0000] {logging_mixin.py:190} INFO - [2024-12-24T19:06:48.495+0000] {dag.py:3239} INFO - Sync 2 DAGs
[2024-12-24T19:06:48.527+0000] {logging_mixin.py:190} INFO - [2024-12-24T19:06:48.527+0000] {dag.py:4180} INFO - Setting next_dagrun for read_dataset_event to 2024-12-23 00:00:00+00:00, run_after=2024-12-24 00:00:00+00:00
[2024-12-24T19:06:48.535+0000] {logging_mixin.py:190} INFO - [2024-12-24T19:06:48.535+0000] {dag.py:4180} INFO - Setting next_dagrun for read_dataset_event_from_classic to 2024-12-23 00:00:00+00:00, run_after=2024-12-24 00:00:00+00:00
[2024-12-24T19:06:48.560+0000] {processor.py:208} INFO - Processing /home/airflow/.local/lib/python3.12/site-packages/airflow/example_dags/example_inlet_event_extra.py took 0.799 seconds
[2024-12-24T19:07:19.200+0000] {processor.py:186} INFO - Started process (PID=2174) to work on /home/airflow/.local/lib/python3.12/site-packages/airflow/example_dags/example_inlet_event_extra.py
[2024-12-24T19:07:19.201+0000] {processor.py:914} INFO - Processing file /home/airflow/.local/lib/python3.12/site-packages/airflow/example_dags/example_inlet_event_extra.py for tasks to queue
[2024-12-24T19:07:19.204+0000] {logging_mixin.py:190} INFO - [2024-12-24T19:07:19.204+0000] {dagbag.py:588} INFO - Filling up the DagBag from /home/airflow/.local/lib/python3.12/site-packages/airflow/example_dags/example_inlet_event_extra.py
[2024-12-24T19:07:19.909+0000] {processor.py:925} INFO - DAG(s) 'read_dataset_event_from_classic', 'read_dataset_event' retrieved from /home/airflow/.local/lib/python3.12/site-packages/airflow/example_dags/example_inlet_event_extra.py
[2024-12-24T19:07:19.939+0000] {logging_mixin.py:190} INFO - [2024-12-24T19:07:19.938+0000] {dag.py:3239} INFO - Sync 2 DAGs
[2024-12-24T19:07:19.971+0000] {logging_mixin.py:190} INFO - [2024-12-24T19:07:19.971+0000] {dag.py:4180} INFO - Setting next_dagrun for read_dataset_event to 2024-12-23 00:00:00+00:00, run_after=2024-12-24 00:00:00+00:00
[2024-12-24T19:07:19.978+0000] {logging_mixin.py:190} INFO - [2024-12-24T19:07:19.978+0000] {dag.py:4180} INFO - Setting next_dagrun for read_dataset_event_from_classic to 2024-12-23 00:00:00+00:00, run_after=2024-12-24 00:00:00+00:00
[2024-12-24T19:07:20.030+0000] {processor.py:208} INFO - Processing /home/airflow/.local/lib/python3.12/site-packages/airflow/example_dags/example_inlet_event_extra.py took 0.836 seconds
[2024-12-24T19:07:50.443+0000] {processor.py:186} INFO - Started process (PID=2237) to work on /home/airflow/.local/lib/python3.12/site-packages/airflow/example_dags/example_inlet_event_extra.py
[2024-12-24T19:07:50.445+0000] {processor.py:914} INFO - Processing file /home/airflow/.local/lib/python3.12/site-packages/airflow/example_dags/example_inlet_event_extra.py for tasks to queue
[2024-12-24T19:07:50.448+0000] {logging_mixin.py:190} INFO - [2024-12-24T19:07:50.447+0000] {dagbag.py:588} INFO - Filling up the DagBag from /home/airflow/.local/lib/python3.12/site-packages/airflow/example_dags/example_inlet_event_extra.py
[2024-12-24T19:07:51.112+0000] {processor.py:925} INFO - DAG(s) 'read_dataset_event_from_classic', 'read_dataset_event' retrieved from /home/airflow/.local/lib/python3.12/site-packages/airflow/example_dags/example_inlet_event_extra.py
[2024-12-24T19:07:51.150+0000] {logging_mixin.py:190} INFO - [2024-12-24T19:07:51.149+0000] {dag.py:3239} INFO - Sync 2 DAGs
[2024-12-24T19:07:51.182+0000] {logging_mixin.py:190} INFO - [2024-12-24T19:07:51.181+0000] {dag.py:4180} INFO - Setting next_dagrun for read_dataset_event to 2024-12-23 00:00:00+00:00, run_after=2024-12-24 00:00:00+00:00
[2024-12-24T19:07:51.189+0000] {logging_mixin.py:190} INFO - [2024-12-24T19:07:51.189+0000] {dag.py:4180} INFO - Setting next_dagrun for read_dataset_event_from_classic to 2024-12-23 00:00:00+00:00, run_after=2024-12-24 00:00:00+00:00
[2024-12-24T19:07:51.303+0000] {processor.py:208} INFO - Processing /home/airflow/.local/lib/python3.12/site-packages/airflow/example_dags/example_inlet_event_extra.py took 0.867 seconds
[2024-12-24T19:08:20.782+0000] {processor.py:186} INFO - Started process (PID=2300) to work on /home/airflow/.local/lib/python3.12/site-packages/airflow/example_dags/example_inlet_event_extra.py
[2024-12-24T19:08:20.783+0000] {processor.py:914} INFO - Processing file /home/airflow/.local/lib/python3.12/site-packages/airflow/example_dags/example_inlet_event_extra.py for tasks to queue
[2024-12-24T19:08:20.786+0000] {logging_mixin.py:190} INFO - [2024-12-24T19:08:20.786+0000] {dagbag.py:588} INFO - Filling up the DagBag from /home/airflow/.local/lib/python3.12/site-packages/airflow/example_dags/example_inlet_event_extra.py
[2024-12-24T19:08:21.397+0000] {processor.py:925} INFO - DAG(s) 'read_dataset_event', 'read_dataset_event_from_classic' retrieved from /home/airflow/.local/lib/python3.12/site-packages/airflow/example_dags/example_inlet_event_extra.py
[2024-12-24T19:08:21.426+0000] {logging_mixin.py:190} INFO - [2024-12-24T19:08:21.426+0000] {dag.py:3239} INFO - Sync 2 DAGs
[2024-12-24T19:08:21.455+0000] {logging_mixin.py:190} INFO - [2024-12-24T19:08:21.455+0000] {dag.py:4180} INFO - Setting next_dagrun for read_dataset_event to 2024-12-23 00:00:00+00:00, run_after=2024-12-24 00:00:00+00:00
[2024-12-24T19:08:21.461+0000] {logging_mixin.py:190} INFO - [2024-12-24T19:08:21.460+0000] {dag.py:4180} INFO - Setting next_dagrun for read_dataset_event_from_classic to 2024-12-23 00:00:00+00:00, run_after=2024-12-24 00:00:00+00:00
[2024-12-24T19:08:21.482+0000] {processor.py:208} INFO - Processing /home/airflow/.local/lib/python3.12/site-packages/airflow/example_dags/example_inlet_event_extra.py took 0.709 seconds
[2024-12-24T19:08:53.437+0000] {processor.py:186} INFO - Started process (PID=2363) to work on /home/airflow/.local/lib/python3.12/site-packages/airflow/example_dags/example_inlet_event_extra.py
[2024-12-24T19:08:53.440+0000] {processor.py:914} INFO - Processing file /home/airflow/.local/lib/python3.12/site-packages/airflow/example_dags/example_inlet_event_extra.py for tasks to queue
[2024-12-24T19:08:53.447+0000] {logging_mixin.py:190} INFO - [2024-12-24T19:08:53.446+0000] {dagbag.py:588} INFO - Filling up the DagBag from /home/airflow/.local/lib/python3.12/site-packages/airflow/example_dags/example_inlet_event_extra.py
[2024-12-24T19:08:56.123+0000] {logging_mixin.py:190} INFO - [2024-12-24T19:08:56.122+0000] {process_utils.py:266} INFO - Waiting up to 5 seconds for processes to exit...
