[2024-12-24T18:50:31.555+0000] {processor.py:186} INFO - Started process (PID=91) to work on /home/airflow/.local/lib/python3.12/site-packages/airflow/example_dags/example_short_circuit_operator.py
[2024-12-24T18:50:31.556+0000] {processor.py:914} INFO - Processing file /home/airflow/.local/lib/python3.12/site-packages/airflow/example_dags/example_short_circuit_operator.py for tasks to queue
[2024-12-24T18:50:31.559+0000] {logging_mixin.py:190} INFO - [2024-12-24T18:50:31.558+0000] {dagbag.py:588} INFO - Filling up the DagBag from /home/airflow/.local/lib/python3.12/site-packages/airflow/example_dags/example_short_circuit_operator.py
[2024-12-24T18:50:31.569+0000] {processor.py:925} INFO - DAG(s) 'example_short_circuit_operator' retrieved from /home/airflow/.local/lib/python3.12/site-packages/airflow/example_dags/example_short_circuit_operator.py
[2024-12-24T18:50:31.603+0000] {logging_mixin.py:190} INFO - [2024-12-24T18:50:31.603+0000] {dag.py:3239} INFO - Sync 1 DAGs
[2024-12-24T18:50:31.620+0000] {logging_mixin.py:190} INFO - [2024-12-24T18:50:31.619+0000] {dag.py:4180} INFO - Setting next_dagrun for example_short_circuit_operator to None, run_after=None
[2024-12-24T18:50:31.652+0000] {processor.py:208} INFO - Processing /home/airflow/.local/lib/python3.12/site-packages/airflow/example_dags/example_short_circuit_operator.py took 0.103 seconds
[2024-12-24T18:51:02.963+0000] {processor.py:186} INFO - Started process (PID=154) to work on /home/airflow/.local/lib/python3.12/site-packages/airflow/example_dags/example_short_circuit_operator.py
[2024-12-24T18:51:02.966+0000] {processor.py:914} INFO - Processing file /home/airflow/.local/lib/python3.12/site-packages/airflow/example_dags/example_short_circuit_operator.py for tasks to queue
[2024-12-24T18:51:02.968+0000] {logging_mixin.py:190} INFO - [2024-12-24T18:51:02.968+0000] {dagbag.py:588} INFO - Filling up the DagBag from /home/airflow/.local/lib/python3.12/site-packages/airflow/example_dags/example_short_circuit_operator.py
[2024-12-24T18:51:02.979+0000] {processor.py:925} INFO - DAG(s) 'example_short_circuit_operator' retrieved from /home/airflow/.local/lib/python3.12/site-packages/airflow/example_dags/example_short_circuit_operator.py
[2024-12-24T18:51:03.015+0000] {logging_mixin.py:190} INFO - [2024-12-24T18:51:03.014+0000] {dag.py:3239} INFO - Sync 1 DAGs
[2024-12-24T18:51:03.038+0000] {logging_mixin.py:190} INFO - [2024-12-24T18:51:03.038+0000] {dag.py:4180} INFO - Setting next_dagrun for example_short_circuit_operator to None, run_after=None
[2024-12-24T18:51:03.072+0000] {processor.py:208} INFO - Processing /home/airflow/.local/lib/python3.12/site-packages/airflow/example_dags/example_short_circuit_operator.py took 0.117 seconds
[2024-12-24T18:51:34.195+0000] {processor.py:186} INFO - Started process (PID=217) to work on /home/airflow/.local/lib/python3.12/site-packages/airflow/example_dags/example_short_circuit_operator.py
[2024-12-24T18:51:34.196+0000] {processor.py:914} INFO - Processing file /home/airflow/.local/lib/python3.12/site-packages/airflow/example_dags/example_short_circuit_operator.py for tasks to queue
[2024-12-24T18:51:34.199+0000] {logging_mixin.py:190} INFO - [2024-12-24T18:51:34.199+0000] {dagbag.py:588} INFO - Filling up the DagBag from /home/airflow/.local/lib/python3.12/site-packages/airflow/example_dags/example_short_circuit_operator.py
[2024-12-24T18:51:34.210+0000] {processor.py:925} INFO - DAG(s) 'example_short_circuit_operator' retrieved from /home/airflow/.local/lib/python3.12/site-packages/airflow/example_dags/example_short_circuit_operator.py
[2024-12-24T18:51:34.236+0000] {logging_mixin.py:190} INFO - [2024-12-24T18:51:34.236+0000] {dag.py:3239} INFO - Sync 1 DAGs
[2024-12-24T18:51:34.252+0000] {logging_mixin.py:190} INFO - [2024-12-24T18:51:34.252+0000] {dag.py:4180} INFO - Setting next_dagrun for example_short_circuit_operator to None, run_after=None
[2024-12-24T18:51:34.280+0000] {processor.py:208} INFO - Processing /home/airflow/.local/lib/python3.12/site-packages/airflow/example_dags/example_short_circuit_operator.py took 0.091 seconds
[2024-12-24T18:52:04.589+0000] {processor.py:186} INFO - Started process (PID=281) to work on /home/airflow/.local/lib/python3.12/site-packages/airflow/example_dags/example_short_circuit_operator.py
[2024-12-24T18:52:04.590+0000] {processor.py:914} INFO - Processing file /home/airflow/.local/lib/python3.12/site-packages/airflow/example_dags/example_short_circuit_operator.py for tasks to queue
[2024-12-24T18:52:04.593+0000] {logging_mixin.py:190} INFO - [2024-12-24T18:52:04.593+0000] {dagbag.py:588} INFO - Filling up the DagBag from /home/airflow/.local/lib/python3.12/site-packages/airflow/example_dags/example_short_circuit_operator.py
[2024-12-24T18:52:04.602+0000] {processor.py:925} INFO - DAG(s) 'example_short_circuit_operator' retrieved from /home/airflow/.local/lib/python3.12/site-packages/airflow/example_dags/example_short_circuit_operator.py
[2024-12-24T18:52:04.628+0000] {logging_mixin.py:190} INFO - [2024-12-24T18:52:04.628+0000] {dag.py:3239} INFO - Sync 1 DAGs
[2024-12-24T18:52:04.644+0000] {logging_mixin.py:190} INFO - [2024-12-24T18:52:04.644+0000] {dag.py:4180} INFO - Setting next_dagrun for example_short_circuit_operator to None, run_after=None
[2024-12-24T18:52:04.674+0000] {processor.py:208} INFO - Processing /home/airflow/.local/lib/python3.12/site-packages/airflow/example_dags/example_short_circuit_operator.py took 0.091 seconds
[2024-12-24T18:52:36.428+0000] {processor.py:186} INFO - Started process (PID=344) to work on /home/airflow/.local/lib/python3.12/site-packages/airflow/example_dags/example_short_circuit_operator.py
[2024-12-24T18:52:36.429+0000] {processor.py:914} INFO - Processing file /home/airflow/.local/lib/python3.12/site-packages/airflow/example_dags/example_short_circuit_operator.py for tasks to queue
[2024-12-24T18:52:36.432+0000] {logging_mixin.py:190} INFO - [2024-12-24T18:52:36.431+0000] {dagbag.py:588} INFO - Filling up the DagBag from /home/airflow/.local/lib/python3.12/site-packages/airflow/example_dags/example_short_circuit_operator.py
[2024-12-24T18:52:36.440+0000] {processor.py:925} INFO - DAG(s) 'example_short_circuit_operator' retrieved from /home/airflow/.local/lib/python3.12/site-packages/airflow/example_dags/example_short_circuit_operator.py
[2024-12-24T18:52:36.465+0000] {logging_mixin.py:190} INFO - [2024-12-24T18:52:36.465+0000] {dag.py:3239} INFO - Sync 1 DAGs
[2024-12-24T18:52:36.481+0000] {logging_mixin.py:190} INFO - [2024-12-24T18:52:36.480+0000] {dag.py:4180} INFO - Setting next_dagrun for example_short_circuit_operator to None, run_after=None
[2024-12-24T18:52:36.507+0000] {processor.py:208} INFO - Processing /home/airflow/.local/lib/python3.12/site-packages/airflow/example_dags/example_short_circuit_operator.py took 0.085 seconds
[2024-12-24T18:53:07.674+0000] {processor.py:186} INFO - Started process (PID=407) to work on /home/airflow/.local/lib/python3.12/site-packages/airflow/example_dags/example_short_circuit_operator.py
[2024-12-24T18:53:07.675+0000] {processor.py:914} INFO - Processing file /home/airflow/.local/lib/python3.12/site-packages/airflow/example_dags/example_short_circuit_operator.py for tasks to queue
[2024-12-24T18:53:07.678+0000] {logging_mixin.py:190} INFO - [2024-12-24T18:53:07.678+0000] {dagbag.py:588} INFO - Filling up the DagBag from /home/airflow/.local/lib/python3.12/site-packages/airflow/example_dags/example_short_circuit_operator.py
[2024-12-24T18:53:07.690+0000] {processor.py:925} INFO - DAG(s) 'example_short_circuit_operator' retrieved from /home/airflow/.local/lib/python3.12/site-packages/airflow/example_dags/example_short_circuit_operator.py
[2024-12-24T18:53:07.720+0000] {logging_mixin.py:190} INFO - [2024-12-24T18:53:07.720+0000] {dag.py:3239} INFO - Sync 1 DAGs
[2024-12-24T18:53:07.737+0000] {logging_mixin.py:190} INFO - [2024-12-24T18:53:07.737+0000] {dag.py:4180} INFO - Setting next_dagrun for example_short_circuit_operator to None, run_after=None
[2024-12-24T18:53:07.767+0000] {processor.py:208} INFO - Processing /home/airflow/.local/lib/python3.12/site-packages/airflow/example_dags/example_short_circuit_operator.py took 0.100 seconds
[2024-12-24T18:53:39.406+0000] {processor.py:186} INFO - Started process (PID=470) to work on /home/airflow/.local/lib/python3.12/site-packages/airflow/example_dags/example_short_circuit_operator.py
[2024-12-24T18:53:39.408+0000] {processor.py:914} INFO - Processing file /home/airflow/.local/lib/python3.12/site-packages/airflow/example_dags/example_short_circuit_operator.py for tasks to queue
[2024-12-24T18:53:39.411+0000] {logging_mixin.py:190} INFO - [2024-12-24T18:53:39.410+0000] {dagbag.py:588} INFO - Filling up the DagBag from /home/airflow/.local/lib/python3.12/site-packages/airflow/example_dags/example_short_circuit_operator.py
[2024-12-24T18:53:39.421+0000] {processor.py:925} INFO - DAG(s) 'example_short_circuit_operator' retrieved from /home/airflow/.local/lib/python3.12/site-packages/airflow/example_dags/example_short_circuit_operator.py
[2024-12-24T18:53:39.450+0000] {logging_mixin.py:190} INFO - [2024-12-24T18:53:39.450+0000] {dag.py:3239} INFO - Sync 1 DAGs
[2024-12-24T18:53:39.467+0000] {logging_mixin.py:190} INFO - [2024-12-24T18:53:39.467+0000] {dag.py:4180} INFO - Setting next_dagrun for example_short_circuit_operator to None, run_after=None
[2024-12-24T18:53:39.496+0000] {processor.py:208} INFO - Processing /home/airflow/.local/lib/python3.12/site-packages/airflow/example_dags/example_short_circuit_operator.py took 0.096 seconds
[2024-12-24T18:54:11.395+0000] {processor.py:186} INFO - Started process (PID=533) to work on /home/airflow/.local/lib/python3.12/site-packages/airflow/example_dags/example_short_circuit_operator.py
[2024-12-24T18:54:11.397+0000] {processor.py:914} INFO - Processing file /home/airflow/.local/lib/python3.12/site-packages/airflow/example_dags/example_short_circuit_operator.py for tasks to queue
[2024-12-24T18:54:11.400+0000] {logging_mixin.py:190} INFO - [2024-12-24T18:54:11.400+0000] {dagbag.py:588} INFO - Filling up the DagBag from /home/airflow/.local/lib/python3.12/site-packages/airflow/example_dags/example_short_circuit_operator.py
[2024-12-24T18:54:11.410+0000] {processor.py:925} INFO - DAG(s) 'example_short_circuit_operator' retrieved from /home/airflow/.local/lib/python3.12/site-packages/airflow/example_dags/example_short_circuit_operator.py
[2024-12-24T18:54:11.441+0000] {logging_mixin.py:190} INFO - [2024-12-24T18:54:11.440+0000] {dag.py:3239} INFO - Sync 1 DAGs
[2024-12-24T18:54:11.458+0000] {logging_mixin.py:190} INFO - [2024-12-24T18:54:11.457+0000] {dag.py:4180} INFO - Setting next_dagrun for example_short_circuit_operator to None, run_after=None
[2024-12-24T18:54:11.487+0000] {processor.py:208} INFO - Processing /home/airflow/.local/lib/python3.12/site-packages/airflow/example_dags/example_short_circuit_operator.py took 0.099 seconds
[2024-12-24T18:54:43.062+0000] {processor.py:186} INFO - Started process (PID=596) to work on /home/airflow/.local/lib/python3.12/site-packages/airflow/example_dags/example_short_circuit_operator.py
[2024-12-24T18:54:43.063+0000] {processor.py:914} INFO - Processing file /home/airflow/.local/lib/python3.12/site-packages/airflow/example_dags/example_short_circuit_operator.py for tasks to queue
[2024-12-24T18:54:43.066+0000] {logging_mixin.py:190} INFO - [2024-12-24T18:54:43.066+0000] {dagbag.py:588} INFO - Filling up the DagBag from /home/airflow/.local/lib/python3.12/site-packages/airflow/example_dags/example_short_circuit_operator.py
[2024-12-24T18:54:43.076+0000] {processor.py:925} INFO - DAG(s) 'example_short_circuit_operator' retrieved from /home/airflow/.local/lib/python3.12/site-packages/airflow/example_dags/example_short_circuit_operator.py
[2024-12-24T18:54:43.102+0000] {logging_mixin.py:190} INFO - [2024-12-24T18:54:43.102+0000] {dag.py:3239} INFO - Sync 1 DAGs
[2024-12-24T18:54:43.117+0000] {logging_mixin.py:190} INFO - [2024-12-24T18:54:43.116+0000] {dag.py:4180} INFO - Setting next_dagrun for example_short_circuit_operator to None, run_after=None
[2024-12-24T18:54:43.143+0000] {processor.py:208} INFO - Processing /home/airflow/.local/lib/python3.12/site-packages/airflow/example_dags/example_short_circuit_operator.py took 0.086 seconds
[2024-12-24T18:55:14.297+0000] {processor.py:186} INFO - Started process (PID=659) to work on /home/airflow/.local/lib/python3.12/site-packages/airflow/example_dags/example_short_circuit_operator.py
[2024-12-24T18:55:14.298+0000] {processor.py:914} INFO - Processing file /home/airflow/.local/lib/python3.12/site-packages/airflow/example_dags/example_short_circuit_operator.py for tasks to queue
[2024-12-24T18:55:14.301+0000] {logging_mixin.py:190} INFO - [2024-12-24T18:55:14.301+0000] {dagbag.py:588} INFO - Filling up the DagBag from /home/airflow/.local/lib/python3.12/site-packages/airflow/example_dags/example_short_circuit_operator.py
[2024-12-24T18:55:14.311+0000] {processor.py:925} INFO - DAG(s) 'example_short_circuit_operator' retrieved from /home/airflow/.local/lib/python3.12/site-packages/airflow/example_dags/example_short_circuit_operator.py
[2024-12-24T18:55:14.338+0000] {logging_mixin.py:190} INFO - [2024-12-24T18:55:14.338+0000] {dag.py:3239} INFO - Sync 1 DAGs
[2024-12-24T18:55:14.364+0000] {logging_mixin.py:190} INFO - [2024-12-24T18:55:14.363+0000] {dag.py:4180} INFO - Setting next_dagrun for example_short_circuit_operator to None, run_after=None
[2024-12-24T18:55:14.405+0000] {processor.py:208} INFO - Processing /home/airflow/.local/lib/python3.12/site-packages/airflow/example_dags/example_short_circuit_operator.py took 0.116 seconds
[2024-12-24T18:55:45.878+0000] {processor.py:186} INFO - Started process (PID=722) to work on /home/airflow/.local/lib/python3.12/site-packages/airflow/example_dags/example_short_circuit_operator.py
[2024-12-24T18:55:45.879+0000] {processor.py:914} INFO - Processing file /home/airflow/.local/lib/python3.12/site-packages/airflow/example_dags/example_short_circuit_operator.py for tasks to queue
[2024-12-24T18:55:45.882+0000] {logging_mixin.py:190} INFO - [2024-12-24T18:55:45.881+0000] {dagbag.py:588} INFO - Filling up the DagBag from /home/airflow/.local/lib/python3.12/site-packages/airflow/example_dags/example_short_circuit_operator.py
[2024-12-24T18:55:45.891+0000] {processor.py:925} INFO - DAG(s) 'example_short_circuit_operator' retrieved from /home/airflow/.local/lib/python3.12/site-packages/airflow/example_dags/example_short_circuit_operator.py
[2024-12-24T18:55:45.920+0000] {logging_mixin.py:190} INFO - [2024-12-24T18:55:45.919+0000] {dag.py:3239} INFO - Sync 1 DAGs
[2024-12-24T18:55:45.937+0000] {logging_mixin.py:190} INFO - [2024-12-24T18:55:45.937+0000] {dag.py:4180} INFO - Setting next_dagrun for example_short_circuit_operator to None, run_after=None
[2024-12-24T18:55:45.964+0000] {processor.py:208} INFO - Processing /home/airflow/.local/lib/python3.12/site-packages/airflow/example_dags/example_short_circuit_operator.py took 0.092 seconds
[2024-12-24T18:56:17.114+0000] {processor.py:186} INFO - Started process (PID=791) to work on /home/airflow/.local/lib/python3.12/site-packages/airflow/example_dags/example_short_circuit_operator.py
[2024-12-24T18:56:17.116+0000] {processor.py:914} INFO - Processing file /home/airflow/.local/lib/python3.12/site-packages/airflow/example_dags/example_short_circuit_operator.py for tasks to queue
[2024-12-24T18:56:17.118+0000] {logging_mixin.py:190} INFO - [2024-12-24T18:56:17.118+0000] {dagbag.py:588} INFO - Filling up the DagBag from /home/airflow/.local/lib/python3.12/site-packages/airflow/example_dags/example_short_circuit_operator.py
[2024-12-24T18:56:17.127+0000] {processor.py:925} INFO - DAG(s) 'example_short_circuit_operator' retrieved from /home/airflow/.local/lib/python3.12/site-packages/airflow/example_dags/example_short_circuit_operator.py
[2024-12-24T18:56:17.153+0000] {logging_mixin.py:190} INFO - [2024-12-24T18:56:17.153+0000] {dag.py:3239} INFO - Sync 1 DAGs
[2024-12-24T18:56:17.172+0000] {logging_mixin.py:190} INFO - [2024-12-24T18:56:17.172+0000] {dag.py:4180} INFO - Setting next_dagrun for example_short_circuit_operator to None, run_after=None
[2024-12-24T18:56:17.243+0000] {processor.py:208} INFO - Processing /home/airflow/.local/lib/python3.12/site-packages/airflow/example_dags/example_short_circuit_operator.py took 0.135 seconds
[2024-12-24T18:56:48.696+0000] {processor.py:186} INFO - Started process (PID=854) to work on /home/airflow/.local/lib/python3.12/site-packages/airflow/example_dags/example_short_circuit_operator.py
[2024-12-24T18:56:48.697+0000] {processor.py:914} INFO - Processing file /home/airflow/.local/lib/python3.12/site-packages/airflow/example_dags/example_short_circuit_operator.py for tasks to queue
[2024-12-24T18:56:48.700+0000] {logging_mixin.py:190} INFO - [2024-12-24T18:56:48.699+0000] {dagbag.py:588} INFO - Filling up the DagBag from /home/airflow/.local/lib/python3.12/site-packages/airflow/example_dags/example_short_circuit_operator.py
[2024-12-24T18:56:48.709+0000] {processor.py:925} INFO - DAG(s) 'example_short_circuit_operator' retrieved from /home/airflow/.local/lib/python3.12/site-packages/airflow/example_dags/example_short_circuit_operator.py
[2024-12-24T18:56:48.737+0000] {logging_mixin.py:190} INFO - [2024-12-24T18:56:48.737+0000] {dag.py:3239} INFO - Sync 1 DAGs
[2024-12-24T18:56:48.754+0000] {logging_mixin.py:190} INFO - [2024-12-24T18:56:48.754+0000] {dag.py:4180} INFO - Setting next_dagrun for example_short_circuit_operator to None, run_after=None
[2024-12-24T18:56:48.785+0000] {processor.py:208} INFO - Processing /home/airflow/.local/lib/python3.12/site-packages/airflow/example_dags/example_short_circuit_operator.py took 0.096 seconds
[2024-12-24T18:57:19.556+0000] {processor.py:186} INFO - Started process (PID=917) to work on /home/airflow/.local/lib/python3.12/site-packages/airflow/example_dags/example_short_circuit_operator.py
[2024-12-24T18:57:19.558+0000] {processor.py:914} INFO - Processing file /home/airflow/.local/lib/python3.12/site-packages/airflow/example_dags/example_short_circuit_operator.py for tasks to queue
[2024-12-24T18:57:19.560+0000] {logging_mixin.py:190} INFO - [2024-12-24T18:57:19.560+0000] {dagbag.py:588} INFO - Filling up the DagBag from /home/airflow/.local/lib/python3.12/site-packages/airflow/example_dags/example_short_circuit_operator.py
[2024-12-24T18:57:19.569+0000] {processor.py:925} INFO - DAG(s) 'example_short_circuit_operator' retrieved from /home/airflow/.local/lib/python3.12/site-packages/airflow/example_dags/example_short_circuit_operator.py
[2024-12-24T18:57:19.596+0000] {logging_mixin.py:190} INFO - [2024-12-24T18:57:19.596+0000] {dag.py:3239} INFO - Sync 1 DAGs
[2024-12-24T18:57:19.611+0000] {logging_mixin.py:190} INFO - [2024-12-24T18:57:19.610+0000] {dag.py:4180} INFO - Setting next_dagrun for example_short_circuit_operator to None, run_after=None
[2024-12-24T18:57:19.639+0000] {processor.py:208} INFO - Processing /home/airflow/.local/lib/python3.12/site-packages/airflow/example_dags/example_short_circuit_operator.py took 0.088 seconds
[2024-12-24T18:57:51.067+0000] {processor.py:186} INFO - Started process (PID=980) to work on /home/airflow/.local/lib/python3.12/site-packages/airflow/example_dags/example_short_circuit_operator.py
[2024-12-24T18:57:51.069+0000] {processor.py:914} INFO - Processing file /home/airflow/.local/lib/python3.12/site-packages/airflow/example_dags/example_short_circuit_operator.py for tasks to queue
[2024-12-24T18:57:51.072+0000] {logging_mixin.py:190} INFO - [2024-12-24T18:57:51.072+0000] {dagbag.py:588} INFO - Filling up the DagBag from /home/airflow/.local/lib/python3.12/site-packages/airflow/example_dags/example_short_circuit_operator.py
[2024-12-24T18:57:51.083+0000] {processor.py:925} INFO - DAG(s) 'example_short_circuit_operator' retrieved from /home/airflow/.local/lib/python3.12/site-packages/airflow/example_dags/example_short_circuit_operator.py
[2024-12-24T18:57:51.113+0000] {logging_mixin.py:190} INFO - [2024-12-24T18:57:51.113+0000] {dag.py:3239} INFO - Sync 1 DAGs
[2024-12-24T18:57:51.130+0000] {logging_mixin.py:190} INFO - [2024-12-24T18:57:51.130+0000] {dag.py:4180} INFO - Setting next_dagrun for example_short_circuit_operator to None, run_after=None
[2024-12-24T18:57:51.161+0000] {processor.py:208} INFO - Processing /home/airflow/.local/lib/python3.12/site-packages/airflow/example_dags/example_short_circuit_operator.py took 0.100 seconds
[2024-12-24T18:58:22.197+0000] {processor.py:186} INFO - Started process (PID=1047) to work on /home/airflow/.local/lib/python3.12/site-packages/airflow/example_dags/example_short_circuit_operator.py
[2024-12-24T18:58:22.199+0000] {processor.py:914} INFO - Processing file /home/airflow/.local/lib/python3.12/site-packages/airflow/example_dags/example_short_circuit_operator.py for tasks to queue
[2024-12-24T18:58:22.202+0000] {logging_mixin.py:190} INFO - [2024-12-24T18:58:22.201+0000] {dagbag.py:588} INFO - Filling up the DagBag from /home/airflow/.local/lib/python3.12/site-packages/airflow/example_dags/example_short_circuit_operator.py
[2024-12-24T18:58:22.211+0000] {processor.py:925} INFO - DAG(s) 'example_short_circuit_operator' retrieved from /home/airflow/.local/lib/python3.12/site-packages/airflow/example_dags/example_short_circuit_operator.py
[2024-12-24T18:58:22.238+0000] {logging_mixin.py:190} INFO - [2024-12-24T18:58:22.238+0000] {dag.py:3239} INFO - Sync 1 DAGs
[2024-12-24T18:58:22.255+0000] {logging_mixin.py:190} INFO - [2024-12-24T18:58:22.255+0000] {dag.py:4180} INFO - Setting next_dagrun for example_short_circuit_operator to None, run_after=None
[2024-12-24T18:58:22.281+0000] {processor.py:208} INFO - Processing /home/airflow/.local/lib/python3.12/site-packages/airflow/example_dags/example_short_circuit_operator.py took 0.089 seconds
[2024-12-24T18:58:53.112+0000] {processor.py:186} INFO - Started process (PID=1108) to work on /home/airflow/.local/lib/python3.12/site-packages/airflow/example_dags/example_short_circuit_operator.py
[2024-12-24T18:58:53.114+0000] {processor.py:914} INFO - Processing file /home/airflow/.local/lib/python3.12/site-packages/airflow/example_dags/example_short_circuit_operator.py for tasks to queue
[2024-12-24T18:58:53.117+0000] {logging_mixin.py:190} INFO - [2024-12-24T18:58:53.116+0000] {dagbag.py:588} INFO - Filling up the DagBag from /home/airflow/.local/lib/python3.12/site-packages/airflow/example_dags/example_short_circuit_operator.py
[2024-12-24T18:58:53.126+0000] {processor.py:925} INFO - DAG(s) 'example_short_circuit_operator' retrieved from /home/airflow/.local/lib/python3.12/site-packages/airflow/example_dags/example_short_circuit_operator.py
[2024-12-24T18:58:53.151+0000] {logging_mixin.py:190} INFO - [2024-12-24T18:58:53.151+0000] {dag.py:3239} INFO - Sync 1 DAGs
[2024-12-24T18:58:53.166+0000] {logging_mixin.py:190} INFO - [2024-12-24T18:58:53.166+0000] {dag.py:4180} INFO - Setting next_dagrun for example_short_circuit_operator to None, run_after=None
[2024-12-24T18:58:53.190+0000] {processor.py:208} INFO - Processing /home/airflow/.local/lib/python3.12/site-packages/airflow/example_dags/example_short_circuit_operator.py took 0.084 seconds
[2024-12-24T18:59:23.577+0000] {processor.py:186} INFO - Started process (PID=1170) to work on /home/airflow/.local/lib/python3.12/site-packages/airflow/example_dags/example_short_circuit_operator.py
[2024-12-24T18:59:23.578+0000] {processor.py:914} INFO - Processing file /home/airflow/.local/lib/python3.12/site-packages/airflow/example_dags/example_short_circuit_operator.py for tasks to queue
[2024-12-24T18:59:23.580+0000] {logging_mixin.py:190} INFO - [2024-12-24T18:59:23.580+0000] {dagbag.py:588} INFO - Filling up the DagBag from /home/airflow/.local/lib/python3.12/site-packages/airflow/example_dags/example_short_circuit_operator.py
[2024-12-24T18:59:23.589+0000] {processor.py:925} INFO - DAG(s) 'example_short_circuit_operator' retrieved from /home/airflow/.local/lib/python3.12/site-packages/airflow/example_dags/example_short_circuit_operator.py
[2024-12-24T18:59:23.615+0000] {logging_mixin.py:190} INFO - [2024-12-24T18:59:23.615+0000] {dag.py:3239} INFO - Sync 1 DAGs
[2024-12-24T18:59:23.632+0000] {logging_mixin.py:190} INFO - [2024-12-24T18:59:23.632+0000] {dag.py:4180} INFO - Setting next_dagrun for example_short_circuit_operator to None, run_after=None
[2024-12-24T18:59:23.658+0000] {processor.py:208} INFO - Processing /home/airflow/.local/lib/python3.12/site-packages/airflow/example_dags/example_short_circuit_operator.py took 0.086 seconds
[2024-12-24T18:59:53.869+0000] {processor.py:186} INFO - Started process (PID=1233) to work on /home/airflow/.local/lib/python3.12/site-packages/airflow/example_dags/example_short_circuit_operator.py
[2024-12-24T18:59:53.871+0000] {processor.py:914} INFO - Processing file /home/airflow/.local/lib/python3.12/site-packages/airflow/example_dags/example_short_circuit_operator.py for tasks to queue
[2024-12-24T18:59:53.874+0000] {logging_mixin.py:190} INFO - [2024-12-24T18:59:53.874+0000] {dagbag.py:588} INFO - Filling up the DagBag from /home/airflow/.local/lib/python3.12/site-packages/airflow/example_dags/example_short_circuit_operator.py
[2024-12-24T18:59:53.886+0000] {processor.py:925} INFO - DAG(s) 'example_short_circuit_operator' retrieved from /home/airflow/.local/lib/python3.12/site-packages/airflow/example_dags/example_short_circuit_operator.py
[2024-12-24T18:59:53.919+0000] {logging_mixin.py:190} INFO - [2024-12-24T18:59:53.919+0000] {dag.py:3239} INFO - Sync 1 DAGs
[2024-12-24T18:59:53.940+0000] {logging_mixin.py:190} INFO - [2024-12-24T18:59:53.939+0000] {dag.py:4180} INFO - Setting next_dagrun for example_short_circuit_operator to None, run_after=None
[2024-12-24T18:59:53.970+0000] {processor.py:208} INFO - Processing /home/airflow/.local/lib/python3.12/site-packages/airflow/example_dags/example_short_circuit_operator.py took 0.108 seconds
[2024-12-24T19:00:24.213+0000] {processor.py:186} INFO - Started process (PID=1295) to work on /home/airflow/.local/lib/python3.12/site-packages/airflow/example_dags/example_short_circuit_operator.py
[2024-12-24T19:00:24.214+0000] {processor.py:914} INFO - Processing file /home/airflow/.local/lib/python3.12/site-packages/airflow/example_dags/example_short_circuit_operator.py for tasks to queue
[2024-12-24T19:00:24.217+0000] {logging_mixin.py:190} INFO - [2024-12-24T19:00:24.216+0000] {dagbag.py:588} INFO - Filling up the DagBag from /home/airflow/.local/lib/python3.12/site-packages/airflow/example_dags/example_short_circuit_operator.py
[2024-12-24T19:00:24.226+0000] {processor.py:925} INFO - DAG(s) 'example_short_circuit_operator' retrieved from /home/airflow/.local/lib/python3.12/site-packages/airflow/example_dags/example_short_circuit_operator.py
[2024-12-24T19:00:24.252+0000] {logging_mixin.py:190} INFO - [2024-12-24T19:00:24.252+0000] {dag.py:3239} INFO - Sync 1 DAGs
[2024-12-24T19:00:24.267+0000] {logging_mixin.py:190} INFO - [2024-12-24T19:00:24.267+0000] {dag.py:4180} INFO - Setting next_dagrun for example_short_circuit_operator to None, run_after=None
[2024-12-24T19:00:24.296+0000] {processor.py:208} INFO - Processing /home/airflow/.local/lib/python3.12/site-packages/airflow/example_dags/example_short_circuit_operator.py took 0.089 seconds
[2024-12-24T19:00:54.832+0000] {processor.py:186} INFO - Started process (PID=1358) to work on /home/airflow/.local/lib/python3.12/site-packages/airflow/example_dags/example_short_circuit_operator.py
[2024-12-24T19:00:54.833+0000] {processor.py:914} INFO - Processing file /home/airflow/.local/lib/python3.12/site-packages/airflow/example_dags/example_short_circuit_operator.py for tasks to queue
[2024-12-24T19:00:54.836+0000] {logging_mixin.py:190} INFO - [2024-12-24T19:00:54.836+0000] {dagbag.py:588} INFO - Filling up the DagBag from /home/airflow/.local/lib/python3.12/site-packages/airflow/example_dags/example_short_circuit_operator.py
[2024-12-24T19:00:54.845+0000] {processor.py:925} INFO - DAG(s) 'example_short_circuit_operator' retrieved from /home/airflow/.local/lib/python3.12/site-packages/airflow/example_dags/example_short_circuit_operator.py
[2024-12-24T19:00:54.873+0000] {logging_mixin.py:190} INFO - [2024-12-24T19:00:54.873+0000] {dag.py:3239} INFO - Sync 1 DAGs
[2024-12-24T19:00:54.890+0000] {logging_mixin.py:190} INFO - [2024-12-24T19:00:54.889+0000] {dag.py:4180} INFO - Setting next_dagrun for example_short_circuit_operator to None, run_after=None
[2024-12-24T19:00:54.915+0000] {processor.py:208} INFO - Processing /home/airflow/.local/lib/python3.12/site-packages/airflow/example_dags/example_short_circuit_operator.py took 0.090 seconds
[2024-12-24T19:01:25.520+0000] {processor.py:186} INFO - Started process (PID=1419) to work on /home/airflow/.local/lib/python3.12/site-packages/airflow/example_dags/example_short_circuit_operator.py
[2024-12-24T19:01:25.521+0000] {processor.py:914} INFO - Processing file /home/airflow/.local/lib/python3.12/site-packages/airflow/example_dags/example_short_circuit_operator.py for tasks to queue
[2024-12-24T19:01:25.524+0000] {logging_mixin.py:190} INFO - [2024-12-24T19:01:25.523+0000] {dagbag.py:588} INFO - Filling up the DagBag from /home/airflow/.local/lib/python3.12/site-packages/airflow/example_dags/example_short_circuit_operator.py
[2024-12-24T19:01:25.533+0000] {processor.py:925} INFO - DAG(s) 'example_short_circuit_operator' retrieved from /home/airflow/.local/lib/python3.12/site-packages/airflow/example_dags/example_short_circuit_operator.py
[2024-12-24T19:01:25.561+0000] {logging_mixin.py:190} INFO - [2024-12-24T19:01:25.561+0000] {dag.py:3239} INFO - Sync 1 DAGs
[2024-12-24T19:01:25.580+0000] {logging_mixin.py:190} INFO - [2024-12-24T19:01:25.579+0000] {dag.py:4180} INFO - Setting next_dagrun for example_short_circuit_operator to None, run_after=None
[2024-12-24T19:01:25.613+0000] {processor.py:208} INFO - Processing /home/airflow/.local/lib/python3.12/site-packages/airflow/example_dags/example_short_circuit_operator.py took 0.099 seconds
[2024-12-24T19:01:56.506+0000] {processor.py:186} INFO - Started process (PID=1482) to work on /home/airflow/.local/lib/python3.12/site-packages/airflow/example_dags/example_short_circuit_operator.py
[2024-12-24T19:01:56.507+0000] {processor.py:914} INFO - Processing file /home/airflow/.local/lib/python3.12/site-packages/airflow/example_dags/example_short_circuit_operator.py for tasks to queue
[2024-12-24T19:01:56.510+0000] {logging_mixin.py:190} INFO - [2024-12-24T19:01:56.510+0000] {dagbag.py:588} INFO - Filling up the DagBag from /home/airflow/.local/lib/python3.12/site-packages/airflow/example_dags/example_short_circuit_operator.py
[2024-12-24T19:01:56.519+0000] {processor.py:925} INFO - DAG(s) 'example_short_circuit_operator' retrieved from /home/airflow/.local/lib/python3.12/site-packages/airflow/example_dags/example_short_circuit_operator.py
[2024-12-24T19:01:56.544+0000] {logging_mixin.py:190} INFO - [2024-12-24T19:01:56.544+0000] {dag.py:3239} INFO - Sync 1 DAGs
[2024-12-24T19:01:56.560+0000] {logging_mixin.py:190} INFO - [2024-12-24T19:01:56.560+0000] {dag.py:4180} INFO - Setting next_dagrun for example_short_circuit_operator to None, run_after=None
[2024-12-24T19:01:56.588+0000] {processor.py:208} INFO - Processing /home/airflow/.local/lib/python3.12/site-packages/airflow/example_dags/example_short_circuit_operator.py took 0.089 seconds
[2024-12-24T19:02:27.195+0000] {processor.py:186} INFO - Started process (PID=1545) to work on /home/airflow/.local/lib/python3.12/site-packages/airflow/example_dags/example_short_circuit_operator.py
[2024-12-24T19:02:27.196+0000] {processor.py:914} INFO - Processing file /home/airflow/.local/lib/python3.12/site-packages/airflow/example_dags/example_short_circuit_operator.py for tasks to queue
[2024-12-24T19:02:27.199+0000] {logging_mixin.py:190} INFO - [2024-12-24T19:02:27.198+0000] {dagbag.py:588} INFO - Filling up the DagBag from /home/airflow/.local/lib/python3.12/site-packages/airflow/example_dags/example_short_circuit_operator.py
[2024-12-24T19:02:27.208+0000] {processor.py:925} INFO - DAG(s) 'example_short_circuit_operator' retrieved from /home/airflow/.local/lib/python3.12/site-packages/airflow/example_dags/example_short_circuit_operator.py
[2024-12-24T19:02:27.244+0000] {logging_mixin.py:190} INFO - [2024-12-24T19:02:27.244+0000] {dag.py:3239} INFO - Sync 1 DAGs
[2024-12-24T19:02:27.261+0000] {logging_mixin.py:190} INFO - [2024-12-24T19:02:27.260+0000] {dag.py:4180} INFO - Setting next_dagrun for example_short_circuit_operator to None, run_after=None
[2024-12-24T19:02:27.287+0000] {processor.py:208} INFO - Processing /home/airflow/.local/lib/python3.12/site-packages/airflow/example_dags/example_short_circuit_operator.py took 0.099 seconds
[2024-12-24T19:02:57.674+0000] {processor.py:186} INFO - Started process (PID=1608) to work on /home/airflow/.local/lib/python3.12/site-packages/airflow/example_dags/example_short_circuit_operator.py
[2024-12-24T19:02:57.675+0000] {processor.py:914} INFO - Processing file /home/airflow/.local/lib/python3.12/site-packages/airflow/example_dags/example_short_circuit_operator.py for tasks to queue
[2024-12-24T19:02:57.678+0000] {logging_mixin.py:190} INFO - [2024-12-24T19:02:57.678+0000] {dagbag.py:588} INFO - Filling up the DagBag from /home/airflow/.local/lib/python3.12/site-packages/airflow/example_dags/example_short_circuit_operator.py
[2024-12-24T19:02:57.688+0000] {processor.py:925} INFO - DAG(s) 'example_short_circuit_operator' retrieved from /home/airflow/.local/lib/python3.12/site-packages/airflow/example_dags/example_short_circuit_operator.py
[2024-12-24T19:02:57.723+0000] {logging_mixin.py:190} INFO - [2024-12-24T19:02:57.722+0000] {dag.py:3239} INFO - Sync 1 DAGs
[2024-12-24T19:02:57.738+0000] {logging_mixin.py:190} INFO - [2024-12-24T19:02:57.738+0000] {dag.py:4180} INFO - Setting next_dagrun for example_short_circuit_operator to None, run_after=None
[2024-12-24T19:02:57.765+0000] {processor.py:208} INFO - Processing /home/airflow/.local/lib/python3.12/site-packages/airflow/example_dags/example_short_circuit_operator.py took 0.098 seconds
[2024-12-24T19:03:28.196+0000] {processor.py:186} INFO - Started process (PID=1677) to work on /home/airflow/.local/lib/python3.12/site-packages/airflow/example_dags/example_short_circuit_operator.py
[2024-12-24T19:03:28.197+0000] {processor.py:914} INFO - Processing file /home/airflow/.local/lib/python3.12/site-packages/airflow/example_dags/example_short_circuit_operator.py for tasks to queue
[2024-12-24T19:03:28.200+0000] {logging_mixin.py:190} INFO - [2024-12-24T19:03:28.200+0000] {dagbag.py:588} INFO - Filling up the DagBag from /home/airflow/.local/lib/python3.12/site-packages/airflow/example_dags/example_short_circuit_operator.py
[2024-12-24T19:03:28.209+0000] {processor.py:925} INFO - DAG(s) 'example_short_circuit_operator' retrieved from /home/airflow/.local/lib/python3.12/site-packages/airflow/example_dags/example_short_circuit_operator.py
[2024-12-24T19:03:28.236+0000] {logging_mixin.py:190} INFO - [2024-12-24T19:03:28.236+0000] {dag.py:3239} INFO - Sync 1 DAGs
[2024-12-24T19:03:28.251+0000] {logging_mixin.py:190} INFO - [2024-12-24T19:03:28.251+0000] {dag.py:4180} INFO - Setting next_dagrun for example_short_circuit_operator to None, run_after=None
[2024-12-24T19:03:28.276+0000] {processor.py:208} INFO - Processing /home/airflow/.local/lib/python3.12/site-packages/airflow/example_dags/example_short_circuit_operator.py took 0.086 seconds
[2024-12-24T19:03:58.372+0000] {processor.py:186} INFO - Started process (PID=1740) to work on /home/airflow/.local/lib/python3.12/site-packages/airflow/example_dags/example_short_circuit_operator.py
[2024-12-24T19:03:58.374+0000] {processor.py:914} INFO - Processing file /home/airflow/.local/lib/python3.12/site-packages/airflow/example_dags/example_short_circuit_operator.py for tasks to queue
[2024-12-24T19:03:58.377+0000] {logging_mixin.py:190} INFO - [2024-12-24T19:03:58.377+0000] {dagbag.py:588} INFO - Filling up the DagBag from /home/airflow/.local/lib/python3.12/site-packages/airflow/example_dags/example_short_circuit_operator.py
[2024-12-24T19:03:58.386+0000] {processor.py:925} INFO - DAG(s) 'example_short_circuit_operator' retrieved from /home/airflow/.local/lib/python3.12/site-packages/airflow/example_dags/example_short_circuit_operator.py
[2024-12-24T19:03:58.411+0000] {logging_mixin.py:190} INFO - [2024-12-24T19:03:58.411+0000] {dag.py:3239} INFO - Sync 1 DAGs
[2024-12-24T19:03:58.426+0000] {logging_mixin.py:190} INFO - [2024-12-24T19:03:58.426+0000] {dag.py:4180} INFO - Setting next_dagrun for example_short_circuit_operator to None, run_after=None
[2024-12-24T19:03:58.455+0000] {processor.py:208} INFO - Processing /home/airflow/.local/lib/python3.12/site-packages/airflow/example_dags/example_short_circuit_operator.py took 0.089 seconds
[2024-12-24T19:04:28.833+0000] {processor.py:186} INFO - Started process (PID=1803) to work on /home/airflow/.local/lib/python3.12/site-packages/airflow/example_dags/example_short_circuit_operator.py
[2024-12-24T19:04:28.834+0000] {processor.py:914} INFO - Processing file /home/airflow/.local/lib/python3.12/site-packages/airflow/example_dags/example_short_circuit_operator.py for tasks to queue
[2024-12-24T19:04:28.837+0000] {logging_mixin.py:190} INFO - [2024-12-24T19:04:28.836+0000] {dagbag.py:588} INFO - Filling up the DagBag from /home/airflow/.local/lib/python3.12/site-packages/airflow/example_dags/example_short_circuit_operator.py
[2024-12-24T19:04:28.847+0000] {processor.py:925} INFO - DAG(s) 'example_short_circuit_operator' retrieved from /home/airflow/.local/lib/python3.12/site-packages/airflow/example_dags/example_short_circuit_operator.py
[2024-12-24T19:04:28.875+0000] {logging_mixin.py:190} INFO - [2024-12-24T19:04:28.875+0000] {dag.py:3239} INFO - Sync 1 DAGs
[2024-12-24T19:04:28.892+0000] {logging_mixin.py:190} INFO - [2024-12-24T19:04:28.892+0000] {dag.py:4180} INFO - Setting next_dagrun for example_short_circuit_operator to None, run_after=None
[2024-12-24T19:04:28.921+0000] {processor.py:208} INFO - Processing /home/airflow/.local/lib/python3.12/site-packages/airflow/example_dags/example_short_circuit_operator.py took 0.094 seconds
[2024-12-24T19:04:59.163+0000] {processor.py:186} INFO - Started process (PID=1866) to work on /home/airflow/.local/lib/python3.12/site-packages/airflow/example_dags/example_short_circuit_operator.py
[2024-12-24T19:04:59.165+0000] {processor.py:914} INFO - Processing file /home/airflow/.local/lib/python3.12/site-packages/airflow/example_dags/example_short_circuit_operator.py for tasks to queue
[2024-12-24T19:04:59.168+0000] {logging_mixin.py:190} INFO - [2024-12-24T19:04:59.167+0000] {dagbag.py:588} INFO - Filling up the DagBag from /home/airflow/.local/lib/python3.12/site-packages/airflow/example_dags/example_short_circuit_operator.py
[2024-12-24T19:04:59.178+0000] {processor.py:925} INFO - DAG(s) 'example_short_circuit_operator' retrieved from /home/airflow/.local/lib/python3.12/site-packages/airflow/example_dags/example_short_circuit_operator.py
[2024-12-24T19:04:59.205+0000] {logging_mixin.py:190} INFO - [2024-12-24T19:04:59.205+0000] {dag.py:3239} INFO - Sync 1 DAGs
[2024-12-24T19:04:59.223+0000] {logging_mixin.py:190} INFO - [2024-12-24T19:04:59.222+0000] {dag.py:4180} INFO - Setting next_dagrun for example_short_circuit_operator to None, run_after=None
[2024-12-24T19:04:59.253+0000] {processor.py:208} INFO - Processing /home/airflow/.local/lib/python3.12/site-packages/airflow/example_dags/example_short_circuit_operator.py took 0.096 seconds
[2024-12-24T19:05:29.531+0000] {processor.py:186} INFO - Started process (PID=1929) to work on /home/airflow/.local/lib/python3.12/site-packages/airflow/example_dags/example_short_circuit_operator.py
[2024-12-24T19:05:29.533+0000] {processor.py:914} INFO - Processing file /home/airflow/.local/lib/python3.12/site-packages/airflow/example_dags/example_short_circuit_operator.py for tasks to queue
[2024-12-24T19:05:29.537+0000] {logging_mixin.py:190} INFO - [2024-12-24T19:05:29.536+0000] {dagbag.py:588} INFO - Filling up the DagBag from /home/airflow/.local/lib/python3.12/site-packages/airflow/example_dags/example_short_circuit_operator.py
[2024-12-24T19:05:29.547+0000] {processor.py:925} INFO - DAG(s) 'example_short_circuit_operator' retrieved from /home/airflow/.local/lib/python3.12/site-packages/airflow/example_dags/example_short_circuit_operator.py
[2024-12-24T19:05:29.578+0000] {logging_mixin.py:190} INFO - [2024-12-24T19:05:29.577+0000] {dag.py:3239} INFO - Sync 1 DAGs
[2024-12-24T19:05:29.595+0000] {logging_mixin.py:190} INFO - [2024-12-24T19:05:29.594+0000] {dag.py:4180} INFO - Setting next_dagrun for example_short_circuit_operator to None, run_after=None
[2024-12-24T19:05:29.623+0000] {processor.py:208} INFO - Processing /home/airflow/.local/lib/python3.12/site-packages/airflow/example_dags/example_short_circuit_operator.py took 0.098 seconds
[2024-12-24T19:05:59.995+0000] {processor.py:186} INFO - Started process (PID=1992) to work on /home/airflow/.local/lib/python3.12/site-packages/airflow/example_dags/example_short_circuit_operator.py
[2024-12-24T19:05:59.996+0000] {processor.py:914} INFO - Processing file /home/airflow/.local/lib/python3.12/site-packages/airflow/example_dags/example_short_circuit_operator.py for tasks to queue
[2024-12-24T19:05:59.999+0000] {logging_mixin.py:190} INFO - [2024-12-24T19:05:59.998+0000] {dagbag.py:588} INFO - Filling up the DagBag from /home/airflow/.local/lib/python3.12/site-packages/airflow/example_dags/example_short_circuit_operator.py
[2024-12-24T19:06:00.008+0000] {processor.py:925} INFO - DAG(s) 'example_short_circuit_operator' retrieved from /home/airflow/.local/lib/python3.12/site-packages/airflow/example_dags/example_short_circuit_operator.py
[2024-12-24T19:06:00.035+0000] {logging_mixin.py:190} INFO - [2024-12-24T19:06:00.034+0000] {dag.py:3239} INFO - Sync 1 DAGs
[2024-12-24T19:06:00.051+0000] {logging_mixin.py:190} INFO - [2024-12-24T19:06:00.050+0000] {dag.py:4180} INFO - Setting next_dagrun for example_short_circuit_operator to None, run_after=None
[2024-12-24T19:06:00.082+0000] {processor.py:208} INFO - Processing /home/airflow/.local/lib/python3.12/site-packages/airflow/example_dags/example_short_circuit_operator.py took 0.093 seconds
[2024-12-24T19:06:30.277+0000] {processor.py:186} INFO - Started process (PID=2055) to work on /home/airflow/.local/lib/python3.12/site-packages/airflow/example_dags/example_short_circuit_operator.py
[2024-12-24T19:06:30.279+0000] {processor.py:914} INFO - Processing file /home/airflow/.local/lib/python3.12/site-packages/airflow/example_dags/example_short_circuit_operator.py for tasks to queue
[2024-12-24T19:06:30.282+0000] {logging_mixin.py:190} INFO - [2024-12-24T19:06:30.282+0000] {dagbag.py:588} INFO - Filling up the DagBag from /home/airflow/.local/lib/python3.12/site-packages/airflow/example_dags/example_short_circuit_operator.py
[2024-12-24T19:06:30.291+0000] {processor.py:925} INFO - DAG(s) 'example_short_circuit_operator' retrieved from /home/airflow/.local/lib/python3.12/site-packages/airflow/example_dags/example_short_circuit_operator.py
[2024-12-24T19:06:30.319+0000] {logging_mixin.py:190} INFO - [2024-12-24T19:06:30.319+0000] {dag.py:3239} INFO - Sync 1 DAGs
[2024-12-24T19:06:30.335+0000] {logging_mixin.py:190} INFO - [2024-12-24T19:06:30.335+0000] {dag.py:4180} INFO - Setting next_dagrun for example_short_circuit_operator to None, run_after=None
[2024-12-24T19:06:30.361+0000] {processor.py:208} INFO - Processing /home/airflow/.local/lib/python3.12/site-packages/airflow/example_dags/example_short_circuit_operator.py took 0.090 seconds
[2024-12-24T19:07:00.814+0000] {processor.py:186} INFO - Started process (PID=2118) to work on /home/airflow/.local/lib/python3.12/site-packages/airflow/example_dags/example_short_circuit_operator.py
[2024-12-24T19:07:00.815+0000] {processor.py:914} INFO - Processing file /home/airflow/.local/lib/python3.12/site-packages/airflow/example_dags/example_short_circuit_operator.py for tasks to queue
[2024-12-24T19:07:00.818+0000] {logging_mixin.py:190} INFO - [2024-12-24T19:07:00.817+0000] {dagbag.py:588} INFO - Filling up the DagBag from /home/airflow/.local/lib/python3.12/site-packages/airflow/example_dags/example_short_circuit_operator.py
[2024-12-24T19:07:00.828+0000] {processor.py:925} INFO - DAG(s) 'example_short_circuit_operator' retrieved from /home/airflow/.local/lib/python3.12/site-packages/airflow/example_dags/example_short_circuit_operator.py
[2024-12-24T19:07:00.856+0000] {logging_mixin.py:190} INFO - [2024-12-24T19:07:00.856+0000] {dag.py:3239} INFO - Sync 1 DAGs
[2024-12-24T19:07:00.873+0000] {logging_mixin.py:190} INFO - [2024-12-24T19:07:00.872+0000] {dag.py:4180} INFO - Setting next_dagrun for example_short_circuit_operator to None, run_after=None
[2024-12-24T19:07:00.903+0000] {processor.py:208} INFO - Processing /home/airflow/.local/lib/python3.12/site-packages/airflow/example_dags/example_short_circuit_operator.py took 0.095 seconds
[2024-12-24T19:07:31.154+0000] {processor.py:186} INFO - Started process (PID=2181) to work on /home/airflow/.local/lib/python3.12/site-packages/airflow/example_dags/example_short_circuit_operator.py
[2024-12-24T19:07:31.155+0000] {processor.py:914} INFO - Processing file /home/airflow/.local/lib/python3.12/site-packages/airflow/example_dags/example_short_circuit_operator.py for tasks to queue
[2024-12-24T19:07:31.158+0000] {logging_mixin.py:190} INFO - [2024-12-24T19:07:31.157+0000] {dagbag.py:588} INFO - Filling up the DagBag from /home/airflow/.local/lib/python3.12/site-packages/airflow/example_dags/example_short_circuit_operator.py
[2024-12-24T19:07:31.167+0000] {processor.py:925} INFO - DAG(s) 'example_short_circuit_operator' retrieved from /home/airflow/.local/lib/python3.12/site-packages/airflow/example_dags/example_short_circuit_operator.py
[2024-12-24T19:07:31.197+0000] {logging_mixin.py:190} INFO - [2024-12-24T19:07:31.197+0000] {dag.py:3239} INFO - Sync 1 DAGs
[2024-12-24T19:07:31.212+0000] {logging_mixin.py:190} INFO - [2024-12-24T19:07:31.212+0000] {dag.py:4180} INFO - Setting next_dagrun for example_short_circuit_operator to None, run_after=None
[2024-12-24T19:07:31.241+0000] {processor.py:208} INFO - Processing /home/airflow/.local/lib/python3.12/site-packages/airflow/example_dags/example_short_circuit_operator.py took 0.093 seconds
[2024-12-24T19:08:01.717+0000] {processor.py:186} INFO - Started process (PID=2245) to work on /home/airflow/.local/lib/python3.12/site-packages/airflow/example_dags/example_short_circuit_operator.py
[2024-12-24T19:08:01.720+0000] {processor.py:914} INFO - Processing file /home/airflow/.local/lib/python3.12/site-packages/airflow/example_dags/example_short_circuit_operator.py for tasks to queue
[2024-12-24T19:08:01.725+0000] {logging_mixin.py:190} INFO - [2024-12-24T19:08:01.724+0000] {dagbag.py:588} INFO - Filling up the DagBag from /home/airflow/.local/lib/python3.12/site-packages/airflow/example_dags/example_short_circuit_operator.py
[2024-12-24T19:08:01.742+0000] {processor.py:925} INFO - DAG(s) 'example_short_circuit_operator' retrieved from /home/airflow/.local/lib/python3.12/site-packages/airflow/example_dags/example_short_circuit_operator.py
[2024-12-24T19:08:01.784+0000] {logging_mixin.py:190} INFO - [2024-12-24T19:08:01.784+0000] {dag.py:3239} INFO - Sync 1 DAGs
[2024-12-24T19:08:01.809+0000] {logging_mixin.py:190} INFO - [2024-12-24T19:08:01.808+0000] {dag.py:4180} INFO - Setting next_dagrun for example_short_circuit_operator to None, run_after=None
[2024-12-24T19:08:01.844+0000] {processor.py:208} INFO - Processing /home/airflow/.local/lib/python3.12/site-packages/airflow/example_dags/example_short_circuit_operator.py took 0.139 seconds
[2024-12-24T19:08:31.932+0000] {processor.py:186} INFO - Started process (PID=2308) to work on /home/airflow/.local/lib/python3.12/site-packages/airflow/example_dags/example_short_circuit_operator.py
[2024-12-24T19:08:31.933+0000] {processor.py:914} INFO - Processing file /home/airflow/.local/lib/python3.12/site-packages/airflow/example_dags/example_short_circuit_operator.py for tasks to queue
[2024-12-24T19:08:31.936+0000] {logging_mixin.py:190} INFO - [2024-12-24T19:08:31.936+0000] {dagbag.py:588} INFO - Filling up the DagBag from /home/airflow/.local/lib/python3.12/site-packages/airflow/example_dags/example_short_circuit_operator.py
[2024-12-24T19:08:31.947+0000] {processor.py:925} INFO - DAG(s) 'example_short_circuit_operator' retrieved from /home/airflow/.local/lib/python3.12/site-packages/airflow/example_dags/example_short_circuit_operator.py
[2024-12-24T19:08:31.972+0000] {logging_mixin.py:190} INFO - [2024-12-24T19:08:31.972+0000] {dag.py:3239} INFO - Sync 1 DAGs
[2024-12-24T19:08:31.989+0000] {logging_mixin.py:190} INFO - [2024-12-24T19:08:31.988+0000] {dag.py:4180} INFO - Setting next_dagrun for example_short_circuit_operator to None, run_after=None
[2024-12-24T19:08:32.014+0000] {processor.py:208} INFO - Processing /home/airflow/.local/lib/python3.12/site-packages/airflow/example_dags/example_short_circuit_operator.py took 0.089 seconds
