[2024-12-24T18:50:27.205+0000] {processor.py:186} INFO - Started process (PID=75) to work on /home/airflow/.local/lib/python3.12/site-packages/airflow/example_dags/example_bash_operator.py
[2024-12-24T18:50:27.207+0000] {processor.py:914} INFO - Processing file /home/airflow/.local/lib/python3.12/site-packages/airflow/example_dags/example_bash_operator.py for tasks to queue
[2024-12-24T18:50:27.211+0000] {logging_mixin.py:190} INFO - [2024-12-24T18:50:27.211+0000] {dagbag.py:588} INFO - Filling up the DagBag from /home/airflow/.local/lib/python3.12/site-packages/airflow/example_dags/example_bash_operator.py
[2024-12-24T18:50:27.229+0000] {processor.py:925} INFO - DAG(s) 'example_bash_operator' retrieved from /home/airflow/.local/lib/python3.12/site-packages/airflow/example_dags/example_bash_operator.py
[2024-12-24T18:50:27.268+0000] {logging_mixin.py:190} INFO - [2024-12-24T18:50:27.268+0000] {dag.py:3239} INFO - Sync 1 DAGs
[2024-12-24T18:50:27.295+0000] {logging_mixin.py:190} INFO - [2024-12-24T18:50:27.294+0000] {dag.py:4180} INFO - Setting next_dagrun for example_bash_operator to 2024-12-23 00:00:00+00:00, run_after=2024-12-24 00:00:00+00:00
[2024-12-24T18:50:27.322+0000] {processor.py:208} INFO - Processing /home/airflow/.local/lib/python3.12/site-packages/airflow/example_dags/example_bash_operator.py took 0.124 seconds
[2024-12-24T18:50:57.441+0000] {processor.py:186} INFO - Started process (PID=138) to work on /home/airflow/.local/lib/python3.12/site-packages/airflow/example_dags/example_bash_operator.py
[2024-12-24T18:50:57.443+0000] {processor.py:914} INFO - Processing file /home/airflow/.local/lib/python3.12/site-packages/airflow/example_dags/example_bash_operator.py for tasks to queue
[2024-12-24T18:50:57.446+0000] {logging_mixin.py:190} INFO - [2024-12-24T18:50:57.446+0000] {dagbag.py:588} INFO - Filling up the DagBag from /home/airflow/.local/lib/python3.12/site-packages/airflow/example_dags/example_bash_operator.py
[2024-12-24T18:50:57.466+0000] {processor.py:925} INFO - DAG(s) 'example_bash_operator' retrieved from /home/airflow/.local/lib/python3.12/site-packages/airflow/example_dags/example_bash_operator.py
[2024-12-24T18:50:57.504+0000] {logging_mixin.py:190} INFO - [2024-12-24T18:50:57.504+0000] {dag.py:3239} INFO - Sync 1 DAGs
[2024-12-24T18:50:57.528+0000] {logging_mixin.py:190} INFO - [2024-12-24T18:50:57.528+0000] {dag.py:4180} INFO - Setting next_dagrun for example_bash_operator to 2024-12-23 00:00:00+00:00, run_after=2024-12-24 00:00:00+00:00
[2024-12-24T18:50:57.554+0000] {processor.py:208} INFO - Processing /home/airflow/.local/lib/python3.12/site-packages/airflow/example_dags/example_bash_operator.py took 0.120 seconds
[2024-12-24T18:51:28.019+0000] {processor.py:186} INFO - Started process (PID=201) to work on /home/airflow/.local/lib/python3.12/site-packages/airflow/example_dags/example_bash_operator.py
[2024-12-24T18:51:28.021+0000] {processor.py:914} INFO - Processing file /home/airflow/.local/lib/python3.12/site-packages/airflow/example_dags/example_bash_operator.py for tasks to queue
[2024-12-24T18:51:28.024+0000] {logging_mixin.py:190} INFO - [2024-12-24T18:51:28.023+0000] {dagbag.py:588} INFO - Filling up the DagBag from /home/airflow/.local/lib/python3.12/site-packages/airflow/example_dags/example_bash_operator.py
[2024-12-24T18:51:28.041+0000] {processor.py:925} INFO - DAG(s) 'example_bash_operator' retrieved from /home/airflow/.local/lib/python3.12/site-packages/airflow/example_dags/example_bash_operator.py
[2024-12-24T18:51:28.074+0000] {logging_mixin.py:190} INFO - [2024-12-24T18:51:28.074+0000] {dag.py:3239} INFO - Sync 1 DAGs
[2024-12-24T18:51:28.111+0000] {logging_mixin.py:190} INFO - [2024-12-24T18:51:28.111+0000] {dag.py:4180} INFO - Setting next_dagrun for example_bash_operator to 2024-12-23 00:00:00+00:00, run_after=2024-12-24 00:00:00+00:00
[2024-12-24T18:51:28.168+0000] {processor.py:208} INFO - Processing /home/airflow/.local/lib/python3.12/site-packages/airflow/example_dags/example_bash_operator.py took 0.157 seconds
[2024-12-24T18:51:58.614+0000] {processor.py:186} INFO - Started process (PID=265) to work on /home/airflow/.local/lib/python3.12/site-packages/airflow/example_dags/example_bash_operator.py
[2024-12-24T18:51:58.616+0000] {processor.py:914} INFO - Processing file /home/airflow/.local/lib/python3.12/site-packages/airflow/example_dags/example_bash_operator.py for tasks to queue
[2024-12-24T18:51:58.619+0000] {logging_mixin.py:190} INFO - [2024-12-24T18:51:58.618+0000] {dagbag.py:588} INFO - Filling up the DagBag from /home/airflow/.local/lib/python3.12/site-packages/airflow/example_dags/example_bash_operator.py
[2024-12-24T18:51:58.633+0000] {processor.py:925} INFO - DAG(s) 'example_bash_operator' retrieved from /home/airflow/.local/lib/python3.12/site-packages/airflow/example_dags/example_bash_operator.py
[2024-12-24T18:51:58.667+0000] {logging_mixin.py:190} INFO - [2024-12-24T18:51:58.666+0000] {dag.py:3239} INFO - Sync 1 DAGs
[2024-12-24T18:51:58.697+0000] {logging_mixin.py:190} INFO - [2024-12-24T18:51:58.697+0000] {dag.py:4180} INFO - Setting next_dagrun for example_bash_operator to 2024-12-23 00:00:00+00:00, run_after=2024-12-24 00:00:00+00:00
[2024-12-24T18:51:58.725+0000] {processor.py:208} INFO - Processing /home/airflow/.local/lib/python3.12/site-packages/airflow/example_dags/example_bash_operator.py took 0.117 seconds
[2024-12-24T18:52:29.123+0000] {processor.py:186} INFO - Started process (PID=328) to work on /home/airflow/.local/lib/python3.12/site-packages/airflow/example_dags/example_bash_operator.py
[2024-12-24T18:52:29.124+0000] {processor.py:914} INFO - Processing file /home/airflow/.local/lib/python3.12/site-packages/airflow/example_dags/example_bash_operator.py for tasks to queue
[2024-12-24T18:52:29.126+0000] {logging_mixin.py:190} INFO - [2024-12-24T18:52:29.126+0000] {dagbag.py:588} INFO - Filling up the DagBag from /home/airflow/.local/lib/python3.12/site-packages/airflow/example_dags/example_bash_operator.py
[2024-12-24T18:52:29.143+0000] {processor.py:925} INFO - DAG(s) 'example_bash_operator' retrieved from /home/airflow/.local/lib/python3.12/site-packages/airflow/example_dags/example_bash_operator.py
[2024-12-24T18:52:29.176+0000] {logging_mixin.py:190} INFO - [2024-12-24T18:52:29.176+0000] {dag.py:3239} INFO - Sync 1 DAGs
[2024-12-24T18:52:29.205+0000] {logging_mixin.py:190} INFO - [2024-12-24T18:52:29.205+0000] {dag.py:4180} INFO - Setting next_dagrun for example_bash_operator to 2024-12-23 00:00:00+00:00, run_after=2024-12-24 00:00:00+00:00
[2024-12-24T18:52:29.235+0000] {processor.py:208} INFO - Processing /home/airflow/.local/lib/python3.12/site-packages/airflow/example_dags/example_bash_operator.py took 0.121 seconds
[2024-12-24T18:52:59.379+0000] {processor.py:186} INFO - Started process (PID=391) to work on /home/airflow/.local/lib/python3.12/site-packages/airflow/example_dags/example_bash_operator.py
[2024-12-24T18:52:59.381+0000] {processor.py:914} INFO - Processing file /home/airflow/.local/lib/python3.12/site-packages/airflow/example_dags/example_bash_operator.py for tasks to queue
[2024-12-24T18:52:59.384+0000] {logging_mixin.py:190} INFO - [2024-12-24T18:52:59.384+0000] {dagbag.py:588} INFO - Filling up the DagBag from /home/airflow/.local/lib/python3.12/site-packages/airflow/example_dags/example_bash_operator.py
[2024-12-24T18:52:59.398+0000] {processor.py:925} INFO - DAG(s) 'example_bash_operator' retrieved from /home/airflow/.local/lib/python3.12/site-packages/airflow/example_dags/example_bash_operator.py
[2024-12-24T18:52:59.428+0000] {logging_mixin.py:190} INFO - [2024-12-24T18:52:59.428+0000] {dag.py:3239} INFO - Sync 1 DAGs
[2024-12-24T18:52:59.453+0000] {logging_mixin.py:190} INFO - [2024-12-24T18:52:59.453+0000] {dag.py:4180} INFO - Setting next_dagrun for example_bash_operator to 2024-12-23 00:00:00+00:00, run_after=2024-12-24 00:00:00+00:00
[2024-12-24T18:52:59.476+0000] {processor.py:208} INFO - Processing /home/airflow/.local/lib/python3.12/site-packages/airflow/example_dags/example_bash_operator.py took 0.102 seconds
[2024-12-24T18:53:30.184+0000] {processor.py:186} INFO - Started process (PID=454) to work on /home/airflow/.local/lib/python3.12/site-packages/airflow/example_dags/example_bash_operator.py
[2024-12-24T18:53:30.186+0000] {processor.py:914} INFO - Processing file /home/airflow/.local/lib/python3.12/site-packages/airflow/example_dags/example_bash_operator.py for tasks to queue
[2024-12-24T18:53:30.189+0000] {logging_mixin.py:190} INFO - [2024-12-24T18:53:30.188+0000] {dagbag.py:588} INFO - Filling up the DagBag from /home/airflow/.local/lib/python3.12/site-packages/airflow/example_dags/example_bash_operator.py
[2024-12-24T18:53:30.202+0000] {processor.py:925} INFO - DAG(s) 'example_bash_operator' retrieved from /home/airflow/.local/lib/python3.12/site-packages/airflow/example_dags/example_bash_operator.py
[2024-12-24T18:53:30.234+0000] {logging_mixin.py:190} INFO - [2024-12-24T18:53:30.234+0000] {dag.py:3239} INFO - Sync 1 DAGs
[2024-12-24T18:53:30.265+0000] {logging_mixin.py:190} INFO - [2024-12-24T18:53:30.264+0000] {dag.py:4180} INFO - Setting next_dagrun for example_bash_operator to 2024-12-23 00:00:00+00:00, run_after=2024-12-24 00:00:00+00:00
[2024-12-24T18:53:30.291+0000] {processor.py:208} INFO - Processing /home/airflow/.local/lib/python3.12/site-packages/airflow/example_dags/example_bash_operator.py took 0.112 seconds
[2024-12-24T18:54:00.112+0000] {processor.py:186} INFO - Started process (PID=517) to work on /home/airflow/.local/lib/python3.12/site-packages/airflow/example_dags/example_bash_operator.py
[2024-12-24T18:54:00.113+0000] {processor.py:914} INFO - Processing file /home/airflow/.local/lib/python3.12/site-packages/airflow/example_dags/example_bash_operator.py for tasks to queue
[2024-12-24T18:54:00.117+0000] {logging_mixin.py:190} INFO - [2024-12-24T18:54:00.116+0000] {dagbag.py:588} INFO - Filling up the DagBag from /home/airflow/.local/lib/python3.12/site-packages/airflow/example_dags/example_bash_operator.py
[2024-12-24T18:54:00.133+0000] {processor.py:925} INFO - DAG(s) 'example_bash_operator' retrieved from /home/airflow/.local/lib/python3.12/site-packages/airflow/example_dags/example_bash_operator.py
[2024-12-24T18:54:00.170+0000] {logging_mixin.py:190} INFO - [2024-12-24T18:54:00.170+0000] {dag.py:3239} INFO - Sync 1 DAGs
[2024-12-24T18:54:00.200+0000] {logging_mixin.py:190} INFO - [2024-12-24T18:54:00.199+0000] {dag.py:4180} INFO - Setting next_dagrun for example_bash_operator to 2024-12-23 00:00:00+00:00, run_after=2024-12-24 00:00:00+00:00
[2024-12-24T18:54:00.228+0000] {processor.py:208} INFO - Processing /home/airflow/.local/lib/python3.12/site-packages/airflow/example_dags/example_bash_operator.py took 0.124 seconds
[2024-12-24T18:54:30.544+0000] {processor.py:186} INFO - Started process (PID=574) to work on /home/airflow/.local/lib/python3.12/site-packages/airflow/example_dags/example_bash_operator.py
[2024-12-24T18:54:30.545+0000] {processor.py:914} INFO - Processing file /home/airflow/.local/lib/python3.12/site-packages/airflow/example_dags/example_bash_operator.py for tasks to queue
[2024-12-24T18:54:30.548+0000] {logging_mixin.py:190} INFO - [2024-12-24T18:54:30.548+0000] {dagbag.py:588} INFO - Filling up the DagBag from /home/airflow/.local/lib/python3.12/site-packages/airflow/example_dags/example_bash_operator.py
[2024-12-24T18:54:30.562+0000] {processor.py:925} INFO - DAG(s) 'example_bash_operator' retrieved from /home/airflow/.local/lib/python3.12/site-packages/airflow/example_dags/example_bash_operator.py
[2024-12-24T18:54:30.595+0000] {logging_mixin.py:190} INFO - [2024-12-24T18:54:30.594+0000] {dag.py:3239} INFO - Sync 1 DAGs
[2024-12-24T18:54:30.623+0000] {logging_mixin.py:190} INFO - [2024-12-24T18:54:30.623+0000] {dag.py:4180} INFO - Setting next_dagrun for example_bash_operator to 2024-12-23 00:00:00+00:00, run_after=2024-12-24 00:00:00+00:00
[2024-12-24T18:54:30.652+0000] {processor.py:208} INFO - Processing /home/airflow/.local/lib/python3.12/site-packages/airflow/example_dags/example_bash_operator.py took 0.113 seconds
[2024-12-24T18:55:01.963+0000] {processor.py:186} INFO - Started process (PID=640) to work on /home/airflow/.local/lib/python3.12/site-packages/airflow/example_dags/example_bash_operator.py
[2024-12-24T18:55:01.965+0000] {processor.py:914} INFO - Processing file /home/airflow/.local/lib/python3.12/site-packages/airflow/example_dags/example_bash_operator.py for tasks to queue
[2024-12-24T18:55:01.968+0000] {logging_mixin.py:190} INFO - [2024-12-24T18:55:01.967+0000] {dagbag.py:588} INFO - Filling up the DagBag from /home/airflow/.local/lib/python3.12/site-packages/airflow/example_dags/example_bash_operator.py
[2024-12-24T18:55:01.982+0000] {processor.py:925} INFO - DAG(s) 'example_bash_operator' retrieved from /home/airflow/.local/lib/python3.12/site-packages/airflow/example_dags/example_bash_operator.py
[2024-12-24T18:55:02.014+0000] {logging_mixin.py:190} INFO - [2024-12-24T18:55:02.014+0000] {dag.py:3239} INFO - Sync 1 DAGs
[2024-12-24T18:55:02.045+0000] {logging_mixin.py:190} INFO - [2024-12-24T18:55:02.044+0000] {dag.py:4180} INFO - Setting next_dagrun for example_bash_operator to 2024-12-23 00:00:00+00:00, run_after=2024-12-24 00:00:00+00:00
[2024-12-24T18:55:02.072+0000] {processor.py:208} INFO - Processing /home/airflow/.local/lib/python3.12/site-packages/airflow/example_dags/example_bash_operator.py took 0.115 seconds
[2024-12-24T18:55:33.040+0000] {processor.py:186} INFO - Started process (PID=706) to work on /home/airflow/.local/lib/python3.12/site-packages/airflow/example_dags/example_bash_operator.py
[2024-12-24T18:55:33.041+0000] {processor.py:914} INFO - Processing file /home/airflow/.local/lib/python3.12/site-packages/airflow/example_dags/example_bash_operator.py for tasks to queue
[2024-12-24T18:55:33.044+0000] {logging_mixin.py:190} INFO - [2024-12-24T18:55:33.043+0000] {dagbag.py:588} INFO - Filling up the DagBag from /home/airflow/.local/lib/python3.12/site-packages/airflow/example_dags/example_bash_operator.py
[2024-12-24T18:55:33.057+0000] {processor.py:925} INFO - DAG(s) 'example_bash_operator' retrieved from /home/airflow/.local/lib/python3.12/site-packages/airflow/example_dags/example_bash_operator.py
[2024-12-24T18:55:33.085+0000] {logging_mixin.py:190} INFO - [2024-12-24T18:55:33.085+0000] {dag.py:3239} INFO - Sync 1 DAGs
[2024-12-24T18:55:33.111+0000] {logging_mixin.py:190} INFO - [2024-12-24T18:55:33.111+0000] {dag.py:4180} INFO - Setting next_dagrun for example_bash_operator to 2024-12-23 00:00:00+00:00, run_after=2024-12-24 00:00:00+00:00
[2024-12-24T18:55:33.140+0000] {processor.py:208} INFO - Processing /home/airflow/.local/lib/python3.12/site-packages/airflow/example_dags/example_bash_operator.py took 0.106 seconds
[2024-12-24T18:56:03.986+0000] {processor.py:186} INFO - Started process (PID=769) to work on /home/airflow/.local/lib/python3.12/site-packages/airflow/example_dags/example_bash_operator.py
[2024-12-24T18:56:03.987+0000] {processor.py:914} INFO - Processing file /home/airflow/.local/lib/python3.12/site-packages/airflow/example_dags/example_bash_operator.py for tasks to queue
[2024-12-24T18:56:03.990+0000] {logging_mixin.py:190} INFO - [2024-12-24T18:56:03.990+0000] {dagbag.py:588} INFO - Filling up the DagBag from /home/airflow/.local/lib/python3.12/site-packages/airflow/example_dags/example_bash_operator.py
[2024-12-24T18:56:04.003+0000] {processor.py:925} INFO - DAG(s) 'example_bash_operator' retrieved from /home/airflow/.local/lib/python3.12/site-packages/airflow/example_dags/example_bash_operator.py
[2024-12-24T18:56:04.030+0000] {logging_mixin.py:190} INFO - [2024-12-24T18:56:04.030+0000] {dag.py:3239} INFO - Sync 1 DAGs
[2024-12-24T18:56:04.055+0000] {logging_mixin.py:190} INFO - [2024-12-24T18:56:04.055+0000] {dag.py:4180} INFO - Setting next_dagrun for example_bash_operator to 2024-12-23 00:00:00+00:00, run_after=2024-12-24 00:00:00+00:00
[2024-12-24T18:56:04.081+0000] {processor.py:208} INFO - Processing /home/airflow/.local/lib/python3.12/site-packages/airflow/example_dags/example_bash_operator.py took 0.101 seconds
[2024-12-24T18:56:34.900+0000] {processor.py:186} INFO - Started process (PID=832) to work on /home/airflow/.local/lib/python3.12/site-packages/airflow/example_dags/example_bash_operator.py
[2024-12-24T18:56:34.901+0000] {processor.py:914} INFO - Processing file /home/airflow/.local/lib/python3.12/site-packages/airflow/example_dags/example_bash_operator.py for tasks to queue
[2024-12-24T18:56:34.905+0000] {logging_mixin.py:190} INFO - [2024-12-24T18:56:34.905+0000] {dagbag.py:588} INFO - Filling up the DagBag from /home/airflow/.local/lib/python3.12/site-packages/airflow/example_dags/example_bash_operator.py
[2024-12-24T18:56:34.926+0000] {processor.py:925} INFO - DAG(s) 'example_bash_operator' retrieved from /home/airflow/.local/lib/python3.12/site-packages/airflow/example_dags/example_bash_operator.py
[2024-12-24T18:56:34.968+0000] {logging_mixin.py:190} INFO - [2024-12-24T18:56:34.968+0000] {dag.py:3239} INFO - Sync 1 DAGs
[2024-12-24T18:56:35.002+0000] {logging_mixin.py:190} INFO - [2024-12-24T18:56:35.002+0000] {dag.py:4180} INFO - Setting next_dagrun for example_bash_operator to 2024-12-23 00:00:00+00:00, run_after=2024-12-24 00:00:00+00:00
[2024-12-24T18:56:35.071+0000] {processor.py:208} INFO - Processing /home/airflow/.local/lib/python3.12/site-packages/airflow/example_dags/example_bash_operator.py took 0.179 seconds
[2024-12-24T18:57:05.495+0000] {processor.py:186} INFO - Started process (PID=895) to work on /home/airflow/.local/lib/python3.12/site-packages/airflow/example_dags/example_bash_operator.py
[2024-12-24T18:57:05.502+0000] {processor.py:914} INFO - Processing file /home/airflow/.local/lib/python3.12/site-packages/airflow/example_dags/example_bash_operator.py for tasks to queue
[2024-12-24T18:57:05.506+0000] {logging_mixin.py:190} INFO - [2024-12-24T18:57:05.506+0000] {dagbag.py:588} INFO - Filling up the DagBag from /home/airflow/.local/lib/python3.12/site-packages/airflow/example_dags/example_bash_operator.py
[2024-12-24T18:57:05.529+0000] {processor.py:925} INFO - DAG(s) 'example_bash_operator' retrieved from /home/airflow/.local/lib/python3.12/site-packages/airflow/example_dags/example_bash_operator.py
[2024-12-24T18:57:05.560+0000] {logging_mixin.py:190} INFO - [2024-12-24T18:57:05.559+0000] {dag.py:3239} INFO - Sync 1 DAGs
[2024-12-24T18:57:05.585+0000] {logging_mixin.py:190} INFO - [2024-12-24T18:57:05.585+0000] {dag.py:4180} INFO - Setting next_dagrun for example_bash_operator to 2024-12-23 00:00:00+00:00, run_after=2024-12-24 00:00:00+00:00
[2024-12-24T18:57:05.617+0000] {processor.py:208} INFO - Processing /home/airflow/.local/lib/python3.12/site-packages/airflow/example_dags/example_bash_operator.py took 0.130 seconds
[2024-12-24T18:57:35.734+0000] {processor.py:186} INFO - Started process (PID=958) to work on /home/airflow/.local/lib/python3.12/site-packages/airflow/example_dags/example_bash_operator.py
[2024-12-24T18:57:35.736+0000] {processor.py:914} INFO - Processing file /home/airflow/.local/lib/python3.12/site-packages/airflow/example_dags/example_bash_operator.py for tasks to queue
[2024-12-24T18:57:35.738+0000] {logging_mixin.py:190} INFO - [2024-12-24T18:57:35.738+0000] {dagbag.py:588} INFO - Filling up the DagBag from /home/airflow/.local/lib/python3.12/site-packages/airflow/example_dags/example_bash_operator.py
[2024-12-24T18:57:35.752+0000] {processor.py:925} INFO - DAG(s) 'example_bash_operator' retrieved from /home/airflow/.local/lib/python3.12/site-packages/airflow/example_dags/example_bash_operator.py
[2024-12-24T18:57:35.783+0000] {logging_mixin.py:190} INFO - [2024-12-24T18:57:35.783+0000] {dag.py:3239} INFO - Sync 1 DAGs
[2024-12-24T18:57:35.813+0000] {logging_mixin.py:190} INFO - [2024-12-24T18:57:35.812+0000] {dag.py:4180} INFO - Setting next_dagrun for example_bash_operator to 2024-12-23 00:00:00+00:00, run_after=2024-12-24 00:00:00+00:00
[2024-12-24T18:57:35.839+0000] {processor.py:208} INFO - Processing /home/airflow/.local/lib/python3.12/site-packages/airflow/example_dags/example_bash_operator.py took 0.110 seconds
[2024-12-24T18:58:06.636+0000] {processor.py:186} INFO - Started process (PID=1021) to work on /home/airflow/.local/lib/python3.12/site-packages/airflow/example_dags/example_bash_operator.py
[2024-12-24T18:58:06.637+0000] {processor.py:914} INFO - Processing file /home/airflow/.local/lib/python3.12/site-packages/airflow/example_dags/example_bash_operator.py for tasks to queue
[2024-12-24T18:58:06.640+0000] {logging_mixin.py:190} INFO - [2024-12-24T18:58:06.640+0000] {dagbag.py:588} INFO - Filling up the DagBag from /home/airflow/.local/lib/python3.12/site-packages/airflow/example_dags/example_bash_operator.py
[2024-12-24T18:58:06.654+0000] {processor.py:925} INFO - DAG(s) 'example_bash_operator' retrieved from /home/airflow/.local/lib/python3.12/site-packages/airflow/example_dags/example_bash_operator.py
[2024-12-24T18:58:06.685+0000] {logging_mixin.py:190} INFO - [2024-12-24T18:58:06.684+0000] {dag.py:3239} INFO - Sync 1 DAGs
[2024-12-24T18:58:06.712+0000] {logging_mixin.py:190} INFO - [2024-12-24T18:58:06.712+0000] {dag.py:4180} INFO - Setting next_dagrun for example_bash_operator to 2024-12-23 00:00:00+00:00, run_after=2024-12-24 00:00:00+00:00
[2024-12-24T18:58:06.740+0000] {processor.py:208} INFO - Processing /home/airflow/.local/lib/python3.12/site-packages/airflow/example_dags/example_bash_operator.py took 0.110 seconds
[2024-12-24T18:58:36.982+0000] {processor.py:186} INFO - Started process (PID=1084) to work on /home/airflow/.local/lib/python3.12/site-packages/airflow/example_dags/example_bash_operator.py
[2024-12-24T18:58:36.983+0000] {processor.py:914} INFO - Processing file /home/airflow/.local/lib/python3.12/site-packages/airflow/example_dags/example_bash_operator.py for tasks to queue
[2024-12-24T18:58:36.986+0000] {logging_mixin.py:190} INFO - [2024-12-24T18:58:36.986+0000] {dagbag.py:588} INFO - Filling up the DagBag from /home/airflow/.local/lib/python3.12/site-packages/airflow/example_dags/example_bash_operator.py
[2024-12-24T18:58:37.000+0000] {processor.py:925} INFO - DAG(s) 'example_bash_operator' retrieved from /home/airflow/.local/lib/python3.12/site-packages/airflow/example_dags/example_bash_operator.py
[2024-12-24T18:58:37.038+0000] {logging_mixin.py:190} INFO - [2024-12-24T18:58:37.037+0000] {dag.py:3239} INFO - Sync 1 DAGs
[2024-12-24T18:58:37.064+0000] {logging_mixin.py:190} INFO - [2024-12-24T18:58:37.064+0000] {dag.py:4180} INFO - Setting next_dagrun for example_bash_operator to 2024-12-23 00:00:00+00:00, run_after=2024-12-24 00:00:00+00:00
[2024-12-24T18:58:37.092+0000] {processor.py:208} INFO - Processing /home/airflow/.local/lib/python3.12/site-packages/airflow/example_dags/example_bash_operator.py took 0.116 seconds
[2024-12-24T18:59:07.169+0000] {processor.py:186} INFO - Started process (PID=1147) to work on /home/airflow/.local/lib/python3.12/site-packages/airflow/example_dags/example_bash_operator.py
[2024-12-24T18:59:07.171+0000] {processor.py:914} INFO - Processing file /home/airflow/.local/lib/python3.12/site-packages/airflow/example_dags/example_bash_operator.py for tasks to queue
[2024-12-24T18:59:07.174+0000] {logging_mixin.py:190} INFO - [2024-12-24T18:59:07.174+0000] {dagbag.py:588} INFO - Filling up the DagBag from /home/airflow/.local/lib/python3.12/site-packages/airflow/example_dags/example_bash_operator.py
[2024-12-24T18:59:07.188+0000] {processor.py:925} INFO - DAG(s) 'example_bash_operator' retrieved from /home/airflow/.local/lib/python3.12/site-packages/airflow/example_dags/example_bash_operator.py
[2024-12-24T18:59:07.218+0000] {logging_mixin.py:190} INFO - [2024-12-24T18:59:07.218+0000] {dag.py:3239} INFO - Sync 1 DAGs
[2024-12-24T18:59:07.244+0000] {logging_mixin.py:190} INFO - [2024-12-24T18:59:07.244+0000] {dag.py:4180} INFO - Setting next_dagrun for example_bash_operator to 2024-12-23 00:00:00+00:00, run_after=2024-12-24 00:00:00+00:00
[2024-12-24T18:59:07.272+0000] {processor.py:208} INFO - Processing /home/airflow/.local/lib/python3.12/site-packages/airflow/example_dags/example_bash_operator.py took 0.109 seconds
[2024-12-24T18:59:37.714+0000] {processor.py:186} INFO - Started process (PID=1216) to work on /home/airflow/.local/lib/python3.12/site-packages/airflow/example_dags/example_bash_operator.py
[2024-12-24T18:59:37.716+0000] {processor.py:914} INFO - Processing file /home/airflow/.local/lib/python3.12/site-packages/airflow/example_dags/example_bash_operator.py for tasks to queue
[2024-12-24T18:59:37.718+0000] {logging_mixin.py:190} INFO - [2024-12-24T18:59:37.718+0000] {dagbag.py:588} INFO - Filling up the DagBag from /home/airflow/.local/lib/python3.12/site-packages/airflow/example_dags/example_bash_operator.py
[2024-12-24T18:59:37.732+0000] {processor.py:925} INFO - DAG(s) 'example_bash_operator' retrieved from /home/airflow/.local/lib/python3.12/site-packages/airflow/example_dags/example_bash_operator.py
[2024-12-24T18:59:37.764+0000] {logging_mixin.py:190} INFO - [2024-12-24T18:59:37.764+0000] {dag.py:3239} INFO - Sync 1 DAGs
[2024-12-24T18:59:37.791+0000] {logging_mixin.py:190} INFO - [2024-12-24T18:59:37.790+0000] {dag.py:4180} INFO - Setting next_dagrun for example_bash_operator to 2024-12-23 00:00:00+00:00, run_after=2024-12-24 00:00:00+00:00
[2024-12-24T18:59:37.817+0000] {processor.py:208} INFO - Processing /home/airflow/.local/lib/python3.12/site-packages/airflow/example_dags/example_bash_operator.py took 0.109 seconds
[2024-12-24T19:00:08.124+0000] {processor.py:186} INFO - Started process (PID=1279) to work on /home/airflow/.local/lib/python3.12/site-packages/airflow/example_dags/example_bash_operator.py
[2024-12-24T19:00:08.126+0000] {processor.py:914} INFO - Processing file /home/airflow/.local/lib/python3.12/site-packages/airflow/example_dags/example_bash_operator.py for tasks to queue
[2024-12-24T19:00:08.129+0000] {logging_mixin.py:190} INFO - [2024-12-24T19:00:08.128+0000] {dagbag.py:588} INFO - Filling up the DagBag from /home/airflow/.local/lib/python3.12/site-packages/airflow/example_dags/example_bash_operator.py
[2024-12-24T19:00:08.144+0000] {processor.py:925} INFO - DAG(s) 'example_bash_operator' retrieved from /home/airflow/.local/lib/python3.12/site-packages/airflow/example_dags/example_bash_operator.py
[2024-12-24T19:00:08.183+0000] {logging_mixin.py:190} INFO - [2024-12-24T19:00:08.183+0000] {dag.py:3239} INFO - Sync 1 DAGs
[2024-12-24T19:00:08.227+0000] {logging_mixin.py:190} INFO - [2024-12-24T19:00:08.227+0000] {dag.py:4180} INFO - Setting next_dagrun for example_bash_operator to 2024-12-23 00:00:00+00:00, run_after=2024-12-24 00:00:00+00:00
[2024-12-24T19:00:08.272+0000] {processor.py:208} INFO - Processing /home/airflow/.local/lib/python3.12/site-packages/airflow/example_dags/example_bash_operator.py took 0.154 seconds
[2024-12-24T19:00:38.678+0000] {processor.py:186} INFO - Started process (PID=1342) to work on /home/airflow/.local/lib/python3.12/site-packages/airflow/example_dags/example_bash_operator.py
[2024-12-24T19:00:38.680+0000] {processor.py:914} INFO - Processing file /home/airflow/.local/lib/python3.12/site-packages/airflow/example_dags/example_bash_operator.py for tasks to queue
[2024-12-24T19:00:38.685+0000] {logging_mixin.py:190} INFO - [2024-12-24T19:00:38.684+0000] {dagbag.py:588} INFO - Filling up the DagBag from /home/airflow/.local/lib/python3.12/site-packages/airflow/example_dags/example_bash_operator.py
[2024-12-24T19:00:38.705+0000] {processor.py:925} INFO - DAG(s) 'example_bash_operator' retrieved from /home/airflow/.local/lib/python3.12/site-packages/airflow/example_dags/example_bash_operator.py
[2024-12-24T19:00:38.743+0000] {logging_mixin.py:190} INFO - [2024-12-24T19:00:38.743+0000] {dag.py:3239} INFO - Sync 1 DAGs
[2024-12-24T19:00:38.789+0000] {logging_mixin.py:190} INFO - [2024-12-24T19:00:38.789+0000] {dag.py:4180} INFO - Setting next_dagrun for example_bash_operator to 2024-12-23 00:00:00+00:00, run_after=2024-12-24 00:00:00+00:00
[2024-12-24T19:00:38.836+0000] {processor.py:208} INFO - Processing /home/airflow/.local/lib/python3.12/site-packages/airflow/example_dags/example_bash_operator.py took 0.166 seconds
[2024-12-24T19:01:09.251+0000] {processor.py:186} INFO - Started process (PID=1405) to work on /home/airflow/.local/lib/python3.12/site-packages/airflow/example_dags/example_bash_operator.py
[2024-12-24T19:01:09.253+0000] {processor.py:914} INFO - Processing file /home/airflow/.local/lib/python3.12/site-packages/airflow/example_dags/example_bash_operator.py for tasks to queue
[2024-12-24T19:01:09.256+0000] {logging_mixin.py:190} INFO - [2024-12-24T19:01:09.255+0000] {dagbag.py:588} INFO - Filling up the DagBag from /home/airflow/.local/lib/python3.12/site-packages/airflow/example_dags/example_bash_operator.py
[2024-12-24T19:01:09.270+0000] {processor.py:925} INFO - DAG(s) 'example_bash_operator' retrieved from /home/airflow/.local/lib/python3.12/site-packages/airflow/example_dags/example_bash_operator.py
[2024-12-24T19:01:09.298+0000] {logging_mixin.py:190} INFO - [2024-12-24T19:01:09.297+0000] {dag.py:3239} INFO - Sync 1 DAGs
[2024-12-24T19:01:09.324+0000] {logging_mixin.py:190} INFO - [2024-12-24T19:01:09.323+0000] {dag.py:4180} INFO - Setting next_dagrun for example_bash_operator to 2024-12-23 00:00:00+00:00, run_after=2024-12-24 00:00:00+00:00
[2024-12-24T19:01:09.353+0000] {processor.py:208} INFO - Processing /home/airflow/.local/lib/python3.12/site-packages/airflow/example_dags/example_bash_operator.py took 0.108 seconds
[2024-12-24T19:01:39.562+0000] {processor.py:186} INFO - Started process (PID=1468) to work on /home/airflow/.local/lib/python3.12/site-packages/airflow/example_dags/example_bash_operator.py
[2024-12-24T19:01:39.563+0000] {processor.py:914} INFO - Processing file /home/airflow/.local/lib/python3.12/site-packages/airflow/example_dags/example_bash_operator.py for tasks to queue
[2024-12-24T19:01:39.565+0000] {logging_mixin.py:190} INFO - [2024-12-24T19:01:39.565+0000] {dagbag.py:588} INFO - Filling up the DagBag from /home/airflow/.local/lib/python3.12/site-packages/airflow/example_dags/example_bash_operator.py
[2024-12-24T19:01:39.578+0000] {processor.py:925} INFO - DAG(s) 'example_bash_operator' retrieved from /home/airflow/.local/lib/python3.12/site-packages/airflow/example_dags/example_bash_operator.py
[2024-12-24T19:01:39.607+0000] {logging_mixin.py:190} INFO - [2024-12-24T19:01:39.607+0000] {dag.py:3239} INFO - Sync 1 DAGs
[2024-12-24T19:01:39.636+0000] {logging_mixin.py:190} INFO - [2024-12-24T19:01:39.636+0000] {dag.py:4180} INFO - Setting next_dagrun for example_bash_operator to 2024-12-23 00:00:00+00:00, run_after=2024-12-24 00:00:00+00:00
[2024-12-24T19:01:39.662+0000] {processor.py:208} INFO - Processing /home/airflow/.local/lib/python3.12/site-packages/airflow/example_dags/example_bash_operator.py took 0.107 seconds
[2024-12-24T19:02:09.995+0000] {processor.py:186} INFO - Started process (PID=1531) to work on /home/airflow/.local/lib/python3.12/site-packages/airflow/example_dags/example_bash_operator.py
[2024-12-24T19:02:09.996+0000] {processor.py:914} INFO - Processing file /home/airflow/.local/lib/python3.12/site-packages/airflow/example_dags/example_bash_operator.py for tasks to queue
[2024-12-24T19:02:09.999+0000] {logging_mixin.py:190} INFO - [2024-12-24T19:02:09.999+0000] {dagbag.py:588} INFO - Filling up the DagBag from /home/airflow/.local/lib/python3.12/site-packages/airflow/example_dags/example_bash_operator.py
[2024-12-24T19:02:10.012+0000] {processor.py:925} INFO - DAG(s) 'example_bash_operator' retrieved from /home/airflow/.local/lib/python3.12/site-packages/airflow/example_dags/example_bash_operator.py
[2024-12-24T19:02:10.042+0000] {logging_mixin.py:190} INFO - [2024-12-24T19:02:10.042+0000] {dag.py:3239} INFO - Sync 1 DAGs
[2024-12-24T19:02:10.066+0000] {logging_mixin.py:190} INFO - [2024-12-24T19:02:10.066+0000] {dag.py:4180} INFO - Setting next_dagrun for example_bash_operator to 2024-12-23 00:00:00+00:00, run_after=2024-12-24 00:00:00+00:00
[2024-12-24T19:02:10.091+0000] {processor.py:208} INFO - Processing /home/airflow/.local/lib/python3.12/site-packages/airflow/example_dags/example_bash_operator.py took 0.102 seconds
[2024-12-24T19:02:40.381+0000] {processor.py:186} INFO - Started process (PID=1594) to work on /home/airflow/.local/lib/python3.12/site-packages/airflow/example_dags/example_bash_operator.py
[2024-12-24T19:02:40.383+0000] {processor.py:914} INFO - Processing file /home/airflow/.local/lib/python3.12/site-packages/airflow/example_dags/example_bash_operator.py for tasks to queue
[2024-12-24T19:02:40.387+0000] {logging_mixin.py:190} INFO - [2024-12-24T19:02:40.386+0000] {dagbag.py:588} INFO - Filling up the DagBag from /home/airflow/.local/lib/python3.12/site-packages/airflow/example_dags/example_bash_operator.py
[2024-12-24T19:02:40.406+0000] {processor.py:925} INFO - DAG(s) 'example_bash_operator' retrieved from /home/airflow/.local/lib/python3.12/site-packages/airflow/example_dags/example_bash_operator.py
[2024-12-24T19:02:40.437+0000] {logging_mixin.py:190} INFO - [2024-12-24T19:02:40.437+0000] {dag.py:3239} INFO - Sync 1 DAGs
[2024-12-24T19:02:40.463+0000] {logging_mixin.py:190} INFO - [2024-12-24T19:02:40.463+0000] {dag.py:4180} INFO - Setting next_dagrun for example_bash_operator to 2024-12-23 00:00:00+00:00, run_after=2024-12-24 00:00:00+00:00
[2024-12-24T19:02:40.488+0000] {processor.py:208} INFO - Processing /home/airflow/.local/lib/python3.12/site-packages/airflow/example_dags/example_bash_operator.py took 0.114 seconds
[2024-12-24T19:03:10.684+0000] {processor.py:186} INFO - Started process (PID=1657) to work on /home/airflow/.local/lib/python3.12/site-packages/airflow/example_dags/example_bash_operator.py
[2024-12-24T19:03:10.685+0000] {processor.py:914} INFO - Processing file /home/airflow/.local/lib/python3.12/site-packages/airflow/example_dags/example_bash_operator.py for tasks to queue
[2024-12-24T19:03:10.688+0000] {logging_mixin.py:190} INFO - [2024-12-24T19:03:10.688+0000] {dagbag.py:588} INFO - Filling up the DagBag from /home/airflow/.local/lib/python3.12/site-packages/airflow/example_dags/example_bash_operator.py
[2024-12-24T19:03:10.702+0000] {processor.py:925} INFO - DAG(s) 'example_bash_operator' retrieved from /home/airflow/.local/lib/python3.12/site-packages/airflow/example_dags/example_bash_operator.py
[2024-12-24T19:03:10.734+0000] {logging_mixin.py:190} INFO - [2024-12-24T19:03:10.733+0000] {dag.py:3239} INFO - Sync 1 DAGs
[2024-12-24T19:03:10.760+0000] {logging_mixin.py:190} INFO - [2024-12-24T19:03:10.760+0000] {dag.py:4180} INFO - Setting next_dagrun for example_bash_operator to 2024-12-23 00:00:00+00:00, run_after=2024-12-24 00:00:00+00:00
[2024-12-24T19:03:10.931+0000] {processor.py:208} INFO - Processing /home/airflow/.local/lib/python3.12/site-packages/airflow/example_dags/example_bash_operator.py took 0.254 seconds
[2024-12-24T19:03:41.134+0000] {processor.py:186} INFO - Started process (PID=1720) to work on /home/airflow/.local/lib/python3.12/site-packages/airflow/example_dags/example_bash_operator.py
[2024-12-24T19:03:41.136+0000] {processor.py:914} INFO - Processing file /home/airflow/.local/lib/python3.12/site-packages/airflow/example_dags/example_bash_operator.py for tasks to queue
[2024-12-24T19:03:41.139+0000] {logging_mixin.py:190} INFO - [2024-12-24T19:03:41.139+0000] {dagbag.py:588} INFO - Filling up the DagBag from /home/airflow/.local/lib/python3.12/site-packages/airflow/example_dags/example_bash_operator.py
[2024-12-24T19:03:41.153+0000] {processor.py:925} INFO - DAG(s) 'example_bash_operator' retrieved from /home/airflow/.local/lib/python3.12/site-packages/airflow/example_dags/example_bash_operator.py
[2024-12-24T19:03:41.184+0000] {logging_mixin.py:190} INFO - [2024-12-24T19:03:41.183+0000] {dag.py:3239} INFO - Sync 1 DAGs
[2024-12-24T19:03:41.210+0000] {logging_mixin.py:190} INFO - [2024-12-24T19:03:41.210+0000] {dag.py:4180} INFO - Setting next_dagrun for example_bash_operator to 2024-12-23 00:00:00+00:00, run_after=2024-12-24 00:00:00+00:00
[2024-12-24T19:03:41.236+0000] {processor.py:208} INFO - Processing /home/airflow/.local/lib/python3.12/site-packages/airflow/example_dags/example_bash_operator.py took 0.108 seconds
[2024-12-24T19:04:11.675+0000] {processor.py:186} INFO - Started process (PID=1783) to work on /home/airflow/.local/lib/python3.12/site-packages/airflow/example_dags/example_bash_operator.py
[2024-12-24T19:04:11.677+0000] {processor.py:914} INFO - Processing file /home/airflow/.local/lib/python3.12/site-packages/airflow/example_dags/example_bash_operator.py for tasks to queue
[2024-12-24T19:04:11.680+0000] {logging_mixin.py:190} INFO - [2024-12-24T19:04:11.680+0000] {dagbag.py:588} INFO - Filling up the DagBag from /home/airflow/.local/lib/python3.12/site-packages/airflow/example_dags/example_bash_operator.py
[2024-12-24T19:04:11.697+0000] {processor.py:925} INFO - DAG(s) 'example_bash_operator' retrieved from /home/airflow/.local/lib/python3.12/site-packages/airflow/example_dags/example_bash_operator.py
[2024-12-24T19:04:11.730+0000] {logging_mixin.py:190} INFO - [2024-12-24T19:04:11.729+0000] {dag.py:3239} INFO - Sync 1 DAGs
[2024-12-24T19:04:11.756+0000] {logging_mixin.py:190} INFO - [2024-12-24T19:04:11.755+0000] {dag.py:4180} INFO - Setting next_dagrun for example_bash_operator to 2024-12-23 00:00:00+00:00, run_after=2024-12-24 00:00:00+00:00
[2024-12-24T19:04:11.782+0000] {processor.py:208} INFO - Processing /home/airflow/.local/lib/python3.12/site-packages/airflow/example_dags/example_bash_operator.py took 0.114 seconds
[2024-12-24T19:04:42.009+0000] {processor.py:186} INFO - Started process (PID=1846) to work on /home/airflow/.local/lib/python3.12/site-packages/airflow/example_dags/example_bash_operator.py
[2024-12-24T19:04:42.010+0000] {processor.py:914} INFO - Processing file /home/airflow/.local/lib/python3.12/site-packages/airflow/example_dags/example_bash_operator.py for tasks to queue
[2024-12-24T19:04:42.013+0000] {logging_mixin.py:190} INFO - [2024-12-24T19:04:42.012+0000] {dagbag.py:588} INFO - Filling up the DagBag from /home/airflow/.local/lib/python3.12/site-packages/airflow/example_dags/example_bash_operator.py
[2024-12-24T19:04:42.027+0000] {processor.py:925} INFO - DAG(s) 'example_bash_operator' retrieved from /home/airflow/.local/lib/python3.12/site-packages/airflow/example_dags/example_bash_operator.py
[2024-12-24T19:04:42.057+0000] {logging_mixin.py:190} INFO - [2024-12-24T19:04:42.057+0000] {dag.py:3239} INFO - Sync 1 DAGs
[2024-12-24T19:04:42.084+0000] {logging_mixin.py:190} INFO - [2024-12-24T19:04:42.084+0000] {dag.py:4180} INFO - Setting next_dagrun for example_bash_operator to 2024-12-23 00:00:00+00:00, run_after=2024-12-24 00:00:00+00:00
[2024-12-24T19:04:42.113+0000] {processor.py:208} INFO - Processing /home/airflow/.local/lib/python3.12/site-packages/airflow/example_dags/example_bash_operator.py took 0.110 seconds
[2024-12-24T19:05:13.323+0000] {processor.py:186} INFO - Started process (PID=1909) to work on /home/airflow/.local/lib/python3.12/site-packages/airflow/example_dags/example_bash_operator.py
[2024-12-24T19:05:13.325+0000] {processor.py:914} INFO - Processing file /home/airflow/.local/lib/python3.12/site-packages/airflow/example_dags/example_bash_operator.py for tasks to queue
[2024-12-24T19:05:13.328+0000] {logging_mixin.py:190} INFO - [2024-12-24T19:05:13.327+0000] {dagbag.py:588} INFO - Filling up the DagBag from /home/airflow/.local/lib/python3.12/site-packages/airflow/example_dags/example_bash_operator.py
[2024-12-24T19:05:13.342+0000] {processor.py:925} INFO - DAG(s) 'example_bash_operator' retrieved from /home/airflow/.local/lib/python3.12/site-packages/airflow/example_dags/example_bash_operator.py
[2024-12-24T19:05:13.373+0000] {logging_mixin.py:190} INFO - [2024-12-24T19:05:13.372+0000] {dag.py:3239} INFO - Sync 1 DAGs
[2024-12-24T19:05:13.400+0000] {logging_mixin.py:190} INFO - [2024-12-24T19:05:13.400+0000] {dag.py:4180} INFO - Setting next_dagrun for example_bash_operator to 2024-12-23 00:00:00+00:00, run_after=2024-12-24 00:00:00+00:00
[2024-12-24T19:05:13.427+0000] {processor.py:208} INFO - Processing /home/airflow/.local/lib/python3.12/site-packages/airflow/example_dags/example_bash_operator.py took 0.110 seconds
[2024-12-24T19:05:44.001+0000] {processor.py:186} INFO - Started process (PID=1968) to work on /home/airflow/.local/lib/python3.12/site-packages/airflow/example_dags/example_bash_operator.py
[2024-12-24T19:05:44.003+0000] {processor.py:914} INFO - Processing file /home/airflow/.local/lib/python3.12/site-packages/airflow/example_dags/example_bash_operator.py for tasks to queue
[2024-12-24T19:05:44.006+0000] {logging_mixin.py:190} INFO - [2024-12-24T19:05:44.005+0000] {dagbag.py:588} INFO - Filling up the DagBag from /home/airflow/.local/lib/python3.12/site-packages/airflow/example_dags/example_bash_operator.py
[2024-12-24T19:05:44.025+0000] {processor.py:925} INFO - DAG(s) 'example_bash_operator' retrieved from /home/airflow/.local/lib/python3.12/site-packages/airflow/example_dags/example_bash_operator.py
[2024-12-24T19:05:44.062+0000] {logging_mixin.py:190} INFO - [2024-12-24T19:05:44.061+0000] {dag.py:3239} INFO - Sync 1 DAGs
[2024-12-24T19:05:44.091+0000] {logging_mixin.py:190} INFO - [2024-12-24T19:05:44.091+0000] {dag.py:4180} INFO - Setting next_dagrun for example_bash_operator to 2024-12-23 00:00:00+00:00, run_after=2024-12-24 00:00:00+00:00
[2024-12-24T19:05:44.120+0000] {processor.py:208} INFO - Processing /home/airflow/.local/lib/python3.12/site-packages/airflow/example_dags/example_bash_operator.py took 0.126 seconds
[2024-12-24T19:06:14.585+0000] {processor.py:186} INFO - Started process (PID=2030) to work on /home/airflow/.local/lib/python3.12/site-packages/airflow/example_dags/example_bash_operator.py
[2024-12-24T19:06:14.586+0000] {processor.py:914} INFO - Processing file /home/airflow/.local/lib/python3.12/site-packages/airflow/example_dags/example_bash_operator.py for tasks to queue
[2024-12-24T19:06:14.589+0000] {logging_mixin.py:190} INFO - [2024-12-24T19:06:14.589+0000] {dagbag.py:588} INFO - Filling up the DagBag from /home/airflow/.local/lib/python3.12/site-packages/airflow/example_dags/example_bash_operator.py
[2024-12-24T19:06:14.606+0000] {processor.py:925} INFO - DAG(s) 'example_bash_operator' retrieved from /home/airflow/.local/lib/python3.12/site-packages/airflow/example_dags/example_bash_operator.py
[2024-12-24T19:06:14.645+0000] {logging_mixin.py:190} INFO - [2024-12-24T19:06:14.645+0000] {dag.py:3239} INFO - Sync 1 DAGs
[2024-12-24T19:06:14.684+0000] {logging_mixin.py:190} INFO - [2024-12-24T19:06:14.683+0000] {dag.py:4180} INFO - Setting next_dagrun for example_bash_operator to 2024-12-23 00:00:00+00:00, run_after=2024-12-24 00:00:00+00:00
[2024-12-24T19:06:14.716+0000] {processor.py:208} INFO - Processing /home/airflow/.local/lib/python3.12/site-packages/airflow/example_dags/example_bash_operator.py took 0.137 seconds
[2024-12-24T19:06:46.024+0000] {processor.py:186} INFO - Started process (PID=2093) to work on /home/airflow/.local/lib/python3.12/site-packages/airflow/example_dags/example_bash_operator.py
[2024-12-24T19:06:46.026+0000] {processor.py:914} INFO - Processing file /home/airflow/.local/lib/python3.12/site-packages/airflow/example_dags/example_bash_operator.py for tasks to queue
[2024-12-24T19:06:46.030+0000] {logging_mixin.py:190} INFO - [2024-12-24T19:06:46.029+0000] {dagbag.py:588} INFO - Filling up the DagBag from /home/airflow/.local/lib/python3.12/site-packages/airflow/example_dags/example_bash_operator.py
[2024-12-24T19:06:46.047+0000] {processor.py:925} INFO - DAG(s) 'example_bash_operator' retrieved from /home/airflow/.local/lib/python3.12/site-packages/airflow/example_dags/example_bash_operator.py
[2024-12-24T19:06:46.083+0000] {logging_mixin.py:190} INFO - [2024-12-24T19:06:46.083+0000] {dag.py:3239} INFO - Sync 1 DAGs
[2024-12-24T19:06:46.112+0000] {logging_mixin.py:190} INFO - [2024-12-24T19:06:46.111+0000] {dag.py:4180} INFO - Setting next_dagrun for example_bash_operator to 2024-12-23 00:00:00+00:00, run_after=2024-12-24 00:00:00+00:00
[2024-12-24T19:06:46.139+0000] {processor.py:208} INFO - Processing /home/airflow/.local/lib/python3.12/site-packages/airflow/example_dags/example_bash_operator.py took 0.124 seconds
[2024-12-24T19:07:16.660+0000] {processor.py:186} INFO - Started process (PID=2161) to work on /home/airflow/.local/lib/python3.12/site-packages/airflow/example_dags/example_bash_operator.py
[2024-12-24T19:07:16.662+0000] {processor.py:914} INFO - Processing file /home/airflow/.local/lib/python3.12/site-packages/airflow/example_dags/example_bash_operator.py for tasks to queue
[2024-12-24T19:07:16.664+0000] {logging_mixin.py:190} INFO - [2024-12-24T19:07:16.664+0000] {dagbag.py:588} INFO - Filling up the DagBag from /home/airflow/.local/lib/python3.12/site-packages/airflow/example_dags/example_bash_operator.py
[2024-12-24T19:07:16.679+0000] {processor.py:925} INFO - DAG(s) 'example_bash_operator' retrieved from /home/airflow/.local/lib/python3.12/site-packages/airflow/example_dags/example_bash_operator.py
[2024-12-24T19:07:16.710+0000] {logging_mixin.py:190} INFO - [2024-12-24T19:07:16.709+0000] {dag.py:3239} INFO - Sync 1 DAGs
[2024-12-24T19:07:16.739+0000] {logging_mixin.py:190} INFO - [2024-12-24T19:07:16.738+0000] {dag.py:4180} INFO - Setting next_dagrun for example_bash_operator to 2024-12-23 00:00:00+00:00, run_after=2024-12-24 00:00:00+00:00
[2024-12-24T19:07:16.795+0000] {processor.py:208} INFO - Processing /home/airflow/.local/lib/python3.12/site-packages/airflow/example_dags/example_bash_operator.py took 0.141 seconds
[2024-12-24T19:07:46.962+0000] {processor.py:186} INFO - Started process (PID=2224) to work on /home/airflow/.local/lib/python3.12/site-packages/airflow/example_dags/example_bash_operator.py
[2024-12-24T19:07:46.964+0000] {processor.py:914} INFO - Processing file /home/airflow/.local/lib/python3.12/site-packages/airflow/example_dags/example_bash_operator.py for tasks to queue
[2024-12-24T19:07:46.968+0000] {logging_mixin.py:190} INFO - [2024-12-24T19:07:46.967+0000] {dagbag.py:588} INFO - Filling up the DagBag from /home/airflow/.local/lib/python3.12/site-packages/airflow/example_dags/example_bash_operator.py
[2024-12-24T19:07:46.982+0000] {processor.py:925} INFO - DAG(s) 'example_bash_operator' retrieved from /home/airflow/.local/lib/python3.12/site-packages/airflow/example_dags/example_bash_operator.py
[2024-12-24T19:07:47.013+0000] {logging_mixin.py:190} INFO - [2024-12-24T19:07:47.012+0000] {dag.py:3239} INFO - Sync 1 DAGs
[2024-12-24T19:07:47.041+0000] {logging_mixin.py:190} INFO - [2024-12-24T19:07:47.040+0000] {dag.py:4180} INFO - Setting next_dagrun for example_bash_operator to 2024-12-23 00:00:00+00:00, run_after=2024-12-24 00:00:00+00:00
[2024-12-24T19:07:47.068+0000] {processor.py:208} INFO - Processing /home/airflow/.local/lib/python3.12/site-packages/airflow/example_dags/example_bash_operator.py took 0.113 seconds
[2024-12-24T19:08:17.378+0000] {processor.py:186} INFO - Started process (PID=2287) to work on /home/airflow/.local/lib/python3.12/site-packages/airflow/example_dags/example_bash_operator.py
[2024-12-24T19:08:17.380+0000] {processor.py:914} INFO - Processing file /home/airflow/.local/lib/python3.12/site-packages/airflow/example_dags/example_bash_operator.py for tasks to queue
[2024-12-24T19:08:17.383+0000] {logging_mixin.py:190} INFO - [2024-12-24T19:08:17.383+0000] {dagbag.py:588} INFO - Filling up the DagBag from /home/airflow/.local/lib/python3.12/site-packages/airflow/example_dags/example_bash_operator.py
[2024-12-24T19:08:17.397+0000] {processor.py:925} INFO - DAG(s) 'example_bash_operator' retrieved from /home/airflow/.local/lib/python3.12/site-packages/airflow/example_dags/example_bash_operator.py
[2024-12-24T19:08:17.429+0000] {logging_mixin.py:190} INFO - [2024-12-24T19:08:17.428+0000] {dag.py:3239} INFO - Sync 1 DAGs
[2024-12-24T19:08:17.456+0000] {logging_mixin.py:190} INFO - [2024-12-24T19:08:17.455+0000] {dag.py:4180} INFO - Setting next_dagrun for example_bash_operator to 2024-12-23 00:00:00+00:00, run_after=2024-12-24 00:00:00+00:00
[2024-12-24T19:08:17.488+0000] {processor.py:208} INFO - Processing /home/airflow/.local/lib/python3.12/site-packages/airflow/example_dags/example_bash_operator.py took 0.116 seconds
[2024-12-24T19:08:48.020+0000] {processor.py:186} INFO - Started process (PID=2350) to work on /home/airflow/.local/lib/python3.12/site-packages/airflow/example_dags/example_bash_operator.py
[2024-12-24T19:08:48.021+0000] {processor.py:914} INFO - Processing file /home/airflow/.local/lib/python3.12/site-packages/airflow/example_dags/example_bash_operator.py for tasks to queue
[2024-12-24T19:08:48.024+0000] {logging_mixin.py:190} INFO - [2024-12-24T19:08:48.024+0000] {dagbag.py:588} INFO - Filling up the DagBag from /home/airflow/.local/lib/python3.12/site-packages/airflow/example_dags/example_bash_operator.py
[2024-12-24T19:08:48.038+0000] {processor.py:925} INFO - DAG(s) 'example_bash_operator' retrieved from /home/airflow/.local/lib/python3.12/site-packages/airflow/example_dags/example_bash_operator.py
[2024-12-24T19:08:48.069+0000] {logging_mixin.py:190} INFO - [2024-12-24T19:08:48.068+0000] {dag.py:3239} INFO - Sync 1 DAGs
[2024-12-24T19:08:48.095+0000] {logging_mixin.py:190} INFO - [2024-12-24T19:08:48.094+0000] {dag.py:4180} INFO - Setting next_dagrun for example_bash_operator to 2024-12-23 00:00:00+00:00, run_after=2024-12-24 00:00:00+00:00
[2024-12-24T19:08:48.121+0000] {processor.py:208} INFO - Processing /home/airflow/.local/lib/python3.12/site-packages/airflow/example_dags/example_bash_operator.py took 0.107 seconds
