[2024-12-24T18:50:26.899+0000] {processor.py:186} INFO - Started process (PID=66) to work on /home/airflow/.local/lib/python3.12/site-packages/airflow/example_dags/example_nested_branch_dag.py
[2024-12-24T18:50:26.901+0000] {processor.py:914} INFO - Processing file /home/airflow/.local/lib/python3.12/site-packages/airflow/example_dags/example_nested_branch_dag.py for tasks to queue
[2024-12-24T18:50:26.904+0000] {logging_mixin.py:190} INFO - [2024-12-24T18:50:26.903+0000] {dagbag.py:588} INFO - Filling up the DagBag from /home/airflow/.local/lib/python3.12/site-packages/airflow/example_dags/example_nested_branch_dag.py
[2024-12-24T18:50:26.918+0000] {processor.py:925} INFO - DAG(s) 'example_nested_branch_dag' retrieved from /home/airflow/.local/lib/python3.12/site-packages/airflow/example_dags/example_nested_branch_dag.py
[2024-12-24T18:50:26.951+0000] {logging_mixin.py:190} INFO - [2024-12-24T18:50:26.951+0000] {dag.py:3239} INFO - Sync 1 DAGs
[2024-12-24T18:50:26.979+0000] {logging_mixin.py:190} INFO - [2024-12-24T18:50:26.979+0000] {dag.py:4180} INFO - Setting next_dagrun for example_nested_branch_dag to 2024-12-23 00:00:00+00:00, run_after=2024-12-24 00:00:00+00:00
[2024-12-24T18:50:27.008+0000] {processor.py:208} INFO - Processing /home/airflow/.local/lib/python3.12/site-packages/airflow/example_dags/example_nested_branch_dag.py took 0.114 seconds
[2024-12-24T18:50:57.155+0000] {processor.py:186} INFO - Started process (PID=135) to work on /home/airflow/.local/lib/python3.12/site-packages/airflow/example_dags/example_nested_branch_dag.py
[2024-12-24T18:50:57.157+0000] {processor.py:914} INFO - Processing file /home/airflow/.local/lib/python3.12/site-packages/airflow/example_dags/example_nested_branch_dag.py for tasks to queue
[2024-12-24T18:50:57.160+0000] {logging_mixin.py:190} INFO - [2024-12-24T18:50:57.160+0000] {dagbag.py:588} INFO - Filling up the DagBag from /home/airflow/.local/lib/python3.12/site-packages/airflow/example_dags/example_nested_branch_dag.py
[2024-12-24T18:50:57.173+0000] {processor.py:925} INFO - DAG(s) 'example_nested_branch_dag' retrieved from /home/airflow/.local/lib/python3.12/site-packages/airflow/example_dags/example_nested_branch_dag.py
[2024-12-24T18:50:57.199+0000] {logging_mixin.py:190} INFO - [2024-12-24T18:50:57.198+0000] {dag.py:3239} INFO - Sync 1 DAGs
[2024-12-24T18:50:57.227+0000] {logging_mixin.py:190} INFO - [2024-12-24T18:50:57.227+0000] {dag.py:4180} INFO - Setting next_dagrun for example_nested_branch_dag to 2024-12-23 00:00:00+00:00, run_after=2024-12-24 00:00:00+00:00
[2024-12-24T18:50:57.255+0000] {processor.py:208} INFO - Processing /home/airflow/.local/lib/python3.12/site-packages/airflow/example_dags/example_nested_branch_dag.py took 0.106 seconds
[2024-12-24T18:51:27.720+0000] {processor.py:186} INFO - Started process (PID=198) to work on /home/airflow/.local/lib/python3.12/site-packages/airflow/example_dags/example_nested_branch_dag.py
[2024-12-24T18:51:27.722+0000] {processor.py:914} INFO - Processing file /home/airflow/.local/lib/python3.12/site-packages/airflow/example_dags/example_nested_branch_dag.py for tasks to queue
[2024-12-24T18:51:27.726+0000] {logging_mixin.py:190} INFO - [2024-12-24T18:51:27.725+0000] {dagbag.py:588} INFO - Filling up the DagBag from /home/airflow/.local/lib/python3.12/site-packages/airflow/example_dags/example_nested_branch_dag.py
[2024-12-24T18:51:27.741+0000] {processor.py:925} INFO - DAG(s) 'example_nested_branch_dag' retrieved from /home/airflow/.local/lib/python3.12/site-packages/airflow/example_dags/example_nested_branch_dag.py
[2024-12-24T18:51:27.768+0000] {logging_mixin.py:190} INFO - [2024-12-24T18:51:27.768+0000] {dag.py:3239} INFO - Sync 1 DAGs
[2024-12-24T18:51:27.798+0000] {logging_mixin.py:190} INFO - [2024-12-24T18:51:27.798+0000] {dag.py:4180} INFO - Setting next_dagrun for example_nested_branch_dag to 2024-12-23 00:00:00+00:00, run_after=2024-12-24 00:00:00+00:00
[2024-12-24T18:51:27.833+0000] {processor.py:208} INFO - Processing /home/airflow/.local/lib/python3.12/site-packages/airflow/example_dags/example_nested_branch_dag.py took 0.120 seconds
[2024-12-24T18:51:58.343+0000] {processor.py:186} INFO - Started process (PID=262) to work on /home/airflow/.local/lib/python3.12/site-packages/airflow/example_dags/example_nested_branch_dag.py
[2024-12-24T18:51:58.345+0000] {processor.py:914} INFO - Processing file /home/airflow/.local/lib/python3.12/site-packages/airflow/example_dags/example_nested_branch_dag.py for tasks to queue
[2024-12-24T18:51:58.348+0000] {logging_mixin.py:190} INFO - [2024-12-24T18:51:58.348+0000] {dagbag.py:588} INFO - Filling up the DagBag from /home/airflow/.local/lib/python3.12/site-packages/airflow/example_dags/example_nested_branch_dag.py
[2024-12-24T18:51:58.362+0000] {processor.py:925} INFO - DAG(s) 'example_nested_branch_dag' retrieved from /home/airflow/.local/lib/python3.12/site-packages/airflow/example_dags/example_nested_branch_dag.py
[2024-12-24T18:51:58.386+0000] {logging_mixin.py:190} INFO - [2024-12-24T18:51:58.386+0000] {dag.py:3239} INFO - Sync 1 DAGs
[2024-12-24T18:51:58.412+0000] {logging_mixin.py:190} INFO - [2024-12-24T18:51:58.412+0000] {dag.py:4180} INFO - Setting next_dagrun for example_nested_branch_dag to 2024-12-23 00:00:00+00:00, run_after=2024-12-24 00:00:00+00:00
[2024-12-24T18:51:58.437+0000] {processor.py:208} INFO - Processing /home/airflow/.local/lib/python3.12/site-packages/airflow/example_dags/example_nested_branch_dag.py took 0.100 seconds
[2024-12-24T18:52:28.959+0000] {processor.py:186} INFO - Started process (PID=326) to work on /home/airflow/.local/lib/python3.12/site-packages/airflow/example_dags/example_nested_branch_dag.py
[2024-12-24T18:52:28.960+0000] {processor.py:914} INFO - Processing file /home/airflow/.local/lib/python3.12/site-packages/airflow/example_dags/example_nested_branch_dag.py for tasks to queue
[2024-12-24T18:52:28.963+0000] {logging_mixin.py:190} INFO - [2024-12-24T18:52:28.962+0000] {dagbag.py:588} INFO - Filling up the DagBag from /home/airflow/.local/lib/python3.12/site-packages/airflow/example_dags/example_nested_branch_dag.py
[2024-12-24T18:52:28.978+0000] {processor.py:925} INFO - DAG(s) 'example_nested_branch_dag' retrieved from /home/airflow/.local/lib/python3.12/site-packages/airflow/example_dags/example_nested_branch_dag.py
[2024-12-24T18:52:29.006+0000] {logging_mixin.py:190} INFO - [2024-12-24T18:52:29.006+0000] {dag.py:3239} INFO - Sync 1 DAGs
[2024-12-24T18:52:29.040+0000] {logging_mixin.py:190} INFO - [2024-12-24T18:52:29.039+0000] {dag.py:4180} INFO - Setting next_dagrun for example_nested_branch_dag to 2024-12-23 00:00:00+00:00, run_after=2024-12-24 00:00:00+00:00
[2024-12-24T18:52:29.072+0000] {processor.py:208} INFO - Processing /home/airflow/.local/lib/python3.12/site-packages/airflow/example_dags/example_nested_branch_dag.py took 0.120 seconds
[2024-12-24T18:52:59.231+0000] {processor.py:186} INFO - Started process (PID=390) to work on /home/airflow/.local/lib/python3.12/site-packages/airflow/example_dags/example_nested_branch_dag.py
[2024-12-24T18:52:59.232+0000] {processor.py:914} INFO - Processing file /home/airflow/.local/lib/python3.12/site-packages/airflow/example_dags/example_nested_branch_dag.py for tasks to queue
[2024-12-24T18:52:59.235+0000] {logging_mixin.py:190} INFO - [2024-12-24T18:52:59.234+0000] {dagbag.py:588} INFO - Filling up the DagBag from /home/airflow/.local/lib/python3.12/site-packages/airflow/example_dags/example_nested_branch_dag.py
[2024-12-24T18:52:59.246+0000] {processor.py:925} INFO - DAG(s) 'example_nested_branch_dag' retrieved from /home/airflow/.local/lib/python3.12/site-packages/airflow/example_dags/example_nested_branch_dag.py
[2024-12-24T18:52:59.269+0000] {logging_mixin.py:190} INFO - [2024-12-24T18:52:59.269+0000] {dag.py:3239} INFO - Sync 1 DAGs
[2024-12-24T18:52:59.297+0000] {logging_mixin.py:190} INFO - [2024-12-24T18:52:59.297+0000] {dag.py:4180} INFO - Setting next_dagrun for example_nested_branch_dag to 2024-12-23 00:00:00+00:00, run_after=2024-12-24 00:00:00+00:00
[2024-12-24T18:52:59.328+0000] {processor.py:208} INFO - Processing /home/airflow/.local/lib/python3.12/site-packages/airflow/example_dags/example_nested_branch_dag.py took 0.102 seconds
[2024-12-24T18:53:30.022+0000] {processor.py:186} INFO - Started process (PID=451) to work on /home/airflow/.local/lib/python3.12/site-packages/airflow/example_dags/example_nested_branch_dag.py
[2024-12-24T18:53:30.024+0000] {processor.py:914} INFO - Processing file /home/airflow/.local/lib/python3.12/site-packages/airflow/example_dags/example_nested_branch_dag.py for tasks to queue
[2024-12-24T18:53:30.027+0000] {logging_mixin.py:190} INFO - [2024-12-24T18:53:30.027+0000] {dagbag.py:588} INFO - Filling up the DagBag from /home/airflow/.local/lib/python3.12/site-packages/airflow/example_dags/example_nested_branch_dag.py
[2024-12-24T18:53:30.041+0000] {processor.py:925} INFO - DAG(s) 'example_nested_branch_dag' retrieved from /home/airflow/.local/lib/python3.12/site-packages/airflow/example_dags/example_nested_branch_dag.py
[2024-12-24T18:53:30.070+0000] {logging_mixin.py:190} INFO - [2024-12-24T18:53:30.070+0000] {dag.py:3239} INFO - Sync 1 DAGs
[2024-12-24T18:53:30.102+0000] {logging_mixin.py:190} INFO - [2024-12-24T18:53:30.102+0000] {dag.py:4180} INFO - Setting next_dagrun for example_nested_branch_dag to 2024-12-23 00:00:00+00:00, run_after=2024-12-24 00:00:00+00:00
[2024-12-24T18:53:30.133+0000] {processor.py:208} INFO - Processing /home/airflow/.local/lib/python3.12/site-packages/airflow/example_dags/example_nested_branch_dag.py took 0.117 seconds
[2024-12-24T18:54:00.711+0000] {processor.py:186} INFO - Started process (PID=514) to work on /home/airflow/.local/lib/python3.12/site-packages/airflow/example_dags/example_nested_branch_dag.py
[2024-12-24T18:54:00.713+0000] {processor.py:914} INFO - Processing file /home/airflow/.local/lib/python3.12/site-packages/airflow/example_dags/example_nested_branch_dag.py for tasks to queue
[2024-12-24T18:54:00.717+0000] {logging_mixin.py:190} INFO - [2024-12-24T18:54:00.717+0000] {dagbag.py:588} INFO - Filling up the DagBag from /home/airflow/.local/lib/python3.12/site-packages/airflow/example_dags/example_nested_branch_dag.py
[2024-12-24T18:54:00.733+0000] {processor.py:925} INFO - DAG(s) 'example_nested_branch_dag' retrieved from /home/airflow/.local/lib/python3.12/site-packages/airflow/example_dags/example_nested_branch_dag.py
[2024-12-24T18:54:00.802+0000] {logging_mixin.py:190} INFO - [2024-12-24T18:54:00.801+0000] {dag.py:3239} INFO - Sync 1 DAGs
[2024-12-24T18:54:00.839+0000] {logging_mixin.py:190} INFO - [2024-12-24T18:54:00.839+0000] {dag.py:4180} INFO - Setting next_dagrun for example_nested_branch_dag to 2024-12-23 00:00:00+00:00, run_after=2024-12-24 00:00:00+00:00
[2024-12-24T18:54:00.876+0000] {processor.py:208} INFO - Processing /home/airflow/.local/lib/python3.12/site-packages/airflow/example_dags/example_nested_branch_dag.py took 0.140 seconds
[2024-12-24T18:54:31.842+0000] {processor.py:186} INFO - Started process (PID=578) to work on /home/airflow/.local/lib/python3.12/site-packages/airflow/example_dags/example_nested_branch_dag.py
[2024-12-24T18:54:31.843+0000] {processor.py:914} INFO - Processing file /home/airflow/.local/lib/python3.12/site-packages/airflow/example_dags/example_nested_branch_dag.py for tasks to queue
[2024-12-24T18:54:31.847+0000] {logging_mixin.py:190} INFO - [2024-12-24T18:54:31.847+0000] {dagbag.py:588} INFO - Filling up the DagBag from /home/airflow/.local/lib/python3.12/site-packages/airflow/example_dags/example_nested_branch_dag.py
[2024-12-24T18:54:31.864+0000] {processor.py:925} INFO - DAG(s) 'example_nested_branch_dag' retrieved from /home/airflow/.local/lib/python3.12/site-packages/airflow/example_dags/example_nested_branch_dag.py
[2024-12-24T18:54:31.891+0000] {logging_mixin.py:190} INFO - [2024-12-24T18:54:31.891+0000] {dag.py:3239} INFO - Sync 1 DAGs
[2024-12-24T18:54:31.923+0000] {logging_mixin.py:190} INFO - [2024-12-24T18:54:31.923+0000] {dag.py:4180} INFO - Setting next_dagrun for example_nested_branch_dag to 2024-12-23 00:00:00+00:00, run_after=2024-12-24 00:00:00+00:00
[2024-12-24T18:54:31.950+0000] {processor.py:208} INFO - Processing /home/airflow/.local/lib/python3.12/site-packages/airflow/example_dags/example_nested_branch_dag.py took 0.118 seconds
[2024-12-24T18:55:02.128+0000] {processor.py:186} INFO - Started process (PID=641) to work on /home/airflow/.local/lib/python3.12/site-packages/airflow/example_dags/example_nested_branch_dag.py
[2024-12-24T18:55:02.130+0000] {processor.py:914} INFO - Processing file /home/airflow/.local/lib/python3.12/site-packages/airflow/example_dags/example_nested_branch_dag.py for tasks to queue
[2024-12-24T18:55:02.133+0000] {logging_mixin.py:190} INFO - [2024-12-24T18:55:02.132+0000] {dagbag.py:588} INFO - Filling up the DagBag from /home/airflow/.local/lib/python3.12/site-packages/airflow/example_dags/example_nested_branch_dag.py
[2024-12-24T18:55:02.146+0000] {processor.py:925} INFO - DAG(s) 'example_nested_branch_dag' retrieved from /home/airflow/.local/lib/python3.12/site-packages/airflow/example_dags/example_nested_branch_dag.py
[2024-12-24T18:55:02.172+0000] {logging_mixin.py:190} INFO - [2024-12-24T18:55:02.172+0000] {dag.py:3239} INFO - Sync 1 DAGs
[2024-12-24T18:55:02.201+0000] {logging_mixin.py:190} INFO - [2024-12-24T18:55:02.200+0000] {dag.py:4180} INFO - Setting next_dagrun for example_nested_branch_dag to 2024-12-23 00:00:00+00:00, run_after=2024-12-24 00:00:00+00:00
[2024-12-24T18:55:02.230+0000] {processor.py:208} INFO - Processing /home/airflow/.local/lib/python3.12/site-packages/airflow/example_dags/example_nested_branch_dag.py took 0.108 seconds
[2024-12-24T18:55:32.785+0000] {processor.py:186} INFO - Started process (PID=703) to work on /home/airflow/.local/lib/python3.12/site-packages/airflow/example_dags/example_nested_branch_dag.py
[2024-12-24T18:55:32.786+0000] {processor.py:914} INFO - Processing file /home/airflow/.local/lib/python3.12/site-packages/airflow/example_dags/example_nested_branch_dag.py for tasks to queue
[2024-12-24T18:55:32.789+0000] {logging_mixin.py:190} INFO - [2024-12-24T18:55:32.789+0000] {dagbag.py:588} INFO - Filling up the DagBag from /home/airflow/.local/lib/python3.12/site-packages/airflow/example_dags/example_nested_branch_dag.py
[2024-12-24T18:55:32.800+0000] {processor.py:925} INFO - DAG(s) 'example_nested_branch_dag' retrieved from /home/airflow/.local/lib/python3.12/site-packages/airflow/example_dags/example_nested_branch_dag.py
[2024-12-24T18:55:32.824+0000] {logging_mixin.py:190} INFO - [2024-12-24T18:55:32.823+0000] {dag.py:3239} INFO - Sync 1 DAGs
[2024-12-24T18:55:32.850+0000] {logging_mixin.py:190} INFO - [2024-12-24T18:55:32.850+0000] {dag.py:4180} INFO - Setting next_dagrun for example_nested_branch_dag to 2024-12-23 00:00:00+00:00, run_after=2024-12-24 00:00:00+00:00
[2024-12-24T18:55:32.873+0000] {processor.py:208} INFO - Processing /home/airflow/.local/lib/python3.12/site-packages/airflow/example_dags/example_nested_branch_dag.py took 0.094 seconds
[2024-12-24T18:56:03.732+0000] {processor.py:186} INFO - Started process (PID=766) to work on /home/airflow/.local/lib/python3.12/site-packages/airflow/example_dags/example_nested_branch_dag.py
[2024-12-24T18:56:03.734+0000] {processor.py:914} INFO - Processing file /home/airflow/.local/lib/python3.12/site-packages/airflow/example_dags/example_nested_branch_dag.py for tasks to queue
[2024-12-24T18:56:03.736+0000] {logging_mixin.py:190} INFO - [2024-12-24T18:56:03.736+0000] {dagbag.py:588} INFO - Filling up the DagBag from /home/airflow/.local/lib/python3.12/site-packages/airflow/example_dags/example_nested_branch_dag.py
[2024-12-24T18:56:03.748+0000] {processor.py:925} INFO - DAG(s) 'example_nested_branch_dag' retrieved from /home/airflow/.local/lib/python3.12/site-packages/airflow/example_dags/example_nested_branch_dag.py
[2024-12-24T18:56:03.771+0000] {logging_mixin.py:190} INFO - [2024-12-24T18:56:03.771+0000] {dag.py:3239} INFO - Sync 1 DAGs
[2024-12-24T18:56:03.795+0000] {logging_mixin.py:190} INFO - [2024-12-24T18:56:03.795+0000] {dag.py:4180} INFO - Setting next_dagrun for example_nested_branch_dag to 2024-12-23 00:00:00+00:00, run_after=2024-12-24 00:00:00+00:00
[2024-12-24T18:56:03.819+0000] {processor.py:208} INFO - Processing /home/airflow/.local/lib/python3.12/site-packages/airflow/example_dags/example_nested_branch_dag.py took 0.093 seconds
[2024-12-24T18:56:34.592+0000] {processor.py:186} INFO - Started process (PID=829) to work on /home/airflow/.local/lib/python3.12/site-packages/airflow/example_dags/example_nested_branch_dag.py
[2024-12-24T18:56:34.593+0000] {processor.py:914} INFO - Processing file /home/airflow/.local/lib/python3.12/site-packages/airflow/example_dags/example_nested_branch_dag.py for tasks to queue
[2024-12-24T18:56:34.597+0000] {logging_mixin.py:190} INFO - [2024-12-24T18:56:34.596+0000] {dagbag.py:588} INFO - Filling up the DagBag from /home/airflow/.local/lib/python3.12/site-packages/airflow/example_dags/example_nested_branch_dag.py
[2024-12-24T18:56:34.611+0000] {processor.py:925} INFO - DAG(s) 'example_nested_branch_dag' retrieved from /home/airflow/.local/lib/python3.12/site-packages/airflow/example_dags/example_nested_branch_dag.py
[2024-12-24T18:56:34.638+0000] {logging_mixin.py:190} INFO - [2024-12-24T18:56:34.637+0000] {dag.py:3239} INFO - Sync 1 DAGs
[2024-12-24T18:56:34.665+0000] {logging_mixin.py:190} INFO - [2024-12-24T18:56:34.665+0000] {dag.py:4180} INFO - Setting next_dagrun for example_nested_branch_dag to 2024-12-23 00:00:00+00:00, run_after=2024-12-24 00:00:00+00:00
[2024-12-24T18:56:34.694+0000] {processor.py:208} INFO - Processing /home/airflow/.local/lib/python3.12/site-packages/airflow/example_dags/example_nested_branch_dag.py took 0.109 seconds
[2024-12-24T18:57:05.171+0000] {processor.py:186} INFO - Started process (PID=892) to work on /home/airflow/.local/lib/python3.12/site-packages/airflow/example_dags/example_nested_branch_dag.py
[2024-12-24T18:57:05.172+0000] {processor.py:914} INFO - Processing file /home/airflow/.local/lib/python3.12/site-packages/airflow/example_dags/example_nested_branch_dag.py for tasks to queue
[2024-12-24T18:57:05.175+0000] {logging_mixin.py:190} INFO - [2024-12-24T18:57:05.175+0000] {dagbag.py:588} INFO - Filling up the DagBag from /home/airflow/.local/lib/python3.12/site-packages/airflow/example_dags/example_nested_branch_dag.py
[2024-12-24T18:57:05.189+0000] {processor.py:925} INFO - DAG(s) 'example_nested_branch_dag' retrieved from /home/airflow/.local/lib/python3.12/site-packages/airflow/example_dags/example_nested_branch_dag.py
[2024-12-24T18:57:05.217+0000] {logging_mixin.py:190} INFO - [2024-12-24T18:57:05.216+0000] {dag.py:3239} INFO - Sync 1 DAGs
[2024-12-24T18:57:05.250+0000] {logging_mixin.py:190} INFO - [2024-12-24T18:57:05.249+0000] {dag.py:4180} INFO - Setting next_dagrun for example_nested_branch_dag to 2024-12-23 00:00:00+00:00, run_after=2024-12-24 00:00:00+00:00
[2024-12-24T18:57:05.280+0000] {processor.py:208} INFO - Processing /home/airflow/.local/lib/python3.12/site-packages/airflow/example_dags/example_nested_branch_dag.py took 0.117 seconds
[2024-12-24T18:57:35.449+0000] {processor.py:186} INFO - Started process (PID=955) to work on /home/airflow/.local/lib/python3.12/site-packages/airflow/example_dags/example_nested_branch_dag.py
[2024-12-24T18:57:35.451+0000] {processor.py:914} INFO - Processing file /home/airflow/.local/lib/python3.12/site-packages/airflow/example_dags/example_nested_branch_dag.py for tasks to queue
[2024-12-24T18:57:35.458+0000] {logging_mixin.py:190} INFO - [2024-12-24T18:57:35.457+0000] {dagbag.py:588} INFO - Filling up the DagBag from /home/airflow/.local/lib/python3.12/site-packages/airflow/example_dags/example_nested_branch_dag.py
[2024-12-24T18:57:35.472+0000] {processor.py:925} INFO - DAG(s) 'example_nested_branch_dag' retrieved from /home/airflow/.local/lib/python3.12/site-packages/airflow/example_dags/example_nested_branch_dag.py
[2024-12-24T18:57:35.500+0000] {logging_mixin.py:190} INFO - [2024-12-24T18:57:35.499+0000] {dag.py:3239} INFO - Sync 1 DAGs
[2024-12-24T18:57:35.530+0000] {logging_mixin.py:190} INFO - [2024-12-24T18:57:35.529+0000] {dag.py:4180} INFO - Setting next_dagrun for example_nested_branch_dag to 2024-12-23 00:00:00+00:00, run_after=2024-12-24 00:00:00+00:00
[2024-12-24T18:57:35.557+0000] {processor.py:208} INFO - Processing /home/airflow/.local/lib/python3.12/site-packages/airflow/example_dags/example_nested_branch_dag.py took 0.117 seconds
[2024-12-24T18:58:06.481+0000] {processor.py:186} INFO - Started process (PID=1018) to work on /home/airflow/.local/lib/python3.12/site-packages/airflow/example_dags/example_nested_branch_dag.py
[2024-12-24T18:58:06.483+0000] {processor.py:914} INFO - Processing file /home/airflow/.local/lib/python3.12/site-packages/airflow/example_dags/example_nested_branch_dag.py for tasks to queue
[2024-12-24T18:58:06.485+0000] {logging_mixin.py:190} INFO - [2024-12-24T18:58:06.485+0000] {dagbag.py:588} INFO - Filling up the DagBag from /home/airflow/.local/lib/python3.12/site-packages/airflow/example_dags/example_nested_branch_dag.py
[2024-12-24T18:58:06.498+0000] {processor.py:925} INFO - DAG(s) 'example_nested_branch_dag' retrieved from /home/airflow/.local/lib/python3.12/site-packages/airflow/example_dags/example_nested_branch_dag.py
[2024-12-24T18:58:06.524+0000] {logging_mixin.py:190} INFO - [2024-12-24T18:58:06.524+0000] {dag.py:3239} INFO - Sync 1 DAGs
[2024-12-24T18:58:06.553+0000] {logging_mixin.py:190} INFO - [2024-12-24T18:58:06.552+0000] {dag.py:4180} INFO - Setting next_dagrun for example_nested_branch_dag to 2024-12-23 00:00:00+00:00, run_after=2024-12-24 00:00:00+00:00
[2024-12-24T18:58:06.585+0000] {processor.py:208} INFO - Processing /home/airflow/.local/lib/python3.12/site-packages/airflow/example_dags/example_nested_branch_dag.py took 0.110 seconds
[2024-12-24T18:58:36.678+0000] {processor.py:186} INFO - Started process (PID=1081) to work on /home/airflow/.local/lib/python3.12/site-packages/airflow/example_dags/example_nested_branch_dag.py
[2024-12-24T18:58:36.679+0000] {processor.py:914} INFO - Processing file /home/airflow/.local/lib/python3.12/site-packages/airflow/example_dags/example_nested_branch_dag.py for tasks to queue
[2024-12-24T18:58:36.683+0000] {logging_mixin.py:190} INFO - [2024-12-24T18:58:36.682+0000] {dagbag.py:588} INFO - Filling up the DagBag from /home/airflow/.local/lib/python3.12/site-packages/airflow/example_dags/example_nested_branch_dag.py
[2024-12-24T18:58:36.694+0000] {processor.py:925} INFO - DAG(s) 'example_nested_branch_dag' retrieved from /home/airflow/.local/lib/python3.12/site-packages/airflow/example_dags/example_nested_branch_dag.py
[2024-12-24T18:58:36.719+0000] {logging_mixin.py:190} INFO - [2024-12-24T18:58:36.719+0000] {dag.py:3239} INFO - Sync 1 DAGs
[2024-12-24T18:58:36.745+0000] {logging_mixin.py:190} INFO - [2024-12-24T18:58:36.745+0000] {dag.py:4180} INFO - Setting next_dagrun for example_nested_branch_dag to 2024-12-23 00:00:00+00:00, run_after=2024-12-24 00:00:00+00:00
[2024-12-24T18:58:36.771+0000] {processor.py:208} INFO - Processing /home/airflow/.local/lib/python3.12/site-packages/airflow/example_dags/example_nested_branch_dag.py took 0.100 seconds
[2024-12-24T18:59:06.894+0000] {processor.py:186} INFO - Started process (PID=1144) to work on /home/airflow/.local/lib/python3.12/site-packages/airflow/example_dags/example_nested_branch_dag.py
[2024-12-24T18:59:06.895+0000] {processor.py:914} INFO - Processing file /home/airflow/.local/lib/python3.12/site-packages/airflow/example_dags/example_nested_branch_dag.py for tasks to queue
[2024-12-24T18:59:06.898+0000] {logging_mixin.py:190} INFO - [2024-12-24T18:59:06.897+0000] {dagbag.py:588} INFO - Filling up the DagBag from /home/airflow/.local/lib/python3.12/site-packages/airflow/example_dags/example_nested_branch_dag.py
[2024-12-24T18:59:06.909+0000] {processor.py:925} INFO - DAG(s) 'example_nested_branch_dag' retrieved from /home/airflow/.local/lib/python3.12/site-packages/airflow/example_dags/example_nested_branch_dag.py
[2024-12-24T18:59:06.933+0000] {logging_mixin.py:190} INFO - [2024-12-24T18:59:06.933+0000] {dag.py:3239} INFO - Sync 1 DAGs
[2024-12-24T18:59:06.959+0000] {logging_mixin.py:190} INFO - [2024-12-24T18:59:06.959+0000] {dag.py:4180} INFO - Setting next_dagrun for example_nested_branch_dag to 2024-12-23 00:00:00+00:00, run_after=2024-12-24 00:00:00+00:00
[2024-12-24T18:59:06.984+0000] {processor.py:208} INFO - Processing /home/airflow/.local/lib/python3.12/site-packages/airflow/example_dags/example_nested_branch_dag.py took 0.096 seconds
[2024-12-24T18:59:37.453+0000] {processor.py:186} INFO - Started process (PID=1213) to work on /home/airflow/.local/lib/python3.12/site-packages/airflow/example_dags/example_nested_branch_dag.py
[2024-12-24T18:59:37.455+0000] {processor.py:914} INFO - Processing file /home/airflow/.local/lib/python3.12/site-packages/airflow/example_dags/example_nested_branch_dag.py for tasks to queue
[2024-12-24T18:59:37.458+0000] {logging_mixin.py:190} INFO - [2024-12-24T18:59:37.457+0000] {dagbag.py:588} INFO - Filling up the DagBag from /home/airflow/.local/lib/python3.12/site-packages/airflow/example_dags/example_nested_branch_dag.py
[2024-12-24T18:59:37.470+0000] {processor.py:925} INFO - DAG(s) 'example_nested_branch_dag' retrieved from /home/airflow/.local/lib/python3.12/site-packages/airflow/example_dags/example_nested_branch_dag.py
[2024-12-24T18:59:37.495+0000] {logging_mixin.py:190} INFO - [2024-12-24T18:59:37.495+0000] {dag.py:3239} INFO - Sync 1 DAGs
[2024-12-24T18:59:37.521+0000] {logging_mixin.py:190} INFO - [2024-12-24T18:59:37.520+0000] {dag.py:4180} INFO - Setting next_dagrun for example_nested_branch_dag to 2024-12-23 00:00:00+00:00, run_after=2024-12-24 00:00:00+00:00
[2024-12-24T18:59:37.547+0000] {processor.py:208} INFO - Processing /home/airflow/.local/lib/python3.12/site-packages/airflow/example_dags/example_nested_branch_dag.py took 0.100 seconds
[2024-12-24T19:00:07.837+0000] {processor.py:186} INFO - Started process (PID=1276) to work on /home/airflow/.local/lib/python3.12/site-packages/airflow/example_dags/example_nested_branch_dag.py
[2024-12-24T19:00:07.838+0000] {processor.py:914} INFO - Processing file /home/airflow/.local/lib/python3.12/site-packages/airflow/example_dags/example_nested_branch_dag.py for tasks to queue
[2024-12-24T19:00:07.841+0000] {logging_mixin.py:190} INFO - [2024-12-24T19:00:07.840+0000] {dagbag.py:588} INFO - Filling up the DagBag from /home/airflow/.local/lib/python3.12/site-packages/airflow/example_dags/example_nested_branch_dag.py
[2024-12-24T19:00:07.853+0000] {processor.py:925} INFO - DAG(s) 'example_nested_branch_dag' retrieved from /home/airflow/.local/lib/python3.12/site-packages/airflow/example_dags/example_nested_branch_dag.py
[2024-12-24T19:00:07.877+0000] {logging_mixin.py:190} INFO - [2024-12-24T19:00:07.877+0000] {dag.py:3239} INFO - Sync 1 DAGs
[2024-12-24T19:00:07.903+0000] {logging_mixin.py:190} INFO - [2024-12-24T19:00:07.903+0000] {dag.py:4180} INFO - Setting next_dagrun for example_nested_branch_dag to 2024-12-23 00:00:00+00:00, run_after=2024-12-24 00:00:00+00:00
[2024-12-24T19:00:07.932+0000] {processor.py:208} INFO - Processing /home/airflow/.local/lib/python3.12/site-packages/airflow/example_dags/example_nested_branch_dag.py took 0.101 seconds
[2024-12-24T19:00:38.376+0000] {processor.py:186} INFO - Started process (PID=1339) to work on /home/airflow/.local/lib/python3.12/site-packages/airflow/example_dags/example_nested_branch_dag.py
[2024-12-24T19:00:38.377+0000] {processor.py:914} INFO - Processing file /home/airflow/.local/lib/python3.12/site-packages/airflow/example_dags/example_nested_branch_dag.py for tasks to queue
[2024-12-24T19:00:38.380+0000] {logging_mixin.py:190} INFO - [2024-12-24T19:00:38.380+0000] {dagbag.py:588} INFO - Filling up the DagBag from /home/airflow/.local/lib/python3.12/site-packages/airflow/example_dags/example_nested_branch_dag.py
[2024-12-24T19:00:38.392+0000] {processor.py:925} INFO - DAG(s) 'example_nested_branch_dag' retrieved from /home/airflow/.local/lib/python3.12/site-packages/airflow/example_dags/example_nested_branch_dag.py
[2024-12-24T19:00:38.418+0000] {logging_mixin.py:190} INFO - [2024-12-24T19:00:38.418+0000] {dag.py:3239} INFO - Sync 1 DAGs
[2024-12-24T19:00:38.446+0000] {logging_mixin.py:190} INFO - [2024-12-24T19:00:38.446+0000] {dag.py:4180} INFO - Setting next_dagrun for example_nested_branch_dag to 2024-12-23 00:00:00+00:00, run_after=2024-12-24 00:00:00+00:00
[2024-12-24T19:00:38.473+0000] {processor.py:208} INFO - Processing /home/airflow/.local/lib/python3.12/site-packages/airflow/example_dags/example_nested_branch_dag.py took 0.104 seconds
[2024-12-24T19:01:09.009+0000] {processor.py:186} INFO - Started process (PID=1402) to work on /home/airflow/.local/lib/python3.12/site-packages/airflow/example_dags/example_nested_branch_dag.py
[2024-12-24T19:01:09.010+0000] {processor.py:914} INFO - Processing file /home/airflow/.local/lib/python3.12/site-packages/airflow/example_dags/example_nested_branch_dag.py for tasks to queue
[2024-12-24T19:01:09.013+0000] {logging_mixin.py:190} INFO - [2024-12-24T19:01:09.013+0000] {dagbag.py:588} INFO - Filling up the DagBag from /home/airflow/.local/lib/python3.12/site-packages/airflow/example_dags/example_nested_branch_dag.py
[2024-12-24T19:01:09.025+0000] {processor.py:925} INFO - DAG(s) 'example_nested_branch_dag' retrieved from /home/airflow/.local/lib/python3.12/site-packages/airflow/example_dags/example_nested_branch_dag.py
[2024-12-24T19:01:09.051+0000] {logging_mixin.py:190} INFO - [2024-12-24T19:01:09.051+0000] {dag.py:3239} INFO - Sync 1 DAGs
[2024-12-24T19:01:09.077+0000] {logging_mixin.py:190} INFO - [2024-12-24T19:01:09.077+0000] {dag.py:4180} INFO - Setting next_dagrun for example_nested_branch_dag to 2024-12-23 00:00:00+00:00, run_after=2024-12-24 00:00:00+00:00
[2024-12-24T19:01:09.107+0000] {processor.py:208} INFO - Processing /home/airflow/.local/lib/python3.12/site-packages/airflow/example_dags/example_nested_branch_dag.py took 0.104 seconds
[2024-12-24T19:01:39.296+0000] {processor.py:186} INFO - Started process (PID=1465) to work on /home/airflow/.local/lib/python3.12/site-packages/airflow/example_dags/example_nested_branch_dag.py
[2024-12-24T19:01:39.297+0000] {processor.py:914} INFO - Processing file /home/airflow/.local/lib/python3.12/site-packages/airflow/example_dags/example_nested_branch_dag.py for tasks to queue
[2024-12-24T19:01:39.300+0000] {logging_mixin.py:190} INFO - [2024-12-24T19:01:39.300+0000] {dagbag.py:588} INFO - Filling up the DagBag from /home/airflow/.local/lib/python3.12/site-packages/airflow/example_dags/example_nested_branch_dag.py
[2024-12-24T19:01:39.312+0000] {processor.py:925} INFO - DAG(s) 'example_nested_branch_dag' retrieved from /home/airflow/.local/lib/python3.12/site-packages/airflow/example_dags/example_nested_branch_dag.py
[2024-12-24T19:01:39.335+0000] {logging_mixin.py:190} INFO - [2024-12-24T19:01:39.335+0000] {dag.py:3239} INFO - Sync 1 DAGs
[2024-12-24T19:01:39.360+0000] {logging_mixin.py:190} INFO - [2024-12-24T19:01:39.360+0000] {dag.py:4180} INFO - Setting next_dagrun for example_nested_branch_dag to 2024-12-23 00:00:00+00:00, run_after=2024-12-24 00:00:00+00:00
[2024-12-24T19:01:39.386+0000] {processor.py:208} INFO - Processing /home/airflow/.local/lib/python3.12/site-packages/airflow/example_dags/example_nested_branch_dag.py took 0.095 seconds
[2024-12-24T19:02:08.720+0000] {processor.py:186} INFO - Started process (PID=1528) to work on /home/airflow/.local/lib/python3.12/site-packages/airflow/example_dags/example_nested_branch_dag.py
[2024-12-24T19:02:08.721+0000] {processor.py:914} INFO - Processing file /home/airflow/.local/lib/python3.12/site-packages/airflow/example_dags/example_nested_branch_dag.py for tasks to queue
[2024-12-24T19:02:08.724+0000] {logging_mixin.py:190} INFO - [2024-12-24T19:02:08.723+0000] {dagbag.py:588} INFO - Filling up the DagBag from /home/airflow/.local/lib/python3.12/site-packages/airflow/example_dags/example_nested_branch_dag.py
[2024-12-24T19:02:08.735+0000] {processor.py:925} INFO - DAG(s) 'example_nested_branch_dag' retrieved from /home/airflow/.local/lib/python3.12/site-packages/airflow/example_dags/example_nested_branch_dag.py
[2024-12-24T19:02:08.762+0000] {logging_mixin.py:190} INFO - [2024-12-24T19:02:08.762+0000] {dag.py:3239} INFO - Sync 1 DAGs
[2024-12-24T19:02:08.789+0000] {logging_mixin.py:190} INFO - [2024-12-24T19:02:08.789+0000] {dag.py:4180} INFO - Setting next_dagrun for example_nested_branch_dag to 2024-12-23 00:00:00+00:00, run_after=2024-12-24 00:00:00+00:00
[2024-12-24T19:02:08.812+0000] {processor.py:208} INFO - Processing /home/airflow/.local/lib/python3.12/site-packages/airflow/example_dags/example_nested_branch_dag.py took 0.099 seconds
[2024-12-24T19:02:39.234+0000] {processor.py:186} INFO - Started process (PID=1591) to work on /home/airflow/.local/lib/python3.12/site-packages/airflow/example_dags/example_nested_branch_dag.py
[2024-12-24T19:02:39.235+0000] {processor.py:914} INFO - Processing file /home/airflow/.local/lib/python3.12/site-packages/airflow/example_dags/example_nested_branch_dag.py for tasks to queue
[2024-12-24T19:02:39.238+0000] {logging_mixin.py:190} INFO - [2024-12-24T19:02:39.238+0000] {dagbag.py:588} INFO - Filling up the DagBag from /home/airflow/.local/lib/python3.12/site-packages/airflow/example_dags/example_nested_branch_dag.py
[2024-12-24T19:02:39.249+0000] {processor.py:925} INFO - DAG(s) 'example_nested_branch_dag' retrieved from /home/airflow/.local/lib/python3.12/site-packages/airflow/example_dags/example_nested_branch_dag.py
[2024-12-24T19:02:39.273+0000] {logging_mixin.py:190} INFO - [2024-12-24T19:02:39.273+0000] {dag.py:3239} INFO - Sync 1 DAGs
[2024-12-24T19:02:39.300+0000] {logging_mixin.py:190} INFO - [2024-12-24T19:02:39.299+0000] {dag.py:4180} INFO - Setting next_dagrun for example_nested_branch_dag to 2024-12-23 00:00:00+00:00, run_after=2024-12-24 00:00:00+00:00
[2024-12-24T19:02:39.324+0000] {processor.py:208} INFO - Processing /home/airflow/.local/lib/python3.12/site-packages/airflow/example_dags/example_nested_branch_dag.py took 0.096 seconds
[2024-12-24T19:03:10.314+0000] {processor.py:186} INFO - Started process (PID=1654) to work on /home/airflow/.local/lib/python3.12/site-packages/airflow/example_dags/example_nested_branch_dag.py
[2024-12-24T19:03:10.316+0000] {processor.py:914} INFO - Processing file /home/airflow/.local/lib/python3.12/site-packages/airflow/example_dags/example_nested_branch_dag.py for tasks to queue
[2024-12-24T19:03:10.319+0000] {logging_mixin.py:190} INFO - [2024-12-24T19:03:10.319+0000] {dagbag.py:588} INFO - Filling up the DagBag from /home/airflow/.local/lib/python3.12/site-packages/airflow/example_dags/example_nested_branch_dag.py
[2024-12-24T19:03:10.333+0000] {processor.py:925} INFO - DAG(s) 'example_nested_branch_dag' retrieved from /home/airflow/.local/lib/python3.12/site-packages/airflow/example_dags/example_nested_branch_dag.py
[2024-12-24T19:03:10.377+0000] {logging_mixin.py:190} INFO - [2024-12-24T19:03:10.376+0000] {dag.py:3239} INFO - Sync 1 DAGs
[2024-12-24T19:03:10.404+0000] {logging_mixin.py:190} INFO - [2024-12-24T19:03:10.404+0000] {dag.py:4180} INFO - Setting next_dagrun for example_nested_branch_dag to 2024-12-23 00:00:00+00:00, run_after=2024-12-24 00:00:00+00:00
[2024-12-24T19:03:10.463+0000] {processor.py:208} INFO - Processing /home/airflow/.local/lib/python3.12/site-packages/airflow/example_dags/example_nested_branch_dag.py took 0.155 seconds
[2024-12-24T19:03:40.844+0000] {processor.py:186} INFO - Started process (PID=1717) to work on /home/airflow/.local/lib/python3.12/site-packages/airflow/example_dags/example_nested_branch_dag.py
[2024-12-24T19:03:40.845+0000] {processor.py:914} INFO - Processing file /home/airflow/.local/lib/python3.12/site-packages/airflow/example_dags/example_nested_branch_dag.py for tasks to queue
[2024-12-24T19:03:40.848+0000] {logging_mixin.py:190} INFO - [2024-12-24T19:03:40.848+0000] {dagbag.py:588} INFO - Filling up the DagBag from /home/airflow/.local/lib/python3.12/site-packages/airflow/example_dags/example_nested_branch_dag.py
[2024-12-24T19:03:40.860+0000] {processor.py:925} INFO - DAG(s) 'example_nested_branch_dag' retrieved from /home/airflow/.local/lib/python3.12/site-packages/airflow/example_dags/example_nested_branch_dag.py
[2024-12-24T19:03:40.884+0000] {logging_mixin.py:190} INFO - [2024-12-24T19:03:40.884+0000] {dag.py:3239} INFO - Sync 1 DAGs
[2024-12-24T19:03:40.909+0000] {logging_mixin.py:190} INFO - [2024-12-24T19:03:40.909+0000] {dag.py:4180} INFO - Setting next_dagrun for example_nested_branch_dag to 2024-12-23 00:00:00+00:00, run_after=2024-12-24 00:00:00+00:00
[2024-12-24T19:03:40.932+0000] {processor.py:208} INFO - Processing /home/airflow/.local/lib/python3.12/site-packages/airflow/example_dags/example_nested_branch_dag.py took 0.094 seconds
[2024-12-24T19:04:11.399+0000] {processor.py:186} INFO - Started process (PID=1780) to work on /home/airflow/.local/lib/python3.12/site-packages/airflow/example_dags/example_nested_branch_dag.py
[2024-12-24T19:04:11.400+0000] {processor.py:914} INFO - Processing file /home/airflow/.local/lib/python3.12/site-packages/airflow/example_dags/example_nested_branch_dag.py for tasks to queue
[2024-12-24T19:04:11.403+0000] {logging_mixin.py:190} INFO - [2024-12-24T19:04:11.402+0000] {dagbag.py:588} INFO - Filling up the DagBag from /home/airflow/.local/lib/python3.12/site-packages/airflow/example_dags/example_nested_branch_dag.py
[2024-12-24T19:04:11.415+0000] {processor.py:925} INFO - DAG(s) 'example_nested_branch_dag' retrieved from /home/airflow/.local/lib/python3.12/site-packages/airflow/example_dags/example_nested_branch_dag.py
[2024-12-24T19:04:11.441+0000] {logging_mixin.py:190} INFO - [2024-12-24T19:04:11.441+0000] {dag.py:3239} INFO - Sync 1 DAGs
[2024-12-24T19:04:11.467+0000] {logging_mixin.py:190} INFO - [2024-12-24T19:04:11.467+0000] {dag.py:4180} INFO - Setting next_dagrun for example_nested_branch_dag to 2024-12-23 00:00:00+00:00, run_after=2024-12-24 00:00:00+00:00
[2024-12-24T19:04:11.496+0000] {processor.py:208} INFO - Processing /home/airflow/.local/lib/python3.12/site-packages/airflow/example_dags/example_nested_branch_dag.py took 0.103 seconds
[2024-12-24T19:04:41.751+0000] {processor.py:186} INFO - Started process (PID=1843) to work on /home/airflow/.local/lib/python3.12/site-packages/airflow/example_dags/example_nested_branch_dag.py
[2024-12-24T19:04:41.752+0000] {processor.py:914} INFO - Processing file /home/airflow/.local/lib/python3.12/site-packages/airflow/example_dags/example_nested_branch_dag.py for tasks to queue
[2024-12-24T19:04:41.755+0000] {logging_mixin.py:190} INFO - [2024-12-24T19:04:41.755+0000] {dagbag.py:588} INFO - Filling up the DagBag from /home/airflow/.local/lib/python3.12/site-packages/airflow/example_dags/example_nested_branch_dag.py
[2024-12-24T19:04:41.767+0000] {processor.py:925} INFO - DAG(s) 'example_nested_branch_dag' retrieved from /home/airflow/.local/lib/python3.12/site-packages/airflow/example_dags/example_nested_branch_dag.py
[2024-12-24T19:04:41.792+0000] {logging_mixin.py:190} INFO - [2024-12-24T19:04:41.791+0000] {dag.py:3239} INFO - Sync 1 DAGs
[2024-12-24T19:04:41.818+0000] {logging_mixin.py:190} INFO - [2024-12-24T19:04:41.818+0000] {dag.py:4180} INFO - Setting next_dagrun for example_nested_branch_dag to 2024-12-23 00:00:00+00:00, run_after=2024-12-24 00:00:00+00:00
[2024-12-24T19:04:41.844+0000] {processor.py:208} INFO - Processing /home/airflow/.local/lib/python3.12/site-packages/airflow/example_dags/example_nested_branch_dag.py took 0.099 seconds
[2024-12-24T19:05:12.155+0000] {processor.py:186} INFO - Started process (PID=1902) to work on /home/airflow/.local/lib/python3.12/site-packages/airflow/example_dags/example_nested_branch_dag.py
[2024-12-24T19:05:12.156+0000] {processor.py:914} INFO - Processing file /home/airflow/.local/lib/python3.12/site-packages/airflow/example_dags/example_nested_branch_dag.py for tasks to queue
[2024-12-24T19:05:12.159+0000] {logging_mixin.py:190} INFO - [2024-12-24T19:05:12.159+0000] {dagbag.py:588} INFO - Filling up the DagBag from /home/airflow/.local/lib/python3.12/site-packages/airflow/example_dags/example_nested_branch_dag.py
[2024-12-24T19:05:12.174+0000] {processor.py:925} INFO - DAG(s) 'example_nested_branch_dag' retrieved from /home/airflow/.local/lib/python3.12/site-packages/airflow/example_dags/example_nested_branch_dag.py
[2024-12-24T19:05:12.203+0000] {logging_mixin.py:190} INFO - [2024-12-24T19:05:12.202+0000] {dag.py:3239} INFO - Sync 1 DAGs
[2024-12-24T19:05:12.236+0000] {logging_mixin.py:190} INFO - [2024-12-24T19:05:12.236+0000] {dag.py:4180} INFO - Setting next_dagrun for example_nested_branch_dag to 2024-12-23 00:00:00+00:00, run_after=2024-12-24 00:00:00+00:00
[2024-12-24T19:05:12.263+0000] {processor.py:208} INFO - Processing /home/airflow/.local/lib/python3.12/site-packages/airflow/example_dags/example_nested_branch_dag.py took 0.115 seconds
[2024-12-24T19:05:43.696+0000] {processor.py:186} INFO - Started process (PID=1965) to work on /home/airflow/.local/lib/python3.12/site-packages/airflow/example_dags/example_nested_branch_dag.py
[2024-12-24T19:05:43.698+0000] {processor.py:914} INFO - Processing file /home/airflow/.local/lib/python3.12/site-packages/airflow/example_dags/example_nested_branch_dag.py for tasks to queue
[2024-12-24T19:05:43.701+0000] {logging_mixin.py:190} INFO - [2024-12-24T19:05:43.701+0000] {dagbag.py:588} INFO - Filling up the DagBag from /home/airflow/.local/lib/python3.12/site-packages/airflow/example_dags/example_nested_branch_dag.py
[2024-12-24T19:05:43.717+0000] {processor.py:925} INFO - DAG(s) 'example_nested_branch_dag' retrieved from /home/airflow/.local/lib/python3.12/site-packages/airflow/example_dags/example_nested_branch_dag.py
[2024-12-24T19:05:43.745+0000] {logging_mixin.py:190} INFO - [2024-12-24T19:05:43.745+0000] {dag.py:3239} INFO - Sync 1 DAGs
[2024-12-24T19:05:43.777+0000] {logging_mixin.py:190} INFO - [2024-12-24T19:05:43.776+0000] {dag.py:4180} INFO - Setting next_dagrun for example_nested_branch_dag to 2024-12-23 00:00:00+00:00, run_after=2024-12-24 00:00:00+00:00
[2024-12-24T19:05:43.806+0000] {processor.py:208} INFO - Processing /home/airflow/.local/lib/python3.12/site-packages/airflow/example_dags/example_nested_branch_dag.py took 0.118 seconds
[2024-12-24T19:06:14.412+0000] {processor.py:186} INFO - Started process (PID=2027) to work on /home/airflow/.local/lib/python3.12/site-packages/airflow/example_dags/example_nested_branch_dag.py
[2024-12-24T19:06:14.413+0000] {processor.py:914} INFO - Processing file /home/airflow/.local/lib/python3.12/site-packages/airflow/example_dags/example_nested_branch_dag.py for tasks to queue
[2024-12-24T19:06:14.416+0000] {logging_mixin.py:190} INFO - [2024-12-24T19:06:14.416+0000] {dagbag.py:588} INFO - Filling up the DagBag from /home/airflow/.local/lib/python3.12/site-packages/airflow/example_dags/example_nested_branch_dag.py
[2024-12-24T19:06:14.429+0000] {processor.py:925} INFO - DAG(s) 'example_nested_branch_dag' retrieved from /home/airflow/.local/lib/python3.12/site-packages/airflow/example_dags/example_nested_branch_dag.py
[2024-12-24T19:06:14.456+0000] {logging_mixin.py:190} INFO - [2024-12-24T19:06:14.455+0000] {dag.py:3239} INFO - Sync 1 DAGs
[2024-12-24T19:06:14.483+0000] {logging_mixin.py:190} INFO - [2024-12-24T19:06:14.483+0000] {dag.py:4180} INFO - Setting next_dagrun for example_nested_branch_dag to 2024-12-23 00:00:00+00:00, run_after=2024-12-24 00:00:00+00:00
[2024-12-24T19:06:14.508+0000] {processor.py:208} INFO - Processing /home/airflow/.local/lib/python3.12/site-packages/airflow/example_dags/example_nested_branch_dag.py took 0.103 seconds
[2024-12-24T19:06:44.840+0000] {processor.py:186} INFO - Started process (PID=2089) to work on /home/airflow/.local/lib/python3.12/site-packages/airflow/example_dags/example_nested_branch_dag.py
[2024-12-24T19:06:44.842+0000] {processor.py:914} INFO - Processing file /home/airflow/.local/lib/python3.12/site-packages/airflow/example_dags/example_nested_branch_dag.py for tasks to queue
[2024-12-24T19:06:44.844+0000] {logging_mixin.py:190} INFO - [2024-12-24T19:06:44.844+0000] {dagbag.py:588} INFO - Filling up the DagBag from /home/airflow/.local/lib/python3.12/site-packages/airflow/example_dags/example_nested_branch_dag.py
[2024-12-24T19:06:44.857+0000] {processor.py:925} INFO - DAG(s) 'example_nested_branch_dag' retrieved from /home/airflow/.local/lib/python3.12/site-packages/airflow/example_dags/example_nested_branch_dag.py
[2024-12-24T19:06:44.881+0000] {logging_mixin.py:190} INFO - [2024-12-24T19:06:44.881+0000] {dag.py:3239} INFO - Sync 1 DAGs
[2024-12-24T19:06:44.910+0000] {logging_mixin.py:190} INFO - [2024-12-24T19:06:44.910+0000] {dag.py:4180} INFO - Setting next_dagrun for example_nested_branch_dag to 2024-12-23 00:00:00+00:00, run_after=2024-12-24 00:00:00+00:00
[2024-12-24T19:06:44.937+0000] {processor.py:208} INFO - Processing /home/airflow/.local/lib/python3.12/site-packages/airflow/example_dags/example_nested_branch_dag.py took 0.102 seconds
[2024-12-24T19:07:15.469+0000] {processor.py:186} INFO - Started process (PID=2152) to work on /home/airflow/.local/lib/python3.12/site-packages/airflow/example_dags/example_nested_branch_dag.py
[2024-12-24T19:07:15.470+0000] {processor.py:914} INFO - Processing file /home/airflow/.local/lib/python3.12/site-packages/airflow/example_dags/example_nested_branch_dag.py for tasks to queue
[2024-12-24T19:07:15.473+0000] {logging_mixin.py:190} INFO - [2024-12-24T19:07:15.473+0000] {dagbag.py:588} INFO - Filling up the DagBag from /home/airflow/.local/lib/python3.12/site-packages/airflow/example_dags/example_nested_branch_dag.py
[2024-12-24T19:07:15.485+0000] {processor.py:925} INFO - DAG(s) 'example_nested_branch_dag' retrieved from /home/airflow/.local/lib/python3.12/site-packages/airflow/example_dags/example_nested_branch_dag.py
[2024-12-24T19:07:15.510+0000] {logging_mixin.py:190} INFO - [2024-12-24T19:07:15.509+0000] {dag.py:3239} INFO - Sync 1 DAGs
[2024-12-24T19:07:15.536+0000] {logging_mixin.py:190} INFO - [2024-12-24T19:07:15.536+0000] {dag.py:4180} INFO - Setting next_dagrun for example_nested_branch_dag to 2024-12-23 00:00:00+00:00, run_after=2024-12-24 00:00:00+00:00
[2024-12-24T19:07:15.568+0000] {processor.py:208} INFO - Processing /home/airflow/.local/lib/python3.12/site-packages/airflow/example_dags/example_nested_branch_dag.py took 0.105 seconds
[2024-12-24T19:07:45.770+0000] {processor.py:186} INFO - Started process (PID=2221) to work on /home/airflow/.local/lib/python3.12/site-packages/airflow/example_dags/example_nested_branch_dag.py
[2024-12-24T19:07:45.771+0000] {processor.py:914} INFO - Processing file /home/airflow/.local/lib/python3.12/site-packages/airflow/example_dags/example_nested_branch_dag.py for tasks to queue
[2024-12-24T19:07:45.774+0000] {logging_mixin.py:190} INFO - [2024-12-24T19:07:45.773+0000] {dagbag.py:588} INFO - Filling up the DagBag from /home/airflow/.local/lib/python3.12/site-packages/airflow/example_dags/example_nested_branch_dag.py
[2024-12-24T19:07:45.786+0000] {processor.py:925} INFO - DAG(s) 'example_nested_branch_dag' retrieved from /home/airflow/.local/lib/python3.12/site-packages/airflow/example_dags/example_nested_branch_dag.py
[2024-12-24T19:07:45.810+0000] {logging_mixin.py:190} INFO - [2024-12-24T19:07:45.810+0000] {dag.py:3239} INFO - Sync 1 DAGs
[2024-12-24T19:07:45.836+0000] {logging_mixin.py:190} INFO - [2024-12-24T19:07:45.836+0000] {dag.py:4180} INFO - Setting next_dagrun for example_nested_branch_dag to 2024-12-23 00:00:00+00:00, run_after=2024-12-24 00:00:00+00:00
[2024-12-24T19:07:45.863+0000] {processor.py:208} INFO - Processing /home/airflow/.local/lib/python3.12/site-packages/airflow/example_dags/example_nested_branch_dag.py took 0.099 seconds
[2024-12-24T19:08:16.195+0000] {processor.py:186} INFO - Started process (PID=2284) to work on /home/airflow/.local/lib/python3.12/site-packages/airflow/example_dags/example_nested_branch_dag.py
[2024-12-24T19:08:16.196+0000] {processor.py:914} INFO - Processing file /home/airflow/.local/lib/python3.12/site-packages/airflow/example_dags/example_nested_branch_dag.py for tasks to queue
[2024-12-24T19:08:16.199+0000] {logging_mixin.py:190} INFO - [2024-12-24T19:08:16.199+0000] {dagbag.py:588} INFO - Filling up the DagBag from /home/airflow/.local/lib/python3.12/site-packages/airflow/example_dags/example_nested_branch_dag.py
[2024-12-24T19:08:16.211+0000] {processor.py:925} INFO - DAG(s) 'example_nested_branch_dag' retrieved from /home/airflow/.local/lib/python3.12/site-packages/airflow/example_dags/example_nested_branch_dag.py
[2024-12-24T19:08:16.237+0000] {logging_mixin.py:190} INFO - [2024-12-24T19:08:16.237+0000] {dag.py:3239} INFO - Sync 1 DAGs
[2024-12-24T19:08:16.265+0000] {logging_mixin.py:190} INFO - [2024-12-24T19:08:16.265+0000] {dag.py:4180} INFO - Setting next_dagrun for example_nested_branch_dag to 2024-12-23 00:00:00+00:00, run_after=2024-12-24 00:00:00+00:00
[2024-12-24T19:08:16.295+0000] {processor.py:208} INFO - Processing /home/airflow/.local/lib/python3.12/site-packages/airflow/example_dags/example_nested_branch_dag.py took 0.106 seconds
[2024-12-24T19:08:46.725+0000] {processor.py:186} INFO - Started process (PID=2347) to work on /home/airflow/.local/lib/python3.12/site-packages/airflow/example_dags/example_nested_branch_dag.py
[2024-12-24T19:08:46.727+0000] {processor.py:914} INFO - Processing file /home/airflow/.local/lib/python3.12/site-packages/airflow/example_dags/example_nested_branch_dag.py for tasks to queue
[2024-12-24T19:08:46.729+0000] {logging_mixin.py:190} INFO - [2024-12-24T19:08:46.729+0000] {dagbag.py:588} INFO - Filling up the DagBag from /home/airflow/.local/lib/python3.12/site-packages/airflow/example_dags/example_nested_branch_dag.py
[2024-12-24T19:08:46.741+0000] {processor.py:925} INFO - DAG(s) 'example_nested_branch_dag' retrieved from /home/airflow/.local/lib/python3.12/site-packages/airflow/example_dags/example_nested_branch_dag.py
[2024-12-24T19:08:46.767+0000] {logging_mixin.py:190} INFO - [2024-12-24T19:08:46.767+0000] {dag.py:3239} INFO - Sync 1 DAGs
[2024-12-24T19:08:46.794+0000] {logging_mixin.py:190} INFO - [2024-12-24T19:08:46.794+0000] {dag.py:4180} INFO - Setting next_dagrun for example_nested_branch_dag to 2024-12-23 00:00:00+00:00, run_after=2024-12-24 00:00:00+00:00
[2024-12-24T19:08:46.820+0000] {processor.py:208} INFO - Processing /home/airflow/.local/lib/python3.12/site-packages/airflow/example_dags/example_nested_branch_dag.py took 0.100 seconds
