[2024-12-24T18:50:32.327+0000] {processor.py:186} INFO - Started process (PID=98) to work on /home/airflow/.local/lib/python3.12/site-packages/airflow/example_dags/example_sla_dag.py
[2024-12-24T18:50:32.328+0000] {processor.py:914} INFO - Processing file /home/airflow/.local/lib/python3.12/site-packages/airflow/example_dags/example_sla_dag.py for tasks to queue
[2024-12-24T18:50:32.331+0000] {logging_mixin.py:190} INFO - [2024-12-24T18:50:32.331+0000] {dagbag.py:588} INFO - Filling up the DagBag from /home/airflow/.local/lib/python3.12/site-packages/airflow/example_dags/example_sla_dag.py
[2024-12-24T18:50:32.346+0000] {processor.py:925} INFO - DAG(s) 'example_sla_dag' retrieved from /home/airflow/.local/lib/python3.12/site-packages/airflow/example_dags/example_sla_dag.py
[2024-12-24T18:50:32.380+0000] {logging_mixin.py:190} INFO - [2024-12-24T18:50:32.380+0000] {dag.py:3239} INFO - Sync 1 DAGs
[2024-12-24T18:50:32.413+0000] {logging_mixin.py:190} INFO - [2024-12-24T18:50:32.413+0000] {dag.py:4180} INFO - Setting next_dagrun for example_sla_dag to 2024-12-24 18:48:00+00:00, run_after=2024-12-24 18:50:00+00:00
[2024-12-24T18:50:32.445+0000] {processor.py:208} INFO - Processing /home/airflow/.local/lib/python3.12/site-packages/airflow/example_dags/example_sla_dag.py took 0.125 seconds
[2024-12-24T18:51:03.637+0000] {processor.py:186} INFO - Started process (PID=161) to work on /home/airflow/.local/lib/python3.12/site-packages/airflow/example_dags/example_sla_dag.py
[2024-12-24T18:51:03.639+0000] {processor.py:914} INFO - Processing file /home/airflow/.local/lib/python3.12/site-packages/airflow/example_dags/example_sla_dag.py for tasks to queue
[2024-12-24T18:51:03.642+0000] {logging_mixin.py:190} INFO - [2024-12-24T18:51:03.642+0000] {dagbag.py:588} INFO - Filling up the DagBag from /home/airflow/.local/lib/python3.12/site-packages/airflow/example_dags/example_sla_dag.py
[2024-12-24T18:51:03.657+0000] {processor.py:925} INFO - DAG(s) 'example_sla_dag' retrieved from /home/airflow/.local/lib/python3.12/site-packages/airflow/example_dags/example_sla_dag.py
[2024-12-24T18:51:03.690+0000] {logging_mixin.py:190} INFO - [2024-12-24T18:51:03.690+0000] {dag.py:3239} INFO - Sync 1 DAGs
[2024-12-24T18:51:03.727+0000] {logging_mixin.py:190} INFO - [2024-12-24T18:51:03.726+0000] {dag.py:4180} INFO - Setting next_dagrun for example_sla_dag to 2024-12-24 18:48:00+00:00, run_after=2024-12-24 18:50:00+00:00
[2024-12-24T18:51:03.765+0000] {processor.py:208} INFO - Processing /home/airflow/.local/lib/python3.12/site-packages/airflow/example_dags/example_sla_dag.py took 0.138 seconds
[2024-12-24T18:51:34.692+0000] {processor.py:186} INFO - Started process (PID=223) to work on /home/airflow/.local/lib/python3.12/site-packages/airflow/example_dags/example_sla_dag.py
[2024-12-24T18:51:34.693+0000] {processor.py:914} INFO - Processing file /home/airflow/.local/lib/python3.12/site-packages/airflow/example_dags/example_sla_dag.py for tasks to queue
[2024-12-24T18:51:34.696+0000] {logging_mixin.py:190} INFO - [2024-12-24T18:51:34.696+0000] {dagbag.py:588} INFO - Filling up the DagBag from /home/airflow/.local/lib/python3.12/site-packages/airflow/example_dags/example_sla_dag.py
[2024-12-24T18:51:34.712+0000] {processor.py:925} INFO - DAG(s) 'example_sla_dag' retrieved from /home/airflow/.local/lib/python3.12/site-packages/airflow/example_dags/example_sla_dag.py
[2024-12-24T18:51:34.736+0000] {logging_mixin.py:190} INFO - [2024-12-24T18:51:34.736+0000] {dag.py:3239} INFO - Sync 1 DAGs
[2024-12-24T18:51:34.769+0000] {logging_mixin.py:190} INFO - [2024-12-24T18:51:34.768+0000] {dag.py:4180} INFO - Setting next_dagrun for example_sla_dag to 2024-12-24 18:48:00+00:00, run_after=2024-12-24 18:50:00+00:00
[2024-12-24T18:51:34.800+0000] {processor.py:208} INFO - Processing /home/airflow/.local/lib/python3.12/site-packages/airflow/example_dags/example_sla_dag.py took 0.114 seconds
[2024-12-24T18:52:05.126+0000] {processor.py:186} INFO - Started process (PID=287) to work on /home/airflow/.local/lib/python3.12/site-packages/airflow/example_dags/example_sla_dag.py
[2024-12-24T18:52:05.127+0000] {processor.py:914} INFO - Processing file /home/airflow/.local/lib/python3.12/site-packages/airflow/example_dags/example_sla_dag.py for tasks to queue
[2024-12-24T18:52:05.130+0000] {logging_mixin.py:190} INFO - [2024-12-24T18:52:05.129+0000] {dagbag.py:588} INFO - Filling up the DagBag from /home/airflow/.local/lib/python3.12/site-packages/airflow/example_dags/example_sla_dag.py
[2024-12-24T18:52:05.144+0000] {processor.py:925} INFO - DAG(s) 'example_sla_dag' retrieved from /home/airflow/.local/lib/python3.12/site-packages/airflow/example_dags/example_sla_dag.py
[2024-12-24T18:52:05.171+0000] {logging_mixin.py:190} INFO - [2024-12-24T18:52:05.171+0000] {dag.py:3239} INFO - Sync 1 DAGs
[2024-12-24T18:52:05.203+0000] {logging_mixin.py:190} INFO - [2024-12-24T18:52:05.203+0000] {dag.py:4180} INFO - Setting next_dagrun for example_sla_dag to 2024-12-24 18:50:00+00:00, run_after=2024-12-24 18:52:00+00:00
[2024-12-24T18:52:05.233+0000] {processor.py:208} INFO - Processing /home/airflow/.local/lib/python3.12/site-packages/airflow/example_dags/example_sla_dag.py took 0.116 seconds
[2024-12-24T18:52:37.145+0000] {processor.py:186} INFO - Started process (PID=351) to work on /home/airflow/.local/lib/python3.12/site-packages/airflow/example_dags/example_sla_dag.py
[2024-12-24T18:52:37.147+0000] {processor.py:914} INFO - Processing file /home/airflow/.local/lib/python3.12/site-packages/airflow/example_dags/example_sla_dag.py for tasks to queue
[2024-12-24T18:52:37.151+0000] {logging_mixin.py:190} INFO - [2024-12-24T18:52:37.151+0000] {dagbag.py:588} INFO - Filling up the DagBag from /home/airflow/.local/lib/python3.12/site-packages/airflow/example_dags/example_sla_dag.py
[2024-12-24T18:52:37.162+0000] {processor.py:925} INFO - DAG(s) 'example_sla_dag' retrieved from /home/airflow/.local/lib/python3.12/site-packages/airflow/example_dags/example_sla_dag.py
[2024-12-24T18:52:37.187+0000] {logging_mixin.py:190} INFO - [2024-12-24T18:52:37.187+0000] {dag.py:3239} INFO - Sync 1 DAGs
[2024-12-24T18:52:37.213+0000] {logging_mixin.py:190} INFO - [2024-12-24T18:52:37.213+0000] {dag.py:4180} INFO - Setting next_dagrun for example_sla_dag to 2024-12-24 18:50:00+00:00, run_after=2024-12-24 18:52:00+00:00
[2024-12-24T18:52:37.236+0000] {processor.py:208} INFO - Processing /home/airflow/.local/lib/python3.12/site-packages/airflow/example_dags/example_sla_dag.py took 0.097 seconds
[2024-12-24T18:53:08.070+0000] {processor.py:186} INFO - Started process (PID=413) to work on /home/airflow/.local/lib/python3.12/site-packages/airflow/example_dags/example_sla_dag.py
[2024-12-24T18:53:08.072+0000] {processor.py:914} INFO - Processing file /home/airflow/.local/lib/python3.12/site-packages/airflow/example_dags/example_sla_dag.py for tasks to queue
[2024-12-24T18:53:08.074+0000] {logging_mixin.py:190} INFO - [2024-12-24T18:53:08.074+0000] {dagbag.py:588} INFO - Filling up the DagBag from /home/airflow/.local/lib/python3.12/site-packages/airflow/example_dags/example_sla_dag.py
[2024-12-24T18:53:08.085+0000] {processor.py:925} INFO - DAG(s) 'example_sla_dag' retrieved from /home/airflow/.local/lib/python3.12/site-packages/airflow/example_dags/example_sla_dag.py
[2024-12-24T18:53:08.107+0000] {logging_mixin.py:190} INFO - [2024-12-24T18:53:08.107+0000] {dag.py:3239} INFO - Sync 1 DAGs
[2024-12-24T18:53:08.135+0000] {logging_mixin.py:190} INFO - [2024-12-24T18:53:08.135+0000] {dag.py:4180} INFO - Setting next_dagrun for example_sla_dag to 2024-12-24 18:50:00+00:00, run_after=2024-12-24 18:52:00+00:00
[2024-12-24T18:53:08.162+0000] {processor.py:208} INFO - Processing /home/airflow/.local/lib/python3.12/site-packages/airflow/example_dags/example_sla_dag.py took 0.097 seconds
[2024-12-24T18:53:40.880+0000] {processor.py:186} INFO - Started process (PID=477) to work on /home/airflow/.local/lib/python3.12/site-packages/airflow/example_dags/example_sla_dag.py
[2024-12-24T18:53:40.881+0000] {processor.py:914} INFO - Processing file /home/airflow/.local/lib/python3.12/site-packages/airflow/example_dags/example_sla_dag.py for tasks to queue
[2024-12-24T18:53:40.884+0000] {logging_mixin.py:190} INFO - [2024-12-24T18:53:40.884+0000] {dagbag.py:588} INFO - Filling up the DagBag from /home/airflow/.local/lib/python3.12/site-packages/airflow/example_dags/example_sla_dag.py
[2024-12-24T18:53:40.894+0000] {processor.py:925} INFO - DAG(s) 'example_sla_dag' retrieved from /home/airflow/.local/lib/python3.12/site-packages/airflow/example_dags/example_sla_dag.py
[2024-12-24T18:53:40.915+0000] {logging_mixin.py:190} INFO - [2024-12-24T18:53:40.915+0000] {dag.py:3239} INFO - Sync 1 DAGs
[2024-12-24T18:53:40.942+0000] {logging_mixin.py:190} INFO - [2024-12-24T18:53:40.942+0000] {dag.py:4180} INFO - Setting next_dagrun for example_sla_dag to 2024-12-24 18:50:00+00:00, run_after=2024-12-24 18:52:00+00:00
[2024-12-24T18:53:40.967+0000] {processor.py:208} INFO - Processing /home/airflow/.local/lib/python3.12/site-packages/airflow/example_dags/example_sla_dag.py took 0.092 seconds
[2024-12-24T18:54:12.015+0000] {processor.py:186} INFO - Started process (PID=540) to work on /home/airflow/.local/lib/python3.12/site-packages/airflow/example_dags/example_sla_dag.py
[2024-12-24T18:54:12.016+0000] {processor.py:914} INFO - Processing file /home/airflow/.local/lib/python3.12/site-packages/airflow/example_dags/example_sla_dag.py for tasks to queue
[2024-12-24T18:54:12.019+0000] {logging_mixin.py:190} INFO - [2024-12-24T18:54:12.019+0000] {dagbag.py:588} INFO - Filling up the DagBag from /home/airflow/.local/lib/python3.12/site-packages/airflow/example_dags/example_sla_dag.py
[2024-12-24T18:54:12.035+0000] {processor.py:925} INFO - DAG(s) 'example_sla_dag' retrieved from /home/airflow/.local/lib/python3.12/site-packages/airflow/example_dags/example_sla_dag.py
[2024-12-24T18:54:12.072+0000] {logging_mixin.py:190} INFO - [2024-12-24T18:54:12.071+0000] {dag.py:3239} INFO - Sync 1 DAGs
[2024-12-24T18:54:12.128+0000] {logging_mixin.py:190} INFO - [2024-12-24T18:54:12.128+0000] {dag.py:4180} INFO - Setting next_dagrun for example_sla_dag to 2024-12-24 18:52:00+00:00, run_after=2024-12-24 18:54:00+00:00
[2024-12-24T18:54:12.172+0000] {processor.py:208} INFO - Processing /home/airflow/.local/lib/python3.12/site-packages/airflow/example_dags/example_sla_dag.py took 0.165 seconds
[2024-12-24T18:54:43.653+0000] {processor.py:186} INFO - Started process (PID=603) to work on /home/airflow/.local/lib/python3.12/site-packages/airflow/example_dags/example_sla_dag.py
[2024-12-24T18:54:43.655+0000] {processor.py:914} INFO - Processing file /home/airflow/.local/lib/python3.12/site-packages/airflow/example_dags/example_sla_dag.py for tasks to queue
[2024-12-24T18:54:43.658+0000] {logging_mixin.py:190} INFO - [2024-12-24T18:54:43.658+0000] {dagbag.py:588} INFO - Filling up the DagBag from /home/airflow/.local/lib/python3.12/site-packages/airflow/example_dags/example_sla_dag.py
[2024-12-24T18:54:43.671+0000] {processor.py:925} INFO - DAG(s) 'example_sla_dag' retrieved from /home/airflow/.local/lib/python3.12/site-packages/airflow/example_dags/example_sla_dag.py
[2024-12-24T18:54:43.698+0000] {logging_mixin.py:190} INFO - [2024-12-24T18:54:43.698+0000] {dag.py:3239} INFO - Sync 1 DAGs
[2024-12-24T18:54:43.735+0000] {logging_mixin.py:190} INFO - [2024-12-24T18:54:43.735+0000] {dag.py:4180} INFO - Setting next_dagrun for example_sla_dag to 2024-12-24 18:52:00+00:00, run_after=2024-12-24 18:54:00+00:00
[2024-12-24T18:54:43.762+0000] {processor.py:208} INFO - Processing /home/airflow/.local/lib/python3.12/site-packages/airflow/example_dags/example_sla_dag.py took 0.118 seconds
[2024-12-24T18:55:14.844+0000] {processor.py:186} INFO - Started process (PID=665) to work on /home/airflow/.local/lib/python3.12/site-packages/airflow/example_dags/example_sla_dag.py
[2024-12-24T18:55:14.845+0000] {processor.py:914} INFO - Processing file /home/airflow/.local/lib/python3.12/site-packages/airflow/example_dags/example_sla_dag.py for tasks to queue
[2024-12-24T18:55:14.848+0000] {logging_mixin.py:190} INFO - [2024-12-24T18:55:14.848+0000] {dagbag.py:588} INFO - Filling up the DagBag from /home/airflow/.local/lib/python3.12/site-packages/airflow/example_dags/example_sla_dag.py
[2024-12-24T18:55:14.860+0000] {processor.py:925} INFO - DAG(s) 'example_sla_dag' retrieved from /home/airflow/.local/lib/python3.12/site-packages/airflow/example_dags/example_sla_dag.py
[2024-12-24T18:55:14.884+0000] {logging_mixin.py:190} INFO - [2024-12-24T18:55:14.884+0000] {dag.py:3239} INFO - Sync 1 DAGs
[2024-12-24T18:55:14.914+0000] {logging_mixin.py:190} INFO - [2024-12-24T18:55:14.913+0000] {dag.py:4180} INFO - Setting next_dagrun for example_sla_dag to 2024-12-24 18:52:00+00:00, run_after=2024-12-24 18:54:00+00:00
[2024-12-24T18:55:14.942+0000] {processor.py:208} INFO - Processing /home/airflow/.local/lib/python3.12/site-packages/airflow/example_dags/example_sla_dag.py took 0.106 seconds
[2024-12-24T18:55:46.407+0000] {processor.py:186} INFO - Started process (PID=729) to work on /home/airflow/.local/lib/python3.12/site-packages/airflow/example_dags/example_sla_dag.py
[2024-12-24T18:55:46.408+0000] {processor.py:914} INFO - Processing file /home/airflow/.local/lib/python3.12/site-packages/airflow/example_dags/example_sla_dag.py for tasks to queue
[2024-12-24T18:55:46.411+0000] {logging_mixin.py:190} INFO - [2024-12-24T18:55:46.411+0000] {dagbag.py:588} INFO - Filling up the DagBag from /home/airflow/.local/lib/python3.12/site-packages/airflow/example_dags/example_sla_dag.py
[2024-12-24T18:55:46.423+0000] {processor.py:925} INFO - DAG(s) 'example_sla_dag' retrieved from /home/airflow/.local/lib/python3.12/site-packages/airflow/example_dags/example_sla_dag.py
[2024-12-24T18:55:46.447+0000] {logging_mixin.py:190} INFO - [2024-12-24T18:55:46.446+0000] {dag.py:3239} INFO - Sync 1 DAGs
[2024-12-24T18:55:46.484+0000] {logging_mixin.py:190} INFO - [2024-12-24T18:55:46.483+0000] {dag.py:4180} INFO - Setting next_dagrun for example_sla_dag to 2024-12-24 18:52:00+00:00, run_after=2024-12-24 18:54:00+00:00
[2024-12-24T18:55:46.516+0000] {processor.py:208} INFO - Processing /home/airflow/.local/lib/python3.12/site-packages/airflow/example_dags/example_sla_dag.py took 0.116 seconds
[2024-12-24T18:56:17.708+0000] {processor.py:186} INFO - Started process (PID=797) to work on /home/airflow/.local/lib/python3.12/site-packages/airflow/example_dags/example_sla_dag.py
[2024-12-24T18:56:17.709+0000] {processor.py:914} INFO - Processing file /home/airflow/.local/lib/python3.12/site-packages/airflow/example_dags/example_sla_dag.py for tasks to queue
[2024-12-24T18:56:17.712+0000] {logging_mixin.py:190} INFO - [2024-12-24T18:56:17.712+0000] {dagbag.py:588} INFO - Filling up the DagBag from /home/airflow/.local/lib/python3.12/site-packages/airflow/example_dags/example_sla_dag.py
[2024-12-24T18:56:17.726+0000] {processor.py:925} INFO - DAG(s) 'example_sla_dag' retrieved from /home/airflow/.local/lib/python3.12/site-packages/airflow/example_dags/example_sla_dag.py
[2024-12-24T18:56:17.752+0000] {logging_mixin.py:190} INFO - [2024-12-24T18:56:17.751+0000] {dag.py:3239} INFO - Sync 1 DAGs
[2024-12-24T18:56:17.783+0000] {logging_mixin.py:190} INFO - [2024-12-24T18:56:17.783+0000] {dag.py:4180} INFO - Setting next_dagrun for example_sla_dag to 2024-12-24 18:54:00+00:00, run_after=2024-12-24 18:56:00+00:00
[2024-12-24T18:56:17.856+0000] {processor.py:208} INFO - Processing /home/airflow/.local/lib/python3.12/site-packages/airflow/example_dags/example_sla_dag.py took 0.155 seconds
[2024-12-24T18:56:49.209+0000] {processor.py:186} INFO - Started process (PID=860) to work on /home/airflow/.local/lib/python3.12/site-packages/airflow/example_dags/example_sla_dag.py
[2024-12-24T18:56:49.211+0000] {processor.py:914} INFO - Processing file /home/airflow/.local/lib/python3.12/site-packages/airflow/example_dags/example_sla_dag.py for tasks to queue
[2024-12-24T18:56:49.215+0000] {logging_mixin.py:190} INFO - [2024-12-24T18:56:49.214+0000] {dagbag.py:588} INFO - Filling up the DagBag from /home/airflow/.local/lib/python3.12/site-packages/airflow/example_dags/example_sla_dag.py
[2024-12-24T18:56:49.227+0000] {processor.py:925} INFO - DAG(s) 'example_sla_dag' retrieved from /home/airflow/.local/lib/python3.12/site-packages/airflow/example_dags/example_sla_dag.py
[2024-12-24T18:56:49.255+0000] {logging_mixin.py:190} INFO - [2024-12-24T18:56:49.255+0000] {dag.py:3239} INFO - Sync 1 DAGs
[2024-12-24T18:56:49.287+0000] {logging_mixin.py:190} INFO - [2024-12-24T18:56:49.287+0000] {dag.py:4180} INFO - Setting next_dagrun for example_sla_dag to 2024-12-24 18:54:00+00:00, run_after=2024-12-24 18:56:00+00:00
[2024-12-24T18:56:49.325+0000] {processor.py:208} INFO - Processing /home/airflow/.local/lib/python3.12/site-packages/airflow/example_dags/example_sla_dag.py took 0.124 seconds
[2024-12-24T18:57:19.947+0000] {processor.py:186} INFO - Started process (PID=923) to work on /home/airflow/.local/lib/python3.12/site-packages/airflow/example_dags/example_sla_dag.py
[2024-12-24T18:57:19.949+0000] {processor.py:914} INFO - Processing file /home/airflow/.local/lib/python3.12/site-packages/airflow/example_dags/example_sla_dag.py for tasks to queue
[2024-12-24T18:57:19.952+0000] {logging_mixin.py:190} INFO - [2024-12-24T18:57:19.951+0000] {dagbag.py:588} INFO - Filling up the DagBag from /home/airflow/.local/lib/python3.12/site-packages/airflow/example_dags/example_sla_dag.py
[2024-12-24T18:57:19.962+0000] {processor.py:925} INFO - DAG(s) 'example_sla_dag' retrieved from /home/airflow/.local/lib/python3.12/site-packages/airflow/example_dags/example_sla_dag.py
[2024-12-24T18:57:19.985+0000] {logging_mixin.py:190} INFO - [2024-12-24T18:57:19.985+0000] {dag.py:3239} INFO - Sync 1 DAGs
[2024-12-24T18:57:20.012+0000] {logging_mixin.py:190} INFO - [2024-12-24T18:57:20.012+0000] {dag.py:4180} INFO - Setting next_dagrun for example_sla_dag to 2024-12-24 18:54:00+00:00, run_after=2024-12-24 18:56:00+00:00
[2024-12-24T18:57:20.036+0000] {processor.py:208} INFO - Processing /home/airflow/.local/lib/python3.12/site-packages/airflow/example_dags/example_sla_dag.py took 0.095 seconds
[2024-12-24T18:57:51.517+0000] {processor.py:186} INFO - Started process (PID=986) to work on /home/airflow/.local/lib/python3.12/site-packages/airflow/example_dags/example_sla_dag.py
[2024-12-24T18:57:51.519+0000] {processor.py:914} INFO - Processing file /home/airflow/.local/lib/python3.12/site-packages/airflow/example_dags/example_sla_dag.py for tasks to queue
[2024-12-24T18:57:51.522+0000] {logging_mixin.py:190} INFO - [2024-12-24T18:57:51.521+0000] {dagbag.py:588} INFO - Filling up the DagBag from /home/airflow/.local/lib/python3.12/site-packages/airflow/example_dags/example_sla_dag.py
[2024-12-24T18:57:51.534+0000] {processor.py:925} INFO - DAG(s) 'example_sla_dag' retrieved from /home/airflow/.local/lib/python3.12/site-packages/airflow/example_dags/example_sla_dag.py
[2024-12-24T18:57:51.564+0000] {logging_mixin.py:190} INFO - [2024-12-24T18:57:51.564+0000] {dag.py:3239} INFO - Sync 1 DAGs
[2024-12-24T18:57:51.600+0000] {logging_mixin.py:190} INFO - [2024-12-24T18:57:51.600+0000] {dag.py:4180} INFO - Setting next_dagrun for example_sla_dag to 2024-12-24 18:54:00+00:00, run_after=2024-12-24 18:56:00+00:00
[2024-12-24T18:57:51.632+0000] {processor.py:208} INFO - Processing /home/airflow/.local/lib/python3.12/site-packages/airflow/example_dags/example_sla_dag.py took 0.122 seconds
[2024-12-24T18:58:22.596+0000] {processor.py:186} INFO - Started process (PID=1053) to work on /home/airflow/.local/lib/python3.12/site-packages/airflow/example_dags/example_sla_dag.py
[2024-12-24T18:58:22.597+0000] {processor.py:914} INFO - Processing file /home/airflow/.local/lib/python3.12/site-packages/airflow/example_dags/example_sla_dag.py for tasks to queue
[2024-12-24T18:58:22.600+0000] {logging_mixin.py:190} INFO - [2024-12-24T18:58:22.599+0000] {dagbag.py:588} INFO - Filling up the DagBag from /home/airflow/.local/lib/python3.12/site-packages/airflow/example_dags/example_sla_dag.py
[2024-12-24T18:58:22.610+0000] {processor.py:925} INFO - DAG(s) 'example_sla_dag' retrieved from /home/airflow/.local/lib/python3.12/site-packages/airflow/example_dags/example_sla_dag.py
[2024-12-24T18:58:22.633+0000] {logging_mixin.py:190} INFO - [2024-12-24T18:58:22.633+0000] {dag.py:3239} INFO - Sync 1 DAGs
[2024-12-24T18:58:22.661+0000] {logging_mixin.py:190} INFO - [2024-12-24T18:58:22.661+0000] {dag.py:4180} INFO - Setting next_dagrun for example_sla_dag to 2024-12-24 18:56:00+00:00, run_after=2024-12-24 18:58:00+00:00
[2024-12-24T18:58:22.691+0000] {processor.py:208} INFO - Processing /home/airflow/.local/lib/python3.12/site-packages/airflow/example_dags/example_sla_dag.py took 0.101 seconds
[2024-12-24T18:58:54.157+0000] {processor.py:186} INFO - Started process (PID=1117) to work on /home/airflow/.local/lib/python3.12/site-packages/airflow/example_dags/example_sla_dag.py
[2024-12-24T18:58:54.158+0000] {processor.py:914} INFO - Processing file /home/airflow/.local/lib/python3.12/site-packages/airflow/example_dags/example_sla_dag.py for tasks to queue
[2024-12-24T18:58:54.161+0000] {logging_mixin.py:190} INFO - [2024-12-24T18:58:54.160+0000] {dagbag.py:588} INFO - Filling up the DagBag from /home/airflow/.local/lib/python3.12/site-packages/airflow/example_dags/example_sla_dag.py
[2024-12-24T18:58:54.172+0000] {processor.py:925} INFO - DAG(s) 'example_sla_dag' retrieved from /home/airflow/.local/lib/python3.12/site-packages/airflow/example_dags/example_sla_dag.py
[2024-12-24T18:58:54.198+0000] {logging_mixin.py:190} INFO - [2024-12-24T18:58:54.198+0000] {dag.py:3239} INFO - Sync 1 DAGs
[2024-12-24T18:58:54.226+0000] {logging_mixin.py:190} INFO - [2024-12-24T18:58:54.226+0000] {dag.py:4180} INFO - Setting next_dagrun for example_sla_dag to 2024-12-24 18:56:00+00:00, run_after=2024-12-24 18:58:00+00:00
[2024-12-24T18:58:54.255+0000] {processor.py:208} INFO - Processing /home/airflow/.local/lib/python3.12/site-packages/airflow/example_dags/example_sla_dag.py took 0.104 seconds
[2024-12-24T18:59:24.900+0000] {processor.py:186} INFO - Started process (PID=1177) to work on /home/airflow/.local/lib/python3.12/site-packages/airflow/example_dags/example_sla_dag.py
[2024-12-24T18:59:24.901+0000] {processor.py:914} INFO - Processing file /home/airflow/.local/lib/python3.12/site-packages/airflow/example_dags/example_sla_dag.py for tasks to queue
[2024-12-24T18:59:24.904+0000] {logging_mixin.py:190} INFO - [2024-12-24T18:59:24.903+0000] {dagbag.py:588} INFO - Filling up the DagBag from /home/airflow/.local/lib/python3.12/site-packages/airflow/example_dags/example_sla_dag.py
[2024-12-24T18:59:24.914+0000] {processor.py:925} INFO - DAG(s) 'example_sla_dag' retrieved from /home/airflow/.local/lib/python3.12/site-packages/airflow/example_dags/example_sla_dag.py
[2024-12-24T18:59:24.935+0000] {logging_mixin.py:190} INFO - [2024-12-24T18:59:24.935+0000] {dag.py:3239} INFO - Sync 1 DAGs
[2024-12-24T18:59:24.964+0000] {logging_mixin.py:190} INFO - [2024-12-24T18:59:24.963+0000] {dag.py:4180} INFO - Setting next_dagrun for example_sla_dag to 2024-12-24 18:56:00+00:00, run_after=2024-12-24 18:58:00+00:00
[2024-12-24T18:59:24.989+0000] {processor.py:208} INFO - Processing /home/airflow/.local/lib/python3.12/site-packages/airflow/example_dags/example_sla_dag.py took 0.095 seconds
[2024-12-24T18:59:55.730+0000] {processor.py:186} INFO - Started process (PID=1240) to work on /home/airflow/.local/lib/python3.12/site-packages/airflow/example_dags/example_sla_dag.py
[2024-12-24T18:59:55.731+0000] {processor.py:914} INFO - Processing file /home/airflow/.local/lib/python3.12/site-packages/airflow/example_dags/example_sla_dag.py for tasks to queue
[2024-12-24T18:59:55.734+0000] {logging_mixin.py:190} INFO - [2024-12-24T18:59:55.733+0000] {dagbag.py:588} INFO - Filling up the DagBag from /home/airflow/.local/lib/python3.12/site-packages/airflow/example_dags/example_sla_dag.py
[2024-12-24T18:59:55.744+0000] {processor.py:925} INFO - DAG(s) 'example_sla_dag' retrieved from /home/airflow/.local/lib/python3.12/site-packages/airflow/example_dags/example_sla_dag.py
[2024-12-24T18:59:55.766+0000] {logging_mixin.py:190} INFO - [2024-12-24T18:59:55.766+0000] {dag.py:3239} INFO - Sync 1 DAGs
[2024-12-24T18:59:55.793+0000] {logging_mixin.py:190} INFO - [2024-12-24T18:59:55.792+0000] {dag.py:4180} INFO - Setting next_dagrun for example_sla_dag to 2024-12-24 18:56:00+00:00, run_after=2024-12-24 18:58:00+00:00
[2024-12-24T18:59:55.820+0000] {processor.py:208} INFO - Processing /home/airflow/.local/lib/python3.12/site-packages/airflow/example_dags/example_sla_dag.py took 0.096 seconds
[2024-12-24T19:00:25.889+0000] {processor.py:186} INFO - Started process (PID=1302) to work on /home/airflow/.local/lib/python3.12/site-packages/airflow/example_dags/example_sla_dag.py
[2024-12-24T19:00:25.890+0000] {processor.py:914} INFO - Processing file /home/airflow/.local/lib/python3.12/site-packages/airflow/example_dags/example_sla_dag.py for tasks to queue
[2024-12-24T19:00:25.893+0000] {logging_mixin.py:190} INFO - [2024-12-24T19:00:25.892+0000] {dagbag.py:588} INFO - Filling up the DagBag from /home/airflow/.local/lib/python3.12/site-packages/airflow/example_dags/example_sla_dag.py
[2024-12-24T19:00:25.904+0000] {processor.py:925} INFO - DAG(s) 'example_sla_dag' retrieved from /home/airflow/.local/lib/python3.12/site-packages/airflow/example_dags/example_sla_dag.py
[2024-12-24T19:00:25.926+0000] {logging_mixin.py:190} INFO - [2024-12-24T19:00:25.925+0000] {dag.py:3239} INFO - Sync 1 DAGs
[2024-12-24T19:00:25.955+0000] {logging_mixin.py:190} INFO - [2024-12-24T19:00:25.955+0000] {dag.py:4180} INFO - Setting next_dagrun for example_sla_dag to 2024-12-24 18:58:00+00:00, run_after=2024-12-24 19:00:00+00:00
[2024-12-24T19:00:25.980+0000] {processor.py:208} INFO - Processing /home/airflow/.local/lib/python3.12/site-packages/airflow/example_dags/example_sla_dag.py took 0.097 seconds
[2024-12-24T19:00:56.888+0000] {processor.py:186} INFO - Started process (PID=1365) to work on /home/airflow/.local/lib/python3.12/site-packages/airflow/example_dags/example_sla_dag.py
[2024-12-24T19:00:56.889+0000] {processor.py:914} INFO - Processing file /home/airflow/.local/lib/python3.12/site-packages/airflow/example_dags/example_sla_dag.py for tasks to queue
[2024-12-24T19:00:56.892+0000] {logging_mixin.py:190} INFO - [2024-12-24T19:00:56.892+0000] {dagbag.py:588} INFO - Filling up the DagBag from /home/airflow/.local/lib/python3.12/site-packages/airflow/example_dags/example_sla_dag.py
[2024-12-24T19:00:56.903+0000] {processor.py:925} INFO - DAG(s) 'example_sla_dag' retrieved from /home/airflow/.local/lib/python3.12/site-packages/airflow/example_dags/example_sla_dag.py
[2024-12-24T19:00:56.928+0000] {logging_mixin.py:190} INFO - [2024-12-24T19:00:56.928+0000] {dag.py:3239} INFO - Sync 1 DAGs
[2024-12-24T19:00:56.956+0000] {logging_mixin.py:190} INFO - [2024-12-24T19:00:56.956+0000] {dag.py:4180} INFO - Setting next_dagrun for example_sla_dag to 2024-12-24 18:58:00+00:00, run_after=2024-12-24 19:00:00+00:00
[2024-12-24T19:00:56.979+0000] {processor.py:208} INFO - Processing /home/airflow/.local/lib/python3.12/site-packages/airflow/example_dags/example_sla_dag.py took 0.097 seconds
[2024-12-24T19:01:27.804+0000] {processor.py:186} INFO - Started process (PID=1428) to work on /home/airflow/.local/lib/python3.12/site-packages/airflow/example_dags/example_sla_dag.py
[2024-12-24T19:01:27.805+0000] {processor.py:914} INFO - Processing file /home/airflow/.local/lib/python3.12/site-packages/airflow/example_dags/example_sla_dag.py for tasks to queue
[2024-12-24T19:01:27.808+0000] {logging_mixin.py:190} INFO - [2024-12-24T19:01:27.808+0000] {dagbag.py:588} INFO - Filling up the DagBag from /home/airflow/.local/lib/python3.12/site-packages/airflow/example_dags/example_sla_dag.py
[2024-12-24T19:01:27.818+0000] {processor.py:925} INFO - DAG(s) 'example_sla_dag' retrieved from /home/airflow/.local/lib/python3.12/site-packages/airflow/example_dags/example_sla_dag.py
[2024-12-24T19:01:27.842+0000] {logging_mixin.py:190} INFO - [2024-12-24T19:01:27.842+0000] {dag.py:3239} INFO - Sync 1 DAGs
[2024-12-24T19:01:27.870+0000] {logging_mixin.py:190} INFO - [2024-12-24T19:01:27.870+0000] {dag.py:4180} INFO - Setting next_dagrun for example_sla_dag to 2024-12-24 18:58:00+00:00, run_after=2024-12-24 19:00:00+00:00
[2024-12-24T19:01:27.895+0000] {processor.py:208} INFO - Processing /home/airflow/.local/lib/python3.12/site-packages/airflow/example_dags/example_sla_dag.py took 0.097 seconds
[2024-12-24T19:01:58.519+0000] {processor.py:186} INFO - Started process (PID=1491) to work on /home/airflow/.local/lib/python3.12/site-packages/airflow/example_dags/example_sla_dag.py
[2024-12-24T19:01:58.520+0000] {processor.py:914} INFO - Processing file /home/airflow/.local/lib/python3.12/site-packages/airflow/example_dags/example_sla_dag.py for tasks to queue
[2024-12-24T19:01:58.523+0000] {logging_mixin.py:190} INFO - [2024-12-24T19:01:58.523+0000] {dagbag.py:588} INFO - Filling up the DagBag from /home/airflow/.local/lib/python3.12/site-packages/airflow/example_dags/example_sla_dag.py
[2024-12-24T19:01:58.535+0000] {processor.py:925} INFO - DAG(s) 'example_sla_dag' retrieved from /home/airflow/.local/lib/python3.12/site-packages/airflow/example_dags/example_sla_dag.py
[2024-12-24T19:01:58.564+0000] {logging_mixin.py:190} INFO - [2024-12-24T19:01:58.563+0000] {dag.py:3239} INFO - Sync 1 DAGs
[2024-12-24T19:01:58.602+0000] {logging_mixin.py:190} INFO - [2024-12-24T19:01:58.601+0000] {dag.py:4180} INFO - Setting next_dagrun for example_sla_dag to 2024-12-24 18:58:00+00:00, run_after=2024-12-24 19:00:00+00:00
[2024-12-24T19:01:58.628+0000] {processor.py:208} INFO - Processing /home/airflow/.local/lib/python3.12/site-packages/airflow/example_dags/example_sla_dag.py took 0.115 seconds
[2024-12-24T19:02:29.060+0000] {processor.py:186} INFO - Started process (PID=1559) to work on /home/airflow/.local/lib/python3.12/site-packages/airflow/example_dags/example_sla_dag.py
[2024-12-24T19:02:29.061+0000] {processor.py:914} INFO - Processing file /home/airflow/.local/lib/python3.12/site-packages/airflow/example_dags/example_sla_dag.py for tasks to queue
[2024-12-24T19:02:29.064+0000] {logging_mixin.py:190} INFO - [2024-12-24T19:02:29.064+0000] {dagbag.py:588} INFO - Filling up the DagBag from /home/airflow/.local/lib/python3.12/site-packages/airflow/example_dags/example_sla_dag.py
[2024-12-24T19:02:29.075+0000] {processor.py:925} INFO - DAG(s) 'example_sla_dag' retrieved from /home/airflow/.local/lib/python3.12/site-packages/airflow/example_dags/example_sla_dag.py
[2024-12-24T19:02:29.099+0000] {logging_mixin.py:190} INFO - [2024-12-24T19:02:29.099+0000] {dag.py:3239} INFO - Sync 1 DAGs
[2024-12-24T19:02:29.131+0000] {logging_mixin.py:190} INFO - [2024-12-24T19:02:29.130+0000] {dag.py:4180} INFO - Setting next_dagrun for example_sla_dag to 2024-12-24 19:00:00+00:00, run_after=2024-12-24 19:02:00+00:00
[2024-12-24T19:02:29.161+0000] {processor.py:208} INFO - Processing /home/airflow/.local/lib/python3.12/site-packages/airflow/example_dags/example_sla_dag.py took 0.107 seconds
[2024-12-24T19:02:59.385+0000] {processor.py:186} INFO - Started process (PID=1622) to work on /home/airflow/.local/lib/python3.12/site-packages/airflow/example_dags/example_sla_dag.py
[2024-12-24T19:02:59.387+0000] {processor.py:914} INFO - Processing file /home/airflow/.local/lib/python3.12/site-packages/airflow/example_dags/example_sla_dag.py for tasks to queue
[2024-12-24T19:02:59.389+0000] {logging_mixin.py:190} INFO - [2024-12-24T19:02:59.389+0000] {dagbag.py:588} INFO - Filling up the DagBag from /home/airflow/.local/lib/python3.12/site-packages/airflow/example_dags/example_sla_dag.py
[2024-12-24T19:02:59.400+0000] {processor.py:925} INFO - DAG(s) 'example_sla_dag' retrieved from /home/airflow/.local/lib/python3.12/site-packages/airflow/example_dags/example_sla_dag.py
[2024-12-24T19:02:59.421+0000] {logging_mixin.py:190} INFO - [2024-12-24T19:02:59.421+0000] {dag.py:3239} INFO - Sync 1 DAGs
[2024-12-24T19:02:59.447+0000] {logging_mixin.py:190} INFO - [2024-12-24T19:02:59.447+0000] {dag.py:4180} INFO - Setting next_dagrun for example_sla_dag to 2024-12-24 19:00:00+00:00, run_after=2024-12-24 19:02:00+00:00
[2024-12-24T19:02:59.471+0000] {processor.py:208} INFO - Processing /home/airflow/.local/lib/python3.12/site-packages/airflow/example_dags/example_sla_dag.py took 0.092 seconds
[2024-12-24T19:03:29.942+0000] {processor.py:186} INFO - Started process (PID=1685) to work on /home/airflow/.local/lib/python3.12/site-packages/airflow/example_dags/example_sla_dag.py
[2024-12-24T19:03:29.943+0000] {processor.py:914} INFO - Processing file /home/airflow/.local/lib/python3.12/site-packages/airflow/example_dags/example_sla_dag.py for tasks to queue
[2024-12-24T19:03:29.946+0000] {logging_mixin.py:190} INFO - [2024-12-24T19:03:29.946+0000] {dagbag.py:588} INFO - Filling up the DagBag from /home/airflow/.local/lib/python3.12/site-packages/airflow/example_dags/example_sla_dag.py
[2024-12-24T19:03:29.959+0000] {processor.py:925} INFO - DAG(s) 'example_sla_dag' retrieved from /home/airflow/.local/lib/python3.12/site-packages/airflow/example_dags/example_sla_dag.py
[2024-12-24T19:03:29.983+0000] {logging_mixin.py:190} INFO - [2024-12-24T19:03:29.982+0000] {dag.py:3239} INFO - Sync 1 DAGs
[2024-12-24T19:03:30.009+0000] {logging_mixin.py:190} INFO - [2024-12-24T19:03:30.009+0000] {dag.py:4180} INFO - Setting next_dagrun for example_sla_dag to 2024-12-24 19:00:00+00:00, run_after=2024-12-24 19:02:00+00:00
[2024-12-24T19:03:30.041+0000] {processor.py:208} INFO - Processing /home/airflow/.local/lib/python3.12/site-packages/airflow/example_dags/example_sla_dag.py took 0.105 seconds
[2024-12-24T19:04:00.123+0000] {processor.py:186} INFO - Started process (PID=1748) to work on /home/airflow/.local/lib/python3.12/site-packages/airflow/example_dags/example_sla_dag.py
[2024-12-24T19:04:00.125+0000] {processor.py:914} INFO - Processing file /home/airflow/.local/lib/python3.12/site-packages/airflow/example_dags/example_sla_dag.py for tasks to queue
[2024-12-24T19:04:00.128+0000] {logging_mixin.py:190} INFO - [2024-12-24T19:04:00.128+0000] {dagbag.py:588} INFO - Filling up the DagBag from /home/airflow/.local/lib/python3.12/site-packages/airflow/example_dags/example_sla_dag.py
[2024-12-24T19:04:00.139+0000] {processor.py:925} INFO - DAG(s) 'example_sla_dag' retrieved from /home/airflow/.local/lib/python3.12/site-packages/airflow/example_dags/example_sla_dag.py
[2024-12-24T19:04:00.162+0000] {logging_mixin.py:190} INFO - [2024-12-24T19:04:00.162+0000] {dag.py:3239} INFO - Sync 1 DAGs
[2024-12-24T19:04:00.192+0000] {logging_mixin.py:190} INFO - [2024-12-24T19:04:00.191+0000] {dag.py:4180} INFO - Setting next_dagrun for example_sla_dag to 2024-12-24 19:02:00+00:00, run_after=2024-12-24 19:04:00+00:00
[2024-12-24T19:04:00.217+0000] {processor.py:208} INFO - Processing /home/airflow/.local/lib/python3.12/site-packages/airflow/example_dags/example_sla_dag.py took 0.100 seconds
[2024-12-24T19:04:30.679+0000] {processor.py:186} INFO - Started process (PID=1812) to work on /home/airflow/.local/lib/python3.12/site-packages/airflow/example_dags/example_sla_dag.py
[2024-12-24T19:04:30.680+0000] {processor.py:914} INFO - Processing file /home/airflow/.local/lib/python3.12/site-packages/airflow/example_dags/example_sla_dag.py for tasks to queue
[2024-12-24T19:04:30.683+0000] {logging_mixin.py:190} INFO - [2024-12-24T19:04:30.683+0000] {dagbag.py:588} INFO - Filling up the DagBag from /home/airflow/.local/lib/python3.12/site-packages/airflow/example_dags/example_sla_dag.py
[2024-12-24T19:04:30.695+0000] {processor.py:925} INFO - DAG(s) 'example_sla_dag' retrieved from /home/airflow/.local/lib/python3.12/site-packages/airflow/example_dags/example_sla_dag.py
[2024-12-24T19:04:30.720+0000] {logging_mixin.py:190} INFO - [2024-12-24T19:04:30.720+0000] {dag.py:3239} INFO - Sync 1 DAGs
[2024-12-24T19:04:30.750+0000] {logging_mixin.py:190} INFO - [2024-12-24T19:04:30.749+0000] {dag.py:4180} INFO - Setting next_dagrun for example_sla_dag to 2024-12-24 19:02:00+00:00, run_after=2024-12-24 19:04:00+00:00
[2024-12-24T19:04:30.775+0000] {processor.py:208} INFO - Processing /home/airflow/.local/lib/python3.12/site-packages/airflow/example_dags/example_sla_dag.py took 0.103 seconds
[2024-12-24T19:05:00.957+0000] {processor.py:186} INFO - Started process (PID=1874) to work on /home/airflow/.local/lib/python3.12/site-packages/airflow/example_dags/example_sla_dag.py
[2024-12-24T19:05:00.959+0000] {processor.py:914} INFO - Processing file /home/airflow/.local/lib/python3.12/site-packages/airflow/example_dags/example_sla_dag.py for tasks to queue
[2024-12-24T19:05:00.962+0000] {logging_mixin.py:190} INFO - [2024-12-24T19:05:00.961+0000] {dagbag.py:588} INFO - Filling up the DagBag from /home/airflow/.local/lib/python3.12/site-packages/airflow/example_dags/example_sla_dag.py
[2024-12-24T19:05:00.974+0000] {processor.py:925} INFO - DAG(s) 'example_sla_dag' retrieved from /home/airflow/.local/lib/python3.12/site-packages/airflow/example_dags/example_sla_dag.py
[2024-12-24T19:05:00.999+0000] {logging_mixin.py:190} INFO - [2024-12-24T19:05:00.998+0000] {dag.py:3239} INFO - Sync 1 DAGs
[2024-12-24T19:05:01.032+0000] {logging_mixin.py:190} INFO - [2024-12-24T19:05:01.032+0000] {dag.py:4180} INFO - Setting next_dagrun for example_sla_dag to 2024-12-24 19:02:00+00:00, run_after=2024-12-24 19:04:00+00:00
[2024-12-24T19:05:01.064+0000] {processor.py:208} INFO - Processing /home/airflow/.local/lib/python3.12/site-packages/airflow/example_dags/example_sla_dag.py took 0.113 seconds
[2024-12-24T19:05:31.796+0000] {processor.py:186} INFO - Started process (PID=1937) to work on /home/airflow/.local/lib/python3.12/site-packages/airflow/example_dags/example_sla_dag.py
[2024-12-24T19:05:31.798+0000] {processor.py:914} INFO - Processing file /home/airflow/.local/lib/python3.12/site-packages/airflow/example_dags/example_sla_dag.py for tasks to queue
[2024-12-24T19:05:31.801+0000] {logging_mixin.py:190} INFO - [2024-12-24T19:05:31.800+0000] {dagbag.py:588} INFO - Filling up the DagBag from /home/airflow/.local/lib/python3.12/site-packages/airflow/example_dags/example_sla_dag.py
[2024-12-24T19:05:31.812+0000] {processor.py:925} INFO - DAG(s) 'example_sla_dag' retrieved from /home/airflow/.local/lib/python3.12/site-packages/airflow/example_dags/example_sla_dag.py
[2024-12-24T19:05:31.835+0000] {logging_mixin.py:190} INFO - [2024-12-24T19:05:31.835+0000] {dag.py:3239} INFO - Sync 1 DAGs
[2024-12-24T19:05:31.862+0000] {logging_mixin.py:190} INFO - [2024-12-24T19:05:31.862+0000] {dag.py:4180} INFO - Setting next_dagrun for example_sla_dag to 2024-12-24 19:02:00+00:00, run_after=2024-12-24 19:04:00+00:00
[2024-12-24T19:05:31.890+0000] {processor.py:208} INFO - Processing /home/airflow/.local/lib/python3.12/site-packages/airflow/example_dags/example_sla_dag.py took 0.100 seconds
[2024-12-24T19:06:02.738+0000] {processor.py:186} INFO - Started process (PID=2000) to work on /home/airflow/.local/lib/python3.12/site-packages/airflow/example_dags/example_sla_dag.py
[2024-12-24T19:06:02.739+0000] {processor.py:914} INFO - Processing file /home/airflow/.local/lib/python3.12/site-packages/airflow/example_dags/example_sla_dag.py for tasks to queue
[2024-12-24T19:06:02.742+0000] {logging_mixin.py:190} INFO - [2024-12-24T19:06:02.742+0000] {dagbag.py:588} INFO - Filling up the DagBag from /home/airflow/.local/lib/python3.12/site-packages/airflow/example_dags/example_sla_dag.py
[2024-12-24T19:06:02.753+0000] {processor.py:925} INFO - DAG(s) 'example_sla_dag' retrieved from /home/airflow/.local/lib/python3.12/site-packages/airflow/example_dags/example_sla_dag.py
[2024-12-24T19:06:02.775+0000] {logging_mixin.py:190} INFO - [2024-12-24T19:06:02.774+0000] {dag.py:3239} INFO - Sync 1 DAGs
[2024-12-24T19:06:02.805+0000] {logging_mixin.py:190} INFO - [2024-12-24T19:06:02.805+0000] {dag.py:4180} INFO - Setting next_dagrun for example_sla_dag to 2024-12-24 19:04:00+00:00, run_after=2024-12-24 19:06:00+00:00
[2024-12-24T19:06:02.838+0000] {processor.py:208} INFO - Processing /home/airflow/.local/lib/python3.12/site-packages/airflow/example_dags/example_sla_dag.py took 0.106 seconds
[2024-12-24T19:06:33.048+0000] {processor.py:186} INFO - Started process (PID=2064) to work on /home/airflow/.local/lib/python3.12/site-packages/airflow/example_dags/example_sla_dag.py
[2024-12-24T19:06:33.050+0000] {processor.py:914} INFO - Processing file /home/airflow/.local/lib/python3.12/site-packages/airflow/example_dags/example_sla_dag.py for tasks to queue
[2024-12-24T19:06:33.054+0000] {logging_mixin.py:190} INFO - [2024-12-24T19:06:33.053+0000] {dagbag.py:588} INFO - Filling up the DagBag from /home/airflow/.local/lib/python3.12/site-packages/airflow/example_dags/example_sla_dag.py
[2024-12-24T19:06:33.068+0000] {processor.py:925} INFO - DAG(s) 'example_sla_dag' retrieved from /home/airflow/.local/lib/python3.12/site-packages/airflow/example_dags/example_sla_dag.py
[2024-12-24T19:06:33.094+0000] {logging_mixin.py:190} INFO - [2024-12-24T19:06:33.093+0000] {dag.py:3239} INFO - Sync 1 DAGs
[2024-12-24T19:06:33.128+0000] {logging_mixin.py:190} INFO - [2024-12-24T19:06:33.128+0000] {dag.py:4180} INFO - Setting next_dagrun for example_sla_dag to 2024-12-24 19:04:00+00:00, run_after=2024-12-24 19:06:00+00:00
[2024-12-24T19:06:33.161+0000] {processor.py:208} INFO - Processing /home/airflow/.local/lib/python3.12/site-packages/airflow/example_dags/example_sla_dag.py took 0.120 seconds
[2024-12-24T19:07:03.594+0000] {processor.py:186} INFO - Started process (PID=2126) to work on /home/airflow/.local/lib/python3.12/site-packages/airflow/example_dags/example_sla_dag.py
[2024-12-24T19:07:03.596+0000] {processor.py:914} INFO - Processing file /home/airflow/.local/lib/python3.12/site-packages/airflow/example_dags/example_sla_dag.py for tasks to queue
[2024-12-24T19:07:03.598+0000] {logging_mixin.py:190} INFO - [2024-12-24T19:07:03.598+0000] {dagbag.py:588} INFO - Filling up the DagBag from /home/airflow/.local/lib/python3.12/site-packages/airflow/example_dags/example_sla_dag.py
[2024-12-24T19:07:03.609+0000] {processor.py:925} INFO - DAG(s) 'example_sla_dag' retrieved from /home/airflow/.local/lib/python3.12/site-packages/airflow/example_dags/example_sla_dag.py
[2024-12-24T19:07:03.634+0000] {logging_mixin.py:190} INFO - [2024-12-24T19:07:03.633+0000] {dag.py:3239} INFO - Sync 1 DAGs
[2024-12-24T19:07:03.669+0000] {logging_mixin.py:190} INFO - [2024-12-24T19:07:03.668+0000] {dag.py:4180} INFO - Setting next_dagrun for example_sla_dag to 2024-12-24 19:04:00+00:00, run_after=2024-12-24 19:06:00+00:00
[2024-12-24T19:07:03.699+0000] {processor.py:208} INFO - Processing /home/airflow/.local/lib/python3.12/site-packages/airflow/example_dags/example_sla_dag.py took 0.111 seconds
[2024-12-24T19:07:33.863+0000] {processor.py:186} INFO - Started process (PID=2189) to work on /home/airflow/.local/lib/python3.12/site-packages/airflow/example_dags/example_sla_dag.py
[2024-12-24T19:07:33.864+0000] {processor.py:914} INFO - Processing file /home/airflow/.local/lib/python3.12/site-packages/airflow/example_dags/example_sla_dag.py for tasks to queue
[2024-12-24T19:07:33.867+0000] {logging_mixin.py:190} INFO - [2024-12-24T19:07:33.867+0000] {dagbag.py:588} INFO - Filling up the DagBag from /home/airflow/.local/lib/python3.12/site-packages/airflow/example_dags/example_sla_dag.py
[2024-12-24T19:07:33.878+0000] {processor.py:925} INFO - DAG(s) 'example_sla_dag' retrieved from /home/airflow/.local/lib/python3.12/site-packages/airflow/example_dags/example_sla_dag.py
[2024-12-24T19:07:33.900+0000] {logging_mixin.py:190} INFO - [2024-12-24T19:07:33.900+0000] {dag.py:3239} INFO - Sync 1 DAGs
[2024-12-24T19:07:33.929+0000] {logging_mixin.py:190} INFO - [2024-12-24T19:07:33.928+0000] {dag.py:4180} INFO - Setting next_dagrun for example_sla_dag to 2024-12-24 19:04:00+00:00, run_after=2024-12-24 19:06:00+00:00
[2024-12-24T19:07:33.958+0000] {processor.py:208} INFO - Processing /home/airflow/.local/lib/python3.12/site-packages/airflow/example_dags/example_sla_dag.py took 0.101 seconds
[2024-12-24T19:08:04.452+0000] {processor.py:186} INFO - Started process (PID=2252) to work on /home/airflow/.local/lib/python3.12/site-packages/airflow/example_dags/example_sla_dag.py
[2024-12-24T19:08:04.454+0000] {processor.py:914} INFO - Processing file /home/airflow/.local/lib/python3.12/site-packages/airflow/example_dags/example_sla_dag.py for tasks to queue
[2024-12-24T19:08:04.457+0000] {logging_mixin.py:190} INFO - [2024-12-24T19:08:04.457+0000] {dagbag.py:588} INFO - Filling up the DagBag from /home/airflow/.local/lib/python3.12/site-packages/airflow/example_dags/example_sla_dag.py
[2024-12-24T19:08:04.470+0000] {processor.py:925} INFO - DAG(s) 'example_sla_dag' retrieved from /home/airflow/.local/lib/python3.12/site-packages/airflow/example_dags/example_sla_dag.py
[2024-12-24T19:08:04.496+0000] {logging_mixin.py:190} INFO - [2024-12-24T19:08:04.495+0000] {dag.py:3239} INFO - Sync 1 DAGs
[2024-12-24T19:08:04.528+0000] {logging_mixin.py:190} INFO - [2024-12-24T19:08:04.528+0000] {dag.py:4180} INFO - Setting next_dagrun for example_sla_dag to 2024-12-24 19:06:00+00:00, run_after=2024-12-24 19:08:00+00:00
[2024-12-24T19:08:04.558+0000] {processor.py:208} INFO - Processing /home/airflow/.local/lib/python3.12/site-packages/airflow/example_dags/example_sla_dag.py took 0.112 seconds
[2024-12-24T19:08:35.405+0000] {processor.py:186} INFO - Started process (PID=2315) to work on /home/airflow/.local/lib/python3.12/site-packages/airflow/example_dags/example_sla_dag.py
[2024-12-24T19:08:35.407+0000] {processor.py:914} INFO - Processing file /home/airflow/.local/lib/python3.12/site-packages/airflow/example_dags/example_sla_dag.py for tasks to queue
[2024-12-24T19:08:35.410+0000] {logging_mixin.py:190} INFO - [2024-12-24T19:08:35.410+0000] {dagbag.py:588} INFO - Filling up the DagBag from /home/airflow/.local/lib/python3.12/site-packages/airflow/example_dags/example_sla_dag.py
[2024-12-24T19:08:35.421+0000] {processor.py:925} INFO - DAG(s) 'example_sla_dag' retrieved from /home/airflow/.local/lib/python3.12/site-packages/airflow/example_dags/example_sla_dag.py
[2024-12-24T19:08:35.445+0000] {logging_mixin.py:190} INFO - [2024-12-24T19:08:35.444+0000] {dag.py:3239} INFO - Sync 1 DAGs
[2024-12-24T19:08:35.473+0000] {logging_mixin.py:190} INFO - [2024-12-24T19:08:35.473+0000] {dag.py:4180} INFO - Setting next_dagrun for example_sla_dag to 2024-12-24 19:06:00+00:00, run_after=2024-12-24 19:08:00+00:00
[2024-12-24T19:08:35.499+0000] {processor.py:208} INFO - Processing /home/airflow/.local/lib/python3.12/site-packages/airflow/example_dags/example_sla_dag.py took 0.099 seconds
