[2024-12-24T18:50:31.933+0000] {processor.py:186} INFO - Started process (PID=96) to work on /home/airflow/.local/lib/python3.12/site-packages/airflow/example_dags/example_dataset_alias.py
[2024-12-24T18:50:31.935+0000] {processor.py:914} INFO - Processing file /home/airflow/.local/lib/python3.12/site-packages/airflow/example_dags/example_dataset_alias.py for tasks to queue
[2024-12-24T18:50:31.938+0000] {logging_mixin.py:190} INFO - [2024-12-24T18:50:31.937+0000] {dagbag.py:588} INFO - Filling up the DagBag from /home/airflow/.local/lib/python3.12/site-packages/airflow/example_dags/example_dataset_alias.py
[2024-12-24T18:50:32.595+0000] {processor.py:925} INFO - DAG(s) 'dataset_s3_bucket_consumer', 'dataset_s3_bucket_producer', 'dataset_alias_example_alias_producer', 'dataset_alias_example_alias_consumer' retrieved from /home/airflow/.local/lib/python3.12/site-packages/airflow/example_dags/example_dataset_alias.py
[2024-12-24T18:50:32.628+0000] {logging_mixin.py:190} INFO - [2024-12-24T18:50:32.627+0000] {dag.py:3239} INFO - Sync 4 DAGs
[2024-12-24T18:50:32.655+0000] {logging_mixin.py:190} INFO - [2024-12-24T18:50:32.654+0000] {dag.py:4180} INFO - Setting next_dagrun for dataset_alias_example_alias_consumer to None, run_after=None
[2024-12-24T18:50:32.658+0000] {logging_mixin.py:190} INFO - [2024-12-24T18:50:32.658+0000] {dag.py:4180} INFO - Setting next_dagrun for dataset_alias_example_alias_producer to None, run_after=None
[2024-12-24T18:50:32.661+0000] {logging_mixin.py:190} INFO - [2024-12-24T18:50:32.660+0000] {dag.py:4180} INFO - Setting next_dagrun for dataset_s3_bucket_consumer to None, run_after=None
[2024-12-24T18:50:32.663+0000] {logging_mixin.py:190} INFO - [2024-12-24T18:50:32.663+0000] {dag.py:4180} INFO - Setting next_dagrun for dataset_s3_bucket_producer to None, run_after=None
[2024-12-24T18:50:32.693+0000] {processor.py:208} INFO - Processing /home/airflow/.local/lib/python3.12/site-packages/airflow/example_dags/example_dataset_alias.py took 0.766 seconds
[2024-12-24T18:51:03.535+0000] {processor.py:186} INFO - Started process (PID=160) to work on /home/airflow/.local/lib/python3.12/site-packages/airflow/example_dags/example_dataset_alias.py
[2024-12-24T18:51:03.537+0000] {processor.py:914} INFO - Processing file /home/airflow/.local/lib/python3.12/site-packages/airflow/example_dags/example_dataset_alias.py for tasks to queue
[2024-12-24T18:51:03.540+0000] {logging_mixin.py:190} INFO - [2024-12-24T18:51:03.539+0000] {dagbag.py:588} INFO - Filling up the DagBag from /home/airflow/.local/lib/python3.12/site-packages/airflow/example_dags/example_dataset_alias.py
[2024-12-24T18:51:04.474+0000] {processor.py:925} INFO - DAG(s) 'dataset_alias_example_alias_producer', 'dataset_s3_bucket_producer', 'dataset_s3_bucket_consumer', 'dataset_alias_example_alias_consumer' retrieved from /home/airflow/.local/lib/python3.12/site-packages/airflow/example_dags/example_dataset_alias.py
[2024-12-24T18:51:04.523+0000] {logging_mixin.py:190} INFO - [2024-12-24T18:51:04.522+0000] {dag.py:3239} INFO - Sync 4 DAGs
[2024-12-24T18:51:04.584+0000] {logging_mixin.py:190} INFO - [2024-12-24T18:51:04.583+0000] {dag.py:4180} INFO - Setting next_dagrun for dataset_alias_example_alias_consumer to None, run_after=None
[2024-12-24T18:51:04.593+0000] {logging_mixin.py:190} INFO - [2024-12-24T18:51:04.591+0000] {dag.py:4180} INFO - Setting next_dagrun for dataset_alias_example_alias_producer to None, run_after=None
[2024-12-24T18:51:04.598+0000] {logging_mixin.py:190} INFO - [2024-12-24T18:51:04.597+0000] {dag.py:4180} INFO - Setting next_dagrun for dataset_s3_bucket_consumer to None, run_after=None
[2024-12-24T18:51:04.604+0000] {logging_mixin.py:190} INFO - [2024-12-24T18:51:04.603+0000] {dag.py:4180} INFO - Setting next_dagrun for dataset_s3_bucket_producer to None, run_after=None
[2024-12-24T18:51:04.647+0000] {processor.py:208} INFO - Processing /home/airflow/.local/lib/python3.12/site-packages/airflow/example_dags/example_dataset_alias.py took 1.119 seconds
[2024-12-24T18:51:34.852+0000] {processor.py:186} INFO - Started process (PID=225) to work on /home/airflow/.local/lib/python3.12/site-packages/airflow/example_dags/example_dataset_alias.py
[2024-12-24T18:51:34.853+0000] {processor.py:914} INFO - Processing file /home/airflow/.local/lib/python3.12/site-packages/airflow/example_dags/example_dataset_alias.py for tasks to queue
[2024-12-24T18:51:34.856+0000] {logging_mixin.py:190} INFO - [2024-12-24T18:51:34.856+0000] {dagbag.py:588} INFO - Filling up the DagBag from /home/airflow/.local/lib/python3.12/site-packages/airflow/example_dags/example_dataset_alias.py
[2024-12-24T18:51:35.743+0000] {processor.py:925} INFO - DAG(s) 'dataset_s3_bucket_producer', 'dataset_s3_bucket_consumer', 'dataset_alias_example_alias_producer', 'dataset_alias_example_alias_consumer' retrieved from /home/airflow/.local/lib/python3.12/site-packages/airflow/example_dags/example_dataset_alias.py
[2024-12-24T18:51:35.781+0000] {logging_mixin.py:190} INFO - [2024-12-24T18:51:35.780+0000] {dag.py:3239} INFO - Sync 4 DAGs
[2024-12-24T18:51:35.807+0000] {logging_mixin.py:190} INFO - [2024-12-24T18:51:35.806+0000] {dag.py:4180} INFO - Setting next_dagrun for dataset_alias_example_alias_consumer to None, run_after=None
[2024-12-24T18:51:35.811+0000] {logging_mixin.py:190} INFO - [2024-12-24T18:51:35.811+0000] {dag.py:4180} INFO - Setting next_dagrun for dataset_alias_example_alias_producer to None, run_after=None
[2024-12-24T18:51:35.814+0000] {logging_mixin.py:190} INFO - [2024-12-24T18:51:35.813+0000] {dag.py:4180} INFO - Setting next_dagrun for dataset_s3_bucket_consumer to None, run_after=None
[2024-12-24T18:51:35.816+0000] {logging_mixin.py:190} INFO - [2024-12-24T18:51:35.816+0000] {dag.py:4180} INFO - Setting next_dagrun for dataset_s3_bucket_producer to None, run_after=None
[2024-12-24T18:51:35.852+0000] {processor.py:208} INFO - Processing /home/airflow/.local/lib/python3.12/site-packages/airflow/example_dags/example_dataset_alias.py took 1.097 seconds
[2024-12-24T18:52:05.922+0000] {processor.py:186} INFO - Started process (PID=296) to work on /home/airflow/.local/lib/python3.12/site-packages/airflow/example_dags/example_dataset_alias.py
[2024-12-24T18:52:05.924+0000] {processor.py:914} INFO - Processing file /home/airflow/.local/lib/python3.12/site-packages/airflow/example_dags/example_dataset_alias.py for tasks to queue
[2024-12-24T18:52:05.927+0000] {logging_mixin.py:190} INFO - [2024-12-24T18:52:05.926+0000] {dagbag.py:588} INFO - Filling up the DagBag from /home/airflow/.local/lib/python3.12/site-packages/airflow/example_dags/example_dataset_alias.py
[2024-12-24T18:52:06.617+0000] {processor.py:925} INFO - DAG(s) 'dataset_s3_bucket_consumer', 'dataset_alias_example_alias_consumer', 'dataset_s3_bucket_producer', 'dataset_alias_example_alias_producer' retrieved from /home/airflow/.local/lib/python3.12/site-packages/airflow/example_dags/example_dataset_alias.py
[2024-12-24T18:52:06.641+0000] {logging_mixin.py:190} INFO - [2024-12-24T18:52:06.640+0000] {dag.py:3239} INFO - Sync 4 DAGs
[2024-12-24T18:52:06.667+0000] {logging_mixin.py:190} INFO - [2024-12-24T18:52:06.666+0000] {dag.py:4180} INFO - Setting next_dagrun for dataset_alias_example_alias_consumer to None, run_after=None
[2024-12-24T18:52:06.670+0000] {logging_mixin.py:190} INFO - [2024-12-24T18:52:06.670+0000] {dag.py:4180} INFO - Setting next_dagrun for dataset_alias_example_alias_producer to None, run_after=None
[2024-12-24T18:52:06.672+0000] {logging_mixin.py:190} INFO - [2024-12-24T18:52:06.672+0000] {dag.py:4180} INFO - Setting next_dagrun for dataset_s3_bucket_consumer to None, run_after=None
[2024-12-24T18:52:06.674+0000] {logging_mixin.py:190} INFO - [2024-12-24T18:52:06.674+0000] {dag.py:4180} INFO - Setting next_dagrun for dataset_s3_bucket_producer to None, run_after=None
[2024-12-24T18:52:06.718+0000] {processor.py:208} INFO - Processing /home/airflow/.local/lib/python3.12/site-packages/airflow/example_dags/example_dataset_alias.py took 0.805 seconds
[2024-12-24T18:52:36.991+0000] {processor.py:186} INFO - Started process (PID=349) to work on /home/airflow/.local/lib/python3.12/site-packages/airflow/example_dags/example_dataset_alias.py
[2024-12-24T18:52:36.993+0000] {processor.py:914} INFO - Processing file /home/airflow/.local/lib/python3.12/site-packages/airflow/example_dags/example_dataset_alias.py for tasks to queue
[2024-12-24T18:52:36.995+0000] {logging_mixin.py:190} INFO - [2024-12-24T18:52:36.995+0000] {dagbag.py:588} INFO - Filling up the DagBag from /home/airflow/.local/lib/python3.12/site-packages/airflow/example_dags/example_dataset_alias.py
[2024-12-24T18:52:37.674+0000] {processor.py:925} INFO - DAG(s) 'dataset_s3_bucket_consumer', 'dataset_s3_bucket_producer', 'dataset_alias_example_alias_consumer', 'dataset_alias_example_alias_producer' retrieved from /home/airflow/.local/lib/python3.12/site-packages/airflow/example_dags/example_dataset_alias.py
[2024-12-24T18:52:37.703+0000] {logging_mixin.py:190} INFO - [2024-12-24T18:52:37.702+0000] {dag.py:3239} INFO - Sync 4 DAGs
[2024-12-24T18:52:37.727+0000] {logging_mixin.py:190} INFO - [2024-12-24T18:52:37.726+0000] {dag.py:4180} INFO - Setting next_dagrun for dataset_alias_example_alias_consumer to None, run_after=None
[2024-12-24T18:52:37.730+0000] {logging_mixin.py:190} INFO - [2024-12-24T18:52:37.730+0000] {dag.py:4180} INFO - Setting next_dagrun for dataset_alias_example_alias_producer to None, run_after=None
[2024-12-24T18:52:37.734+0000] {logging_mixin.py:190} INFO - [2024-12-24T18:52:37.734+0000] {dag.py:4180} INFO - Setting next_dagrun for dataset_s3_bucket_consumer to None, run_after=None
[2024-12-24T18:52:37.737+0000] {logging_mixin.py:190} INFO - [2024-12-24T18:52:37.737+0000] {dag.py:4180} INFO - Setting next_dagrun for dataset_s3_bucket_producer to None, run_after=None
[2024-12-24T18:52:37.764+0000] {processor.py:208} INFO - Processing /home/airflow/.local/lib/python3.12/site-packages/airflow/example_dags/example_dataset_alias.py took 0.779 seconds
[2024-12-24T18:53:08.207+0000] {processor.py:186} INFO - Started process (PID=415) to work on /home/airflow/.local/lib/python3.12/site-packages/airflow/example_dags/example_dataset_alias.py
[2024-12-24T18:53:08.209+0000] {processor.py:914} INFO - Processing file /home/airflow/.local/lib/python3.12/site-packages/airflow/example_dags/example_dataset_alias.py for tasks to queue
[2024-12-24T18:53:08.211+0000] {logging_mixin.py:190} INFO - [2024-12-24T18:53:08.211+0000] {dagbag.py:588} INFO - Filling up the DagBag from /home/airflow/.local/lib/python3.12/site-packages/airflow/example_dags/example_dataset_alias.py
[2024-12-24T18:53:08.966+0000] {processor.py:925} INFO - DAG(s) 'dataset_alias_example_alias_consumer', 'dataset_s3_bucket_producer', 'dataset_alias_example_alias_producer', 'dataset_s3_bucket_consumer' retrieved from /home/airflow/.local/lib/python3.12/site-packages/airflow/example_dags/example_dataset_alias.py
[2024-12-24T18:53:08.993+0000] {logging_mixin.py:190} INFO - [2024-12-24T18:53:08.992+0000] {dag.py:3239} INFO - Sync 4 DAGs
[2024-12-24T18:53:09.017+0000] {logging_mixin.py:190} INFO - [2024-12-24T18:53:09.017+0000] {dag.py:4180} INFO - Setting next_dagrun for dataset_alias_example_alias_consumer to None, run_after=None
[2024-12-24T18:53:09.022+0000] {logging_mixin.py:190} INFO - [2024-12-24T18:53:09.021+0000] {dag.py:4180} INFO - Setting next_dagrun for dataset_alias_example_alias_producer to None, run_after=None
[2024-12-24T18:53:09.025+0000] {logging_mixin.py:190} INFO - [2024-12-24T18:53:09.024+0000] {dag.py:4180} INFO - Setting next_dagrun for dataset_s3_bucket_consumer to None, run_after=None
[2024-12-24T18:53:09.028+0000] {logging_mixin.py:190} INFO - [2024-12-24T18:53:09.027+0000] {dag.py:4180} INFO - Setting next_dagrun for dataset_s3_bucket_producer to None, run_after=None
[2024-12-24T18:53:09.063+0000] {processor.py:208} INFO - Processing /home/airflow/.local/lib/python3.12/site-packages/airflow/example_dags/example_dataset_alias.py took 0.862 seconds
[2024-12-24T18:53:39.838+0000] {processor.py:186} INFO - Started process (PID=475) to work on /home/airflow/.local/lib/python3.12/site-packages/airflow/example_dags/example_dataset_alias.py
[2024-12-24T18:53:39.839+0000] {processor.py:914} INFO - Processing file /home/airflow/.local/lib/python3.12/site-packages/airflow/example_dags/example_dataset_alias.py for tasks to queue
[2024-12-24T18:53:39.842+0000] {logging_mixin.py:190} INFO - [2024-12-24T18:53:39.842+0000] {dagbag.py:588} INFO - Filling up the DagBag from /home/airflow/.local/lib/python3.12/site-packages/airflow/example_dags/example_dataset_alias.py
[2024-12-24T18:53:40.672+0000] {processor.py:925} INFO - DAG(s) 'dataset_s3_bucket_producer', 'dataset_s3_bucket_consumer', 'dataset_alias_example_alias_consumer', 'dataset_alias_example_alias_producer' retrieved from /home/airflow/.local/lib/python3.12/site-packages/airflow/example_dags/example_dataset_alias.py
[2024-12-24T18:53:40.710+0000] {logging_mixin.py:190} INFO - [2024-12-24T18:53:40.710+0000] {dag.py:3239} INFO - Sync 4 DAGs
[2024-12-24T18:53:40.744+0000] {logging_mixin.py:190} INFO - [2024-12-24T18:53:40.744+0000] {dag.py:4180} INFO - Setting next_dagrun for dataset_alias_example_alias_consumer to None, run_after=None
[2024-12-24T18:53:40.750+0000] {logging_mixin.py:190} INFO - [2024-12-24T18:53:40.749+0000] {dag.py:4180} INFO - Setting next_dagrun for dataset_alias_example_alias_producer to None, run_after=None
[2024-12-24T18:53:40.754+0000] {logging_mixin.py:190} INFO - [2024-12-24T18:53:40.753+0000] {dag.py:4180} INFO - Setting next_dagrun for dataset_s3_bucket_consumer to None, run_after=None
[2024-12-24T18:53:40.756+0000] {logging_mixin.py:190} INFO - [2024-12-24T18:53:40.756+0000] {dag.py:4180} INFO - Setting next_dagrun for dataset_s3_bucket_producer to None, run_after=None
[2024-12-24T18:53:40.792+0000] {processor.py:208} INFO - Processing /home/airflow/.local/lib/python3.12/site-packages/airflow/example_dags/example_dataset_alias.py took 0.961 seconds
[2024-12-24T18:54:11.811+0000] {processor.py:186} INFO - Started process (PID=538) to work on /home/airflow/.local/lib/python3.12/site-packages/airflow/example_dags/example_dataset_alias.py
[2024-12-24T18:54:11.812+0000] {processor.py:914} INFO - Processing file /home/airflow/.local/lib/python3.12/site-packages/airflow/example_dags/example_dataset_alias.py for tasks to queue
[2024-12-24T18:54:11.816+0000] {logging_mixin.py:190} INFO - [2024-12-24T18:54:11.815+0000] {dagbag.py:588} INFO - Filling up the DagBag from /home/airflow/.local/lib/python3.12/site-packages/airflow/example_dags/example_dataset_alias.py
[2024-12-24T18:54:12.698+0000] {processor.py:925} INFO - DAG(s) 'dataset_alias_example_alias_producer', 'dataset_alias_example_alias_consumer', 'dataset_s3_bucket_producer', 'dataset_s3_bucket_consumer' retrieved from /home/airflow/.local/lib/python3.12/site-packages/airflow/example_dags/example_dataset_alias.py
[2024-12-24T18:54:12.734+0000] {logging_mixin.py:190} INFO - [2024-12-24T18:54:12.733+0000] {dag.py:3239} INFO - Sync 4 DAGs
[2024-12-24T18:54:12.759+0000] {logging_mixin.py:190} INFO - [2024-12-24T18:54:12.759+0000] {dag.py:4180} INFO - Setting next_dagrun for dataset_alias_example_alias_consumer to None, run_after=None
[2024-12-24T18:54:12.763+0000] {logging_mixin.py:190} INFO - [2024-12-24T18:54:12.763+0000] {dag.py:4180} INFO - Setting next_dagrun for dataset_alias_example_alias_producer to None, run_after=None
[2024-12-24T18:54:12.766+0000] {logging_mixin.py:190} INFO - [2024-12-24T18:54:12.766+0000] {dag.py:4180} INFO - Setting next_dagrun for dataset_s3_bucket_consumer to None, run_after=None
[2024-12-24T18:54:12.769+0000] {logging_mixin.py:190} INFO - [2024-12-24T18:54:12.769+0000] {dag.py:4180} INFO - Setting next_dagrun for dataset_s3_bucket_producer to None, run_after=None
[2024-12-24T18:54:12.800+0000] {processor.py:208} INFO - Processing /home/airflow/.local/lib/python3.12/site-packages/airflow/example_dags/example_dataset_alias.py took 0.995 seconds
[2024-12-24T18:54:43.419+0000] {processor.py:186} INFO - Started process (PID=601) to work on /home/airflow/.local/lib/python3.12/site-packages/airflow/example_dags/example_dataset_alias.py
[2024-12-24T18:54:43.420+0000] {processor.py:914} INFO - Processing file /home/airflow/.local/lib/python3.12/site-packages/airflow/example_dags/example_dataset_alias.py for tasks to queue
[2024-12-24T18:54:43.424+0000] {logging_mixin.py:190} INFO - [2024-12-24T18:54:43.423+0000] {dagbag.py:588} INFO - Filling up the DagBag from /home/airflow/.local/lib/python3.12/site-packages/airflow/example_dags/example_dataset_alias.py
[2024-12-24T18:54:44.190+0000] {processor.py:925} INFO - DAG(s) 'dataset_alias_example_alias_consumer', 'dataset_s3_bucket_producer', 'dataset_s3_bucket_consumer', 'dataset_alias_example_alias_producer' retrieved from /home/airflow/.local/lib/python3.12/site-packages/airflow/example_dags/example_dataset_alias.py
[2024-12-24T18:54:44.227+0000] {logging_mixin.py:190} INFO - [2024-12-24T18:54:44.226+0000] {dag.py:3239} INFO - Sync 4 DAGs
[2024-12-24T18:54:44.263+0000] {logging_mixin.py:190} INFO - [2024-12-24T18:54:44.263+0000] {dag.py:4180} INFO - Setting next_dagrun for dataset_alias_example_alias_consumer to None, run_after=None
[2024-12-24T18:54:44.268+0000] {logging_mixin.py:190} INFO - [2024-12-24T18:54:44.268+0000] {dag.py:4180} INFO - Setting next_dagrun for dataset_alias_example_alias_producer to None, run_after=None
[2024-12-24T18:54:44.272+0000] {logging_mixin.py:190} INFO - [2024-12-24T18:54:44.271+0000] {dag.py:4180} INFO - Setting next_dagrun for dataset_s3_bucket_consumer to None, run_after=None
[2024-12-24T18:54:44.275+0000] {logging_mixin.py:190} INFO - [2024-12-24T18:54:44.275+0000] {dag.py:4180} INFO - Setting next_dagrun for dataset_s3_bucket_producer to None, run_after=None
[2024-12-24T18:54:44.315+0000] {processor.py:208} INFO - Processing /home/airflow/.local/lib/python3.12/site-packages/airflow/example_dags/example_dataset_alias.py took 0.903 seconds
[2024-12-24T18:55:15.177+0000] {processor.py:186} INFO - Started process (PID=669) to work on /home/airflow/.local/lib/python3.12/site-packages/airflow/example_dags/example_dataset_alias.py
[2024-12-24T18:55:15.178+0000] {processor.py:914} INFO - Processing file /home/airflow/.local/lib/python3.12/site-packages/airflow/example_dags/example_dataset_alias.py for tasks to queue
[2024-12-24T18:55:15.181+0000] {logging_mixin.py:190} INFO - [2024-12-24T18:55:15.181+0000] {dagbag.py:588} INFO - Filling up the DagBag from /home/airflow/.local/lib/python3.12/site-packages/airflow/example_dags/example_dataset_alias.py
[2024-12-24T18:55:16.025+0000] {processor.py:925} INFO - DAG(s) 'dataset_s3_bucket_producer', 'dataset_s3_bucket_consumer', 'dataset_alias_example_alias_consumer', 'dataset_alias_example_alias_producer' retrieved from /home/airflow/.local/lib/python3.12/site-packages/airflow/example_dags/example_dataset_alias.py
[2024-12-24T18:55:16.062+0000] {logging_mixin.py:190} INFO - [2024-12-24T18:55:16.062+0000] {dag.py:3239} INFO - Sync 4 DAGs
[2024-12-24T18:55:16.094+0000] {logging_mixin.py:190} INFO - [2024-12-24T18:55:16.094+0000] {dag.py:4180} INFO - Setting next_dagrun for dataset_alias_example_alias_consumer to None, run_after=None
[2024-12-24T18:55:16.099+0000] {logging_mixin.py:190} INFO - [2024-12-24T18:55:16.099+0000] {dag.py:4180} INFO - Setting next_dagrun for dataset_alias_example_alias_producer to None, run_after=None
[2024-12-24T18:55:16.102+0000] {logging_mixin.py:190} INFO - [2024-12-24T18:55:16.102+0000] {dag.py:4180} INFO - Setting next_dagrun for dataset_s3_bucket_consumer to None, run_after=None
[2024-12-24T18:55:16.105+0000] {logging_mixin.py:190} INFO - [2024-12-24T18:55:16.104+0000] {dag.py:4180} INFO - Setting next_dagrun for dataset_s3_bucket_producer to None, run_after=None
[2024-12-24T18:55:16.137+0000] {processor.py:208} INFO - Processing /home/airflow/.local/lib/python3.12/site-packages/airflow/example_dags/example_dataset_alias.py took 0.971 seconds
[2024-12-24T18:55:46.217+0000] {processor.py:186} INFO - Started process (PID=727) to work on /home/airflow/.local/lib/python3.12/site-packages/airflow/example_dags/example_dataset_alias.py
[2024-12-24T18:55:46.218+0000] {processor.py:914} INFO - Processing file /home/airflow/.local/lib/python3.12/site-packages/airflow/example_dags/example_dataset_alias.py for tasks to queue
[2024-12-24T18:55:46.221+0000] {logging_mixin.py:190} INFO - [2024-12-24T18:55:46.221+0000] {dagbag.py:588} INFO - Filling up the DagBag from /home/airflow/.local/lib/python3.12/site-packages/airflow/example_dags/example_dataset_alias.py
[2024-12-24T18:55:46.866+0000] {processor.py:925} INFO - DAG(s) 'dataset_alias_example_alias_producer', 'dataset_alias_example_alias_consumer', 'dataset_s3_bucket_producer', 'dataset_s3_bucket_consumer' retrieved from /home/airflow/.local/lib/python3.12/site-packages/airflow/example_dags/example_dataset_alias.py
[2024-12-24T18:55:46.895+0000] {logging_mixin.py:190} INFO - [2024-12-24T18:55:46.894+0000] {dag.py:3239} INFO - Sync 4 DAGs
[2024-12-24T18:55:46.920+0000] {logging_mixin.py:190} INFO - [2024-12-24T18:55:46.920+0000] {dag.py:4180} INFO - Setting next_dagrun for dataset_alias_example_alias_consumer to None, run_after=None
[2024-12-24T18:55:46.924+0000] {logging_mixin.py:190} INFO - [2024-12-24T18:55:46.924+0000] {dag.py:4180} INFO - Setting next_dagrun for dataset_alias_example_alias_producer to None, run_after=None
[2024-12-24T18:55:46.930+0000] {logging_mixin.py:190} INFO - [2024-12-24T18:55:46.929+0000] {dag.py:4180} INFO - Setting next_dagrun for dataset_s3_bucket_consumer to None, run_after=None
[2024-12-24T18:55:46.932+0000] {logging_mixin.py:190} INFO - [2024-12-24T18:55:46.932+0000] {dag.py:4180} INFO - Setting next_dagrun for dataset_s3_bucket_producer to None, run_after=None
[2024-12-24T18:55:46.962+0000] {processor.py:208} INFO - Processing /home/airflow/.local/lib/python3.12/site-packages/airflow/example_dags/example_dataset_alias.py took 0.750 seconds
[2024-12-24T18:56:18.282+0000] {processor.py:186} INFO - Started process (PID=801) to work on /home/airflow/.local/lib/python3.12/site-packages/airflow/example_dags/example_dataset_alias.py
[2024-12-24T18:56:18.284+0000] {processor.py:914} INFO - Processing file /home/airflow/.local/lib/python3.12/site-packages/airflow/example_dags/example_dataset_alias.py for tasks to queue
[2024-12-24T18:56:18.287+0000] {logging_mixin.py:190} INFO - [2024-12-24T18:56:18.286+0000] {dagbag.py:588} INFO - Filling up the DagBag from /home/airflow/.local/lib/python3.12/site-packages/airflow/example_dags/example_dataset_alias.py
[2024-12-24T18:56:19.163+0000] {processor.py:925} INFO - DAG(s) 'dataset_s3_bucket_producer', 'dataset_s3_bucket_consumer', 'dataset_alias_example_alias_producer', 'dataset_alias_example_alias_consumer' retrieved from /home/airflow/.local/lib/python3.12/site-packages/airflow/example_dags/example_dataset_alias.py
[2024-12-24T18:56:19.224+0000] {logging_mixin.py:190} INFO - [2024-12-24T18:56:19.223+0000] {dag.py:3239} INFO - Sync 4 DAGs
[2024-12-24T18:56:19.287+0000] {logging_mixin.py:190} INFO - [2024-12-24T18:56:19.286+0000] {dag.py:4180} INFO - Setting next_dagrun for dataset_alias_example_alias_consumer to None, run_after=None
[2024-12-24T18:56:19.295+0000] {logging_mixin.py:190} INFO - [2024-12-24T18:56:19.295+0000] {dag.py:4180} INFO - Setting next_dagrun for dataset_alias_example_alias_producer to None, run_after=None
[2024-12-24T18:56:19.305+0000] {logging_mixin.py:190} INFO - [2024-12-24T18:56:19.304+0000] {dag.py:4180} INFO - Setting next_dagrun for dataset_s3_bucket_consumer to None, run_after=None
[2024-12-24T18:56:19.309+0000] {logging_mixin.py:190} INFO - [2024-12-24T18:56:19.309+0000] {dag.py:4180} INFO - Setting next_dagrun for dataset_s3_bucket_producer to None, run_after=None
[2024-12-24T18:56:19.379+0000] {processor.py:208} INFO - Processing /home/airflow/.local/lib/python3.12/site-packages/airflow/example_dags/example_dataset_alias.py took 1.103 seconds
[2024-12-24T18:56:49.755+0000] {processor.py:186} INFO - Started process (PID=866) to work on /home/airflow/.local/lib/python3.12/site-packages/airflow/example_dags/example_dataset_alias.py
[2024-12-24T18:56:49.757+0000] {processor.py:914} INFO - Processing file /home/airflow/.local/lib/python3.12/site-packages/airflow/example_dags/example_dataset_alias.py for tasks to queue
[2024-12-24T18:56:49.760+0000] {logging_mixin.py:190} INFO - [2024-12-24T18:56:49.760+0000] {dagbag.py:588} INFO - Filling up the DagBag from /home/airflow/.local/lib/python3.12/site-packages/airflow/example_dags/example_dataset_alias.py
[2024-12-24T18:56:50.507+0000] {processor.py:925} INFO - DAG(s) 'dataset_alias_example_alias_consumer', 'dataset_alias_example_alias_producer', 'dataset_s3_bucket_producer', 'dataset_s3_bucket_consumer' retrieved from /home/airflow/.local/lib/python3.12/site-packages/airflow/example_dags/example_dataset_alias.py
[2024-12-24T18:56:50.546+0000] {logging_mixin.py:190} INFO - [2024-12-24T18:56:50.545+0000] {dag.py:3239} INFO - Sync 4 DAGs
[2024-12-24T18:56:50.579+0000] {logging_mixin.py:190} INFO - [2024-12-24T18:56:50.579+0000] {dag.py:4180} INFO - Setting next_dagrun for dataset_alias_example_alias_consumer to None, run_after=None
[2024-12-24T18:56:50.583+0000] {logging_mixin.py:190} INFO - [2024-12-24T18:56:50.583+0000] {dag.py:4180} INFO - Setting next_dagrun for dataset_alias_example_alias_producer to None, run_after=None
[2024-12-24T18:56:50.586+0000] {logging_mixin.py:190} INFO - [2024-12-24T18:56:50.585+0000] {dag.py:4180} INFO - Setting next_dagrun for dataset_s3_bucket_consumer to None, run_after=None
[2024-12-24T18:56:50.588+0000] {logging_mixin.py:190} INFO - [2024-12-24T18:56:50.588+0000] {dag.py:4180} INFO - Setting next_dagrun for dataset_s3_bucket_producer to None, run_after=None
[2024-12-24T18:56:50.625+0000] {processor.py:208} INFO - Processing /home/airflow/.local/lib/python3.12/site-packages/airflow/example_dags/example_dataset_alias.py took 0.877 seconds
[2024-12-24T18:57:20.707+0000] {processor.py:186} INFO - Started process (PID=933) to work on /home/airflow/.local/lib/python3.12/site-packages/airflow/example_dags/example_dataset_alias.py
[2024-12-24T18:57:20.708+0000] {processor.py:914} INFO - Processing file /home/airflow/.local/lib/python3.12/site-packages/airflow/example_dags/example_dataset_alias.py for tasks to queue
[2024-12-24T18:57:20.711+0000] {logging_mixin.py:190} INFO - [2024-12-24T18:57:20.711+0000] {dagbag.py:588} INFO - Filling up the DagBag from /home/airflow/.local/lib/python3.12/site-packages/airflow/example_dags/example_dataset_alias.py
[2024-12-24T18:57:21.312+0000] {processor.py:925} INFO - DAG(s) 'dataset_alias_example_alias_consumer', 'dataset_s3_bucket_consumer', 'dataset_s3_bucket_producer', 'dataset_alias_example_alias_producer' retrieved from /home/airflow/.local/lib/python3.12/site-packages/airflow/example_dags/example_dataset_alias.py
[2024-12-24T18:57:21.336+0000] {logging_mixin.py:190} INFO - [2024-12-24T18:57:21.335+0000] {dag.py:3239} INFO - Sync 4 DAGs
[2024-12-24T18:57:21.361+0000] {logging_mixin.py:190} INFO - [2024-12-24T18:57:21.361+0000] {dag.py:4180} INFO - Setting next_dagrun for dataset_alias_example_alias_consumer to None, run_after=None
[2024-12-24T18:57:21.365+0000] {logging_mixin.py:190} INFO - [2024-12-24T18:57:21.365+0000] {dag.py:4180} INFO - Setting next_dagrun for dataset_alias_example_alias_producer to None, run_after=None
[2024-12-24T18:57:21.367+0000] {logging_mixin.py:190} INFO - [2024-12-24T18:57:21.367+0000] {dag.py:4180} INFO - Setting next_dagrun for dataset_s3_bucket_consumer to None, run_after=None
[2024-12-24T18:57:21.369+0000] {logging_mixin.py:190} INFO - [2024-12-24T18:57:21.369+0000] {dag.py:4180} INFO - Setting next_dagrun for dataset_s3_bucket_producer to None, run_after=None
[2024-12-24T18:57:21.398+0000] {processor.py:208} INFO - Processing /home/airflow/.local/lib/python3.12/site-packages/airflow/example_dags/example_dataset_alias.py took 0.697 seconds
[2024-12-24T18:57:52.069+0000] {processor.py:186} INFO - Started process (PID=998) to work on /home/airflow/.local/lib/python3.12/site-packages/airflow/example_dags/example_dataset_alias.py
[2024-12-24T18:57:52.071+0000] {processor.py:914} INFO - Processing file /home/airflow/.local/lib/python3.12/site-packages/airflow/example_dags/example_dataset_alias.py for tasks to queue
[2024-12-24T18:57:52.075+0000] {logging_mixin.py:190} INFO - [2024-12-24T18:57:52.074+0000] {dagbag.py:588} INFO - Filling up the DagBag from /home/airflow/.local/lib/python3.12/site-packages/airflow/example_dags/example_dataset_alias.py
[2024-12-24T18:57:52.737+0000] {processor.py:925} INFO - DAG(s) 'dataset_alias_example_alias_producer', 'dataset_alias_example_alias_consumer', 'dataset_s3_bucket_producer', 'dataset_s3_bucket_consumer' retrieved from /home/airflow/.local/lib/python3.12/site-packages/airflow/example_dags/example_dataset_alias.py
[2024-12-24T18:57:52.765+0000] {logging_mixin.py:190} INFO - [2024-12-24T18:57:52.764+0000] {dag.py:3239} INFO - Sync 4 DAGs
[2024-12-24T18:57:52.792+0000] {logging_mixin.py:190} INFO - [2024-12-24T18:57:52.792+0000] {dag.py:4180} INFO - Setting next_dagrun for dataset_alias_example_alias_consumer to None, run_after=None
[2024-12-24T18:57:52.796+0000] {logging_mixin.py:190} INFO - [2024-12-24T18:57:52.795+0000] {dag.py:4180} INFO - Setting next_dagrun for dataset_alias_example_alias_producer to None, run_after=None
[2024-12-24T18:57:52.798+0000] {logging_mixin.py:190} INFO - [2024-12-24T18:57:52.798+0000] {dag.py:4180} INFO - Setting next_dagrun for dataset_s3_bucket_consumer to None, run_after=None
[2024-12-24T18:57:52.800+0000] {logging_mixin.py:190} INFO - [2024-12-24T18:57:52.800+0000] {dag.py:4180} INFO - Setting next_dagrun for dataset_s3_bucket_producer to None, run_after=None
[2024-12-24T18:57:52.830+0000] {processor.py:208} INFO - Processing /home/airflow/.local/lib/python3.12/site-packages/airflow/example_dags/example_dataset_alias.py took 0.767 seconds
[2024-12-24T18:58:23.154+0000] {processor.py:186} INFO - Started process (PID=1061) to work on /home/airflow/.local/lib/python3.12/site-packages/airflow/example_dags/example_dataset_alias.py
[2024-12-24T18:58:23.155+0000] {processor.py:914} INFO - Processing file /home/airflow/.local/lib/python3.12/site-packages/airflow/example_dags/example_dataset_alias.py for tasks to queue
[2024-12-24T18:58:23.158+0000] {logging_mixin.py:190} INFO - [2024-12-24T18:58:23.157+0000] {dagbag.py:588} INFO - Filling up the DagBag from /home/airflow/.local/lib/python3.12/site-packages/airflow/example_dags/example_dataset_alias.py
[2024-12-24T18:58:23.796+0000] {processor.py:925} INFO - DAG(s) 'dataset_alias_example_alias_consumer', 'dataset_s3_bucket_consumer', 'dataset_alias_example_alias_producer', 'dataset_s3_bucket_producer' retrieved from /home/airflow/.local/lib/python3.12/site-packages/airflow/example_dags/example_dataset_alias.py
[2024-12-24T18:58:23.825+0000] {logging_mixin.py:190} INFO - [2024-12-24T18:58:23.824+0000] {dag.py:3239} INFO - Sync 4 DAGs
[2024-12-24T18:58:23.850+0000] {logging_mixin.py:190} INFO - [2024-12-24T18:58:23.850+0000] {dag.py:4180} INFO - Setting next_dagrun for dataset_alias_example_alias_consumer to None, run_after=None
[2024-12-24T18:58:23.854+0000] {logging_mixin.py:190} INFO - [2024-12-24T18:58:23.854+0000] {dag.py:4180} INFO - Setting next_dagrun for dataset_alias_example_alias_producer to None, run_after=None
[2024-12-24T18:58:23.857+0000] {logging_mixin.py:190} INFO - [2024-12-24T18:58:23.857+0000] {dag.py:4180} INFO - Setting next_dagrun for dataset_s3_bucket_consumer to None, run_after=None
[2024-12-24T18:58:23.859+0000] {logging_mixin.py:190} INFO - [2024-12-24T18:58:23.859+0000] {dag.py:4180} INFO - Setting next_dagrun for dataset_s3_bucket_producer to None, run_after=None
[2024-12-24T18:58:23.889+0000] {processor.py:208} INFO - Processing /home/airflow/.local/lib/python3.12/site-packages/airflow/example_dags/example_dataset_alias.py took 0.744 seconds
[2024-12-24T18:58:54.155+0000] {processor.py:186} INFO - Started process (PID=1116) to work on /home/airflow/.local/lib/python3.12/site-packages/airflow/example_dags/example_dataset_alias.py
[2024-12-24T18:58:54.156+0000] {processor.py:914} INFO - Processing file /home/airflow/.local/lib/python3.12/site-packages/airflow/example_dags/example_dataset_alias.py for tasks to queue
[2024-12-24T18:58:54.159+0000] {logging_mixin.py:190} INFO - [2024-12-24T18:58:54.158+0000] {dagbag.py:588} INFO - Filling up the DagBag from /home/airflow/.local/lib/python3.12/site-packages/airflow/example_dags/example_dataset_alias.py
[2024-12-24T18:58:54.863+0000] {processor.py:925} INFO - DAG(s) 'dataset_alias_example_alias_consumer', 'dataset_alias_example_alias_producer', 'dataset_s3_bucket_consumer', 'dataset_s3_bucket_producer' retrieved from /home/airflow/.local/lib/python3.12/site-packages/airflow/example_dags/example_dataset_alias.py
[2024-12-24T18:58:54.891+0000] {logging_mixin.py:190} INFO - [2024-12-24T18:58:54.891+0000] {dag.py:3239} INFO - Sync 4 DAGs
[2024-12-24T18:58:54.919+0000] {logging_mixin.py:190} INFO - [2024-12-24T18:58:54.919+0000] {dag.py:4180} INFO - Setting next_dagrun for dataset_alias_example_alias_consumer to None, run_after=None
[2024-12-24T18:58:54.923+0000] {logging_mixin.py:190} INFO - [2024-12-24T18:58:54.923+0000] {dag.py:4180} INFO - Setting next_dagrun for dataset_alias_example_alias_producer to None, run_after=None
[2024-12-24T18:58:54.926+0000] {logging_mixin.py:190} INFO - [2024-12-24T18:58:54.926+0000] {dag.py:4180} INFO - Setting next_dagrun for dataset_s3_bucket_consumer to None, run_after=None
[2024-12-24T18:58:54.928+0000] {logging_mixin.py:190} INFO - [2024-12-24T18:58:54.928+0000] {dag.py:4180} INFO - Setting next_dagrun for dataset_s3_bucket_producer to None, run_after=None
[2024-12-24T18:58:54.961+0000] {processor.py:208} INFO - Processing /home/airflow/.local/lib/python3.12/site-packages/airflow/example_dags/example_dataset_alias.py took 0.812 seconds
[2024-12-24T18:59:25.575+0000] {processor.py:186} INFO - Started process (PID=1182) to work on /home/airflow/.local/lib/python3.12/site-packages/airflow/example_dags/example_dataset_alias.py
[2024-12-24T18:59:25.576+0000] {processor.py:914} INFO - Processing file /home/airflow/.local/lib/python3.12/site-packages/airflow/example_dags/example_dataset_alias.py for tasks to queue
[2024-12-24T18:59:25.579+0000] {logging_mixin.py:190} INFO - [2024-12-24T18:59:25.579+0000] {dagbag.py:588} INFO - Filling up the DagBag from /home/airflow/.local/lib/python3.12/site-packages/airflow/example_dags/example_dataset_alias.py
[2024-12-24T18:59:26.234+0000] {processor.py:925} INFO - DAG(s) 'dataset_s3_bucket_producer', 'dataset_alias_example_alias_producer', 'dataset_alias_example_alias_consumer', 'dataset_s3_bucket_consumer' retrieved from /home/airflow/.local/lib/python3.12/site-packages/airflow/example_dags/example_dataset_alias.py
[2024-12-24T18:59:26.263+0000] {logging_mixin.py:190} INFO - [2024-12-24T18:59:26.262+0000] {dag.py:3239} INFO - Sync 4 DAGs
[2024-12-24T18:59:26.290+0000] {logging_mixin.py:190} INFO - [2024-12-24T18:59:26.290+0000] {dag.py:4180} INFO - Setting next_dagrun for dataset_alias_example_alias_consumer to None, run_after=None
[2024-12-24T18:59:26.294+0000] {logging_mixin.py:190} INFO - [2024-12-24T18:59:26.294+0000] {dag.py:4180} INFO - Setting next_dagrun for dataset_alias_example_alias_producer to None, run_after=None
[2024-12-24T18:59:26.296+0000] {logging_mixin.py:190} INFO - [2024-12-24T18:59:26.296+0000] {dag.py:4180} INFO - Setting next_dagrun for dataset_s3_bucket_consumer to None, run_after=None
[2024-12-24T18:59:26.298+0000] {logging_mixin.py:190} INFO - [2024-12-24T18:59:26.298+0000] {dag.py:4180} INFO - Setting next_dagrun for dataset_s3_bucket_producer to None, run_after=None
[2024-12-24T18:59:26.329+0000] {processor.py:208} INFO - Processing /home/airflow/.local/lib/python3.12/site-packages/airflow/example_dags/example_dataset_alias.py took 0.761 seconds
[2024-12-24T18:59:56.555+0000] {processor.py:186} INFO - Started process (PID=1248) to work on /home/airflow/.local/lib/python3.12/site-packages/airflow/example_dags/example_dataset_alias.py
[2024-12-24T18:59:56.556+0000] {processor.py:914} INFO - Processing file /home/airflow/.local/lib/python3.12/site-packages/airflow/example_dags/example_dataset_alias.py for tasks to queue
[2024-12-24T18:59:56.559+0000] {logging_mixin.py:190} INFO - [2024-12-24T18:59:56.559+0000] {dagbag.py:588} INFO - Filling up the DagBag from /home/airflow/.local/lib/python3.12/site-packages/airflow/example_dags/example_dataset_alias.py
[2024-12-24T18:59:57.202+0000] {processor.py:925} INFO - DAG(s) 'dataset_alias_example_alias_producer', 'dataset_alias_example_alias_consumer', 'dataset_s3_bucket_consumer', 'dataset_s3_bucket_producer' retrieved from /home/airflow/.local/lib/python3.12/site-packages/airflow/example_dags/example_dataset_alias.py
[2024-12-24T18:59:57.233+0000] {logging_mixin.py:190} INFO - [2024-12-24T18:59:57.232+0000] {dag.py:3239} INFO - Sync 4 DAGs
[2024-12-24T18:59:57.258+0000] {logging_mixin.py:190} INFO - [2024-12-24T18:59:57.258+0000] {dag.py:4180} INFO - Setting next_dagrun for dataset_alias_example_alias_consumer to None, run_after=None
[2024-12-24T18:59:57.263+0000] {logging_mixin.py:190} INFO - [2024-12-24T18:59:57.263+0000] {dag.py:4180} INFO - Setting next_dagrun for dataset_alias_example_alias_producer to None, run_after=None
[2024-12-24T18:59:57.266+0000] {logging_mixin.py:190} INFO - [2024-12-24T18:59:57.266+0000] {dag.py:4180} INFO - Setting next_dagrun for dataset_s3_bucket_consumer to None, run_after=None
[2024-12-24T18:59:57.268+0000] {logging_mixin.py:190} INFO - [2024-12-24T18:59:57.268+0000] {dag.py:4180} INFO - Setting next_dagrun for dataset_s3_bucket_producer to None, run_after=None
[2024-12-24T18:59:57.299+0000] {processor.py:208} INFO - Processing /home/airflow/.local/lib/python3.12/site-packages/airflow/example_dags/example_dataset_alias.py took 0.751 seconds
[2024-12-24T19:00:27.569+0000] {processor.py:186} INFO - Started process (PID=1315) to work on /home/airflow/.local/lib/python3.12/site-packages/airflow/example_dags/example_dataset_alias.py
[2024-12-24T19:00:27.572+0000] {processor.py:914} INFO - Processing file /home/airflow/.local/lib/python3.12/site-packages/airflow/example_dags/example_dataset_alias.py for tasks to queue
[2024-12-24T19:00:27.575+0000] {logging_mixin.py:190} INFO - [2024-12-24T19:00:27.574+0000] {dagbag.py:588} INFO - Filling up the DagBag from /home/airflow/.local/lib/python3.12/site-packages/airflow/example_dags/example_dataset_alias.py
[2024-12-24T19:00:28.256+0000] {processor.py:925} INFO - DAG(s) 'dataset_alias_example_alias_consumer', 'dataset_alias_example_alias_producer', 'dataset_s3_bucket_consumer', 'dataset_s3_bucket_producer' retrieved from /home/airflow/.local/lib/python3.12/site-packages/airflow/example_dags/example_dataset_alias.py
[2024-12-24T19:00:28.287+0000] {logging_mixin.py:190} INFO - [2024-12-24T19:00:28.287+0000] {dag.py:3239} INFO - Sync 4 DAGs
[2024-12-24T19:00:28.314+0000] {logging_mixin.py:190} INFO - [2024-12-24T19:00:28.313+0000] {dag.py:4180} INFO - Setting next_dagrun for dataset_alias_example_alias_consumer to None, run_after=None
[2024-12-24T19:00:28.318+0000] {logging_mixin.py:190} INFO - [2024-12-24T19:00:28.318+0000] {dag.py:4180} INFO - Setting next_dagrun for dataset_alias_example_alias_producer to None, run_after=None
[2024-12-24T19:00:28.320+0000] {logging_mixin.py:190} INFO - [2024-12-24T19:00:28.320+0000] {dag.py:4180} INFO - Setting next_dagrun for dataset_s3_bucket_consumer to None, run_after=None
[2024-12-24T19:00:28.323+0000] {logging_mixin.py:190} INFO - [2024-12-24T19:00:28.323+0000] {dag.py:4180} INFO - Setting next_dagrun for dataset_s3_bucket_producer to None, run_after=None
[2024-12-24T19:00:28.355+0000] {processor.py:208} INFO - Processing /home/airflow/.local/lib/python3.12/site-packages/airflow/example_dags/example_dataset_alias.py took 0.794 seconds
[2024-12-24T19:00:58.784+0000] {processor.py:186} INFO - Started process (PID=1382) to work on /home/airflow/.local/lib/python3.12/site-packages/airflow/example_dags/example_dataset_alias.py
[2024-12-24T19:00:58.786+0000] {processor.py:914} INFO - Processing file /home/airflow/.local/lib/python3.12/site-packages/airflow/example_dags/example_dataset_alias.py for tasks to queue
[2024-12-24T19:00:58.789+0000] {logging_mixin.py:190} INFO - [2024-12-24T19:00:58.788+0000] {dagbag.py:588} INFO - Filling up the DagBag from /home/airflow/.local/lib/python3.12/site-packages/airflow/example_dags/example_dataset_alias.py
[2024-12-24T19:00:59.397+0000] {processor.py:925} INFO - DAG(s) 'dataset_s3_bucket_producer', 'dataset_alias_example_alias_consumer', 'dataset_alias_example_alias_producer', 'dataset_s3_bucket_consumer' retrieved from /home/airflow/.local/lib/python3.12/site-packages/airflow/example_dags/example_dataset_alias.py
[2024-12-24T19:00:59.428+0000] {logging_mixin.py:190} INFO - [2024-12-24T19:00:59.428+0000] {dag.py:3239} INFO - Sync 4 DAGs
[2024-12-24T19:00:59.454+0000] {logging_mixin.py:190} INFO - [2024-12-24T19:00:59.454+0000] {dag.py:4180} INFO - Setting next_dagrun for dataset_alias_example_alias_consumer to None, run_after=None
[2024-12-24T19:00:59.458+0000] {logging_mixin.py:190} INFO - [2024-12-24T19:00:59.458+0000] {dag.py:4180} INFO - Setting next_dagrun for dataset_alias_example_alias_producer to None, run_after=None
[2024-12-24T19:00:59.461+0000] {logging_mixin.py:190} INFO - [2024-12-24T19:00:59.460+0000] {dag.py:4180} INFO - Setting next_dagrun for dataset_s3_bucket_consumer to None, run_after=None
[2024-12-24T19:00:59.463+0000] {logging_mixin.py:190} INFO - [2024-12-24T19:00:59.463+0000] {dag.py:4180} INFO - Setting next_dagrun for dataset_s3_bucket_producer to None, run_after=None
[2024-12-24T19:00:59.517+0000] {processor.py:208} INFO - Processing /home/airflow/.local/lib/python3.12/site-packages/airflow/example_dags/example_dataset_alias.py took 0.739 seconds
[2024-12-24T19:01:29.797+0000] {processor.py:186} INFO - Started process (PID=1448) to work on /home/airflow/.local/lib/python3.12/site-packages/airflow/example_dags/example_dataset_alias.py
[2024-12-24T19:01:29.798+0000] {processor.py:914} INFO - Processing file /home/airflow/.local/lib/python3.12/site-packages/airflow/example_dags/example_dataset_alias.py for tasks to queue
[2024-12-24T19:01:29.801+0000] {logging_mixin.py:190} INFO - [2024-12-24T19:01:29.801+0000] {dagbag.py:588} INFO - Filling up the DagBag from /home/airflow/.local/lib/python3.12/site-packages/airflow/example_dags/example_dataset_alias.py
[2024-12-24T19:01:30.424+0000] {processor.py:925} INFO - DAG(s) 'dataset_alias_example_alias_consumer', 'dataset_alias_example_alias_producer', 'dataset_s3_bucket_consumer', 'dataset_s3_bucket_producer' retrieved from /home/airflow/.local/lib/python3.12/site-packages/airflow/example_dags/example_dataset_alias.py
[2024-12-24T19:01:30.450+0000] {logging_mixin.py:190} INFO - [2024-12-24T19:01:30.449+0000] {dag.py:3239} INFO - Sync 4 DAGs
[2024-12-24T19:01:30.477+0000] {logging_mixin.py:190} INFO - [2024-12-24T19:01:30.477+0000] {dag.py:4180} INFO - Setting next_dagrun for dataset_alias_example_alias_consumer to None, run_after=None
[2024-12-24T19:01:30.481+0000] {logging_mixin.py:190} INFO - [2024-12-24T19:01:30.481+0000] {dag.py:4180} INFO - Setting next_dagrun for dataset_alias_example_alias_producer to None, run_after=None
[2024-12-24T19:01:30.483+0000] {logging_mixin.py:190} INFO - [2024-12-24T19:01:30.483+0000] {dag.py:4180} INFO - Setting next_dagrun for dataset_s3_bucket_consumer to None, run_after=None
[2024-12-24T19:01:30.485+0000] {logging_mixin.py:190} INFO - [2024-12-24T19:01:30.485+0000] {dag.py:4180} INFO - Setting next_dagrun for dataset_s3_bucket_producer to None, run_after=None
[2024-12-24T19:01:30.518+0000] {processor.py:208} INFO - Processing /home/airflow/.local/lib/python3.12/site-packages/airflow/example_dags/example_dataset_alias.py took 0.728 seconds
[2024-12-24T19:02:01.091+0000] {processor.py:186} INFO - Started process (PID=1520) to work on /home/airflow/.local/lib/python3.12/site-packages/airflow/example_dags/example_dataset_alias.py
[2024-12-24T19:02:01.093+0000] {processor.py:914} INFO - Processing file /home/airflow/.local/lib/python3.12/site-packages/airflow/example_dags/example_dataset_alias.py for tasks to queue
[2024-12-24T19:02:01.096+0000] {logging_mixin.py:190} INFO - [2024-12-24T19:02:01.096+0000] {dagbag.py:588} INFO - Filling up the DagBag from /home/airflow/.local/lib/python3.12/site-packages/airflow/example_dags/example_dataset_alias.py
[2024-12-24T19:02:01.764+0000] {processor.py:925} INFO - DAG(s) 'dataset_s3_bucket_consumer', 'dataset_s3_bucket_producer', 'dataset_alias_example_alias_consumer', 'dataset_alias_example_alias_producer' retrieved from /home/airflow/.local/lib/python3.12/site-packages/airflow/example_dags/example_dataset_alias.py
[2024-12-24T19:02:01.798+0000] {logging_mixin.py:190} INFO - [2024-12-24T19:02:01.797+0000] {dag.py:3239} INFO - Sync 4 DAGs
[2024-12-24T19:02:01.828+0000] {logging_mixin.py:190} INFO - [2024-12-24T19:02:01.828+0000] {dag.py:4180} INFO - Setting next_dagrun for dataset_alias_example_alias_consumer to None, run_after=None
[2024-12-24T19:02:01.832+0000] {logging_mixin.py:190} INFO - [2024-12-24T19:02:01.832+0000] {dag.py:4180} INFO - Setting next_dagrun for dataset_alias_example_alias_producer to None, run_after=None
[2024-12-24T19:02:01.836+0000] {logging_mixin.py:190} INFO - [2024-12-24T19:02:01.836+0000] {dag.py:4180} INFO - Setting next_dagrun for dataset_s3_bucket_consumer to None, run_after=None
[2024-12-24T19:02:01.840+0000] {logging_mixin.py:190} INFO - [2024-12-24T19:02:01.840+0000] {dag.py:4180} INFO - Setting next_dagrun for dataset_s3_bucket_producer to None, run_after=None
[2024-12-24T19:02:01.896+0000] {processor.py:208} INFO - Processing /home/airflow/.local/lib/python3.12/site-packages/airflow/example_dags/example_dataset_alias.py took 0.811 seconds
[2024-12-24T19:02:32.306+0000] {processor.py:186} INFO - Started process (PID=1583) to work on /home/airflow/.local/lib/python3.12/site-packages/airflow/example_dags/example_dataset_alias.py
[2024-12-24T19:02:32.307+0000] {processor.py:914} INFO - Processing file /home/airflow/.local/lib/python3.12/site-packages/airflow/example_dags/example_dataset_alias.py for tasks to queue
[2024-12-24T19:02:32.310+0000] {logging_mixin.py:190} INFO - [2024-12-24T19:02:32.310+0000] {dagbag.py:588} INFO - Filling up the DagBag from /home/airflow/.local/lib/python3.12/site-packages/airflow/example_dags/example_dataset_alias.py
[2024-12-24T19:02:32.913+0000] {processor.py:925} INFO - DAG(s) 'dataset_s3_bucket_consumer', 'dataset_alias_example_alias_producer', 'dataset_s3_bucket_producer', 'dataset_alias_example_alias_consumer' retrieved from /home/airflow/.local/lib/python3.12/site-packages/airflow/example_dags/example_dataset_alias.py
[2024-12-24T19:02:32.944+0000] {logging_mixin.py:190} INFO - [2024-12-24T19:02:32.943+0000] {dag.py:3239} INFO - Sync 4 DAGs
[2024-12-24T19:02:32.970+0000] {logging_mixin.py:190} INFO - [2024-12-24T19:02:32.970+0000] {dag.py:4180} INFO - Setting next_dagrun for dataset_alias_example_alias_consumer to None, run_after=None
[2024-12-24T19:02:32.975+0000] {logging_mixin.py:190} INFO - [2024-12-24T19:02:32.975+0000] {dag.py:4180} INFO - Setting next_dagrun for dataset_alias_example_alias_producer to None, run_after=None
[2024-12-24T19:02:32.978+0000] {logging_mixin.py:190} INFO - [2024-12-24T19:02:32.978+0000] {dag.py:4180} INFO - Setting next_dagrun for dataset_s3_bucket_consumer to None, run_after=None
[2024-12-24T19:02:32.980+0000] {logging_mixin.py:190} INFO - [2024-12-24T19:02:32.980+0000] {dag.py:4180} INFO - Setting next_dagrun for dataset_s3_bucket_producer to None, run_after=None
[2024-12-24T19:02:33.017+0000] {processor.py:208} INFO - Processing /home/airflow/.local/lib/python3.12/site-packages/airflow/example_dags/example_dataset_alias.py took 0.718 seconds
[2024-12-24T19:03:03.812+0000] {processor.py:186} INFO - Started process (PID=1646) to work on /home/airflow/.local/lib/python3.12/site-packages/airflow/example_dags/example_dataset_alias.py
[2024-12-24T19:03:03.813+0000] {processor.py:914} INFO - Processing file /home/airflow/.local/lib/python3.12/site-packages/airflow/example_dags/example_dataset_alias.py for tasks to queue
[2024-12-24T19:03:03.816+0000] {logging_mixin.py:190} INFO - [2024-12-24T19:03:03.815+0000] {dagbag.py:588} INFO - Filling up the DagBag from /home/airflow/.local/lib/python3.12/site-packages/airflow/example_dags/example_dataset_alias.py
[2024-12-24T19:03:05.796+0000] {processor.py:925} INFO - DAG(s) 'dataset_alias_example_alias_producer', 'dataset_s3_bucket_producer', 'dataset_alias_example_alias_consumer', 'dataset_s3_bucket_consumer' retrieved from /home/airflow/.local/lib/python3.12/site-packages/airflow/example_dags/example_dataset_alias.py
[2024-12-24T19:03:05.842+0000] {logging_mixin.py:190} INFO - [2024-12-24T19:03:05.841+0000] {dag.py:3239} INFO - Sync 4 DAGs
[2024-12-24T19:03:05.882+0000] {logging_mixin.py:190} INFO - [2024-12-24T19:03:05.882+0000] {dag.py:4180} INFO - Setting next_dagrun for dataset_alias_example_alias_consumer to None, run_after=None
[2024-12-24T19:03:05.889+0000] {logging_mixin.py:190} INFO - [2024-12-24T19:03:05.888+0000] {dag.py:4180} INFO - Setting next_dagrun for dataset_alias_example_alias_producer to None, run_after=None
[2024-12-24T19:03:05.893+0000] {logging_mixin.py:190} INFO - [2024-12-24T19:03:05.893+0000] {dag.py:4180} INFO - Setting next_dagrun for dataset_s3_bucket_consumer to None, run_after=None
[2024-12-24T19:03:05.896+0000] {logging_mixin.py:190} INFO - [2024-12-24T19:03:05.896+0000] {dag.py:4180} INFO - Setting next_dagrun for dataset_s3_bucket_producer to None, run_after=None
[2024-12-24T19:03:05.943+0000] {processor.py:208} INFO - Processing /home/airflow/.local/lib/python3.12/site-packages/airflow/example_dags/example_dataset_alias.py took 2.138 seconds
[2024-12-24T19:03:36.709+0000] {processor.py:186} INFO - Started process (PID=1709) to work on /home/airflow/.local/lib/python3.12/site-packages/airflow/example_dags/example_dataset_alias.py
[2024-12-24T19:03:36.711+0000] {processor.py:914} INFO - Processing file /home/airflow/.local/lib/python3.12/site-packages/airflow/example_dags/example_dataset_alias.py for tasks to queue
[2024-12-24T19:03:36.716+0000] {logging_mixin.py:190} INFO - [2024-12-24T19:03:36.715+0000] {dagbag.py:588} INFO - Filling up the DagBag from /home/airflow/.local/lib/python3.12/site-packages/airflow/example_dags/example_dataset_alias.py
[2024-12-24T19:03:37.403+0000] {processor.py:925} INFO - DAG(s) 'dataset_alias_example_alias_producer', 'dataset_s3_bucket_producer', 'dataset_s3_bucket_consumer', 'dataset_alias_example_alias_consumer' retrieved from /home/airflow/.local/lib/python3.12/site-packages/airflow/example_dags/example_dataset_alias.py
[2024-12-24T19:03:37.438+0000] {logging_mixin.py:190} INFO - [2024-12-24T19:03:37.437+0000] {dag.py:3239} INFO - Sync 4 DAGs
[2024-12-24T19:03:37.467+0000] {logging_mixin.py:190} INFO - [2024-12-24T19:03:37.466+0000] {dag.py:4180} INFO - Setting next_dagrun for dataset_alias_example_alias_consumer to None, run_after=None
[2024-12-24T19:03:37.471+0000] {logging_mixin.py:190} INFO - [2024-12-24T19:03:37.470+0000] {dag.py:4180} INFO - Setting next_dagrun for dataset_alias_example_alias_producer to None, run_after=None
[2024-12-24T19:03:37.474+0000] {logging_mixin.py:190} INFO - [2024-12-24T19:03:37.474+0000] {dag.py:4180} INFO - Setting next_dagrun for dataset_s3_bucket_consumer to None, run_after=None
[2024-12-24T19:03:37.477+0000] {logging_mixin.py:190} INFO - [2024-12-24T19:03:37.477+0000] {dag.py:4180} INFO - Setting next_dagrun for dataset_s3_bucket_producer to None, run_after=None
[2024-12-24T19:03:37.533+0000] {processor.py:208} INFO - Processing /home/airflow/.local/lib/python3.12/site-packages/airflow/example_dags/example_dataset_alias.py took 0.833 seconds
[2024-12-24T19:04:07.894+0000] {processor.py:186} INFO - Started process (PID=1772) to work on /home/airflow/.local/lib/python3.12/site-packages/airflow/example_dags/example_dataset_alias.py
[2024-12-24T19:04:07.896+0000] {processor.py:914} INFO - Processing file /home/airflow/.local/lib/python3.12/site-packages/airflow/example_dags/example_dataset_alias.py for tasks to queue
[2024-12-24T19:04:07.900+0000] {logging_mixin.py:190} INFO - [2024-12-24T19:04:07.899+0000] {dagbag.py:588} INFO - Filling up the DagBag from /home/airflow/.local/lib/python3.12/site-packages/airflow/example_dags/example_dataset_alias.py
[2024-12-24T19:04:08.962+0000] {processor.py:925} INFO - DAG(s) 'dataset_s3_bucket_consumer', 'dataset_alias_example_alias_consumer', 'dataset_s3_bucket_producer', 'dataset_alias_example_alias_producer' retrieved from /home/airflow/.local/lib/python3.12/site-packages/airflow/example_dags/example_dataset_alias.py
[2024-12-24T19:04:08.989+0000] {logging_mixin.py:190} INFO - [2024-12-24T19:04:08.988+0000] {dag.py:3239} INFO - Sync 4 DAGs
[2024-12-24T19:04:09.014+0000] {logging_mixin.py:190} INFO - [2024-12-24T19:04:09.014+0000] {dag.py:4180} INFO - Setting next_dagrun for dataset_alias_example_alias_consumer to None, run_after=None
[2024-12-24T19:04:09.018+0000] {logging_mixin.py:190} INFO - [2024-12-24T19:04:09.018+0000] {dag.py:4180} INFO - Setting next_dagrun for dataset_alias_example_alias_producer to None, run_after=None
[2024-12-24T19:04:09.020+0000] {logging_mixin.py:190} INFO - [2024-12-24T19:04:09.020+0000] {dag.py:4180} INFO - Setting next_dagrun for dataset_s3_bucket_consumer to None, run_after=None
[2024-12-24T19:04:09.022+0000] {logging_mixin.py:190} INFO - [2024-12-24T19:04:09.022+0000] {dag.py:4180} INFO - Setting next_dagrun for dataset_s3_bucket_producer to None, run_after=None
[2024-12-24T19:04:09.051+0000] {processor.py:208} INFO - Processing /home/airflow/.local/lib/python3.12/site-packages/airflow/example_dags/example_dataset_alias.py took 1.164 seconds
[2024-12-24T19:04:39.516+0000] {processor.py:186} INFO - Started process (PID=1835) to work on /home/airflow/.local/lib/python3.12/site-packages/airflow/example_dags/example_dataset_alias.py
[2024-12-24T19:04:39.518+0000] {processor.py:914} INFO - Processing file /home/airflow/.local/lib/python3.12/site-packages/airflow/example_dags/example_dataset_alias.py for tasks to queue
[2024-12-24T19:04:39.520+0000] {logging_mixin.py:190} INFO - [2024-12-24T19:04:39.520+0000] {dagbag.py:588} INFO - Filling up the DagBag from /home/airflow/.local/lib/python3.12/site-packages/airflow/example_dags/example_dataset_alias.py
[2024-12-24T19:04:40.306+0000] {processor.py:925} INFO - DAG(s) 'dataset_alias_example_alias_producer', 'dataset_s3_bucket_consumer', 'dataset_s3_bucket_producer', 'dataset_alias_example_alias_consumer' retrieved from /home/airflow/.local/lib/python3.12/site-packages/airflow/example_dags/example_dataset_alias.py
[2024-12-24T19:04:40.367+0000] {logging_mixin.py:190} INFO - [2024-12-24T19:04:40.365+0000] {dag.py:3239} INFO - Sync 4 DAGs
[2024-12-24T19:04:40.409+0000] {logging_mixin.py:190} INFO - [2024-12-24T19:04:40.408+0000] {dag.py:4180} INFO - Setting next_dagrun for dataset_alias_example_alias_consumer to None, run_after=None
[2024-12-24T19:04:40.413+0000] {logging_mixin.py:190} INFO - [2024-12-24T19:04:40.413+0000] {dag.py:4180} INFO - Setting next_dagrun for dataset_alias_example_alias_producer to None, run_after=None
[2024-12-24T19:04:40.416+0000] {logging_mixin.py:190} INFO - [2024-12-24T19:04:40.416+0000] {dag.py:4180} INFO - Setting next_dagrun for dataset_s3_bucket_consumer to None, run_after=None
[2024-12-24T19:04:40.418+0000] {logging_mixin.py:190} INFO - [2024-12-24T19:04:40.418+0000] {dag.py:4180} INFO - Setting next_dagrun for dataset_s3_bucket_producer to None, run_after=None
[2024-12-24T19:04:40.464+0000] {processor.py:208} INFO - Processing /home/airflow/.local/lib/python3.12/site-packages/airflow/example_dags/example_dataset_alias.py took 0.953 seconds
[2024-12-24T19:05:10.925+0000] {processor.py:186} INFO - Started process (PID=1898) to work on /home/airflow/.local/lib/python3.12/site-packages/airflow/example_dags/example_dataset_alias.py
[2024-12-24T19:05:10.926+0000] {processor.py:914} INFO - Processing file /home/airflow/.local/lib/python3.12/site-packages/airflow/example_dags/example_dataset_alias.py for tasks to queue
[2024-12-24T19:05:10.929+0000] {logging_mixin.py:190} INFO - [2024-12-24T19:05:10.928+0000] {dagbag.py:588} INFO - Filling up the DagBag from /home/airflow/.local/lib/python3.12/site-packages/airflow/example_dags/example_dataset_alias.py
[2024-12-24T19:05:11.741+0000] {processor.py:925} INFO - DAG(s) 'dataset_s3_bucket_producer', 'dataset_alias_example_alias_consumer', 'dataset_s3_bucket_consumer', 'dataset_alias_example_alias_producer' retrieved from /home/airflow/.local/lib/python3.12/site-packages/airflow/example_dags/example_dataset_alias.py
[2024-12-24T19:05:11.771+0000] {logging_mixin.py:190} INFO - [2024-12-24T19:05:11.770+0000] {dag.py:3239} INFO - Sync 4 DAGs
[2024-12-24T19:05:11.802+0000] {logging_mixin.py:190} INFO - [2024-12-24T19:05:11.802+0000] {dag.py:4180} INFO - Setting next_dagrun for dataset_alias_example_alias_consumer to None, run_after=None
[2024-12-24T19:05:11.806+0000] {logging_mixin.py:190} INFO - [2024-12-24T19:05:11.806+0000] {dag.py:4180} INFO - Setting next_dagrun for dataset_alias_example_alias_producer to None, run_after=None
[2024-12-24T19:05:11.809+0000] {logging_mixin.py:190} INFO - [2024-12-24T19:05:11.808+0000] {dag.py:4180} INFO - Setting next_dagrun for dataset_s3_bucket_consumer to None, run_after=None
[2024-12-24T19:05:11.811+0000] {logging_mixin.py:190} INFO - [2024-12-24T19:05:11.811+0000] {dag.py:4180} INFO - Setting next_dagrun for dataset_s3_bucket_producer to None, run_after=None
[2024-12-24T19:05:11.850+0000] {processor.py:208} INFO - Processing /home/airflow/.local/lib/python3.12/site-packages/airflow/example_dags/example_dataset_alias.py took 0.932 seconds
[2024-12-24T19:05:42.260+0000] {processor.py:186} INFO - Started process (PID=1962) to work on /home/airflow/.local/lib/python3.12/site-packages/airflow/example_dags/example_dataset_alias.py
[2024-12-24T19:05:42.261+0000] {processor.py:914} INFO - Processing file /home/airflow/.local/lib/python3.12/site-packages/airflow/example_dags/example_dataset_alias.py for tasks to queue
[2024-12-24T19:05:42.264+0000] {logging_mixin.py:190} INFO - [2024-12-24T19:05:42.264+0000] {dagbag.py:588} INFO - Filling up the DagBag from /home/airflow/.local/lib/python3.12/site-packages/airflow/example_dags/example_dataset_alias.py
[2024-12-24T19:05:43.344+0000] {processor.py:925} INFO - DAG(s) 'dataset_s3_bucket_producer', 'dataset_alias_example_alias_consumer', 'dataset_s3_bucket_consumer', 'dataset_alias_example_alias_producer' retrieved from /home/airflow/.local/lib/python3.12/site-packages/airflow/example_dags/example_dataset_alias.py
[2024-12-24T19:05:43.383+0000] {logging_mixin.py:190} INFO - [2024-12-24T19:05:43.383+0000] {dag.py:3239} INFO - Sync 4 DAGs
[2024-12-24T19:05:43.419+0000] {logging_mixin.py:190} INFO - [2024-12-24T19:05:43.419+0000] {dag.py:4180} INFO - Setting next_dagrun for dataset_alias_example_alias_consumer to None, run_after=None
[2024-12-24T19:05:43.424+0000] {logging_mixin.py:190} INFO - [2024-12-24T19:05:43.424+0000] {dag.py:4180} INFO - Setting next_dagrun for dataset_alias_example_alias_producer to None, run_after=None
[2024-12-24T19:05:43.428+0000] {logging_mixin.py:190} INFO - [2024-12-24T19:05:43.427+0000] {dag.py:4180} INFO - Setting next_dagrun for dataset_s3_bucket_consumer to None, run_after=None
[2024-12-24T19:05:43.430+0000] {logging_mixin.py:190} INFO - [2024-12-24T19:05:43.430+0000] {dag.py:4180} INFO - Setting next_dagrun for dataset_s3_bucket_producer to None, run_after=None
[2024-12-24T19:05:43.469+0000] {processor.py:208} INFO - Processing /home/airflow/.local/lib/python3.12/site-packages/airflow/example_dags/example_dataset_alias.py took 1.215 seconds
[2024-12-24T19:06:14.765+0000] {processor.py:186} INFO - Started process (PID=2032) to work on /home/airflow/.local/lib/python3.12/site-packages/airflow/example_dags/example_dataset_alias.py
[2024-12-24T19:06:14.766+0000] {processor.py:914} INFO - Processing file /home/airflow/.local/lib/python3.12/site-packages/airflow/example_dags/example_dataset_alias.py for tasks to queue
[2024-12-24T19:06:14.769+0000] {logging_mixin.py:190} INFO - [2024-12-24T19:06:14.768+0000] {dagbag.py:588} INFO - Filling up the DagBag from /home/airflow/.local/lib/python3.12/site-packages/airflow/example_dags/example_dataset_alias.py
[2024-12-24T19:06:15.525+0000] {processor.py:925} INFO - DAG(s) 'dataset_s3_bucket_consumer', 'dataset_alias_example_alias_consumer', 'dataset_s3_bucket_producer', 'dataset_alias_example_alias_producer' retrieved from /home/airflow/.local/lib/python3.12/site-packages/airflow/example_dags/example_dataset_alias.py
[2024-12-24T19:06:15.555+0000] {logging_mixin.py:190} INFO - [2024-12-24T19:06:15.555+0000] {dag.py:3239} INFO - Sync 4 DAGs
[2024-12-24T19:06:15.584+0000] {logging_mixin.py:190} INFO - [2024-12-24T19:06:15.583+0000] {dag.py:4180} INFO - Setting next_dagrun for dataset_alias_example_alias_consumer to None, run_after=None
[2024-12-24T19:06:15.588+0000] {logging_mixin.py:190} INFO - [2024-12-24T19:06:15.588+0000] {dag.py:4180} INFO - Setting next_dagrun for dataset_alias_example_alias_producer to None, run_after=None
[2024-12-24T19:06:15.591+0000] {logging_mixin.py:190} INFO - [2024-12-24T19:06:15.590+0000] {dag.py:4180} INFO - Setting next_dagrun for dataset_s3_bucket_consumer to None, run_after=None
[2024-12-24T19:06:15.593+0000] {logging_mixin.py:190} INFO - [2024-12-24T19:06:15.593+0000] {dag.py:4180} INFO - Setting next_dagrun for dataset_s3_bucket_producer to None, run_after=None
[2024-12-24T19:06:15.624+0000] {processor.py:208} INFO - Processing /home/airflow/.local/lib/python3.12/site-packages/airflow/example_dags/example_dataset_alias.py took 0.865 seconds
[2024-12-24T19:06:46.521+0000] {processor.py:186} INFO - Started process (PID=2100) to work on /home/airflow/.local/lib/python3.12/site-packages/airflow/example_dags/example_dataset_alias.py
[2024-12-24T19:06:46.523+0000] {processor.py:914} INFO - Processing file /home/airflow/.local/lib/python3.12/site-packages/airflow/example_dags/example_dataset_alias.py for tasks to queue
[2024-12-24T19:06:46.526+0000] {logging_mixin.py:190} INFO - [2024-12-24T19:06:46.526+0000] {dagbag.py:588} INFO - Filling up the DagBag from /home/airflow/.local/lib/python3.12/site-packages/airflow/example_dags/example_dataset_alias.py
[2024-12-24T19:06:47.245+0000] {processor.py:925} INFO - DAG(s) 'dataset_s3_bucket_consumer', 'dataset_alias_example_alias_consumer', 'dataset_s3_bucket_producer', 'dataset_alias_example_alias_producer' retrieved from /home/airflow/.local/lib/python3.12/site-packages/airflow/example_dags/example_dataset_alias.py
[2024-12-24T19:06:47.272+0000] {logging_mixin.py:190} INFO - [2024-12-24T19:06:47.272+0000] {dag.py:3239} INFO - Sync 4 DAGs
[2024-12-24T19:06:47.307+0000] {logging_mixin.py:190} INFO - [2024-12-24T19:06:47.307+0000] {dag.py:4180} INFO - Setting next_dagrun for dataset_alias_example_alias_consumer to None, run_after=None
[2024-12-24T19:06:47.314+0000] {logging_mixin.py:190} INFO - [2024-12-24T19:06:47.314+0000] {dag.py:4180} INFO - Setting next_dagrun for dataset_alias_example_alias_producer to None, run_after=None
[2024-12-24T19:06:47.319+0000] {logging_mixin.py:190} INFO - [2024-12-24T19:06:47.318+0000] {dag.py:4180} INFO - Setting next_dagrun for dataset_s3_bucket_consumer to None, run_after=None
[2024-12-24T19:06:47.325+0000] {logging_mixin.py:190} INFO - [2024-12-24T19:06:47.324+0000] {dag.py:4180} INFO - Setting next_dagrun for dataset_s3_bucket_producer to None, run_after=None
[2024-12-24T19:06:47.364+0000] {processor.py:208} INFO - Processing /home/airflow/.local/lib/python3.12/site-packages/airflow/example_dags/example_dataset_alias.py took 0.849 seconds
[2024-12-24T19:07:18.444+0000] {processor.py:186} INFO - Started process (PID=2173) to work on /home/airflow/.local/lib/python3.12/site-packages/airflow/example_dags/example_dataset_alias.py
[2024-12-24T19:07:18.446+0000] {processor.py:914} INFO - Processing file /home/airflow/.local/lib/python3.12/site-packages/airflow/example_dags/example_dataset_alias.py for tasks to queue
[2024-12-24T19:07:18.449+0000] {logging_mixin.py:190} INFO - [2024-12-24T19:07:18.448+0000] {dagbag.py:588} INFO - Filling up the DagBag from /home/airflow/.local/lib/python3.12/site-packages/airflow/example_dags/example_dataset_alias.py
[2024-12-24T19:07:19.031+0000] {processor.py:925} INFO - DAG(s) 'dataset_s3_bucket_producer', 'dataset_s3_bucket_consumer', 'dataset_alias_example_alias_consumer', 'dataset_alias_example_alias_producer' retrieved from /home/airflow/.local/lib/python3.12/site-packages/airflow/example_dags/example_dataset_alias.py
[2024-12-24T19:07:19.063+0000] {logging_mixin.py:190} INFO - [2024-12-24T19:07:19.063+0000] {dag.py:3239} INFO - Sync 4 DAGs
[2024-12-24T19:07:19.091+0000] {logging_mixin.py:190} INFO - [2024-12-24T19:07:19.090+0000] {dag.py:4180} INFO - Setting next_dagrun for dataset_alias_example_alias_consumer to None, run_after=None
[2024-12-24T19:07:19.095+0000] {logging_mixin.py:190} INFO - [2024-12-24T19:07:19.094+0000] {dag.py:4180} INFO - Setting next_dagrun for dataset_alias_example_alias_producer to None, run_after=None
[2024-12-24T19:07:19.097+0000] {logging_mixin.py:190} INFO - [2024-12-24T19:07:19.097+0000] {dag.py:4180} INFO - Setting next_dagrun for dataset_s3_bucket_consumer to None, run_after=None
[2024-12-24T19:07:19.099+0000] {logging_mixin.py:190} INFO - [2024-12-24T19:07:19.099+0000] {dag.py:4180} INFO - Setting next_dagrun for dataset_s3_bucket_producer to None, run_after=None
[2024-12-24T19:07:19.133+0000] {processor.py:208} INFO - Processing /home/airflow/.local/lib/python3.12/site-packages/airflow/example_dags/example_dataset_alias.py took 0.695 seconds
[2024-12-24T19:07:49.991+0000] {processor.py:186} INFO - Started process (PID=2236) to work on /home/airflow/.local/lib/python3.12/site-packages/airflow/example_dags/example_dataset_alias.py
[2024-12-24T19:07:49.993+0000] {processor.py:914} INFO - Processing file /home/airflow/.local/lib/python3.12/site-packages/airflow/example_dags/example_dataset_alias.py for tasks to queue
[2024-12-24T19:07:50.002+0000] {logging_mixin.py:190} INFO - [2024-12-24T19:07:50.001+0000] {dagbag.py:588} INFO - Filling up the DagBag from /home/airflow/.local/lib/python3.12/site-packages/airflow/example_dags/example_dataset_alias.py
[2024-12-24T19:07:50.799+0000] {processor.py:925} INFO - DAG(s) 'dataset_alias_example_alias_producer', 'dataset_alias_example_alias_consumer', 'dataset_s3_bucket_consumer', 'dataset_s3_bucket_producer' retrieved from /home/airflow/.local/lib/python3.12/site-packages/airflow/example_dags/example_dataset_alias.py
[2024-12-24T19:07:50.832+0000] {logging_mixin.py:190} INFO - [2024-12-24T19:07:50.832+0000] {dag.py:3239} INFO - Sync 4 DAGs
[2024-12-24T19:07:50.862+0000] {logging_mixin.py:190} INFO - [2024-12-24T19:07:50.861+0000] {dag.py:4180} INFO - Setting next_dagrun for dataset_alias_example_alias_consumer to None, run_after=None
[2024-12-24T19:07:50.866+0000] {logging_mixin.py:190} INFO - [2024-12-24T19:07:50.866+0000] {dag.py:4180} INFO - Setting next_dagrun for dataset_alias_example_alias_producer to None, run_after=None
[2024-12-24T19:07:50.871+0000] {logging_mixin.py:190} INFO - [2024-12-24T19:07:50.871+0000] {dag.py:4180} INFO - Setting next_dagrun for dataset_s3_bucket_consumer to None, run_after=None
[2024-12-24T19:07:50.873+0000] {logging_mixin.py:190} INFO - [2024-12-24T19:07:50.873+0000] {dag.py:4180} INFO - Setting next_dagrun for dataset_s3_bucket_producer to None, run_after=None
[2024-12-24T19:07:50.906+0000] {processor.py:208} INFO - Processing /home/airflow/.local/lib/python3.12/site-packages/airflow/example_dags/example_dataset_alias.py took 0.932 seconds
[2024-12-24T19:08:21.302+0000] {processor.py:186} INFO - Started process (PID=2299) to work on /home/airflow/.local/lib/python3.12/site-packages/airflow/example_dags/example_dataset_alias.py
[2024-12-24T19:08:21.304+0000] {processor.py:914} INFO - Processing file /home/airflow/.local/lib/python3.12/site-packages/airflow/example_dags/example_dataset_alias.py for tasks to queue
[2024-12-24T19:08:21.306+0000] {logging_mixin.py:190} INFO - [2024-12-24T19:08:21.306+0000] {dagbag.py:588} INFO - Filling up the DagBag from /home/airflow/.local/lib/python3.12/site-packages/airflow/example_dags/example_dataset_alias.py
[2024-12-24T19:08:20.539+0000] {processor.py:925} INFO - DAG(s) 'dataset_s3_bucket_consumer', 'dataset_alias_example_alias_producer', 'dataset_alias_example_alias_consumer', 'dataset_s3_bucket_producer' retrieved from /home/airflow/.local/lib/python3.12/site-packages/airflow/example_dags/example_dataset_alias.py
[2024-12-24T19:08:20.593+0000] {logging_mixin.py:190} INFO - [2024-12-24T19:08:20.591+0000] {dag.py:3239} INFO - Sync 4 DAGs
[2024-12-24T19:08:20.639+0000] {logging_mixin.py:190} INFO - [2024-12-24T19:08:20.638+0000] {dag.py:4180} INFO - Setting next_dagrun for dataset_alias_example_alias_consumer to None, run_after=None
[2024-12-24T19:08:20.646+0000] {logging_mixin.py:190} INFO - [2024-12-24T19:08:20.645+0000] {dag.py:4180} INFO - Setting next_dagrun for dataset_alias_example_alias_producer to None, run_after=None
[2024-12-24T19:08:20.651+0000] {logging_mixin.py:190} INFO - [2024-12-24T19:08:20.651+0000] {dag.py:4180} INFO - Setting next_dagrun for dataset_s3_bucket_consumer to None, run_after=None
[2024-12-24T19:08:20.656+0000] {logging_mixin.py:190} INFO - [2024-12-24T19:08:20.655+0000] {dag.py:4180} INFO - Setting next_dagrun for dataset_s3_bucket_producer to None, run_after=None
[2024-12-24T19:08:20.709+0000] {processor.py:208} INFO - Processing /home/airflow/.local/lib/python3.12/site-packages/airflow/example_dags/example_dataset_alias.py took 0.860 seconds
[2024-12-24T19:08:51.460+0000] {processor.py:186} INFO - Started process (PID=2362) to work on /home/airflow/.local/lib/python3.12/site-packages/airflow/example_dags/example_dataset_alias.py
[2024-12-24T19:08:51.462+0000] {processor.py:914} INFO - Processing file /home/airflow/.local/lib/python3.12/site-packages/airflow/example_dags/example_dataset_alias.py for tasks to queue
[2024-12-24T19:08:51.465+0000] {logging_mixin.py:190} INFO - [2024-12-24T19:08:51.464+0000] {dagbag.py:588} INFO - Filling up the DagBag from /home/airflow/.local/lib/python3.12/site-packages/airflow/example_dags/example_dataset_alias.py
[2024-12-24T19:08:53.042+0000] {processor.py:925} INFO - DAG(s) 'dataset_s3_bucket_producer', 'dataset_s3_bucket_consumer', 'dataset_alias_example_alias_producer', 'dataset_alias_example_alias_consumer' retrieved from /home/airflow/.local/lib/python3.12/site-packages/airflow/example_dags/example_dataset_alias.py
[2024-12-24T19:08:53.112+0000] {logging_mixin.py:190} INFO - [2024-12-24T19:08:53.110+0000] {dag.py:3239} INFO - Sync 4 DAGs
[2024-12-24T19:08:53.184+0000] {logging_mixin.py:190} INFO - [2024-12-24T19:08:53.184+0000] {dag.py:4180} INFO - Setting next_dagrun for dataset_alias_example_alias_consumer to None, run_after=None
[2024-12-24T19:08:53.198+0000] {logging_mixin.py:190} INFO - [2024-12-24T19:08:53.198+0000] {dag.py:4180} INFO - Setting next_dagrun for dataset_alias_example_alias_producer to None, run_after=None
[2024-12-24T19:08:53.211+0000] {logging_mixin.py:190} INFO - [2024-12-24T19:08:53.209+0000] {dag.py:4180} INFO - Setting next_dagrun for dataset_s3_bucket_consumer to None, run_after=None
[2024-12-24T19:08:53.217+0000] {logging_mixin.py:190} INFO - [2024-12-24T19:08:53.216+0000] {dag.py:4180} INFO - Setting next_dagrun for dataset_s3_bucket_producer to None, run_after=None
[2024-12-24T19:08:53.324+0000] {processor.py:208} INFO - Processing /home/airflow/.local/lib/python3.12/site-packages/airflow/example_dags/example_dataset_alias.py took 1.871 seconds
