[2024-12-24T18:50:27.377+0000] {processor.py:186} INFO - Started process (PID=78) to work on /home/airflow/.local/lib/python3.12/site-packages/airflow/example_dags/example_subdag_operator.py
[2024-12-24T18:50:27.379+0000] {processor.py:914} INFO - Processing file /home/airflow/.local/lib/python3.12/site-packages/airflow/example_dags/example_subdag_operator.py for tasks to queue
[2024-12-24T18:50:27.383+0000] {logging_mixin.py:190} INFO - [2024-12-24T18:50:27.382+0000] {dagbag.py:588} INFO - Filling up the DagBag from /home/airflow/.local/lib/python3.12/site-packages/airflow/example_dags/example_subdag_operator.py
[2024-12-24T18:50:27.418+0000] {processor.py:925} INFO - DAG(s) 'example_subdag_operator.section-1', 'example_subdag_operator.section-2', 'example_subdag_operator' retrieved from /home/airflow/.local/lib/python3.12/site-packages/airflow/example_dags/example_subdag_operator.py
[2024-12-24T18:50:27.444+0000] {logging_mixin.py:190} INFO - [2024-12-24T18:50:27.444+0000] {dag.py:3239} INFO - Sync 3 DAGs
[2024-12-24T18:50:27.471+0000] {logging_mixin.py:190} INFO - [2024-12-24T18:50:27.471+0000] {dag.py:4180} INFO - Setting next_dagrun for example_subdag_operator to 2022-01-01 00:00:00+00:00, run_after=2022-01-01 00:00:00+00:00
[2024-12-24T18:50:27.476+0000] {logging_mixin.py:190} INFO - [2024-12-24T18:50:27.475+0000] {dag.py:4180} INFO - Setting next_dagrun for example_subdag_operator.section-1 to None, run_after=None
[2024-12-24T18:50:27.478+0000] {logging_mixin.py:190} INFO - [2024-12-24T18:50:27.478+0000] {dag.py:4180} INFO - Setting next_dagrun for example_subdag_operator.section-2 to None, run_after=None
[2024-12-24T18:50:27.487+0000] {logging_mixin.py:190} INFO - [2024-12-24T18:50:27.486+0000] {dag.py:3239} INFO - Sync 2 DAGs
[2024-12-24T18:50:27.494+0000] {logging_mixin.py:190} INFO - [2024-12-24T18:50:27.494+0000] {dag.py:4180} INFO - Setting next_dagrun for example_subdag_operator.section-1 to None, run_after=None
[2024-12-24T18:50:27.495+0000] {logging_mixin.py:190} INFO - [2024-12-24T18:50:27.495+0000] {dag.py:4180} INFO - Setting next_dagrun for example_subdag_operator.section-2 to None, run_after=None
[2024-12-24T18:50:27.512+0000] {processor.py:208} INFO - Processing /home/airflow/.local/lib/python3.12/site-packages/airflow/example_dags/example_subdag_operator.py took 0.142 seconds
[2024-12-24T18:50:57.585+0000] {processor.py:186} INFO - Started process (PID=140) to work on /home/airflow/.local/lib/python3.12/site-packages/airflow/example_dags/example_subdag_operator.py
[2024-12-24T18:50:57.587+0000] {processor.py:914} INFO - Processing file /home/airflow/.local/lib/python3.12/site-packages/airflow/example_dags/example_subdag_operator.py for tasks to queue
[2024-12-24T18:50:57.589+0000] {logging_mixin.py:190} INFO - [2024-12-24T18:50:57.589+0000] {dagbag.py:588} INFO - Filling up the DagBag from /home/airflow/.local/lib/python3.12/site-packages/airflow/example_dags/example_subdag_operator.py
[2024-12-24T18:50:57.622+0000] {processor.py:925} INFO - DAG(s) 'example_subdag_operator.section-1', 'example_subdag_operator.section-2', 'example_subdag_operator' retrieved from /home/airflow/.local/lib/python3.12/site-packages/airflow/example_dags/example_subdag_operator.py
[2024-12-24T18:50:57.639+0000] {logging_mixin.py:190} INFO - [2024-12-24T18:50:57.639+0000] {dag.py:3239} INFO - Sync 3 DAGs
[2024-12-24T18:50:57.667+0000] {logging_mixin.py:190} INFO - [2024-12-24T18:50:57.666+0000] {dag.py:4180} INFO - Setting next_dagrun for example_subdag_operator to 2022-01-01 00:00:00+00:00, run_after=2022-01-01 00:00:00+00:00
[2024-12-24T18:50:57.672+0000] {logging_mixin.py:190} INFO - [2024-12-24T18:50:57.672+0000] {dag.py:4180} INFO - Setting next_dagrun for example_subdag_operator.section-1 to None, run_after=None
[2024-12-24T18:50:57.674+0000] {logging_mixin.py:190} INFO - [2024-12-24T18:50:57.674+0000] {dag.py:4180} INFO - Setting next_dagrun for example_subdag_operator.section-2 to None, run_after=None
[2024-12-24T18:50:57.684+0000] {logging_mixin.py:190} INFO - [2024-12-24T18:50:57.684+0000] {dag.py:3239} INFO - Sync 2 DAGs
[2024-12-24T18:50:57.692+0000] {logging_mixin.py:190} INFO - [2024-12-24T18:50:57.691+0000] {dag.py:4180} INFO - Setting next_dagrun for example_subdag_operator.section-1 to None, run_after=None
[2024-12-24T18:50:57.693+0000] {logging_mixin.py:190} INFO - [2024-12-24T18:50:57.693+0000] {dag.py:4180} INFO - Setting next_dagrun for example_subdag_operator.section-2 to None, run_after=None
[2024-12-24T18:50:57.710+0000] {processor.py:208} INFO - Processing /home/airflow/.local/lib/python3.12/site-packages/airflow/example_dags/example_subdag_operator.py took 0.131 seconds
[2024-12-24T18:51:28.159+0000] {processor.py:186} INFO - Started process (PID=203) to work on /home/airflow/.local/lib/python3.12/site-packages/airflow/example_dags/example_subdag_operator.py
[2024-12-24T18:51:28.161+0000] {processor.py:914} INFO - Processing file /home/airflow/.local/lib/python3.12/site-packages/airflow/example_dags/example_subdag_operator.py for tasks to queue
[2024-12-24T18:51:28.166+0000] {logging_mixin.py:190} INFO - [2024-12-24T18:51:28.165+0000] {dagbag.py:588} INFO - Filling up the DagBag from /home/airflow/.local/lib/python3.12/site-packages/airflow/example_dags/example_subdag_operator.py
[2024-12-24T18:51:28.206+0000] {processor.py:925} INFO - DAG(s) 'example_subdag_operator.section-1', 'example_subdag_operator.section-2', 'example_subdag_operator' retrieved from /home/airflow/.local/lib/python3.12/site-packages/airflow/example_dags/example_subdag_operator.py
[2024-12-24T18:51:28.225+0000] {logging_mixin.py:190} INFO - [2024-12-24T18:51:28.225+0000] {dag.py:3239} INFO - Sync 3 DAGs
[2024-12-24T18:51:28.256+0000] {logging_mixin.py:190} INFO - [2024-12-24T18:51:28.255+0000] {dag.py:4180} INFO - Setting next_dagrun for example_subdag_operator to 2022-01-01 00:00:00+00:00, run_after=2022-01-01 00:00:00+00:00
[2024-12-24T18:51:28.261+0000] {logging_mixin.py:190} INFO - [2024-12-24T18:51:28.260+0000] {dag.py:4180} INFO - Setting next_dagrun for example_subdag_operator.section-1 to None, run_after=None
[2024-12-24T18:51:28.263+0000] {logging_mixin.py:190} INFO - [2024-12-24T18:51:28.263+0000] {dag.py:4180} INFO - Setting next_dagrun for example_subdag_operator.section-2 to None, run_after=None
[2024-12-24T18:51:28.273+0000] {logging_mixin.py:190} INFO - [2024-12-24T18:51:28.272+0000] {dag.py:3239} INFO - Sync 2 DAGs
[2024-12-24T18:51:28.280+0000] {logging_mixin.py:190} INFO - [2024-12-24T18:51:28.280+0000] {dag.py:4180} INFO - Setting next_dagrun for example_subdag_operator.section-1 to None, run_after=None
[2024-12-24T18:51:28.281+0000] {logging_mixin.py:190} INFO - [2024-12-24T18:51:28.281+0000] {dag.py:4180} INFO - Setting next_dagrun for example_subdag_operator.section-2 to None, run_after=None
[2024-12-24T18:51:28.298+0000] {processor.py:208} INFO - Processing /home/airflow/.local/lib/python3.12/site-packages/airflow/example_dags/example_subdag_operator.py took 0.146 seconds
[2024-12-24T18:51:58.775+0000] {processor.py:186} INFO - Started process (PID=268) to work on /home/airflow/.local/lib/python3.12/site-packages/airflow/example_dags/example_subdag_operator.py
[2024-12-24T18:51:58.777+0000] {processor.py:914} INFO - Processing file /home/airflow/.local/lib/python3.12/site-packages/airflow/example_dags/example_subdag_operator.py for tasks to queue
[2024-12-24T18:51:58.780+0000] {logging_mixin.py:190} INFO - [2024-12-24T18:51:58.779+0000] {dagbag.py:588} INFO - Filling up the DagBag from /home/airflow/.local/lib/python3.12/site-packages/airflow/example_dags/example_subdag_operator.py
[2024-12-24T18:51:58.810+0000] {processor.py:925} INFO - DAG(s) 'example_subdag_operator.section-1', 'example_subdag_operator.section-2', 'example_subdag_operator' retrieved from /home/airflow/.local/lib/python3.12/site-packages/airflow/example_dags/example_subdag_operator.py
[2024-12-24T18:51:58.826+0000] {logging_mixin.py:190} INFO - [2024-12-24T18:51:58.826+0000] {dag.py:3239} INFO - Sync 3 DAGs
[2024-12-24T18:51:58.852+0000] {logging_mixin.py:190} INFO - [2024-12-24T18:51:58.852+0000] {dag.py:4180} INFO - Setting next_dagrun for example_subdag_operator to 2022-01-01 00:00:00+00:00, run_after=2022-01-01 00:00:00+00:00
[2024-12-24T18:51:58.857+0000] {logging_mixin.py:190} INFO - [2024-12-24T18:51:58.857+0000] {dag.py:4180} INFO - Setting next_dagrun for example_subdag_operator.section-1 to None, run_after=None
[2024-12-24T18:51:58.860+0000] {logging_mixin.py:190} INFO - [2024-12-24T18:51:58.860+0000] {dag.py:4180} INFO - Setting next_dagrun for example_subdag_operator.section-2 to None, run_after=None
[2024-12-24T18:51:58.870+0000] {logging_mixin.py:190} INFO - [2024-12-24T18:51:58.870+0000] {dag.py:3239} INFO - Sync 2 DAGs
[2024-12-24T18:51:58.880+0000] {logging_mixin.py:190} INFO - [2024-12-24T18:51:58.879+0000] {dag.py:4180} INFO - Setting next_dagrun for example_subdag_operator.section-1 to None, run_after=None
[2024-12-24T18:51:58.881+0000] {logging_mixin.py:190} INFO - [2024-12-24T18:51:58.880+0000] {dag.py:4180} INFO - Setting next_dagrun for example_subdag_operator.section-2 to None, run_after=None
[2024-12-24T18:51:58.898+0000] {processor.py:208} INFO - Processing /home/airflow/.local/lib/python3.12/site-packages/airflow/example_dags/example_subdag_operator.py took 0.129 seconds
[2024-12-24T18:52:29.432+0000] {processor.py:186} INFO - Started process (PID=331) to work on /home/airflow/.local/lib/python3.12/site-packages/airflow/example_dags/example_subdag_operator.py
[2024-12-24T18:52:29.435+0000] {processor.py:914} INFO - Processing file /home/airflow/.local/lib/python3.12/site-packages/airflow/example_dags/example_subdag_operator.py for tasks to queue
[2024-12-24T18:52:29.439+0000] {logging_mixin.py:190} INFO - [2024-12-24T18:52:29.438+0000] {dagbag.py:588} INFO - Filling up the DagBag from /home/airflow/.local/lib/python3.12/site-packages/airflow/example_dags/example_subdag_operator.py
[2024-12-24T18:52:29.475+0000] {processor.py:925} INFO - DAG(s) 'example_subdag_operator.section-1', 'example_subdag_operator.section-2', 'example_subdag_operator' retrieved from /home/airflow/.local/lib/python3.12/site-packages/airflow/example_dags/example_subdag_operator.py
[2024-12-24T18:52:29.494+0000] {logging_mixin.py:190} INFO - [2024-12-24T18:52:29.494+0000] {dag.py:3239} INFO - Sync 3 DAGs
[2024-12-24T18:52:29.526+0000] {logging_mixin.py:190} INFO - [2024-12-24T18:52:29.526+0000] {dag.py:4180} INFO - Setting next_dagrun for example_subdag_operator to 2022-01-01 00:00:00+00:00, run_after=2022-01-01 00:00:00+00:00
[2024-12-24T18:52:29.532+0000] {logging_mixin.py:190} INFO - [2024-12-24T18:52:29.531+0000] {dag.py:4180} INFO - Setting next_dagrun for example_subdag_operator.section-1 to None, run_after=None
[2024-12-24T18:52:29.536+0000] {logging_mixin.py:190} INFO - [2024-12-24T18:52:29.536+0000] {dag.py:4180} INFO - Setting next_dagrun for example_subdag_operator.section-2 to None, run_after=None
[2024-12-24T18:52:29.549+0000] {logging_mixin.py:190} INFO - [2024-12-24T18:52:29.548+0000] {dag.py:3239} INFO - Sync 2 DAGs
[2024-12-24T18:52:29.559+0000] {logging_mixin.py:190} INFO - [2024-12-24T18:52:29.559+0000] {dag.py:4180} INFO - Setting next_dagrun for example_subdag_operator.section-1 to None, run_after=None
[2024-12-24T18:52:29.560+0000] {logging_mixin.py:190} INFO - [2024-12-24T18:52:29.560+0000] {dag.py:4180} INFO - Setting next_dagrun for example_subdag_operator.section-2 to None, run_after=None
[2024-12-24T18:52:29.579+0000] {processor.py:208} INFO - Processing /home/airflow/.local/lib/python3.12/site-packages/airflow/example_dags/example_subdag_operator.py took 0.153 seconds
[2024-12-24T18:52:59.653+0000] {processor.py:186} INFO - Started process (PID=394) to work on /home/airflow/.local/lib/python3.12/site-packages/airflow/example_dags/example_subdag_operator.py
[2024-12-24T18:52:59.654+0000] {processor.py:914} INFO - Processing file /home/airflow/.local/lib/python3.12/site-packages/airflow/example_dags/example_subdag_operator.py for tasks to queue
[2024-12-24T18:52:59.657+0000] {logging_mixin.py:190} INFO - [2024-12-24T18:52:59.656+0000] {dagbag.py:588} INFO - Filling up the DagBag from /home/airflow/.local/lib/python3.12/site-packages/airflow/example_dags/example_subdag_operator.py
[2024-12-24T18:52:59.690+0000] {processor.py:925} INFO - DAG(s) 'example_subdag_operator.section-1', 'example_subdag_operator.section-2', 'example_subdag_operator' retrieved from /home/airflow/.local/lib/python3.12/site-packages/airflow/example_dags/example_subdag_operator.py
[2024-12-24T18:52:59.708+0000] {logging_mixin.py:190} INFO - [2024-12-24T18:52:59.708+0000] {dag.py:3239} INFO - Sync 3 DAGs
[2024-12-24T18:52:59.736+0000] {logging_mixin.py:190} INFO - [2024-12-24T18:52:59.735+0000] {dag.py:4180} INFO - Setting next_dagrun for example_subdag_operator to 2022-01-01 00:00:00+00:00, run_after=2022-01-01 00:00:00+00:00
[2024-12-24T18:52:59.741+0000] {logging_mixin.py:190} INFO - [2024-12-24T18:52:59.740+0000] {dag.py:4180} INFO - Setting next_dagrun for example_subdag_operator.section-1 to None, run_after=None
[2024-12-24T18:52:59.743+0000] {logging_mixin.py:190} INFO - [2024-12-24T18:52:59.742+0000] {dag.py:4180} INFO - Setting next_dagrun for example_subdag_operator.section-2 to None, run_after=None
[2024-12-24T18:52:59.752+0000] {logging_mixin.py:190} INFO - [2024-12-24T18:52:59.751+0000] {dag.py:3239} INFO - Sync 2 DAGs
[2024-12-24T18:52:59.759+0000] {logging_mixin.py:190} INFO - [2024-12-24T18:52:59.759+0000] {dag.py:4180} INFO - Setting next_dagrun for example_subdag_operator.section-1 to None, run_after=None
[2024-12-24T18:52:59.760+0000] {logging_mixin.py:190} INFO - [2024-12-24T18:52:59.760+0000] {dag.py:4180} INFO - Setting next_dagrun for example_subdag_operator.section-2 to None, run_after=None
[2024-12-24T18:52:59.776+0000] {processor.py:208} INFO - Processing /home/airflow/.local/lib/python3.12/site-packages/airflow/example_dags/example_subdag_operator.py took 0.129 seconds
[2024-12-24T18:53:30.410+0000] {processor.py:186} INFO - Started process (PID=457) to work on /home/airflow/.local/lib/python3.12/site-packages/airflow/example_dags/example_subdag_operator.py
[2024-12-24T18:53:30.411+0000] {processor.py:914} INFO - Processing file /home/airflow/.local/lib/python3.12/site-packages/airflow/example_dags/example_subdag_operator.py for tasks to queue
[2024-12-24T18:53:30.414+0000] {logging_mixin.py:190} INFO - [2024-12-24T18:53:30.414+0000] {dagbag.py:588} INFO - Filling up the DagBag from /home/airflow/.local/lib/python3.12/site-packages/airflow/example_dags/example_subdag_operator.py
[2024-12-24T18:53:30.445+0000] {processor.py:925} INFO - DAG(s) 'example_subdag_operator.section-1', 'example_subdag_operator.section-2', 'example_subdag_operator' retrieved from /home/airflow/.local/lib/python3.12/site-packages/airflow/example_dags/example_subdag_operator.py
[2024-12-24T18:53:30.462+0000] {logging_mixin.py:190} INFO - [2024-12-24T18:53:30.462+0000] {dag.py:3239} INFO - Sync 3 DAGs
[2024-12-24T18:53:30.489+0000] {logging_mixin.py:190} INFO - [2024-12-24T18:53:30.489+0000] {dag.py:4180} INFO - Setting next_dagrun for example_subdag_operator to 2022-01-01 00:00:00+00:00, run_after=2022-01-01 00:00:00+00:00
[2024-12-24T18:53:30.494+0000] {logging_mixin.py:190} INFO - [2024-12-24T18:53:30.494+0000] {dag.py:4180} INFO - Setting next_dagrun for example_subdag_operator.section-1 to None, run_after=None
[2024-12-24T18:53:30.497+0000] {logging_mixin.py:190} INFO - [2024-12-24T18:53:30.496+0000] {dag.py:4180} INFO - Setting next_dagrun for example_subdag_operator.section-2 to None, run_after=None
[2024-12-24T18:53:30.506+0000] {logging_mixin.py:190} INFO - [2024-12-24T18:53:30.505+0000] {dag.py:3239} INFO - Sync 2 DAGs
[2024-12-24T18:53:30.514+0000] {logging_mixin.py:190} INFO - [2024-12-24T18:53:30.514+0000] {dag.py:4180} INFO - Setting next_dagrun for example_subdag_operator.section-1 to None, run_after=None
[2024-12-24T18:53:30.515+0000] {logging_mixin.py:190} INFO - [2024-12-24T18:53:30.514+0000] {dag.py:4180} INFO - Setting next_dagrun for example_subdag_operator.section-2 to None, run_after=None
[2024-12-24T18:53:30.531+0000] {processor.py:208} INFO - Processing /home/airflow/.local/lib/python3.12/site-packages/airflow/example_dags/example_subdag_operator.py took 0.127 seconds
[2024-12-24T18:54:01.355+0000] {processor.py:186} INFO - Started process (PID=520) to work on /home/airflow/.local/lib/python3.12/site-packages/airflow/example_dags/example_subdag_operator.py
[2024-12-24T18:54:01.358+0000] {processor.py:914} INFO - Processing file /home/airflow/.local/lib/python3.12/site-packages/airflow/example_dags/example_subdag_operator.py for tasks to queue
[2024-12-24T18:54:01.363+0000] {logging_mixin.py:190} INFO - [2024-12-24T18:54:01.362+0000] {dagbag.py:588} INFO - Filling up the DagBag from /home/airflow/.local/lib/python3.12/site-packages/airflow/example_dags/example_subdag_operator.py
[2024-12-24T18:54:01.402+0000] {processor.py:925} INFO - DAG(s) 'example_subdag_operator.section-1', 'example_subdag_operator.section-2', 'example_subdag_operator' retrieved from /home/airflow/.local/lib/python3.12/site-packages/airflow/example_dags/example_subdag_operator.py
[2024-12-24T18:54:01.420+0000] {logging_mixin.py:190} INFO - [2024-12-24T18:54:01.419+0000] {dag.py:3239} INFO - Sync 3 DAGs
[2024-12-24T18:54:01.451+0000] {logging_mixin.py:190} INFO - [2024-12-24T18:54:01.450+0000] {dag.py:4180} INFO - Setting next_dagrun for example_subdag_operator to 2022-01-01 00:00:00+00:00, run_after=2022-01-01 00:00:00+00:00
[2024-12-24T18:54:01.456+0000] {logging_mixin.py:190} INFO - [2024-12-24T18:54:01.455+0000] {dag.py:4180} INFO - Setting next_dagrun for example_subdag_operator.section-1 to None, run_after=None
[2024-12-24T18:54:01.458+0000] {logging_mixin.py:190} INFO - [2024-12-24T18:54:01.458+0000] {dag.py:4180} INFO - Setting next_dagrun for example_subdag_operator.section-2 to None, run_after=None
[2024-12-24T18:54:01.469+0000] {logging_mixin.py:190} INFO - [2024-12-24T18:54:01.468+0000] {dag.py:3239} INFO - Sync 2 DAGs
[2024-12-24T18:54:01.477+0000] {logging_mixin.py:190} INFO - [2024-12-24T18:54:01.477+0000] {dag.py:4180} INFO - Setting next_dagrun for example_subdag_operator.section-1 to None, run_after=None
[2024-12-24T18:54:01.478+0000] {logging_mixin.py:190} INFO - [2024-12-24T18:54:01.478+0000] {dag.py:4180} INFO - Setting next_dagrun for example_subdag_operator.section-2 to None, run_after=None
[2024-12-24T18:54:01.496+0000] {processor.py:208} INFO - Processing /home/airflow/.local/lib/python3.12/site-packages/airflow/example_dags/example_subdag_operator.py took 0.148 seconds
[2024-12-24T18:54:32.278+0000] {processor.py:186} INFO - Started process (PID=583) to work on /home/airflow/.local/lib/python3.12/site-packages/airflow/example_dags/example_subdag_operator.py
[2024-12-24T18:54:32.279+0000] {processor.py:914} INFO - Processing file /home/airflow/.local/lib/python3.12/site-packages/airflow/example_dags/example_subdag_operator.py for tasks to queue
[2024-12-24T18:54:32.283+0000] {logging_mixin.py:190} INFO - [2024-12-24T18:54:32.282+0000] {dagbag.py:588} INFO - Filling up the DagBag from /home/airflow/.local/lib/python3.12/site-packages/airflow/example_dags/example_subdag_operator.py
[2024-12-24T18:54:32.318+0000] {processor.py:925} INFO - DAG(s) 'example_subdag_operator.section-1', 'example_subdag_operator.section-2', 'example_subdag_operator' retrieved from /home/airflow/.local/lib/python3.12/site-packages/airflow/example_dags/example_subdag_operator.py
[2024-12-24T18:54:32.337+0000] {logging_mixin.py:190} INFO - [2024-12-24T18:54:32.337+0000] {dag.py:3239} INFO - Sync 3 DAGs
[2024-12-24T18:54:32.368+0000] {logging_mixin.py:190} INFO - [2024-12-24T18:54:32.367+0000] {dag.py:4180} INFO - Setting next_dagrun for example_subdag_operator to 2022-01-01 00:00:00+00:00, run_after=2022-01-01 00:00:00+00:00
[2024-12-24T18:54:32.373+0000] {logging_mixin.py:190} INFO - [2024-12-24T18:54:32.373+0000] {dag.py:4180} INFO - Setting next_dagrun for example_subdag_operator.section-1 to None, run_after=None
[2024-12-24T18:54:32.376+0000] {logging_mixin.py:190} INFO - [2024-12-24T18:54:32.375+0000] {dag.py:4180} INFO - Setting next_dagrun for example_subdag_operator.section-2 to None, run_after=None
[2024-12-24T18:54:32.386+0000] {logging_mixin.py:190} INFO - [2024-12-24T18:54:32.385+0000] {dag.py:3239} INFO - Sync 2 DAGs
[2024-12-24T18:54:32.394+0000] {logging_mixin.py:190} INFO - [2024-12-24T18:54:32.394+0000] {dag.py:4180} INFO - Setting next_dagrun for example_subdag_operator.section-1 to None, run_after=None
[2024-12-24T18:54:32.395+0000] {logging_mixin.py:190} INFO - [2024-12-24T18:54:32.395+0000] {dag.py:4180} INFO - Setting next_dagrun for example_subdag_operator.section-2 to None, run_after=None
[2024-12-24T18:54:32.416+0000] {processor.py:208} INFO - Processing /home/airflow/.local/lib/python3.12/site-packages/airflow/example_dags/example_subdag_operator.py took 0.144 seconds
[2024-12-24T18:55:02.574+0000] {processor.py:186} INFO - Started process (PID=646) to work on /home/airflow/.local/lib/python3.12/site-packages/airflow/example_dags/example_subdag_operator.py
[2024-12-24T18:55:02.575+0000] {processor.py:914} INFO - Processing file /home/airflow/.local/lib/python3.12/site-packages/airflow/example_dags/example_subdag_operator.py for tasks to queue
[2024-12-24T18:55:02.578+0000] {logging_mixin.py:190} INFO - [2024-12-24T18:55:02.578+0000] {dagbag.py:588} INFO - Filling up the DagBag from /home/airflow/.local/lib/python3.12/site-packages/airflow/example_dags/example_subdag_operator.py
[2024-12-24T18:55:02.611+0000] {processor.py:925} INFO - DAG(s) 'example_subdag_operator.section-1', 'example_subdag_operator.section-2', 'example_subdag_operator' retrieved from /home/airflow/.local/lib/python3.12/site-packages/airflow/example_dags/example_subdag_operator.py
[2024-12-24T18:55:02.629+0000] {logging_mixin.py:190} INFO - [2024-12-24T18:55:02.628+0000] {dag.py:3239} INFO - Sync 3 DAGs
[2024-12-24T18:55:02.658+0000] {logging_mixin.py:190} INFO - [2024-12-24T18:55:02.657+0000] {dag.py:4180} INFO - Setting next_dagrun for example_subdag_operator to 2022-01-01 00:00:00+00:00, run_after=2022-01-01 00:00:00+00:00
[2024-12-24T18:55:02.663+0000] {logging_mixin.py:190} INFO - [2024-12-24T18:55:02.662+0000] {dag.py:4180} INFO - Setting next_dagrun for example_subdag_operator.section-1 to None, run_after=None
[2024-12-24T18:55:02.665+0000] {logging_mixin.py:190} INFO - [2024-12-24T18:55:02.665+0000] {dag.py:4180} INFO - Setting next_dagrun for example_subdag_operator.section-2 to None, run_after=None
[2024-12-24T18:55:02.675+0000] {logging_mixin.py:190} INFO - [2024-12-24T18:55:02.675+0000] {dag.py:3239} INFO - Sync 2 DAGs
[2024-12-24T18:55:02.683+0000] {logging_mixin.py:190} INFO - [2024-12-24T18:55:02.683+0000] {dag.py:4180} INFO - Setting next_dagrun for example_subdag_operator.section-1 to None, run_after=None
[2024-12-24T18:55:02.684+0000] {logging_mixin.py:190} INFO - [2024-12-24T18:55:02.684+0000] {dag.py:4180} INFO - Setting next_dagrun for example_subdag_operator.section-2 to None, run_after=None
[2024-12-24T18:55:02.705+0000] {processor.py:208} INFO - Processing /home/airflow/.local/lib/python3.12/site-packages/airflow/example_dags/example_subdag_operator.py took 0.139 seconds
[2024-12-24T18:55:33.185+0000] {processor.py:186} INFO - Started process (PID=709) to work on /home/airflow/.local/lib/python3.12/site-packages/airflow/example_dags/example_subdag_operator.py
[2024-12-24T18:55:33.186+0000] {processor.py:914} INFO - Processing file /home/airflow/.local/lib/python3.12/site-packages/airflow/example_dags/example_subdag_operator.py for tasks to queue
[2024-12-24T18:55:33.189+0000] {logging_mixin.py:190} INFO - [2024-12-24T18:55:33.189+0000] {dagbag.py:588} INFO - Filling up the DagBag from /home/airflow/.local/lib/python3.12/site-packages/airflow/example_dags/example_subdag_operator.py
[2024-12-24T18:55:33.218+0000] {processor.py:925} INFO - DAG(s) 'example_subdag_operator.section-1', 'example_subdag_operator.section-2', 'example_subdag_operator' retrieved from /home/airflow/.local/lib/python3.12/site-packages/airflow/example_dags/example_subdag_operator.py
[2024-12-24T18:55:33.234+0000] {logging_mixin.py:190} INFO - [2024-12-24T18:55:33.233+0000] {dag.py:3239} INFO - Sync 3 DAGs
[2024-12-24T18:55:33.258+0000] {logging_mixin.py:190} INFO - [2024-12-24T18:55:33.258+0000] {dag.py:4180} INFO - Setting next_dagrun for example_subdag_operator to 2022-01-01 00:00:00+00:00, run_after=2022-01-01 00:00:00+00:00
[2024-12-24T18:55:33.263+0000] {logging_mixin.py:190} INFO - [2024-12-24T18:55:33.262+0000] {dag.py:4180} INFO - Setting next_dagrun for example_subdag_operator.section-1 to None, run_after=None
[2024-12-24T18:55:33.266+0000] {logging_mixin.py:190} INFO - [2024-12-24T18:55:33.266+0000] {dag.py:4180} INFO - Setting next_dagrun for example_subdag_operator.section-2 to None, run_after=None
[2024-12-24T18:55:33.276+0000] {logging_mixin.py:190} INFO - [2024-12-24T18:55:33.275+0000] {dag.py:3239} INFO - Sync 2 DAGs
[2024-12-24T18:55:33.283+0000] {logging_mixin.py:190} INFO - [2024-12-24T18:55:33.283+0000] {dag.py:4180} INFO - Setting next_dagrun for example_subdag_operator.section-1 to None, run_after=None
[2024-12-24T18:55:33.284+0000] {logging_mixin.py:190} INFO - [2024-12-24T18:55:33.284+0000] {dag.py:4180} INFO - Setting next_dagrun for example_subdag_operator.section-2 to None, run_after=None
[2024-12-24T18:55:33.304+0000] {processor.py:208} INFO - Processing /home/airflow/.local/lib/python3.12/site-packages/airflow/example_dags/example_subdag_operator.py took 0.125 seconds
[2024-12-24T18:56:04.130+0000] {processor.py:186} INFO - Started process (PID=772) to work on /home/airflow/.local/lib/python3.12/site-packages/airflow/example_dags/example_subdag_operator.py
[2024-12-24T18:56:04.131+0000] {processor.py:914} INFO - Processing file /home/airflow/.local/lib/python3.12/site-packages/airflow/example_dags/example_subdag_operator.py for tasks to queue
[2024-12-24T18:56:04.133+0000] {logging_mixin.py:190} INFO - [2024-12-24T18:56:04.133+0000] {dagbag.py:588} INFO - Filling up the DagBag from /home/airflow/.local/lib/python3.12/site-packages/airflow/example_dags/example_subdag_operator.py
[2024-12-24T18:56:04.162+0000] {processor.py:925} INFO - DAG(s) 'example_subdag_operator.section-1', 'example_subdag_operator.section-2', 'example_subdag_operator' retrieved from /home/airflow/.local/lib/python3.12/site-packages/airflow/example_dags/example_subdag_operator.py
[2024-12-24T18:56:04.178+0000] {logging_mixin.py:190} INFO - [2024-12-24T18:56:04.178+0000] {dag.py:3239} INFO - Sync 3 DAGs
[2024-12-24T18:56:04.204+0000] {logging_mixin.py:190} INFO - [2024-12-24T18:56:04.203+0000] {dag.py:4180} INFO - Setting next_dagrun for example_subdag_operator to 2022-01-01 00:00:00+00:00, run_after=2022-01-01 00:00:00+00:00
[2024-12-24T18:56:04.208+0000] {logging_mixin.py:190} INFO - [2024-12-24T18:56:04.208+0000] {dag.py:4180} INFO - Setting next_dagrun for example_subdag_operator.section-1 to None, run_after=None
[2024-12-24T18:56:04.210+0000] {logging_mixin.py:190} INFO - [2024-12-24T18:56:04.210+0000] {dag.py:4180} INFO - Setting next_dagrun for example_subdag_operator.section-2 to None, run_after=None
[2024-12-24T18:56:04.219+0000] {logging_mixin.py:190} INFO - [2024-12-24T18:56:04.218+0000] {dag.py:3239} INFO - Sync 2 DAGs
[2024-12-24T18:56:04.226+0000] {logging_mixin.py:190} INFO - [2024-12-24T18:56:04.226+0000] {dag.py:4180} INFO - Setting next_dagrun for example_subdag_operator.section-1 to None, run_after=None
[2024-12-24T18:56:04.227+0000] {logging_mixin.py:190} INFO - [2024-12-24T18:56:04.227+0000] {dag.py:4180} INFO - Setting next_dagrun for example_subdag_operator.section-2 to None, run_after=None
[2024-12-24T18:56:04.244+0000] {processor.py:208} INFO - Processing /home/airflow/.local/lib/python3.12/site-packages/airflow/example_dags/example_subdag_operator.py took 0.120 seconds
[2024-12-24T18:56:35.123+0000] {processor.py:186} INFO - Started process (PID=835) to work on /home/airflow/.local/lib/python3.12/site-packages/airflow/example_dags/example_subdag_operator.py
[2024-12-24T18:56:35.124+0000] {processor.py:914} INFO - Processing file /home/airflow/.local/lib/python3.12/site-packages/airflow/example_dags/example_subdag_operator.py for tasks to queue
[2024-12-24T18:56:35.127+0000] {logging_mixin.py:190} INFO - [2024-12-24T18:56:35.127+0000] {dagbag.py:588} INFO - Filling up the DagBag from /home/airflow/.local/lib/python3.12/site-packages/airflow/example_dags/example_subdag_operator.py
[2024-12-24T18:56:35.159+0000] {processor.py:925} INFO - DAG(s) 'example_subdag_operator.section-1', 'example_subdag_operator.section-2', 'example_subdag_operator' retrieved from /home/airflow/.local/lib/python3.12/site-packages/airflow/example_dags/example_subdag_operator.py
[2024-12-24T18:56:35.178+0000] {logging_mixin.py:190} INFO - [2024-12-24T18:56:35.177+0000] {dag.py:3239} INFO - Sync 3 DAGs
[2024-12-24T18:56:35.208+0000] {logging_mixin.py:190} INFO - [2024-12-24T18:56:35.207+0000] {dag.py:4180} INFO - Setting next_dagrun for example_subdag_operator to 2022-01-01 00:00:00+00:00, run_after=2022-01-01 00:00:00+00:00
[2024-12-24T18:56:35.213+0000] {logging_mixin.py:190} INFO - [2024-12-24T18:56:35.213+0000] {dag.py:4180} INFO - Setting next_dagrun for example_subdag_operator.section-1 to None, run_after=None
[2024-12-24T18:56:35.216+0000] {logging_mixin.py:190} INFO - [2024-12-24T18:56:35.216+0000] {dag.py:4180} INFO - Setting next_dagrun for example_subdag_operator.section-2 to None, run_after=None
[2024-12-24T18:56:35.228+0000] {logging_mixin.py:190} INFO - [2024-12-24T18:56:35.228+0000] {dag.py:3239} INFO - Sync 2 DAGs
[2024-12-24T18:56:35.238+0000] {logging_mixin.py:190} INFO - [2024-12-24T18:56:35.237+0000] {dag.py:4180} INFO - Setting next_dagrun for example_subdag_operator.section-1 to None, run_after=None
[2024-12-24T18:56:35.239+0000] {logging_mixin.py:190} INFO - [2024-12-24T18:56:35.238+0000] {dag.py:4180} INFO - Setting next_dagrun for example_subdag_operator.section-2 to None, run_after=None
[2024-12-24T18:56:35.258+0000] {processor.py:208} INFO - Processing /home/airflow/.local/lib/python3.12/site-packages/airflow/example_dags/example_subdag_operator.py took 0.141 seconds
[2024-12-24T18:57:05.660+0000] {processor.py:186} INFO - Started process (PID=898) to work on /home/airflow/.local/lib/python3.12/site-packages/airflow/example_dags/example_subdag_operator.py
[2024-12-24T18:57:05.662+0000] {processor.py:914} INFO - Processing file /home/airflow/.local/lib/python3.12/site-packages/airflow/example_dags/example_subdag_operator.py for tasks to queue
[2024-12-24T18:57:05.664+0000] {logging_mixin.py:190} INFO - [2024-12-24T18:57:05.664+0000] {dagbag.py:588} INFO - Filling up the DagBag from /home/airflow/.local/lib/python3.12/site-packages/airflow/example_dags/example_subdag_operator.py
[2024-12-24T18:57:05.693+0000] {processor.py:925} INFO - DAG(s) 'example_subdag_operator.section-1', 'example_subdag_operator.section-2', 'example_subdag_operator' retrieved from /home/airflow/.local/lib/python3.12/site-packages/airflow/example_dags/example_subdag_operator.py
[2024-12-24T18:57:05.710+0000] {logging_mixin.py:190} INFO - [2024-12-24T18:57:05.709+0000] {dag.py:3239} INFO - Sync 3 DAGs
[2024-12-24T18:57:05.734+0000] {logging_mixin.py:190} INFO - [2024-12-24T18:57:05.734+0000] {dag.py:4180} INFO - Setting next_dagrun for example_subdag_operator to 2022-01-01 00:00:00+00:00, run_after=2022-01-01 00:00:00+00:00
[2024-12-24T18:57:05.739+0000] {logging_mixin.py:190} INFO - [2024-12-24T18:57:05.739+0000] {dag.py:4180} INFO - Setting next_dagrun for example_subdag_operator.section-1 to None, run_after=None
[2024-12-24T18:57:05.741+0000] {logging_mixin.py:190} INFO - [2024-12-24T18:57:05.741+0000] {dag.py:4180} INFO - Setting next_dagrun for example_subdag_operator.section-2 to None, run_after=None
[2024-12-24T18:57:05.750+0000] {logging_mixin.py:190} INFO - [2024-12-24T18:57:05.750+0000] {dag.py:3239} INFO - Sync 2 DAGs
[2024-12-24T18:57:05.758+0000] {logging_mixin.py:190} INFO - [2024-12-24T18:57:05.757+0000] {dag.py:4180} INFO - Setting next_dagrun for example_subdag_operator.section-1 to None, run_after=None
[2024-12-24T18:57:05.758+0000] {logging_mixin.py:190} INFO - [2024-12-24T18:57:05.758+0000] {dag.py:4180} INFO - Setting next_dagrun for example_subdag_operator.section-2 to None, run_after=None
[2024-12-24T18:57:05.776+0000] {processor.py:208} INFO - Processing /home/airflow/.local/lib/python3.12/site-packages/airflow/example_dags/example_subdag_operator.py took 0.121 seconds
[2024-12-24T18:57:36.033+0000] {processor.py:186} INFO - Started process (PID=961) to work on /home/airflow/.local/lib/python3.12/site-packages/airflow/example_dags/example_subdag_operator.py
[2024-12-24T18:57:36.035+0000] {processor.py:914} INFO - Processing file /home/airflow/.local/lib/python3.12/site-packages/airflow/example_dags/example_subdag_operator.py for tasks to queue
[2024-12-24T18:57:36.037+0000] {logging_mixin.py:190} INFO - [2024-12-24T18:57:36.037+0000] {dagbag.py:588} INFO - Filling up the DagBag from /home/airflow/.local/lib/python3.12/site-packages/airflow/example_dags/example_subdag_operator.py
[2024-12-24T18:57:36.066+0000] {processor.py:925} INFO - DAG(s) 'example_subdag_operator.section-1', 'example_subdag_operator.section-2', 'example_subdag_operator' retrieved from /home/airflow/.local/lib/python3.12/site-packages/airflow/example_dags/example_subdag_operator.py
[2024-12-24T18:57:36.083+0000] {logging_mixin.py:190} INFO - [2024-12-24T18:57:36.083+0000] {dag.py:3239} INFO - Sync 3 DAGs
[2024-12-24T18:57:36.110+0000] {logging_mixin.py:190} INFO - [2024-12-24T18:57:36.110+0000] {dag.py:4180} INFO - Setting next_dagrun for example_subdag_operator to 2022-01-01 00:00:00+00:00, run_after=2022-01-01 00:00:00+00:00
[2024-12-24T18:57:36.116+0000] {logging_mixin.py:190} INFO - [2024-12-24T18:57:36.116+0000] {dag.py:4180} INFO - Setting next_dagrun for example_subdag_operator.section-1 to None, run_after=None
[2024-12-24T18:57:36.119+0000] {logging_mixin.py:190} INFO - [2024-12-24T18:57:36.118+0000] {dag.py:4180} INFO - Setting next_dagrun for example_subdag_operator.section-2 to None, run_after=None
[2024-12-24T18:57:36.128+0000] {logging_mixin.py:190} INFO - [2024-12-24T18:57:36.127+0000] {dag.py:3239} INFO - Sync 2 DAGs
[2024-12-24T18:57:36.138+0000] {logging_mixin.py:190} INFO - [2024-12-24T18:57:36.137+0000] {dag.py:4180} INFO - Setting next_dagrun for example_subdag_operator.section-1 to None, run_after=None
[2024-12-24T18:57:36.139+0000] {logging_mixin.py:190} INFO - [2024-12-24T18:57:36.138+0000] {dag.py:4180} INFO - Setting next_dagrun for example_subdag_operator.section-2 to None, run_after=None
[2024-12-24T18:57:36.156+0000] {processor.py:208} INFO - Processing /home/airflow/.local/lib/python3.12/site-packages/airflow/example_dags/example_subdag_operator.py took 0.129 seconds
[2024-12-24T18:58:06.873+0000] {processor.py:186} INFO - Started process (PID=1024) to work on /home/airflow/.local/lib/python3.12/site-packages/airflow/example_dags/example_subdag_operator.py
[2024-12-24T18:58:06.875+0000] {processor.py:914} INFO - Processing file /home/airflow/.local/lib/python3.12/site-packages/airflow/example_dags/example_subdag_operator.py for tasks to queue
[2024-12-24T18:58:06.878+0000] {logging_mixin.py:190} INFO - [2024-12-24T18:58:06.877+0000] {dagbag.py:588} INFO - Filling up the DagBag from /home/airflow/.local/lib/python3.12/site-packages/airflow/example_dags/example_subdag_operator.py
[2024-12-24T18:58:06.910+0000] {processor.py:925} INFO - DAG(s) 'example_subdag_operator.section-1', 'example_subdag_operator.section-2', 'example_subdag_operator' retrieved from /home/airflow/.local/lib/python3.12/site-packages/airflow/example_dags/example_subdag_operator.py
[2024-12-24T18:58:06.928+0000] {logging_mixin.py:190} INFO - [2024-12-24T18:58:06.928+0000] {dag.py:3239} INFO - Sync 3 DAGs
[2024-12-24T18:58:06.961+0000] {logging_mixin.py:190} INFO - [2024-12-24T18:58:06.960+0000] {dag.py:4180} INFO - Setting next_dagrun for example_subdag_operator to 2022-01-01 00:00:00+00:00, run_after=2022-01-01 00:00:00+00:00
[2024-12-24T18:58:06.966+0000] {logging_mixin.py:190} INFO - [2024-12-24T18:58:06.966+0000] {dag.py:4180} INFO - Setting next_dagrun for example_subdag_operator.section-1 to None, run_after=None
[2024-12-24T18:58:06.969+0000] {logging_mixin.py:190} INFO - [2024-12-24T18:58:06.969+0000] {dag.py:4180} INFO - Setting next_dagrun for example_subdag_operator.section-2 to None, run_after=None
[2024-12-24T18:58:06.985+0000] {logging_mixin.py:190} INFO - [2024-12-24T18:58:06.984+0000] {dag.py:3239} INFO - Sync 2 DAGs
[2024-12-24T18:58:06.994+0000] {logging_mixin.py:190} INFO - [2024-12-24T18:58:06.993+0000] {dag.py:4180} INFO - Setting next_dagrun for example_subdag_operator.section-1 to None, run_after=None
[2024-12-24T18:58:06.995+0000] {logging_mixin.py:190} INFO - [2024-12-24T18:58:06.995+0000] {dag.py:4180} INFO - Setting next_dagrun for example_subdag_operator.section-2 to None, run_after=None
[2024-12-24T18:58:07.015+0000] {processor.py:208} INFO - Processing /home/airflow/.local/lib/python3.12/site-packages/airflow/example_dags/example_subdag_operator.py took 0.149 seconds
[2024-12-24T18:58:37.261+0000] {processor.py:186} INFO - Started process (PID=1087) to work on /home/airflow/.local/lib/python3.12/site-packages/airflow/example_dags/example_subdag_operator.py
[2024-12-24T18:58:37.263+0000] {processor.py:914} INFO - Processing file /home/airflow/.local/lib/python3.12/site-packages/airflow/example_dags/example_subdag_operator.py for tasks to queue
[2024-12-24T18:58:37.266+0000] {logging_mixin.py:190} INFO - [2024-12-24T18:58:37.265+0000] {dagbag.py:588} INFO - Filling up the DagBag from /home/airflow/.local/lib/python3.12/site-packages/airflow/example_dags/example_subdag_operator.py
[2024-12-24T18:58:37.296+0000] {processor.py:925} INFO - DAG(s) 'example_subdag_operator.section-1', 'example_subdag_operator.section-2', 'example_subdag_operator' retrieved from /home/airflow/.local/lib/python3.12/site-packages/airflow/example_dags/example_subdag_operator.py
[2024-12-24T18:58:37.314+0000] {logging_mixin.py:190} INFO - [2024-12-24T18:58:37.313+0000] {dag.py:3239} INFO - Sync 3 DAGs
[2024-12-24T18:58:37.340+0000] {logging_mixin.py:190} INFO - [2024-12-24T18:58:37.340+0000] {dag.py:4180} INFO - Setting next_dagrun for example_subdag_operator to 2022-01-01 00:00:00+00:00, run_after=2022-01-01 00:00:00+00:00
[2024-12-24T18:58:37.345+0000] {logging_mixin.py:190} INFO - [2024-12-24T18:58:37.344+0000] {dag.py:4180} INFO - Setting next_dagrun for example_subdag_operator.section-1 to None, run_after=None
[2024-12-24T18:58:37.347+0000] {logging_mixin.py:190} INFO - [2024-12-24T18:58:37.347+0000] {dag.py:4180} INFO - Setting next_dagrun for example_subdag_operator.section-2 to None, run_after=None
[2024-12-24T18:58:37.358+0000] {logging_mixin.py:190} INFO - [2024-12-24T18:58:37.357+0000] {dag.py:3239} INFO - Sync 2 DAGs
[2024-12-24T18:58:37.365+0000] {logging_mixin.py:190} INFO - [2024-12-24T18:58:37.365+0000] {dag.py:4180} INFO - Setting next_dagrun for example_subdag_operator.section-1 to None, run_after=None
[2024-12-24T18:58:37.366+0000] {logging_mixin.py:190} INFO - [2024-12-24T18:58:37.366+0000] {dag.py:4180} INFO - Setting next_dagrun for example_subdag_operator.section-2 to None, run_after=None
[2024-12-24T18:58:37.383+0000] {processor.py:208} INFO - Processing /home/airflow/.local/lib/python3.12/site-packages/airflow/example_dags/example_subdag_operator.py took 0.128 seconds
[2024-12-24T18:59:07.477+0000] {processor.py:186} INFO - Started process (PID=1150) to work on /home/airflow/.local/lib/python3.12/site-packages/airflow/example_dags/example_subdag_operator.py
[2024-12-24T18:59:07.478+0000] {processor.py:914} INFO - Processing file /home/airflow/.local/lib/python3.12/site-packages/airflow/example_dags/example_subdag_operator.py for tasks to queue
[2024-12-24T18:59:07.481+0000] {logging_mixin.py:190} INFO - [2024-12-24T18:59:07.481+0000] {dagbag.py:588} INFO - Filling up the DagBag from /home/airflow/.local/lib/python3.12/site-packages/airflow/example_dags/example_subdag_operator.py
[2024-12-24T18:59:07.512+0000] {processor.py:925} INFO - DAG(s) 'example_subdag_operator.section-1', 'example_subdag_operator.section-2', 'example_subdag_operator' retrieved from /home/airflow/.local/lib/python3.12/site-packages/airflow/example_dags/example_subdag_operator.py
[2024-12-24T18:59:07.529+0000] {logging_mixin.py:190} INFO - [2024-12-24T18:59:07.529+0000] {dag.py:3239} INFO - Sync 3 DAGs
[2024-12-24T18:59:07.555+0000] {logging_mixin.py:190} INFO - [2024-12-24T18:59:07.555+0000] {dag.py:4180} INFO - Setting next_dagrun for example_subdag_operator to 2022-01-01 00:00:00+00:00, run_after=2022-01-01 00:00:00+00:00
[2024-12-24T18:59:07.560+0000] {logging_mixin.py:190} INFO - [2024-12-24T18:59:07.560+0000] {dag.py:4180} INFO - Setting next_dagrun for example_subdag_operator.section-1 to None, run_after=None
[2024-12-24T18:59:07.563+0000] {logging_mixin.py:190} INFO - [2024-12-24T18:59:07.562+0000] {dag.py:4180} INFO - Setting next_dagrun for example_subdag_operator.section-2 to None, run_after=None
[2024-12-24T18:59:07.572+0000] {logging_mixin.py:190} INFO - [2024-12-24T18:59:07.572+0000] {dag.py:3239} INFO - Sync 2 DAGs
[2024-12-24T18:59:07.580+0000] {logging_mixin.py:190} INFO - [2024-12-24T18:59:07.580+0000] {dag.py:4180} INFO - Setting next_dagrun for example_subdag_operator.section-1 to None, run_after=None
[2024-12-24T18:59:07.581+0000] {logging_mixin.py:190} INFO - [2024-12-24T18:59:07.581+0000] {dag.py:4180} INFO - Setting next_dagrun for example_subdag_operator.section-2 to None, run_after=None
[2024-12-24T18:59:07.598+0000] {processor.py:208} INFO - Processing /home/airflow/.local/lib/python3.12/site-packages/airflow/example_dags/example_subdag_operator.py took 0.127 seconds
[2024-12-24T18:59:37.865+0000] {processor.py:186} INFO - Started process (PID=1219) to work on /home/airflow/.local/lib/python3.12/site-packages/airflow/example_dags/example_subdag_operator.py
[2024-12-24T18:59:37.867+0000] {processor.py:914} INFO - Processing file /home/airflow/.local/lib/python3.12/site-packages/airflow/example_dags/example_subdag_operator.py for tasks to queue
[2024-12-24T18:59:37.870+0000] {logging_mixin.py:190} INFO - [2024-12-24T18:59:37.869+0000] {dagbag.py:588} INFO - Filling up the DagBag from /home/airflow/.local/lib/python3.12/site-packages/airflow/example_dags/example_subdag_operator.py
[2024-12-24T18:59:37.900+0000] {processor.py:925} INFO - DAG(s) 'example_subdag_operator.section-1', 'example_subdag_operator.section-2', 'example_subdag_operator' retrieved from /home/airflow/.local/lib/python3.12/site-packages/airflow/example_dags/example_subdag_operator.py
[2024-12-24T18:59:37.917+0000] {logging_mixin.py:190} INFO - [2024-12-24T18:59:37.917+0000] {dag.py:3239} INFO - Sync 3 DAGs
[2024-12-24T18:59:37.942+0000] {logging_mixin.py:190} INFO - [2024-12-24T18:59:37.942+0000] {dag.py:4180} INFO - Setting next_dagrun for example_subdag_operator to 2022-01-01 00:00:00+00:00, run_after=2022-01-01 00:00:00+00:00
[2024-12-24T18:59:37.947+0000] {logging_mixin.py:190} INFO - [2024-12-24T18:59:37.946+0000] {dag.py:4180} INFO - Setting next_dagrun for example_subdag_operator.section-1 to None, run_after=None
[2024-12-24T18:59:37.949+0000] {logging_mixin.py:190} INFO - [2024-12-24T18:59:37.949+0000] {dag.py:4180} INFO - Setting next_dagrun for example_subdag_operator.section-2 to None, run_after=None
[2024-12-24T18:59:37.958+0000] {logging_mixin.py:190} INFO - [2024-12-24T18:59:37.958+0000] {dag.py:3239} INFO - Sync 2 DAGs
[2024-12-24T18:59:37.967+0000] {logging_mixin.py:190} INFO - [2024-12-24T18:59:37.966+0000] {dag.py:4180} INFO - Setting next_dagrun for example_subdag_operator.section-1 to None, run_after=None
[2024-12-24T18:59:37.967+0000] {logging_mixin.py:190} INFO - [2024-12-24T18:59:37.967+0000] {dag.py:4180} INFO - Setting next_dagrun for example_subdag_operator.section-2 to None, run_after=None
[2024-12-24T18:59:37.985+0000] {processor.py:208} INFO - Processing /home/airflow/.local/lib/python3.12/site-packages/airflow/example_dags/example_subdag_operator.py took 0.127 seconds
[2024-12-24T19:00:08.327+0000] {processor.py:186} INFO - Started process (PID=1282) to work on /home/airflow/.local/lib/python3.12/site-packages/airflow/example_dags/example_subdag_operator.py
[2024-12-24T19:00:08.329+0000] {processor.py:914} INFO - Processing file /home/airflow/.local/lib/python3.12/site-packages/airflow/example_dags/example_subdag_operator.py for tasks to queue
[2024-12-24T19:00:08.332+0000] {logging_mixin.py:190} INFO - [2024-12-24T19:00:08.331+0000] {dagbag.py:588} INFO - Filling up the DagBag from /home/airflow/.local/lib/python3.12/site-packages/airflow/example_dags/example_subdag_operator.py
[2024-12-24T19:00:08.366+0000] {processor.py:925} INFO - DAG(s) 'example_subdag_operator.section-1', 'example_subdag_operator.section-2', 'example_subdag_operator' retrieved from /home/airflow/.local/lib/python3.12/site-packages/airflow/example_dags/example_subdag_operator.py
[2024-12-24T19:00:08.384+0000] {logging_mixin.py:190} INFO - [2024-12-24T19:00:08.384+0000] {dag.py:3239} INFO - Sync 3 DAGs
[2024-12-24T19:00:08.414+0000] {logging_mixin.py:190} INFO - [2024-12-24T19:00:08.414+0000] {dag.py:4180} INFO - Setting next_dagrun for example_subdag_operator to 2022-01-01 00:00:00+00:00, run_after=2022-01-01 00:00:00+00:00
[2024-12-24T19:00:08.420+0000] {logging_mixin.py:190} INFO - [2024-12-24T19:00:08.419+0000] {dag.py:4180} INFO - Setting next_dagrun for example_subdag_operator.section-1 to None, run_after=None
[2024-12-24T19:00:08.422+0000] {logging_mixin.py:190} INFO - [2024-12-24T19:00:08.422+0000] {dag.py:4180} INFO - Setting next_dagrun for example_subdag_operator.section-2 to None, run_after=None
[2024-12-24T19:00:08.432+0000] {logging_mixin.py:190} INFO - [2024-12-24T19:00:08.432+0000] {dag.py:3239} INFO - Sync 2 DAGs
[2024-12-24T19:00:08.442+0000] {logging_mixin.py:190} INFO - [2024-12-24T19:00:08.442+0000] {dag.py:4180} INFO - Setting next_dagrun for example_subdag_operator.section-1 to None, run_after=None
[2024-12-24T19:00:08.443+0000] {logging_mixin.py:190} INFO - [2024-12-24T19:00:08.443+0000] {dag.py:4180} INFO - Setting next_dagrun for example_subdag_operator.section-2 to None, run_after=None
[2024-12-24T19:00:08.465+0000] {processor.py:208} INFO - Processing /home/airflow/.local/lib/python3.12/site-packages/airflow/example_dags/example_subdag_operator.py took 0.144 seconds
[2024-12-24T19:00:38.918+0000] {processor.py:186} INFO - Started process (PID=1345) to work on /home/airflow/.local/lib/python3.12/site-packages/airflow/example_dags/example_subdag_operator.py
[2024-12-24T19:00:38.920+0000] {processor.py:914} INFO - Processing file /home/airflow/.local/lib/python3.12/site-packages/airflow/example_dags/example_subdag_operator.py for tasks to queue
[2024-12-24T19:00:38.924+0000] {logging_mixin.py:190} INFO - [2024-12-24T19:00:38.924+0000] {dagbag.py:588} INFO - Filling up the DagBag from /home/airflow/.local/lib/python3.12/site-packages/airflow/example_dags/example_subdag_operator.py
[2024-12-24T19:00:38.971+0000] {processor.py:925} INFO - DAG(s) 'example_subdag_operator.section-1', 'example_subdag_operator.section-2', 'example_subdag_operator' retrieved from /home/airflow/.local/lib/python3.12/site-packages/airflow/example_dags/example_subdag_operator.py
[2024-12-24T19:00:38.997+0000] {logging_mixin.py:190} INFO - [2024-12-24T19:00:38.997+0000] {dag.py:3239} INFO - Sync 3 DAGs
[2024-12-24T19:00:39.034+0000] {logging_mixin.py:190} INFO - [2024-12-24T19:00:39.034+0000] {dag.py:4180} INFO - Setting next_dagrun for example_subdag_operator to 2022-01-01 00:00:00+00:00, run_after=2022-01-01 00:00:00+00:00
[2024-12-24T19:00:39.039+0000] {logging_mixin.py:190} INFO - [2024-12-24T19:00:39.039+0000] {dag.py:4180} INFO - Setting next_dagrun for example_subdag_operator.section-1 to None, run_after=None
[2024-12-24T19:00:39.041+0000] {logging_mixin.py:190} INFO - [2024-12-24T19:00:39.041+0000] {dag.py:4180} INFO - Setting next_dagrun for example_subdag_operator.section-2 to None, run_after=None
[2024-12-24T19:00:39.058+0000] {logging_mixin.py:190} INFO - [2024-12-24T19:00:39.057+0000] {dag.py:3239} INFO - Sync 2 DAGs
[2024-12-24T19:00:39.070+0000] {logging_mixin.py:190} INFO - [2024-12-24T19:00:39.070+0000] {dag.py:4180} INFO - Setting next_dagrun for example_subdag_operator.section-1 to None, run_after=None
[2024-12-24T19:00:39.071+0000] {logging_mixin.py:190} INFO - [2024-12-24T19:00:39.071+0000] {dag.py:4180} INFO - Setting next_dagrun for example_subdag_operator.section-2 to None, run_after=None
[2024-12-24T19:00:39.094+0000] {processor.py:208} INFO - Processing /home/airflow/.local/lib/python3.12/site-packages/airflow/example_dags/example_subdag_operator.py took 0.192 seconds
[2024-12-24T19:01:09.573+0000] {processor.py:186} INFO - Started process (PID=1408) to work on /home/airflow/.local/lib/python3.12/site-packages/airflow/example_dags/example_subdag_operator.py
[2024-12-24T19:01:09.575+0000] {processor.py:914} INFO - Processing file /home/airflow/.local/lib/python3.12/site-packages/airflow/example_dags/example_subdag_operator.py for tasks to queue
[2024-12-24T19:01:09.577+0000] {logging_mixin.py:190} INFO - [2024-12-24T19:01:09.577+0000] {dagbag.py:588} INFO - Filling up the DagBag from /home/airflow/.local/lib/python3.12/site-packages/airflow/example_dags/example_subdag_operator.py
[2024-12-24T19:01:09.609+0000] {processor.py:925} INFO - DAG(s) 'example_subdag_operator.section-1', 'example_subdag_operator.section-2', 'example_subdag_operator' retrieved from /home/airflow/.local/lib/python3.12/site-packages/airflow/example_dags/example_subdag_operator.py
[2024-12-24T19:01:09.627+0000] {logging_mixin.py:190} INFO - [2024-12-24T19:01:09.627+0000] {dag.py:3239} INFO - Sync 3 DAGs
[2024-12-24T19:01:09.654+0000] {logging_mixin.py:190} INFO - [2024-12-24T19:01:09.654+0000] {dag.py:4180} INFO - Setting next_dagrun for example_subdag_operator to 2022-01-01 00:00:00+00:00, run_after=2022-01-01 00:00:00+00:00
[2024-12-24T19:01:09.659+0000] {logging_mixin.py:190} INFO - [2024-12-24T19:01:09.659+0000] {dag.py:4180} INFO - Setting next_dagrun for example_subdag_operator.section-1 to None, run_after=None
[2024-12-24T19:01:09.661+0000] {logging_mixin.py:190} INFO - [2024-12-24T19:01:09.661+0000] {dag.py:4180} INFO - Setting next_dagrun for example_subdag_operator.section-2 to None, run_after=None
[2024-12-24T19:01:09.673+0000] {logging_mixin.py:190} INFO - [2024-12-24T19:01:09.673+0000] {dag.py:3239} INFO - Sync 2 DAGs
[2024-12-24T19:01:09.681+0000] {logging_mixin.py:190} INFO - [2024-12-24T19:01:09.681+0000] {dag.py:4180} INFO - Setting next_dagrun for example_subdag_operator.section-1 to None, run_after=None
[2024-12-24T19:01:09.682+0000] {logging_mixin.py:190} INFO - [2024-12-24T19:01:09.682+0000] {dag.py:4180} INFO - Setting next_dagrun for example_subdag_operator.section-2 to None, run_after=None
[2024-12-24T19:01:09.700+0000] {processor.py:208} INFO - Processing /home/airflow/.local/lib/python3.12/site-packages/airflow/example_dags/example_subdag_operator.py took 0.132 seconds
[2024-12-24T19:01:39.843+0000] {processor.py:186} INFO - Started process (PID=1471) to work on /home/airflow/.local/lib/python3.12/site-packages/airflow/example_dags/example_subdag_operator.py
[2024-12-24T19:01:39.845+0000] {processor.py:914} INFO - Processing file /home/airflow/.local/lib/python3.12/site-packages/airflow/example_dags/example_subdag_operator.py for tasks to queue
[2024-12-24T19:01:39.848+0000] {logging_mixin.py:190} INFO - [2024-12-24T19:01:39.847+0000] {dagbag.py:588} INFO - Filling up the DagBag from /home/airflow/.local/lib/python3.12/site-packages/airflow/example_dags/example_subdag_operator.py
[2024-12-24T19:01:39.877+0000] {processor.py:925} INFO - DAG(s) 'example_subdag_operator.section-1', 'example_subdag_operator.section-2', 'example_subdag_operator' retrieved from /home/airflow/.local/lib/python3.12/site-packages/airflow/example_dags/example_subdag_operator.py
[2024-12-24T19:01:39.893+0000] {logging_mixin.py:190} INFO - [2024-12-24T19:01:39.892+0000] {dag.py:3239} INFO - Sync 3 DAGs
[2024-12-24T19:01:39.917+0000] {logging_mixin.py:190} INFO - [2024-12-24T19:01:39.917+0000] {dag.py:4180} INFO - Setting next_dagrun for example_subdag_operator to 2022-01-01 00:00:00+00:00, run_after=2022-01-01 00:00:00+00:00
[2024-12-24T19:01:39.922+0000] {logging_mixin.py:190} INFO - [2024-12-24T19:01:39.922+0000] {dag.py:4180} INFO - Setting next_dagrun for example_subdag_operator.section-1 to None, run_after=None
[2024-12-24T19:01:39.924+0000] {logging_mixin.py:190} INFO - [2024-12-24T19:01:39.924+0000] {dag.py:4180} INFO - Setting next_dagrun for example_subdag_operator.section-2 to None, run_after=None
[2024-12-24T19:01:39.933+0000] {logging_mixin.py:190} INFO - [2024-12-24T19:01:39.932+0000] {dag.py:3239} INFO - Sync 2 DAGs
[2024-12-24T19:01:39.940+0000] {logging_mixin.py:190} INFO - [2024-12-24T19:01:39.940+0000] {dag.py:4180} INFO - Setting next_dagrun for example_subdag_operator.section-1 to None, run_after=None
[2024-12-24T19:01:39.941+0000] {logging_mixin.py:190} INFO - [2024-12-24T19:01:39.941+0000] {dag.py:4180} INFO - Setting next_dagrun for example_subdag_operator.section-2 to None, run_after=None
[2024-12-24T19:01:39.962+0000] {processor.py:208} INFO - Processing /home/airflow/.local/lib/python3.12/site-packages/airflow/example_dags/example_subdag_operator.py took 0.125 seconds
[2024-12-24T19:02:10.266+0000] {processor.py:186} INFO - Started process (PID=1534) to work on /home/airflow/.local/lib/python3.12/site-packages/airflow/example_dags/example_subdag_operator.py
[2024-12-24T19:02:10.268+0000] {processor.py:914} INFO - Processing file /home/airflow/.local/lib/python3.12/site-packages/airflow/example_dags/example_subdag_operator.py for tasks to queue
[2024-12-24T19:02:10.271+0000] {logging_mixin.py:190} INFO - [2024-12-24T19:02:10.271+0000] {dagbag.py:588} INFO - Filling up the DagBag from /home/airflow/.local/lib/python3.12/site-packages/airflow/example_dags/example_subdag_operator.py
[2024-12-24T19:02:10.301+0000] {processor.py:925} INFO - DAG(s) 'example_subdag_operator.section-1', 'example_subdag_operator.section-2', 'example_subdag_operator' retrieved from /home/airflow/.local/lib/python3.12/site-packages/airflow/example_dags/example_subdag_operator.py
[2024-12-24T19:02:10.317+0000] {logging_mixin.py:190} INFO - [2024-12-24T19:02:10.317+0000] {dag.py:3239} INFO - Sync 3 DAGs
[2024-12-24T19:02:10.343+0000] {logging_mixin.py:190} INFO - [2024-12-24T19:02:10.342+0000] {dag.py:4180} INFO - Setting next_dagrun for example_subdag_operator to 2022-01-01 00:00:00+00:00, run_after=2022-01-01 00:00:00+00:00
[2024-12-24T19:02:10.347+0000] {logging_mixin.py:190} INFO - [2024-12-24T19:02:10.347+0000] {dag.py:4180} INFO - Setting next_dagrun for example_subdag_operator.section-1 to None, run_after=None
[2024-12-24T19:02:10.350+0000] {logging_mixin.py:190} INFO - [2024-12-24T19:02:10.350+0000] {dag.py:4180} INFO - Setting next_dagrun for example_subdag_operator.section-2 to None, run_after=None
[2024-12-24T19:02:10.359+0000] {logging_mixin.py:190} INFO - [2024-12-24T19:02:10.359+0000] {dag.py:3239} INFO - Sync 2 DAGs
[2024-12-24T19:02:10.366+0000] {logging_mixin.py:190} INFO - [2024-12-24T19:02:10.366+0000] {dag.py:4180} INFO - Setting next_dagrun for example_subdag_operator.section-1 to None, run_after=None
[2024-12-24T19:02:10.367+0000] {logging_mixin.py:190} INFO - [2024-12-24T19:02:10.367+0000] {dag.py:4180} INFO - Setting next_dagrun for example_subdag_operator.section-2 to None, run_after=None
[2024-12-24T19:02:10.386+0000] {processor.py:208} INFO - Processing /home/airflow/.local/lib/python3.12/site-packages/airflow/example_dags/example_subdag_operator.py took 0.126 seconds
[2024-12-24T19:02:40.665+0000] {processor.py:186} INFO - Started process (PID=1597) to work on /home/airflow/.local/lib/python3.12/site-packages/airflow/example_dags/example_subdag_operator.py
[2024-12-24T19:02:40.667+0000] {processor.py:914} INFO - Processing file /home/airflow/.local/lib/python3.12/site-packages/airflow/example_dags/example_subdag_operator.py for tasks to queue
[2024-12-24T19:02:40.670+0000] {logging_mixin.py:190} INFO - [2024-12-24T19:02:40.669+0000] {dagbag.py:588} INFO - Filling up the DagBag from /home/airflow/.local/lib/python3.12/site-packages/airflow/example_dags/example_subdag_operator.py
[2024-12-24T19:02:40.700+0000] {processor.py:925} INFO - DAG(s) 'example_subdag_operator.section-1', 'example_subdag_operator.section-2', 'example_subdag_operator' retrieved from /home/airflow/.local/lib/python3.12/site-packages/airflow/example_dags/example_subdag_operator.py
[2024-12-24T19:02:40.716+0000] {logging_mixin.py:190} INFO - [2024-12-24T19:02:40.715+0000] {dag.py:3239} INFO - Sync 3 DAGs
[2024-12-24T19:02:40.743+0000] {logging_mixin.py:190} INFO - [2024-12-24T19:02:40.743+0000] {dag.py:4180} INFO - Setting next_dagrun for example_subdag_operator to 2022-01-01 00:00:00+00:00, run_after=2022-01-01 00:00:00+00:00
[2024-12-24T19:02:40.748+0000] {logging_mixin.py:190} INFO - [2024-12-24T19:02:40.748+0000] {dag.py:4180} INFO - Setting next_dagrun for example_subdag_operator.section-1 to None, run_after=None
[2024-12-24T19:02:40.751+0000] {logging_mixin.py:190} INFO - [2024-12-24T19:02:40.751+0000] {dag.py:4180} INFO - Setting next_dagrun for example_subdag_operator.section-2 to None, run_after=None
[2024-12-24T19:02:40.759+0000] {logging_mixin.py:190} INFO - [2024-12-24T19:02:40.759+0000] {dag.py:3239} INFO - Sync 2 DAGs
[2024-12-24T19:02:40.767+0000] {logging_mixin.py:190} INFO - [2024-12-24T19:02:40.767+0000] {dag.py:4180} INFO - Setting next_dagrun for example_subdag_operator.section-1 to None, run_after=None
[2024-12-24T19:02:40.768+0000] {logging_mixin.py:190} INFO - [2024-12-24T19:02:40.768+0000] {dag.py:4180} INFO - Setting next_dagrun for example_subdag_operator.section-2 to None, run_after=None
[2024-12-24T19:02:40.785+0000] {processor.py:208} INFO - Processing /home/airflow/.local/lib/python3.12/site-packages/airflow/example_dags/example_subdag_operator.py took 0.126 seconds
[2024-12-24T19:03:11.023+0000] {processor.py:186} INFO - Started process (PID=1660) to work on /home/airflow/.local/lib/python3.12/site-packages/airflow/example_dags/example_subdag_operator.py
[2024-12-24T19:03:11.025+0000] {processor.py:914} INFO - Processing file /home/airflow/.local/lib/python3.12/site-packages/airflow/example_dags/example_subdag_operator.py for tasks to queue
[2024-12-24T19:03:11.028+0000] {logging_mixin.py:190} INFO - [2024-12-24T19:03:11.027+0000] {dagbag.py:588} INFO - Filling up the DagBag from /home/airflow/.local/lib/python3.12/site-packages/airflow/example_dags/example_subdag_operator.py
[2024-12-24T19:03:11.064+0000] {processor.py:925} INFO - DAG(s) 'example_subdag_operator.section-1', 'example_subdag_operator.section-2', 'example_subdag_operator' retrieved from /home/airflow/.local/lib/python3.12/site-packages/airflow/example_dags/example_subdag_operator.py
[2024-12-24T19:03:11.082+0000] {logging_mixin.py:190} INFO - [2024-12-24T19:03:11.081+0000] {dag.py:3239} INFO - Sync 3 DAGs
[2024-12-24T19:03:11.122+0000] {logging_mixin.py:190} INFO - [2024-12-24T19:03:11.121+0000] {dag.py:4180} INFO - Setting next_dagrun for example_subdag_operator to 2022-01-01 00:00:00+00:00, run_after=2022-01-01 00:00:00+00:00
[2024-12-24T19:03:11.127+0000] {logging_mixin.py:190} INFO - [2024-12-24T19:03:11.127+0000] {dag.py:4180} INFO - Setting next_dagrun for example_subdag_operator.section-1 to None, run_after=None
[2024-12-24T19:03:11.131+0000] {logging_mixin.py:190} INFO - [2024-12-24T19:03:11.130+0000] {dag.py:4180} INFO - Setting next_dagrun for example_subdag_operator.section-2 to None, run_after=None
[2024-12-24T19:03:11.142+0000] {logging_mixin.py:190} INFO - [2024-12-24T19:03:11.142+0000] {dag.py:3239} INFO - Sync 2 DAGs
[2024-12-24T19:03:11.150+0000] {logging_mixin.py:190} INFO - [2024-12-24T19:03:11.150+0000] {dag.py:4180} INFO - Setting next_dagrun for example_subdag_operator.section-1 to None, run_after=None
[2024-12-24T19:03:11.151+0000] {logging_mixin.py:190} INFO - [2024-12-24T19:03:11.151+0000] {dag.py:4180} INFO - Setting next_dagrun for example_subdag_operator.section-2 to None, run_after=None
[2024-12-24T19:03:11.175+0000] {processor.py:208} INFO - Processing /home/airflow/.local/lib/python3.12/site-packages/airflow/example_dags/example_subdag_operator.py took 0.159 seconds
[2024-12-24T19:03:41.416+0000] {processor.py:186} INFO - Started process (PID=1723) to work on /home/airflow/.local/lib/python3.12/site-packages/airflow/example_dags/example_subdag_operator.py
[2024-12-24T19:03:41.417+0000] {processor.py:914} INFO - Processing file /home/airflow/.local/lib/python3.12/site-packages/airflow/example_dags/example_subdag_operator.py for tasks to queue
[2024-12-24T19:03:41.420+0000] {logging_mixin.py:190} INFO - [2024-12-24T19:03:41.420+0000] {dagbag.py:588} INFO - Filling up the DagBag from /home/airflow/.local/lib/python3.12/site-packages/airflow/example_dags/example_subdag_operator.py
[2024-12-24T19:03:41.453+0000] {processor.py:925} INFO - DAG(s) 'example_subdag_operator.section-1', 'example_subdag_operator.section-2', 'example_subdag_operator' retrieved from /home/airflow/.local/lib/python3.12/site-packages/airflow/example_dags/example_subdag_operator.py
[2024-12-24T19:03:41.470+0000] {logging_mixin.py:190} INFO - [2024-12-24T19:03:41.469+0000] {dag.py:3239} INFO - Sync 3 DAGs
[2024-12-24T19:03:41.499+0000] {logging_mixin.py:190} INFO - [2024-12-24T19:03:41.499+0000] {dag.py:4180} INFO - Setting next_dagrun for example_subdag_operator to 2022-01-01 00:00:00+00:00, run_after=2022-01-01 00:00:00+00:00
[2024-12-24T19:03:41.504+0000] {logging_mixin.py:190} INFO - [2024-12-24T19:03:41.504+0000] {dag.py:4180} INFO - Setting next_dagrun for example_subdag_operator.section-1 to None, run_after=None
[2024-12-24T19:03:41.508+0000] {logging_mixin.py:190} INFO - [2024-12-24T19:03:41.508+0000] {dag.py:4180} INFO - Setting next_dagrun for example_subdag_operator.section-2 to None, run_after=None
[2024-12-24T19:03:41.517+0000] {logging_mixin.py:190} INFO - [2024-12-24T19:03:41.517+0000] {dag.py:3239} INFO - Sync 2 DAGs
[2024-12-24T19:03:41.525+0000] {logging_mixin.py:190} INFO - [2024-12-24T19:03:41.525+0000] {dag.py:4180} INFO - Setting next_dagrun for example_subdag_operator.section-1 to None, run_after=None
[2024-12-24T19:03:41.526+0000] {logging_mixin.py:190} INFO - [2024-12-24T19:03:41.526+0000] {dag.py:4180} INFO - Setting next_dagrun for example_subdag_operator.section-2 to None, run_after=None
[2024-12-24T19:03:41.542+0000] {processor.py:208} INFO - Processing /home/airflow/.local/lib/python3.12/site-packages/airflow/example_dags/example_subdag_operator.py took 0.133 seconds
[2024-12-24T19:04:11.835+0000] {processor.py:186} INFO - Started process (PID=1786) to work on /home/airflow/.local/lib/python3.12/site-packages/airflow/example_dags/example_subdag_operator.py
[2024-12-24T19:04:11.836+0000] {processor.py:914} INFO - Processing file /home/airflow/.local/lib/python3.12/site-packages/airflow/example_dags/example_subdag_operator.py for tasks to queue
[2024-12-24T19:04:11.839+0000] {logging_mixin.py:190} INFO - [2024-12-24T19:04:11.839+0000] {dagbag.py:588} INFO - Filling up the DagBag from /home/airflow/.local/lib/python3.12/site-packages/airflow/example_dags/example_subdag_operator.py
[2024-12-24T19:04:11.873+0000] {processor.py:925} INFO - DAG(s) 'example_subdag_operator.section-1', 'example_subdag_operator.section-2', 'example_subdag_operator' retrieved from /home/airflow/.local/lib/python3.12/site-packages/airflow/example_dags/example_subdag_operator.py
[2024-12-24T19:04:11.890+0000] {logging_mixin.py:190} INFO - [2024-12-24T19:04:11.890+0000] {dag.py:3239} INFO - Sync 3 DAGs
[2024-12-24T19:04:11.916+0000] {logging_mixin.py:190} INFO - [2024-12-24T19:04:11.915+0000] {dag.py:4180} INFO - Setting next_dagrun for example_subdag_operator to 2022-01-01 00:00:00+00:00, run_after=2022-01-01 00:00:00+00:00
[2024-12-24T19:04:11.921+0000] {logging_mixin.py:190} INFO - [2024-12-24T19:04:11.921+0000] {dag.py:4180} INFO - Setting next_dagrun for example_subdag_operator.section-1 to None, run_after=None
[2024-12-24T19:04:11.924+0000] {logging_mixin.py:190} INFO - [2024-12-24T19:04:11.924+0000] {dag.py:4180} INFO - Setting next_dagrun for example_subdag_operator.section-2 to None, run_after=None
[2024-12-24T19:04:11.933+0000] {logging_mixin.py:190} INFO - [2024-12-24T19:04:11.933+0000] {dag.py:3239} INFO - Sync 2 DAGs
[2024-12-24T19:04:11.943+0000] {logging_mixin.py:190} INFO - [2024-12-24T19:04:11.943+0000] {dag.py:4180} INFO - Setting next_dagrun for example_subdag_operator.section-1 to None, run_after=None
[2024-12-24T19:04:11.944+0000] {logging_mixin.py:190} INFO - [2024-12-24T19:04:11.944+0000] {dag.py:4180} INFO - Setting next_dagrun for example_subdag_operator.section-2 to None, run_after=None
[2024-12-24T19:04:11.961+0000] {processor.py:208} INFO - Processing /home/airflow/.local/lib/python3.12/site-packages/airflow/example_dags/example_subdag_operator.py took 0.133 seconds
[2024-12-24T19:04:42.159+0000] {processor.py:186} INFO - Started process (PID=1849) to work on /home/airflow/.local/lib/python3.12/site-packages/airflow/example_dags/example_subdag_operator.py
[2024-12-24T19:04:42.160+0000] {processor.py:914} INFO - Processing file /home/airflow/.local/lib/python3.12/site-packages/airflow/example_dags/example_subdag_operator.py for tasks to queue
[2024-12-24T19:04:42.163+0000] {logging_mixin.py:190} INFO - [2024-12-24T19:04:42.162+0000] {dagbag.py:588} INFO - Filling up the DagBag from /home/airflow/.local/lib/python3.12/site-packages/airflow/example_dags/example_subdag_operator.py
[2024-12-24T19:04:42.193+0000] {processor.py:925} INFO - DAG(s) 'example_subdag_operator.section-1', 'example_subdag_operator.section-2', 'example_subdag_operator' retrieved from /home/airflow/.local/lib/python3.12/site-packages/airflow/example_dags/example_subdag_operator.py
[2024-12-24T19:04:42.209+0000] {logging_mixin.py:190} INFO - [2024-12-24T19:04:42.209+0000] {dag.py:3239} INFO - Sync 3 DAGs
[2024-12-24T19:04:42.236+0000] {logging_mixin.py:190} INFO - [2024-12-24T19:04:42.236+0000] {dag.py:4180} INFO - Setting next_dagrun for example_subdag_operator to 2022-01-01 00:00:00+00:00, run_after=2022-01-01 00:00:00+00:00
[2024-12-24T19:04:42.241+0000] {logging_mixin.py:190} INFO - [2024-12-24T19:04:42.241+0000] {dag.py:4180} INFO - Setting next_dagrun for example_subdag_operator.section-1 to None, run_after=None
[2024-12-24T19:04:42.243+0000] {logging_mixin.py:190} INFO - [2024-12-24T19:04:42.243+0000] {dag.py:4180} INFO - Setting next_dagrun for example_subdag_operator.section-2 to None, run_after=None
[2024-12-24T19:04:42.252+0000] {logging_mixin.py:190} INFO - [2024-12-24T19:04:42.252+0000] {dag.py:3239} INFO - Sync 2 DAGs
[2024-12-24T19:04:42.260+0000] {logging_mixin.py:190} INFO - [2024-12-24T19:04:42.260+0000] {dag.py:4180} INFO - Setting next_dagrun for example_subdag_operator.section-1 to None, run_after=None
[2024-12-24T19:04:42.262+0000] {logging_mixin.py:190} INFO - [2024-12-24T19:04:42.261+0000] {dag.py:4180} INFO - Setting next_dagrun for example_subdag_operator.section-2 to None, run_after=None
[2024-12-24T19:04:42.280+0000] {processor.py:208} INFO - Processing /home/airflow/.local/lib/python3.12/site-packages/airflow/example_dags/example_subdag_operator.py took 0.127 seconds
[2024-12-24T19:05:13.556+0000] {processor.py:186} INFO - Started process (PID=1912) to work on /home/airflow/.local/lib/python3.12/site-packages/airflow/example_dags/example_subdag_operator.py
[2024-12-24T19:05:13.557+0000] {processor.py:914} INFO - Processing file /home/airflow/.local/lib/python3.12/site-packages/airflow/example_dags/example_subdag_operator.py for tasks to queue
[2024-12-24T19:05:13.560+0000] {logging_mixin.py:190} INFO - [2024-12-24T19:05:13.559+0000] {dagbag.py:588} INFO - Filling up the DagBag from /home/airflow/.local/lib/python3.12/site-packages/airflow/example_dags/example_subdag_operator.py
[2024-12-24T19:05:13.591+0000] {processor.py:925} INFO - DAG(s) 'example_subdag_operator.section-1', 'example_subdag_operator.section-2', 'example_subdag_operator' retrieved from /home/airflow/.local/lib/python3.12/site-packages/airflow/example_dags/example_subdag_operator.py
[2024-12-24T19:05:13.608+0000] {logging_mixin.py:190} INFO - [2024-12-24T19:05:13.607+0000] {dag.py:3239} INFO - Sync 3 DAGs
[2024-12-24T19:05:13.637+0000] {logging_mixin.py:190} INFO - [2024-12-24T19:05:13.636+0000] {dag.py:4180} INFO - Setting next_dagrun for example_subdag_operator to 2022-01-01 00:00:00+00:00, run_after=2022-01-01 00:00:00+00:00
[2024-12-24T19:05:13.641+0000] {logging_mixin.py:190} INFO - [2024-12-24T19:05:13.641+0000] {dag.py:4180} INFO - Setting next_dagrun for example_subdag_operator.section-1 to None, run_after=None
[2024-12-24T19:05:13.644+0000] {logging_mixin.py:190} INFO - [2024-12-24T19:05:13.643+0000] {dag.py:4180} INFO - Setting next_dagrun for example_subdag_operator.section-2 to None, run_after=None
[2024-12-24T19:05:13.653+0000] {logging_mixin.py:190} INFO - [2024-12-24T19:05:13.653+0000] {dag.py:3239} INFO - Sync 2 DAGs
[2024-12-24T19:05:13.662+0000] {logging_mixin.py:190} INFO - [2024-12-24T19:05:13.661+0000] {dag.py:4180} INFO - Setting next_dagrun for example_subdag_operator.section-1 to None, run_after=None
[2024-12-24T19:05:13.663+0000] {logging_mixin.py:190} INFO - [2024-12-24T19:05:13.663+0000] {dag.py:4180} INFO - Setting next_dagrun for example_subdag_operator.section-2 to None, run_after=None
[2024-12-24T19:05:13.681+0000] {processor.py:208} INFO - Processing /home/airflow/.local/lib/python3.12/site-packages/airflow/example_dags/example_subdag_operator.py took 0.131 seconds
[2024-12-24T19:05:44.171+0000] {processor.py:186} INFO - Started process (PID=1971) to work on /home/airflow/.local/lib/python3.12/site-packages/airflow/example_dags/example_subdag_operator.py
[2024-12-24T19:05:44.173+0000] {processor.py:914} INFO - Processing file /home/airflow/.local/lib/python3.12/site-packages/airflow/example_dags/example_subdag_operator.py for tasks to queue
[2024-12-24T19:05:44.176+0000] {logging_mixin.py:190} INFO - [2024-12-24T19:05:44.176+0000] {dagbag.py:588} INFO - Filling up the DagBag from /home/airflow/.local/lib/python3.12/site-packages/airflow/example_dags/example_subdag_operator.py
[2024-12-24T19:05:44.207+0000] {processor.py:925} INFO - DAG(s) 'example_subdag_operator.section-1', 'example_subdag_operator.section-2', 'example_subdag_operator' retrieved from /home/airflow/.local/lib/python3.12/site-packages/airflow/example_dags/example_subdag_operator.py
[2024-12-24T19:05:44.223+0000] {logging_mixin.py:190} INFO - [2024-12-24T19:05:44.223+0000] {dag.py:3239} INFO - Sync 3 DAGs
[2024-12-24T19:05:44.248+0000] {logging_mixin.py:190} INFO - [2024-12-24T19:05:44.247+0000] {dag.py:4180} INFO - Setting next_dagrun for example_subdag_operator to 2022-01-01 00:00:00+00:00, run_after=2022-01-01 00:00:00+00:00
[2024-12-24T19:05:44.252+0000] {logging_mixin.py:190} INFO - [2024-12-24T19:05:44.252+0000] {dag.py:4180} INFO - Setting next_dagrun for example_subdag_operator.section-1 to None, run_after=None
[2024-12-24T19:05:44.254+0000] {logging_mixin.py:190} INFO - [2024-12-24T19:05:44.254+0000] {dag.py:4180} INFO - Setting next_dagrun for example_subdag_operator.section-2 to None, run_after=None
[2024-12-24T19:05:44.264+0000] {logging_mixin.py:190} INFO - [2024-12-24T19:05:44.264+0000] {dag.py:3239} INFO - Sync 2 DAGs
[2024-12-24T19:05:44.273+0000] {logging_mixin.py:190} INFO - [2024-12-24T19:05:44.272+0000] {dag.py:4180} INFO - Setting next_dagrun for example_subdag_operator.section-1 to None, run_after=None
[2024-12-24T19:05:44.274+0000] {logging_mixin.py:190} INFO - [2024-12-24T19:05:44.273+0000] {dag.py:4180} INFO - Setting next_dagrun for example_subdag_operator.section-2 to None, run_after=None
[2024-12-24T19:05:44.291+0000] {processor.py:208} INFO - Processing /home/airflow/.local/lib/python3.12/site-packages/airflow/example_dags/example_subdag_operator.py took 0.127 seconds
[2024-12-24T19:06:14.993+0000] {processor.py:186} INFO - Started process (PID=2034) to work on /home/airflow/.local/lib/python3.12/site-packages/airflow/example_dags/example_subdag_operator.py
[2024-12-24T19:06:14.994+0000] {processor.py:914} INFO - Processing file /home/airflow/.local/lib/python3.12/site-packages/airflow/example_dags/example_subdag_operator.py for tasks to queue
[2024-12-24T19:06:14.997+0000] {logging_mixin.py:190} INFO - [2024-12-24T19:06:14.997+0000] {dagbag.py:588} INFO - Filling up the DagBag from /home/airflow/.local/lib/python3.12/site-packages/airflow/example_dags/example_subdag_operator.py
[2024-12-24T19:06:15.029+0000] {processor.py:925} INFO - DAG(s) 'example_subdag_operator.section-1', 'example_subdag_operator.section-2', 'example_subdag_operator' retrieved from /home/airflow/.local/lib/python3.12/site-packages/airflow/example_dags/example_subdag_operator.py
[2024-12-24T19:06:15.048+0000] {logging_mixin.py:190} INFO - [2024-12-24T19:06:15.047+0000] {dag.py:3239} INFO - Sync 3 DAGs
[2024-12-24T19:06:15.085+0000] {logging_mixin.py:190} INFO - [2024-12-24T19:06:15.085+0000] {dag.py:4180} INFO - Setting next_dagrun for example_subdag_operator to 2022-01-01 00:00:00+00:00, run_after=2022-01-01 00:00:00+00:00
[2024-12-24T19:06:15.091+0000] {logging_mixin.py:190} INFO - [2024-12-24T19:06:15.091+0000] {dag.py:4180} INFO - Setting next_dagrun for example_subdag_operator.section-1 to None, run_after=None
[2024-12-24T19:06:15.094+0000] {logging_mixin.py:190} INFO - [2024-12-24T19:06:15.094+0000] {dag.py:4180} INFO - Setting next_dagrun for example_subdag_operator.section-2 to None, run_after=None
[2024-12-24T19:06:15.104+0000] {logging_mixin.py:190} INFO - [2024-12-24T19:06:15.104+0000] {dag.py:3239} INFO - Sync 2 DAGs
[2024-12-24T19:06:15.114+0000] {logging_mixin.py:190} INFO - [2024-12-24T19:06:15.113+0000] {dag.py:4180} INFO - Setting next_dagrun for example_subdag_operator.section-1 to None, run_after=None
[2024-12-24T19:06:15.115+0000] {logging_mixin.py:190} INFO - [2024-12-24T19:06:15.114+0000] {dag.py:4180} INFO - Setting next_dagrun for example_subdag_operator.section-2 to None, run_after=None
[2024-12-24T19:06:15.134+0000] {processor.py:208} INFO - Processing /home/airflow/.local/lib/python3.12/site-packages/airflow/example_dags/example_subdag_operator.py took 0.147 seconds
[2024-12-24T19:06:46.225+0000] {processor.py:186} INFO - Started process (PID=2096) to work on /home/airflow/.local/lib/python3.12/site-packages/airflow/example_dags/example_subdag_operator.py
[2024-12-24T19:06:46.226+0000] {processor.py:914} INFO - Processing file /home/airflow/.local/lib/python3.12/site-packages/airflow/example_dags/example_subdag_operator.py for tasks to queue
[2024-12-24T19:06:46.229+0000] {logging_mixin.py:190} INFO - [2024-12-24T19:06:46.229+0000] {dagbag.py:588} INFO - Filling up the DagBag from /home/airflow/.local/lib/python3.12/site-packages/airflow/example_dags/example_subdag_operator.py
[2024-12-24T19:06:46.260+0000] {processor.py:925} INFO - DAG(s) 'example_subdag_operator.section-1', 'example_subdag_operator.section-2', 'example_subdag_operator' retrieved from /home/airflow/.local/lib/python3.12/site-packages/airflow/example_dags/example_subdag_operator.py
[2024-12-24T19:06:46.276+0000] {logging_mixin.py:190} INFO - [2024-12-24T19:06:46.275+0000] {dag.py:3239} INFO - Sync 3 DAGs
[2024-12-24T19:06:46.301+0000] {logging_mixin.py:190} INFO - [2024-12-24T19:06:46.301+0000] {dag.py:4180} INFO - Setting next_dagrun for example_subdag_operator to 2022-01-01 00:00:00+00:00, run_after=2022-01-01 00:00:00+00:00
[2024-12-24T19:06:46.306+0000] {logging_mixin.py:190} INFO - [2024-12-24T19:06:46.306+0000] {dag.py:4180} INFO - Setting next_dagrun for example_subdag_operator.section-1 to None, run_after=None
[2024-12-24T19:06:46.309+0000] {logging_mixin.py:190} INFO - [2024-12-24T19:06:46.309+0000] {dag.py:4180} INFO - Setting next_dagrun for example_subdag_operator.section-2 to None, run_after=None
[2024-12-24T19:06:46.318+0000] {logging_mixin.py:190} INFO - [2024-12-24T19:06:46.317+0000] {dag.py:3239} INFO - Sync 2 DAGs
[2024-12-24T19:06:46.327+0000] {logging_mixin.py:190} INFO - [2024-12-24T19:06:46.326+0000] {dag.py:4180} INFO - Setting next_dagrun for example_subdag_operator.section-1 to None, run_after=None
[2024-12-24T19:06:46.328+0000] {logging_mixin.py:190} INFO - [2024-12-24T19:06:46.327+0000] {dag.py:4180} INFO - Setting next_dagrun for example_subdag_operator.section-2 to None, run_after=None
[2024-12-24T19:06:46.346+0000] {processor.py:208} INFO - Processing /home/airflow/.local/lib/python3.12/site-packages/airflow/example_dags/example_subdag_operator.py took 0.130 seconds
[2024-12-24T19:07:17.015+0000] {processor.py:186} INFO - Started process (PID=2164) to work on /home/airflow/.local/lib/python3.12/site-packages/airflow/example_dags/example_subdag_operator.py
[2024-12-24T19:07:17.016+0000] {processor.py:914} INFO - Processing file /home/airflow/.local/lib/python3.12/site-packages/airflow/example_dags/example_subdag_operator.py for tasks to queue
[2024-12-24T19:07:17.019+0000] {logging_mixin.py:190} INFO - [2024-12-24T19:07:17.018+0000] {dagbag.py:588} INFO - Filling up the DagBag from /home/airflow/.local/lib/python3.12/site-packages/airflow/example_dags/example_subdag_operator.py
[2024-12-24T19:07:17.051+0000] {processor.py:925} INFO - DAG(s) 'example_subdag_operator.section-1', 'example_subdag_operator.section-2', 'example_subdag_operator' retrieved from /home/airflow/.local/lib/python3.12/site-packages/airflow/example_dags/example_subdag_operator.py
[2024-12-24T19:07:17.069+0000] {logging_mixin.py:190} INFO - [2024-12-24T19:07:17.068+0000] {dag.py:3239} INFO - Sync 3 DAGs
[2024-12-24T19:07:17.099+0000] {logging_mixin.py:190} INFO - [2024-12-24T19:07:17.099+0000] {dag.py:4180} INFO - Setting next_dagrun for example_subdag_operator to 2022-01-01 00:00:00+00:00, run_after=2022-01-01 00:00:00+00:00
[2024-12-24T19:07:17.104+0000] {logging_mixin.py:190} INFO - [2024-12-24T19:07:17.104+0000] {dag.py:4180} INFO - Setting next_dagrun for example_subdag_operator.section-1 to None, run_after=None
[2024-12-24T19:07:17.106+0000] {logging_mixin.py:190} INFO - [2024-12-24T19:07:17.106+0000] {dag.py:4180} INFO - Setting next_dagrun for example_subdag_operator.section-2 to None, run_after=None
[2024-12-24T19:07:17.117+0000] {logging_mixin.py:190} INFO - [2024-12-24T19:07:17.117+0000] {dag.py:3239} INFO - Sync 2 DAGs
[2024-12-24T19:07:17.126+0000] {logging_mixin.py:190} INFO - [2024-12-24T19:07:17.125+0000] {dag.py:4180} INFO - Setting next_dagrun for example_subdag_operator.section-1 to None, run_after=None
[2024-12-24T19:07:17.127+0000] {logging_mixin.py:190} INFO - [2024-12-24T19:07:17.127+0000] {dag.py:4180} INFO - Setting next_dagrun for example_subdag_operator.section-2 to None, run_after=None
[2024-12-24T19:07:17.145+0000] {processor.py:208} INFO - Processing /home/airflow/.local/lib/python3.12/site-packages/airflow/example_dags/example_subdag_operator.py took 0.136 seconds
[2024-12-24T19:07:47.257+0000] {processor.py:186} INFO - Started process (PID=2227) to work on /home/airflow/.local/lib/python3.12/site-packages/airflow/example_dags/example_subdag_operator.py
[2024-12-24T19:07:47.258+0000] {processor.py:914} INFO - Processing file /home/airflow/.local/lib/python3.12/site-packages/airflow/example_dags/example_subdag_operator.py for tasks to queue
[2024-12-24T19:07:47.262+0000] {logging_mixin.py:190} INFO - [2024-12-24T19:07:47.261+0000] {dagbag.py:588} INFO - Filling up the DagBag from /home/airflow/.local/lib/python3.12/site-packages/airflow/example_dags/example_subdag_operator.py
[2024-12-24T19:07:47.294+0000] {processor.py:925} INFO - DAG(s) 'example_subdag_operator.section-1', 'example_subdag_operator.section-2', 'example_subdag_operator' retrieved from /home/airflow/.local/lib/python3.12/site-packages/airflow/example_dags/example_subdag_operator.py
[2024-12-24T19:07:47.312+0000] {logging_mixin.py:190} INFO - [2024-12-24T19:07:47.311+0000] {dag.py:3239} INFO - Sync 3 DAGs
[2024-12-24T19:07:47.341+0000] {logging_mixin.py:190} INFO - [2024-12-24T19:07:47.340+0000] {dag.py:4180} INFO - Setting next_dagrun for example_subdag_operator to 2022-01-01 00:00:00+00:00, run_after=2022-01-01 00:00:00+00:00
[2024-12-24T19:07:47.347+0000] {logging_mixin.py:190} INFO - [2024-12-24T19:07:47.346+0000] {dag.py:4180} INFO - Setting next_dagrun for example_subdag_operator.section-1 to None, run_after=None
[2024-12-24T19:07:47.350+0000] {logging_mixin.py:190} INFO - [2024-12-24T19:07:47.350+0000] {dag.py:4180} INFO - Setting next_dagrun for example_subdag_operator.section-2 to None, run_after=None
[2024-12-24T19:07:47.364+0000] {logging_mixin.py:190} INFO - [2024-12-24T19:07:47.363+0000] {dag.py:3239} INFO - Sync 2 DAGs
[2024-12-24T19:07:47.376+0000] {logging_mixin.py:190} INFO - [2024-12-24T19:07:47.376+0000] {dag.py:4180} INFO - Setting next_dagrun for example_subdag_operator.section-1 to None, run_after=None
[2024-12-24T19:07:47.378+0000] {logging_mixin.py:190} INFO - [2024-12-24T19:07:47.377+0000] {dag.py:4180} INFO - Setting next_dagrun for example_subdag_operator.section-2 to None, run_after=None
[2024-12-24T19:07:47.401+0000] {processor.py:208} INFO - Processing /home/airflow/.local/lib/python3.12/site-packages/airflow/example_dags/example_subdag_operator.py took 0.150 seconds
[2024-12-24T19:08:17.699+0000] {processor.py:186} INFO - Started process (PID=2290) to work on /home/airflow/.local/lib/python3.12/site-packages/airflow/example_dags/example_subdag_operator.py
[2024-12-24T19:08:17.700+0000] {processor.py:914} INFO - Processing file /home/airflow/.local/lib/python3.12/site-packages/airflow/example_dags/example_subdag_operator.py for tasks to queue
[2024-12-24T19:08:17.703+0000] {logging_mixin.py:190} INFO - [2024-12-24T19:08:17.703+0000] {dagbag.py:588} INFO - Filling up the DagBag from /home/airflow/.local/lib/python3.12/site-packages/airflow/example_dags/example_subdag_operator.py
[2024-12-24T19:08:17.732+0000] {processor.py:925} INFO - DAG(s) 'example_subdag_operator.section-1', 'example_subdag_operator.section-2', 'example_subdag_operator' retrieved from /home/airflow/.local/lib/python3.12/site-packages/airflow/example_dags/example_subdag_operator.py
[2024-12-24T19:08:17.748+0000] {logging_mixin.py:190} INFO - [2024-12-24T19:08:17.748+0000] {dag.py:3239} INFO - Sync 3 DAGs
[2024-12-24T19:08:17.774+0000] {logging_mixin.py:190} INFO - [2024-12-24T19:08:17.773+0000] {dag.py:4180} INFO - Setting next_dagrun for example_subdag_operator to 2022-01-01 00:00:00+00:00, run_after=2022-01-01 00:00:00+00:00
[2024-12-24T19:08:17.778+0000] {logging_mixin.py:190} INFO - [2024-12-24T19:08:17.778+0000] {dag.py:4180} INFO - Setting next_dagrun for example_subdag_operator.section-1 to None, run_after=None
[2024-12-24T19:08:17.781+0000] {logging_mixin.py:190} INFO - [2024-12-24T19:08:17.780+0000] {dag.py:4180} INFO - Setting next_dagrun for example_subdag_operator.section-2 to None, run_after=None
[2024-12-24T19:08:17.790+0000] {logging_mixin.py:190} INFO - [2024-12-24T19:08:17.789+0000] {dag.py:3239} INFO - Sync 2 DAGs
[2024-12-24T19:08:17.797+0000] {logging_mixin.py:190} INFO - [2024-12-24T19:08:17.797+0000] {dag.py:4180} INFO - Setting next_dagrun for example_subdag_operator.section-1 to None, run_after=None
[2024-12-24T19:08:17.798+0000] {logging_mixin.py:190} INFO - [2024-12-24T19:08:17.798+0000] {dag.py:4180} INFO - Setting next_dagrun for example_subdag_operator.section-2 to None, run_after=None
[2024-12-24T19:08:17.815+0000] {processor.py:208} INFO - Processing /home/airflow/.local/lib/python3.12/site-packages/airflow/example_dags/example_subdag_operator.py took 0.122 seconds
[2024-12-24T19:08:48.167+0000] {processor.py:186} INFO - Started process (PID=2353) to work on /home/airflow/.local/lib/python3.12/site-packages/airflow/example_dags/example_subdag_operator.py
[2024-12-24T19:08:48.168+0000] {processor.py:914} INFO - Processing file /home/airflow/.local/lib/python3.12/site-packages/airflow/example_dags/example_subdag_operator.py for tasks to queue
[2024-12-24T19:08:48.170+0000] {logging_mixin.py:190} INFO - [2024-12-24T19:08:48.170+0000] {dagbag.py:588} INFO - Filling up the DagBag from /home/airflow/.local/lib/python3.12/site-packages/airflow/example_dags/example_subdag_operator.py
[2024-12-24T19:08:48.199+0000] {processor.py:925} INFO - DAG(s) 'example_subdag_operator.section-1', 'example_subdag_operator.section-2', 'example_subdag_operator' retrieved from /home/airflow/.local/lib/python3.12/site-packages/airflow/example_dags/example_subdag_operator.py
[2024-12-24T19:08:48.216+0000] {logging_mixin.py:190} INFO - [2024-12-24T19:08:48.216+0000] {dag.py:3239} INFO - Sync 3 DAGs
[2024-12-24T19:08:48.241+0000] {logging_mixin.py:190} INFO - [2024-12-24T19:08:48.241+0000] {dag.py:4180} INFO - Setting next_dagrun for example_subdag_operator to 2022-01-01 00:00:00+00:00, run_after=2022-01-01 00:00:00+00:00
[2024-12-24T19:08:48.246+0000] {logging_mixin.py:190} INFO - [2024-12-24T19:08:48.246+0000] {dag.py:4180} INFO - Setting next_dagrun for example_subdag_operator.section-1 to None, run_after=None
[2024-12-24T19:08:48.249+0000] {logging_mixin.py:190} INFO - [2024-12-24T19:08:48.248+0000] {dag.py:4180} INFO - Setting next_dagrun for example_subdag_operator.section-2 to None, run_after=None
[2024-12-24T19:08:48.259+0000] {logging_mixin.py:190} INFO - [2024-12-24T19:08:48.258+0000] {dag.py:3239} INFO - Sync 2 DAGs
[2024-12-24T19:08:48.267+0000] {logging_mixin.py:190} INFO - [2024-12-24T19:08:48.267+0000] {dag.py:4180} INFO - Setting next_dagrun for example_subdag_operator.section-1 to None, run_after=None
[2024-12-24T19:08:48.269+0000] {logging_mixin.py:190} INFO - [2024-12-24T19:08:48.268+0000] {dag.py:4180} INFO - Setting next_dagrun for example_subdag_operator.section-2 to None, run_after=None
[2024-12-24T19:08:48.287+0000] {processor.py:208} INFO - Processing /home/airflow/.local/lib/python3.12/site-packages/airflow/example_dags/example_subdag_operator.py took 0.127 seconds
