[2024-12-24T18:50:27.685+0000] {processor.py:186} INFO - Started process (PID=80) to work on /home/airflow/.local/lib/python3.12/site-packages/airflow/example_dags/example_display_name.py
[2024-12-24T18:50:27.686+0000] {processor.py:914} INFO - Processing file /home/airflow/.local/lib/python3.12/site-packages/airflow/example_dags/example_display_name.py for tasks to queue
[2024-12-24T18:50:27.689+0000] {logging_mixin.py:190} INFO - [2024-12-24T18:50:27.688+0000] {dagbag.py:588} INFO - Filling up the DagBag from /home/airflow/.local/lib/python3.12/site-packages/airflow/example_dags/example_display_name.py
[2024-12-24T18:50:27.697+0000] {processor.py:925} INFO - DAG(s) 'example_display_name' retrieved from /home/airflow/.local/lib/python3.12/site-packages/airflow/example_dags/example_display_name.py
[2024-12-24T18:50:27.725+0000] {logging_mixin.py:190} INFO - [2024-12-24T18:50:27.725+0000] {dag.py:3239} INFO - Sync 1 DAGs
[2024-12-24T18:50:27.740+0000] {logging_mixin.py:190} INFO - [2024-12-24T18:50:27.739+0000] {dag.py:4180} INFO - Setting next_dagrun for example_display_name to None, run_after=None
[2024-12-24T18:50:27.763+0000] {processor.py:208} INFO - Processing /home/airflow/.local/lib/python3.12/site-packages/airflow/example_dags/example_display_name.py took 0.083 seconds
[2024-12-24T18:50:57.903+0000] {processor.py:186} INFO - Started process (PID=143) to work on /home/airflow/.local/lib/python3.12/site-packages/airflow/example_dags/example_display_name.py
[2024-12-24T18:50:57.905+0000] {processor.py:914} INFO - Processing file /home/airflow/.local/lib/python3.12/site-packages/airflow/example_dags/example_display_name.py for tasks to queue
[2024-12-24T18:50:57.908+0000] {logging_mixin.py:190} INFO - [2024-12-24T18:50:57.907+0000] {dagbag.py:588} INFO - Filling up the DagBag from /home/airflow/.local/lib/python3.12/site-packages/airflow/example_dags/example_display_name.py
[2024-12-24T18:50:57.916+0000] {processor.py:925} INFO - DAG(s) 'example_display_name' retrieved from /home/airflow/.local/lib/python3.12/site-packages/airflow/example_dags/example_display_name.py
[2024-12-24T18:50:57.940+0000] {logging_mixin.py:190} INFO - [2024-12-24T18:50:57.939+0000] {dag.py:3239} INFO - Sync 1 DAGs
[2024-12-24T18:50:57.956+0000] {logging_mixin.py:190} INFO - [2024-12-24T18:50:57.956+0000] {dag.py:4180} INFO - Setting next_dagrun for example_display_name to None, run_after=None
[2024-12-24T18:50:57.982+0000] {processor.py:208} INFO - Processing /home/airflow/.local/lib/python3.12/site-packages/airflow/example_dags/example_display_name.py took 0.086 seconds
[2024-12-24T18:51:28.384+0000] {processor.py:186} INFO - Started process (PID=206) to work on /home/airflow/.local/lib/python3.12/site-packages/airflow/example_dags/example_display_name.py
[2024-12-24T18:51:28.386+0000] {processor.py:914} INFO - Processing file /home/airflow/.local/lib/python3.12/site-packages/airflow/example_dags/example_display_name.py for tasks to queue
[2024-12-24T18:51:28.389+0000] {logging_mixin.py:190} INFO - [2024-12-24T18:51:28.389+0000] {dagbag.py:588} INFO - Filling up the DagBag from /home/airflow/.local/lib/python3.12/site-packages/airflow/example_dags/example_display_name.py
[2024-12-24T18:51:28.398+0000] {processor.py:925} INFO - DAG(s) 'example_display_name' retrieved from /home/airflow/.local/lib/python3.12/site-packages/airflow/example_dags/example_display_name.py
[2024-12-24T18:51:28.421+0000] {logging_mixin.py:190} INFO - [2024-12-24T18:51:28.420+0000] {dag.py:3239} INFO - Sync 1 DAGs
[2024-12-24T18:51:28.436+0000] {logging_mixin.py:190} INFO - [2024-12-24T18:51:28.436+0000] {dag.py:4180} INFO - Setting next_dagrun for example_display_name to None, run_after=None
[2024-12-24T18:51:28.463+0000] {processor.py:208} INFO - Processing /home/airflow/.local/lib/python3.12/site-packages/airflow/example_dags/example_display_name.py took 0.084 seconds
[2024-12-24T18:51:58.947+0000] {processor.py:186} INFO - Started process (PID=270) to work on /home/airflow/.local/lib/python3.12/site-packages/airflow/example_dags/example_display_name.py
[2024-12-24T18:51:58.949+0000] {processor.py:914} INFO - Processing file /home/airflow/.local/lib/python3.12/site-packages/airflow/example_dags/example_display_name.py for tasks to queue
[2024-12-24T18:51:58.952+0000] {logging_mixin.py:190} INFO - [2024-12-24T18:51:58.951+0000] {dagbag.py:588} INFO - Filling up the DagBag from /home/airflow/.local/lib/python3.12/site-packages/airflow/example_dags/example_display_name.py
[2024-12-24T18:51:58.961+0000] {processor.py:925} INFO - DAG(s) 'example_display_name' retrieved from /home/airflow/.local/lib/python3.12/site-packages/airflow/example_dags/example_display_name.py
[2024-12-24T18:51:58.987+0000] {logging_mixin.py:190} INFO - [2024-12-24T18:51:58.986+0000] {dag.py:3239} INFO - Sync 1 DAGs
[2024-12-24T18:51:59.003+0000] {logging_mixin.py:190} INFO - [2024-12-24T18:51:59.003+0000] {dag.py:4180} INFO - Setting next_dagrun for example_display_name to None, run_after=None
[2024-12-24T18:51:59.032+0000] {processor.py:208} INFO - Processing /home/airflow/.local/lib/python3.12/site-packages/airflow/example_dags/example_display_name.py took 0.091 seconds
[2024-12-24T18:52:29.642+0000] {processor.py:186} INFO - Started process (PID=333) to work on /home/airflow/.local/lib/python3.12/site-packages/airflow/example_dags/example_display_name.py
[2024-12-24T18:52:29.643+0000] {processor.py:914} INFO - Processing file /home/airflow/.local/lib/python3.12/site-packages/airflow/example_dags/example_display_name.py for tasks to queue
[2024-12-24T18:52:29.646+0000] {logging_mixin.py:190} INFO - [2024-12-24T18:52:29.645+0000] {dagbag.py:588} INFO - Filling up the DagBag from /home/airflow/.local/lib/python3.12/site-packages/airflow/example_dags/example_display_name.py
[2024-12-24T18:52:29.657+0000] {processor.py:925} INFO - DAG(s) 'example_display_name' retrieved from /home/airflow/.local/lib/python3.12/site-packages/airflow/example_dags/example_display_name.py
[2024-12-24T18:52:29.687+0000] {logging_mixin.py:190} INFO - [2024-12-24T18:52:29.687+0000] {dag.py:3239} INFO - Sync 1 DAGs
[2024-12-24T18:52:29.705+0000] {logging_mixin.py:190} INFO - [2024-12-24T18:52:29.705+0000] {dag.py:4180} INFO - Setting next_dagrun for example_display_name to None, run_after=None
[2024-12-24T18:52:29.738+0000] {processor.py:208} INFO - Processing /home/airflow/.local/lib/python3.12/site-packages/airflow/example_dags/example_display_name.py took 0.101 seconds
[2024-12-24T18:52:59.823+0000] {processor.py:186} INFO - Started process (PID=396) to work on /home/airflow/.local/lib/python3.12/site-packages/airflow/example_dags/example_display_name.py
[2024-12-24T18:52:59.825+0000] {processor.py:914} INFO - Processing file /home/airflow/.local/lib/python3.12/site-packages/airflow/example_dags/example_display_name.py for tasks to queue
[2024-12-24T18:52:59.828+0000] {logging_mixin.py:190} INFO - [2024-12-24T18:52:59.827+0000] {dagbag.py:588} INFO - Filling up the DagBag from /home/airflow/.local/lib/python3.12/site-packages/airflow/example_dags/example_display_name.py
[2024-12-24T18:52:59.837+0000] {processor.py:925} INFO - DAG(s) 'example_display_name' retrieved from /home/airflow/.local/lib/python3.12/site-packages/airflow/example_dags/example_display_name.py
[2024-12-24T18:52:59.859+0000] {logging_mixin.py:190} INFO - [2024-12-24T18:52:59.859+0000] {dag.py:3239} INFO - Sync 1 DAGs
[2024-12-24T18:52:59.876+0000] {logging_mixin.py:190} INFO - [2024-12-24T18:52:59.876+0000] {dag.py:4180} INFO - Setting next_dagrun for example_display_name to None, run_after=None
[2024-12-24T18:52:59.903+0000] {processor.py:208} INFO - Processing /home/airflow/.local/lib/python3.12/site-packages/airflow/example_dags/example_display_name.py took 0.087 seconds
[2024-12-24T18:53:30.581+0000] {processor.py:186} INFO - Started process (PID=459) to work on /home/airflow/.local/lib/python3.12/site-packages/airflow/example_dags/example_display_name.py
[2024-12-24T18:53:30.583+0000] {processor.py:914} INFO - Processing file /home/airflow/.local/lib/python3.12/site-packages/airflow/example_dags/example_display_name.py for tasks to queue
[2024-12-24T18:53:30.587+0000] {logging_mixin.py:190} INFO - [2024-12-24T18:53:30.586+0000] {dagbag.py:588} INFO - Filling up the DagBag from /home/airflow/.local/lib/python3.12/site-packages/airflow/example_dags/example_display_name.py
[2024-12-24T18:53:30.597+0000] {processor.py:925} INFO - DAG(s) 'example_display_name' retrieved from /home/airflow/.local/lib/python3.12/site-packages/airflow/example_dags/example_display_name.py
[2024-12-24T18:53:30.626+0000] {logging_mixin.py:190} INFO - [2024-12-24T18:53:30.625+0000] {dag.py:3239} INFO - Sync 1 DAGs
[2024-12-24T18:53:30.642+0000] {logging_mixin.py:190} INFO - [2024-12-24T18:53:30.642+0000] {dag.py:4180} INFO - Setting next_dagrun for example_display_name to None, run_after=None
[2024-12-24T18:53:30.668+0000] {processor.py:208} INFO - Processing /home/airflow/.local/lib/python3.12/site-packages/airflow/example_dags/example_display_name.py took 0.094 seconds
[2024-12-24T18:54:01.499+0000] {processor.py:186} INFO - Started process (PID=522) to work on /home/airflow/.local/lib/python3.12/site-packages/airflow/example_dags/example_display_name.py
[2024-12-24T18:54:01.500+0000] {processor.py:914} INFO - Processing file /home/airflow/.local/lib/python3.12/site-packages/airflow/example_dags/example_display_name.py for tasks to queue
[2024-12-24T18:54:01.503+0000] {logging_mixin.py:190} INFO - [2024-12-24T18:54:01.503+0000] {dagbag.py:588} INFO - Filling up the DagBag from /home/airflow/.local/lib/python3.12/site-packages/airflow/example_dags/example_display_name.py
[2024-12-24T18:54:01.512+0000] {processor.py:925} INFO - DAG(s) 'example_display_name' retrieved from /home/airflow/.local/lib/python3.12/site-packages/airflow/example_dags/example_display_name.py
[2024-12-24T18:54:01.534+0000] {logging_mixin.py:190} INFO - [2024-12-24T18:54:01.533+0000] {dag.py:3239} INFO - Sync 1 DAGs
[2024-12-24T18:54:01.551+0000] {logging_mixin.py:190} INFO - [2024-12-24T18:54:01.550+0000] {dag.py:4180} INFO - Setting next_dagrun for example_display_name to None, run_after=None
[2024-12-24T18:54:01.583+0000] {processor.py:208} INFO - Processing /home/airflow/.local/lib/python3.12/site-packages/airflow/example_dags/example_display_name.py took 0.090 seconds
[2024-12-24T18:54:32.465+0000] {processor.py:186} INFO - Started process (PID=585) to work on /home/airflow/.local/lib/python3.12/site-packages/airflow/example_dags/example_display_name.py
[2024-12-24T18:54:32.467+0000] {processor.py:914} INFO - Processing file /home/airflow/.local/lib/python3.12/site-packages/airflow/example_dags/example_display_name.py for tasks to queue
[2024-12-24T18:54:32.469+0000] {logging_mixin.py:190} INFO - [2024-12-24T18:54:32.469+0000] {dagbag.py:588} INFO - Filling up the DagBag from /home/airflow/.local/lib/python3.12/site-packages/airflow/example_dags/example_display_name.py
[2024-12-24T18:54:32.478+0000] {processor.py:925} INFO - DAG(s) 'example_display_name' retrieved from /home/airflow/.local/lib/python3.12/site-packages/airflow/example_dags/example_display_name.py
[2024-12-24T18:54:32.501+0000] {logging_mixin.py:190} INFO - [2024-12-24T18:54:32.501+0000] {dag.py:3239} INFO - Sync 1 DAGs
[2024-12-24T18:54:32.519+0000] {logging_mixin.py:190} INFO - [2024-12-24T18:54:32.519+0000] {dag.py:4180} INFO - Setting next_dagrun for example_display_name to None, run_after=None
[2024-12-24T18:54:32.550+0000] {processor.py:208} INFO - Processing /home/airflow/.local/lib/python3.12/site-packages/airflow/example_dags/example_display_name.py took 0.092 seconds
[2024-12-24T18:55:02.722+0000] {processor.py:186} INFO - Started process (PID=648) to work on /home/airflow/.local/lib/python3.12/site-packages/airflow/example_dags/example_display_name.py
[2024-12-24T18:55:02.724+0000] {processor.py:914} INFO - Processing file /home/airflow/.local/lib/python3.12/site-packages/airflow/example_dags/example_display_name.py for tasks to queue
[2024-12-24T18:55:02.728+0000] {logging_mixin.py:190} INFO - [2024-12-24T18:55:02.727+0000] {dagbag.py:588} INFO - Filling up the DagBag from /home/airflow/.local/lib/python3.12/site-packages/airflow/example_dags/example_display_name.py
[2024-12-24T18:55:02.737+0000] {processor.py:925} INFO - DAG(s) 'example_display_name' retrieved from /home/airflow/.local/lib/python3.12/site-packages/airflow/example_dags/example_display_name.py
[2024-12-24T18:55:02.760+0000] {logging_mixin.py:190} INFO - [2024-12-24T18:55:02.759+0000] {dag.py:3239} INFO - Sync 1 DAGs
[2024-12-24T18:55:02.776+0000] {logging_mixin.py:190} INFO - [2024-12-24T18:55:02.776+0000] {dag.py:4180} INFO - Setting next_dagrun for example_display_name to None, run_after=None
[2024-12-24T18:55:02.805+0000] {processor.py:208} INFO - Processing /home/airflow/.local/lib/python3.12/site-packages/airflow/example_dags/example_display_name.py took 0.089 seconds
[2024-12-24T18:55:33.381+0000] {processor.py:186} INFO - Started process (PID=711) to work on /home/airflow/.local/lib/python3.12/site-packages/airflow/example_dags/example_display_name.py
[2024-12-24T18:55:33.384+0000] {processor.py:914} INFO - Processing file /home/airflow/.local/lib/python3.12/site-packages/airflow/example_dags/example_display_name.py for tasks to queue
[2024-12-24T18:55:33.387+0000] {logging_mixin.py:190} INFO - [2024-12-24T18:55:33.387+0000] {dagbag.py:588} INFO - Filling up the DagBag from /home/airflow/.local/lib/python3.12/site-packages/airflow/example_dags/example_display_name.py
[2024-12-24T18:55:33.397+0000] {processor.py:925} INFO - DAG(s) 'example_display_name' retrieved from /home/airflow/.local/lib/python3.12/site-packages/airflow/example_dags/example_display_name.py
[2024-12-24T18:55:33.424+0000] {logging_mixin.py:190} INFO - [2024-12-24T18:55:33.423+0000] {dag.py:3239} INFO - Sync 1 DAGs
[2024-12-24T18:55:33.440+0000] {logging_mixin.py:190} INFO - [2024-12-24T18:55:33.440+0000] {dag.py:4180} INFO - Setting next_dagrun for example_display_name to None, run_after=None
[2024-12-24T18:55:33.470+0000] {processor.py:208} INFO - Processing /home/airflow/.local/lib/python3.12/site-packages/airflow/example_dags/example_display_name.py took 0.097 seconds
[2024-12-24T18:56:04.289+0000] {processor.py:186} INFO - Started process (PID=774) to work on /home/airflow/.local/lib/python3.12/site-packages/airflow/example_dags/example_display_name.py
[2024-12-24T18:56:04.290+0000] {processor.py:914} INFO - Processing file /home/airflow/.local/lib/python3.12/site-packages/airflow/example_dags/example_display_name.py for tasks to queue
[2024-12-24T18:56:04.293+0000] {logging_mixin.py:190} INFO - [2024-12-24T18:56:04.292+0000] {dagbag.py:588} INFO - Filling up the DagBag from /home/airflow/.local/lib/python3.12/site-packages/airflow/example_dags/example_display_name.py
[2024-12-24T18:56:04.300+0000] {processor.py:925} INFO - DAG(s) 'example_display_name' retrieved from /home/airflow/.local/lib/python3.12/site-packages/airflow/example_dags/example_display_name.py
[2024-12-24T18:56:04.323+0000] {logging_mixin.py:190} INFO - [2024-12-24T18:56:04.323+0000] {dag.py:3239} INFO - Sync 1 DAGs
[2024-12-24T18:56:04.339+0000] {logging_mixin.py:190} INFO - [2024-12-24T18:56:04.338+0000] {dag.py:4180} INFO - Setting next_dagrun for example_display_name to None, run_after=None
[2024-12-24T18:56:04.362+0000] {processor.py:208} INFO - Processing /home/airflow/.local/lib/python3.12/site-packages/airflow/example_dags/example_display_name.py took 0.079 seconds
[2024-12-24T18:56:35.309+0000] {processor.py:186} INFO - Started process (PID=837) to work on /home/airflow/.local/lib/python3.12/site-packages/airflow/example_dags/example_display_name.py
[2024-12-24T18:56:35.311+0000] {processor.py:914} INFO - Processing file /home/airflow/.local/lib/python3.12/site-packages/airflow/example_dags/example_display_name.py for tasks to queue
[2024-12-24T18:56:35.314+0000] {logging_mixin.py:190} INFO - [2024-12-24T18:56:35.314+0000] {dagbag.py:588} INFO - Filling up the DagBag from /home/airflow/.local/lib/python3.12/site-packages/airflow/example_dags/example_display_name.py
[2024-12-24T18:56:35.324+0000] {processor.py:925} INFO - DAG(s) 'example_display_name' retrieved from /home/airflow/.local/lib/python3.12/site-packages/airflow/example_dags/example_display_name.py
[2024-12-24T18:56:35.350+0000] {logging_mixin.py:190} INFO - [2024-12-24T18:56:35.350+0000] {dag.py:3239} INFO - Sync 1 DAGs
[2024-12-24T18:56:35.369+0000] {logging_mixin.py:190} INFO - [2024-12-24T18:56:35.368+0000] {dag.py:4180} INFO - Setting next_dagrun for example_display_name to None, run_after=None
[2024-12-24T18:56:35.399+0000] {processor.py:208} INFO - Processing /home/airflow/.local/lib/python3.12/site-packages/airflow/example_dags/example_display_name.py took 0.096 seconds
[2024-12-24T18:57:05.822+0000] {processor.py:186} INFO - Started process (PID=900) to work on /home/airflow/.local/lib/python3.12/site-packages/airflow/example_dags/example_display_name.py
[2024-12-24T18:57:05.824+0000] {processor.py:914} INFO - Processing file /home/airflow/.local/lib/python3.12/site-packages/airflow/example_dags/example_display_name.py for tasks to queue
[2024-12-24T18:57:05.826+0000] {logging_mixin.py:190} INFO - [2024-12-24T18:57:05.826+0000] {dagbag.py:588} INFO - Filling up the DagBag from /home/airflow/.local/lib/python3.12/site-packages/airflow/example_dags/example_display_name.py
[2024-12-24T18:57:05.835+0000] {processor.py:925} INFO - DAG(s) 'example_display_name' retrieved from /home/airflow/.local/lib/python3.12/site-packages/airflow/example_dags/example_display_name.py
[2024-12-24T18:57:05.856+0000] {logging_mixin.py:190} INFO - [2024-12-24T18:57:05.856+0000] {dag.py:3239} INFO - Sync 1 DAGs
[2024-12-24T18:57:05.870+0000] {logging_mixin.py:190} INFO - [2024-12-24T18:57:05.870+0000] {dag.py:4180} INFO - Setting next_dagrun for example_display_name to None, run_after=None
[2024-12-24T18:57:05.894+0000] {processor.py:208} INFO - Processing /home/airflow/.local/lib/python3.12/site-packages/airflow/example_dags/example_display_name.py took 0.078 seconds
[2024-12-24T18:57:36.212+0000] {processor.py:186} INFO - Started process (PID=963) to work on /home/airflow/.local/lib/python3.12/site-packages/airflow/example_dags/example_display_name.py
[2024-12-24T18:57:36.213+0000] {processor.py:914} INFO - Processing file /home/airflow/.local/lib/python3.12/site-packages/airflow/example_dags/example_display_name.py for tasks to queue
[2024-12-24T18:57:36.216+0000] {logging_mixin.py:190} INFO - [2024-12-24T18:57:36.216+0000] {dagbag.py:588} INFO - Filling up the DagBag from /home/airflow/.local/lib/python3.12/site-packages/airflow/example_dags/example_display_name.py
[2024-12-24T18:57:36.224+0000] {processor.py:925} INFO - DAG(s) 'example_display_name' retrieved from /home/airflow/.local/lib/python3.12/site-packages/airflow/example_dags/example_display_name.py
[2024-12-24T18:57:36.246+0000] {logging_mixin.py:190} INFO - [2024-12-24T18:57:36.246+0000] {dag.py:3239} INFO - Sync 1 DAGs
[2024-12-24T18:57:36.262+0000] {logging_mixin.py:190} INFO - [2024-12-24T18:57:36.262+0000] {dag.py:4180} INFO - Setting next_dagrun for example_display_name to None, run_after=None
[2024-12-24T18:57:36.287+0000] {processor.py:208} INFO - Processing /home/airflow/.local/lib/python3.12/site-packages/airflow/example_dags/example_display_name.py took 0.082 seconds
[2024-12-24T18:58:07.060+0000] {processor.py:186} INFO - Started process (PID=1026) to work on /home/airflow/.local/lib/python3.12/site-packages/airflow/example_dags/example_display_name.py
[2024-12-24T18:58:07.061+0000] {processor.py:914} INFO - Processing file /home/airflow/.local/lib/python3.12/site-packages/airflow/example_dags/example_display_name.py for tasks to queue
[2024-12-24T18:58:07.064+0000] {logging_mixin.py:190} INFO - [2024-12-24T18:58:07.064+0000] {dagbag.py:588} INFO - Filling up the DagBag from /home/airflow/.local/lib/python3.12/site-packages/airflow/example_dags/example_display_name.py
[2024-12-24T18:58:07.073+0000] {processor.py:925} INFO - DAG(s) 'example_display_name' retrieved from /home/airflow/.local/lib/python3.12/site-packages/airflow/example_dags/example_display_name.py
[2024-12-24T18:58:07.095+0000] {logging_mixin.py:190} INFO - [2024-12-24T18:58:07.095+0000] {dag.py:3239} INFO - Sync 1 DAGs
[2024-12-24T18:58:07.120+0000] {logging_mixin.py:190} INFO - [2024-12-24T18:58:07.120+0000] {dag.py:4180} INFO - Setting next_dagrun for example_display_name to None, run_after=None
[2024-12-24T18:58:07.148+0000] {processor.py:208} INFO - Processing /home/airflow/.local/lib/python3.12/site-packages/airflow/example_dags/example_display_name.py took 0.095 seconds
[2024-12-24T18:58:37.442+0000] {processor.py:186} INFO - Started process (PID=1089) to work on /home/airflow/.local/lib/python3.12/site-packages/airflow/example_dags/example_display_name.py
[2024-12-24T18:58:37.443+0000] {processor.py:914} INFO - Processing file /home/airflow/.local/lib/python3.12/site-packages/airflow/example_dags/example_display_name.py for tasks to queue
[2024-12-24T18:58:37.446+0000] {logging_mixin.py:190} INFO - [2024-12-24T18:58:37.446+0000] {dagbag.py:588} INFO - Filling up the DagBag from /home/airflow/.local/lib/python3.12/site-packages/airflow/example_dags/example_display_name.py
[2024-12-24T18:58:37.457+0000] {processor.py:925} INFO - DAG(s) 'example_display_name' retrieved from /home/airflow/.local/lib/python3.12/site-packages/airflow/example_dags/example_display_name.py
[2024-12-24T18:58:37.484+0000] {logging_mixin.py:190} INFO - [2024-12-24T18:58:37.483+0000] {dag.py:3239} INFO - Sync 1 DAGs
[2024-12-24T18:58:37.501+0000] {logging_mixin.py:190} INFO - [2024-12-24T18:58:37.501+0000] {dag.py:4180} INFO - Setting next_dagrun for example_display_name to None, run_after=None
[2024-12-24T18:58:37.530+0000] {processor.py:208} INFO - Processing /home/airflow/.local/lib/python3.12/site-packages/airflow/example_dags/example_display_name.py took 0.094 seconds
[2024-12-24T18:59:07.603+0000] {processor.py:186} INFO - Started process (PID=1152) to work on /home/airflow/.local/lib/python3.12/site-packages/airflow/example_dags/example_display_name.py
[2024-12-24T18:59:07.605+0000] {processor.py:914} INFO - Processing file /home/airflow/.local/lib/python3.12/site-packages/airflow/example_dags/example_display_name.py for tasks to queue
[2024-12-24T18:59:07.607+0000] {logging_mixin.py:190} INFO - [2024-12-24T18:59:07.607+0000] {dagbag.py:588} INFO - Filling up the DagBag from /home/airflow/.local/lib/python3.12/site-packages/airflow/example_dags/example_display_name.py
[2024-12-24T18:59:07.616+0000] {processor.py:925} INFO - DAG(s) 'example_display_name' retrieved from /home/airflow/.local/lib/python3.12/site-packages/airflow/example_dags/example_display_name.py
[2024-12-24T18:59:07.638+0000] {logging_mixin.py:190} INFO - [2024-12-24T18:59:07.638+0000] {dag.py:3239} INFO - Sync 1 DAGs
[2024-12-24T18:59:07.654+0000] {logging_mixin.py:190} INFO - [2024-12-24T18:59:07.654+0000] {dag.py:4180} INFO - Setting next_dagrun for example_display_name to None, run_after=None
[2024-12-24T18:59:07.683+0000] {processor.py:208} INFO - Processing /home/airflow/.local/lib/python3.12/site-packages/airflow/example_dags/example_display_name.py took 0.086 seconds
[2024-12-24T18:59:38.034+0000] {processor.py:186} INFO - Started process (PID=1221) to work on /home/airflow/.local/lib/python3.12/site-packages/airflow/example_dags/example_display_name.py
[2024-12-24T18:59:38.036+0000] {processor.py:914} INFO - Processing file /home/airflow/.local/lib/python3.12/site-packages/airflow/example_dags/example_display_name.py for tasks to queue
[2024-12-24T18:59:38.038+0000] {logging_mixin.py:190} INFO - [2024-12-24T18:59:38.038+0000] {dagbag.py:588} INFO - Filling up the DagBag from /home/airflow/.local/lib/python3.12/site-packages/airflow/example_dags/example_display_name.py
[2024-12-24T18:59:38.046+0000] {processor.py:925} INFO - DAG(s) 'example_display_name' retrieved from /home/airflow/.local/lib/python3.12/site-packages/airflow/example_dags/example_display_name.py
[2024-12-24T18:59:38.068+0000] {logging_mixin.py:190} INFO - [2024-12-24T18:59:38.068+0000] {dag.py:3239} INFO - Sync 1 DAGs
[2024-12-24T18:59:38.084+0000] {logging_mixin.py:190} INFO - [2024-12-24T18:59:38.084+0000] {dag.py:4180} INFO - Setting next_dagrun for example_display_name to None, run_after=None
[2024-12-24T18:59:38.110+0000] {processor.py:208} INFO - Processing /home/airflow/.local/lib/python3.12/site-packages/airflow/example_dags/example_display_name.py took 0.082 seconds
[2024-12-24T19:00:08.531+0000] {processor.py:186} INFO - Started process (PID=1284) to work on /home/airflow/.local/lib/python3.12/site-packages/airflow/example_dags/example_display_name.py
[2024-12-24T19:00:08.533+0000] {processor.py:914} INFO - Processing file /home/airflow/.local/lib/python3.12/site-packages/airflow/example_dags/example_display_name.py for tasks to queue
[2024-12-24T19:00:08.537+0000] {logging_mixin.py:190} INFO - [2024-12-24T19:00:08.536+0000] {dagbag.py:588} INFO - Filling up the DagBag from /home/airflow/.local/lib/python3.12/site-packages/airflow/example_dags/example_display_name.py
[2024-12-24T19:00:08.549+0000] {processor.py:925} INFO - DAG(s) 'example_display_name' retrieved from /home/airflow/.local/lib/python3.12/site-packages/airflow/example_dags/example_display_name.py
[2024-12-24T19:00:08.579+0000] {logging_mixin.py:190} INFO - [2024-12-24T19:00:08.579+0000] {dag.py:3239} INFO - Sync 1 DAGs
[2024-12-24T19:00:08.603+0000] {logging_mixin.py:190} INFO - [2024-12-24T19:00:08.602+0000] {dag.py:4180} INFO - Setting next_dagrun for example_display_name to None, run_after=None
[2024-12-24T19:00:08.642+0000] {processor.py:208} INFO - Processing /home/airflow/.local/lib/python3.12/site-packages/airflow/example_dags/example_display_name.py took 0.120 seconds
[2024-12-24T19:00:39.158+0000] {processor.py:186} INFO - Started process (PID=1347) to work on /home/airflow/.local/lib/python3.12/site-packages/airflow/example_dags/example_display_name.py
[2024-12-24T19:00:39.159+0000] {processor.py:914} INFO - Processing file /home/airflow/.local/lib/python3.12/site-packages/airflow/example_dags/example_display_name.py for tasks to queue
[2024-12-24T19:00:39.162+0000] {logging_mixin.py:190} INFO - [2024-12-24T19:00:39.162+0000] {dagbag.py:588} INFO - Filling up the DagBag from /home/airflow/.local/lib/python3.12/site-packages/airflow/example_dags/example_display_name.py
[2024-12-24T19:00:39.173+0000] {processor.py:925} INFO - DAG(s) 'example_display_name' retrieved from /home/airflow/.local/lib/python3.12/site-packages/airflow/example_dags/example_display_name.py
[2024-12-24T19:00:39.199+0000] {logging_mixin.py:190} INFO - [2024-12-24T19:00:39.199+0000] {dag.py:3239} INFO - Sync 1 DAGs
[2024-12-24T19:00:39.219+0000] {logging_mixin.py:190} INFO - [2024-12-24T19:00:39.218+0000] {dag.py:4180} INFO - Setting next_dagrun for example_display_name to None, run_after=None
[2024-12-24T19:00:39.247+0000] {processor.py:208} INFO - Processing /home/airflow/.local/lib/python3.12/site-packages/airflow/example_dags/example_display_name.py took 0.098 seconds
[2024-12-24T19:01:09.758+0000] {processor.py:186} INFO - Started process (PID=1410) to work on /home/airflow/.local/lib/python3.12/site-packages/airflow/example_dags/example_display_name.py
[2024-12-24T19:01:09.759+0000] {processor.py:914} INFO - Processing file /home/airflow/.local/lib/python3.12/site-packages/airflow/example_dags/example_display_name.py for tasks to queue
[2024-12-24T19:01:09.761+0000] {logging_mixin.py:190} INFO - [2024-12-24T19:01:09.761+0000] {dagbag.py:588} INFO - Filling up the DagBag from /home/airflow/.local/lib/python3.12/site-packages/airflow/example_dags/example_display_name.py
[2024-12-24T19:01:09.769+0000] {processor.py:925} INFO - DAG(s) 'example_display_name' retrieved from /home/airflow/.local/lib/python3.12/site-packages/airflow/example_dags/example_display_name.py
[2024-12-24T19:01:09.793+0000] {logging_mixin.py:190} INFO - [2024-12-24T19:01:09.792+0000] {dag.py:3239} INFO - Sync 1 DAGs
[2024-12-24T19:01:09.810+0000] {logging_mixin.py:190} INFO - [2024-12-24T19:01:09.809+0000] {dag.py:4180} INFO - Setting next_dagrun for example_display_name to None, run_after=None
[2024-12-24T19:01:09.835+0000] {processor.py:208} INFO - Processing /home/airflow/.local/lib/python3.12/site-packages/airflow/example_dags/example_display_name.py took 0.085 seconds
[2024-12-24T19:01:40.011+0000] {processor.py:186} INFO - Started process (PID=1473) to work on /home/airflow/.local/lib/python3.12/site-packages/airflow/example_dags/example_display_name.py
[2024-12-24T19:01:40.013+0000] {processor.py:914} INFO - Processing file /home/airflow/.local/lib/python3.12/site-packages/airflow/example_dags/example_display_name.py for tasks to queue
[2024-12-24T19:01:40.015+0000] {logging_mixin.py:190} INFO - [2024-12-24T19:01:40.015+0000] {dagbag.py:588} INFO - Filling up the DagBag from /home/airflow/.local/lib/python3.12/site-packages/airflow/example_dags/example_display_name.py
[2024-12-24T19:01:40.023+0000] {processor.py:925} INFO - DAG(s) 'example_display_name' retrieved from /home/airflow/.local/lib/python3.12/site-packages/airflow/example_dags/example_display_name.py
[2024-12-24T19:01:40.045+0000] {logging_mixin.py:190} INFO - [2024-12-24T19:01:40.045+0000] {dag.py:3239} INFO - Sync 1 DAGs
[2024-12-24T19:01:40.060+0000] {logging_mixin.py:190} INFO - [2024-12-24T19:01:40.059+0000] {dag.py:4180} INFO - Setting next_dagrun for example_display_name to None, run_after=None
[2024-12-24T19:01:40.085+0000] {processor.py:208} INFO - Processing /home/airflow/.local/lib/python3.12/site-packages/airflow/example_dags/example_display_name.py took 0.081 seconds
[2024-12-24T19:02:10.432+0000] {processor.py:186} INFO - Started process (PID=1536) to work on /home/airflow/.local/lib/python3.12/site-packages/airflow/example_dags/example_display_name.py
[2024-12-24T19:02:10.433+0000] {processor.py:914} INFO - Processing file /home/airflow/.local/lib/python3.12/site-packages/airflow/example_dags/example_display_name.py for tasks to queue
[2024-12-24T19:02:10.436+0000] {logging_mixin.py:190} INFO - [2024-12-24T19:02:10.435+0000] {dagbag.py:588} INFO - Filling up the DagBag from /home/airflow/.local/lib/python3.12/site-packages/airflow/example_dags/example_display_name.py
[2024-12-24T19:02:10.444+0000] {processor.py:925} INFO - DAG(s) 'example_display_name' retrieved from /home/airflow/.local/lib/python3.12/site-packages/airflow/example_dags/example_display_name.py
[2024-12-24T19:02:10.468+0000] {logging_mixin.py:190} INFO - [2024-12-24T19:02:10.467+0000] {dag.py:3239} INFO - Sync 1 DAGs
[2024-12-24T19:02:10.483+0000] {logging_mixin.py:190} INFO - [2024-12-24T19:02:10.483+0000] {dag.py:4180} INFO - Setting next_dagrun for example_display_name to None, run_after=None
[2024-12-24T19:02:10.509+0000] {processor.py:208} INFO - Processing /home/airflow/.local/lib/python3.12/site-packages/airflow/example_dags/example_display_name.py took 0.083 seconds
[2024-12-24T19:02:40.831+0000] {processor.py:186} INFO - Started process (PID=1599) to work on /home/airflow/.local/lib/python3.12/site-packages/airflow/example_dags/example_display_name.py
[2024-12-24T19:02:40.832+0000] {processor.py:914} INFO - Processing file /home/airflow/.local/lib/python3.12/site-packages/airflow/example_dags/example_display_name.py for tasks to queue
[2024-12-24T19:02:40.835+0000] {logging_mixin.py:190} INFO - [2024-12-24T19:02:40.835+0000] {dagbag.py:588} INFO - Filling up the DagBag from /home/airflow/.local/lib/python3.12/site-packages/airflow/example_dags/example_display_name.py
[2024-12-24T19:02:40.843+0000] {processor.py:925} INFO - DAG(s) 'example_display_name' retrieved from /home/airflow/.local/lib/python3.12/site-packages/airflow/example_dags/example_display_name.py
[2024-12-24T19:02:40.866+0000] {logging_mixin.py:190} INFO - [2024-12-24T19:02:40.865+0000] {dag.py:3239} INFO - Sync 1 DAGs
[2024-12-24T19:02:40.881+0000] {logging_mixin.py:190} INFO - [2024-12-24T19:02:40.881+0000] {dag.py:4180} INFO - Setting next_dagrun for example_display_name to None, run_after=None
[2024-12-24T19:02:40.907+0000] {processor.py:208} INFO - Processing /home/airflow/.local/lib/python3.12/site-packages/airflow/example_dags/example_display_name.py took 0.082 seconds
[2024-12-24T19:03:11.374+0000] {processor.py:186} INFO - Started process (PID=1662) to work on /home/airflow/.local/lib/python3.12/site-packages/airflow/example_dags/example_display_name.py
[2024-12-24T19:03:11.375+0000] {processor.py:914} INFO - Processing file /home/airflow/.local/lib/python3.12/site-packages/airflow/example_dags/example_display_name.py for tasks to queue
[2024-12-24T19:03:11.378+0000] {logging_mixin.py:190} INFO - [2024-12-24T19:03:11.378+0000] {dagbag.py:588} INFO - Filling up the DagBag from /home/airflow/.local/lib/python3.12/site-packages/airflow/example_dags/example_display_name.py
[2024-12-24T19:03:11.386+0000] {processor.py:925} INFO - DAG(s) 'example_display_name' retrieved from /home/airflow/.local/lib/python3.12/site-packages/airflow/example_dags/example_display_name.py
[2024-12-24T19:03:11.410+0000] {logging_mixin.py:190} INFO - [2024-12-24T19:03:11.410+0000] {dag.py:3239} INFO - Sync 1 DAGs
[2024-12-24T19:03:11.426+0000] {logging_mixin.py:190} INFO - [2024-12-24T19:03:11.426+0000] {dag.py:4180} INFO - Setting next_dagrun for example_display_name to None, run_after=None
[2024-12-24T19:03:11.453+0000] {processor.py:208} INFO - Processing /home/airflow/.local/lib/python3.12/site-packages/airflow/example_dags/example_display_name.py took 0.085 seconds
[2024-12-24T19:03:41.595+0000] {processor.py:186} INFO - Started process (PID=1725) to work on /home/airflow/.local/lib/python3.12/site-packages/airflow/example_dags/example_display_name.py
[2024-12-24T19:03:41.597+0000] {processor.py:914} INFO - Processing file /home/airflow/.local/lib/python3.12/site-packages/airflow/example_dags/example_display_name.py for tasks to queue
[2024-12-24T19:03:41.599+0000] {logging_mixin.py:190} INFO - [2024-12-24T19:03:41.599+0000] {dagbag.py:588} INFO - Filling up the DagBag from /home/airflow/.local/lib/python3.12/site-packages/airflow/example_dags/example_display_name.py
[2024-12-24T19:03:41.607+0000] {processor.py:925} INFO - DAG(s) 'example_display_name' retrieved from /home/airflow/.local/lib/python3.12/site-packages/airflow/example_dags/example_display_name.py
[2024-12-24T19:03:41.630+0000] {logging_mixin.py:190} INFO - [2024-12-24T19:03:41.630+0000] {dag.py:3239} INFO - Sync 1 DAGs
[2024-12-24T19:03:41.645+0000] {logging_mixin.py:190} INFO - [2024-12-24T19:03:41.645+0000] {dag.py:4180} INFO - Setting next_dagrun for example_display_name to None, run_after=None
[2024-12-24T19:03:41.668+0000] {processor.py:208} INFO - Processing /home/airflow/.local/lib/python3.12/site-packages/airflow/example_dags/example_display_name.py took 0.078 seconds
[2024-12-24T19:04:12.005+0000] {processor.py:186} INFO - Started process (PID=1788) to work on /home/airflow/.local/lib/python3.12/site-packages/airflow/example_dags/example_display_name.py
[2024-12-24T19:04:12.007+0000] {processor.py:914} INFO - Processing file /home/airflow/.local/lib/python3.12/site-packages/airflow/example_dags/example_display_name.py for tasks to queue
[2024-12-24T19:04:12.009+0000] {logging_mixin.py:190} INFO - [2024-12-24T19:04:12.009+0000] {dagbag.py:588} INFO - Filling up the DagBag from /home/airflow/.local/lib/python3.12/site-packages/airflow/example_dags/example_display_name.py
[2024-12-24T19:04:12.018+0000] {processor.py:925} INFO - DAG(s) 'example_display_name' retrieved from /home/airflow/.local/lib/python3.12/site-packages/airflow/example_dags/example_display_name.py
[2024-12-24T19:04:12.042+0000] {logging_mixin.py:190} INFO - [2024-12-24T19:04:12.042+0000] {dag.py:3239} INFO - Sync 1 DAGs
[2024-12-24T19:04:12.059+0000] {logging_mixin.py:190} INFO - [2024-12-24T19:04:12.059+0000] {dag.py:4180} INFO - Setting next_dagrun for example_display_name to None, run_after=None
[2024-12-24T19:04:12.085+0000] {processor.py:208} INFO - Processing /home/airflow/.local/lib/python3.12/site-packages/airflow/example_dags/example_display_name.py took 0.086 seconds
[2024-12-24T19:04:42.327+0000] {processor.py:186} INFO - Started process (PID=1851) to work on /home/airflow/.local/lib/python3.12/site-packages/airflow/example_dags/example_display_name.py
[2024-12-24T19:04:42.328+0000] {processor.py:914} INFO - Processing file /home/airflow/.local/lib/python3.12/site-packages/airflow/example_dags/example_display_name.py for tasks to queue
[2024-12-24T19:04:42.331+0000] {logging_mixin.py:190} INFO - [2024-12-24T19:04:42.330+0000] {dagbag.py:588} INFO - Filling up the DagBag from /home/airflow/.local/lib/python3.12/site-packages/airflow/example_dags/example_display_name.py
[2024-12-24T19:04:42.340+0000] {processor.py:925} INFO - DAG(s) 'example_display_name' retrieved from /home/airflow/.local/lib/python3.12/site-packages/airflow/example_dags/example_display_name.py
[2024-12-24T19:04:42.367+0000] {logging_mixin.py:190} INFO - [2024-12-24T19:04:42.367+0000] {dag.py:3239} INFO - Sync 1 DAGs
[2024-12-24T19:04:42.384+0000] {logging_mixin.py:190} INFO - [2024-12-24T19:04:42.384+0000] {dag.py:4180} INFO - Setting next_dagrun for example_display_name to None, run_after=None
[2024-12-24T19:04:42.413+0000] {processor.py:208} INFO - Processing /home/airflow/.local/lib/python3.12/site-packages/airflow/example_dags/example_display_name.py took 0.092 seconds
[2024-12-24T19:05:13.728+0000] {processor.py:186} INFO - Started process (PID=1914) to work on /home/airflow/.local/lib/python3.12/site-packages/airflow/example_dags/example_display_name.py
[2024-12-24T19:05:13.730+0000] {processor.py:914} INFO - Processing file /home/airflow/.local/lib/python3.12/site-packages/airflow/example_dags/example_display_name.py for tasks to queue
[2024-12-24T19:05:13.733+0000] {logging_mixin.py:190} INFO - [2024-12-24T19:05:13.733+0000] {dagbag.py:588} INFO - Filling up the DagBag from /home/airflow/.local/lib/python3.12/site-packages/airflow/example_dags/example_display_name.py
[2024-12-24T19:05:13.744+0000] {processor.py:925} INFO - DAG(s) 'example_display_name' retrieved from /home/airflow/.local/lib/python3.12/site-packages/airflow/example_dags/example_display_name.py
[2024-12-24T19:05:13.769+0000] {logging_mixin.py:190} INFO - [2024-12-24T19:05:13.769+0000] {dag.py:3239} INFO - Sync 1 DAGs
[2024-12-24T19:05:13.784+0000] {logging_mixin.py:190} INFO - [2024-12-24T19:05:13.784+0000] {dag.py:4180} INFO - Setting next_dagrun for example_display_name to None, run_after=None
[2024-12-24T19:05:13.809+0000] {processor.py:208} INFO - Processing /home/airflow/.local/lib/python3.12/site-packages/airflow/example_dags/example_display_name.py took 0.088 seconds
[2024-12-24T19:05:45.480+0000] {processor.py:186} INFO - Started process (PID=1977) to work on /home/airflow/.local/lib/python3.12/site-packages/airflow/example_dags/example_display_name.py
[2024-12-24T19:05:45.481+0000] {processor.py:914} INFO - Processing file /home/airflow/.local/lib/python3.12/site-packages/airflow/example_dags/example_display_name.py for tasks to queue
[2024-12-24T19:05:45.484+0000] {logging_mixin.py:190} INFO - [2024-12-24T19:05:45.484+0000] {dagbag.py:588} INFO - Filling up the DagBag from /home/airflow/.local/lib/python3.12/site-packages/airflow/example_dags/example_display_name.py
[2024-12-24T19:05:45.494+0000] {processor.py:925} INFO - DAG(s) 'example_display_name' retrieved from /home/airflow/.local/lib/python3.12/site-packages/airflow/example_dags/example_display_name.py
[2024-12-24T19:05:45.519+0000] {logging_mixin.py:190} INFO - [2024-12-24T19:05:45.519+0000] {dag.py:3239} INFO - Sync 1 DAGs
[2024-12-24T19:05:45.535+0000] {logging_mixin.py:190} INFO - [2024-12-24T19:05:45.535+0000] {dag.py:4180} INFO - Setting next_dagrun for example_display_name to None, run_after=None
[2024-12-24T19:05:45.563+0000] {processor.py:208} INFO - Processing /home/airflow/.local/lib/python3.12/site-packages/airflow/example_dags/example_display_name.py took 0.089 seconds
[2024-12-24T19:06:15.688+0000] {processor.py:186} INFO - Started process (PID=2036) to work on /home/airflow/.local/lib/python3.12/site-packages/airflow/example_dags/example_display_name.py
[2024-12-24T19:06:15.690+0000] {processor.py:914} INFO - Processing file /home/airflow/.local/lib/python3.12/site-packages/airflow/example_dags/example_display_name.py for tasks to queue
[2024-12-24T19:06:15.693+0000] {logging_mixin.py:190} INFO - [2024-12-24T19:06:15.692+0000] {dagbag.py:588} INFO - Filling up the DagBag from /home/airflow/.local/lib/python3.12/site-packages/airflow/example_dags/example_display_name.py
[2024-12-24T19:06:15.701+0000] {processor.py:925} INFO - DAG(s) 'example_display_name' retrieved from /home/airflow/.local/lib/python3.12/site-packages/airflow/example_dags/example_display_name.py
[2024-12-24T19:06:15.727+0000] {logging_mixin.py:190} INFO - [2024-12-24T19:06:15.727+0000] {dag.py:3239} INFO - Sync 1 DAGs
[2024-12-24T19:06:15.744+0000] {logging_mixin.py:190} INFO - [2024-12-24T19:06:15.744+0000] {dag.py:4180} INFO - Setting next_dagrun for example_display_name to None, run_after=None
[2024-12-24T19:06:15.771+0000] {processor.py:208} INFO - Processing /home/airflow/.local/lib/python3.12/site-packages/airflow/example_dags/example_display_name.py took 0.089 seconds
[2024-12-24T19:06:46.393+0000] {processor.py:186} INFO - Started process (PID=2098) to work on /home/airflow/.local/lib/python3.12/site-packages/airflow/example_dags/example_display_name.py
[2024-12-24T19:06:46.395+0000] {processor.py:914} INFO - Processing file /home/airflow/.local/lib/python3.12/site-packages/airflow/example_dags/example_display_name.py for tasks to queue
[2024-12-24T19:06:46.397+0000] {logging_mixin.py:190} INFO - [2024-12-24T19:06:46.397+0000] {dagbag.py:588} INFO - Filling up the DagBag from /home/airflow/.local/lib/python3.12/site-packages/airflow/example_dags/example_display_name.py
[2024-12-24T19:06:46.405+0000] {processor.py:925} INFO - DAG(s) 'example_display_name' retrieved from /home/airflow/.local/lib/python3.12/site-packages/airflow/example_dags/example_display_name.py
[2024-12-24T19:06:46.428+0000] {logging_mixin.py:190} INFO - [2024-12-24T19:06:46.428+0000] {dag.py:3239} INFO - Sync 1 DAGs
[2024-12-24T19:06:46.444+0000] {logging_mixin.py:190} INFO - [2024-12-24T19:06:46.444+0000] {dag.py:4180} INFO - Setting next_dagrun for example_display_name to None, run_after=None
[2024-12-24T19:06:46.473+0000] {processor.py:208} INFO - Processing /home/airflow/.local/lib/python3.12/site-packages/airflow/example_dags/example_display_name.py took 0.085 seconds
[2024-12-24T19:07:17.158+0000] {processor.py:186} INFO - Started process (PID=2166) to work on /home/airflow/.local/lib/python3.12/site-packages/airflow/example_dags/example_display_name.py
[2024-12-24T19:07:17.159+0000] {processor.py:914} INFO - Processing file /home/airflow/.local/lib/python3.12/site-packages/airflow/example_dags/example_display_name.py for tasks to queue
[2024-12-24T19:07:17.163+0000] {logging_mixin.py:190} INFO - [2024-12-24T19:07:17.163+0000] {dagbag.py:588} INFO - Filling up the DagBag from /home/airflow/.local/lib/python3.12/site-packages/airflow/example_dags/example_display_name.py
[2024-12-24T19:07:17.173+0000] {processor.py:925} INFO - DAG(s) 'example_display_name' retrieved from /home/airflow/.local/lib/python3.12/site-packages/airflow/example_dags/example_display_name.py
[2024-12-24T19:07:17.196+0000] {logging_mixin.py:190} INFO - [2024-12-24T19:07:17.195+0000] {dag.py:3239} INFO - Sync 1 DAGs
[2024-12-24T19:07:17.212+0000] {logging_mixin.py:190} INFO - [2024-12-24T19:07:17.212+0000] {dag.py:4180} INFO - Setting next_dagrun for example_display_name to None, run_after=None
[2024-12-24T19:07:17.237+0000] {processor.py:208} INFO - Processing /home/airflow/.local/lib/python3.12/site-packages/airflow/example_dags/example_display_name.py took 0.085 seconds
[2024-12-24T19:07:47.413+0000] {processor.py:186} INFO - Started process (PID=2229) to work on /home/airflow/.local/lib/python3.12/site-packages/airflow/example_dags/example_display_name.py
[2024-12-24T19:07:47.414+0000] {processor.py:914} INFO - Processing file /home/airflow/.local/lib/python3.12/site-packages/airflow/example_dags/example_display_name.py for tasks to queue
[2024-12-24T19:07:47.418+0000] {logging_mixin.py:190} INFO - [2024-12-24T19:07:47.418+0000] {dagbag.py:588} INFO - Filling up the DagBag from /home/airflow/.local/lib/python3.12/site-packages/airflow/example_dags/example_display_name.py
[2024-12-24T19:07:47.431+0000] {processor.py:925} INFO - DAG(s) 'example_display_name' retrieved from /home/airflow/.local/lib/python3.12/site-packages/airflow/example_dags/example_display_name.py
[2024-12-24T19:07:47.463+0000] {logging_mixin.py:190} INFO - [2024-12-24T19:07:47.463+0000] {dag.py:3239} INFO - Sync 1 DAGs
[2024-12-24T19:07:47.487+0000] {logging_mixin.py:190} INFO - [2024-12-24T19:07:47.486+0000] {dag.py:4180} INFO - Setting next_dagrun for example_display_name to None, run_after=None
[2024-12-24T19:07:47.528+0000] {processor.py:208} INFO - Processing /home/airflow/.local/lib/python3.12/site-packages/airflow/example_dags/example_display_name.py took 0.123 seconds
[2024-12-24T19:08:17.828+0000] {processor.py:186} INFO - Started process (PID=2292) to work on /home/airflow/.local/lib/python3.12/site-packages/airflow/example_dags/example_display_name.py
[2024-12-24T19:08:17.829+0000] {processor.py:914} INFO - Processing file /home/airflow/.local/lib/python3.12/site-packages/airflow/example_dags/example_display_name.py for tasks to queue
[2024-12-24T19:08:17.832+0000] {logging_mixin.py:190} INFO - [2024-12-24T19:08:17.832+0000] {dagbag.py:588} INFO - Filling up the DagBag from /home/airflow/.local/lib/python3.12/site-packages/airflow/example_dags/example_display_name.py
[2024-12-24T19:08:17.841+0000] {processor.py:925} INFO - DAG(s) 'example_display_name' retrieved from /home/airflow/.local/lib/python3.12/site-packages/airflow/example_dags/example_display_name.py
[2024-12-24T19:08:17.863+0000] {logging_mixin.py:190} INFO - [2024-12-24T19:08:17.862+0000] {dag.py:3239} INFO - Sync 1 DAGs
[2024-12-24T19:08:17.879+0000] {logging_mixin.py:190} INFO - [2024-12-24T19:08:17.878+0000] {dag.py:4180} INFO - Setting next_dagrun for example_display_name to None, run_after=None
[2024-12-24T19:08:17.904+0000] {processor.py:208} INFO - Processing /home/airflow/.local/lib/python3.12/site-packages/airflow/example_dags/example_display_name.py took 0.083 seconds
[2024-12-24T19:08:48.335+0000] {processor.py:186} INFO - Started process (PID=2355) to work on /home/airflow/.local/lib/python3.12/site-packages/airflow/example_dags/example_display_name.py
[2024-12-24T19:08:48.337+0000] {processor.py:914} INFO - Processing file /home/airflow/.local/lib/python3.12/site-packages/airflow/example_dags/example_display_name.py for tasks to queue
[2024-12-24T19:08:48.340+0000] {logging_mixin.py:190} INFO - [2024-12-24T19:08:48.340+0000] {dagbag.py:588} INFO - Filling up the DagBag from /home/airflow/.local/lib/python3.12/site-packages/airflow/example_dags/example_display_name.py
[2024-12-24T19:08:48.349+0000] {processor.py:925} INFO - DAG(s) 'example_display_name' retrieved from /home/airflow/.local/lib/python3.12/site-packages/airflow/example_dags/example_display_name.py
[2024-12-24T19:08:48.373+0000] {logging_mixin.py:190} INFO - [2024-12-24T19:08:48.373+0000] {dag.py:3239} INFO - Sync 1 DAGs
[2024-12-24T19:08:48.390+0000] {logging_mixin.py:190} INFO - [2024-12-24T19:08:48.390+0000] {dag.py:4180} INFO - Setting next_dagrun for example_display_name to None, run_after=None
[2024-12-24T19:08:48.420+0000] {processor.py:208} INFO - Processing /home/airflow/.local/lib/python3.12/site-packages/airflow/example_dags/example_display_name.py took 0.091 seconds
