[2024-12-24T18:50:27.990+0000] {processor.py:186} INFO - Started process (PID=84) to work on /home/airflow/.local/lib/python3.12/site-packages/airflow/example_dags/example_python_decorator.py
[2024-12-24T18:50:27.991+0000] {processor.py:914} INFO - Processing file /home/airflow/.local/lib/python3.12/site-packages/airflow/example_dags/example_python_decorator.py for tasks to queue
[2024-12-24T18:50:27.994+0000] {logging_mixin.py:190} INFO - [2024-12-24T18:50:27.993+0000] {dagbag.py:588} INFO - Filling up the DagBag from /home/airflow/.local/lib/python3.12/site-packages/airflow/example_dags/example_python_decorator.py
[2024-12-24T18:50:28.009+0000] {processor.py:925} INFO - DAG(s) 'example_python_decorator' retrieved from /home/airflow/.local/lib/python3.12/site-packages/airflow/example_dags/example_python_decorator.py
[2024-12-24T18:50:28.136+0000] {logging_mixin.py:190} INFO - [2024-12-24T18:50:28.135+0000] {dag.py:3239} INFO - Sync 1 DAGs
[2024-12-24T18:50:28.149+0000] {logging_mixin.py:190} INFO - [2024-12-24T18:50:28.149+0000] {dag.py:4180} INFO - Setting next_dagrun for example_python_decorator to None, run_after=None
[2024-12-24T18:50:28.182+0000] {processor.py:208} INFO - Processing /home/airflow/.local/lib/python3.12/site-packages/airflow/example_dags/example_python_decorator.py took 0.198 seconds
[2024-12-24T18:50:59.189+0000] {processor.py:186} INFO - Started process (PID=147) to work on /home/airflow/.local/lib/python3.12/site-packages/airflow/example_dags/example_python_decorator.py
[2024-12-24T18:50:59.190+0000] {processor.py:914} INFO - Processing file /home/airflow/.local/lib/python3.12/site-packages/airflow/example_dags/example_python_decorator.py for tasks to queue
[2024-12-24T18:50:59.193+0000] {logging_mixin.py:190} INFO - [2024-12-24T18:50:59.192+0000] {dagbag.py:588} INFO - Filling up the DagBag from /home/airflow/.local/lib/python3.12/site-packages/airflow/example_dags/example_python_decorator.py
[2024-12-24T18:50:59.206+0000] {processor.py:925} INFO - DAG(s) 'example_python_decorator' retrieved from /home/airflow/.local/lib/python3.12/site-packages/airflow/example_dags/example_python_decorator.py
[2024-12-24T18:50:59.230+0000] {logging_mixin.py:190} INFO - [2024-12-24T18:50:59.230+0000] {dag.py:3239} INFO - Sync 1 DAGs
[2024-12-24T18:50:59.245+0000] {logging_mixin.py:190} INFO - [2024-12-24T18:50:59.245+0000] {dag.py:4180} INFO - Setting next_dagrun for example_python_decorator to None, run_after=None
[2024-12-24T18:50:59.269+0000] {processor.py:208} INFO - Processing /home/airflow/.local/lib/python3.12/site-packages/airflow/example_dags/example_python_decorator.py took 0.086 seconds
[2024-12-24T18:51:29.653+0000] {processor.py:186} INFO - Started process (PID=210) to work on /home/airflow/.local/lib/python3.12/site-packages/airflow/example_dags/example_python_decorator.py
[2024-12-24T18:51:29.654+0000] {processor.py:914} INFO - Processing file /home/airflow/.local/lib/python3.12/site-packages/airflow/example_dags/example_python_decorator.py for tasks to queue
[2024-12-24T18:51:29.657+0000] {logging_mixin.py:190} INFO - [2024-12-24T18:51:29.656+0000] {dagbag.py:588} INFO - Filling up the DagBag from /home/airflow/.local/lib/python3.12/site-packages/airflow/example_dags/example_python_decorator.py
[2024-12-24T18:51:29.675+0000] {processor.py:925} INFO - DAG(s) 'example_python_decorator' retrieved from /home/airflow/.local/lib/python3.12/site-packages/airflow/example_dags/example_python_decorator.py
[2024-12-24T18:51:29.703+0000] {logging_mixin.py:190} INFO - [2024-12-24T18:51:29.702+0000] {dag.py:3239} INFO - Sync 1 DAGs
[2024-12-24T18:51:29.718+0000] {logging_mixin.py:190} INFO - [2024-12-24T18:51:29.718+0000] {dag.py:4180} INFO - Setting next_dagrun for example_python_decorator to None, run_after=None
[2024-12-24T18:51:29.742+0000] {processor.py:208} INFO - Processing /home/airflow/.local/lib/python3.12/site-packages/airflow/example_dags/example_python_decorator.py took 0.095 seconds
[2024-12-24T18:52:00.243+0000] {processor.py:186} INFO - Started process (PID=274) to work on /home/airflow/.local/lib/python3.12/site-packages/airflow/example_dags/example_python_decorator.py
[2024-12-24T18:52:00.245+0000] {processor.py:914} INFO - Processing file /home/airflow/.local/lib/python3.12/site-packages/airflow/example_dags/example_python_decorator.py for tasks to queue
[2024-12-24T18:52:00.249+0000] {logging_mixin.py:190} INFO - [2024-12-24T18:52:00.248+0000] {dagbag.py:588} INFO - Filling up the DagBag from /home/airflow/.local/lib/python3.12/site-packages/airflow/example_dags/example_python_decorator.py
[2024-12-24T18:52:00.272+0000] {processor.py:925} INFO - DAG(s) 'example_python_decorator' retrieved from /home/airflow/.local/lib/python3.12/site-packages/airflow/example_dags/example_python_decorator.py
[2024-12-24T18:52:00.308+0000] {logging_mixin.py:190} INFO - [2024-12-24T18:52:00.308+0000] {dag.py:3239} INFO - Sync 1 DAGs
[2024-12-24T18:52:00.340+0000] {logging_mixin.py:190} INFO - [2024-12-24T18:52:00.339+0000] {dag.py:4180} INFO - Setting next_dagrun for example_python_decorator to None, run_after=None
[2024-12-24T18:52:00.395+0000] {processor.py:208} INFO - Processing /home/airflow/.local/lib/python3.12/site-packages/airflow/example_dags/example_python_decorator.py took 0.169 seconds
[2024-12-24T18:52:30.855+0000] {processor.py:186} INFO - Started process (PID=337) to work on /home/airflow/.local/lib/python3.12/site-packages/airflow/example_dags/example_python_decorator.py
[2024-12-24T18:52:30.856+0000] {processor.py:914} INFO - Processing file /home/airflow/.local/lib/python3.12/site-packages/airflow/example_dags/example_python_decorator.py for tasks to queue
[2024-12-24T18:52:30.860+0000] {logging_mixin.py:190} INFO - [2024-12-24T18:52:30.859+0000] {dagbag.py:588} INFO - Filling up the DagBag from /home/airflow/.local/lib/python3.12/site-packages/airflow/example_dags/example_python_decorator.py
[2024-12-24T18:52:30.885+0000] {processor.py:925} INFO - DAG(s) 'example_python_decorator' retrieved from /home/airflow/.local/lib/python3.12/site-packages/airflow/example_dags/example_python_decorator.py
[2024-12-24T18:52:30.924+0000] {logging_mixin.py:190} INFO - [2024-12-24T18:52:30.924+0000] {dag.py:3239} INFO - Sync 1 DAGs
[2024-12-24T18:52:30.952+0000] {logging_mixin.py:190} INFO - [2024-12-24T18:52:30.951+0000] {dag.py:4180} INFO - Setting next_dagrun for example_python_decorator to None, run_after=None
[2024-12-24T18:52:31.015+0000] {processor.py:208} INFO - Processing /home/airflow/.local/lib/python3.12/site-packages/airflow/example_dags/example_python_decorator.py took 0.172 seconds
[2024-12-24T18:53:01.970+0000] {processor.py:186} INFO - Started process (PID=400) to work on /home/airflow/.local/lib/python3.12/site-packages/airflow/example_dags/example_python_decorator.py
[2024-12-24T18:53:01.971+0000] {processor.py:914} INFO - Processing file /home/airflow/.local/lib/python3.12/site-packages/airflow/example_dags/example_python_decorator.py for tasks to queue
[2024-12-24T18:53:01.974+0000] {logging_mixin.py:190} INFO - [2024-12-24T18:53:01.974+0000] {dagbag.py:588} INFO - Filling up the DagBag from /home/airflow/.local/lib/python3.12/site-packages/airflow/example_dags/example_python_decorator.py
[2024-12-24T18:53:01.988+0000] {processor.py:925} INFO - DAG(s) 'example_python_decorator' retrieved from /home/airflow/.local/lib/python3.12/site-packages/airflow/example_dags/example_python_decorator.py
[2024-12-24T18:53:02.013+0000] {logging_mixin.py:190} INFO - [2024-12-24T18:53:02.013+0000] {dag.py:3239} INFO - Sync 1 DAGs
[2024-12-24T18:53:02.028+0000] {logging_mixin.py:190} INFO - [2024-12-24T18:53:02.028+0000] {dag.py:4180} INFO - Setting next_dagrun for example_python_decorator to None, run_after=None
[2024-12-24T18:53:02.055+0000] {processor.py:208} INFO - Processing /home/airflow/.local/lib/python3.12/site-packages/airflow/example_dags/example_python_decorator.py took 0.090 seconds
[2024-12-24T18:53:32.699+0000] {processor.py:186} INFO - Started process (PID=463) to work on /home/airflow/.local/lib/python3.12/site-packages/airflow/example_dags/example_python_decorator.py
[2024-12-24T18:53:32.700+0000] {processor.py:914} INFO - Processing file /home/airflow/.local/lib/python3.12/site-packages/airflow/example_dags/example_python_decorator.py for tasks to queue
[2024-12-24T18:53:32.703+0000] {logging_mixin.py:190} INFO - [2024-12-24T18:53:32.702+0000] {dagbag.py:588} INFO - Filling up the DagBag from /home/airflow/.local/lib/python3.12/site-packages/airflow/example_dags/example_python_decorator.py
[2024-12-24T18:53:32.729+0000] {processor.py:925} INFO - DAG(s) 'example_python_decorator' retrieved from /home/airflow/.local/lib/python3.12/site-packages/airflow/example_dags/example_python_decorator.py
[2024-12-24T18:53:32.757+0000] {logging_mixin.py:190} INFO - [2024-12-24T18:53:32.756+0000] {dag.py:3239} INFO - Sync 1 DAGs
[2024-12-24T18:53:32.775+0000] {logging_mixin.py:190} INFO - [2024-12-24T18:53:32.774+0000] {dag.py:4180} INFO - Setting next_dagrun for example_python_decorator to None, run_after=None
[2024-12-24T18:53:32.803+0000] {processor.py:208} INFO - Processing /home/airflow/.local/lib/python3.12/site-packages/airflow/example_dags/example_python_decorator.py took 0.111 seconds
[2024-12-24T18:54:03.743+0000] {processor.py:186} INFO - Started process (PID=526) to work on /home/airflow/.local/lib/python3.12/site-packages/airflow/example_dags/example_python_decorator.py
[2024-12-24T18:54:03.745+0000] {processor.py:914} INFO - Processing file /home/airflow/.local/lib/python3.12/site-packages/airflow/example_dags/example_python_decorator.py for tasks to queue
[2024-12-24T18:54:03.748+0000] {logging_mixin.py:190} INFO - [2024-12-24T18:54:03.748+0000] {dagbag.py:588} INFO - Filling up the DagBag from /home/airflow/.local/lib/python3.12/site-packages/airflow/example_dags/example_python_decorator.py
[2024-12-24T18:54:03.764+0000] {processor.py:925} INFO - DAG(s) 'example_python_decorator' retrieved from /home/airflow/.local/lib/python3.12/site-packages/airflow/example_dags/example_python_decorator.py
[2024-12-24T18:54:03.791+0000] {logging_mixin.py:190} INFO - [2024-12-24T18:54:03.791+0000] {dag.py:3239} INFO - Sync 1 DAGs
[2024-12-24T18:54:03.808+0000] {logging_mixin.py:190} INFO - [2024-12-24T18:54:03.807+0000] {dag.py:4180} INFO - Setting next_dagrun for example_python_decorator to None, run_after=None
[2024-12-24T18:54:03.835+0000] {processor.py:208} INFO - Processing /home/airflow/.local/lib/python3.12/site-packages/airflow/example_dags/example_python_decorator.py took 0.098 seconds
[2024-12-24T18:54:34.626+0000] {processor.py:186} INFO - Started process (PID=589) to work on /home/airflow/.local/lib/python3.12/site-packages/airflow/example_dags/example_python_decorator.py
[2024-12-24T18:54:34.627+0000] {processor.py:914} INFO - Processing file /home/airflow/.local/lib/python3.12/site-packages/airflow/example_dags/example_python_decorator.py for tasks to queue
[2024-12-24T18:54:34.631+0000] {logging_mixin.py:190} INFO - [2024-12-24T18:54:34.630+0000] {dagbag.py:588} INFO - Filling up the DagBag from /home/airflow/.local/lib/python3.12/site-packages/airflow/example_dags/example_python_decorator.py
[2024-12-24T18:54:34.645+0000] {processor.py:925} INFO - DAG(s) 'example_python_decorator' retrieved from /home/airflow/.local/lib/python3.12/site-packages/airflow/example_dags/example_python_decorator.py
[2024-12-24T18:54:34.672+0000] {logging_mixin.py:190} INFO - [2024-12-24T18:54:34.671+0000] {dag.py:3239} INFO - Sync 1 DAGs
[2024-12-24T18:54:34.688+0000] {logging_mixin.py:190} INFO - [2024-12-24T18:54:34.687+0000] {dag.py:4180} INFO - Setting next_dagrun for example_python_decorator to None, run_after=None
[2024-12-24T18:54:34.717+0000] {processor.py:208} INFO - Processing /home/airflow/.local/lib/python3.12/site-packages/airflow/example_dags/example_python_decorator.py took 0.097 seconds
[2024-12-24T18:55:04.884+0000] {processor.py:186} INFO - Started process (PID=652) to work on /home/airflow/.local/lib/python3.12/site-packages/airflow/example_dags/example_python_decorator.py
[2024-12-24T18:55:04.885+0000] {processor.py:914} INFO - Processing file /home/airflow/.local/lib/python3.12/site-packages/airflow/example_dags/example_python_decorator.py for tasks to queue
[2024-12-24T18:55:04.888+0000] {logging_mixin.py:190} INFO - [2024-12-24T18:55:04.888+0000] {dagbag.py:588} INFO - Filling up the DagBag from /home/airflow/.local/lib/python3.12/site-packages/airflow/example_dags/example_python_decorator.py
[2024-12-24T18:55:04.908+0000] {processor.py:925} INFO - DAG(s) 'example_python_decorator' retrieved from /home/airflow/.local/lib/python3.12/site-packages/airflow/example_dags/example_python_decorator.py
[2024-12-24T18:55:04.942+0000] {logging_mixin.py:190} INFO - [2024-12-24T18:55:04.942+0000] {dag.py:3239} INFO - Sync 1 DAGs
[2024-12-24T18:55:04.960+0000] {logging_mixin.py:190} INFO - [2024-12-24T18:55:04.960+0000] {dag.py:4180} INFO - Setting next_dagrun for example_python_decorator to None, run_after=None
[2024-12-24T18:55:04.989+0000] {processor.py:208} INFO - Processing /home/airflow/.local/lib/python3.12/site-packages/airflow/example_dags/example_python_decorator.py took 0.112 seconds
[2024-12-24T18:55:35.568+0000] {processor.py:186} INFO - Started process (PID=715) to work on /home/airflow/.local/lib/python3.12/site-packages/airflow/example_dags/example_python_decorator.py
[2024-12-24T18:55:35.570+0000] {processor.py:914} INFO - Processing file /home/airflow/.local/lib/python3.12/site-packages/airflow/example_dags/example_python_decorator.py for tasks to queue
[2024-12-24T18:55:35.573+0000] {logging_mixin.py:190} INFO - [2024-12-24T18:55:35.572+0000] {dagbag.py:588} INFO - Filling up the DagBag from /home/airflow/.local/lib/python3.12/site-packages/airflow/example_dags/example_python_decorator.py
[2024-12-24T18:55:35.588+0000] {processor.py:925} INFO - DAG(s) 'example_python_decorator' retrieved from /home/airflow/.local/lib/python3.12/site-packages/airflow/example_dags/example_python_decorator.py
[2024-12-24T18:55:35.616+0000] {logging_mixin.py:190} INFO - [2024-12-24T18:55:35.615+0000] {dag.py:3239} INFO - Sync 1 DAGs
[2024-12-24T18:55:35.631+0000] {logging_mixin.py:190} INFO - [2024-12-24T18:55:35.631+0000] {dag.py:4180} INFO - Setting next_dagrun for example_python_decorator to None, run_after=None
[2024-12-24T18:55:35.711+0000] {processor.py:208} INFO - Processing /home/airflow/.local/lib/python3.12/site-packages/airflow/example_dags/example_python_decorator.py took 0.151 seconds
[2024-12-24T18:56:06.474+0000] {processor.py:186} INFO - Started process (PID=778) to work on /home/airflow/.local/lib/python3.12/site-packages/airflow/example_dags/example_python_decorator.py
[2024-12-24T18:56:06.476+0000] {processor.py:914} INFO - Processing file /home/airflow/.local/lib/python3.12/site-packages/airflow/example_dags/example_python_decorator.py for tasks to queue
[2024-12-24T18:56:06.480+0000] {logging_mixin.py:190} INFO - [2024-12-24T18:56:06.480+0000] {dagbag.py:588} INFO - Filling up the DagBag from /home/airflow/.local/lib/python3.12/site-packages/airflow/example_dags/example_python_decorator.py
[2024-12-24T18:56:06.499+0000] {processor.py:925} INFO - DAG(s) 'example_python_decorator' retrieved from /home/airflow/.local/lib/python3.12/site-packages/airflow/example_dags/example_python_decorator.py
[2024-12-24T18:56:06.531+0000] {logging_mixin.py:190} INFO - [2024-12-24T18:56:06.531+0000] {dag.py:3239} INFO - Sync 1 DAGs
[2024-12-24T18:56:06.549+0000] {logging_mixin.py:190} INFO - [2024-12-24T18:56:06.548+0000] {dag.py:4180} INFO - Setting next_dagrun for example_python_decorator to None, run_after=None
[2024-12-24T18:56:06.586+0000] {processor.py:208} INFO - Processing /home/airflow/.local/lib/python3.12/site-packages/airflow/example_dags/example_python_decorator.py took 0.119 seconds
[2024-12-24T18:56:36.898+0000] {processor.py:186} INFO - Started process (PID=841) to work on /home/airflow/.local/lib/python3.12/site-packages/airflow/example_dags/example_python_decorator.py
[2024-12-24T18:56:36.900+0000] {processor.py:914} INFO - Processing file /home/airflow/.local/lib/python3.12/site-packages/airflow/example_dags/example_python_decorator.py for tasks to queue
[2024-12-24T18:56:36.903+0000] {logging_mixin.py:190} INFO - [2024-12-24T18:56:36.903+0000] {dagbag.py:588} INFO - Filling up the DagBag from /home/airflow/.local/lib/python3.12/site-packages/airflow/example_dags/example_python_decorator.py
[2024-12-24T18:56:36.919+0000] {processor.py:925} INFO - DAG(s) 'example_python_decorator' retrieved from /home/airflow/.local/lib/python3.12/site-packages/airflow/example_dags/example_python_decorator.py
[2024-12-24T18:56:36.945+0000] {logging_mixin.py:190} INFO - [2024-12-24T18:56:36.945+0000] {dag.py:3239} INFO - Sync 1 DAGs
[2024-12-24T18:56:36.962+0000] {logging_mixin.py:190} INFO - [2024-12-24T18:56:36.962+0000] {dag.py:4180} INFO - Setting next_dagrun for example_python_decorator to None, run_after=None
[2024-12-24T18:56:36.989+0000] {processor.py:208} INFO - Processing /home/airflow/.local/lib/python3.12/site-packages/airflow/example_dags/example_python_decorator.py took 0.097 seconds
[2024-12-24T18:57:07.276+0000] {processor.py:186} INFO - Started process (PID=904) to work on /home/airflow/.local/lib/python3.12/site-packages/airflow/example_dags/example_python_decorator.py
[2024-12-24T18:57:07.278+0000] {processor.py:914} INFO - Processing file /home/airflow/.local/lib/python3.12/site-packages/airflow/example_dags/example_python_decorator.py for tasks to queue
[2024-12-24T18:57:07.282+0000] {logging_mixin.py:190} INFO - [2024-12-24T18:57:07.281+0000] {dagbag.py:588} INFO - Filling up the DagBag from /home/airflow/.local/lib/python3.12/site-packages/airflow/example_dags/example_python_decorator.py
[2024-12-24T18:57:07.299+0000] {processor.py:925} INFO - DAG(s) 'example_python_decorator' retrieved from /home/airflow/.local/lib/python3.12/site-packages/airflow/example_dags/example_python_decorator.py
[2024-12-24T18:57:07.327+0000] {logging_mixin.py:190} INFO - [2024-12-24T18:57:07.327+0000] {dag.py:3239} INFO - Sync 1 DAGs
[2024-12-24T18:57:07.345+0000] {logging_mixin.py:190} INFO - [2024-12-24T18:57:07.344+0000] {dag.py:4180} INFO - Setting next_dagrun for example_python_decorator to None, run_after=None
[2024-12-24T18:57:07.389+0000] {processor.py:208} INFO - Processing /home/airflow/.local/lib/python3.12/site-packages/airflow/example_dags/example_python_decorator.py took 0.120 seconds
[2024-12-24T18:57:37.551+0000] {processor.py:186} INFO - Started process (PID=967) to work on /home/airflow/.local/lib/python3.12/site-packages/airflow/example_dags/example_python_decorator.py
[2024-12-24T18:57:37.553+0000] {processor.py:914} INFO - Processing file /home/airflow/.local/lib/python3.12/site-packages/airflow/example_dags/example_python_decorator.py for tasks to queue
[2024-12-24T18:57:37.556+0000] {logging_mixin.py:190} INFO - [2024-12-24T18:57:37.556+0000] {dagbag.py:588} INFO - Filling up the DagBag from /home/airflow/.local/lib/python3.12/site-packages/airflow/example_dags/example_python_decorator.py
[2024-12-24T18:57:37.573+0000] {processor.py:925} INFO - DAG(s) 'example_python_decorator' retrieved from /home/airflow/.local/lib/python3.12/site-packages/airflow/example_dags/example_python_decorator.py
[2024-12-24T18:57:37.602+0000] {logging_mixin.py:190} INFO - [2024-12-24T18:57:37.601+0000] {dag.py:3239} INFO - Sync 1 DAGs
[2024-12-24T18:57:37.616+0000] {logging_mixin.py:190} INFO - [2024-12-24T18:57:37.616+0000] {dag.py:4180} INFO - Setting next_dagrun for example_python_decorator to None, run_after=None
[2024-12-24T18:57:37.641+0000] {processor.py:208} INFO - Processing /home/airflow/.local/lib/python3.12/site-packages/airflow/example_dags/example_python_decorator.py took 0.096 seconds
[2024-12-24T18:58:08.461+0000] {processor.py:186} INFO - Started process (PID=1030) to work on /home/airflow/.local/lib/python3.12/site-packages/airflow/example_dags/example_python_decorator.py
[2024-12-24T18:58:08.463+0000] {processor.py:914} INFO - Processing file /home/airflow/.local/lib/python3.12/site-packages/airflow/example_dags/example_python_decorator.py for tasks to queue
[2024-12-24T18:58:08.467+0000] {logging_mixin.py:190} INFO - [2024-12-24T18:58:08.466+0000] {dagbag.py:588} INFO - Filling up the DagBag from /home/airflow/.local/lib/python3.12/site-packages/airflow/example_dags/example_python_decorator.py
[2024-12-24T18:58:08.482+0000] {processor.py:925} INFO - DAG(s) 'example_python_decorator' retrieved from /home/airflow/.local/lib/python3.12/site-packages/airflow/example_dags/example_python_decorator.py
[2024-12-24T18:58:08.508+0000] {logging_mixin.py:190} INFO - [2024-12-24T18:58:08.508+0000] {dag.py:3239} INFO - Sync 1 DAGs
[2024-12-24T18:58:08.526+0000] {logging_mixin.py:190} INFO - [2024-12-24T18:58:08.525+0000] {dag.py:4180} INFO - Setting next_dagrun for example_python_decorator to None, run_after=None
[2024-12-24T18:58:08.560+0000] {processor.py:208} INFO - Processing /home/airflow/.local/lib/python3.12/site-packages/airflow/example_dags/example_python_decorator.py took 0.105 seconds
[2024-12-24T18:58:38.848+0000] {processor.py:186} INFO - Started process (PID=1093) to work on /home/airflow/.local/lib/python3.12/site-packages/airflow/example_dags/example_python_decorator.py
[2024-12-24T18:58:38.849+0000] {processor.py:914} INFO - Processing file /home/airflow/.local/lib/python3.12/site-packages/airflow/example_dags/example_python_decorator.py for tasks to queue
[2024-12-24T18:58:38.853+0000] {logging_mixin.py:190} INFO - [2024-12-24T18:58:38.852+0000] {dagbag.py:588} INFO - Filling up the DagBag from /home/airflow/.local/lib/python3.12/site-packages/airflow/example_dags/example_python_decorator.py
[2024-12-24T18:58:38.868+0000] {processor.py:925} INFO - DAG(s) 'example_python_decorator' retrieved from /home/airflow/.local/lib/python3.12/site-packages/airflow/example_dags/example_python_decorator.py
[2024-12-24T18:58:38.894+0000] {logging_mixin.py:190} INFO - [2024-12-24T18:58:38.893+0000] {dag.py:3239} INFO - Sync 1 DAGs
[2024-12-24T18:58:38.908+0000] {logging_mixin.py:190} INFO - [2024-12-24T18:58:38.908+0000] {dag.py:4180} INFO - Setting next_dagrun for example_python_decorator to None, run_after=None
[2024-12-24T18:58:38.935+0000] {processor.py:208} INFO - Processing /home/airflow/.local/lib/python3.12/site-packages/airflow/example_dags/example_python_decorator.py took 0.093 seconds
[2024-12-24T18:59:09.768+0000] {processor.py:186} INFO - Started process (PID=1162) to work on /home/airflow/.local/lib/python3.12/site-packages/airflow/example_dags/example_python_decorator.py
[2024-12-24T18:59:09.769+0000] {processor.py:914} INFO - Processing file /home/airflow/.local/lib/python3.12/site-packages/airflow/example_dags/example_python_decorator.py for tasks to queue
[2024-12-24T18:59:09.772+0000] {logging_mixin.py:190} INFO - [2024-12-24T18:59:09.772+0000] {dagbag.py:588} INFO - Filling up the DagBag from /home/airflow/.local/lib/python3.12/site-packages/airflow/example_dags/example_python_decorator.py
[2024-12-24T18:59:09.787+0000] {processor.py:925} INFO - DAG(s) 'example_python_decorator' retrieved from /home/airflow/.local/lib/python3.12/site-packages/airflow/example_dags/example_python_decorator.py
[2024-12-24T18:59:09.814+0000] {logging_mixin.py:190} INFO - [2024-12-24T18:59:09.813+0000] {dag.py:3239} INFO - Sync 1 DAGs
[2024-12-24T18:59:09.831+0000] {logging_mixin.py:190} INFO - [2024-12-24T18:59:09.831+0000] {dag.py:4180} INFO - Setting next_dagrun for example_python_decorator to None, run_after=None
[2024-12-24T18:59:09.858+0000] {processor.py:208} INFO - Processing /home/airflow/.local/lib/python3.12/site-packages/airflow/example_dags/example_python_decorator.py took 0.096 seconds
[2024-12-24T18:59:40.303+0000] {processor.py:186} INFO - Started process (PID=1225) to work on /home/airflow/.local/lib/python3.12/site-packages/airflow/example_dags/example_python_decorator.py
[2024-12-24T18:59:40.304+0000] {processor.py:914} INFO - Processing file /home/airflow/.local/lib/python3.12/site-packages/airflow/example_dags/example_python_decorator.py for tasks to queue
[2024-12-24T18:59:40.307+0000] {logging_mixin.py:190} INFO - [2024-12-24T18:59:40.307+0000] {dagbag.py:588} INFO - Filling up the DagBag from /home/airflow/.local/lib/python3.12/site-packages/airflow/example_dags/example_python_decorator.py
[2024-12-24T18:59:40.321+0000] {processor.py:925} INFO - DAG(s) 'example_python_decorator' retrieved from /home/airflow/.local/lib/python3.12/site-packages/airflow/example_dags/example_python_decorator.py
[2024-12-24T18:59:40.345+0000] {logging_mixin.py:190} INFO - [2024-12-24T18:59:40.345+0000] {dag.py:3239} INFO - Sync 1 DAGs
[2024-12-24T18:59:40.360+0000] {logging_mixin.py:190} INFO - [2024-12-24T18:59:40.360+0000] {dag.py:4180} INFO - Setting next_dagrun for example_python_decorator to None, run_after=None
[2024-12-24T18:59:40.391+0000] {processor.py:208} INFO - Processing /home/airflow/.local/lib/python3.12/site-packages/airflow/example_dags/example_python_decorator.py took 0.093 seconds
[2024-12-24T19:00:10.732+0000] {processor.py:186} INFO - Started process (PID=1288) to work on /home/airflow/.local/lib/python3.12/site-packages/airflow/example_dags/example_python_decorator.py
[2024-12-24T19:00:10.733+0000] {processor.py:914} INFO - Processing file /home/airflow/.local/lib/python3.12/site-packages/airflow/example_dags/example_python_decorator.py for tasks to queue
[2024-12-24T19:00:10.737+0000] {logging_mixin.py:190} INFO - [2024-12-24T19:00:10.736+0000] {dagbag.py:588} INFO - Filling up the DagBag from /home/airflow/.local/lib/python3.12/site-packages/airflow/example_dags/example_python_decorator.py
[2024-12-24T19:00:10.753+0000] {processor.py:925} INFO - DAG(s) 'example_python_decorator' retrieved from /home/airflow/.local/lib/python3.12/site-packages/airflow/example_dags/example_python_decorator.py
[2024-12-24T19:00:10.782+0000] {logging_mixin.py:190} INFO - [2024-12-24T19:00:10.781+0000] {dag.py:3239} INFO - Sync 1 DAGs
[2024-12-24T19:00:10.798+0000] {logging_mixin.py:190} INFO - [2024-12-24T19:00:10.797+0000] {dag.py:4180} INFO - Setting next_dagrun for example_python_decorator to None, run_after=None
[2024-12-24T19:00:10.848+0000] {processor.py:208} INFO - Processing /home/airflow/.local/lib/python3.12/site-packages/airflow/example_dags/example_python_decorator.py took 0.124 seconds
[2024-12-24T19:00:41.339+0000] {processor.py:186} INFO - Started process (PID=1351) to work on /home/airflow/.local/lib/python3.12/site-packages/airflow/example_dags/example_python_decorator.py
[2024-12-24T19:00:41.341+0000] {processor.py:914} INFO - Processing file /home/airflow/.local/lib/python3.12/site-packages/airflow/example_dags/example_python_decorator.py for tasks to queue
[2024-12-24T19:00:41.344+0000] {logging_mixin.py:190} INFO - [2024-12-24T19:00:41.343+0000] {dagbag.py:588} INFO - Filling up the DagBag from /home/airflow/.local/lib/python3.12/site-packages/airflow/example_dags/example_python_decorator.py
[2024-12-24T19:00:41.360+0000] {processor.py:925} INFO - DAG(s) 'example_python_decorator' retrieved from /home/airflow/.local/lib/python3.12/site-packages/airflow/example_dags/example_python_decorator.py
[2024-12-24T19:00:41.394+0000] {logging_mixin.py:190} INFO - [2024-12-24T19:00:41.394+0000] {dag.py:3239} INFO - Sync 1 DAGs
[2024-12-24T19:00:41.419+0000] {logging_mixin.py:190} INFO - [2024-12-24T19:00:41.418+0000] {dag.py:4180} INFO - Setting next_dagrun for example_python_decorator to None, run_after=None
[2024-12-24T19:00:41.453+0000] {processor.py:208} INFO - Processing /home/airflow/.local/lib/python3.12/site-packages/airflow/example_dags/example_python_decorator.py took 0.119 seconds
[2024-12-24T19:01:12.005+0000] {processor.py:186} INFO - Started process (PID=1414) to work on /home/airflow/.local/lib/python3.12/site-packages/airflow/example_dags/example_python_decorator.py
[2024-12-24T19:01:12.008+0000] {processor.py:914} INFO - Processing file /home/airflow/.local/lib/python3.12/site-packages/airflow/example_dags/example_python_decorator.py for tasks to queue
[2024-12-24T19:01:12.022+0000] {logging_mixin.py:190} INFO - [2024-12-24T19:01:12.021+0000] {dagbag.py:588} INFO - Filling up the DagBag from /home/airflow/.local/lib/python3.12/site-packages/airflow/example_dags/example_python_decorator.py
[2024-12-24T19:01:12.087+0000] {processor.py:925} INFO - DAG(s) 'example_python_decorator' retrieved from /home/airflow/.local/lib/python3.12/site-packages/airflow/example_dags/example_python_decorator.py
[2024-12-24T19:01:12.160+0000] {logging_mixin.py:190} INFO - [2024-12-24T19:01:12.160+0000] {dag.py:3239} INFO - Sync 1 DAGs
[2024-12-24T19:01:12.206+0000] {logging_mixin.py:190} INFO - [2024-12-24T19:01:12.205+0000] {dag.py:4180} INFO - Setting next_dagrun for example_python_decorator to None, run_after=None
[2024-12-24T19:01:12.256+0000] {processor.py:208} INFO - Processing /home/airflow/.local/lib/python3.12/site-packages/airflow/example_dags/example_python_decorator.py took 0.283 seconds
[2024-12-24T19:01:42.975+0000] {processor.py:186} INFO - Started process (PID=1477) to work on /home/airflow/.local/lib/python3.12/site-packages/airflow/example_dags/example_python_decorator.py
[2024-12-24T19:01:42.976+0000] {processor.py:914} INFO - Processing file /home/airflow/.local/lib/python3.12/site-packages/airflow/example_dags/example_python_decorator.py for tasks to queue
[2024-12-24T19:01:42.980+0000] {logging_mixin.py:190} INFO - [2024-12-24T19:01:42.979+0000] {dagbag.py:588} INFO - Filling up the DagBag from /home/airflow/.local/lib/python3.12/site-packages/airflow/example_dags/example_python_decorator.py
[2024-12-24T19:01:42.999+0000] {processor.py:925} INFO - DAG(s) 'example_python_decorator' retrieved from /home/airflow/.local/lib/python3.12/site-packages/airflow/example_dags/example_python_decorator.py
[2024-12-24T19:01:43.029+0000] {logging_mixin.py:190} INFO - [2024-12-24T19:01:43.028+0000] {dag.py:3239} INFO - Sync 1 DAGs
[2024-12-24T19:01:43.048+0000] {logging_mixin.py:190} INFO - [2024-12-24T19:01:43.048+0000] {dag.py:4180} INFO - Setting next_dagrun for example_python_decorator to None, run_after=None
[2024-12-24T19:01:43.078+0000] {processor.py:208} INFO - Processing /home/airflow/.local/lib/python3.12/site-packages/airflow/example_dags/example_python_decorator.py took 0.111 seconds
[2024-12-24T19:02:13.623+0000] {processor.py:186} INFO - Started process (PID=1540) to work on /home/airflow/.local/lib/python3.12/site-packages/airflow/example_dags/example_python_decorator.py
[2024-12-24T19:02:13.625+0000] {processor.py:914} INFO - Processing file /home/airflow/.local/lib/python3.12/site-packages/airflow/example_dags/example_python_decorator.py for tasks to queue
[2024-12-24T19:02:13.627+0000] {logging_mixin.py:190} INFO - [2024-12-24T19:02:13.627+0000] {dagbag.py:588} INFO - Filling up the DagBag from /home/airflow/.local/lib/python3.12/site-packages/airflow/example_dags/example_python_decorator.py
[2024-12-24T19:02:13.645+0000] {processor.py:925} INFO - DAG(s) 'example_python_decorator' retrieved from /home/airflow/.local/lib/python3.12/site-packages/airflow/example_dags/example_python_decorator.py
[2024-12-24T19:02:13.676+0000] {logging_mixin.py:190} INFO - [2024-12-24T19:02:13.676+0000] {dag.py:3239} INFO - Sync 1 DAGs
[2024-12-24T19:02:13.696+0000] {logging_mixin.py:190} INFO - [2024-12-24T19:02:13.695+0000] {dag.py:4180} INFO - Setting next_dagrun for example_python_decorator to None, run_after=None
[2024-12-24T19:02:13.727+0000] {processor.py:208} INFO - Processing /home/airflow/.local/lib/python3.12/site-packages/airflow/example_dags/example_python_decorator.py took 0.110 seconds
[2024-12-24T19:02:44.032+0000] {processor.py:186} INFO - Started process (PID=1603) to work on /home/airflow/.local/lib/python3.12/site-packages/airflow/example_dags/example_python_decorator.py
[2024-12-24T19:02:44.033+0000] {processor.py:914} INFO - Processing file /home/airflow/.local/lib/python3.12/site-packages/airflow/example_dags/example_python_decorator.py for tasks to queue
[2024-12-24T19:02:44.037+0000] {logging_mixin.py:190} INFO - [2024-12-24T19:02:44.036+0000] {dagbag.py:588} INFO - Filling up the DagBag from /home/airflow/.local/lib/python3.12/site-packages/airflow/example_dags/example_python_decorator.py
[2024-12-24T19:02:44.050+0000] {processor.py:925} INFO - DAG(s) 'example_python_decorator' retrieved from /home/airflow/.local/lib/python3.12/site-packages/airflow/example_dags/example_python_decorator.py
[2024-12-24T19:02:44.076+0000] {logging_mixin.py:190} INFO - [2024-12-24T19:02:44.075+0000] {dag.py:3239} INFO - Sync 1 DAGs
[2024-12-24T19:02:44.091+0000] {logging_mixin.py:190} INFO - [2024-12-24T19:02:44.091+0000] {dag.py:4180} INFO - Setting next_dagrun for example_python_decorator to None, run_after=None
[2024-12-24T19:02:44.141+0000] {processor.py:208} INFO - Processing /home/airflow/.local/lib/python3.12/site-packages/airflow/example_dags/example_python_decorator.py took 0.114 seconds
[2024-12-24T19:03:14.596+0000] {processor.py:186} INFO - Started process (PID=1666) to work on /home/airflow/.local/lib/python3.12/site-packages/airflow/example_dags/example_python_decorator.py
[2024-12-24T19:03:14.597+0000] {processor.py:914} INFO - Processing file /home/airflow/.local/lib/python3.12/site-packages/airflow/example_dags/example_python_decorator.py for tasks to queue
[2024-12-24T19:03:14.600+0000] {logging_mixin.py:190} INFO - [2024-12-24T19:03:14.600+0000] {dagbag.py:588} INFO - Filling up the DagBag from /home/airflow/.local/lib/python3.12/site-packages/airflow/example_dags/example_python_decorator.py
[2024-12-24T19:03:14.614+0000] {processor.py:925} INFO - DAG(s) 'example_python_decorator' retrieved from /home/airflow/.local/lib/python3.12/site-packages/airflow/example_dags/example_python_decorator.py
[2024-12-24T19:03:14.641+0000] {logging_mixin.py:190} INFO - [2024-12-24T19:03:14.641+0000] {dag.py:3239} INFO - Sync 1 DAGs
[2024-12-24T19:03:14.657+0000] {logging_mixin.py:190} INFO - [2024-12-24T19:03:14.656+0000] {dag.py:4180} INFO - Setting next_dagrun for example_python_decorator to None, run_after=None
[2024-12-24T19:03:14.685+0000] {processor.py:208} INFO - Processing /home/airflow/.local/lib/python3.12/site-packages/airflow/example_dags/example_python_decorator.py took 0.094 seconds
[2024-12-24T19:03:44.783+0000] {processor.py:186} INFO - Started process (PID=1729) to work on /home/airflow/.local/lib/python3.12/site-packages/airflow/example_dags/example_python_decorator.py
[2024-12-24T19:03:44.785+0000] {processor.py:914} INFO - Processing file /home/airflow/.local/lib/python3.12/site-packages/airflow/example_dags/example_python_decorator.py for tasks to queue
[2024-12-24T19:03:44.788+0000] {logging_mixin.py:190} INFO - [2024-12-24T19:03:44.787+0000] {dagbag.py:588} INFO - Filling up the DagBag from /home/airflow/.local/lib/python3.12/site-packages/airflow/example_dags/example_python_decorator.py
[2024-12-24T19:03:44.804+0000] {processor.py:925} INFO - DAG(s) 'example_python_decorator' retrieved from /home/airflow/.local/lib/python3.12/site-packages/airflow/example_dags/example_python_decorator.py
[2024-12-24T19:03:44.834+0000] {logging_mixin.py:190} INFO - [2024-12-24T19:03:44.833+0000] {dag.py:3239} INFO - Sync 1 DAGs
[2024-12-24T19:03:44.853+0000] {logging_mixin.py:190} INFO - [2024-12-24T19:03:44.853+0000] {dag.py:4180} INFO - Setting next_dagrun for example_python_decorator to None, run_after=None
[2024-12-24T19:03:44.882+0000] {processor.py:208} INFO - Processing /home/airflow/.local/lib/python3.12/site-packages/airflow/example_dags/example_python_decorator.py took 0.106 seconds
[2024-12-24T19:04:15.217+0000] {processor.py:186} INFO - Started process (PID=1792) to work on /home/airflow/.local/lib/python3.12/site-packages/airflow/example_dags/example_python_decorator.py
[2024-12-24T19:04:15.219+0000] {processor.py:914} INFO - Processing file /home/airflow/.local/lib/python3.12/site-packages/airflow/example_dags/example_python_decorator.py for tasks to queue
[2024-12-24T19:04:15.222+0000] {logging_mixin.py:190} INFO - [2024-12-24T19:04:15.221+0000] {dagbag.py:588} INFO - Filling up the DagBag from /home/airflow/.local/lib/python3.12/site-packages/airflow/example_dags/example_python_decorator.py
[2024-12-24T19:04:15.236+0000] {processor.py:925} INFO - DAG(s) 'example_python_decorator' retrieved from /home/airflow/.local/lib/python3.12/site-packages/airflow/example_dags/example_python_decorator.py
[2024-12-24T19:04:15.264+0000] {logging_mixin.py:190} INFO - [2024-12-24T19:04:15.264+0000] {dag.py:3239} INFO - Sync 1 DAGs
[2024-12-24T19:04:15.279+0000] {logging_mixin.py:190} INFO - [2024-12-24T19:04:15.279+0000] {dag.py:4180} INFO - Setting next_dagrun for example_python_decorator to None, run_after=None
[2024-12-24T19:04:15.346+0000] {processor.py:208} INFO - Processing /home/airflow/.local/lib/python3.12/site-packages/airflow/example_dags/example_python_decorator.py took 0.134 seconds
[2024-12-24T19:04:45.509+0000] {processor.py:186} INFO - Started process (PID=1855) to work on /home/airflow/.local/lib/python3.12/site-packages/airflow/example_dags/example_python_decorator.py
[2024-12-24T19:04:45.510+0000] {processor.py:914} INFO - Processing file /home/airflow/.local/lib/python3.12/site-packages/airflow/example_dags/example_python_decorator.py for tasks to queue
[2024-12-24T19:04:45.513+0000] {logging_mixin.py:190} INFO - [2024-12-24T19:04:45.512+0000] {dagbag.py:588} INFO - Filling up the DagBag from /home/airflow/.local/lib/python3.12/site-packages/airflow/example_dags/example_python_decorator.py
[2024-12-24T19:04:45.527+0000] {processor.py:925} INFO - DAG(s) 'example_python_decorator' retrieved from /home/airflow/.local/lib/python3.12/site-packages/airflow/example_dags/example_python_decorator.py
[2024-12-24T19:04:45.552+0000] {logging_mixin.py:190} INFO - [2024-12-24T19:04:45.552+0000] {dag.py:3239} INFO - Sync 1 DAGs
[2024-12-24T19:04:45.569+0000] {logging_mixin.py:190} INFO - [2024-12-24T19:04:45.569+0000] {dag.py:4180} INFO - Setting next_dagrun for example_python_decorator to None, run_after=None
[2024-12-24T19:04:45.595+0000] {processor.py:208} INFO - Processing /home/airflow/.local/lib/python3.12/site-packages/airflow/example_dags/example_python_decorator.py took 0.093 seconds
[2024-12-24T19:05:15.878+0000] {processor.py:186} INFO - Started process (PID=1918) to work on /home/airflow/.local/lib/python3.12/site-packages/airflow/example_dags/example_python_decorator.py
[2024-12-24T19:05:15.879+0000] {processor.py:914} INFO - Processing file /home/airflow/.local/lib/python3.12/site-packages/airflow/example_dags/example_python_decorator.py for tasks to queue
[2024-12-24T19:05:15.881+0000] {logging_mixin.py:190} INFO - [2024-12-24T19:05:15.881+0000] {dagbag.py:588} INFO - Filling up the DagBag from /home/airflow/.local/lib/python3.12/site-packages/airflow/example_dags/example_python_decorator.py
[2024-12-24T19:05:15.896+0000] {processor.py:925} INFO - DAG(s) 'example_python_decorator' retrieved from /home/airflow/.local/lib/python3.12/site-packages/airflow/example_dags/example_python_decorator.py
[2024-12-24T19:05:15.943+0000] {logging_mixin.py:190} INFO - [2024-12-24T19:05:15.942+0000] {dag.py:3239} INFO - Sync 1 DAGs
[2024-12-24T19:05:15.958+0000] {logging_mixin.py:190} INFO - [2024-12-24T19:05:15.958+0000] {dag.py:4180} INFO - Setting next_dagrun for example_python_decorator to None, run_after=None
[2024-12-24T19:05:15.984+0000] {processor.py:208} INFO - Processing /home/airflow/.local/lib/python3.12/site-packages/airflow/example_dags/example_python_decorator.py took 0.112 seconds
[2024-12-24T19:05:46.700+0000] {processor.py:186} INFO - Started process (PID=1981) to work on /home/airflow/.local/lib/python3.12/site-packages/airflow/example_dags/example_python_decorator.py
[2024-12-24T19:05:46.701+0000] {processor.py:914} INFO - Processing file /home/airflow/.local/lib/python3.12/site-packages/airflow/example_dags/example_python_decorator.py for tasks to queue
[2024-12-24T19:05:46.704+0000] {logging_mixin.py:190} INFO - [2024-12-24T19:05:46.703+0000] {dagbag.py:588} INFO - Filling up the DagBag from /home/airflow/.local/lib/python3.12/site-packages/airflow/example_dags/example_python_decorator.py
[2024-12-24T19:05:46.718+0000] {processor.py:925} INFO - DAG(s) 'example_python_decorator' retrieved from /home/airflow/.local/lib/python3.12/site-packages/airflow/example_dags/example_python_decorator.py
[2024-12-24T19:05:46.754+0000] {logging_mixin.py:190} INFO - [2024-12-24T19:05:46.753+0000] {dag.py:3239} INFO - Sync 1 DAGs
[2024-12-24T19:05:46.771+0000] {logging_mixin.py:190} INFO - [2024-12-24T19:05:46.770+0000] {dag.py:4180} INFO - Setting next_dagrun for example_python_decorator to None, run_after=None
[2024-12-24T19:05:46.797+0000] {processor.py:208} INFO - Processing /home/airflow/.local/lib/python3.12/site-packages/airflow/example_dags/example_python_decorator.py took 0.103 seconds
[2024-12-24T19:06:16.868+0000] {processor.py:186} INFO - Started process (PID=2043) to work on /home/airflow/.local/lib/python3.12/site-packages/airflow/example_dags/example_python_decorator.py
[2024-12-24T19:06:16.869+0000] {processor.py:914} INFO - Processing file /home/airflow/.local/lib/python3.12/site-packages/airflow/example_dags/example_python_decorator.py for tasks to queue
[2024-12-24T19:06:16.873+0000] {logging_mixin.py:190} INFO - [2024-12-24T19:06:16.872+0000] {dagbag.py:588} INFO - Filling up the DagBag from /home/airflow/.local/lib/python3.12/site-packages/airflow/example_dags/example_python_decorator.py
[2024-12-24T19:06:16.889+0000] {processor.py:925} INFO - DAG(s) 'example_python_decorator' retrieved from /home/airflow/.local/lib/python3.12/site-packages/airflow/example_dags/example_python_decorator.py
[2024-12-24T19:06:16.915+0000] {logging_mixin.py:190} INFO - [2024-12-24T19:06:16.915+0000] {dag.py:3239} INFO - Sync 1 DAGs
[2024-12-24T19:06:16.933+0000] {logging_mixin.py:190} INFO - [2024-12-24T19:06:16.932+0000] {dag.py:4180} INFO - Setting next_dagrun for example_python_decorator to None, run_after=None
[2024-12-24T19:06:16.963+0000] {processor.py:208} INFO - Processing /home/airflow/.local/lib/python3.12/site-packages/airflow/example_dags/example_python_decorator.py took 0.104 seconds
[2024-12-24T19:06:47.624+0000] {processor.py:186} INFO - Started process (PID=2109) to work on /home/airflow/.local/lib/python3.12/site-packages/airflow/example_dags/example_python_decorator.py
[2024-12-24T19:06:47.625+0000] {processor.py:914} INFO - Processing file /home/airflow/.local/lib/python3.12/site-packages/airflow/example_dags/example_python_decorator.py for tasks to queue
[2024-12-24T19:06:47.627+0000] {logging_mixin.py:190} INFO - [2024-12-24T19:06:47.627+0000] {dagbag.py:588} INFO - Filling up the DagBag from /home/airflow/.local/lib/python3.12/site-packages/airflow/example_dags/example_python_decorator.py
[2024-12-24T19:06:47.642+0000] {processor.py:925} INFO - DAG(s) 'example_python_decorator' retrieved from /home/airflow/.local/lib/python3.12/site-packages/airflow/example_dags/example_python_decorator.py
[2024-12-24T19:06:47.669+0000] {logging_mixin.py:190} INFO - [2024-12-24T19:06:47.668+0000] {dag.py:3239} INFO - Sync 1 DAGs
[2024-12-24T19:06:47.685+0000] {logging_mixin.py:190} INFO - [2024-12-24T19:06:47.684+0000] {dag.py:4180} INFO - Setting next_dagrun for example_python_decorator to None, run_after=None
[2024-12-24T19:06:47.712+0000] {processor.py:208} INFO - Processing /home/airflow/.local/lib/python3.12/site-packages/airflow/example_dags/example_python_decorator.py took 0.094 seconds
[2024-12-24T19:07:18.303+0000] {processor.py:186} INFO - Started process (PID=2171) to work on /home/airflow/.local/lib/python3.12/site-packages/airflow/example_dags/example_python_decorator.py
[2024-12-24T19:07:18.304+0000] {processor.py:914} INFO - Processing file /home/airflow/.local/lib/python3.12/site-packages/airflow/example_dags/example_python_decorator.py for tasks to queue
[2024-12-24T19:07:18.307+0000] {logging_mixin.py:190} INFO - [2024-12-24T19:07:18.307+0000] {dagbag.py:588} INFO - Filling up the DagBag from /home/airflow/.local/lib/python3.12/site-packages/airflow/example_dags/example_python_decorator.py
[2024-12-24T19:07:18.322+0000] {processor.py:925} INFO - DAG(s) 'example_python_decorator' retrieved from /home/airflow/.local/lib/python3.12/site-packages/airflow/example_dags/example_python_decorator.py
[2024-12-24T19:07:18.347+0000] {logging_mixin.py:190} INFO - [2024-12-24T19:07:18.347+0000] {dag.py:3239} INFO - Sync 1 DAGs
[2024-12-24T19:07:18.363+0000] {logging_mixin.py:190} INFO - [2024-12-24T19:07:18.363+0000] {dag.py:4180} INFO - Setting next_dagrun for example_python_decorator to None, run_after=None
[2024-12-24T19:07:18.400+0000] {processor.py:208} INFO - Processing /home/airflow/.local/lib/python3.12/site-packages/airflow/example_dags/example_python_decorator.py took 0.103 seconds
[2024-12-24T19:07:48.912+0000] {processor.py:186} INFO - Started process (PID=2233) to work on /home/airflow/.local/lib/python3.12/site-packages/airflow/example_dags/example_python_decorator.py
[2024-12-24T19:07:48.914+0000] {processor.py:914} INFO - Processing file /home/airflow/.local/lib/python3.12/site-packages/airflow/example_dags/example_python_decorator.py for tasks to queue
[2024-12-24T19:07:48.918+0000] {logging_mixin.py:190} INFO - [2024-12-24T19:07:48.917+0000] {dagbag.py:588} INFO - Filling up the DagBag from /home/airflow/.local/lib/python3.12/site-packages/airflow/example_dags/example_python_decorator.py
[2024-12-24T19:07:48.939+0000] {processor.py:925} INFO - DAG(s) 'example_python_decorator' retrieved from /home/airflow/.local/lib/python3.12/site-packages/airflow/example_dags/example_python_decorator.py
[2024-12-24T19:07:48.975+0000] {logging_mixin.py:190} INFO - [2024-12-24T19:07:48.975+0000] {dag.py:3239} INFO - Sync 1 DAGs
[2024-12-24T19:07:48.997+0000] {logging_mixin.py:190} INFO - [2024-12-24T19:07:48.997+0000] {dag.py:4180} INFO - Setting next_dagrun for example_python_decorator to None, run_after=None
[2024-12-24T19:07:49.030+0000] {processor.py:208} INFO - Processing /home/airflow/.local/lib/python3.12/site-packages/airflow/example_dags/example_python_decorator.py took 0.128 seconds
[2024-12-24T19:08:19.137+0000] {processor.py:186} INFO - Started process (PID=2296) to work on /home/airflow/.local/lib/python3.12/site-packages/airflow/example_dags/example_python_decorator.py
[2024-12-24T19:08:19.139+0000] {processor.py:914} INFO - Processing file /home/airflow/.local/lib/python3.12/site-packages/airflow/example_dags/example_python_decorator.py for tasks to queue
[2024-12-24T19:08:19.141+0000] {logging_mixin.py:190} INFO - [2024-12-24T19:08:19.141+0000] {dagbag.py:588} INFO - Filling up the DagBag from /home/airflow/.local/lib/python3.12/site-packages/airflow/example_dags/example_python_decorator.py
[2024-12-24T19:08:19.155+0000] {processor.py:925} INFO - DAG(s) 'example_python_decorator' retrieved from /home/airflow/.local/lib/python3.12/site-packages/airflow/example_dags/example_python_decorator.py
[2024-12-24T19:08:19.180+0000] {logging_mixin.py:190} INFO - [2024-12-24T19:08:19.179+0000] {dag.py:3239} INFO - Sync 1 DAGs
[2024-12-24T19:08:19.195+0000] {logging_mixin.py:190} INFO - [2024-12-24T19:08:19.195+0000] {dag.py:4180} INFO - Setting next_dagrun for example_python_decorator to None, run_after=None
[2024-12-24T19:08:19.224+0000] {processor.py:208} INFO - Processing /home/airflow/.local/lib/python3.12/site-packages/airflow/example_dags/example_python_decorator.py took 0.093 seconds
[2024-12-24T19:08:49.683+0000] {processor.py:186} INFO - Started process (PID=2359) to work on /home/airflow/.local/lib/python3.12/site-packages/airflow/example_dags/example_python_decorator.py
[2024-12-24T19:08:49.685+0000] {processor.py:914} INFO - Processing file /home/airflow/.local/lib/python3.12/site-packages/airflow/example_dags/example_python_decorator.py for tasks to queue
[2024-12-24T19:08:49.688+0000] {logging_mixin.py:190} INFO - [2024-12-24T19:08:49.688+0000] {dagbag.py:588} INFO - Filling up the DagBag from /home/airflow/.local/lib/python3.12/site-packages/airflow/example_dags/example_python_decorator.py
[2024-12-24T19:08:49.704+0000] {processor.py:925} INFO - DAG(s) 'example_python_decorator' retrieved from /home/airflow/.local/lib/python3.12/site-packages/airflow/example_dags/example_python_decorator.py
[2024-12-24T19:08:49.732+0000] {logging_mixin.py:190} INFO - [2024-12-24T19:08:49.732+0000] {dag.py:3239} INFO - Sync 1 DAGs
[2024-12-24T19:08:49.749+0000] {logging_mixin.py:190} INFO - [2024-12-24T19:08:49.748+0000] {dag.py:4180} INFO - Setting next_dagrun for example_python_decorator to None, run_after=None
[2024-12-24T19:08:49.775+0000] {processor.py:208} INFO - Processing /home/airflow/.local/lib/python3.12/site-packages/airflow/example_dags/example_python_decorator.py took 0.097 seconds
