[2024-12-24T18:50:35.113+0000] {processor.py:186} INFO - Started process (PID=113) to work on /home/airflow/.local/lib/python3.12/site-packages/airflow/example_dags/example_task_group.py
[2024-12-24T18:50:35.115+0000] {processor.py:914} INFO - Processing file /home/airflow/.local/lib/python3.12/site-packages/airflow/example_dags/example_task_group.py for tasks to queue
[2024-12-24T18:50:35.119+0000] {logging_mixin.py:190} INFO - [2024-12-24T18:50:35.118+0000] {dagbag.py:588} INFO - Filling up the DagBag from /home/airflow/.local/lib/python3.12/site-packages/airflow/example_dags/example_task_group.py
[2024-12-24T18:50:35.136+0000] {processor.py:925} INFO - DAG(s) 'example_task_group' retrieved from /home/airflow/.local/lib/python3.12/site-packages/airflow/example_dags/example_task_group.py
[2024-12-24T18:50:35.173+0000] {logging_mixin.py:190} INFO - [2024-12-24T18:50:35.172+0000] {dag.py:3239} INFO - Sync 1 DAGs
[2024-12-24T18:50:35.195+0000] {logging_mixin.py:190} INFO - [2024-12-24T18:50:35.195+0000] {dag.py:4180} INFO - Setting next_dagrun for example_task_group to None, run_after=None
[2024-12-24T18:50:35.233+0000] {processor.py:208} INFO - Processing /home/airflow/.local/lib/python3.12/site-packages/airflow/example_dags/example_task_group.py took 0.126 seconds
[2024-12-24T18:51:05.744+0000] {processor.py:186} INFO - Started process (PID=175) to work on /home/airflow/.local/lib/python3.12/site-packages/airflow/example_dags/example_task_group.py
[2024-12-24T18:51:05.747+0000] {processor.py:914} INFO - Processing file /home/airflow/.local/lib/python3.12/site-packages/airflow/example_dags/example_task_group.py for tasks to queue
[2024-12-24T18:51:05.752+0000] {logging_mixin.py:190} INFO - [2024-12-24T18:51:05.751+0000] {dagbag.py:588} INFO - Filling up the DagBag from /home/airflow/.local/lib/python3.12/site-packages/airflow/example_dags/example_task_group.py
[2024-12-24T18:51:05.761+0000] {processor.py:925} INFO - DAG(s) 'example_task_group' retrieved from /home/airflow/.local/lib/python3.12/site-packages/airflow/example_dags/example_task_group.py
[2024-12-24T18:51:05.792+0000] {logging_mixin.py:190} INFO - [2024-12-24T18:51:05.792+0000] {dag.py:3239} INFO - Sync 1 DAGs
[2024-12-24T18:51:05.813+0000] {logging_mixin.py:190} INFO - [2024-12-24T18:51:05.813+0000] {dag.py:4180} INFO - Setting next_dagrun for example_task_group to None, run_after=None
[2024-12-24T18:51:05.848+0000] {processor.py:208} INFO - Processing /home/airflow/.local/lib/python3.12/site-packages/airflow/example_dags/example_task_group.py took 0.110 seconds
[2024-12-24T18:51:36.600+0000] {processor.py:186} INFO - Started process (PID=238) to work on /home/airflow/.local/lib/python3.12/site-packages/airflow/example_dags/example_task_group.py
[2024-12-24T18:51:36.602+0000] {processor.py:914} INFO - Processing file /home/airflow/.local/lib/python3.12/site-packages/airflow/example_dags/example_task_group.py for tasks to queue
[2024-12-24T18:51:36.606+0000] {logging_mixin.py:190} INFO - [2024-12-24T18:51:36.606+0000] {dagbag.py:588} INFO - Filling up the DagBag from /home/airflow/.local/lib/python3.12/site-packages/airflow/example_dags/example_task_group.py
[2024-12-24T18:51:36.617+0000] {processor.py:925} INFO - DAG(s) 'example_task_group' retrieved from /home/airflow/.local/lib/python3.12/site-packages/airflow/example_dags/example_task_group.py
[2024-12-24T18:51:36.645+0000] {logging_mixin.py:190} INFO - [2024-12-24T18:51:36.645+0000] {dag.py:3239} INFO - Sync 1 DAGs
[2024-12-24T18:51:36.663+0000] {logging_mixin.py:190} INFO - [2024-12-24T18:51:36.663+0000] {dag.py:4180} INFO - Setting next_dagrun for example_task_group to None, run_after=None
[2024-12-24T18:51:36.690+0000] {processor.py:208} INFO - Processing /home/airflow/.local/lib/python3.12/site-packages/airflow/example_dags/example_task_group.py took 0.096 seconds
[2024-12-24T18:52:06.781+0000] {processor.py:186} INFO - Started process (PID=301) to work on /home/airflow/.local/lib/python3.12/site-packages/airflow/example_dags/example_task_group.py
[2024-12-24T18:52:06.782+0000] {processor.py:914} INFO - Processing file /home/airflow/.local/lib/python3.12/site-packages/airflow/example_dags/example_task_group.py for tasks to queue
[2024-12-24T18:52:06.785+0000] {logging_mixin.py:190} INFO - [2024-12-24T18:52:06.784+0000] {dagbag.py:588} INFO - Filling up the DagBag from /home/airflow/.local/lib/python3.12/site-packages/airflow/example_dags/example_task_group.py
[2024-12-24T18:52:06.794+0000] {processor.py:925} INFO - DAG(s) 'example_task_group' retrieved from /home/airflow/.local/lib/python3.12/site-packages/airflow/example_dags/example_task_group.py
[2024-12-24T18:52:06.822+0000] {logging_mixin.py:190} INFO - [2024-12-24T18:52:06.822+0000] {dag.py:3239} INFO - Sync 1 DAGs
[2024-12-24T18:52:06.840+0000] {logging_mixin.py:190} INFO - [2024-12-24T18:52:06.840+0000] {dag.py:4180} INFO - Setting next_dagrun for example_task_group to None, run_after=None
[2024-12-24T18:52:06.872+0000] {processor.py:208} INFO - Processing /home/airflow/.local/lib/python3.12/site-packages/airflow/example_dags/example_task_group.py took 0.097 seconds
[2024-12-24T18:52:38.530+0000] {processor.py:186} INFO - Started process (PID=364) to work on /home/airflow/.local/lib/python3.12/site-packages/airflow/example_dags/example_task_group.py
[2024-12-24T18:52:38.532+0000] {processor.py:914} INFO - Processing file /home/airflow/.local/lib/python3.12/site-packages/airflow/example_dags/example_task_group.py for tasks to queue
[2024-12-24T18:52:38.537+0000] {logging_mixin.py:190} INFO - [2024-12-24T18:52:38.536+0000] {dagbag.py:588} INFO - Filling up the DagBag from /home/airflow/.local/lib/python3.12/site-packages/airflow/example_dags/example_task_group.py
[2024-12-24T18:52:38.546+0000] {processor.py:925} INFO - DAG(s) 'example_task_group' retrieved from /home/airflow/.local/lib/python3.12/site-packages/airflow/example_dags/example_task_group.py
[2024-12-24T18:52:38.576+0000] {logging_mixin.py:190} INFO - [2024-12-24T18:52:38.575+0000] {dag.py:3239} INFO - Sync 1 DAGs
[2024-12-24T18:52:38.596+0000] {logging_mixin.py:190} INFO - [2024-12-24T18:52:38.596+0000] {dag.py:4180} INFO - Setting next_dagrun for example_task_group to None, run_after=None
[2024-12-24T18:52:38.627+0000] {processor.py:208} INFO - Processing /home/airflow/.local/lib/python3.12/site-packages/airflow/example_dags/example_task_group.py took 0.103 seconds
[2024-12-24T18:53:09.443+0000] {processor.py:186} INFO - Started process (PID=427) to work on /home/airflow/.local/lib/python3.12/site-packages/airflow/example_dags/example_task_group.py
[2024-12-24T18:53:09.444+0000] {processor.py:914} INFO - Processing file /home/airflow/.local/lib/python3.12/site-packages/airflow/example_dags/example_task_group.py for tasks to queue
[2024-12-24T18:53:09.447+0000] {logging_mixin.py:190} INFO - [2024-12-24T18:53:09.446+0000] {dagbag.py:588} INFO - Filling up the DagBag from /home/airflow/.local/lib/python3.12/site-packages/airflow/example_dags/example_task_group.py
[2024-12-24T18:53:09.456+0000] {processor.py:925} INFO - DAG(s) 'example_task_group' retrieved from /home/airflow/.local/lib/python3.12/site-packages/airflow/example_dags/example_task_group.py
[2024-12-24T18:53:09.485+0000] {logging_mixin.py:190} INFO - [2024-12-24T18:53:09.485+0000] {dag.py:3239} INFO - Sync 1 DAGs
[2024-12-24T18:53:09.501+0000] {logging_mixin.py:190} INFO - [2024-12-24T18:53:09.501+0000] {dag.py:4180} INFO - Setting next_dagrun for example_task_group to None, run_after=None
[2024-12-24T18:53:09.525+0000] {processor.py:208} INFO - Processing /home/airflow/.local/lib/python3.12/site-packages/airflow/example_dags/example_task_group.py took 0.088 seconds
[2024-12-24T18:53:43.044+0000] {processor.py:186} INFO - Started process (PID=492) to work on /home/airflow/.local/lib/python3.12/site-packages/airflow/example_dags/example_task_group.py
[2024-12-24T18:53:43.045+0000] {processor.py:914} INFO - Processing file /home/airflow/.local/lib/python3.12/site-packages/airflow/example_dags/example_task_group.py for tasks to queue
[2024-12-24T18:53:43.050+0000] {logging_mixin.py:190} INFO - [2024-12-24T18:53:43.050+0000] {dagbag.py:588} INFO - Filling up the DagBag from /home/airflow/.local/lib/python3.12/site-packages/airflow/example_dags/example_task_group.py
[2024-12-24T18:53:43.061+0000] {processor.py:925} INFO - DAG(s) 'example_task_group' retrieved from /home/airflow/.local/lib/python3.12/site-packages/airflow/example_dags/example_task_group.py
[2024-12-24T18:53:43.091+0000] {logging_mixin.py:190} INFO - [2024-12-24T18:53:43.091+0000] {dag.py:3239} INFO - Sync 1 DAGs
[2024-12-24T18:53:43.110+0000] {logging_mixin.py:190} INFO - [2024-12-24T18:53:43.110+0000] {dag.py:4180} INFO - Setting next_dagrun for example_task_group to None, run_after=None
[2024-12-24T18:53:43.144+0000] {processor.py:208} INFO - Processing /home/airflow/.local/lib/python3.12/site-packages/airflow/example_dags/example_task_group.py took 0.107 seconds
[2024-12-24T18:54:14.373+0000] {processor.py:186} INFO - Started process (PID=554) to work on /home/airflow/.local/lib/python3.12/site-packages/airflow/example_dags/example_task_group.py
[2024-12-24T18:54:14.375+0000] {processor.py:914} INFO - Processing file /home/airflow/.local/lib/python3.12/site-packages/airflow/example_dags/example_task_group.py for tasks to queue
[2024-12-24T18:54:14.378+0000] {logging_mixin.py:190} INFO - [2024-12-24T18:54:14.377+0000] {dagbag.py:588} INFO - Filling up the DagBag from /home/airflow/.local/lib/python3.12/site-packages/airflow/example_dags/example_task_group.py
[2024-12-24T18:54:14.387+0000] {processor.py:925} INFO - DAG(s) 'example_task_group' retrieved from /home/airflow/.local/lib/python3.12/site-packages/airflow/example_dags/example_task_group.py
[2024-12-24T18:54:14.412+0000] {logging_mixin.py:190} INFO - [2024-12-24T18:54:14.411+0000] {dag.py:3239} INFO - Sync 1 DAGs
[2024-12-24T18:54:14.427+0000] {logging_mixin.py:190} INFO - [2024-12-24T18:54:14.427+0000] {dag.py:4180} INFO - Setting next_dagrun for example_task_group to None, run_after=None
[2024-12-24T18:54:14.453+0000] {processor.py:208} INFO - Processing /home/airflow/.local/lib/python3.12/site-packages/airflow/example_dags/example_task_group.py took 0.086 seconds
[2024-12-24T18:54:46.014+0000] {processor.py:186} INFO - Started process (PID=617) to work on /home/airflow/.local/lib/python3.12/site-packages/airflow/example_dags/example_task_group.py
[2024-12-24T18:54:46.016+0000] {processor.py:914} INFO - Processing file /home/airflow/.local/lib/python3.12/site-packages/airflow/example_dags/example_task_group.py for tasks to queue
[2024-12-24T18:54:46.019+0000] {logging_mixin.py:190} INFO - [2024-12-24T18:54:46.019+0000] {dagbag.py:588} INFO - Filling up the DagBag from /home/airflow/.local/lib/python3.12/site-packages/airflow/example_dags/example_task_group.py
[2024-12-24T18:54:46.031+0000] {processor.py:925} INFO - DAG(s) 'example_task_group' retrieved from /home/airflow/.local/lib/python3.12/site-packages/airflow/example_dags/example_task_group.py
[2024-12-24T18:54:46.064+0000] {logging_mixin.py:190} INFO - [2024-12-24T18:54:46.063+0000] {dag.py:3239} INFO - Sync 1 DAGs
[2024-12-24T18:54:46.082+0000] {logging_mixin.py:190} INFO - [2024-12-24T18:54:46.082+0000] {dag.py:4180} INFO - Setting next_dagrun for example_task_group to None, run_after=None
[2024-12-24T18:54:46.114+0000] {processor.py:208} INFO - Processing /home/airflow/.local/lib/python3.12/site-packages/airflow/example_dags/example_task_group.py took 0.111 seconds
[2024-12-24T18:55:17.682+0000] {processor.py:186} INFO - Started process (PID=686) to work on /home/airflow/.local/lib/python3.12/site-packages/airflow/example_dags/example_task_group.py
[2024-12-24T18:55:17.683+0000] {processor.py:914} INFO - Processing file /home/airflow/.local/lib/python3.12/site-packages/airflow/example_dags/example_task_group.py for tasks to queue
[2024-12-24T18:55:17.686+0000] {logging_mixin.py:190} INFO - [2024-12-24T18:55:17.686+0000] {dagbag.py:588} INFO - Filling up the DagBag from /home/airflow/.local/lib/python3.12/site-packages/airflow/example_dags/example_task_group.py
[2024-12-24T18:55:17.699+0000] {processor.py:925} INFO - DAG(s) 'example_task_group' retrieved from /home/airflow/.local/lib/python3.12/site-packages/airflow/example_dags/example_task_group.py
[2024-12-24T18:55:17.733+0000] {logging_mixin.py:190} INFO - [2024-12-24T18:55:17.732+0000] {dag.py:3239} INFO - Sync 1 DAGs
[2024-12-24T18:55:17.754+0000] {logging_mixin.py:190} INFO - [2024-12-24T18:55:17.753+0000] {dag.py:4180} INFO - Setting next_dagrun for example_task_group to None, run_after=None
[2024-12-24T18:55:17.789+0000] {processor.py:208} INFO - Processing /home/airflow/.local/lib/python3.12/site-packages/airflow/example_dags/example_task_group.py took 0.116 seconds
[2024-12-24T18:55:47.867+0000] {processor.py:186} INFO - Started process (PID=749) to work on /home/airflow/.local/lib/python3.12/site-packages/airflow/example_dags/example_task_group.py
[2024-12-24T18:55:47.868+0000] {processor.py:914} INFO - Processing file /home/airflow/.local/lib/python3.12/site-packages/airflow/example_dags/example_task_group.py for tasks to queue
[2024-12-24T18:55:47.871+0000] {logging_mixin.py:190} INFO - [2024-12-24T18:55:47.871+0000] {dagbag.py:588} INFO - Filling up the DagBag from /home/airflow/.local/lib/python3.12/site-packages/airflow/example_dags/example_task_group.py
[2024-12-24T18:55:47.881+0000] {processor.py:925} INFO - DAG(s) 'example_task_group' retrieved from /home/airflow/.local/lib/python3.12/site-packages/airflow/example_dags/example_task_group.py
[2024-12-24T18:55:47.906+0000] {logging_mixin.py:190} INFO - [2024-12-24T18:55:47.906+0000] {dag.py:3239} INFO - Sync 1 DAGs
[2024-12-24T18:55:47.928+0000] {logging_mixin.py:190} INFO - [2024-12-24T18:55:47.927+0000] {dag.py:4180} INFO - Setting next_dagrun for example_task_group to None, run_after=None
[2024-12-24T18:55:47.958+0000] {processor.py:208} INFO - Processing /home/airflow/.local/lib/python3.12/site-packages/airflow/example_dags/example_task_group.py took 0.097 seconds
[2024-12-24T18:56:20.333+0000] {processor.py:186} INFO - Started process (PID=812) to work on /home/airflow/.local/lib/python3.12/site-packages/airflow/example_dags/example_task_group.py
[2024-12-24T18:56:20.335+0000] {processor.py:914} INFO - Processing file /home/airflow/.local/lib/python3.12/site-packages/airflow/example_dags/example_task_group.py for tasks to queue
[2024-12-24T18:56:20.338+0000] {logging_mixin.py:190} INFO - [2024-12-24T18:56:20.338+0000] {dagbag.py:588} INFO - Filling up the DagBag from /home/airflow/.local/lib/python3.12/site-packages/airflow/example_dags/example_task_group.py
[2024-12-24T18:56:20.351+0000] {processor.py:925} INFO - DAG(s) 'example_task_group' retrieved from /home/airflow/.local/lib/python3.12/site-packages/airflow/example_dags/example_task_group.py
[2024-12-24T18:56:20.389+0000] {logging_mixin.py:190} INFO - [2024-12-24T18:56:20.388+0000] {dag.py:3239} INFO - Sync 1 DAGs
[2024-12-24T18:56:20.409+0000] {logging_mixin.py:190} INFO - [2024-12-24T18:56:20.409+0000] {dag.py:4180} INFO - Setting next_dagrun for example_task_group to None, run_after=None
[2024-12-24T18:56:20.451+0000] {processor.py:208} INFO - Processing /home/airflow/.local/lib/python3.12/site-packages/airflow/example_dags/example_task_group.py took 0.126 seconds
[2024-12-24T18:56:50.847+0000] {processor.py:186} INFO - Started process (PID=874) to work on /home/airflow/.local/lib/python3.12/site-packages/airflow/example_dags/example_task_group.py
[2024-12-24T18:56:50.848+0000] {processor.py:914} INFO - Processing file /home/airflow/.local/lib/python3.12/site-packages/airflow/example_dags/example_task_group.py for tasks to queue
[2024-12-24T18:56:50.853+0000] {logging_mixin.py:190} INFO - [2024-12-24T18:56:50.852+0000] {dagbag.py:588} INFO - Filling up the DagBag from /home/airflow/.local/lib/python3.12/site-packages/airflow/example_dags/example_task_group.py
[2024-12-24T18:56:50.870+0000] {processor.py:925} INFO - DAG(s) 'example_task_group' retrieved from /home/airflow/.local/lib/python3.12/site-packages/airflow/example_dags/example_task_group.py
[2024-12-24T18:56:50.906+0000] {logging_mixin.py:190} INFO - [2024-12-24T18:56:50.905+0000] {dag.py:3239} INFO - Sync 1 DAGs
[2024-12-24T18:56:50.926+0000] {logging_mixin.py:190} INFO - [2024-12-24T18:56:50.926+0000] {dag.py:4180} INFO - Setting next_dagrun for example_task_group to None, run_after=None
[2024-12-24T18:56:50.968+0000] {processor.py:208} INFO - Processing /home/airflow/.local/lib/python3.12/site-packages/airflow/example_dags/example_task_group.py took 0.129 seconds
[2024-12-24T18:57:21.466+0000] {processor.py:186} INFO - Started process (PID=937) to work on /home/airflow/.local/lib/python3.12/site-packages/airflow/example_dags/example_task_group.py
[2024-12-24T18:57:21.467+0000] {processor.py:914} INFO - Processing file /home/airflow/.local/lib/python3.12/site-packages/airflow/example_dags/example_task_group.py for tasks to queue
[2024-12-24T18:57:21.470+0000] {logging_mixin.py:190} INFO - [2024-12-24T18:57:21.470+0000] {dagbag.py:588} INFO - Filling up the DagBag from /home/airflow/.local/lib/python3.12/site-packages/airflow/example_dags/example_task_group.py
[2024-12-24T18:57:21.479+0000] {processor.py:925} INFO - DAG(s) 'example_task_group' retrieved from /home/airflow/.local/lib/python3.12/site-packages/airflow/example_dags/example_task_group.py
[2024-12-24T18:57:21.504+0000] {logging_mixin.py:190} INFO - [2024-12-24T18:57:21.504+0000] {dag.py:3239} INFO - Sync 1 DAGs
[2024-12-24T18:57:21.521+0000] {logging_mixin.py:190} INFO - [2024-12-24T18:57:21.521+0000] {dag.py:4180} INFO - Setting next_dagrun for example_task_group to None, run_after=None
[2024-12-24T18:57:21.547+0000] {processor.py:208} INFO - Processing /home/airflow/.local/lib/python3.12/site-packages/airflow/example_dags/example_task_group.py took 0.087 seconds
[2024-12-24T18:57:52.265+0000] {processor.py:186} INFO - Started process (PID=1000) to work on /home/airflow/.local/lib/python3.12/site-packages/airflow/example_dags/example_task_group.py
[2024-12-24T18:57:52.267+0000] {processor.py:914} INFO - Processing file /home/airflow/.local/lib/python3.12/site-packages/airflow/example_dags/example_task_group.py for tasks to queue
[2024-12-24T18:57:52.269+0000] {logging_mixin.py:190} INFO - [2024-12-24T18:57:52.269+0000] {dagbag.py:588} INFO - Filling up the DagBag from /home/airflow/.local/lib/python3.12/site-packages/airflow/example_dags/example_task_group.py
[2024-12-24T18:57:52.279+0000] {processor.py:925} INFO - DAG(s) 'example_task_group' retrieved from /home/airflow/.local/lib/python3.12/site-packages/airflow/example_dags/example_task_group.py
[2024-12-24T18:57:52.302+0000] {logging_mixin.py:190} INFO - [2024-12-24T18:57:52.302+0000] {dag.py:3239} INFO - Sync 1 DAGs
[2024-12-24T18:57:52.317+0000] {logging_mixin.py:190} INFO - [2024-12-24T18:57:52.317+0000] {dag.py:4180} INFO - Setting next_dagrun for example_task_group to None, run_after=None
[2024-12-24T18:57:52.342+0000] {processor.py:208} INFO - Processing /home/airflow/.local/lib/python3.12/site-packages/airflow/example_dags/example_task_group.py took 0.082 seconds
[2024-12-24T18:58:23.426+0000] {processor.py:186} INFO - Started process (PID=1063) to work on /home/airflow/.local/lib/python3.12/site-packages/airflow/example_dags/example_task_group.py
[2024-12-24T18:58:23.427+0000] {processor.py:914} INFO - Processing file /home/airflow/.local/lib/python3.12/site-packages/airflow/example_dags/example_task_group.py for tasks to queue
[2024-12-24T18:58:23.430+0000] {logging_mixin.py:190} INFO - [2024-12-24T18:58:23.429+0000] {dagbag.py:588} INFO - Filling up the DagBag from /home/airflow/.local/lib/python3.12/site-packages/airflow/example_dags/example_task_group.py
[2024-12-24T18:58:23.439+0000] {processor.py:925} INFO - DAG(s) 'example_task_group' retrieved from /home/airflow/.local/lib/python3.12/site-packages/airflow/example_dags/example_task_group.py
[2024-12-24T18:58:23.467+0000] {logging_mixin.py:190} INFO - [2024-12-24T18:58:23.467+0000] {dag.py:3239} INFO - Sync 1 DAGs
[2024-12-24T18:58:23.486+0000] {logging_mixin.py:190} INFO - [2024-12-24T18:58:23.485+0000] {dag.py:4180} INFO - Setting next_dagrun for example_task_group to None, run_after=None
[2024-12-24T18:58:23.513+0000] {processor.py:208} INFO - Processing /home/airflow/.local/lib/python3.12/site-packages/airflow/example_dags/example_task_group.py took 0.094 seconds
[2024-12-24T18:58:55.217+0000] {processor.py:186} INFO - Started process (PID=1126) to work on /home/airflow/.local/lib/python3.12/site-packages/airflow/example_dags/example_task_group.py
[2024-12-24T18:58:55.219+0000] {processor.py:914} INFO - Processing file /home/airflow/.local/lib/python3.12/site-packages/airflow/example_dags/example_task_group.py for tasks to queue
[2024-12-24T18:58:55.221+0000] {logging_mixin.py:190} INFO - [2024-12-24T18:58:55.221+0000] {dagbag.py:588} INFO - Filling up the DagBag from /home/airflow/.local/lib/python3.12/site-packages/airflow/example_dags/example_task_group.py
[2024-12-24T18:58:55.231+0000] {processor.py:925} INFO - DAG(s) 'example_task_group' retrieved from /home/airflow/.local/lib/python3.12/site-packages/airflow/example_dags/example_task_group.py
[2024-12-24T18:58:55.257+0000] {logging_mixin.py:190} INFO - [2024-12-24T18:58:55.257+0000] {dag.py:3239} INFO - Sync 1 DAGs
[2024-12-24T18:58:55.273+0000] {logging_mixin.py:190} INFO - [2024-12-24T18:58:55.273+0000] {dag.py:4180} INFO - Setting next_dagrun for example_task_group to None, run_after=None
[2024-12-24T18:58:55.300+0000] {processor.py:208} INFO - Processing /home/airflow/.local/lib/python3.12/site-packages/airflow/example_dags/example_task_group.py took 0.089 seconds
[2024-12-24T18:59:26.387+0000] {processor.py:186} INFO - Started process (PID=1189) to work on /home/airflow/.local/lib/python3.12/site-packages/airflow/example_dags/example_task_group.py
[2024-12-24T18:59:26.388+0000] {processor.py:914} INFO - Processing file /home/airflow/.local/lib/python3.12/site-packages/airflow/example_dags/example_task_group.py for tasks to queue
[2024-12-24T18:59:26.391+0000] {logging_mixin.py:190} INFO - [2024-12-24T18:59:26.391+0000] {dagbag.py:588} INFO - Filling up the DagBag from /home/airflow/.local/lib/python3.12/site-packages/airflow/example_dags/example_task_group.py
[2024-12-24T18:59:26.401+0000] {processor.py:925} INFO - DAG(s) 'example_task_group' retrieved from /home/airflow/.local/lib/python3.12/site-packages/airflow/example_dags/example_task_group.py
[2024-12-24T18:59:26.426+0000] {logging_mixin.py:190} INFO - [2024-12-24T18:59:26.425+0000] {dag.py:3239} INFO - Sync 1 DAGs
[2024-12-24T18:59:26.442+0000] {logging_mixin.py:190} INFO - [2024-12-24T18:59:26.442+0000] {dag.py:4180} INFO - Setting next_dagrun for example_task_group to None, run_after=None
[2024-12-24T18:59:26.469+0000] {processor.py:208} INFO - Processing /home/airflow/.local/lib/python3.12/site-packages/airflow/example_dags/example_task_group.py took 0.088 seconds
[2024-12-24T18:59:57.117+0000] {processor.py:186} INFO - Started process (PID=1252) to work on /home/airflow/.local/lib/python3.12/site-packages/airflow/example_dags/example_task_group.py
[2024-12-24T18:59:57.118+0000] {processor.py:914} INFO - Processing file /home/airflow/.local/lib/python3.12/site-packages/airflow/example_dags/example_task_group.py for tasks to queue
[2024-12-24T18:59:57.121+0000] {logging_mixin.py:190} INFO - [2024-12-24T18:59:57.121+0000] {dagbag.py:588} INFO - Filling up the DagBag from /home/airflow/.local/lib/python3.12/site-packages/airflow/example_dags/example_task_group.py
[2024-12-24T18:59:57.130+0000] {processor.py:925} INFO - DAG(s) 'example_task_group' retrieved from /home/airflow/.local/lib/python3.12/site-packages/airflow/example_dags/example_task_group.py
[2024-12-24T18:59:57.154+0000] {logging_mixin.py:190} INFO - [2024-12-24T18:59:57.154+0000] {dag.py:3239} INFO - Sync 1 DAGs
[2024-12-24T18:59:57.170+0000] {logging_mixin.py:190} INFO - [2024-12-24T18:59:57.170+0000] {dag.py:4180} INFO - Setting next_dagrun for example_task_group to None, run_after=None
[2024-12-24T18:59:57.197+0000] {processor.py:208} INFO - Processing /home/airflow/.local/lib/python3.12/site-packages/airflow/example_dags/example_task_group.py took 0.086 seconds
[2024-12-24T19:00:27.452+0000] {processor.py:186} INFO - Started process (PID=1314) to work on /home/airflow/.local/lib/python3.12/site-packages/airflow/example_dags/example_task_group.py
[2024-12-24T19:00:27.454+0000] {processor.py:914} INFO - Processing file /home/airflow/.local/lib/python3.12/site-packages/airflow/example_dags/example_task_group.py for tasks to queue
[2024-12-24T19:00:27.457+0000] {logging_mixin.py:190} INFO - [2024-12-24T19:00:27.457+0000] {dagbag.py:588} INFO - Filling up the DagBag from /home/airflow/.local/lib/python3.12/site-packages/airflow/example_dags/example_task_group.py
[2024-12-24T19:00:27.471+0000] {processor.py:925} INFO - DAG(s) 'example_task_group' retrieved from /home/airflow/.local/lib/python3.12/site-packages/airflow/example_dags/example_task_group.py
[2024-12-24T19:00:27.503+0000] {logging_mixin.py:190} INFO - [2024-12-24T19:00:27.503+0000] {dag.py:3239} INFO - Sync 1 DAGs
[2024-12-24T19:00:27.522+0000] {logging_mixin.py:190} INFO - [2024-12-24T19:00:27.522+0000] {dag.py:4180} INFO - Setting next_dagrun for example_task_group to None, run_after=None
[2024-12-24T19:00:27.559+0000] {processor.py:208} INFO - Processing /home/airflow/.local/lib/python3.12/site-packages/airflow/example_dags/example_task_group.py took 0.115 seconds
[2024-12-24T19:00:58.451+0000] {processor.py:186} INFO - Started process (PID=1377) to work on /home/airflow/.local/lib/python3.12/site-packages/airflow/example_dags/example_task_group.py
[2024-12-24T19:00:58.452+0000] {processor.py:914} INFO - Processing file /home/airflow/.local/lib/python3.12/site-packages/airflow/example_dags/example_task_group.py for tasks to queue
[2024-12-24T19:00:58.455+0000] {logging_mixin.py:190} INFO - [2024-12-24T19:00:58.454+0000] {dagbag.py:588} INFO - Filling up the DagBag from /home/airflow/.local/lib/python3.12/site-packages/airflow/example_dags/example_task_group.py
[2024-12-24T19:00:58.465+0000] {processor.py:925} INFO - DAG(s) 'example_task_group' retrieved from /home/airflow/.local/lib/python3.12/site-packages/airflow/example_dags/example_task_group.py
[2024-12-24T19:00:58.494+0000] {logging_mixin.py:190} INFO - [2024-12-24T19:00:58.494+0000] {dag.py:3239} INFO - Sync 1 DAGs
[2024-12-24T19:00:58.514+0000] {logging_mixin.py:190} INFO - [2024-12-24T19:00:58.514+0000] {dag.py:4180} INFO - Setting next_dagrun for example_task_group to None, run_after=None
[2024-12-24T19:00:58.541+0000] {processor.py:208} INFO - Processing /home/airflow/.local/lib/python3.12/site-packages/airflow/example_dags/example_task_group.py took 0.096 seconds
[2024-12-24T19:01:28.998+0000] {processor.py:186} INFO - Started process (PID=1440) to work on /home/airflow/.local/lib/python3.12/site-packages/airflow/example_dags/example_task_group.py
[2024-12-24T19:01:28.999+0000] {processor.py:914} INFO - Processing file /home/airflow/.local/lib/python3.12/site-packages/airflow/example_dags/example_task_group.py for tasks to queue
[2024-12-24T19:01:29.002+0000] {logging_mixin.py:190} INFO - [2024-12-24T19:01:29.002+0000] {dagbag.py:588} INFO - Filling up the DagBag from /home/airflow/.local/lib/python3.12/site-packages/airflow/example_dags/example_task_group.py
[2024-12-24T19:01:29.012+0000] {processor.py:925} INFO - DAG(s) 'example_task_group' retrieved from /home/airflow/.local/lib/python3.12/site-packages/airflow/example_dags/example_task_group.py
[2024-12-24T19:01:29.041+0000] {logging_mixin.py:190} INFO - [2024-12-24T19:01:29.041+0000] {dag.py:3239} INFO - Sync 1 DAGs
[2024-12-24T19:01:29.058+0000] {logging_mixin.py:190} INFO - [2024-12-24T19:01:29.057+0000] {dag.py:4180} INFO - Setting next_dagrun for example_task_group to None, run_after=None
[2024-12-24T19:01:29.086+0000] {processor.py:208} INFO - Processing /home/airflow/.local/lib/python3.12/site-packages/airflow/example_dags/example_task_group.py took 0.095 seconds
[2024-12-24T19:01:59.783+0000] {processor.py:186} INFO - Started process (PID=1502) to work on /home/airflow/.local/lib/python3.12/site-packages/airflow/example_dags/example_task_group.py
[2024-12-24T19:01:59.784+0000] {processor.py:914} INFO - Processing file /home/airflow/.local/lib/python3.12/site-packages/airflow/example_dags/example_task_group.py for tasks to queue
[2024-12-24T19:01:59.788+0000] {logging_mixin.py:190} INFO - [2024-12-24T19:01:59.787+0000] {dagbag.py:588} INFO - Filling up the DagBag from /home/airflow/.local/lib/python3.12/site-packages/airflow/example_dags/example_task_group.py
[2024-12-24T19:01:59.797+0000] {processor.py:925} INFO - DAG(s) 'example_task_group' retrieved from /home/airflow/.local/lib/python3.12/site-packages/airflow/example_dags/example_task_group.py
[2024-12-24T19:01:59.823+0000] {logging_mixin.py:190} INFO - [2024-12-24T19:01:59.822+0000] {dag.py:3239} INFO - Sync 1 DAGs
[2024-12-24T19:01:59.841+0000] {logging_mixin.py:190} INFO - [2024-12-24T19:01:59.840+0000] {dag.py:4180} INFO - Setting next_dagrun for example_task_group to None, run_after=None
[2024-12-24T19:01:59.866+0000] {processor.py:208} INFO - Processing /home/airflow/.local/lib/python3.12/site-packages/airflow/example_dags/example_task_group.py took 0.091 seconds
[2024-12-24T19:02:30.525+0000] {processor.py:186} INFO - Started process (PID=1571) to work on /home/airflow/.local/lib/python3.12/site-packages/airflow/example_dags/example_task_group.py
[2024-12-24T19:02:30.526+0000] {processor.py:914} INFO - Processing file /home/airflow/.local/lib/python3.12/site-packages/airflow/example_dags/example_task_group.py for tasks to queue
[2024-12-24T19:02:30.529+0000] {logging_mixin.py:190} INFO - [2024-12-24T19:02:30.529+0000] {dagbag.py:588} INFO - Filling up the DagBag from /home/airflow/.local/lib/python3.12/site-packages/airflow/example_dags/example_task_group.py
[2024-12-24T19:02:30.539+0000] {processor.py:925} INFO - DAG(s) 'example_task_group' retrieved from /home/airflow/.local/lib/python3.12/site-packages/airflow/example_dags/example_task_group.py
[2024-12-24T19:02:30.566+0000] {logging_mixin.py:190} INFO - [2024-12-24T19:02:30.565+0000] {dag.py:3239} INFO - Sync 1 DAGs
[2024-12-24T19:02:30.584+0000] {logging_mixin.py:190} INFO - [2024-12-24T19:02:30.584+0000] {dag.py:4180} INFO - Setting next_dagrun for example_task_group to None, run_after=None
[2024-12-24T19:02:30.616+0000] {processor.py:208} INFO - Processing /home/airflow/.local/lib/python3.12/site-packages/airflow/example_dags/example_task_group.py took 0.098 seconds
[2024-12-24T19:03:02.497+0000] {processor.py:186} INFO - Started process (PID=1634) to work on /home/airflow/.local/lib/python3.12/site-packages/airflow/example_dags/example_task_group.py
[2024-12-24T19:03:02.500+0000] {processor.py:914} INFO - Processing file /home/airflow/.local/lib/python3.12/site-packages/airflow/example_dags/example_task_group.py for tasks to queue
[2024-12-24T19:03:02.505+0000] {logging_mixin.py:190} INFO - [2024-12-24T19:03:02.504+0000] {dagbag.py:588} INFO - Filling up the DagBag from /home/airflow/.local/lib/python3.12/site-packages/airflow/example_dags/example_task_group.py
[2024-12-24T19:03:02.523+0000] {processor.py:925} INFO - DAG(s) 'example_task_group' retrieved from /home/airflow/.local/lib/python3.12/site-packages/airflow/example_dags/example_task_group.py
[2024-12-24T19:03:02.566+0000] {logging_mixin.py:190} INFO - [2024-12-24T19:03:02.565+0000] {dag.py:3239} INFO - Sync 1 DAGs
[2024-12-24T19:03:02.588+0000] {logging_mixin.py:190} INFO - [2024-12-24T19:03:02.588+0000] {dag.py:4180} INFO - Setting next_dagrun for example_task_group to None, run_after=None
[2024-12-24T19:03:02.634+0000] {processor.py:208} INFO - Processing /home/airflow/.local/lib/python3.12/site-packages/airflow/example_dags/example_task_group.py took 0.144 seconds
[2024-12-24T19:03:33.079+0000] {processor.py:186} INFO - Started process (PID=1697) to work on /home/airflow/.local/lib/python3.12/site-packages/airflow/example_dags/example_task_group.py
[2024-12-24T19:03:33.081+0000] {processor.py:914} INFO - Processing file /home/airflow/.local/lib/python3.12/site-packages/airflow/example_dags/example_task_group.py for tasks to queue
[2024-12-24T19:03:33.084+0000] {logging_mixin.py:190} INFO - [2024-12-24T19:03:33.083+0000] {dagbag.py:588} INFO - Filling up the DagBag from /home/airflow/.local/lib/python3.12/site-packages/airflow/example_dags/example_task_group.py
[2024-12-24T19:03:33.093+0000] {processor.py:925} INFO - DAG(s) 'example_task_group' retrieved from /home/airflow/.local/lib/python3.12/site-packages/airflow/example_dags/example_task_group.py
[2024-12-24T19:03:33.120+0000] {logging_mixin.py:190} INFO - [2024-12-24T19:03:33.119+0000] {dag.py:3239} INFO - Sync 1 DAGs
[2024-12-24T19:03:33.135+0000] {logging_mixin.py:190} INFO - [2024-12-24T19:03:33.135+0000] {dag.py:4180} INFO - Setting next_dagrun for example_task_group to None, run_after=None
[2024-12-24T19:03:33.161+0000] {processor.py:208} INFO - Processing /home/airflow/.local/lib/python3.12/site-packages/airflow/example_dags/example_task_group.py took 0.088 seconds
[2024-12-24T19:04:03.933+0000] {processor.py:186} INFO - Started process (PID=1760) to work on /home/airflow/.local/lib/python3.12/site-packages/airflow/example_dags/example_task_group.py
[2024-12-24T19:04:03.935+0000] {processor.py:914} INFO - Processing file /home/airflow/.local/lib/python3.12/site-packages/airflow/example_dags/example_task_group.py for tasks to queue
[2024-12-24T19:04:03.937+0000] {logging_mixin.py:190} INFO - [2024-12-24T19:04:03.937+0000] {dagbag.py:588} INFO - Filling up the DagBag from /home/airflow/.local/lib/python3.12/site-packages/airflow/example_dags/example_task_group.py
[2024-12-24T19:04:03.947+0000] {processor.py:925} INFO - DAG(s) 'example_task_group' retrieved from /home/airflow/.local/lib/python3.12/site-packages/airflow/example_dags/example_task_group.py
[2024-12-24T19:04:03.972+0000] {logging_mixin.py:190} INFO - [2024-12-24T19:04:03.972+0000] {dag.py:3239} INFO - Sync 1 DAGs
[2024-12-24T19:04:03.987+0000] {logging_mixin.py:190} INFO - [2024-12-24T19:04:03.987+0000] {dag.py:4180} INFO - Setting next_dagrun for example_task_group to None, run_after=None
[2024-12-24T19:04:04.014+0000] {processor.py:208} INFO - Processing /home/airflow/.local/lib/python3.12/site-packages/airflow/example_dags/example_task_group.py took 0.087 seconds
[2024-12-24T19:04:34.348+0000] {processor.py:186} INFO - Started process (PID=1822) to work on /home/airflow/.local/lib/python3.12/site-packages/airflow/example_dags/example_task_group.py
[2024-12-24T19:04:34.350+0000] {processor.py:914} INFO - Processing file /home/airflow/.local/lib/python3.12/site-packages/airflow/example_dags/example_task_group.py for tasks to queue
[2024-12-24T19:04:34.352+0000] {logging_mixin.py:190} INFO - [2024-12-24T19:04:34.352+0000] {dagbag.py:588} INFO - Filling up the DagBag from /home/airflow/.local/lib/python3.12/site-packages/airflow/example_dags/example_task_group.py
[2024-12-24T19:04:34.361+0000] {processor.py:925} INFO - DAG(s) 'example_task_group' retrieved from /home/airflow/.local/lib/python3.12/site-packages/airflow/example_dags/example_task_group.py
[2024-12-24T19:04:34.386+0000] {logging_mixin.py:190} INFO - [2024-12-24T19:04:34.385+0000] {dag.py:3239} INFO - Sync 1 DAGs
[2024-12-24T19:04:34.403+0000] {logging_mixin.py:190} INFO - [2024-12-24T19:04:34.402+0000] {dag.py:4180} INFO - Setting next_dagrun for example_task_group to None, run_after=None
[2024-12-24T19:04:34.430+0000] {processor.py:208} INFO - Processing /home/airflow/.local/lib/python3.12/site-packages/airflow/example_dags/example_task_group.py took 0.088 seconds
[2024-12-24T19:05:04.620+0000] {processor.py:186} INFO - Started process (PID=1885) to work on /home/airflow/.local/lib/python3.12/site-packages/airflow/example_dags/example_task_group.py
[2024-12-24T19:05:04.621+0000] {processor.py:914} INFO - Processing file /home/airflow/.local/lib/python3.12/site-packages/airflow/example_dags/example_task_group.py for tasks to queue
[2024-12-24T19:05:04.625+0000] {logging_mixin.py:190} INFO - [2024-12-24T19:05:04.624+0000] {dagbag.py:588} INFO - Filling up the DagBag from /home/airflow/.local/lib/python3.12/site-packages/airflow/example_dags/example_task_group.py
[2024-12-24T19:05:04.633+0000] {processor.py:925} INFO - DAG(s) 'example_task_group' retrieved from /home/airflow/.local/lib/python3.12/site-packages/airflow/example_dags/example_task_group.py
[2024-12-24T19:05:04.659+0000] {logging_mixin.py:190} INFO - [2024-12-24T19:05:04.659+0000] {dag.py:3239} INFO - Sync 1 DAGs
[2024-12-24T19:05:04.675+0000] {logging_mixin.py:190} INFO - [2024-12-24T19:05:04.675+0000] {dag.py:4180} INFO - Setting next_dagrun for example_task_group to None, run_after=None
[2024-12-24T19:05:04.700+0000] {processor.py:208} INFO - Processing /home/airflow/.local/lib/python3.12/site-packages/airflow/example_dags/example_task_group.py took 0.086 seconds
[2024-12-24T19:05:35.497+0000] {processor.py:186} INFO - Started process (PID=1949) to work on /home/airflow/.local/lib/python3.12/site-packages/airflow/example_dags/example_task_group.py
[2024-12-24T19:05:35.499+0000] {processor.py:914} INFO - Processing file /home/airflow/.local/lib/python3.12/site-packages/airflow/example_dags/example_task_group.py for tasks to queue
[2024-12-24T19:05:35.501+0000] {logging_mixin.py:190} INFO - [2024-12-24T19:05:35.501+0000] {dagbag.py:588} INFO - Filling up the DagBag from /home/airflow/.local/lib/python3.12/site-packages/airflow/example_dags/example_task_group.py
[2024-12-24T19:05:35.510+0000] {processor.py:925} INFO - DAG(s) 'example_task_group' retrieved from /home/airflow/.local/lib/python3.12/site-packages/airflow/example_dags/example_task_group.py
[2024-12-24T19:05:35.537+0000] {logging_mixin.py:190} INFO - [2024-12-24T19:05:35.537+0000] {dag.py:3239} INFO - Sync 1 DAGs
[2024-12-24T19:05:35.554+0000] {logging_mixin.py:190} INFO - [2024-12-24T19:05:35.554+0000] {dag.py:4180} INFO - Setting next_dagrun for example_task_group to None, run_after=None
[2024-12-24T19:05:35.585+0000] {processor.py:208} INFO - Processing /home/airflow/.local/lib/python3.12/site-packages/airflow/example_dags/example_task_group.py took 0.093 seconds
[2024-12-24T19:06:05.685+0000] {processor.py:186} INFO - Started process (PID=2012) to work on /home/airflow/.local/lib/python3.12/site-packages/airflow/example_dags/example_task_group.py
[2024-12-24T19:06:05.687+0000] {processor.py:914} INFO - Processing file /home/airflow/.local/lib/python3.12/site-packages/airflow/example_dags/example_task_group.py for tasks to queue
[2024-12-24T19:06:05.689+0000] {logging_mixin.py:190} INFO - [2024-12-24T19:06:05.689+0000] {dagbag.py:588} INFO - Filling up the DagBag from /home/airflow/.local/lib/python3.12/site-packages/airflow/example_dags/example_task_group.py
[2024-12-24T19:06:05.698+0000] {processor.py:925} INFO - DAG(s) 'example_task_group' retrieved from /home/airflow/.local/lib/python3.12/site-packages/airflow/example_dags/example_task_group.py
[2024-12-24T19:06:05.723+0000] {logging_mixin.py:190} INFO - [2024-12-24T19:06:05.723+0000] {dag.py:3239} INFO - Sync 1 DAGs
[2024-12-24T19:06:05.740+0000] {logging_mixin.py:190} INFO - [2024-12-24T19:06:05.740+0000] {dag.py:4180} INFO - Setting next_dagrun for example_task_group to None, run_after=None
[2024-12-24T19:06:05.766+0000] {processor.py:208} INFO - Processing /home/airflow/.local/lib/python3.12/site-packages/airflow/example_dags/example_task_group.py took 0.086 seconds
[2024-12-24T19:06:35.896+0000] {processor.py:186} INFO - Started process (PID=2074) to work on /home/airflow/.local/lib/python3.12/site-packages/airflow/example_dags/example_task_group.py
[2024-12-24T19:06:35.898+0000] {processor.py:914} INFO - Processing file /home/airflow/.local/lib/python3.12/site-packages/airflow/example_dags/example_task_group.py for tasks to queue
[2024-12-24T19:06:35.900+0000] {logging_mixin.py:190} INFO - [2024-12-24T19:06:35.900+0000] {dagbag.py:588} INFO - Filling up the DagBag from /home/airflow/.local/lib/python3.12/site-packages/airflow/example_dags/example_task_group.py
[2024-12-24T19:06:35.909+0000] {processor.py:925} INFO - DAG(s) 'example_task_group' retrieved from /home/airflow/.local/lib/python3.12/site-packages/airflow/example_dags/example_task_group.py
[2024-12-24T19:06:35.933+0000] {logging_mixin.py:190} INFO - [2024-12-24T19:06:35.933+0000] {dag.py:3239} INFO - Sync 1 DAGs
[2024-12-24T19:06:35.949+0000] {logging_mixin.py:190} INFO - [2024-12-24T19:06:35.949+0000] {dag.py:4180} INFO - Setting next_dagrun for example_task_group to None, run_after=None
[2024-12-24T19:06:35.975+0000] {processor.py:208} INFO - Processing /home/airflow/.local/lib/python3.12/site-packages/airflow/example_dags/example_task_group.py took 0.085 seconds
[2024-12-24T19:07:06.849+0000] {processor.py:186} INFO - Started process (PID=2138) to work on /home/airflow/.local/lib/python3.12/site-packages/airflow/example_dags/example_task_group.py
[2024-12-24T19:07:06.851+0000] {processor.py:914} INFO - Processing file /home/airflow/.local/lib/python3.12/site-packages/airflow/example_dags/example_task_group.py for tasks to queue
[2024-12-24T19:07:06.854+0000] {logging_mixin.py:190} INFO - [2024-12-24T19:07:06.853+0000] {dagbag.py:588} INFO - Filling up the DagBag from /home/airflow/.local/lib/python3.12/site-packages/airflow/example_dags/example_task_group.py
[2024-12-24T19:07:06.863+0000] {processor.py:925} INFO - DAG(s) 'example_task_group' retrieved from /home/airflow/.local/lib/python3.12/site-packages/airflow/example_dags/example_task_group.py
[2024-12-24T19:07:06.887+0000] {logging_mixin.py:190} INFO - [2024-12-24T19:07:06.887+0000] {dag.py:3239} INFO - Sync 1 DAGs
[2024-12-24T19:07:06.905+0000] {logging_mixin.py:190} INFO - [2024-12-24T19:07:06.904+0000] {dag.py:4180} INFO - Setting next_dagrun for example_task_group to None, run_after=None
[2024-12-24T19:07:06.935+0000] {processor.py:208} INFO - Processing /home/airflow/.local/lib/python3.12/site-packages/airflow/example_dags/example_task_group.py took 0.092 seconds
[2024-12-24T19:07:37.533+0000] {processor.py:186} INFO - Started process (PID=2200) to work on /home/airflow/.local/lib/python3.12/site-packages/airflow/example_dags/example_task_group.py
[2024-12-24T19:07:37.535+0000] {processor.py:914} INFO - Processing file /home/airflow/.local/lib/python3.12/site-packages/airflow/example_dags/example_task_group.py for tasks to queue
[2024-12-24T19:07:37.538+0000] {logging_mixin.py:190} INFO - [2024-12-24T19:07:37.537+0000] {dagbag.py:588} INFO - Filling up the DagBag from /home/airflow/.local/lib/python3.12/site-packages/airflow/example_dags/example_task_group.py
[2024-12-24T19:07:37.547+0000] {processor.py:925} INFO - DAG(s) 'example_task_group' retrieved from /home/airflow/.local/lib/python3.12/site-packages/airflow/example_dags/example_task_group.py
[2024-12-24T19:07:37.572+0000] {logging_mixin.py:190} INFO - [2024-12-24T19:07:37.572+0000] {dag.py:3239} INFO - Sync 1 DAGs
[2024-12-24T19:07:37.588+0000] {logging_mixin.py:190} INFO - [2024-12-24T19:07:37.587+0000] {dag.py:4180} INFO - Setting next_dagrun for example_task_group to None, run_after=None
[2024-12-24T19:07:37.617+0000] {processor.py:208} INFO - Processing /home/airflow/.local/lib/python3.12/site-packages/airflow/example_dags/example_task_group.py took 0.089 seconds
[2024-12-24T19:08:08.237+0000] {processor.py:186} INFO - Started process (PID=2263) to work on /home/airflow/.local/lib/python3.12/site-packages/airflow/example_dags/example_task_group.py
[2024-12-24T19:08:08.239+0000] {processor.py:914} INFO - Processing file /home/airflow/.local/lib/python3.12/site-packages/airflow/example_dags/example_task_group.py for tasks to queue
[2024-12-24T19:08:08.241+0000] {logging_mixin.py:190} INFO - [2024-12-24T19:08:08.241+0000] {dagbag.py:588} INFO - Filling up the DagBag from /home/airflow/.local/lib/python3.12/site-packages/airflow/example_dags/example_task_group.py
[2024-12-24T19:08:08.250+0000] {processor.py:925} INFO - DAG(s) 'example_task_group' retrieved from /home/airflow/.local/lib/python3.12/site-packages/airflow/example_dags/example_task_group.py
[2024-12-24T19:08:08.277+0000] {logging_mixin.py:190} INFO - [2024-12-24T19:08:08.276+0000] {dag.py:3239} INFO - Sync 1 DAGs
[2024-12-24T19:08:08.293+0000] {logging_mixin.py:190} INFO - [2024-12-24T19:08:08.293+0000] {dag.py:4180} INFO - Setting next_dagrun for example_task_group to None, run_after=None
[2024-12-24T19:08:08.320+0000] {processor.py:208} INFO - Processing /home/airflow/.local/lib/python3.12/site-packages/airflow/example_dags/example_task_group.py took 0.088 seconds
[2024-12-24T19:08:39.065+0000] {processor.py:186} INFO - Started process (PID=2326) to work on /home/airflow/.local/lib/python3.12/site-packages/airflow/example_dags/example_task_group.py
[2024-12-24T19:08:39.066+0000] {processor.py:914} INFO - Processing file /home/airflow/.local/lib/python3.12/site-packages/airflow/example_dags/example_task_group.py for tasks to queue
[2024-12-24T19:08:39.069+0000] {logging_mixin.py:190} INFO - [2024-12-24T19:08:39.069+0000] {dagbag.py:588} INFO - Filling up the DagBag from /home/airflow/.local/lib/python3.12/site-packages/airflow/example_dags/example_task_group.py
[2024-12-24T19:08:39.079+0000] {processor.py:925} INFO - DAG(s) 'example_task_group' retrieved from /home/airflow/.local/lib/python3.12/site-packages/airflow/example_dags/example_task_group.py
[2024-12-24T19:08:39.106+0000] {logging_mixin.py:190} INFO - [2024-12-24T19:08:39.106+0000] {dag.py:3239} INFO - Sync 1 DAGs
[2024-12-24T19:08:39.122+0000] {logging_mixin.py:190} INFO - [2024-12-24T19:08:39.122+0000] {dag.py:4180} INFO - Setting next_dagrun for example_task_group to None, run_after=None
[2024-12-24T19:08:39.148+0000] {processor.py:208} INFO - Processing /home/airflow/.local/lib/python3.12/site-packages/airflow/example_dags/example_task_group.py took 0.089 seconds
