[2024-12-24T18:50:35.723+0000] {processor.py:186} INFO - Started process (PID=116) to work on /home/airflow/.local/lib/python3.12/site-packages/airflow/example_dags/example_external_task_marker_dag.py
[2024-12-24T18:50:35.724+0000] {processor.py:914} INFO - Processing file /home/airflow/.local/lib/python3.12/site-packages/airflow/example_dags/example_external_task_marker_dag.py for tasks to queue
[2024-12-24T18:50:35.728+0000] {logging_mixin.py:190} INFO - [2024-12-24T18:50:35.727+0000] {dagbag.py:588} INFO - Filling up the DagBag from /home/airflow/.local/lib/python3.12/site-packages/airflow/example_dags/example_external_task_marker_dag.py
[2024-12-24T18:50:35.749+0000] {processor.py:925} INFO - DAG(s) 'example_external_task_marker_parent', 'example_external_task_marker_child' retrieved from /home/airflow/.local/lib/python3.12/site-packages/airflow/example_dags/example_external_task_marker_dag.py
[2024-12-24T18:50:35.779+0000] {logging_mixin.py:190} INFO - [2024-12-24T18:50:35.778+0000] {dag.py:3239} INFO - Sync 2 DAGs
[2024-12-24T18:50:35.804+0000] {logging_mixin.py:190} INFO - [2024-12-24T18:50:35.804+0000] {dag.py:4180} INFO - Setting next_dagrun for example_external_task_marker_child to None, run_after=None
[2024-12-24T18:50:35.809+0000] {logging_mixin.py:190} INFO - [2024-12-24T18:50:35.808+0000] {dag.py:4180} INFO - Setting next_dagrun for example_external_task_marker_parent to None, run_after=None
[2024-12-24T18:50:35.887+0000] {processor.py:208} INFO - Processing /home/airflow/.local/lib/python3.12/site-packages/airflow/example_dags/example_external_task_marker_dag.py took 0.171 seconds
[2024-12-24T18:51:06.335+0000] {processor.py:186} INFO - Started process (PID=179) to work on /home/airflow/.local/lib/python3.12/site-packages/airflow/example_dags/example_external_task_marker_dag.py
[2024-12-24T18:51:06.338+0000] {processor.py:914} INFO - Processing file /home/airflow/.local/lib/python3.12/site-packages/airflow/example_dags/example_external_task_marker_dag.py for tasks to queue
[2024-12-24T18:51:06.341+0000] {logging_mixin.py:190} INFO - [2024-12-24T18:51:06.340+0000] {dagbag.py:588} INFO - Filling up the DagBag from /home/airflow/.local/lib/python3.12/site-packages/airflow/example_dags/example_external_task_marker_dag.py
[2024-12-24T18:51:06.349+0000] {processor.py:925} INFO - DAG(s) 'example_external_task_marker_child', 'example_external_task_marker_parent' retrieved from /home/airflow/.local/lib/python3.12/site-packages/airflow/example_dags/example_external_task_marker_dag.py
[2024-12-24T18:51:06.375+0000] {logging_mixin.py:190} INFO - [2024-12-24T18:51:06.375+0000] {dag.py:3239} INFO - Sync 2 DAGs
[2024-12-24T18:51:06.393+0000] {logging_mixin.py:190} INFO - [2024-12-24T18:51:06.392+0000] {dag.py:4180} INFO - Setting next_dagrun for example_external_task_marker_child to None, run_after=None
[2024-12-24T18:51:06.398+0000] {logging_mixin.py:190} INFO - [2024-12-24T18:51:06.398+0000] {dag.py:4180} INFO - Setting next_dagrun for example_external_task_marker_parent to None, run_after=None
[2024-12-24T18:51:06.429+0000] {processor.py:208} INFO - Processing /home/airflow/.local/lib/python3.12/site-packages/airflow/example_dags/example_external_task_marker_dag.py took 0.099 seconds
[2024-12-24T18:51:38.416+0000] {processor.py:186} INFO - Started process (PID=248) to work on /home/airflow/.local/lib/python3.12/site-packages/airflow/example_dags/example_external_task_marker_dag.py
[2024-12-24T18:51:38.419+0000] {processor.py:914} INFO - Processing file /home/airflow/.local/lib/python3.12/site-packages/airflow/example_dags/example_external_task_marker_dag.py for tasks to queue
[2024-12-24T18:51:38.425+0000] {logging_mixin.py:190} INFO - [2024-12-24T18:51:38.424+0000] {dagbag.py:588} INFO - Filling up the DagBag from /home/airflow/.local/lib/python3.12/site-packages/airflow/example_dags/example_external_task_marker_dag.py
[2024-12-24T18:51:38.451+0000] {processor.py:925} INFO - DAG(s) 'example_external_task_marker_parent', 'example_external_task_marker_child' retrieved from /home/airflow/.local/lib/python3.12/site-packages/airflow/example_dags/example_external_task_marker_dag.py
[2024-12-24T18:51:38.498+0000] {logging_mixin.py:190} INFO - [2024-12-24T18:51:38.497+0000] {dag.py:3239} INFO - Sync 2 DAGs
[2024-12-24T18:51:38.520+0000] {logging_mixin.py:190} INFO - [2024-12-24T18:51:38.519+0000] {dag.py:4180} INFO - Setting next_dagrun for example_external_task_marker_child to None, run_after=None
[2024-12-24T18:51:38.524+0000] {logging_mixin.py:190} INFO - [2024-12-24T18:51:38.524+0000] {dag.py:4180} INFO - Setting next_dagrun for example_external_task_marker_parent to None, run_after=None
[2024-12-24T18:51:38.570+0000] {processor.py:208} INFO - Processing /home/airflow/.local/lib/python3.12/site-packages/airflow/example_dags/example_external_task_marker_dag.py took 0.165 seconds
[2024-12-24T18:52:08.748+0000] {processor.py:186} INFO - Started process (PID=312) to work on /home/airflow/.local/lib/python3.12/site-packages/airflow/example_dags/example_external_task_marker_dag.py
[2024-12-24T18:52:08.750+0000] {processor.py:914} INFO - Processing file /home/airflow/.local/lib/python3.12/site-packages/airflow/example_dags/example_external_task_marker_dag.py for tasks to queue
[2024-12-24T18:52:08.753+0000] {logging_mixin.py:190} INFO - [2024-12-24T18:52:08.752+0000] {dagbag.py:588} INFO - Filling up the DagBag from /home/airflow/.local/lib/python3.12/site-packages/airflow/example_dags/example_external_task_marker_dag.py
[2024-12-24T18:52:08.761+0000] {processor.py:925} INFO - DAG(s) 'example_external_task_marker_parent', 'example_external_task_marker_child' retrieved from /home/airflow/.local/lib/python3.12/site-packages/airflow/example_dags/example_external_task_marker_dag.py
[2024-12-24T18:52:08.791+0000] {logging_mixin.py:190} INFO - [2024-12-24T18:52:08.791+0000] {dag.py:3239} INFO - Sync 2 DAGs
[2024-12-24T18:52:08.808+0000] {logging_mixin.py:190} INFO - [2024-12-24T18:52:08.808+0000] {dag.py:4180} INFO - Setting next_dagrun for example_external_task_marker_child to None, run_after=None
[2024-12-24T18:52:08.813+0000] {logging_mixin.py:190} INFO - [2024-12-24T18:52:08.813+0000] {dag.py:4180} INFO - Setting next_dagrun for example_external_task_marker_parent to None, run_after=None
[2024-12-24T18:52:08.837+0000] {processor.py:208} INFO - Processing /home/airflow/.local/lib/python3.12/site-packages/airflow/example_dags/example_external_task_marker_dag.py took 0.095 seconds
[2024-12-24T18:52:39.463+0000] {processor.py:186} INFO - Started process (PID=374) to work on /home/airflow/.local/lib/python3.12/site-packages/airflow/example_dags/example_external_task_marker_dag.py
[2024-12-24T18:52:39.465+0000] {processor.py:914} INFO - Processing file /home/airflow/.local/lib/python3.12/site-packages/airflow/example_dags/example_external_task_marker_dag.py for tasks to queue
[2024-12-24T18:52:39.468+0000] {logging_mixin.py:190} INFO - [2024-12-24T18:52:39.467+0000] {dagbag.py:588} INFO - Filling up the DagBag from /home/airflow/.local/lib/python3.12/site-packages/airflow/example_dags/example_external_task_marker_dag.py
[2024-12-24T18:52:39.478+0000] {processor.py:925} INFO - DAG(s) 'example_external_task_marker_child', 'example_external_task_marker_parent' retrieved from /home/airflow/.local/lib/python3.12/site-packages/airflow/example_dags/example_external_task_marker_dag.py
[2024-12-24T18:52:39.509+0000] {logging_mixin.py:190} INFO - [2024-12-24T18:52:39.509+0000] {dag.py:3239} INFO - Sync 2 DAGs
[2024-12-24T18:52:39.530+0000] {logging_mixin.py:190} INFO - [2024-12-24T18:52:39.530+0000] {dag.py:4180} INFO - Setting next_dagrun for example_external_task_marker_child to None, run_after=None
[2024-12-24T18:52:39.537+0000] {logging_mixin.py:190} INFO - [2024-12-24T18:52:39.537+0000] {dag.py:4180} INFO - Setting next_dagrun for example_external_task_marker_parent to None, run_after=None
[2024-12-24T18:52:39.568+0000] {processor.py:208} INFO - Processing /home/airflow/.local/lib/python3.12/site-packages/airflow/example_dags/example_external_task_marker_dag.py took 0.113 seconds
[2024-12-24T18:53:09.864+0000] {processor.py:186} INFO - Started process (PID=431) to work on /home/airflow/.local/lib/python3.12/site-packages/airflow/example_dags/example_external_task_marker_dag.py
[2024-12-24T18:53:09.865+0000] {processor.py:914} INFO - Processing file /home/airflow/.local/lib/python3.12/site-packages/airflow/example_dags/example_external_task_marker_dag.py for tasks to queue
[2024-12-24T18:53:09.868+0000] {logging_mixin.py:190} INFO - [2024-12-24T18:53:09.868+0000] {dagbag.py:588} INFO - Filling up the DagBag from /home/airflow/.local/lib/python3.12/site-packages/airflow/example_dags/example_external_task_marker_dag.py
[2024-12-24T18:53:09.876+0000] {processor.py:925} INFO - DAG(s) 'example_external_task_marker_child', 'example_external_task_marker_parent' retrieved from /home/airflow/.local/lib/python3.12/site-packages/airflow/example_dags/example_external_task_marker_dag.py
[2024-12-24T18:53:09.901+0000] {logging_mixin.py:190} INFO - [2024-12-24T18:53:09.901+0000] {dag.py:3239} INFO - Sync 2 DAGs
[2024-12-24T18:53:09.917+0000] {logging_mixin.py:190} INFO - [2024-12-24T18:53:09.917+0000] {dag.py:4180} INFO - Setting next_dagrun for example_external_task_marker_child to None, run_after=None
[2024-12-24T18:53:09.921+0000] {logging_mixin.py:190} INFO - [2024-12-24T18:53:09.921+0000] {dag.py:4180} INFO - Setting next_dagrun for example_external_task_marker_parent to None, run_after=None
[2024-12-24T18:53:09.941+0000] {processor.py:208} INFO - Processing /home/airflow/.local/lib/python3.12/site-packages/airflow/example_dags/example_external_task_marker_dag.py took 0.084 seconds
[2024-12-24T18:53:43.546+0000] {processor.py:186} INFO - Started process (PID=495) to work on /home/airflow/.local/lib/python3.12/site-packages/airflow/example_dags/example_external_task_marker_dag.py
[2024-12-24T18:53:43.547+0000] {processor.py:914} INFO - Processing file /home/airflow/.local/lib/python3.12/site-packages/airflow/example_dags/example_external_task_marker_dag.py for tasks to queue
[2024-12-24T18:53:43.549+0000] {logging_mixin.py:190} INFO - [2024-12-24T18:53:43.549+0000] {dagbag.py:588} INFO - Filling up the DagBag from /home/airflow/.local/lib/python3.12/site-packages/airflow/example_dags/example_external_task_marker_dag.py
[2024-12-24T18:53:43.558+0000] {processor.py:925} INFO - DAG(s) 'example_external_task_marker_child', 'example_external_task_marker_parent' retrieved from /home/airflow/.local/lib/python3.12/site-packages/airflow/example_dags/example_external_task_marker_dag.py
[2024-12-24T18:53:43.584+0000] {logging_mixin.py:190} INFO - [2024-12-24T18:53:43.584+0000] {dag.py:3239} INFO - Sync 2 DAGs
[2024-12-24T18:53:43.601+0000] {logging_mixin.py:190} INFO - [2024-12-24T18:53:43.601+0000] {dag.py:4180} INFO - Setting next_dagrun for example_external_task_marker_child to None, run_after=None
[2024-12-24T18:53:43.605+0000] {logging_mixin.py:190} INFO - [2024-12-24T18:53:43.605+0000] {dag.py:4180} INFO - Setting next_dagrun for example_external_task_marker_parent to None, run_after=None
[2024-12-24T18:53:43.627+0000] {processor.py:208} INFO - Processing /home/airflow/.local/lib/python3.12/site-packages/airflow/example_dags/example_external_task_marker_dag.py took 0.087 seconds
[2024-12-24T18:54:14.793+0000] {processor.py:186} INFO - Started process (PID=558) to work on /home/airflow/.local/lib/python3.12/site-packages/airflow/example_dags/example_external_task_marker_dag.py
[2024-12-24T18:54:14.795+0000] {processor.py:914} INFO - Processing file /home/airflow/.local/lib/python3.12/site-packages/airflow/example_dags/example_external_task_marker_dag.py for tasks to queue
[2024-12-24T18:54:14.797+0000] {logging_mixin.py:190} INFO - [2024-12-24T18:54:14.797+0000] {dagbag.py:588} INFO - Filling up the DagBag from /home/airflow/.local/lib/python3.12/site-packages/airflow/example_dags/example_external_task_marker_dag.py
[2024-12-24T18:54:14.806+0000] {processor.py:925} INFO - DAG(s) 'example_external_task_marker_child', 'example_external_task_marker_parent' retrieved from /home/airflow/.local/lib/python3.12/site-packages/airflow/example_dags/example_external_task_marker_dag.py
[2024-12-24T18:54:14.833+0000] {logging_mixin.py:190} INFO - [2024-12-24T18:54:14.833+0000] {dag.py:3239} INFO - Sync 2 DAGs
[2024-12-24T18:54:14.850+0000] {logging_mixin.py:190} INFO - [2024-12-24T18:54:14.850+0000] {dag.py:4180} INFO - Setting next_dagrun for example_external_task_marker_child to None, run_after=None
[2024-12-24T18:54:14.856+0000] {logging_mixin.py:190} INFO - [2024-12-24T18:54:14.855+0000] {dag.py:4180} INFO - Setting next_dagrun for example_external_task_marker_parent to None, run_after=None
[2024-12-24T18:54:14.879+0000] {processor.py:208} INFO - Processing /home/airflow/.local/lib/python3.12/site-packages/airflow/example_dags/example_external_task_marker_dag.py took 0.092 seconds
[2024-12-24T18:54:46.508+0000] {processor.py:186} INFO - Started process (PID=621) to work on /home/airflow/.local/lib/python3.12/site-packages/airflow/example_dags/example_external_task_marker_dag.py
[2024-12-24T18:54:46.510+0000] {processor.py:914} INFO - Processing file /home/airflow/.local/lib/python3.12/site-packages/airflow/example_dags/example_external_task_marker_dag.py for tasks to queue
[2024-12-24T18:54:46.513+0000] {logging_mixin.py:190} INFO - [2024-12-24T18:54:46.513+0000] {dagbag.py:588} INFO - Filling up the DagBag from /home/airflow/.local/lib/python3.12/site-packages/airflow/example_dags/example_external_task_marker_dag.py
[2024-12-24T18:54:46.525+0000] {processor.py:925} INFO - DAG(s) 'example_external_task_marker_child', 'example_external_task_marker_parent' retrieved from /home/airflow/.local/lib/python3.12/site-packages/airflow/example_dags/example_external_task_marker_dag.py
[2024-12-24T18:54:46.563+0000] {logging_mixin.py:190} INFO - [2024-12-24T18:54:46.562+0000] {dag.py:3239} INFO - Sync 2 DAGs
[2024-12-24T18:54:46.585+0000] {logging_mixin.py:190} INFO - [2024-12-24T18:54:46.584+0000] {dag.py:4180} INFO - Setting next_dagrun for example_external_task_marker_child to None, run_after=None
[2024-12-24T18:54:46.592+0000] {logging_mixin.py:190} INFO - [2024-12-24T18:54:46.591+0000] {dag.py:4180} INFO - Setting next_dagrun for example_external_task_marker_parent to None, run_after=None
[2024-12-24T18:54:46.629+0000] {processor.py:208} INFO - Processing /home/airflow/.local/lib/python3.12/site-packages/airflow/example_dags/example_external_task_marker_dag.py took 0.128 seconds
[2024-12-24T18:55:18.352+0000] {processor.py:186} INFO - Started process (PID=690) to work on /home/airflow/.local/lib/python3.12/site-packages/airflow/example_dags/example_external_task_marker_dag.py
[2024-12-24T18:55:18.354+0000] {processor.py:914} INFO - Processing file /home/airflow/.local/lib/python3.12/site-packages/airflow/example_dags/example_external_task_marker_dag.py for tasks to queue
[2024-12-24T18:55:18.357+0000] {logging_mixin.py:190} INFO - [2024-12-24T18:55:18.357+0000] {dagbag.py:588} INFO - Filling up the DagBag from /home/airflow/.local/lib/python3.12/site-packages/airflow/example_dags/example_external_task_marker_dag.py
[2024-12-24T18:55:18.367+0000] {processor.py:925} INFO - DAG(s) 'example_external_task_marker_parent', 'example_external_task_marker_child' retrieved from /home/airflow/.local/lib/python3.12/site-packages/airflow/example_dags/example_external_task_marker_dag.py
[2024-12-24T18:55:18.406+0000] {logging_mixin.py:190} INFO - [2024-12-24T18:55:18.406+0000] {dag.py:3239} INFO - Sync 2 DAGs
[2024-12-24T18:55:18.429+0000] {logging_mixin.py:190} INFO - [2024-12-24T18:55:18.428+0000] {dag.py:4180} INFO - Setting next_dagrun for example_external_task_marker_child to None, run_after=None
[2024-12-24T18:55:18.435+0000] {logging_mixin.py:190} INFO - [2024-12-24T18:55:18.434+0000] {dag.py:4180} INFO - Setting next_dagrun for example_external_task_marker_parent to None, run_after=None
[2024-12-24T18:55:18.472+0000] {processor.py:208} INFO - Processing /home/airflow/.local/lib/python3.12/site-packages/airflow/example_dags/example_external_task_marker_dag.py took 0.127 seconds
[2024-12-24T18:55:48.524+0000] {processor.py:186} INFO - Started process (PID=752) to work on /home/airflow/.local/lib/python3.12/site-packages/airflow/example_dags/example_external_task_marker_dag.py
[2024-12-24T18:55:48.525+0000] {processor.py:914} INFO - Processing file /home/airflow/.local/lib/python3.12/site-packages/airflow/example_dags/example_external_task_marker_dag.py for tasks to queue
[2024-12-24T18:55:48.527+0000] {logging_mixin.py:190} INFO - [2024-12-24T18:55:48.527+0000] {dagbag.py:588} INFO - Filling up the DagBag from /home/airflow/.local/lib/python3.12/site-packages/airflow/example_dags/example_external_task_marker_dag.py
[2024-12-24T18:55:48.536+0000] {processor.py:925} INFO - DAG(s) 'example_external_task_marker_child', 'example_external_task_marker_parent' retrieved from /home/airflow/.local/lib/python3.12/site-packages/airflow/example_dags/example_external_task_marker_dag.py
[2024-12-24T18:55:48.562+0000] {logging_mixin.py:190} INFO - [2024-12-24T18:55:48.562+0000] {dag.py:3239} INFO - Sync 2 DAGs
[2024-12-24T18:55:48.579+0000] {logging_mixin.py:190} INFO - [2024-12-24T18:55:48.579+0000] {dag.py:4180} INFO - Setting next_dagrun for example_external_task_marker_child to None, run_after=None
[2024-12-24T18:55:48.584+0000] {logging_mixin.py:190} INFO - [2024-12-24T18:55:48.584+0000] {dag.py:4180} INFO - Setting next_dagrun for example_external_task_marker_parent to None, run_after=None
[2024-12-24T18:55:48.609+0000] {processor.py:208} INFO - Processing /home/airflow/.local/lib/python3.12/site-packages/airflow/example_dags/example_external_task_marker_dag.py took 0.091 seconds
[2024-12-24T18:56:21.113+0000] {processor.py:186} INFO - Started process (PID=816) to work on /home/airflow/.local/lib/python3.12/site-packages/airflow/example_dags/example_external_task_marker_dag.py
[2024-12-24T18:56:21.115+0000] {processor.py:914} INFO - Processing file /home/airflow/.local/lib/python3.12/site-packages/airflow/example_dags/example_external_task_marker_dag.py for tasks to queue
[2024-12-24T18:56:21.118+0000] {logging_mixin.py:190} INFO - [2024-12-24T18:56:21.117+0000] {dagbag.py:588} INFO - Filling up the DagBag from /home/airflow/.local/lib/python3.12/site-packages/airflow/example_dags/example_external_task_marker_dag.py
[2024-12-24T18:56:21.129+0000] {processor.py:925} INFO - DAG(s) 'example_external_task_marker_parent', 'example_external_task_marker_child' retrieved from /home/airflow/.local/lib/python3.12/site-packages/airflow/example_dags/example_external_task_marker_dag.py
[2024-12-24T18:56:21.162+0000] {logging_mixin.py:190} INFO - [2024-12-24T18:56:21.162+0000] {dag.py:3239} INFO - Sync 2 DAGs
[2024-12-24T18:56:21.180+0000] {logging_mixin.py:190} INFO - [2024-12-24T18:56:21.179+0000] {dag.py:4180} INFO - Setting next_dagrun for example_external_task_marker_child to None, run_after=None
[2024-12-24T18:56:21.185+0000] {logging_mixin.py:190} INFO - [2024-12-24T18:56:21.185+0000] {dag.py:4180} INFO - Setting next_dagrun for example_external_task_marker_parent to None, run_after=None
[2024-12-24T18:56:21.212+0000] {processor.py:208} INFO - Processing /home/airflow/.local/lib/python3.12/site-packages/airflow/example_dags/example_external_task_marker_dag.py took 0.106 seconds
[2024-12-24T18:56:51.495+0000] {processor.py:186} INFO - Started process (PID=878) to work on /home/airflow/.local/lib/python3.12/site-packages/airflow/example_dags/example_external_task_marker_dag.py
[2024-12-24T18:56:51.498+0000] {processor.py:914} INFO - Processing file /home/airflow/.local/lib/python3.12/site-packages/airflow/example_dags/example_external_task_marker_dag.py for tasks to queue
[2024-12-24T18:56:51.503+0000] {logging_mixin.py:190} INFO - [2024-12-24T18:56:51.502+0000] {dagbag.py:588} INFO - Filling up the DagBag from /home/airflow/.local/lib/python3.12/site-packages/airflow/example_dags/example_external_task_marker_dag.py
[2024-12-24T18:56:51.518+0000] {processor.py:925} INFO - DAG(s) 'example_external_task_marker_parent', 'example_external_task_marker_child' retrieved from /home/airflow/.local/lib/python3.12/site-packages/airflow/example_dags/example_external_task_marker_dag.py
[2024-12-24T18:56:51.554+0000] {logging_mixin.py:190} INFO - [2024-12-24T18:56:51.553+0000] {dag.py:3239} INFO - Sync 2 DAGs
[2024-12-24T18:56:51.575+0000] {logging_mixin.py:190} INFO - [2024-12-24T18:56:51.574+0000] {dag.py:4180} INFO - Setting next_dagrun for example_external_task_marker_child to None, run_after=None
[2024-12-24T18:56:51.582+0000] {logging_mixin.py:190} INFO - [2024-12-24T18:56:51.582+0000] {dag.py:4180} INFO - Setting next_dagrun for example_external_task_marker_parent to None, run_after=None
[2024-12-24T18:56:51.610+0000] {processor.py:208} INFO - Processing /home/airflow/.local/lib/python3.12/site-packages/airflow/example_dags/example_external_task_marker_dag.py took 0.131 seconds
[2024-12-24T18:57:21.847+0000] {processor.py:186} INFO - Started process (PID=940) to work on /home/airflow/.local/lib/python3.12/site-packages/airflow/example_dags/example_external_task_marker_dag.py
[2024-12-24T18:57:21.848+0000] {processor.py:914} INFO - Processing file /home/airflow/.local/lib/python3.12/site-packages/airflow/example_dags/example_external_task_marker_dag.py for tasks to queue
[2024-12-24T18:57:21.851+0000] {logging_mixin.py:190} INFO - [2024-12-24T18:57:21.850+0000] {dagbag.py:588} INFO - Filling up the DagBag from /home/airflow/.local/lib/python3.12/site-packages/airflow/example_dags/example_external_task_marker_dag.py
[2024-12-24T18:57:21.859+0000] {processor.py:925} INFO - DAG(s) 'example_external_task_marker_child', 'example_external_task_marker_parent' retrieved from /home/airflow/.local/lib/python3.12/site-packages/airflow/example_dags/example_external_task_marker_dag.py
[2024-12-24T18:57:21.884+0000] {logging_mixin.py:190} INFO - [2024-12-24T18:57:21.884+0000] {dag.py:3239} INFO - Sync 2 DAGs
[2024-12-24T18:57:21.901+0000] {logging_mixin.py:190} INFO - [2024-12-24T18:57:21.900+0000] {dag.py:4180} INFO - Setting next_dagrun for example_external_task_marker_child to None, run_after=None
[2024-12-24T18:57:21.906+0000] {logging_mixin.py:190} INFO - [2024-12-24T18:57:21.905+0000] {dag.py:4180} INFO - Setting next_dagrun for example_external_task_marker_parent to None, run_after=None
[2024-12-24T18:57:21.929+0000] {processor.py:208} INFO - Processing /home/airflow/.local/lib/python3.12/site-packages/airflow/example_dags/example_external_task_marker_dag.py took 0.087 seconds
[2024-12-24T18:57:52.662+0000] {processor.py:186} INFO - Started process (PID=1003) to work on /home/airflow/.local/lib/python3.12/site-packages/airflow/example_dags/example_external_task_marker_dag.py
[2024-12-24T18:57:52.663+0000] {processor.py:914} INFO - Processing file /home/airflow/.local/lib/python3.12/site-packages/airflow/example_dags/example_external_task_marker_dag.py for tasks to queue
[2024-12-24T18:57:52.666+0000] {logging_mixin.py:190} INFO - [2024-12-24T18:57:52.665+0000] {dagbag.py:588} INFO - Filling up the DagBag from /home/airflow/.local/lib/python3.12/site-packages/airflow/example_dags/example_external_task_marker_dag.py
[2024-12-24T18:57:52.674+0000] {processor.py:925} INFO - DAG(s) 'example_external_task_marker_parent', 'example_external_task_marker_child' retrieved from /home/airflow/.local/lib/python3.12/site-packages/airflow/example_dags/example_external_task_marker_dag.py
[2024-12-24T18:57:52.701+0000] {logging_mixin.py:190} INFO - [2024-12-24T18:57:52.701+0000] {dag.py:3239} INFO - Sync 2 DAGs
[2024-12-24T18:57:52.717+0000] {logging_mixin.py:190} INFO - [2024-12-24T18:57:52.717+0000] {dag.py:4180} INFO - Setting next_dagrun for example_external_task_marker_child to None, run_after=None
[2024-12-24T18:57:52.722+0000] {logging_mixin.py:190} INFO - [2024-12-24T18:57:52.722+0000] {dag.py:4180} INFO - Setting next_dagrun for example_external_task_marker_parent to None, run_after=None
[2024-12-24T18:57:52.748+0000] {processor.py:208} INFO - Processing /home/airflow/.local/lib/python3.12/site-packages/airflow/example_dags/example_external_task_marker_dag.py took 0.091 seconds
[2024-12-24T18:58:23.839+0000] {processor.py:186} INFO - Started process (PID=1066) to work on /home/airflow/.local/lib/python3.12/site-packages/airflow/example_dags/example_external_task_marker_dag.py
[2024-12-24T18:58:23.841+0000] {processor.py:914} INFO - Processing file /home/airflow/.local/lib/python3.12/site-packages/airflow/example_dags/example_external_task_marker_dag.py for tasks to queue
[2024-12-24T18:58:23.843+0000] {logging_mixin.py:190} INFO - [2024-12-24T18:58:23.843+0000] {dagbag.py:588} INFO - Filling up the DagBag from /home/airflow/.local/lib/python3.12/site-packages/airflow/example_dags/example_external_task_marker_dag.py
[2024-12-24T18:58:23.851+0000] {processor.py:925} INFO - DAG(s) 'example_external_task_marker_child', 'example_external_task_marker_parent' retrieved from /home/airflow/.local/lib/python3.12/site-packages/airflow/example_dags/example_external_task_marker_dag.py
[2024-12-24T18:58:23.878+0000] {logging_mixin.py:190} INFO - [2024-12-24T18:58:23.878+0000] {dag.py:3239} INFO - Sync 2 DAGs
[2024-12-24T18:58:23.893+0000] {logging_mixin.py:190} INFO - [2024-12-24T18:58:23.892+0000] {dag.py:4180} INFO - Setting next_dagrun for example_external_task_marker_child to None, run_after=None
[2024-12-24T18:58:23.898+0000] {logging_mixin.py:190} INFO - [2024-12-24T18:58:23.897+0000] {dag.py:4180} INFO - Setting next_dagrun for example_external_task_marker_parent to None, run_after=None
[2024-12-24T18:58:23.921+0000] {processor.py:208} INFO - Processing /home/airflow/.local/lib/python3.12/site-packages/airflow/example_dags/example_external_task_marker_dag.py took 0.088 seconds
[2024-12-24T18:58:55.504+0000] {processor.py:186} INFO - Started process (PID=1129) to work on /home/airflow/.local/lib/python3.12/site-packages/airflow/example_dags/example_external_task_marker_dag.py
[2024-12-24T18:58:55.505+0000] {processor.py:914} INFO - Processing file /home/airflow/.local/lib/python3.12/site-packages/airflow/example_dags/example_external_task_marker_dag.py for tasks to queue
[2024-12-24T18:58:55.508+0000] {logging_mixin.py:190} INFO - [2024-12-24T18:58:55.508+0000] {dagbag.py:588} INFO - Filling up the DagBag from /home/airflow/.local/lib/python3.12/site-packages/airflow/example_dags/example_external_task_marker_dag.py
[2024-12-24T18:58:55.516+0000] {processor.py:925} INFO - DAG(s) 'example_external_task_marker_child', 'example_external_task_marker_parent' retrieved from /home/airflow/.local/lib/python3.12/site-packages/airflow/example_dags/example_external_task_marker_dag.py
[2024-12-24T18:58:55.544+0000] {logging_mixin.py:190} INFO - [2024-12-24T18:58:55.543+0000] {dag.py:3239} INFO - Sync 2 DAGs
[2024-12-24T18:58:55.558+0000] {logging_mixin.py:190} INFO - [2024-12-24T18:58:55.558+0000] {dag.py:4180} INFO - Setting next_dagrun for example_external_task_marker_child to None, run_after=None
[2024-12-24T18:58:55.564+0000] {logging_mixin.py:190} INFO - [2024-12-24T18:58:55.563+0000] {dag.py:4180} INFO - Setting next_dagrun for example_external_task_marker_parent to None, run_after=None
[2024-12-24T18:58:55.586+0000] {processor.py:208} INFO - Processing /home/airflow/.local/lib/python3.12/site-packages/airflow/example_dags/example_external_task_marker_dag.py took 0.088 seconds
[2024-12-24T18:59:26.638+0000] {processor.py:186} INFO - Started process (PID=1192) to work on /home/airflow/.local/lib/python3.12/site-packages/airflow/example_dags/example_external_task_marker_dag.py
[2024-12-24T18:59:26.640+0000] {processor.py:914} INFO - Processing file /home/airflow/.local/lib/python3.12/site-packages/airflow/example_dags/example_external_task_marker_dag.py for tasks to queue
[2024-12-24T18:59:26.643+0000] {logging_mixin.py:190} INFO - [2024-12-24T18:59:26.642+0000] {dagbag.py:588} INFO - Filling up the DagBag from /home/airflow/.local/lib/python3.12/site-packages/airflow/example_dags/example_external_task_marker_dag.py
[2024-12-24T18:59:26.652+0000] {processor.py:925} INFO - DAG(s) 'example_external_task_marker_parent', 'example_external_task_marker_child' retrieved from /home/airflow/.local/lib/python3.12/site-packages/airflow/example_dags/example_external_task_marker_dag.py
[2024-12-24T18:59:26.682+0000] {logging_mixin.py:190} INFO - [2024-12-24T18:59:26.682+0000] {dag.py:3239} INFO - Sync 2 DAGs
[2024-12-24T18:59:26.699+0000] {logging_mixin.py:190} INFO - [2024-12-24T18:59:26.699+0000] {dag.py:4180} INFO - Setting next_dagrun for example_external_task_marker_child to None, run_after=None
[2024-12-24T18:59:26.705+0000] {logging_mixin.py:190} INFO - [2024-12-24T18:59:26.705+0000] {dag.py:4180} INFO - Setting next_dagrun for example_external_task_marker_parent to None, run_after=None
[2024-12-24T18:59:26.731+0000] {processor.py:208} INFO - Processing /home/airflow/.local/lib/python3.12/site-packages/airflow/example_dags/example_external_task_marker_dag.py took 0.098 seconds
[2024-12-24T18:59:57.403+0000] {processor.py:186} INFO - Started process (PID=1255) to work on /home/airflow/.local/lib/python3.12/site-packages/airflow/example_dags/example_external_task_marker_dag.py
[2024-12-24T18:59:57.405+0000] {processor.py:914} INFO - Processing file /home/airflow/.local/lib/python3.12/site-packages/airflow/example_dags/example_external_task_marker_dag.py for tasks to queue
[2024-12-24T18:59:57.408+0000] {logging_mixin.py:190} INFO - [2024-12-24T18:59:57.407+0000] {dagbag.py:588} INFO - Filling up the DagBag from /home/airflow/.local/lib/python3.12/site-packages/airflow/example_dags/example_external_task_marker_dag.py
[2024-12-24T18:59:57.417+0000] {processor.py:925} INFO - DAG(s) 'example_external_task_marker_child', 'example_external_task_marker_parent' retrieved from /home/airflow/.local/lib/python3.12/site-packages/airflow/example_dags/example_external_task_marker_dag.py
[2024-12-24T18:59:57.451+0000] {logging_mixin.py:190} INFO - [2024-12-24T18:59:57.450+0000] {dag.py:3239} INFO - Sync 2 DAGs
[2024-12-24T18:59:57.469+0000] {logging_mixin.py:190} INFO - [2024-12-24T18:59:57.469+0000] {dag.py:4180} INFO - Setting next_dagrun for example_external_task_marker_child to None, run_after=None
[2024-12-24T18:59:57.476+0000] {logging_mixin.py:190} INFO - [2024-12-24T18:59:57.476+0000] {dag.py:4180} INFO - Setting next_dagrun for example_external_task_marker_parent to None, run_after=None
[2024-12-24T18:59:57.503+0000] {processor.py:208} INFO - Processing /home/airflow/.local/lib/python3.12/site-packages/airflow/example_dags/example_external_task_marker_dag.py took 0.106 seconds
[2024-12-24T19:00:27.951+0000] {processor.py:186} INFO - Started process (PID=1318) to work on /home/airflow/.local/lib/python3.12/site-packages/airflow/example_dags/example_external_task_marker_dag.py
[2024-12-24T19:00:27.953+0000] {processor.py:914} INFO - Processing file /home/airflow/.local/lib/python3.12/site-packages/airflow/example_dags/example_external_task_marker_dag.py for tasks to queue
[2024-12-24T19:00:27.956+0000] {logging_mixin.py:190} INFO - [2024-12-24T19:00:27.955+0000] {dagbag.py:588} INFO - Filling up the DagBag from /home/airflow/.local/lib/python3.12/site-packages/airflow/example_dags/example_external_task_marker_dag.py
[2024-12-24T19:00:27.965+0000] {processor.py:925} INFO - DAG(s) 'example_external_task_marker_parent', 'example_external_task_marker_child' retrieved from /home/airflow/.local/lib/python3.12/site-packages/airflow/example_dags/example_external_task_marker_dag.py
[2024-12-24T19:00:27.997+0000] {logging_mixin.py:190} INFO - [2024-12-24T19:00:27.997+0000] {dag.py:3239} INFO - Sync 2 DAGs
[2024-12-24T19:00:28.015+0000] {logging_mixin.py:190} INFO - [2024-12-24T19:00:28.015+0000] {dag.py:4180} INFO - Setting next_dagrun for example_external_task_marker_child to None, run_after=None
[2024-12-24T19:00:28.021+0000] {logging_mixin.py:190} INFO - [2024-12-24T19:00:28.021+0000] {dag.py:4180} INFO - Setting next_dagrun for example_external_task_marker_parent to None, run_after=None
[2024-12-24T19:00:28.045+0000] {processor.py:208} INFO - Processing /home/airflow/.local/lib/python3.12/site-packages/airflow/example_dags/example_external_task_marker_dag.py took 0.101 seconds
[2024-12-24T19:00:58.648+0000] {processor.py:186} INFO - Started process (PID=1380) to work on /home/airflow/.local/lib/python3.12/site-packages/airflow/example_dags/example_external_task_marker_dag.py
[2024-12-24T19:00:58.649+0000] {processor.py:914} INFO - Processing file /home/airflow/.local/lib/python3.12/site-packages/airflow/example_dags/example_external_task_marker_dag.py for tasks to queue
[2024-12-24T19:00:58.652+0000] {logging_mixin.py:190} INFO - [2024-12-24T19:00:58.651+0000] {dagbag.py:588} INFO - Filling up the DagBag from /home/airflow/.local/lib/python3.12/site-packages/airflow/example_dags/example_external_task_marker_dag.py
[2024-12-24T19:00:58.661+0000] {processor.py:925} INFO - DAG(s) 'example_external_task_marker_child', 'example_external_task_marker_parent' retrieved from /home/airflow/.local/lib/python3.12/site-packages/airflow/example_dags/example_external_task_marker_dag.py
[2024-12-24T19:00:58.690+0000] {logging_mixin.py:190} INFO - [2024-12-24T19:00:58.689+0000] {dag.py:3239} INFO - Sync 2 DAGs
[2024-12-24T19:00:58.709+0000] {logging_mixin.py:190} INFO - [2024-12-24T19:00:58.708+0000] {dag.py:4180} INFO - Setting next_dagrun for example_external_task_marker_child to None, run_after=None
[2024-12-24T19:00:58.714+0000] {logging_mixin.py:190} INFO - [2024-12-24T19:00:58.714+0000] {dag.py:4180} INFO - Setting next_dagrun for example_external_task_marker_parent to None, run_after=None
[2024-12-24T19:00:58.738+0000] {processor.py:208} INFO - Processing /home/airflow/.local/lib/python3.12/site-packages/airflow/example_dags/example_external_task_marker_dag.py took 0.097 seconds
[2024-12-24T19:01:29.421+0000] {processor.py:186} INFO - Started process (PID=1443) to work on /home/airflow/.local/lib/python3.12/site-packages/airflow/example_dags/example_external_task_marker_dag.py
[2024-12-24T19:01:29.422+0000] {processor.py:914} INFO - Processing file /home/airflow/.local/lib/python3.12/site-packages/airflow/example_dags/example_external_task_marker_dag.py for tasks to queue
[2024-12-24T19:01:29.425+0000] {logging_mixin.py:190} INFO - [2024-12-24T19:01:29.425+0000] {dagbag.py:588} INFO - Filling up the DagBag from /home/airflow/.local/lib/python3.12/site-packages/airflow/example_dags/example_external_task_marker_dag.py
[2024-12-24T19:01:29.434+0000] {processor.py:925} INFO - DAG(s) 'example_external_task_marker_parent', 'example_external_task_marker_child' retrieved from /home/airflow/.local/lib/python3.12/site-packages/airflow/example_dags/example_external_task_marker_dag.py
[2024-12-24T19:01:29.462+0000] {logging_mixin.py:190} INFO - [2024-12-24T19:01:29.461+0000] {dag.py:3239} INFO - Sync 2 DAGs
[2024-12-24T19:01:29.477+0000] {logging_mixin.py:190} INFO - [2024-12-24T19:01:29.477+0000] {dag.py:4180} INFO - Setting next_dagrun for example_external_task_marker_child to None, run_after=None
[2024-12-24T19:01:29.482+0000] {logging_mixin.py:190} INFO - [2024-12-24T19:01:29.482+0000] {dag.py:4180} INFO - Setting next_dagrun for example_external_task_marker_parent to None, run_after=None
[2024-12-24T19:01:29.508+0000] {processor.py:208} INFO - Processing /home/airflow/.local/lib/python3.12/site-packages/airflow/example_dags/example_external_task_marker_dag.py took 0.093 seconds
[2024-12-24T19:02:00.077+0000] {processor.py:186} INFO - Started process (PID=1506) to work on /home/airflow/.local/lib/python3.12/site-packages/airflow/example_dags/example_external_task_marker_dag.py
[2024-12-24T19:02:00.078+0000] {processor.py:914} INFO - Processing file /home/airflow/.local/lib/python3.12/site-packages/airflow/example_dags/example_external_task_marker_dag.py for tasks to queue
[2024-12-24T19:02:00.081+0000] {logging_mixin.py:190} INFO - [2024-12-24T19:02:00.080+0000] {dagbag.py:588} INFO - Filling up the DagBag from /home/airflow/.local/lib/python3.12/site-packages/airflow/example_dags/example_external_task_marker_dag.py
[2024-12-24T19:02:00.089+0000] {processor.py:925} INFO - DAG(s) 'example_external_task_marker_child', 'example_external_task_marker_parent' retrieved from /home/airflow/.local/lib/python3.12/site-packages/airflow/example_dags/example_external_task_marker_dag.py
[2024-12-24T19:02:00.118+0000] {logging_mixin.py:190} INFO - [2024-12-24T19:02:00.117+0000] {dag.py:3239} INFO - Sync 2 DAGs
[2024-12-24T19:02:00.136+0000] {logging_mixin.py:190} INFO - [2024-12-24T19:02:00.135+0000] {dag.py:4180} INFO - Setting next_dagrun for example_external_task_marker_child to None, run_after=None
[2024-12-24T19:02:00.142+0000] {logging_mixin.py:190} INFO - [2024-12-24T19:02:00.141+0000] {dag.py:4180} INFO - Setting next_dagrun for example_external_task_marker_parent to None, run_after=None
[2024-12-24T19:02:00.165+0000] {processor.py:208} INFO - Processing /home/airflow/.local/lib/python3.12/site-packages/airflow/example_dags/example_external_task_marker_dag.py took 0.094 seconds
[2024-12-24T19:02:30.837+0000] {processor.py:186} INFO - Started process (PID=1574) to work on /home/airflow/.local/lib/python3.12/site-packages/airflow/example_dags/example_external_task_marker_dag.py
[2024-12-24T19:02:30.839+0000] {processor.py:914} INFO - Processing file /home/airflow/.local/lib/python3.12/site-packages/airflow/example_dags/example_external_task_marker_dag.py for tasks to queue
[2024-12-24T19:02:30.841+0000] {logging_mixin.py:190} INFO - [2024-12-24T19:02:30.841+0000] {dagbag.py:588} INFO - Filling up the DagBag from /home/airflow/.local/lib/python3.12/site-packages/airflow/example_dags/example_external_task_marker_dag.py
[2024-12-24T19:02:30.851+0000] {processor.py:925} INFO - DAG(s) 'example_external_task_marker_child', 'example_external_task_marker_parent' retrieved from /home/airflow/.local/lib/python3.12/site-packages/airflow/example_dags/example_external_task_marker_dag.py
[2024-12-24T19:02:30.879+0000] {logging_mixin.py:190} INFO - [2024-12-24T19:02:30.879+0000] {dag.py:3239} INFO - Sync 2 DAGs
[2024-12-24T19:02:30.899+0000] {logging_mixin.py:190} INFO - [2024-12-24T19:02:30.898+0000] {dag.py:4180} INFO - Setting next_dagrun for example_external_task_marker_child to None, run_after=None
[2024-12-24T19:02:30.906+0000] {logging_mixin.py:190} INFO - [2024-12-24T19:02:30.905+0000] {dag.py:4180} INFO - Setting next_dagrun for example_external_task_marker_parent to None, run_after=None
[2024-12-24T19:02:30.930+0000] {processor.py:208} INFO - Processing /home/airflow/.local/lib/python3.12/site-packages/airflow/example_dags/example_external_task_marker_dag.py took 0.099 seconds
[2024-12-24T19:03:02.902+0000] {processor.py:186} INFO - Started process (PID=1637) to work on /home/airflow/.local/lib/python3.12/site-packages/airflow/example_dags/example_external_task_marker_dag.py
[2024-12-24T19:03:02.905+0000] {processor.py:914} INFO - Processing file /home/airflow/.local/lib/python3.12/site-packages/airflow/example_dags/example_external_task_marker_dag.py for tasks to queue
[2024-12-24T19:03:02.913+0000] {logging_mixin.py:190} INFO - [2024-12-24T19:03:02.912+0000] {dagbag.py:588} INFO - Filling up the DagBag from /home/airflow/.local/lib/python3.12/site-packages/airflow/example_dags/example_external_task_marker_dag.py
[2024-12-24T19:03:02.932+0000] {processor.py:925} INFO - DAG(s) 'example_external_task_marker_child', 'example_external_task_marker_parent' retrieved from /home/airflow/.local/lib/python3.12/site-packages/airflow/example_dags/example_external_task_marker_dag.py
[2024-12-24T19:03:02.985+0000] {logging_mixin.py:190} INFO - [2024-12-24T19:03:02.984+0000] {dag.py:3239} INFO - Sync 2 DAGs
[2024-12-24T19:03:03.004+0000] {logging_mixin.py:190} INFO - [2024-12-24T19:03:03.004+0000] {dag.py:4180} INFO - Setting next_dagrun for example_external_task_marker_child to None, run_after=None
[2024-12-24T19:03:03.011+0000] {logging_mixin.py:190} INFO - [2024-12-24T19:03:03.010+0000] {dag.py:4180} INFO - Setting next_dagrun for example_external_task_marker_parent to None, run_after=None
[2024-12-24T19:03:03.039+0000] {processor.py:208} INFO - Processing /home/airflow/.local/lib/python3.12/site-packages/airflow/example_dags/example_external_task_marker_dag.py took 0.144 seconds
[2024-12-24T19:03:33.364+0000] {processor.py:186} INFO - Started process (PID=1700) to work on /home/airflow/.local/lib/python3.12/site-packages/airflow/example_dags/example_external_task_marker_dag.py
[2024-12-24T19:03:33.365+0000] {processor.py:914} INFO - Processing file /home/airflow/.local/lib/python3.12/site-packages/airflow/example_dags/example_external_task_marker_dag.py for tasks to queue
[2024-12-24T19:03:33.368+0000] {logging_mixin.py:190} INFO - [2024-12-24T19:03:33.367+0000] {dagbag.py:588} INFO - Filling up the DagBag from /home/airflow/.local/lib/python3.12/site-packages/airflow/example_dags/example_external_task_marker_dag.py
[2024-12-24T19:03:33.376+0000] {processor.py:925} INFO - DAG(s) 'example_external_task_marker_parent', 'example_external_task_marker_child' retrieved from /home/airflow/.local/lib/python3.12/site-packages/airflow/example_dags/example_external_task_marker_dag.py
[2024-12-24T19:03:33.405+0000] {logging_mixin.py:190} INFO - [2024-12-24T19:03:33.404+0000] {dag.py:3239} INFO - Sync 2 DAGs
[2024-12-24T19:03:33.424+0000] {logging_mixin.py:190} INFO - [2024-12-24T19:03:33.423+0000] {dag.py:4180} INFO - Setting next_dagrun for example_external_task_marker_child to None, run_after=None
[2024-12-24T19:03:33.429+0000] {logging_mixin.py:190} INFO - [2024-12-24T19:03:33.429+0000] {dag.py:4180} INFO - Setting next_dagrun for example_external_task_marker_parent to None, run_after=None
[2024-12-24T19:03:33.460+0000] {processor.py:208} INFO - Processing /home/airflow/.local/lib/python3.12/site-packages/airflow/example_dags/example_external_task_marker_dag.py took 0.103 seconds
[2024-12-24T19:04:04.195+0000] {processor.py:186} INFO - Started process (PID=1763) to work on /home/airflow/.local/lib/python3.12/site-packages/airflow/example_dags/example_external_task_marker_dag.py
[2024-12-24T19:04:04.197+0000] {processor.py:914} INFO - Processing file /home/airflow/.local/lib/python3.12/site-packages/airflow/example_dags/example_external_task_marker_dag.py for tasks to queue
[2024-12-24T19:04:04.199+0000] {logging_mixin.py:190} INFO - [2024-12-24T19:04:04.199+0000] {dagbag.py:588} INFO - Filling up the DagBag from /home/airflow/.local/lib/python3.12/site-packages/airflow/example_dags/example_external_task_marker_dag.py
[2024-12-24T19:04:04.208+0000] {processor.py:925} INFO - DAG(s) 'example_external_task_marker_child', 'example_external_task_marker_parent' retrieved from /home/airflow/.local/lib/python3.12/site-packages/airflow/example_dags/example_external_task_marker_dag.py
[2024-12-24T19:04:04.236+0000] {logging_mixin.py:190} INFO - [2024-12-24T19:04:04.236+0000] {dag.py:3239} INFO - Sync 2 DAGs
[2024-12-24T19:04:04.253+0000] {logging_mixin.py:190} INFO - [2024-12-24T19:04:04.252+0000] {dag.py:4180} INFO - Setting next_dagrun for example_external_task_marker_child to None, run_after=None
[2024-12-24T19:04:04.257+0000] {logging_mixin.py:190} INFO - [2024-12-24T19:04:04.257+0000] {dag.py:4180} INFO - Setting next_dagrun for example_external_task_marker_parent to None, run_after=None
[2024-12-24T19:04:04.298+0000] {processor.py:208} INFO - Processing /home/airflow/.local/lib/python3.12/site-packages/airflow/example_dags/example_external_task_marker_dag.py took 0.108 seconds
[2024-12-24T19:04:34.766+0000] {processor.py:186} INFO - Started process (PID=1826) to work on /home/airflow/.local/lib/python3.12/site-packages/airflow/example_dags/example_external_task_marker_dag.py
[2024-12-24T19:04:34.768+0000] {processor.py:914} INFO - Processing file /home/airflow/.local/lib/python3.12/site-packages/airflow/example_dags/example_external_task_marker_dag.py for tasks to queue
[2024-12-24T19:04:34.771+0000] {logging_mixin.py:190} INFO - [2024-12-24T19:04:34.770+0000] {dagbag.py:588} INFO - Filling up the DagBag from /home/airflow/.local/lib/python3.12/site-packages/airflow/example_dags/example_external_task_marker_dag.py
[2024-12-24T19:04:34.780+0000] {processor.py:925} INFO - DAG(s) 'example_external_task_marker_child', 'example_external_task_marker_parent' retrieved from /home/airflow/.local/lib/python3.12/site-packages/airflow/example_dags/example_external_task_marker_dag.py
[2024-12-24T19:04:34.811+0000] {logging_mixin.py:190} INFO - [2024-12-24T19:04:34.811+0000] {dag.py:3239} INFO - Sync 2 DAGs
[2024-12-24T19:04:34.830+0000] {logging_mixin.py:190} INFO - [2024-12-24T19:04:34.830+0000] {dag.py:4180} INFO - Setting next_dagrun for example_external_task_marker_child to None, run_after=None
[2024-12-24T19:04:34.835+0000] {logging_mixin.py:190} INFO - [2024-12-24T19:04:34.834+0000] {dag.py:4180} INFO - Setting next_dagrun for example_external_task_marker_parent to None, run_after=None
[2024-12-24T19:04:34.859+0000] {processor.py:208} INFO - Processing /home/airflow/.local/lib/python3.12/site-packages/airflow/example_dags/example_external_task_marker_dag.py took 0.099 seconds
[2024-12-24T19:05:04.917+0000] {processor.py:186} INFO - Started process (PID=1888) to work on /home/airflow/.local/lib/python3.12/site-packages/airflow/example_dags/example_external_task_marker_dag.py
[2024-12-24T19:05:04.919+0000] {processor.py:914} INFO - Processing file /home/airflow/.local/lib/python3.12/site-packages/airflow/example_dags/example_external_task_marker_dag.py for tasks to queue
[2024-12-24T19:05:04.922+0000] {logging_mixin.py:190} INFO - [2024-12-24T19:05:04.922+0000] {dagbag.py:588} INFO - Filling up the DagBag from /home/airflow/.local/lib/python3.12/site-packages/airflow/example_dags/example_external_task_marker_dag.py
[2024-12-24T19:05:04.930+0000] {processor.py:925} INFO - DAG(s) 'example_external_task_marker_parent', 'example_external_task_marker_child' retrieved from /home/airflow/.local/lib/python3.12/site-packages/airflow/example_dags/example_external_task_marker_dag.py
[2024-12-24T19:05:04.960+0000] {logging_mixin.py:190} INFO - [2024-12-24T19:05:04.960+0000] {dag.py:3239} INFO - Sync 2 DAGs
[2024-12-24T19:05:04.978+0000] {logging_mixin.py:190} INFO - [2024-12-24T19:05:04.977+0000] {dag.py:4180} INFO - Setting next_dagrun for example_external_task_marker_child to None, run_after=None
[2024-12-24T19:05:04.982+0000] {logging_mixin.py:190} INFO - [2024-12-24T19:05:04.982+0000] {dag.py:4180} INFO - Setting next_dagrun for example_external_task_marker_parent to None, run_after=None
[2024-12-24T19:05:05.009+0000] {processor.py:208} INFO - Processing /home/airflow/.local/lib/python3.12/site-packages/airflow/example_dags/example_external_task_marker_dag.py took 0.099 seconds
[2024-12-24T19:05:35.679+0000] {processor.py:186} INFO - Started process (PID=1951) to work on /home/airflow/.local/lib/python3.12/site-packages/airflow/example_dags/example_external_task_marker_dag.py
[2024-12-24T19:05:35.680+0000] {processor.py:914} INFO - Processing file /home/airflow/.local/lib/python3.12/site-packages/airflow/example_dags/example_external_task_marker_dag.py for tasks to queue
[2024-12-24T19:05:35.683+0000] {logging_mixin.py:190} INFO - [2024-12-24T19:05:35.683+0000] {dagbag.py:588} INFO - Filling up the DagBag from /home/airflow/.local/lib/python3.12/site-packages/airflow/example_dags/example_external_task_marker_dag.py
[2024-12-24T19:05:35.691+0000] {processor.py:925} INFO - DAG(s) 'example_external_task_marker_parent', 'example_external_task_marker_child' retrieved from /home/airflow/.local/lib/python3.12/site-packages/airflow/example_dags/example_external_task_marker_dag.py
[2024-12-24T19:05:35.720+0000] {logging_mixin.py:190} INFO - [2024-12-24T19:05:35.720+0000] {dag.py:3239} INFO - Sync 2 DAGs
[2024-12-24T19:05:35.738+0000] {logging_mixin.py:190} INFO - [2024-12-24T19:05:35.738+0000] {dag.py:4180} INFO - Setting next_dagrun for example_external_task_marker_child to None, run_after=None
[2024-12-24T19:05:35.743+0000] {logging_mixin.py:190} INFO - [2024-12-24T19:05:35.743+0000] {dag.py:4180} INFO - Setting next_dagrun for example_external_task_marker_parent to None, run_after=None
[2024-12-24T19:05:35.772+0000] {processor.py:208} INFO - Processing /home/airflow/.local/lib/python3.12/site-packages/airflow/example_dags/example_external_task_marker_dag.py took 0.100 seconds
[2024-12-24T19:06:05.930+0000] {processor.py:186} INFO - Started process (PID=2014) to work on /home/airflow/.local/lib/python3.12/site-packages/airflow/example_dags/example_external_task_marker_dag.py
[2024-12-24T19:06:05.932+0000] {processor.py:914} INFO - Processing file /home/airflow/.local/lib/python3.12/site-packages/airflow/example_dags/example_external_task_marker_dag.py for tasks to queue
[2024-12-24T19:06:05.936+0000] {logging_mixin.py:190} INFO - [2024-12-24T19:06:05.935+0000] {dagbag.py:588} INFO - Filling up the DagBag from /home/airflow/.local/lib/python3.12/site-packages/airflow/example_dags/example_external_task_marker_dag.py
[2024-12-24T19:06:05.944+0000] {processor.py:925} INFO - DAG(s) 'example_external_task_marker_parent', 'example_external_task_marker_child' retrieved from /home/airflow/.local/lib/python3.12/site-packages/airflow/example_dags/example_external_task_marker_dag.py
[2024-12-24T19:06:05.971+0000] {logging_mixin.py:190} INFO - [2024-12-24T19:06:05.971+0000] {dag.py:3239} INFO - Sync 2 DAGs
[2024-12-24T19:06:05.987+0000] {logging_mixin.py:190} INFO - [2024-12-24T19:06:05.987+0000] {dag.py:4180} INFO - Setting next_dagrun for example_external_task_marker_child to None, run_after=None
[2024-12-24T19:06:05.993+0000] {logging_mixin.py:190} INFO - [2024-12-24T19:06:05.992+0000] {dag.py:4180} INFO - Setting next_dagrun for example_external_task_marker_parent to None, run_after=None
[2024-12-24T19:06:06.016+0000] {processor.py:208} INFO - Processing /home/airflow/.local/lib/python3.12/site-packages/airflow/example_dags/example_external_task_marker_dag.py took 0.092 seconds
[2024-12-24T19:06:36.166+0000] {processor.py:186} INFO - Started process (PID=2077) to work on /home/airflow/.local/lib/python3.12/site-packages/airflow/example_dags/example_external_task_marker_dag.py
[2024-12-24T19:06:36.167+0000] {processor.py:914} INFO - Processing file /home/airflow/.local/lib/python3.12/site-packages/airflow/example_dags/example_external_task_marker_dag.py for tasks to queue
[2024-12-24T19:06:36.170+0000] {logging_mixin.py:190} INFO - [2024-12-24T19:06:36.169+0000] {dagbag.py:588} INFO - Filling up the DagBag from /home/airflow/.local/lib/python3.12/site-packages/airflow/example_dags/example_external_task_marker_dag.py
[2024-12-24T19:06:36.178+0000] {processor.py:925} INFO - DAG(s) 'example_external_task_marker_child', 'example_external_task_marker_parent' retrieved from /home/airflow/.local/lib/python3.12/site-packages/airflow/example_dags/example_external_task_marker_dag.py
[2024-12-24T19:06:36.208+0000] {logging_mixin.py:190} INFO - [2024-12-24T19:06:36.207+0000] {dag.py:3239} INFO - Sync 2 DAGs
[2024-12-24T19:06:36.227+0000] {logging_mixin.py:190} INFO - [2024-12-24T19:06:36.227+0000] {dag.py:4180} INFO - Setting next_dagrun for example_external_task_marker_child to None, run_after=None
[2024-12-24T19:06:36.234+0000] {logging_mixin.py:190} INFO - [2024-12-24T19:06:36.234+0000] {dag.py:4180} INFO - Setting next_dagrun for example_external_task_marker_parent to None, run_after=None
[2024-12-24T19:06:36.260+0000] {processor.py:208} INFO - Processing /home/airflow/.local/lib/python3.12/site-packages/airflow/example_dags/example_external_task_marker_dag.py took 0.100 seconds
[2024-12-24T19:07:06.985+0000] {processor.py:186} INFO - Started process (PID=2140) to work on /home/airflow/.local/lib/python3.12/site-packages/airflow/example_dags/example_external_task_marker_dag.py
[2024-12-24T19:07:06.987+0000] {processor.py:914} INFO - Processing file /home/airflow/.local/lib/python3.12/site-packages/airflow/example_dags/example_external_task_marker_dag.py for tasks to queue
[2024-12-24T19:07:06.990+0000] {logging_mixin.py:190} INFO - [2024-12-24T19:07:06.989+0000] {dagbag.py:588} INFO - Filling up the DagBag from /home/airflow/.local/lib/python3.12/site-packages/airflow/example_dags/example_external_task_marker_dag.py
[2024-12-24T19:07:06.999+0000] {processor.py:925} INFO - DAG(s) 'example_external_task_marker_child', 'example_external_task_marker_parent' retrieved from /home/airflow/.local/lib/python3.12/site-packages/airflow/example_dags/example_external_task_marker_dag.py
[2024-12-24T19:07:07.029+0000] {logging_mixin.py:190} INFO - [2024-12-24T19:07:07.029+0000] {dag.py:3239} INFO - Sync 2 DAGs
[2024-12-24T19:07:07.047+0000] {logging_mixin.py:190} INFO - [2024-12-24T19:07:07.046+0000] {dag.py:4180} INFO - Setting next_dagrun for example_external_task_marker_child to None, run_after=None
[2024-12-24T19:07:07.053+0000] {logging_mixin.py:190} INFO - [2024-12-24T19:07:07.052+0000] {dag.py:4180} INFO - Setting next_dagrun for example_external_task_marker_parent to None, run_after=None
[2024-12-24T19:07:07.084+0000] {processor.py:208} INFO - Processing /home/airflow/.local/lib/python3.12/site-packages/airflow/example_dags/example_external_task_marker_dag.py took 0.106 seconds
[2024-12-24T19:07:37.820+0000] {processor.py:186} INFO - Started process (PID=2203) to work on /home/airflow/.local/lib/python3.12/site-packages/airflow/example_dags/example_external_task_marker_dag.py
[2024-12-24T19:07:37.822+0000] {processor.py:914} INFO - Processing file /home/airflow/.local/lib/python3.12/site-packages/airflow/example_dags/example_external_task_marker_dag.py for tasks to queue
[2024-12-24T19:07:37.824+0000] {logging_mixin.py:190} INFO - [2024-12-24T19:07:37.824+0000] {dagbag.py:588} INFO - Filling up the DagBag from /home/airflow/.local/lib/python3.12/site-packages/airflow/example_dags/example_external_task_marker_dag.py
[2024-12-24T19:07:37.833+0000] {processor.py:925} INFO - DAG(s) 'example_external_task_marker_child', 'example_external_task_marker_parent' retrieved from /home/airflow/.local/lib/python3.12/site-packages/airflow/example_dags/example_external_task_marker_dag.py
[2024-12-24T19:07:37.863+0000] {logging_mixin.py:190} INFO - [2024-12-24T19:07:37.863+0000] {dag.py:3239} INFO - Sync 2 DAGs
[2024-12-24T19:07:37.881+0000] {logging_mixin.py:190} INFO - [2024-12-24T19:07:37.881+0000] {dag.py:4180} INFO - Setting next_dagrun for example_external_task_marker_child to None, run_after=None
[2024-12-24T19:07:37.886+0000] {logging_mixin.py:190} INFO - [2024-12-24T19:07:37.886+0000] {dag.py:4180} INFO - Setting next_dagrun for example_external_task_marker_parent to None, run_after=None
[2024-12-24T19:07:37.912+0000] {processor.py:208} INFO - Processing /home/airflow/.local/lib/python3.12/site-packages/airflow/example_dags/example_external_task_marker_dag.py took 0.098 seconds
[2024-12-24T19:08:08.666+0000] {processor.py:186} INFO - Started process (PID=2266) to work on /home/airflow/.local/lib/python3.12/site-packages/airflow/example_dags/example_external_task_marker_dag.py
[2024-12-24T19:08:08.668+0000] {processor.py:914} INFO - Processing file /home/airflow/.local/lib/python3.12/site-packages/airflow/example_dags/example_external_task_marker_dag.py for tasks to queue
[2024-12-24T19:08:08.671+0000] {logging_mixin.py:190} INFO - [2024-12-24T19:08:08.670+0000] {dagbag.py:588} INFO - Filling up the DagBag from /home/airflow/.local/lib/python3.12/site-packages/airflow/example_dags/example_external_task_marker_dag.py
[2024-12-24T19:08:08.679+0000] {processor.py:925} INFO - DAG(s) 'example_external_task_marker_parent', 'example_external_task_marker_child' retrieved from /home/airflow/.local/lib/python3.12/site-packages/airflow/example_dags/example_external_task_marker_dag.py
[2024-12-24T19:08:08.707+0000] {logging_mixin.py:190} INFO - [2024-12-24T19:08:08.706+0000] {dag.py:3239} INFO - Sync 2 DAGs
[2024-12-24T19:08:08.722+0000] {logging_mixin.py:190} INFO - [2024-12-24T19:08:08.722+0000] {dag.py:4180} INFO - Setting next_dagrun for example_external_task_marker_child to None, run_after=None
[2024-12-24T19:08:08.727+0000] {logging_mixin.py:190} INFO - [2024-12-24T19:08:08.727+0000] {dag.py:4180} INFO - Setting next_dagrun for example_external_task_marker_parent to None, run_after=None
[2024-12-24T19:08:08.753+0000] {processor.py:208} INFO - Processing /home/airflow/.local/lib/python3.12/site-packages/airflow/example_dags/example_external_task_marker_dag.py took 0.092 seconds
[2024-12-24T19:08:39.285+0000] {processor.py:186} INFO - Started process (PID=2329) to work on /home/airflow/.local/lib/python3.12/site-packages/airflow/example_dags/example_external_task_marker_dag.py
[2024-12-24T19:08:39.287+0000] {processor.py:914} INFO - Processing file /home/airflow/.local/lib/python3.12/site-packages/airflow/example_dags/example_external_task_marker_dag.py for tasks to queue
[2024-12-24T19:08:39.290+0000] {logging_mixin.py:190} INFO - [2024-12-24T19:08:39.289+0000] {dagbag.py:588} INFO - Filling up the DagBag from /home/airflow/.local/lib/python3.12/site-packages/airflow/example_dags/example_external_task_marker_dag.py
[2024-12-24T19:08:39.299+0000] {processor.py:925} INFO - DAG(s) 'example_external_task_marker_child', 'example_external_task_marker_parent' retrieved from /home/airflow/.local/lib/python3.12/site-packages/airflow/example_dags/example_external_task_marker_dag.py
[2024-12-24T19:08:39.325+0000] {logging_mixin.py:190} INFO - [2024-12-24T19:08:39.325+0000] {dag.py:3239} INFO - Sync 2 DAGs
[2024-12-24T19:08:39.341+0000] {logging_mixin.py:190} INFO - [2024-12-24T19:08:39.341+0000] {dag.py:4180} INFO - Setting next_dagrun for example_external_task_marker_child to None, run_after=None
[2024-12-24T19:08:39.346+0000] {logging_mixin.py:190} INFO - [2024-12-24T19:08:39.346+0000] {dag.py:4180} INFO - Setting next_dagrun for example_external_task_marker_parent to None, run_after=None
[2024-12-24T19:08:39.368+0000] {processor.py:208} INFO - Processing /home/airflow/.local/lib/python3.12/site-packages/airflow/example_dags/example_external_task_marker_dag.py took 0.089 seconds
