[2024-12-24T18:50:32.628+0000] {processor.py:186} INFO - Started process (PID=100) to work on /home/airflow/.local/lib/python3.12/site-packages/airflow/example_dags/example_latest_only.py
[2024-12-24T18:50:32.630+0000] {processor.py:914} INFO - Processing file /home/airflow/.local/lib/python3.12/site-packages/airflow/example_dags/example_latest_only.py for tasks to queue
[2024-12-24T18:50:32.632+0000] {logging_mixin.py:190} INFO - [2024-12-24T18:50:32.632+0000] {dagbag.py:588} INFO - Filling up the DagBag from /home/airflow/.local/lib/python3.12/site-packages/airflow/example_dags/example_latest_only.py
[2024-12-24T18:50:32.640+0000] {processor.py:925} INFO - DAG(s) 'latest_only' retrieved from /home/airflow/.local/lib/python3.12/site-packages/airflow/example_dags/example_latest_only.py
[2024-12-24T18:50:32.664+0000] {logging_mixin.py:190} INFO - [2024-12-24T18:50:32.663+0000] {dag.py:3239} INFO - Sync 1 DAGs
[2024-12-24T18:50:32.688+0000] {logging_mixin.py:190} INFO - [2024-12-24T18:50:32.688+0000] {dag.py:4180} INFO - Setting next_dagrun for latest_only to 2024-12-24 12:00:00+00:00, run_after=2024-12-24 16:00:00+00:00
[2024-12-24T18:50:32.713+0000] {processor.py:208} INFO - Processing /home/airflow/.local/lib/python3.12/site-packages/airflow/example_dags/example_latest_only.py took 0.090 seconds
[2024-12-24T18:51:03.992+0000] {processor.py:186} INFO - Started process (PID=163) to work on /home/airflow/.local/lib/python3.12/site-packages/airflow/example_dags/example_latest_only.py
[2024-12-24T18:51:03.994+0000] {processor.py:914} INFO - Processing file /home/airflow/.local/lib/python3.12/site-packages/airflow/example_dags/example_latest_only.py for tasks to queue
[2024-12-24T18:51:03.997+0000] {logging_mixin.py:190} INFO - [2024-12-24T18:51:03.996+0000] {dagbag.py:588} INFO - Filling up the DagBag from /home/airflow/.local/lib/python3.12/site-packages/airflow/example_dags/example_latest_only.py
[2024-12-24T18:51:04.009+0000] {processor.py:925} INFO - DAG(s) 'latest_only' retrieved from /home/airflow/.local/lib/python3.12/site-packages/airflow/example_dags/example_latest_only.py
[2024-12-24T18:51:04.044+0000] {logging_mixin.py:190} INFO - [2024-12-24T18:51:04.044+0000] {dag.py:3239} INFO - Sync 1 DAGs
[2024-12-24T18:51:04.082+0000] {logging_mixin.py:190} INFO - [2024-12-24T18:51:04.081+0000] {dag.py:4180} INFO - Setting next_dagrun for latest_only to 2024-12-24 12:00:00+00:00, run_after=2024-12-24 16:00:00+00:00
[2024-12-24T18:51:04.121+0000] {processor.py:208} INFO - Processing /home/airflow/.local/lib/python3.12/site-packages/airflow/example_dags/example_latest_only.py took 0.139 seconds
[2024-12-24T18:51:34.956+0000] {processor.py:186} INFO - Started process (PID=226) to work on /home/airflow/.local/lib/python3.12/site-packages/airflow/example_dags/example_latest_only.py
[2024-12-24T18:51:34.958+0000] {processor.py:914} INFO - Processing file /home/airflow/.local/lib/python3.12/site-packages/airflow/example_dags/example_latest_only.py for tasks to queue
[2024-12-24T18:51:34.962+0000] {logging_mixin.py:190} INFO - [2024-12-24T18:51:34.961+0000] {dagbag.py:588} INFO - Filling up the DagBag from /home/airflow/.local/lib/python3.12/site-packages/airflow/example_dags/example_latest_only.py
[2024-12-24T18:51:34.971+0000] {processor.py:925} INFO - DAG(s) 'latest_only' retrieved from /home/airflow/.local/lib/python3.12/site-packages/airflow/example_dags/example_latest_only.py
[2024-12-24T18:51:34.997+0000] {logging_mixin.py:190} INFO - [2024-12-24T18:51:34.997+0000] {dag.py:3239} INFO - Sync 1 DAGs
[2024-12-24T18:51:35.031+0000] {logging_mixin.py:190} INFO - [2024-12-24T18:51:35.030+0000] {dag.py:4180} INFO - Setting next_dagrun for latest_only to 2024-12-24 12:00:00+00:00, run_after=2024-12-24 16:00:00+00:00
[2024-12-24T18:51:35.068+0000] {processor.py:208} INFO - Processing /home/airflow/.local/lib/python3.12/site-packages/airflow/example_dags/example_latest_only.py took 0.118 seconds
[2024-12-24T18:52:05.276+0000] {processor.py:186} INFO - Started process (PID=289) to work on /home/airflow/.local/lib/python3.12/site-packages/airflow/example_dags/example_latest_only.py
[2024-12-24T18:52:05.277+0000] {processor.py:914} INFO - Processing file /home/airflow/.local/lib/python3.12/site-packages/airflow/example_dags/example_latest_only.py for tasks to queue
[2024-12-24T18:52:05.280+0000] {logging_mixin.py:190} INFO - [2024-12-24T18:52:05.280+0000] {dagbag.py:588} INFO - Filling up the DagBag from /home/airflow/.local/lib/python3.12/site-packages/airflow/example_dags/example_latest_only.py
[2024-12-24T18:52:05.289+0000] {processor.py:925} INFO - DAG(s) 'latest_only' retrieved from /home/airflow/.local/lib/python3.12/site-packages/airflow/example_dags/example_latest_only.py
[2024-12-24T18:52:05.311+0000] {logging_mixin.py:190} INFO - [2024-12-24T18:52:05.311+0000] {dag.py:3239} INFO - Sync 1 DAGs
[2024-12-24T18:52:05.342+0000] {logging_mixin.py:190} INFO - [2024-12-24T18:52:05.342+0000] {dag.py:4180} INFO - Setting next_dagrun for latest_only to 2024-12-24 12:00:00+00:00, run_after=2024-12-24 16:00:00+00:00
[2024-12-24T18:52:05.377+0000] {processor.py:208} INFO - Processing /home/airflow/.local/lib/python3.12/site-packages/airflow/example_dags/example_latest_only.py took 0.107 seconds
[2024-12-24T18:52:37.422+0000] {processor.py:186} INFO - Started process (PID=353) to work on /home/airflow/.local/lib/python3.12/site-packages/airflow/example_dags/example_latest_only.py
[2024-12-24T18:52:37.424+0000] {processor.py:914} INFO - Processing file /home/airflow/.local/lib/python3.12/site-packages/airflow/example_dags/example_latest_only.py for tasks to queue
[2024-12-24T18:52:37.426+0000] {logging_mixin.py:190} INFO - [2024-12-24T18:52:37.426+0000] {dagbag.py:588} INFO - Filling up the DagBag from /home/airflow/.local/lib/python3.12/site-packages/airflow/example_dags/example_latest_only.py
[2024-12-24T18:52:37.434+0000] {processor.py:925} INFO - DAG(s) 'latest_only' retrieved from /home/airflow/.local/lib/python3.12/site-packages/airflow/example_dags/example_latest_only.py
[2024-12-24T18:52:37.458+0000] {logging_mixin.py:190} INFO - [2024-12-24T18:52:37.457+0000] {dag.py:3239} INFO - Sync 1 DAGs
[2024-12-24T18:52:37.486+0000] {logging_mixin.py:190} INFO - [2024-12-24T18:52:37.485+0000] {dag.py:4180} INFO - Setting next_dagrun for latest_only to 2024-12-24 12:00:00+00:00, run_after=2024-12-24 16:00:00+00:00
[2024-12-24T18:52:37.510+0000] {processor.py:208} INFO - Processing /home/airflow/.local/lib/python3.12/site-packages/airflow/example_dags/example_latest_only.py took 0.093 seconds
[2024-12-24T18:53:08.263+0000] {processor.py:186} INFO - Started process (PID=416) to work on /home/airflow/.local/lib/python3.12/site-packages/airflow/example_dags/example_latest_only.py
[2024-12-24T18:53:08.264+0000] {processor.py:914} INFO - Processing file /home/airflow/.local/lib/python3.12/site-packages/airflow/example_dags/example_latest_only.py for tasks to queue
[2024-12-24T18:53:08.267+0000] {logging_mixin.py:190} INFO - [2024-12-24T18:53:08.266+0000] {dagbag.py:588} INFO - Filling up the DagBag from /home/airflow/.local/lib/python3.12/site-packages/airflow/example_dags/example_latest_only.py
[2024-12-24T18:53:08.274+0000] {processor.py:925} INFO - DAG(s) 'latest_only' retrieved from /home/airflow/.local/lib/python3.12/site-packages/airflow/example_dags/example_latest_only.py
[2024-12-24T18:53:08.296+0000] {logging_mixin.py:190} INFO - [2024-12-24T18:53:08.296+0000] {dag.py:3239} INFO - Sync 1 DAGs
[2024-12-24T18:53:08.322+0000] {logging_mixin.py:190} INFO - [2024-12-24T18:53:08.321+0000] {dag.py:4180} INFO - Setting next_dagrun for latest_only to 2024-12-24 12:00:00+00:00, run_after=2024-12-24 16:00:00+00:00
[2024-12-24T18:53:08.346+0000] {processor.py:208} INFO - Processing /home/airflow/.local/lib/python3.12/site-packages/airflow/example_dags/example_latest_only.py took 0.089 seconds
[2024-12-24T18:53:41.013+0000] {processor.py:186} INFO - Started process (PID=479) to work on /home/airflow/.local/lib/python3.12/site-packages/airflow/example_dags/example_latest_only.py
[2024-12-24T18:53:41.014+0000] {processor.py:914} INFO - Processing file /home/airflow/.local/lib/python3.12/site-packages/airflow/example_dags/example_latest_only.py for tasks to queue
[2024-12-24T18:53:41.017+0000] {logging_mixin.py:190} INFO - [2024-12-24T18:53:41.017+0000] {dagbag.py:588} INFO - Filling up the DagBag from /home/airflow/.local/lib/python3.12/site-packages/airflow/example_dags/example_latest_only.py
[2024-12-24T18:53:41.024+0000] {processor.py:925} INFO - DAG(s) 'latest_only' retrieved from /home/airflow/.local/lib/python3.12/site-packages/airflow/example_dags/example_latest_only.py
[2024-12-24T18:53:41.044+0000] {logging_mixin.py:190} INFO - [2024-12-24T18:53:41.044+0000] {dag.py:3239} INFO - Sync 1 DAGs
[2024-12-24T18:53:41.067+0000] {logging_mixin.py:190} INFO - [2024-12-24T18:53:41.067+0000] {dag.py:4180} INFO - Setting next_dagrun for latest_only to 2024-12-24 12:00:00+00:00, run_after=2024-12-24 16:00:00+00:00
[2024-12-24T18:53:41.091+0000] {processor.py:208} INFO - Processing /home/airflow/.local/lib/python3.12/site-packages/airflow/example_dags/example_latest_only.py took 0.084 seconds
[2024-12-24T18:54:12.426+0000] {processor.py:186} INFO - Started process (PID=542) to work on /home/airflow/.local/lib/python3.12/site-packages/airflow/example_dags/example_latest_only.py
[2024-12-24T18:54:12.428+0000] {processor.py:914} INFO - Processing file /home/airflow/.local/lib/python3.12/site-packages/airflow/example_dags/example_latest_only.py for tasks to queue
[2024-12-24T18:54:12.432+0000] {logging_mixin.py:190} INFO - [2024-12-24T18:54:12.432+0000] {dagbag.py:588} INFO - Filling up the DagBag from /home/airflow/.local/lib/python3.12/site-packages/airflow/example_dags/example_latest_only.py
[2024-12-24T18:54:12.441+0000] {processor.py:925} INFO - DAG(s) 'latest_only' retrieved from /home/airflow/.local/lib/python3.12/site-packages/airflow/example_dags/example_latest_only.py
[2024-12-24T18:54:12.475+0000] {logging_mixin.py:190} INFO - [2024-12-24T18:54:12.475+0000] {dag.py:3239} INFO - Sync 1 DAGs
[2024-12-24T18:54:12.505+0000] {logging_mixin.py:190} INFO - [2024-12-24T18:54:12.504+0000] {dag.py:4180} INFO - Setting next_dagrun for latest_only to 2024-12-24 12:00:00+00:00, run_after=2024-12-24 16:00:00+00:00
[2024-12-24T18:54:12.534+0000] {processor.py:208} INFO - Processing /home/airflow/.local/lib/python3.12/site-packages/airflow/example_dags/example_latest_only.py took 0.116 seconds
[2024-12-24T18:54:43.956+0000] {processor.py:186} INFO - Started process (PID=605) to work on /home/airflow/.local/lib/python3.12/site-packages/airflow/example_dags/example_latest_only.py
[2024-12-24T18:54:43.957+0000] {processor.py:914} INFO - Processing file /home/airflow/.local/lib/python3.12/site-packages/airflow/example_dags/example_latest_only.py for tasks to queue
[2024-12-24T18:54:43.960+0000] {logging_mixin.py:190} INFO - [2024-12-24T18:54:43.959+0000] {dagbag.py:588} INFO - Filling up the DagBag from /home/airflow/.local/lib/python3.12/site-packages/airflow/example_dags/example_latest_only.py
[2024-12-24T18:54:43.967+0000] {processor.py:925} INFO - DAG(s) 'latest_only' retrieved from /home/airflow/.local/lib/python3.12/site-packages/airflow/example_dags/example_latest_only.py
[2024-12-24T18:54:43.990+0000] {logging_mixin.py:190} INFO - [2024-12-24T18:54:43.989+0000] {dag.py:3239} INFO - Sync 1 DAGs
[2024-12-24T18:54:44.022+0000] {logging_mixin.py:190} INFO - [2024-12-24T18:54:44.022+0000] {dag.py:4180} INFO - Setting next_dagrun for latest_only to 2024-12-24 12:00:00+00:00, run_after=2024-12-24 16:00:00+00:00
[2024-12-24T18:54:44.055+0000] {processor.py:208} INFO - Processing /home/airflow/.local/lib/python3.12/site-packages/airflow/example_dags/example_latest_only.py took 0.105 seconds
[2024-12-24T18:55:14.994+0000] {processor.py:186} INFO - Started process (PID=667) to work on /home/airflow/.local/lib/python3.12/site-packages/airflow/example_dags/example_latest_only.py
[2024-12-24T18:55:14.996+0000] {processor.py:914} INFO - Processing file /home/airflow/.local/lib/python3.12/site-packages/airflow/example_dags/example_latest_only.py for tasks to queue
[2024-12-24T18:55:15.001+0000] {logging_mixin.py:190} INFO - [2024-12-24T18:55:15.000+0000] {dagbag.py:588} INFO - Filling up the DagBag from /home/airflow/.local/lib/python3.12/site-packages/airflow/example_dags/example_latest_only.py
[2024-12-24T18:55:15.010+0000] {processor.py:925} INFO - DAG(s) 'latest_only' retrieved from /home/airflow/.local/lib/python3.12/site-packages/airflow/example_dags/example_latest_only.py
[2024-12-24T18:55:15.043+0000] {logging_mixin.py:190} INFO - [2024-12-24T18:55:15.042+0000] {dag.py:3239} INFO - Sync 1 DAGs
[2024-12-24T18:55:15.083+0000] {logging_mixin.py:190} INFO - [2024-12-24T18:55:15.082+0000] {dag.py:4180} INFO - Setting next_dagrun for latest_only to 2024-12-24 12:00:00+00:00, run_after=2024-12-24 16:00:00+00:00
[2024-12-24T18:55:15.115+0000] {processor.py:208} INFO - Processing /home/airflow/.local/lib/python3.12/site-packages/airflow/example_dags/example_latest_only.py took 0.128 seconds
[2024-12-24T18:55:46.688+0000] {processor.py:186} INFO - Started process (PID=737) to work on /home/airflow/.local/lib/python3.12/site-packages/airflow/example_dags/example_latest_only.py
[2024-12-24T18:55:46.689+0000] {processor.py:914} INFO - Processing file /home/airflow/.local/lib/python3.12/site-packages/airflow/example_dags/example_latest_only.py for tasks to queue
[2024-12-24T18:55:46.692+0000] {logging_mixin.py:190} INFO - [2024-12-24T18:55:46.692+0000] {dagbag.py:588} INFO - Filling up the DagBag from /home/airflow/.local/lib/python3.12/site-packages/airflow/example_dags/example_latest_only.py
[2024-12-24T18:55:46.700+0000] {processor.py:925} INFO - DAG(s) 'latest_only' retrieved from /home/airflow/.local/lib/python3.12/site-packages/airflow/example_dags/example_latest_only.py
[2024-12-24T18:55:46.723+0000] {logging_mixin.py:190} INFO - [2024-12-24T18:55:46.723+0000] {dag.py:3239} INFO - Sync 1 DAGs
[2024-12-24T18:55:46.748+0000] {logging_mixin.py:190} INFO - [2024-12-24T18:55:46.748+0000] {dag.py:4180} INFO - Setting next_dagrun for latest_only to 2024-12-24 12:00:00+00:00, run_after=2024-12-24 16:00:00+00:00
[2024-12-24T18:55:46.770+0000] {processor.py:208} INFO - Processing /home/airflow/.local/lib/python3.12/site-packages/airflow/example_dags/example_latest_only.py took 0.088 seconds
[2024-12-24T18:56:17.922+0000] {processor.py:186} INFO - Started process (PID=799) to work on /home/airflow/.local/lib/python3.12/site-packages/airflow/example_dags/example_latest_only.py
[2024-12-24T18:56:17.924+0000] {processor.py:914} INFO - Processing file /home/airflow/.local/lib/python3.12/site-packages/airflow/example_dags/example_latest_only.py for tasks to queue
[2024-12-24T18:56:17.927+0000] {logging_mixin.py:190} INFO - [2024-12-24T18:56:17.926+0000] {dagbag.py:588} INFO - Filling up the DagBag from /home/airflow/.local/lib/python3.12/site-packages/airflow/example_dags/example_latest_only.py
[2024-12-24T18:56:17.936+0000] {processor.py:925} INFO - DAG(s) 'latest_only' retrieved from /home/airflow/.local/lib/python3.12/site-packages/airflow/example_dags/example_latest_only.py
[2024-12-24T18:56:17.962+0000] {logging_mixin.py:190} INFO - [2024-12-24T18:56:17.962+0000] {dag.py:3239} INFO - Sync 1 DAGs
[2024-12-24T18:56:17.991+0000] {logging_mixin.py:190} INFO - [2024-12-24T18:56:17.991+0000] {dag.py:4180} INFO - Setting next_dagrun for latest_only to 2024-12-24 12:00:00+00:00, run_after=2024-12-24 16:00:00+00:00
[2024-12-24T18:56:18.064+0000] {processor.py:208} INFO - Processing /home/airflow/.local/lib/python3.12/site-packages/airflow/example_dags/example_latest_only.py took 0.147 seconds
[2024-12-24T18:56:49.391+0000] {processor.py:186} INFO - Started process (PID=862) to work on /home/airflow/.local/lib/python3.12/site-packages/airflow/example_dags/example_latest_only.py
[2024-12-24T18:56:49.393+0000] {processor.py:914} INFO - Processing file /home/airflow/.local/lib/python3.12/site-packages/airflow/example_dags/example_latest_only.py for tasks to queue
[2024-12-24T18:56:49.398+0000] {logging_mixin.py:190} INFO - [2024-12-24T18:56:49.397+0000] {dagbag.py:588} INFO - Filling up the DagBag from /home/airflow/.local/lib/python3.12/site-packages/airflow/example_dags/example_latest_only.py
[2024-12-24T18:56:49.410+0000] {processor.py:925} INFO - DAG(s) 'latest_only' retrieved from /home/airflow/.local/lib/python3.12/site-packages/airflow/example_dags/example_latest_only.py
[2024-12-24T18:56:49.442+0000] {logging_mixin.py:190} INFO - [2024-12-24T18:56:49.442+0000] {dag.py:3239} INFO - Sync 1 DAGs
[2024-12-24T18:56:49.481+0000] {logging_mixin.py:190} INFO - [2024-12-24T18:56:49.481+0000] {dag.py:4180} INFO - Setting next_dagrun for latest_only to 2024-12-24 12:00:00+00:00, run_after=2024-12-24 16:00:00+00:00
[2024-12-24T18:56:49.520+0000] {processor.py:208} INFO - Processing /home/airflow/.local/lib/python3.12/site-packages/airflow/example_dags/example_latest_only.py took 0.140 seconds
[2024-12-24T18:57:20.080+0000] {processor.py:186} INFO - Started process (PID=925) to work on /home/airflow/.local/lib/python3.12/site-packages/airflow/example_dags/example_latest_only.py
[2024-12-24T18:57:20.082+0000] {processor.py:914} INFO - Processing file /home/airflow/.local/lib/python3.12/site-packages/airflow/example_dags/example_latest_only.py for tasks to queue
[2024-12-24T18:57:20.084+0000] {logging_mixin.py:190} INFO - [2024-12-24T18:57:20.084+0000] {dagbag.py:588} INFO - Filling up the DagBag from /home/airflow/.local/lib/python3.12/site-packages/airflow/example_dags/example_latest_only.py
[2024-12-24T18:57:20.093+0000] {processor.py:925} INFO - DAG(s) 'latest_only' retrieved from /home/airflow/.local/lib/python3.12/site-packages/airflow/example_dags/example_latest_only.py
[2024-12-24T18:57:20.117+0000] {logging_mixin.py:190} INFO - [2024-12-24T18:57:20.117+0000] {dag.py:3239} INFO - Sync 1 DAGs
[2024-12-24T18:57:20.143+0000] {logging_mixin.py:190} INFO - [2024-12-24T18:57:20.143+0000] {dag.py:4180} INFO - Setting next_dagrun for latest_only to 2024-12-24 12:00:00+00:00, run_after=2024-12-24 16:00:00+00:00
[2024-12-24T18:57:20.169+0000] {processor.py:208} INFO - Processing /home/airflow/.local/lib/python3.12/site-packages/airflow/example_dags/example_latest_only.py took 0.094 seconds
[2024-12-24T18:57:51.172+0000] {processor.py:186} INFO - Started process (PID=988) to work on /home/airflow/.local/lib/python3.12/site-packages/airflow/example_dags/example_latest_only.py
[2024-12-24T18:57:51.173+0000] {processor.py:914} INFO - Processing file /home/airflow/.local/lib/python3.12/site-packages/airflow/example_dags/example_latest_only.py for tasks to queue
[2024-12-24T18:57:51.178+0000] {logging_mixin.py:190} INFO - [2024-12-24T18:57:51.177+0000] {dagbag.py:588} INFO - Filling up the DagBag from /home/airflow/.local/lib/python3.12/site-packages/airflow/example_dags/example_latest_only.py
[2024-12-24T18:57:51.186+0000] {processor.py:925} INFO - DAG(s) 'latest_only' retrieved from /home/airflow/.local/lib/python3.12/site-packages/airflow/example_dags/example_latest_only.py
[2024-12-24T18:57:51.217+0000] {logging_mixin.py:190} INFO - [2024-12-24T18:57:51.217+0000] {dag.py:3239} INFO - Sync 1 DAGs
[2024-12-24T18:57:51.247+0000] {logging_mixin.py:190} INFO - [2024-12-24T18:57:51.247+0000] {dag.py:4180} INFO - Setting next_dagrun for latest_only to 2024-12-24 12:00:00+00:00, run_after=2024-12-24 16:00:00+00:00
[2024-12-24T18:57:51.273+0000] {processor.py:208} INFO - Processing /home/airflow/.local/lib/python3.12/site-packages/airflow/example_dags/example_latest_only.py took 0.107 seconds
[2024-12-24T18:58:22.736+0000] {processor.py:186} INFO - Started process (PID=1055) to work on /home/airflow/.local/lib/python3.12/site-packages/airflow/example_dags/example_latest_only.py
[2024-12-24T18:58:22.737+0000] {processor.py:914} INFO - Processing file /home/airflow/.local/lib/python3.12/site-packages/airflow/example_dags/example_latest_only.py for tasks to queue
[2024-12-24T18:58:22.740+0000] {logging_mixin.py:190} INFO - [2024-12-24T18:58:22.740+0000] {dagbag.py:588} INFO - Filling up the DagBag from /home/airflow/.local/lib/python3.12/site-packages/airflow/example_dags/example_latest_only.py
[2024-12-24T18:58:22.748+0000] {processor.py:925} INFO - DAG(s) 'latest_only' retrieved from /home/airflow/.local/lib/python3.12/site-packages/airflow/example_dags/example_latest_only.py
[2024-12-24T18:58:22.771+0000] {logging_mixin.py:190} INFO - [2024-12-24T18:58:22.771+0000] {dag.py:3239} INFO - Sync 1 DAGs
[2024-12-24T18:58:22.796+0000] {logging_mixin.py:190} INFO - [2024-12-24T18:58:22.795+0000] {dag.py:4180} INFO - Setting next_dagrun for latest_only to 2024-12-24 12:00:00+00:00, run_after=2024-12-24 16:00:00+00:00
[2024-12-24T18:58:22.824+0000] {processor.py:208} INFO - Processing /home/airflow/.local/lib/python3.12/site-packages/airflow/example_dags/example_latest_only.py took 0.094 seconds
[2024-12-24T18:58:54.457+0000] {processor.py:186} INFO - Started process (PID=1119) to work on /home/airflow/.local/lib/python3.12/site-packages/airflow/example_dags/example_latest_only.py
[2024-12-24T18:58:54.459+0000] {processor.py:914} INFO - Processing file /home/airflow/.local/lib/python3.12/site-packages/airflow/example_dags/example_latest_only.py for tasks to queue
[2024-12-24T18:58:54.463+0000] {logging_mixin.py:190} INFO - [2024-12-24T18:58:54.463+0000] {dagbag.py:588} INFO - Filling up the DagBag from /home/airflow/.local/lib/python3.12/site-packages/airflow/example_dags/example_latest_only.py
[2024-12-24T18:58:54.472+0000] {processor.py:925} INFO - DAG(s) 'latest_only' retrieved from /home/airflow/.local/lib/python3.12/site-packages/airflow/example_dags/example_latest_only.py
[2024-12-24T18:58:54.501+0000] {logging_mixin.py:190} INFO - [2024-12-24T18:58:54.500+0000] {dag.py:3239} INFO - Sync 1 DAGs
[2024-12-24T18:58:54.535+0000] {logging_mixin.py:190} INFO - [2024-12-24T18:58:54.534+0000] {dag.py:4180} INFO - Setting next_dagrun for latest_only to 2024-12-24 12:00:00+00:00, run_after=2024-12-24 16:00:00+00:00
[2024-12-24T18:58:54.563+0000] {processor.py:208} INFO - Processing /home/airflow/.local/lib/python3.12/site-packages/airflow/example_dags/example_latest_only.py took 0.113 seconds
[2024-12-24T18:59:25.042+0000] {processor.py:186} INFO - Started process (PID=1179) to work on /home/airflow/.local/lib/python3.12/site-packages/airflow/example_dags/example_latest_only.py
[2024-12-24T18:59:25.043+0000] {processor.py:914} INFO - Processing file /home/airflow/.local/lib/python3.12/site-packages/airflow/example_dags/example_latest_only.py for tasks to queue
[2024-12-24T18:59:25.046+0000] {logging_mixin.py:190} INFO - [2024-12-24T18:59:25.045+0000] {dagbag.py:588} INFO - Filling up the DagBag from /home/airflow/.local/lib/python3.12/site-packages/airflow/example_dags/example_latest_only.py
[2024-12-24T18:59:25.053+0000] {processor.py:925} INFO - DAG(s) 'latest_only' retrieved from /home/airflow/.local/lib/python3.12/site-packages/airflow/example_dags/example_latest_only.py
[2024-12-24T18:59:25.076+0000] {logging_mixin.py:190} INFO - [2024-12-24T18:59:25.076+0000] {dag.py:3239} INFO - Sync 1 DAGs
[2024-12-24T18:59:25.101+0000] {logging_mixin.py:190} INFO - [2024-12-24T18:59:25.101+0000] {dag.py:4180} INFO - Setting next_dagrun for latest_only to 2024-12-24 12:00:00+00:00, run_after=2024-12-24 16:00:00+00:00
[2024-12-24T18:59:25.126+0000] {processor.py:208} INFO - Processing /home/airflow/.local/lib/python3.12/site-packages/airflow/example_dags/example_latest_only.py took 0.091 seconds
[2024-12-24T18:59:55.999+0000] {processor.py:186} INFO - Started process (PID=1242) to work on /home/airflow/.local/lib/python3.12/site-packages/airflow/example_dags/example_latest_only.py
[2024-12-24T18:59:56.000+0000] {processor.py:914} INFO - Processing file /home/airflow/.local/lib/python3.12/site-packages/airflow/example_dags/example_latest_only.py for tasks to queue
[2024-12-24T18:59:56.003+0000] {logging_mixin.py:190} INFO - [2024-12-24T18:59:56.003+0000] {dagbag.py:588} INFO - Filling up the DagBag from /home/airflow/.local/lib/python3.12/site-packages/airflow/example_dags/example_latest_only.py
[2024-12-24T18:59:56.010+0000] {processor.py:925} INFO - DAG(s) 'latest_only' retrieved from /home/airflow/.local/lib/python3.12/site-packages/airflow/example_dags/example_latest_only.py
[2024-12-24T18:59:56.034+0000] {logging_mixin.py:190} INFO - [2024-12-24T18:59:56.033+0000] {dag.py:3239} INFO - Sync 1 DAGs
[2024-12-24T18:59:56.062+0000] {logging_mixin.py:190} INFO - [2024-12-24T18:59:56.062+0000] {dag.py:4180} INFO - Setting next_dagrun for latest_only to 2024-12-24 12:00:00+00:00, run_after=2024-12-24 16:00:00+00:00
[2024-12-24T18:59:56.089+0000] {processor.py:208} INFO - Processing /home/airflow/.local/lib/python3.12/site-packages/airflow/example_dags/example_latest_only.py took 0.096 seconds
[2024-12-24T19:00:26.170+0000] {processor.py:186} INFO - Started process (PID=1305) to work on /home/airflow/.local/lib/python3.12/site-packages/airflow/example_dags/example_latest_only.py
[2024-12-24T19:00:26.171+0000] {processor.py:914} INFO - Processing file /home/airflow/.local/lib/python3.12/site-packages/airflow/example_dags/example_latest_only.py for tasks to queue
[2024-12-24T19:00:26.174+0000] {logging_mixin.py:190} INFO - [2024-12-24T19:00:26.174+0000] {dagbag.py:588} INFO - Filling up the DagBag from /home/airflow/.local/lib/python3.12/site-packages/airflow/example_dags/example_latest_only.py
[2024-12-24T19:00:26.182+0000] {processor.py:925} INFO - DAG(s) 'latest_only' retrieved from /home/airflow/.local/lib/python3.12/site-packages/airflow/example_dags/example_latest_only.py
[2024-12-24T19:00:26.207+0000] {logging_mixin.py:190} INFO - [2024-12-24T19:00:26.207+0000] {dag.py:3239} INFO - Sync 1 DAGs
[2024-12-24T19:00:26.243+0000] {logging_mixin.py:190} INFO - [2024-12-24T19:00:26.243+0000] {dag.py:4180} INFO - Setting next_dagrun for latest_only to 2024-12-24 12:00:00+00:00, run_after=2024-12-24 16:00:00+00:00
[2024-12-24T19:00:26.275+0000] {processor.py:208} INFO - Processing /home/airflow/.local/lib/python3.12/site-packages/airflow/example_dags/example_latest_only.py took 0.111 seconds
[2024-12-24T19:00:57.033+0000] {processor.py:186} INFO - Started process (PID=1367) to work on /home/airflow/.local/lib/python3.12/site-packages/airflow/example_dags/example_latest_only.py
[2024-12-24T19:00:57.034+0000] {processor.py:914} INFO - Processing file /home/airflow/.local/lib/python3.12/site-packages/airflow/example_dags/example_latest_only.py for tasks to queue
[2024-12-24T19:00:57.036+0000] {logging_mixin.py:190} INFO - [2024-12-24T19:00:57.036+0000] {dagbag.py:588} INFO - Filling up the DagBag from /home/airflow/.local/lib/python3.12/site-packages/airflow/example_dags/example_latest_only.py
[2024-12-24T19:00:57.044+0000] {processor.py:925} INFO - DAG(s) 'latest_only' retrieved from /home/airflow/.local/lib/python3.12/site-packages/airflow/example_dags/example_latest_only.py
[2024-12-24T19:00:57.068+0000] {logging_mixin.py:190} INFO - [2024-12-24T19:00:57.067+0000] {dag.py:3239} INFO - Sync 1 DAGs
[2024-12-24T19:00:57.094+0000] {logging_mixin.py:190} INFO - [2024-12-24T19:00:57.093+0000] {dag.py:4180} INFO - Setting next_dagrun for latest_only to 2024-12-24 12:00:00+00:00, run_after=2024-12-24 16:00:00+00:00
[2024-12-24T19:00:57.121+0000] {processor.py:208} INFO - Processing /home/airflow/.local/lib/python3.12/site-packages/airflow/example_dags/example_latest_only.py took 0.094 seconds
[2024-12-24T19:01:27.948+0000] {processor.py:186} INFO - Started process (PID=1430) to work on /home/airflow/.local/lib/python3.12/site-packages/airflow/example_dags/example_latest_only.py
[2024-12-24T19:01:27.950+0000] {processor.py:914} INFO - Processing file /home/airflow/.local/lib/python3.12/site-packages/airflow/example_dags/example_latest_only.py for tasks to queue
[2024-12-24T19:01:27.952+0000] {logging_mixin.py:190} INFO - [2024-12-24T19:01:27.952+0000] {dagbag.py:588} INFO - Filling up the DagBag from /home/airflow/.local/lib/python3.12/site-packages/airflow/example_dags/example_latest_only.py
[2024-12-24T19:01:27.959+0000] {processor.py:925} INFO - DAG(s) 'latest_only' retrieved from /home/airflow/.local/lib/python3.12/site-packages/airflow/example_dags/example_latest_only.py
[2024-12-24T19:01:27.984+0000] {logging_mixin.py:190} INFO - [2024-12-24T19:01:27.983+0000] {dag.py:3239} INFO - Sync 1 DAGs
[2024-12-24T19:01:28.012+0000] {logging_mixin.py:190} INFO - [2024-12-24T19:01:28.012+0000] {dag.py:4180} INFO - Setting next_dagrun for latest_only to 2024-12-24 12:00:00+00:00, run_after=2024-12-24 16:00:00+00:00
[2024-12-24T19:01:28.044+0000] {processor.py:208} INFO - Processing /home/airflow/.local/lib/python3.12/site-packages/airflow/example_dags/example_latest_only.py took 0.102 seconds
[2024-12-24T19:01:58.811+0000] {processor.py:186} INFO - Started process (PID=1493) to work on /home/airflow/.local/lib/python3.12/site-packages/airflow/example_dags/example_latest_only.py
[2024-12-24T19:01:58.813+0000] {processor.py:914} INFO - Processing file /home/airflow/.local/lib/python3.12/site-packages/airflow/example_dags/example_latest_only.py for tasks to queue
[2024-12-24T19:01:58.816+0000] {logging_mixin.py:190} INFO - [2024-12-24T19:01:58.816+0000] {dagbag.py:588} INFO - Filling up the DagBag from /home/airflow/.local/lib/python3.12/site-packages/airflow/example_dags/example_latest_only.py
[2024-12-24T19:01:58.824+0000] {processor.py:925} INFO - DAG(s) 'latest_only' retrieved from /home/airflow/.local/lib/python3.12/site-packages/airflow/example_dags/example_latest_only.py
[2024-12-24T19:01:58.849+0000] {logging_mixin.py:190} INFO - [2024-12-24T19:01:58.849+0000] {dag.py:3239} INFO - Sync 1 DAGs
[2024-12-24T19:01:58.876+0000] {logging_mixin.py:190} INFO - [2024-12-24T19:01:58.875+0000] {dag.py:4180} INFO - Setting next_dagrun for latest_only to 2024-12-24 12:00:00+00:00, run_after=2024-12-24 16:00:00+00:00
[2024-12-24T19:01:58.902+0000] {processor.py:208} INFO - Processing /home/airflow/.local/lib/python3.12/site-packages/airflow/example_dags/example_latest_only.py took 0.097 seconds
[2024-12-24T19:02:29.380+0000] {processor.py:186} INFO - Started process (PID=1562) to work on /home/airflow/.local/lib/python3.12/site-packages/airflow/example_dags/example_latest_only.py
[2024-12-24T19:02:29.383+0000] {processor.py:914} INFO - Processing file /home/airflow/.local/lib/python3.12/site-packages/airflow/example_dags/example_latest_only.py for tasks to queue
[2024-12-24T19:02:29.387+0000] {logging_mixin.py:190} INFO - [2024-12-24T19:02:29.386+0000] {dagbag.py:588} INFO - Filling up the DagBag from /home/airflow/.local/lib/python3.12/site-packages/airflow/example_dags/example_latest_only.py
[2024-12-24T19:02:29.398+0000] {processor.py:925} INFO - DAG(s) 'latest_only' retrieved from /home/airflow/.local/lib/python3.12/site-packages/airflow/example_dags/example_latest_only.py
[2024-12-24T19:02:29.429+0000] {logging_mixin.py:190} INFO - [2024-12-24T19:02:29.428+0000] {dag.py:3239} INFO - Sync 1 DAGs
[2024-12-24T19:02:29.462+0000] {logging_mixin.py:190} INFO - [2024-12-24T19:02:29.462+0000] {dag.py:4180} INFO - Setting next_dagrun for latest_only to 2024-12-24 12:00:00+00:00, run_after=2024-12-24 16:00:00+00:00
[2024-12-24T19:02:29.492+0000] {processor.py:208} INFO - Processing /home/airflow/.local/lib/python3.12/site-packages/airflow/example_dags/example_latest_only.py took 0.122 seconds
[2024-12-24T19:03:00.474+0000] {processor.py:186} INFO - Started process (PID=1625) to work on /home/airflow/.local/lib/python3.12/site-packages/airflow/example_dags/example_latest_only.py
[2024-12-24T19:03:00.477+0000] {processor.py:914} INFO - Processing file /home/airflow/.local/lib/python3.12/site-packages/airflow/example_dags/example_latest_only.py for tasks to queue
[2024-12-24T19:03:00.486+0000] {logging_mixin.py:190} INFO - [2024-12-24T19:03:00.484+0000] {dagbag.py:588} INFO - Filling up the DagBag from /home/airflow/.local/lib/python3.12/site-packages/airflow/example_dags/example_latest_only.py
[2024-12-24T19:03:00.511+0000] {processor.py:925} INFO - DAG(s) 'latest_only' retrieved from /home/airflow/.local/lib/python3.12/site-packages/airflow/example_dags/example_latest_only.py
[2024-12-24T19:03:00.574+0000] {logging_mixin.py:190} INFO - [2024-12-24T19:03:00.573+0000] {dag.py:3239} INFO - Sync 1 DAGs
[2024-12-24T19:03:00.655+0000] {logging_mixin.py:190} INFO - [2024-12-24T19:03:00.654+0000] {dag.py:4180} INFO - Setting next_dagrun for latest_only to 2024-12-24 12:00:00+00:00, run_after=2024-12-24 16:00:00+00:00
[2024-12-24T19:03:00.714+0000] {processor.py:208} INFO - Processing /home/airflow/.local/lib/python3.12/site-packages/airflow/example_dags/example_latest_only.py took 0.260 seconds
[2024-12-24T19:03:30.968+0000] {processor.py:186} INFO - Started process (PID=1687) to work on /home/airflow/.local/lib/python3.12/site-packages/airflow/example_dags/example_latest_only.py
[2024-12-24T19:03:30.970+0000] {processor.py:914} INFO - Processing file /home/airflow/.local/lib/python3.12/site-packages/airflow/example_dags/example_latest_only.py for tasks to queue
[2024-12-24T19:03:30.972+0000] {logging_mixin.py:190} INFO - [2024-12-24T19:03:30.972+0000] {dagbag.py:588} INFO - Filling up the DagBag from /home/airflow/.local/lib/python3.12/site-packages/airflow/example_dags/example_latest_only.py
[2024-12-24T19:03:30.980+0000] {processor.py:925} INFO - DAG(s) 'latest_only' retrieved from /home/airflow/.local/lib/python3.12/site-packages/airflow/example_dags/example_latest_only.py
[2024-12-24T19:03:31.003+0000] {logging_mixin.py:190} INFO - [2024-12-24T19:03:31.002+0000] {dag.py:3239} INFO - Sync 1 DAGs
[2024-12-24T19:03:31.032+0000] {logging_mixin.py:190} INFO - [2024-12-24T19:03:31.032+0000] {dag.py:4180} INFO - Setting next_dagrun for latest_only to 2024-12-24 12:00:00+00:00, run_after=2024-12-24 16:00:00+00:00
[2024-12-24T19:03:31.056+0000] {processor.py:208} INFO - Processing /home/airflow/.local/lib/python3.12/site-packages/airflow/example_dags/example_latest_only.py took 0.094 seconds
[2024-12-24T19:04:01.269+0000] {processor.py:186} INFO - Started process (PID=1750) to work on /home/airflow/.local/lib/python3.12/site-packages/airflow/example_dags/example_latest_only.py
[2024-12-24T19:04:01.270+0000] {processor.py:914} INFO - Processing file /home/airflow/.local/lib/python3.12/site-packages/airflow/example_dags/example_latest_only.py for tasks to queue
[2024-12-24T19:04:01.273+0000] {logging_mixin.py:190} INFO - [2024-12-24T19:04:01.273+0000] {dagbag.py:588} INFO - Filling up the DagBag from /home/airflow/.local/lib/python3.12/site-packages/airflow/example_dags/example_latest_only.py
[2024-12-24T19:04:01.281+0000] {processor.py:925} INFO - DAG(s) 'latest_only' retrieved from /home/airflow/.local/lib/python3.12/site-packages/airflow/example_dags/example_latest_only.py
[2024-12-24T19:04:01.305+0000] {logging_mixin.py:190} INFO - [2024-12-24T19:04:01.305+0000] {dag.py:3239} INFO - Sync 1 DAGs
[2024-12-24T19:04:01.331+0000] {logging_mixin.py:190} INFO - [2024-12-24T19:04:01.331+0000] {dag.py:4180} INFO - Setting next_dagrun for latest_only to 2024-12-24 12:00:00+00:00, run_after=2024-12-24 16:00:00+00:00
[2024-12-24T19:04:01.358+0000] {processor.py:208} INFO - Processing /home/airflow/.local/lib/python3.12/site-packages/airflow/example_dags/example_latest_only.py took 0.096 seconds
[2024-12-24T19:04:31.695+0000] {processor.py:186} INFO - Started process (PID=1813) to work on /home/airflow/.local/lib/python3.12/site-packages/airflow/example_dags/example_latest_only.py
[2024-12-24T19:04:31.697+0000] {processor.py:914} INFO - Processing file /home/airflow/.local/lib/python3.12/site-packages/airflow/example_dags/example_latest_only.py for tasks to queue
[2024-12-24T19:04:31.699+0000] {logging_mixin.py:190} INFO - [2024-12-24T19:04:31.699+0000] {dagbag.py:588} INFO - Filling up the DagBag from /home/airflow/.local/lib/python3.12/site-packages/airflow/example_dags/example_latest_only.py
[2024-12-24T19:04:31.739+0000] {processor.py:925} INFO - DAG(s) 'latest_only' retrieved from /home/airflow/.local/lib/python3.12/site-packages/airflow/example_dags/example_latest_only.py
[2024-12-24T19:04:31.763+0000] {logging_mixin.py:190} INFO - [2024-12-24T19:04:31.763+0000] {dag.py:3239} INFO - Sync 1 DAGs
[2024-12-24T19:04:31.789+0000] {logging_mixin.py:190} INFO - [2024-12-24T19:04:31.789+0000] {dag.py:4180} INFO - Setting next_dagrun for latest_only to 2024-12-24 12:00:00+00:00, run_after=2024-12-24 16:00:00+00:00
[2024-12-24T19:04:31.815+0000] {processor.py:208} INFO - Processing /home/airflow/.local/lib/python3.12/site-packages/airflow/example_dags/example_latest_only.py took 0.127 seconds
[2024-12-24T19:05:02.597+0000] {processor.py:186} INFO - Started process (PID=1876) to work on /home/airflow/.local/lib/python3.12/site-packages/airflow/example_dags/example_latest_only.py
[2024-12-24T19:05:02.598+0000] {processor.py:914} INFO - Processing file /home/airflow/.local/lib/python3.12/site-packages/airflow/example_dags/example_latest_only.py for tasks to queue
[2024-12-24T19:05:02.601+0000] {logging_mixin.py:190} INFO - [2024-12-24T19:05:02.600+0000] {dagbag.py:588} INFO - Filling up the DagBag from /home/airflow/.local/lib/python3.12/site-packages/airflow/example_dags/example_latest_only.py
[2024-12-24T19:05:02.608+0000] {processor.py:925} INFO - DAG(s) 'latest_only' retrieved from /home/airflow/.local/lib/python3.12/site-packages/airflow/example_dags/example_latest_only.py
[2024-12-24T19:05:02.632+0000] {logging_mixin.py:190} INFO - [2024-12-24T19:05:02.632+0000] {dag.py:3239} INFO - Sync 1 DAGs
[2024-12-24T19:05:02.659+0000] {logging_mixin.py:190} INFO - [2024-12-24T19:05:02.659+0000] {dag.py:4180} INFO - Setting next_dagrun for latest_only to 2024-12-24 12:00:00+00:00, run_after=2024-12-24 16:00:00+00:00
[2024-12-24T19:05:02.684+0000] {processor.py:208} INFO - Processing /home/airflow/.local/lib/python3.12/site-packages/airflow/example_dags/example_latest_only.py took 0.093 seconds
[2024-12-24T19:05:32.823+0000] {processor.py:186} INFO - Started process (PID=1939) to work on /home/airflow/.local/lib/python3.12/site-packages/airflow/example_dags/example_latest_only.py
[2024-12-24T19:05:32.825+0000] {processor.py:914} INFO - Processing file /home/airflow/.local/lib/python3.12/site-packages/airflow/example_dags/example_latest_only.py for tasks to queue
[2024-12-24T19:05:32.827+0000] {logging_mixin.py:190} INFO - [2024-12-24T19:05:32.827+0000] {dagbag.py:588} INFO - Filling up the DagBag from /home/airflow/.local/lib/python3.12/site-packages/airflow/example_dags/example_latest_only.py
[2024-12-24T19:05:32.836+0000] {processor.py:925} INFO - DAG(s) 'latest_only' retrieved from /home/airflow/.local/lib/python3.12/site-packages/airflow/example_dags/example_latest_only.py
[2024-12-24T19:05:32.860+0000] {logging_mixin.py:190} INFO - [2024-12-24T19:05:32.860+0000] {dag.py:3239} INFO - Sync 1 DAGs
[2024-12-24T19:05:32.887+0000] {logging_mixin.py:190} INFO - [2024-12-24T19:05:32.886+0000] {dag.py:4180} INFO - Setting next_dagrun for latest_only to 2024-12-24 12:00:00+00:00, run_after=2024-12-24 16:00:00+00:00
[2024-12-24T19:05:32.944+0000] {processor.py:208} INFO - Processing /home/airflow/.local/lib/python3.12/site-packages/airflow/example_dags/example_latest_only.py took 0.126 seconds
[2024-12-24T19:06:03.767+0000] {processor.py:186} INFO - Started process (PID=2002) to work on /home/airflow/.local/lib/python3.12/site-packages/airflow/example_dags/example_latest_only.py
[2024-12-24T19:06:03.769+0000] {processor.py:914} INFO - Processing file /home/airflow/.local/lib/python3.12/site-packages/airflow/example_dags/example_latest_only.py for tasks to queue
[2024-12-24T19:06:03.771+0000] {logging_mixin.py:190} INFO - [2024-12-24T19:06:03.771+0000] {dagbag.py:588} INFO - Filling up the DagBag from /home/airflow/.local/lib/python3.12/site-packages/airflow/example_dags/example_latest_only.py
[2024-12-24T19:06:03.779+0000] {processor.py:925} INFO - DAG(s) 'latest_only' retrieved from /home/airflow/.local/lib/python3.12/site-packages/airflow/example_dags/example_latest_only.py
[2024-12-24T19:06:03.803+0000] {logging_mixin.py:190} INFO - [2024-12-24T19:06:03.803+0000] {dag.py:3239} INFO - Sync 1 DAGs
[2024-12-24T19:06:03.829+0000] {logging_mixin.py:190} INFO - [2024-12-24T19:06:03.829+0000] {dag.py:4180} INFO - Setting next_dagrun for latest_only to 2024-12-24 12:00:00+00:00, run_after=2024-12-24 16:00:00+00:00
[2024-12-24T19:06:03.856+0000] {processor.py:208} INFO - Processing /home/airflow/.local/lib/python3.12/site-packages/airflow/example_dags/example_latest_only.py took 0.094 seconds
[2024-12-24T19:06:34.066+0000] {processor.py:186} INFO - Started process (PID=2065) to work on /home/airflow/.local/lib/python3.12/site-packages/airflow/example_dags/example_latest_only.py
[2024-12-24T19:06:34.068+0000] {processor.py:914} INFO - Processing file /home/airflow/.local/lib/python3.12/site-packages/airflow/example_dags/example_latest_only.py for tasks to queue
[2024-12-24T19:06:34.072+0000] {logging_mixin.py:190} INFO - [2024-12-24T19:06:34.071+0000] {dagbag.py:588} INFO - Filling up the DagBag from /home/airflow/.local/lib/python3.12/site-packages/airflow/example_dags/example_latest_only.py
[2024-12-24T19:06:34.086+0000] {processor.py:925} INFO - DAG(s) 'latest_only' retrieved from /home/airflow/.local/lib/python3.12/site-packages/airflow/example_dags/example_latest_only.py
[2024-12-24T19:06:34.109+0000] {logging_mixin.py:190} INFO - [2024-12-24T19:06:34.109+0000] {dag.py:3239} INFO - Sync 1 DAGs
[2024-12-24T19:06:34.139+0000] {logging_mixin.py:190} INFO - [2024-12-24T19:06:34.139+0000] {dag.py:4180} INFO - Setting next_dagrun for latest_only to 2024-12-24 12:00:00+00:00, run_after=2024-12-24 16:00:00+00:00
[2024-12-24T19:06:34.172+0000] {processor.py:208} INFO - Processing /home/airflow/.local/lib/python3.12/site-packages/airflow/example_dags/example_latest_only.py took 0.114 seconds
[2024-12-24T19:07:04.631+0000] {processor.py:186} INFO - Started process (PID=2128) to work on /home/airflow/.local/lib/python3.12/site-packages/airflow/example_dags/example_latest_only.py
[2024-12-24T19:07:04.633+0000] {processor.py:914} INFO - Processing file /home/airflow/.local/lib/python3.12/site-packages/airflow/example_dags/example_latest_only.py for tasks to queue
[2024-12-24T19:07:04.636+0000] {logging_mixin.py:190} INFO - [2024-12-24T19:07:04.636+0000] {dagbag.py:588} INFO - Filling up the DagBag from /home/airflow/.local/lib/python3.12/site-packages/airflow/example_dags/example_latest_only.py
[2024-12-24T19:07:04.646+0000] {processor.py:925} INFO - DAG(s) 'latest_only' retrieved from /home/airflow/.local/lib/python3.12/site-packages/airflow/example_dags/example_latest_only.py
[2024-12-24T19:07:04.674+0000] {logging_mixin.py:190} INFO - [2024-12-24T19:07:04.674+0000] {dag.py:3239} INFO - Sync 1 DAGs
[2024-12-24T19:07:04.704+0000] {logging_mixin.py:190} INFO - [2024-12-24T19:07:04.704+0000] {dag.py:4180} INFO - Setting next_dagrun for latest_only to 2024-12-24 12:00:00+00:00, run_after=2024-12-24 16:00:00+00:00
[2024-12-24T19:07:04.734+0000] {processor.py:208} INFO - Processing /home/airflow/.local/lib/python3.12/site-packages/airflow/example_dags/example_latest_only.py took 0.109 seconds
[2024-12-24T19:07:34.926+0000] {processor.py:186} INFO - Started process (PID=2191) to work on /home/airflow/.local/lib/python3.12/site-packages/airflow/example_dags/example_latest_only.py
[2024-12-24T19:07:34.928+0000] {processor.py:914} INFO - Processing file /home/airflow/.local/lib/python3.12/site-packages/airflow/example_dags/example_latest_only.py for tasks to queue
[2024-12-24T19:07:34.931+0000] {logging_mixin.py:190} INFO - [2024-12-24T19:07:34.930+0000] {dagbag.py:588} INFO - Filling up the DagBag from /home/airflow/.local/lib/python3.12/site-packages/airflow/example_dags/example_latest_only.py
[2024-12-24T19:07:34.938+0000] {processor.py:925} INFO - DAG(s) 'latest_only' retrieved from /home/airflow/.local/lib/python3.12/site-packages/airflow/example_dags/example_latest_only.py
[2024-12-24T19:07:34.962+0000] {logging_mixin.py:190} INFO - [2024-12-24T19:07:34.962+0000] {dag.py:3239} INFO - Sync 1 DAGs
[2024-12-24T19:07:34.988+0000] {logging_mixin.py:190} INFO - [2024-12-24T19:07:34.988+0000] {dag.py:4180} INFO - Setting next_dagrun for latest_only to 2024-12-24 12:00:00+00:00, run_after=2024-12-24 16:00:00+00:00
[2024-12-24T19:07:35.045+0000] {processor.py:208} INFO - Processing /home/airflow/.local/lib/python3.12/site-packages/airflow/example_dags/example_latest_only.py took 0.125 seconds
[2024-12-24T19:08:05.612+0000] {processor.py:186} INFO - Started process (PID=2254) to work on /home/airflow/.local/lib/python3.12/site-packages/airflow/example_dags/example_latest_only.py
[2024-12-24T19:08:05.613+0000] {processor.py:914} INFO - Processing file /home/airflow/.local/lib/python3.12/site-packages/airflow/example_dags/example_latest_only.py for tasks to queue
[2024-12-24T19:08:05.616+0000] {logging_mixin.py:190} INFO - [2024-12-24T19:08:05.616+0000] {dagbag.py:588} INFO - Filling up the DagBag from /home/airflow/.local/lib/python3.12/site-packages/airflow/example_dags/example_latest_only.py
[2024-12-24T19:08:05.624+0000] {processor.py:925} INFO - DAG(s) 'latest_only' retrieved from /home/airflow/.local/lib/python3.12/site-packages/airflow/example_dags/example_latest_only.py
[2024-12-24T19:08:05.648+0000] {logging_mixin.py:190} INFO - [2024-12-24T19:08:05.648+0000] {dag.py:3239} INFO - Sync 1 DAGs
[2024-12-24T19:08:05.673+0000] {logging_mixin.py:190} INFO - [2024-12-24T19:08:05.672+0000] {dag.py:4180} INFO - Setting next_dagrun for latest_only to 2024-12-24 12:00:00+00:00, run_after=2024-12-24 16:00:00+00:00
[2024-12-24T19:08:05.697+0000] {processor.py:208} INFO - Processing /home/airflow/.local/lib/python3.12/site-packages/airflow/example_dags/example_latest_only.py took 0.091 seconds
[2024-12-24T19:08:36.440+0000] {processor.py:186} INFO - Started process (PID=2317) to work on /home/airflow/.local/lib/python3.12/site-packages/airflow/example_dags/example_latest_only.py
[2024-12-24T19:08:36.441+0000] {processor.py:914} INFO - Processing file /home/airflow/.local/lib/python3.12/site-packages/airflow/example_dags/example_latest_only.py for tasks to queue
[2024-12-24T19:08:36.444+0000] {logging_mixin.py:190} INFO - [2024-12-24T19:08:36.444+0000] {dagbag.py:588} INFO - Filling up the DagBag from /home/airflow/.local/lib/python3.12/site-packages/airflow/example_dags/example_latest_only.py
[2024-12-24T19:08:36.453+0000] {processor.py:925} INFO - DAG(s) 'latest_only' retrieved from /home/airflow/.local/lib/python3.12/site-packages/airflow/example_dags/example_latest_only.py
[2024-12-24T19:08:36.477+0000] {logging_mixin.py:190} INFO - [2024-12-24T19:08:36.477+0000] {dag.py:3239} INFO - Sync 1 DAGs
[2024-12-24T19:08:36.505+0000] {logging_mixin.py:190} INFO - [2024-12-24T19:08:36.505+0000] {dag.py:4180} INFO - Setting next_dagrun for latest_only to 2024-12-24 12:00:00+00:00, run_after=2024-12-24 16:00:00+00:00
[2024-12-24T19:08:36.564+0000] {processor.py:208} INFO - Processing /home/airflow/.local/lib/python3.12/site-packages/airflow/example_dags/example_latest_only.py took 0.130 seconds
