[2024-12-24T18:50:33.586+0000] {processor.py:186} INFO - Started process (PID=107) to work on /home/airflow/.local/lib/python3.12/site-packages/airflow/example_dags/example_params_trigger_ui.py
[2024-12-24T18:50:33.588+0000] {processor.py:914} INFO - Processing file /home/airflow/.local/lib/python3.12/site-packages/airflow/example_dags/example_params_trigger_ui.py for tasks to queue
[2024-12-24T18:50:33.591+0000] {logging_mixin.py:190} INFO - [2024-12-24T18:50:33.590+0000] {dagbag.py:588} INFO - Filling up the DagBag from /home/airflow/.local/lib/python3.12/site-packages/airflow/example_dags/example_params_trigger_ui.py
[2024-12-24T18:50:33.606+0000] {processor.py:925} INFO - DAG(s) 'example_params_trigger_ui' retrieved from /home/airflow/.local/lib/python3.12/site-packages/airflow/example_dags/example_params_trigger_ui.py
[2024-12-24T18:50:33.659+0000] {logging_mixin.py:190} INFO - [2024-12-24T18:50:33.658+0000] {dag.py:3239} INFO - Sync 1 DAGs
[2024-12-24T18:50:33.678+0000] {logging_mixin.py:190} INFO - [2024-12-24T18:50:33.677+0000] {dag.py:4180} INFO - Setting next_dagrun for example_params_trigger_ui to None, run_after=None
[2024-12-24T18:50:33.708+0000] {processor.py:208} INFO - Processing /home/airflow/.local/lib/python3.12/site-packages/airflow/example_dags/example_params_trigger_ui.py took 0.128 seconds
[2024-12-24T18:51:05.049+0000] {processor.py:186} INFO - Started process (PID=170) to work on /home/airflow/.local/lib/python3.12/site-packages/airflow/example_dags/example_params_trigger_ui.py
[2024-12-24T18:51:05.052+0000] {processor.py:914} INFO - Processing file /home/airflow/.local/lib/python3.12/site-packages/airflow/example_dags/example_params_trigger_ui.py for tasks to queue
[2024-12-24T18:51:05.056+0000] {logging_mixin.py:190} INFO - [2024-12-24T18:51:05.055+0000] {dagbag.py:588} INFO - Filling up the DagBag from /home/airflow/.local/lib/python3.12/site-packages/airflow/example_dags/example_params_trigger_ui.py
[2024-12-24T18:51:05.081+0000] {processor.py:925} INFO - DAG(s) 'example_params_trigger_ui' retrieved from /home/airflow/.local/lib/python3.12/site-packages/airflow/example_dags/example_params_trigger_ui.py
[2024-12-24T18:51:05.146+0000] {logging_mixin.py:190} INFO - [2024-12-24T18:51:05.146+0000] {dag.py:3239} INFO - Sync 1 DAGs
[2024-12-24T18:51:05.175+0000] {logging_mixin.py:190} INFO - [2024-12-24T18:51:05.174+0000] {dag.py:4180} INFO - Setting next_dagrun for example_params_trigger_ui to None, run_after=None
[2024-12-24T18:51:05.213+0000] {processor.py:208} INFO - Processing /home/airflow/.local/lib/python3.12/site-packages/airflow/example_dags/example_params_trigger_ui.py took 0.175 seconds
[2024-12-24T18:51:35.126+0000] {processor.py:186} INFO - Started process (PID=233) to work on /home/airflow/.local/lib/python3.12/site-packages/airflow/example_dags/example_params_trigger_ui.py
[2024-12-24T18:51:35.128+0000] {processor.py:914} INFO - Processing file /home/airflow/.local/lib/python3.12/site-packages/airflow/example_dags/example_params_trigger_ui.py for tasks to queue
[2024-12-24T18:51:35.132+0000] {logging_mixin.py:190} INFO - [2024-12-24T18:51:35.131+0000] {dagbag.py:588} INFO - Filling up the DagBag from /home/airflow/.local/lib/python3.12/site-packages/airflow/example_dags/example_params_trigger_ui.py
[2024-12-24T18:51:35.148+0000] {processor.py:925} INFO - DAG(s) 'example_params_trigger_ui' retrieved from /home/airflow/.local/lib/python3.12/site-packages/airflow/example_dags/example_params_trigger_ui.py
[2024-12-24T18:51:35.204+0000] {logging_mixin.py:190} INFO - [2024-12-24T18:51:35.204+0000] {dag.py:3239} INFO - Sync 1 DAGs
[2024-12-24T18:51:35.224+0000] {logging_mixin.py:190} INFO - [2024-12-24T18:51:35.223+0000] {dag.py:4180} INFO - Setting next_dagrun for example_params_trigger_ui to None, run_after=None
[2024-12-24T18:51:35.255+0000] {processor.py:208} INFO - Processing /home/airflow/.local/lib/python3.12/site-packages/airflow/example_dags/example_params_trigger_ui.py took 0.138 seconds
[2024-12-24T18:52:05.716+0000] {processor.py:186} INFO - Started process (PID=294) to work on /home/airflow/.local/lib/python3.12/site-packages/airflow/example_dags/example_params_trigger_ui.py
[2024-12-24T18:52:05.718+0000] {processor.py:914} INFO - Processing file /home/airflow/.local/lib/python3.12/site-packages/airflow/example_dags/example_params_trigger_ui.py for tasks to queue
[2024-12-24T18:52:05.722+0000] {logging_mixin.py:190} INFO - [2024-12-24T18:52:05.721+0000] {dagbag.py:588} INFO - Filling up the DagBag from /home/airflow/.local/lib/python3.12/site-packages/airflow/example_dags/example_params_trigger_ui.py
[2024-12-24T18:52:05.740+0000] {processor.py:925} INFO - DAG(s) 'example_params_trigger_ui' retrieved from /home/airflow/.local/lib/python3.12/site-packages/airflow/example_dags/example_params_trigger_ui.py
[2024-12-24T18:52:05.811+0000] {logging_mixin.py:190} INFO - [2024-12-24T18:52:05.810+0000] {dag.py:3239} INFO - Sync 1 DAGs
[2024-12-24T18:52:05.837+0000] {logging_mixin.py:190} INFO - [2024-12-24T18:52:05.837+0000] {dag.py:4180} INFO - Setting next_dagrun for example_params_trigger_ui to None, run_after=None
[2024-12-24T18:52:05.872+0000] {processor.py:208} INFO - Processing /home/airflow/.local/lib/python3.12/site-packages/airflow/example_dags/example_params_trigger_ui.py took 0.162 seconds
[2024-12-24T18:52:38.250+0000] {processor.py:186} INFO - Started process (PID=360) to work on /home/airflow/.local/lib/python3.12/site-packages/airflow/example_dags/example_params_trigger_ui.py
[2024-12-24T18:52:38.251+0000] {processor.py:914} INFO - Processing file /home/airflow/.local/lib/python3.12/site-packages/airflow/example_dags/example_params_trigger_ui.py for tasks to queue
[2024-12-24T18:52:38.254+0000] {logging_mixin.py:190} INFO - [2024-12-24T18:52:38.254+0000] {dagbag.py:588} INFO - Filling up the DagBag from /home/airflow/.local/lib/python3.12/site-packages/airflow/example_dags/example_params_trigger_ui.py
[2024-12-24T18:52:38.265+0000] {processor.py:925} INFO - DAG(s) 'example_params_trigger_ui' retrieved from /home/airflow/.local/lib/python3.12/site-packages/airflow/example_dags/example_params_trigger_ui.py
[2024-12-24T18:52:38.308+0000] {logging_mixin.py:190} INFO - [2024-12-24T18:52:38.307+0000] {dag.py:3239} INFO - Sync 1 DAGs
[2024-12-24T18:52:38.323+0000] {logging_mixin.py:190} INFO - [2024-12-24T18:52:38.322+0000] {dag.py:4180} INFO - Setting next_dagrun for example_params_trigger_ui to None, run_after=None
[2024-12-24T18:52:38.349+0000] {processor.py:208} INFO - Processing /home/airflow/.local/lib/python3.12/site-packages/airflow/example_dags/example_params_trigger_ui.py took 0.106 seconds
[2024-12-24T18:53:09.170+0000] {processor.py:186} INFO - Started process (PID=423) to work on /home/airflow/.local/lib/python3.12/site-packages/airflow/example_dags/example_params_trigger_ui.py
[2024-12-24T18:53:09.172+0000] {processor.py:914} INFO - Processing file /home/airflow/.local/lib/python3.12/site-packages/airflow/example_dags/example_params_trigger_ui.py for tasks to queue
[2024-12-24T18:53:09.175+0000] {logging_mixin.py:190} INFO - [2024-12-24T18:53:09.174+0000] {dagbag.py:588} INFO - Filling up the DagBag from /home/airflow/.local/lib/python3.12/site-packages/airflow/example_dags/example_params_trigger_ui.py
[2024-12-24T18:53:09.186+0000] {processor.py:925} INFO - DAG(s) 'example_params_trigger_ui' retrieved from /home/airflow/.local/lib/python3.12/site-packages/airflow/example_dags/example_params_trigger_ui.py
[2024-12-24T18:53:09.230+0000] {logging_mixin.py:190} INFO - [2024-12-24T18:53:09.230+0000] {dag.py:3239} INFO - Sync 1 DAGs
[2024-12-24T18:53:09.247+0000] {logging_mixin.py:190} INFO - [2024-12-24T18:53:09.247+0000] {dag.py:4180} INFO - Setting next_dagrun for example_params_trigger_ui to None, run_after=None
[2024-12-24T18:53:09.270+0000] {processor.py:208} INFO - Processing /home/airflow/.local/lib/python3.12/site-packages/airflow/example_dags/example_params_trigger_ui.py took 0.106 seconds
[2024-12-24T18:53:41.712+0000] {processor.py:186} INFO - Started process (PID=486) to work on /home/airflow/.local/lib/python3.12/site-packages/airflow/example_dags/example_params_trigger_ui.py
[2024-12-24T18:53:41.714+0000] {processor.py:914} INFO - Processing file /home/airflow/.local/lib/python3.12/site-packages/airflow/example_dags/example_params_trigger_ui.py for tasks to queue
[2024-12-24T18:53:41.718+0000] {logging_mixin.py:190} INFO - [2024-12-24T18:53:41.717+0000] {dagbag.py:588} INFO - Filling up the DagBag from /home/airflow/.local/lib/python3.12/site-packages/airflow/example_dags/example_params_trigger_ui.py
[2024-12-24T18:53:41.731+0000] {processor.py:925} INFO - DAG(s) 'example_params_trigger_ui' retrieved from /home/airflow/.local/lib/python3.12/site-packages/airflow/example_dags/example_params_trigger_ui.py
[2024-12-24T18:53:41.787+0000] {logging_mixin.py:190} INFO - [2024-12-24T18:53:41.787+0000] {dag.py:3239} INFO - Sync 1 DAGs
[2024-12-24T18:53:41.805+0000] {logging_mixin.py:190} INFO - [2024-12-24T18:53:41.805+0000] {dag.py:4180} INFO - Setting next_dagrun for example_params_trigger_ui to None, run_after=None
[2024-12-24T18:53:41.840+0000] {processor.py:208} INFO - Processing /home/airflow/.local/lib/python3.12/site-packages/airflow/example_dags/example_params_trigger_ui.py took 0.137 seconds
[2024-12-24T18:54:13.287+0000] {processor.py:186} INFO - Started process (PID=549) to work on /home/airflow/.local/lib/python3.12/site-packages/airflow/example_dags/example_params_trigger_ui.py
[2024-12-24T18:54:13.289+0000] {processor.py:914} INFO - Processing file /home/airflow/.local/lib/python3.12/site-packages/airflow/example_dags/example_params_trigger_ui.py for tasks to queue
[2024-12-24T18:54:13.291+0000] {logging_mixin.py:190} INFO - [2024-12-24T18:54:13.291+0000] {dagbag.py:588} INFO - Filling up the DagBag from /home/airflow/.local/lib/python3.12/site-packages/airflow/example_dags/example_params_trigger_ui.py
[2024-12-24T18:54:13.304+0000] {processor.py:925} INFO - DAG(s) 'example_params_trigger_ui' retrieved from /home/airflow/.local/lib/python3.12/site-packages/airflow/example_dags/example_params_trigger_ui.py
[2024-12-24T18:54:13.349+0000] {logging_mixin.py:190} INFO - [2024-12-24T18:54:13.349+0000] {dag.py:3239} INFO - Sync 1 DAGs
[2024-12-24T18:54:13.364+0000] {logging_mixin.py:190} INFO - [2024-12-24T18:54:13.363+0000] {dag.py:4180} INFO - Setting next_dagrun for example_params_trigger_ui to None, run_after=None
[2024-12-24T18:54:13.389+0000] {processor.py:208} INFO - Processing /home/airflow/.local/lib/python3.12/site-packages/airflow/example_dags/example_params_trigger_ui.py took 0.108 seconds
[2024-12-24T18:54:44.752+0000] {processor.py:186} INFO - Started process (PID=612) to work on /home/airflow/.local/lib/python3.12/site-packages/airflow/example_dags/example_params_trigger_ui.py
[2024-12-24T18:54:44.754+0000] {processor.py:914} INFO - Processing file /home/airflow/.local/lib/python3.12/site-packages/airflow/example_dags/example_params_trigger_ui.py for tasks to queue
[2024-12-24T18:54:44.759+0000] {logging_mixin.py:190} INFO - [2024-12-24T18:54:44.758+0000] {dagbag.py:588} INFO - Filling up the DagBag from /home/airflow/.local/lib/python3.12/site-packages/airflow/example_dags/example_params_trigger_ui.py
[2024-12-24T18:54:44.778+0000] {processor.py:925} INFO - DAG(s) 'example_params_trigger_ui' retrieved from /home/airflow/.local/lib/python3.12/site-packages/airflow/example_dags/example_params_trigger_ui.py
[2024-12-24T18:54:44.831+0000] {logging_mixin.py:190} INFO - [2024-12-24T18:54:44.831+0000] {dag.py:3239} INFO - Sync 1 DAGs
[2024-12-24T18:54:44.854+0000] {logging_mixin.py:190} INFO - [2024-12-24T18:54:44.854+0000] {dag.py:4180} INFO - Setting next_dagrun for example_params_trigger_ui to None, run_after=None
[2024-12-24T18:54:44.887+0000] {processor.py:208} INFO - Processing /home/airflow/.local/lib/python3.12/site-packages/airflow/example_dags/example_params_trigger_ui.py took 0.143 seconds
[2024-12-24T18:55:16.161+0000] {processor.py:186} INFO - Started process (PID=675) to work on /home/airflow/.local/lib/python3.12/site-packages/airflow/example_dags/example_params_trigger_ui.py
[2024-12-24T18:55:16.162+0000] {processor.py:914} INFO - Processing file /home/airflow/.local/lib/python3.12/site-packages/airflow/example_dags/example_params_trigger_ui.py for tasks to queue
[2024-12-24T18:55:16.166+0000] {logging_mixin.py:190} INFO - [2024-12-24T18:55:16.165+0000] {dagbag.py:588} INFO - Filling up the DagBag from /home/airflow/.local/lib/python3.12/site-packages/airflow/example_dags/example_params_trigger_ui.py
[2024-12-24T18:55:16.178+0000] {processor.py:925} INFO - DAG(s) 'example_params_trigger_ui' retrieved from /home/airflow/.local/lib/python3.12/site-packages/airflow/example_dags/example_params_trigger_ui.py
[2024-12-24T18:55:16.229+0000] {logging_mixin.py:190} INFO - [2024-12-24T18:55:16.229+0000] {dag.py:3239} INFO - Sync 1 DAGs
[2024-12-24T18:55:16.247+0000] {logging_mixin.py:190} INFO - [2024-12-24T18:55:16.247+0000] {dag.py:4180} INFO - Setting next_dagrun for example_params_trigger_ui to None, run_after=None
[2024-12-24T18:55:16.277+0000] {processor.py:208} INFO - Processing /home/airflow/.local/lib/python3.12/site-packages/airflow/example_dags/example_params_trigger_ui.py took 0.124 seconds
[2024-12-24T18:55:47.321+0000] {processor.py:186} INFO - Started process (PID=744) to work on /home/airflow/.local/lib/python3.12/site-packages/airflow/example_dags/example_params_trigger_ui.py
[2024-12-24T18:55:47.322+0000] {processor.py:914} INFO - Processing file /home/airflow/.local/lib/python3.12/site-packages/airflow/example_dags/example_params_trigger_ui.py for tasks to queue
[2024-12-24T18:55:47.325+0000] {logging_mixin.py:190} INFO - [2024-12-24T18:55:47.325+0000] {dagbag.py:588} INFO - Filling up the DagBag from /home/airflow/.local/lib/python3.12/site-packages/airflow/example_dags/example_params_trigger_ui.py
[2024-12-24T18:55:47.336+0000] {processor.py:925} INFO - DAG(s) 'example_params_trigger_ui' retrieved from /home/airflow/.local/lib/python3.12/site-packages/airflow/example_dags/example_params_trigger_ui.py
[2024-12-24T18:55:47.379+0000] {logging_mixin.py:190} INFO - [2024-12-24T18:55:47.379+0000] {dag.py:3239} INFO - Sync 1 DAGs
[2024-12-24T18:55:47.394+0000] {logging_mixin.py:190} INFO - [2024-12-24T18:55:47.393+0000] {dag.py:4180} INFO - Setting next_dagrun for example_params_trigger_ui to None, run_after=None
[2024-12-24T18:55:47.419+0000] {processor.py:208} INFO - Processing /home/airflow/.local/lib/python3.12/site-packages/airflow/example_dags/example_params_trigger_ui.py took 0.104 seconds
[2024-12-24T18:56:19.502+0000] {processor.py:186} INFO - Started process (PID=807) to work on /home/airflow/.local/lib/python3.12/site-packages/airflow/example_dags/example_params_trigger_ui.py
[2024-12-24T18:56:19.504+0000] {processor.py:914} INFO - Processing file /home/airflow/.local/lib/python3.12/site-packages/airflow/example_dags/example_params_trigger_ui.py for tasks to queue
[2024-12-24T18:56:19.509+0000] {logging_mixin.py:190} INFO - [2024-12-24T18:56:19.508+0000] {dagbag.py:588} INFO - Filling up the DagBag from /home/airflow/.local/lib/python3.12/site-packages/airflow/example_dags/example_params_trigger_ui.py
[2024-12-24T18:56:19.536+0000] {processor.py:925} INFO - DAG(s) 'example_params_trigger_ui' retrieved from /home/airflow/.local/lib/python3.12/site-packages/airflow/example_dags/example_params_trigger_ui.py
[2024-12-24T18:56:19.612+0000] {logging_mixin.py:190} INFO - [2024-12-24T18:56:19.611+0000] {dag.py:3239} INFO - Sync 1 DAGs
[2024-12-24T18:56:19.635+0000] {logging_mixin.py:190} INFO - [2024-12-24T18:56:19.634+0000] {dag.py:4180} INFO - Setting next_dagrun for example_params_trigger_ui to None, run_after=None
[2024-12-24T18:56:19.677+0000] {processor.py:208} INFO - Processing /home/airflow/.local/lib/python3.12/site-packages/airflow/example_dags/example_params_trigger_ui.py took 0.188 seconds
[2024-12-24T18:56:50.339+0000] {processor.py:186} INFO - Started process (PID=870) to work on /home/airflow/.local/lib/python3.12/site-packages/airflow/example_dags/example_params_trigger_ui.py
[2024-12-24T18:56:50.340+0000] {processor.py:914} INFO - Processing file /home/airflow/.local/lib/python3.12/site-packages/airflow/example_dags/example_params_trigger_ui.py for tasks to queue
[2024-12-24T18:56:50.343+0000] {logging_mixin.py:190} INFO - [2024-12-24T18:56:50.343+0000] {dagbag.py:588} INFO - Filling up the DagBag from /home/airflow/.local/lib/python3.12/site-packages/airflow/example_dags/example_params_trigger_ui.py
[2024-12-24T18:56:50.355+0000] {processor.py:925} INFO - DAG(s) 'example_params_trigger_ui' retrieved from /home/airflow/.local/lib/python3.12/site-packages/airflow/example_dags/example_params_trigger_ui.py
[2024-12-24T18:56:50.400+0000] {logging_mixin.py:190} INFO - [2024-12-24T18:56:50.399+0000] {dag.py:3239} INFO - Sync 1 DAGs
[2024-12-24T18:56:50.418+0000] {logging_mixin.py:190} INFO - [2024-12-24T18:56:50.418+0000] {dag.py:4180} INFO - Setting next_dagrun for example_params_trigger_ui to None, run_after=None
[2024-12-24T18:56:50.456+0000] {processor.py:208} INFO - Processing /home/airflow/.local/lib/python3.12/site-packages/airflow/example_dags/example_params_trigger_ui.py took 0.123 seconds
[2024-12-24T18:57:20.561+0000] {processor.py:186} INFO - Started process (PID=932) to work on /home/airflow/.local/lib/python3.12/site-packages/airflow/example_dags/example_params_trigger_ui.py
[2024-12-24T18:57:20.562+0000] {processor.py:914} INFO - Processing file /home/airflow/.local/lib/python3.12/site-packages/airflow/example_dags/example_params_trigger_ui.py for tasks to queue
[2024-12-24T18:57:20.565+0000] {logging_mixin.py:190} INFO - [2024-12-24T18:57:20.564+0000] {dagbag.py:588} INFO - Filling up the DagBag from /home/airflow/.local/lib/python3.12/site-packages/airflow/example_dags/example_params_trigger_ui.py
[2024-12-24T18:57:20.575+0000] {processor.py:925} INFO - DAG(s) 'example_params_trigger_ui' retrieved from /home/airflow/.local/lib/python3.12/site-packages/airflow/example_dags/example_params_trigger_ui.py
[2024-12-24T18:57:20.620+0000] {logging_mixin.py:190} INFO - [2024-12-24T18:57:20.619+0000] {dag.py:3239} INFO - Sync 1 DAGs
[2024-12-24T18:57:20.635+0000] {logging_mixin.py:190} INFO - [2024-12-24T18:57:20.634+0000] {dag.py:4180} INFO - Setting next_dagrun for example_params_trigger_ui to None, run_after=None
[2024-12-24T18:57:20.657+0000] {processor.py:208} INFO - Processing /home/airflow/.local/lib/python3.12/site-packages/airflow/example_dags/example_params_trigger_ui.py took 0.102 seconds
[2024-12-24T18:57:50.801+0000] {processor.py:186} INFO - Started process (PID=995) to work on /home/airflow/.local/lib/python3.12/site-packages/airflow/example_dags/example_params_trigger_ui.py
[2024-12-24T18:57:50.802+0000] {processor.py:914} INFO - Processing file /home/airflow/.local/lib/python3.12/site-packages/airflow/example_dags/example_params_trigger_ui.py for tasks to queue
[2024-12-24T18:57:50.805+0000] {logging_mixin.py:190} INFO - [2024-12-24T18:57:50.805+0000] {dagbag.py:588} INFO - Filling up the DagBag from /home/airflow/.local/lib/python3.12/site-packages/airflow/example_dags/example_params_trigger_ui.py
[2024-12-24T18:57:50.817+0000] {processor.py:925} INFO - DAG(s) 'example_params_trigger_ui' retrieved from /home/airflow/.local/lib/python3.12/site-packages/airflow/example_dags/example_params_trigger_ui.py
[2024-12-24T18:57:50.864+0000] {logging_mixin.py:190} INFO - [2024-12-24T18:57:50.864+0000] {dag.py:3239} INFO - Sync 1 DAGs
[2024-12-24T18:57:50.881+0000] {logging_mixin.py:190} INFO - [2024-12-24T18:57:50.881+0000] {dag.py:4180} INFO - Setting next_dagrun for example_params_trigger_ui to None, run_after=None
[2024-12-24T18:57:50.913+0000] {processor.py:208} INFO - Processing /home/airflow/.local/lib/python3.12/site-packages/airflow/example_dags/example_params_trigger_ui.py took 0.120 seconds
[2024-12-24T18:58:22.946+0000] {processor.py:186} INFO - Started process (PID=1058) to work on /home/airflow/.local/lib/python3.12/site-packages/airflow/example_dags/example_params_trigger_ui.py
[2024-12-24T18:58:22.947+0000] {processor.py:914} INFO - Processing file /home/airflow/.local/lib/python3.12/site-packages/airflow/example_dags/example_params_trigger_ui.py for tasks to queue
[2024-12-24T18:58:22.949+0000] {logging_mixin.py:190} INFO - [2024-12-24T18:58:22.949+0000] {dagbag.py:588} INFO - Filling up the DagBag from /home/airflow/.local/lib/python3.12/site-packages/airflow/example_dags/example_params_trigger_ui.py
[2024-12-24T18:58:22.960+0000] {processor.py:925} INFO - DAG(s) 'example_params_trigger_ui' retrieved from /home/airflow/.local/lib/python3.12/site-packages/airflow/example_dags/example_params_trigger_ui.py
[2024-12-24T18:58:23.008+0000] {logging_mixin.py:190} INFO - [2024-12-24T18:58:23.007+0000] {dag.py:3239} INFO - Sync 1 DAGs
[2024-12-24T18:58:23.023+0000] {logging_mixin.py:190} INFO - [2024-12-24T18:58:23.023+0000] {dag.py:4180} INFO - Setting next_dagrun for example_params_trigger_ui to None, run_after=None
[2024-12-24T18:58:23.050+0000] {processor.py:208} INFO - Processing /home/airflow/.local/lib/python3.12/site-packages/airflow/example_dags/example_params_trigger_ui.py took 0.111 seconds
[2024-12-24T18:58:54.908+0000] {processor.py:186} INFO - Started process (PID=1122) to work on /home/airflow/.local/lib/python3.12/site-packages/airflow/example_dags/example_params_trigger_ui.py
[2024-12-24T18:58:54.910+0000] {processor.py:914} INFO - Processing file /home/airflow/.local/lib/python3.12/site-packages/airflow/example_dags/example_params_trigger_ui.py for tasks to queue
[2024-12-24T18:58:54.914+0000] {logging_mixin.py:190} INFO - [2024-12-24T18:58:54.913+0000] {dagbag.py:588} INFO - Filling up the DagBag from /home/airflow/.local/lib/python3.12/site-packages/airflow/example_dags/example_params_trigger_ui.py
[2024-12-24T18:58:54.925+0000] {processor.py:925} INFO - DAG(s) 'example_params_trigger_ui' retrieved from /home/airflow/.local/lib/python3.12/site-packages/airflow/example_dags/example_params_trigger_ui.py
[2024-12-24T18:58:54.969+0000] {logging_mixin.py:190} INFO - [2024-12-24T18:58:54.969+0000] {dag.py:3239} INFO - Sync 1 DAGs
[2024-12-24T18:58:54.985+0000] {logging_mixin.py:190} INFO - [2024-12-24T18:58:54.985+0000] {dag.py:4180} INFO - Setting next_dagrun for example_params_trigger_ui to None, run_after=None
[2024-12-24T18:58:55.016+0000] {processor.py:208} INFO - Processing /home/airflow/.local/lib/python3.12/site-packages/airflow/example_dags/example_params_trigger_ui.py took 0.114 seconds
[2024-12-24T18:59:25.856+0000] {processor.py:186} INFO - Started process (PID=1185) to work on /home/airflow/.local/lib/python3.12/site-packages/airflow/example_dags/example_params_trigger_ui.py
[2024-12-24T18:59:25.858+0000] {processor.py:914} INFO - Processing file /home/airflow/.local/lib/python3.12/site-packages/airflow/example_dags/example_params_trigger_ui.py for tasks to queue
[2024-12-24T18:59:25.861+0000] {logging_mixin.py:190} INFO - [2024-12-24T18:59:25.860+0000] {dagbag.py:588} INFO - Filling up the DagBag from /home/airflow/.local/lib/python3.12/site-packages/airflow/example_dags/example_params_trigger_ui.py
[2024-12-24T18:59:25.872+0000] {processor.py:925} INFO - DAG(s) 'example_params_trigger_ui' retrieved from /home/airflow/.local/lib/python3.12/site-packages/airflow/example_dags/example_params_trigger_ui.py
[2024-12-24T18:59:25.920+0000] {logging_mixin.py:190} INFO - [2024-12-24T18:59:25.920+0000] {dag.py:3239} INFO - Sync 1 DAGs
[2024-12-24T18:59:25.940+0000] {logging_mixin.py:190} INFO - [2024-12-24T18:59:25.940+0000] {dag.py:4180} INFO - Setting next_dagrun for example_params_trigger_ui to None, run_after=None
[2024-12-24T18:59:25.973+0000] {processor.py:208} INFO - Processing /home/airflow/.local/lib/python3.12/site-packages/airflow/example_dags/example_params_trigger_ui.py took 0.123 seconds
[2024-12-24T18:59:56.509+0000] {processor.py:186} INFO - Started process (PID=1247) to work on /home/airflow/.local/lib/python3.12/site-packages/airflow/example_dags/example_params_trigger_ui.py
[2024-12-24T18:59:56.511+0000] {processor.py:914} INFO - Processing file /home/airflow/.local/lib/python3.12/site-packages/airflow/example_dags/example_params_trigger_ui.py for tasks to queue
[2024-12-24T18:59:56.514+0000] {logging_mixin.py:190} INFO - [2024-12-24T18:59:56.513+0000] {dagbag.py:588} INFO - Filling up the DagBag from /home/airflow/.local/lib/python3.12/site-packages/airflow/example_dags/example_params_trigger_ui.py
[2024-12-24T18:59:56.527+0000] {processor.py:925} INFO - DAG(s) 'example_params_trigger_ui' retrieved from /home/airflow/.local/lib/python3.12/site-packages/airflow/example_dags/example_params_trigger_ui.py
[2024-12-24T18:59:56.572+0000] {logging_mixin.py:190} INFO - [2024-12-24T18:59:56.571+0000] {dag.py:3239} INFO - Sync 1 DAGs
[2024-12-24T18:59:56.587+0000] {logging_mixin.py:190} INFO - [2024-12-24T18:59:56.586+0000] {dag.py:4180} INFO - Setting next_dagrun for example_params_trigger_ui to None, run_after=None
[2024-12-24T18:59:56.616+0000] {processor.py:208} INFO - Processing /home/airflow/.local/lib/python3.12/site-packages/airflow/example_dags/example_params_trigger_ui.py took 0.113 seconds
[2024-12-24T19:00:27.103+0000] {processor.py:186} INFO - Started process (PID=1310) to work on /home/airflow/.local/lib/python3.12/site-packages/airflow/example_dags/example_params_trigger_ui.py
[2024-12-24T19:00:27.105+0000] {processor.py:914} INFO - Processing file /home/airflow/.local/lib/python3.12/site-packages/airflow/example_dags/example_params_trigger_ui.py for tasks to queue
[2024-12-24T19:00:27.108+0000] {logging_mixin.py:190} INFO - [2024-12-24T19:00:27.108+0000] {dagbag.py:588} INFO - Filling up the DagBag from /home/airflow/.local/lib/python3.12/site-packages/airflow/example_dags/example_params_trigger_ui.py
[2024-12-24T19:00:27.126+0000] {processor.py:925} INFO - DAG(s) 'example_params_trigger_ui' retrieved from /home/airflow/.local/lib/python3.12/site-packages/airflow/example_dags/example_params_trigger_ui.py
[2024-12-24T19:00:27.186+0000] {logging_mixin.py:190} INFO - [2024-12-24T19:00:27.186+0000] {dag.py:3239} INFO - Sync 1 DAGs
[2024-12-24T19:00:27.206+0000] {logging_mixin.py:190} INFO - [2024-12-24T19:00:27.206+0000] {dag.py:4180} INFO - Setting next_dagrun for example_params_trigger_ui to None, run_after=None
[2024-12-24T19:00:27.240+0000] {processor.py:208} INFO - Processing /home/airflow/.local/lib/python3.12/site-packages/airflow/example_dags/example_params_trigger_ui.py took 0.146 seconds
[2024-12-24T19:00:57.833+0000] {processor.py:186} INFO - Started process (PID=1373) to work on /home/airflow/.local/lib/python3.12/site-packages/airflow/example_dags/example_params_trigger_ui.py
[2024-12-24T19:00:57.834+0000] {processor.py:914} INFO - Processing file /home/airflow/.local/lib/python3.12/site-packages/airflow/example_dags/example_params_trigger_ui.py for tasks to queue
[2024-12-24T19:00:57.836+0000] {logging_mixin.py:190} INFO - [2024-12-24T19:00:57.836+0000] {dagbag.py:588} INFO - Filling up the DagBag from /home/airflow/.local/lib/python3.12/site-packages/airflow/example_dags/example_params_trigger_ui.py
[2024-12-24T19:00:57.848+0000] {processor.py:925} INFO - DAG(s) 'example_params_trigger_ui' retrieved from /home/airflow/.local/lib/python3.12/site-packages/airflow/example_dags/example_params_trigger_ui.py
[2024-12-24T19:00:57.897+0000] {logging_mixin.py:190} INFO - [2024-12-24T19:00:57.897+0000] {dag.py:3239} INFO - Sync 1 DAGs
[2024-12-24T19:00:57.913+0000] {logging_mixin.py:190} INFO - [2024-12-24T19:00:57.913+0000] {dag.py:4180} INFO - Setting next_dagrun for example_params_trigger_ui to None, run_after=None
[2024-12-24T19:00:57.940+0000] {processor.py:208} INFO - Processing /home/airflow/.local/lib/python3.12/site-packages/airflow/example_dags/example_params_trigger_ui.py took 0.114 seconds
[2024-12-24T19:01:28.481+0000] {processor.py:186} INFO - Started process (PID=1435) to work on /home/airflow/.local/lib/python3.12/site-packages/airflow/example_dags/example_params_trigger_ui.py
[2024-12-24T19:01:28.482+0000] {processor.py:914} INFO - Processing file /home/airflow/.local/lib/python3.12/site-packages/airflow/example_dags/example_params_trigger_ui.py for tasks to queue
[2024-12-24T19:01:28.486+0000] {logging_mixin.py:190} INFO - [2024-12-24T19:01:28.485+0000] {dagbag.py:588} INFO - Filling up the DagBag from /home/airflow/.local/lib/python3.12/site-packages/airflow/example_dags/example_params_trigger_ui.py
[2024-12-24T19:01:28.499+0000] {processor.py:925} INFO - DAG(s) 'example_params_trigger_ui' retrieved from /home/airflow/.local/lib/python3.12/site-packages/airflow/example_dags/example_params_trigger_ui.py
[2024-12-24T19:01:28.551+0000] {logging_mixin.py:190} INFO - [2024-12-24T19:01:28.551+0000] {dag.py:3239} INFO - Sync 1 DAGs
[2024-12-24T19:01:28.568+0000] {logging_mixin.py:190} INFO - [2024-12-24T19:01:28.567+0000] {dag.py:4180} INFO - Setting next_dagrun for example_params_trigger_ui to None, run_after=None
[2024-12-24T19:01:28.593+0000] {processor.py:208} INFO - Processing /home/airflow/.local/lib/python3.12/site-packages/airflow/example_dags/example_params_trigger_ui.py took 0.119 seconds
[2024-12-24T19:01:59.486+0000] {processor.py:186} INFO - Started process (PID=1498) to work on /home/airflow/.local/lib/python3.12/site-packages/airflow/example_dags/example_params_trigger_ui.py
[2024-12-24T19:01:59.488+0000] {processor.py:914} INFO - Processing file /home/airflow/.local/lib/python3.12/site-packages/airflow/example_dags/example_params_trigger_ui.py for tasks to queue
[2024-12-24T19:01:59.490+0000] {logging_mixin.py:190} INFO - [2024-12-24T19:01:59.490+0000] {dagbag.py:588} INFO - Filling up the DagBag from /home/airflow/.local/lib/python3.12/site-packages/airflow/example_dags/example_params_trigger_ui.py
[2024-12-24T19:01:59.502+0000] {processor.py:925} INFO - DAG(s) 'example_params_trigger_ui' retrieved from /home/airflow/.local/lib/python3.12/site-packages/airflow/example_dags/example_params_trigger_ui.py
[2024-12-24T19:01:59.546+0000] {logging_mixin.py:190} INFO - [2024-12-24T19:01:59.546+0000] {dag.py:3239} INFO - Sync 1 DAGs
[2024-12-24T19:01:59.562+0000] {logging_mixin.py:190} INFO - [2024-12-24T19:01:59.562+0000] {dag.py:4180} INFO - Setting next_dagrun for example_params_trigger_ui to None, run_after=None
[2024-12-24T19:01:59.589+0000] {processor.py:208} INFO - Processing /home/airflow/.local/lib/python3.12/site-packages/airflow/example_dags/example_params_trigger_ui.py took 0.108 seconds
[2024-12-24T19:02:30.194+0000] {processor.py:186} INFO - Started process (PID=1567) to work on /home/airflow/.local/lib/python3.12/site-packages/airflow/example_dags/example_params_trigger_ui.py
[2024-12-24T19:02:30.195+0000] {processor.py:914} INFO - Processing file /home/airflow/.local/lib/python3.12/site-packages/airflow/example_dags/example_params_trigger_ui.py for tasks to queue
[2024-12-24T19:02:30.198+0000] {logging_mixin.py:190} INFO - [2024-12-24T19:02:30.198+0000] {dagbag.py:588} INFO - Filling up the DagBag from /home/airflow/.local/lib/python3.12/site-packages/airflow/example_dags/example_params_trigger_ui.py
[2024-12-24T19:02:30.211+0000] {processor.py:925} INFO - DAG(s) 'example_params_trigger_ui' retrieved from /home/airflow/.local/lib/python3.12/site-packages/airflow/example_dags/example_params_trigger_ui.py
[2024-12-24T19:02:30.265+0000] {logging_mixin.py:190} INFO - [2024-12-24T19:02:30.265+0000] {dag.py:3239} INFO - Sync 1 DAGs
[2024-12-24T19:02:30.284+0000] {logging_mixin.py:190} INFO - [2024-12-24T19:02:30.283+0000] {dag.py:4180} INFO - Setting next_dagrun for example_params_trigger_ui to None, run_after=None
[2024-12-24T19:02:30.312+0000] {processor.py:208} INFO - Processing /home/airflow/.local/lib/python3.12/site-packages/airflow/example_dags/example_params_trigger_ui.py took 0.125 seconds
[2024-12-24T19:03:02.030+0000] {processor.py:186} INFO - Started process (PID=1630) to work on /home/airflow/.local/lib/python3.12/site-packages/airflow/example_dags/example_params_trigger_ui.py
[2024-12-24T19:03:02.032+0000] {processor.py:914} INFO - Processing file /home/airflow/.local/lib/python3.12/site-packages/airflow/example_dags/example_params_trigger_ui.py for tasks to queue
[2024-12-24T19:03:02.037+0000] {logging_mixin.py:190} INFO - [2024-12-24T19:03:02.036+0000] {dagbag.py:588} INFO - Filling up the DagBag from /home/airflow/.local/lib/python3.12/site-packages/airflow/example_dags/example_params_trigger_ui.py
[2024-12-24T19:03:02.053+0000] {processor.py:925} INFO - DAG(s) 'example_params_trigger_ui' retrieved from /home/airflow/.local/lib/python3.12/site-packages/airflow/example_dags/example_params_trigger_ui.py
[2024-12-24T19:03:02.123+0000] {logging_mixin.py:190} INFO - [2024-12-24T19:03:02.123+0000] {dag.py:3239} INFO - Sync 1 DAGs
[2024-12-24T19:03:02.144+0000] {logging_mixin.py:190} INFO - [2024-12-24T19:03:02.144+0000] {dag.py:4180} INFO - Setting next_dagrun for example_params_trigger_ui to None, run_after=None
[2024-12-24T19:03:02.181+0000] {processor.py:208} INFO - Processing /home/airflow/.local/lib/python3.12/site-packages/airflow/example_dags/example_params_trigger_ui.py took 0.162 seconds
[2024-12-24T19:03:32.727+0000] {processor.py:186} INFO - Started process (PID=1693) to work on /home/airflow/.local/lib/python3.12/site-packages/airflow/example_dags/example_params_trigger_ui.py
[2024-12-24T19:03:32.729+0000] {processor.py:914} INFO - Processing file /home/airflow/.local/lib/python3.12/site-packages/airflow/example_dags/example_params_trigger_ui.py for tasks to queue
[2024-12-24T19:03:32.731+0000] {logging_mixin.py:190} INFO - [2024-12-24T19:03:32.731+0000] {dagbag.py:588} INFO - Filling up the DagBag from /home/airflow/.local/lib/python3.12/site-packages/airflow/example_dags/example_params_trigger_ui.py
[2024-12-24T19:03:32.743+0000] {processor.py:925} INFO - DAG(s) 'example_params_trigger_ui' retrieved from /home/airflow/.local/lib/python3.12/site-packages/airflow/example_dags/example_params_trigger_ui.py
[2024-12-24T19:03:32.788+0000] {logging_mixin.py:190} INFO - [2024-12-24T19:03:32.787+0000] {dag.py:3239} INFO - Sync 1 DAGs
[2024-12-24T19:03:32.807+0000] {logging_mixin.py:190} INFO - [2024-12-24T19:03:32.806+0000] {dag.py:4180} INFO - Setting next_dagrun for example_params_trigger_ui to None, run_after=None
[2024-12-24T19:03:32.834+0000] {processor.py:208} INFO - Processing /home/airflow/.local/lib/python3.12/site-packages/airflow/example_dags/example_params_trigger_ui.py took 0.113 seconds
[2024-12-24T19:04:03.960+0000] {processor.py:186} INFO - Started process (PID=1756) to work on /home/airflow/.local/lib/python3.12/site-packages/airflow/example_dags/example_params_trigger_ui.py
[2024-12-24T19:04:03.962+0000] {processor.py:914} INFO - Processing file /home/airflow/.local/lib/python3.12/site-packages/airflow/example_dags/example_params_trigger_ui.py for tasks to queue
[2024-12-24T19:04:03.964+0000] {logging_mixin.py:190} INFO - [2024-12-24T19:04:03.964+0000] {dagbag.py:588} INFO - Filling up the DagBag from /home/airflow/.local/lib/python3.12/site-packages/airflow/example_dags/example_params_trigger_ui.py
[2024-12-24T19:04:03.977+0000] {processor.py:925} INFO - DAG(s) 'example_params_trigger_ui' retrieved from /home/airflow/.local/lib/python3.12/site-packages/airflow/example_dags/example_params_trigger_ui.py
[2024-12-24T19:04:04.026+0000] {logging_mixin.py:190} INFO - [2024-12-24T19:04:04.026+0000] {dag.py:3239} INFO - Sync 1 DAGs
[2024-12-24T19:04:04.042+0000] {logging_mixin.py:190} INFO - [2024-12-24T19:04:04.042+0000] {dag.py:4180} INFO - Setting next_dagrun for example_params_trigger_ui to None, run_after=None
[2024-12-24T19:04:04.069+0000] {processor.py:208} INFO - Processing /home/airflow/.local/lib/python3.12/site-packages/airflow/example_dags/example_params_trigger_ui.py took 0.115 seconds
[2024-12-24T19:04:34.193+0000] {processor.py:186} INFO - Started process (PID=1821) to work on /home/airflow/.local/lib/python3.12/site-packages/airflow/example_dags/example_params_trigger_ui.py
[2024-12-24T19:04:34.195+0000] {processor.py:914} INFO - Processing file /home/airflow/.local/lib/python3.12/site-packages/airflow/example_dags/example_params_trigger_ui.py for tasks to queue
[2024-12-24T19:04:34.198+0000] {logging_mixin.py:190} INFO - [2024-12-24T19:04:34.197+0000] {dagbag.py:588} INFO - Filling up the DagBag from /home/airflow/.local/lib/python3.12/site-packages/airflow/example_dags/example_params_trigger_ui.py
[2024-12-24T19:04:34.209+0000] {processor.py:925} INFO - DAG(s) 'example_params_trigger_ui' retrieved from /home/airflow/.local/lib/python3.12/site-packages/airflow/example_dags/example_params_trigger_ui.py
[2024-12-24T19:04:34.256+0000] {logging_mixin.py:190} INFO - [2024-12-24T19:04:34.256+0000] {dag.py:3239} INFO - Sync 1 DAGs
[2024-12-24T19:04:34.272+0000] {logging_mixin.py:190} INFO - [2024-12-24T19:04:34.271+0000] {dag.py:4180} INFO - Setting next_dagrun for example_params_trigger_ui to None, run_after=None
[2024-12-24T19:04:34.297+0000] {processor.py:208} INFO - Processing /home/airflow/.local/lib/python3.12/site-packages/airflow/example_dags/example_params_trigger_ui.py took 0.110 seconds
[2024-12-24T19:05:04.437+0000] {processor.py:186} INFO - Started process (PID=1884) to work on /home/airflow/.local/lib/python3.12/site-packages/airflow/example_dags/example_params_trigger_ui.py
[2024-12-24T19:05:04.438+0000] {processor.py:914} INFO - Processing file /home/airflow/.local/lib/python3.12/site-packages/airflow/example_dags/example_params_trigger_ui.py for tasks to queue
[2024-12-24T19:05:04.441+0000] {logging_mixin.py:190} INFO - [2024-12-24T19:05:04.441+0000] {dagbag.py:588} INFO - Filling up the DagBag from /home/airflow/.local/lib/python3.12/site-packages/airflow/example_dags/example_params_trigger_ui.py
[2024-12-24T19:05:04.457+0000] {processor.py:925} INFO - DAG(s) 'example_params_trigger_ui' retrieved from /home/airflow/.local/lib/python3.12/site-packages/airflow/example_dags/example_params_trigger_ui.py
[2024-12-24T19:05:04.510+0000] {logging_mixin.py:190} INFO - [2024-12-24T19:05:04.510+0000] {dag.py:3239} INFO - Sync 1 DAGs
[2024-12-24T19:05:04.530+0000] {logging_mixin.py:190} INFO - [2024-12-24T19:05:04.530+0000] {dag.py:4180} INFO - Setting next_dagrun for example_params_trigger_ui to None, run_after=None
[2024-12-24T19:05:04.560+0000] {processor.py:208} INFO - Processing /home/airflow/.local/lib/python3.12/site-packages/airflow/example_dags/example_params_trigger_ui.py took 0.131 seconds
[2024-12-24T19:05:35.131+0000] {processor.py:186} INFO - Started process (PID=1947) to work on /home/airflow/.local/lib/python3.12/site-packages/airflow/example_dags/example_params_trigger_ui.py
[2024-12-24T19:05:35.133+0000] {processor.py:914} INFO - Processing file /home/airflow/.local/lib/python3.12/site-packages/airflow/example_dags/example_params_trigger_ui.py for tasks to queue
[2024-12-24T19:05:35.136+0000] {logging_mixin.py:190} INFO - [2024-12-24T19:05:35.136+0000] {dagbag.py:588} INFO - Filling up the DagBag from /home/airflow/.local/lib/python3.12/site-packages/airflow/example_dags/example_params_trigger_ui.py
[2024-12-24T19:05:35.149+0000] {processor.py:925} INFO - DAG(s) 'example_params_trigger_ui' retrieved from /home/airflow/.local/lib/python3.12/site-packages/airflow/example_dags/example_params_trigger_ui.py
[2024-12-24T19:05:35.195+0000] {logging_mixin.py:190} INFO - [2024-12-24T19:05:35.195+0000] {dag.py:3239} INFO - Sync 1 DAGs
[2024-12-24T19:05:35.229+0000] {logging_mixin.py:190} INFO - [2024-12-24T19:05:35.229+0000] {dag.py:4180} INFO - Setting next_dagrun for example_params_trigger_ui to None, run_after=None
[2024-12-24T19:05:35.278+0000] {processor.py:208} INFO - Processing /home/airflow/.local/lib/python3.12/site-packages/airflow/example_dags/example_params_trigger_ui.py took 0.152 seconds
[2024-12-24T19:06:05.380+0000] {processor.py:186} INFO - Started process (PID=2009) to work on /home/airflow/.local/lib/python3.12/site-packages/airflow/example_dags/example_params_trigger_ui.py
[2024-12-24T19:06:05.382+0000] {processor.py:914} INFO - Processing file /home/airflow/.local/lib/python3.12/site-packages/airflow/example_dags/example_params_trigger_ui.py for tasks to queue
[2024-12-24T19:06:05.384+0000] {logging_mixin.py:190} INFO - [2024-12-24T19:06:05.384+0000] {dagbag.py:588} INFO - Filling up the DagBag from /home/airflow/.local/lib/python3.12/site-packages/airflow/example_dags/example_params_trigger_ui.py
[2024-12-24T19:06:05.396+0000] {processor.py:925} INFO - DAG(s) 'example_params_trigger_ui' retrieved from /home/airflow/.local/lib/python3.12/site-packages/airflow/example_dags/example_params_trigger_ui.py
[2024-12-24T19:06:05.442+0000] {logging_mixin.py:190} INFO - [2024-12-24T19:06:05.441+0000] {dag.py:3239} INFO - Sync 1 DAGs
[2024-12-24T19:06:05.459+0000] {logging_mixin.py:190} INFO - [2024-12-24T19:06:05.459+0000] {dag.py:4180} INFO - Setting next_dagrun for example_params_trigger_ui to None, run_after=None
[2024-12-24T19:06:05.489+0000] {processor.py:208} INFO - Processing /home/airflow/.local/lib/python3.12/site-packages/airflow/example_dags/example_params_trigger_ui.py took 0.115 seconds
[2024-12-24T19:06:35.746+0000] {processor.py:186} INFO - Started process (PID=2072) to work on /home/airflow/.local/lib/python3.12/site-packages/airflow/example_dags/example_params_trigger_ui.py
[2024-12-24T19:06:35.747+0000] {processor.py:914} INFO - Processing file /home/airflow/.local/lib/python3.12/site-packages/airflow/example_dags/example_params_trigger_ui.py for tasks to queue
[2024-12-24T19:06:35.751+0000] {logging_mixin.py:190} INFO - [2024-12-24T19:06:35.750+0000] {dagbag.py:588} INFO - Filling up the DagBag from /home/airflow/.local/lib/python3.12/site-packages/airflow/example_dags/example_params_trigger_ui.py
[2024-12-24T19:06:35.764+0000] {processor.py:925} INFO - DAG(s) 'example_params_trigger_ui' retrieved from /home/airflow/.local/lib/python3.12/site-packages/airflow/example_dags/example_params_trigger_ui.py
[2024-12-24T19:06:35.815+0000] {logging_mixin.py:190} INFO - [2024-12-24T19:06:35.815+0000] {dag.py:3239} INFO - Sync 1 DAGs
[2024-12-24T19:06:35.833+0000] {logging_mixin.py:190} INFO - [2024-12-24T19:06:35.833+0000] {dag.py:4180} INFO - Setting next_dagrun for example_params_trigger_ui to None, run_after=None
[2024-12-24T19:06:35.862+0000] {processor.py:208} INFO - Processing /home/airflow/.local/lib/python3.12/site-packages/airflow/example_dags/example_params_trigger_ui.py took 0.122 seconds
[2024-12-24T19:07:06.679+0000] {processor.py:186} INFO - Started process (PID=2136) to work on /home/airflow/.local/lib/python3.12/site-packages/airflow/example_dags/example_params_trigger_ui.py
[2024-12-24T19:07:06.681+0000] {processor.py:914} INFO - Processing file /home/airflow/.local/lib/python3.12/site-packages/airflow/example_dags/example_params_trigger_ui.py for tasks to queue
[2024-12-24T19:07:06.684+0000] {logging_mixin.py:190} INFO - [2024-12-24T19:07:06.684+0000] {dagbag.py:588} INFO - Filling up the DagBag from /home/airflow/.local/lib/python3.12/site-packages/airflow/example_dags/example_params_trigger_ui.py
[2024-12-24T19:07:06.697+0000] {processor.py:925} INFO - DAG(s) 'example_params_trigger_ui' retrieved from /home/airflow/.local/lib/python3.12/site-packages/airflow/example_dags/example_params_trigger_ui.py
[2024-12-24T19:07:06.749+0000] {logging_mixin.py:190} INFO - [2024-12-24T19:07:06.749+0000] {dag.py:3239} INFO - Sync 1 DAGs
[2024-12-24T19:07:06.774+0000] {logging_mixin.py:190} INFO - [2024-12-24T19:07:06.774+0000] {dag.py:4180} INFO - Setting next_dagrun for example_params_trigger_ui to None, run_after=None
[2024-12-24T19:07:06.811+0000] {processor.py:208} INFO - Processing /home/airflow/.local/lib/python3.12/site-packages/airflow/example_dags/example_params_trigger_ui.py took 0.138 seconds
[2024-12-24T19:07:37.203+0000] {processor.py:186} INFO - Started process (PID=2197) to work on /home/airflow/.local/lib/python3.12/site-packages/airflow/example_dags/example_params_trigger_ui.py
[2024-12-24T19:07:37.205+0000] {processor.py:914} INFO - Processing file /home/airflow/.local/lib/python3.12/site-packages/airflow/example_dags/example_params_trigger_ui.py for tasks to queue
[2024-12-24T19:07:37.207+0000] {logging_mixin.py:190} INFO - [2024-12-24T19:07:37.207+0000] {dagbag.py:588} INFO - Filling up the DagBag from /home/airflow/.local/lib/python3.12/site-packages/airflow/example_dags/example_params_trigger_ui.py
[2024-12-24T19:07:37.218+0000] {processor.py:925} INFO - DAG(s) 'example_params_trigger_ui' retrieved from /home/airflow/.local/lib/python3.12/site-packages/airflow/example_dags/example_params_trigger_ui.py
[2024-12-24T19:07:37.300+0000] {logging_mixin.py:190} INFO - [2024-12-24T19:07:37.300+0000] {dag.py:3239} INFO - Sync 1 DAGs
[2024-12-24T19:07:37.316+0000] {logging_mixin.py:190} INFO - [2024-12-24T19:07:37.316+0000] {dag.py:4180} INFO - Setting next_dagrun for example_params_trigger_ui to None, run_after=None
[2024-12-24T19:07:37.343+0000] {processor.py:208} INFO - Processing /home/airflow/.local/lib/python3.12/site-packages/airflow/example_dags/example_params_trigger_ui.py took 0.146 seconds
[2024-12-24T19:08:07.951+0000] {processor.py:186} INFO - Started process (PID=2260) to work on /home/airflow/.local/lib/python3.12/site-packages/airflow/example_dags/example_params_trigger_ui.py
[2024-12-24T19:08:07.953+0000] {processor.py:914} INFO - Processing file /home/airflow/.local/lib/python3.12/site-packages/airflow/example_dags/example_params_trigger_ui.py for tasks to queue
[2024-12-24T19:08:07.956+0000] {logging_mixin.py:190} INFO - [2024-12-24T19:08:07.955+0000] {dagbag.py:588} INFO - Filling up the DagBag from /home/airflow/.local/lib/python3.12/site-packages/airflow/example_dags/example_params_trigger_ui.py
[2024-12-24T19:08:07.966+0000] {processor.py:925} INFO - DAG(s) 'example_params_trigger_ui' retrieved from /home/airflow/.local/lib/python3.12/site-packages/airflow/example_dags/example_params_trigger_ui.py
[2024-12-24T19:08:08.012+0000] {logging_mixin.py:190} INFO - [2024-12-24T19:08:08.012+0000] {dag.py:3239} INFO - Sync 1 DAGs
[2024-12-24T19:08:08.028+0000] {logging_mixin.py:190} INFO - [2024-12-24T19:08:08.027+0000] {dag.py:4180} INFO - Setting next_dagrun for example_params_trigger_ui to None, run_after=None
[2024-12-24T19:08:08.056+0000] {processor.py:208} INFO - Processing /home/airflow/.local/lib/python3.12/site-packages/airflow/example_dags/example_params_trigger_ui.py took 0.111 seconds
[2024-12-24T19:08:38.792+0000] {processor.py:186} INFO - Started process (PID=2323) to work on /home/airflow/.local/lib/python3.12/site-packages/airflow/example_dags/example_params_trigger_ui.py
[2024-12-24T19:08:38.794+0000] {processor.py:914} INFO - Processing file /home/airflow/.local/lib/python3.12/site-packages/airflow/example_dags/example_params_trigger_ui.py for tasks to queue
[2024-12-24T19:08:38.796+0000] {logging_mixin.py:190} INFO - [2024-12-24T19:08:38.796+0000] {dagbag.py:588} INFO - Filling up the DagBag from /home/airflow/.local/lib/python3.12/site-packages/airflow/example_dags/example_params_trigger_ui.py
[2024-12-24T19:08:38.808+0000] {processor.py:925} INFO - DAG(s) 'example_params_trigger_ui' retrieved from /home/airflow/.local/lib/python3.12/site-packages/airflow/example_dags/example_params_trigger_ui.py
[2024-12-24T19:08:38.854+0000] {logging_mixin.py:190} INFO - [2024-12-24T19:08:38.853+0000] {dag.py:3239} INFO - Sync 1 DAGs
[2024-12-24T19:08:38.871+0000] {logging_mixin.py:190} INFO - [2024-12-24T19:08:38.871+0000] {dag.py:4180} INFO - Setting next_dagrun for example_params_trigger_ui to None, run_after=None
[2024-12-24T19:08:38.903+0000] {processor.py:208} INFO - Processing /home/airflow/.local/lib/python3.12/site-packages/airflow/example_dags/example_params_trigger_ui.py took 0.117 seconds
