[2024-12-24T18:50:34.636+0000] {processor.py:186} INFO - Started process (PID=110) to work on /home/airflow/.local/lib/python3.12/site-packages/airflow/example_dags/example_complex.py
[2024-12-24T18:50:34.638+0000] {processor.py:914} INFO - Processing file /home/airflow/.local/lib/python3.12/site-packages/airflow/example_dags/example_complex.py for tasks to queue
[2024-12-24T18:50:34.643+0000] {logging_mixin.py:190} INFO - [2024-12-24T18:50:34.643+0000] {dagbag.py:588} INFO - Filling up the DagBag from /home/airflow/.local/lib/python3.12/site-packages/airflow/example_dags/example_complex.py
[2024-12-24T18:50:34.663+0000] {processor.py:925} INFO - DAG(s) 'example_complex' retrieved from /home/airflow/.local/lib/python3.12/site-packages/airflow/example_dags/example_complex.py
[2024-12-24T18:50:34.708+0000] {logging_mixin.py:190} INFO - [2024-12-24T18:50:34.708+0000] {dag.py:3239} INFO - Sync 1 DAGs
[2024-12-24T18:50:34.735+0000] {logging_mixin.py:190} INFO - [2024-12-24T18:50:34.734+0000] {dag.py:4180} INFO - Setting next_dagrun for example_complex to None, run_after=None
[2024-12-24T18:50:34.772+0000] {processor.py:208} INFO - Processing /home/airflow/.local/lib/python3.12/site-packages/airflow/example_dags/example_complex.py took 0.144 seconds
[2024-12-24T18:51:05.381+0000] {processor.py:186} INFO - Started process (PID=173) to work on /home/airflow/.local/lib/python3.12/site-packages/airflow/example_dags/example_complex.py
[2024-12-24T18:51:05.383+0000] {processor.py:914} INFO - Processing file /home/airflow/.local/lib/python3.12/site-packages/airflow/example_dags/example_complex.py for tasks to queue
[2024-12-24T18:51:05.386+0000] {logging_mixin.py:190} INFO - [2024-12-24T18:51:05.385+0000] {dagbag.py:588} INFO - Filling up the DagBag from /home/airflow/.local/lib/python3.12/site-packages/airflow/example_dags/example_complex.py
[2024-12-24T18:51:05.398+0000] {processor.py:925} INFO - DAG(s) 'example_complex' retrieved from /home/airflow/.local/lib/python3.12/site-packages/airflow/example_dags/example_complex.py
[2024-12-24T18:51:05.433+0000] {logging_mixin.py:190} INFO - [2024-12-24T18:51:05.432+0000] {dag.py:3239} INFO - Sync 1 DAGs
[2024-12-24T18:51:05.450+0000] {logging_mixin.py:190} INFO - [2024-12-24T18:51:05.450+0000] {dag.py:4180} INFO - Setting next_dagrun for example_complex to None, run_after=None
[2024-12-24T18:51:05.477+0000] {processor.py:208} INFO - Processing /home/airflow/.local/lib/python3.12/site-packages/airflow/example_dags/example_complex.py took 0.102 seconds
[2024-12-24T18:51:35.305+0000] {processor.py:186} INFO - Started process (PID=235) to work on /home/airflow/.local/lib/python3.12/site-packages/airflow/example_dags/example_complex.py
[2024-12-24T18:51:35.306+0000] {processor.py:914} INFO - Processing file /home/airflow/.local/lib/python3.12/site-packages/airflow/example_dags/example_complex.py for tasks to queue
[2024-12-24T18:51:35.309+0000] {logging_mixin.py:190} INFO - [2024-12-24T18:51:35.309+0000] {dagbag.py:588} INFO - Filling up the DagBag from /home/airflow/.local/lib/python3.12/site-packages/airflow/example_dags/example_complex.py
[2024-12-24T18:51:35.323+0000] {processor.py:925} INFO - DAG(s) 'example_complex' retrieved from /home/airflow/.local/lib/python3.12/site-packages/airflow/example_dags/example_complex.py
[2024-12-24T18:51:35.357+0000] {logging_mixin.py:190} INFO - [2024-12-24T18:51:35.357+0000] {dag.py:3239} INFO - Sync 1 DAGs
[2024-12-24T18:51:35.374+0000] {logging_mixin.py:190} INFO - [2024-12-24T18:51:35.374+0000] {dag.py:4180} INFO - Setting next_dagrun for example_complex to None, run_after=None
[2024-12-24T18:51:35.401+0000] {processor.py:208} INFO - Processing /home/airflow/.local/lib/python3.12/site-packages/airflow/example_dags/example_complex.py took 0.103 seconds
[2024-12-24T18:52:06.340+0000] {processor.py:186} INFO - Started process (PID=299) to work on /home/airflow/.local/lib/python3.12/site-packages/airflow/example_dags/example_complex.py
[2024-12-24T18:52:06.343+0000] {processor.py:914} INFO - Processing file /home/airflow/.local/lib/python3.12/site-packages/airflow/example_dags/example_complex.py for tasks to queue
[2024-12-24T18:52:06.346+0000] {logging_mixin.py:190} INFO - [2024-12-24T18:52:06.345+0000] {dagbag.py:588} INFO - Filling up the DagBag from /home/airflow/.local/lib/python3.12/site-packages/airflow/example_dags/example_complex.py
[2024-12-24T18:52:06.360+0000] {processor.py:925} INFO - DAG(s) 'example_complex' retrieved from /home/airflow/.local/lib/python3.12/site-packages/airflow/example_dags/example_complex.py
[2024-12-24T18:52:06.399+0000] {logging_mixin.py:190} INFO - [2024-12-24T18:52:06.399+0000] {dag.py:3239} INFO - Sync 1 DAGs
[2024-12-24T18:52:06.418+0000] {logging_mixin.py:190} INFO - [2024-12-24T18:52:06.418+0000] {dag.py:4180} INFO - Setting next_dagrun for example_complex to None, run_after=None
[2024-12-24T18:52:06.450+0000] {processor.py:208} INFO - Processing /home/airflow/.local/lib/python3.12/site-packages/airflow/example_dags/example_complex.py took 0.118 seconds
[2024-12-24T18:52:38.396+0000] {processor.py:186} INFO - Started process (PID=362) to work on /home/airflow/.local/lib/python3.12/site-packages/airflow/example_dags/example_complex.py
[2024-12-24T18:52:38.397+0000] {processor.py:914} INFO - Processing file /home/airflow/.local/lib/python3.12/site-packages/airflow/example_dags/example_complex.py for tasks to queue
[2024-12-24T18:52:38.400+0000] {logging_mixin.py:190} INFO - [2024-12-24T18:52:38.399+0000] {dagbag.py:588} INFO - Filling up the DagBag from /home/airflow/.local/lib/python3.12/site-packages/airflow/example_dags/example_complex.py
[2024-12-24T18:52:38.413+0000] {processor.py:925} INFO - DAG(s) 'example_complex' retrieved from /home/airflow/.local/lib/python3.12/site-packages/airflow/example_dags/example_complex.py
[2024-12-24T18:52:38.447+0000] {logging_mixin.py:190} INFO - [2024-12-24T18:52:38.447+0000] {dag.py:3239} INFO - Sync 1 DAGs
[2024-12-24T18:52:38.461+0000] {logging_mixin.py:190} INFO - [2024-12-24T18:52:38.461+0000] {dag.py:4180} INFO - Setting next_dagrun for example_complex to None, run_after=None
[2024-12-24T18:52:38.486+0000] {processor.py:208} INFO - Processing /home/airflow/.local/lib/python3.12/site-packages/airflow/example_dags/example_complex.py took 0.096 seconds
[2024-12-24T18:53:09.313+0000] {processor.py:186} INFO - Started process (PID=425) to work on /home/airflow/.local/lib/python3.12/site-packages/airflow/example_dags/example_complex.py
[2024-12-24T18:53:09.314+0000] {processor.py:914} INFO - Processing file /home/airflow/.local/lib/python3.12/site-packages/airflow/example_dags/example_complex.py for tasks to queue
[2024-12-24T18:53:09.317+0000] {logging_mixin.py:190} INFO - [2024-12-24T18:53:09.316+0000] {dagbag.py:588} INFO - Filling up the DagBag from /home/airflow/.local/lib/python3.12/site-packages/airflow/example_dags/example_complex.py
[2024-12-24T18:53:09.328+0000] {processor.py:925} INFO - DAG(s) 'example_complex' retrieved from /home/airflow/.local/lib/python3.12/site-packages/airflow/example_dags/example_complex.py
[2024-12-24T18:53:09.360+0000] {logging_mixin.py:190} INFO - [2024-12-24T18:53:09.359+0000] {dag.py:3239} INFO - Sync 1 DAGs
[2024-12-24T18:53:09.375+0000] {logging_mixin.py:190} INFO - [2024-12-24T18:53:09.375+0000] {dag.py:4180} INFO - Setting next_dagrun for example_complex to None, run_after=None
[2024-12-24T18:53:09.401+0000] {processor.py:208} INFO - Processing /home/airflow/.local/lib/python3.12/site-packages/airflow/example_dags/example_complex.py took 0.094 seconds
[2024-12-24T18:53:41.908+0000] {processor.py:186} INFO - Started process (PID=488) to work on /home/airflow/.local/lib/python3.12/site-packages/airflow/example_dags/example_complex.py
[2024-12-24T18:53:41.910+0000] {processor.py:914} INFO - Processing file /home/airflow/.local/lib/python3.12/site-packages/airflow/example_dags/example_complex.py for tasks to queue
[2024-12-24T18:53:41.912+0000] {logging_mixin.py:190} INFO - [2024-12-24T18:53:41.912+0000] {dagbag.py:588} INFO - Filling up the DagBag from /home/airflow/.local/lib/python3.12/site-packages/airflow/example_dags/example_complex.py
[2024-12-24T18:53:41.927+0000] {processor.py:925} INFO - DAG(s) 'example_complex' retrieved from /home/airflow/.local/lib/python3.12/site-packages/airflow/example_dags/example_complex.py
[2024-12-24T18:53:41.967+0000] {logging_mixin.py:190} INFO - [2024-12-24T18:53:41.966+0000] {dag.py:3239} INFO - Sync 1 DAGs
[2024-12-24T18:53:41.987+0000] {logging_mixin.py:190} INFO - [2024-12-24T18:53:41.986+0000] {dag.py:4180} INFO - Setting next_dagrun for example_complex to None, run_after=None
[2024-12-24T18:53:42.023+0000] {processor.py:208} INFO - Processing /home/airflow/.local/lib/python3.12/site-packages/airflow/example_dags/example_complex.py took 0.122 seconds
[2024-12-24T18:54:14.234+0000] {processor.py:186} INFO - Started process (PID=552) to work on /home/airflow/.local/lib/python3.12/site-packages/airflow/example_dags/example_complex.py
[2024-12-24T18:54:14.236+0000] {processor.py:914} INFO - Processing file /home/airflow/.local/lib/python3.12/site-packages/airflow/example_dags/example_complex.py for tasks to queue
[2024-12-24T18:54:14.239+0000] {logging_mixin.py:190} INFO - [2024-12-24T18:54:14.238+0000] {dagbag.py:588} INFO - Filling up the DagBag from /home/airflow/.local/lib/python3.12/site-packages/airflow/example_dags/example_complex.py
[2024-12-24T18:54:14.252+0000] {processor.py:925} INFO - DAG(s) 'example_complex' retrieved from /home/airflow/.local/lib/python3.12/site-packages/airflow/example_dags/example_complex.py
[2024-12-24T18:54:14.285+0000] {logging_mixin.py:190} INFO - [2024-12-24T18:54:14.285+0000] {dag.py:3239} INFO - Sync 1 DAGs
[2024-12-24T18:54:14.301+0000] {logging_mixin.py:190} INFO - [2024-12-24T18:54:14.301+0000] {dag.py:4180} INFO - Setting next_dagrun for example_complex to None, run_after=None
[2024-12-24T18:54:14.328+0000] {processor.py:208} INFO - Processing /home/airflow/.local/lib/python3.12/site-packages/airflow/example_dags/example_complex.py took 0.100 seconds
[2024-12-24T18:54:45.831+0000] {processor.py:186} INFO - Started process (PID=615) to work on /home/airflow/.local/lib/python3.12/site-packages/airflow/example_dags/example_complex.py
[2024-12-24T18:54:45.833+0000] {processor.py:914} INFO - Processing file /home/airflow/.local/lib/python3.12/site-packages/airflow/example_dags/example_complex.py for tasks to queue
[2024-12-24T18:54:45.837+0000] {logging_mixin.py:190} INFO - [2024-12-24T18:54:45.837+0000] {dagbag.py:588} INFO - Filling up the DagBag from /home/airflow/.local/lib/python3.12/site-packages/airflow/example_dags/example_complex.py
[2024-12-24T18:54:45.855+0000] {processor.py:925} INFO - DAG(s) 'example_complex' retrieved from /home/airflow/.local/lib/python3.12/site-packages/airflow/example_dags/example_complex.py
[2024-12-24T18:54:45.901+0000] {logging_mixin.py:190} INFO - [2024-12-24T18:54:45.900+0000] {dag.py:3239} INFO - Sync 1 DAGs
[2024-12-24T18:54:45.925+0000] {logging_mixin.py:190} INFO - [2024-12-24T18:54:45.924+0000] {dag.py:4180} INFO - Setting next_dagrun for example_complex to None, run_after=None
[2024-12-24T18:54:45.957+0000] {processor.py:208} INFO - Processing /home/airflow/.local/lib/python3.12/site-packages/airflow/example_dags/example_complex.py took 0.135 seconds
[2024-12-24T18:55:17.228+0000] {processor.py:186} INFO - Started process (PID=678) to work on /home/airflow/.local/lib/python3.12/site-packages/airflow/example_dags/example_complex.py
[2024-12-24T18:55:17.230+0000] {processor.py:914} INFO - Processing file /home/airflow/.local/lib/python3.12/site-packages/airflow/example_dags/example_complex.py for tasks to queue
[2024-12-24T18:55:17.234+0000] {logging_mixin.py:190} INFO - [2024-12-24T18:55:17.234+0000] {dagbag.py:588} INFO - Filling up the DagBag from /home/airflow/.local/lib/python3.12/site-packages/airflow/example_dags/example_complex.py
[2024-12-24T18:55:17.250+0000] {processor.py:925} INFO - DAG(s) 'example_complex' retrieved from /home/airflow/.local/lib/python3.12/site-packages/airflow/example_dags/example_complex.py
[2024-12-24T18:55:17.294+0000] {logging_mixin.py:190} INFO - [2024-12-24T18:55:17.294+0000] {dag.py:3239} INFO - Sync 1 DAGs
[2024-12-24T18:55:17.316+0000] {logging_mixin.py:190} INFO - [2024-12-24T18:55:17.315+0000] {dag.py:4180} INFO - Setting next_dagrun for example_complex to None, run_after=None
[2024-12-24T18:55:17.352+0000] {processor.py:208} INFO - Processing /home/airflow/.local/lib/python3.12/site-packages/airflow/example_dags/example_complex.py took 0.132 seconds
[2024-12-24T18:55:47.563+0000] {processor.py:186} INFO - Started process (PID=747) to work on /home/airflow/.local/lib/python3.12/site-packages/airflow/example_dags/example_complex.py
[2024-12-24T18:55:47.564+0000] {processor.py:914} INFO - Processing file /home/airflow/.local/lib/python3.12/site-packages/airflow/example_dags/example_complex.py for tasks to queue
[2024-12-24T18:55:47.566+0000] {logging_mixin.py:190} INFO - [2024-12-24T18:55:47.566+0000] {dagbag.py:588} INFO - Filling up the DagBag from /home/airflow/.local/lib/python3.12/site-packages/airflow/example_dags/example_complex.py
[2024-12-24T18:55:47.578+0000] {processor.py:925} INFO - DAG(s) 'example_complex' retrieved from /home/airflow/.local/lib/python3.12/site-packages/airflow/example_dags/example_complex.py
[2024-12-24T18:55:47.611+0000] {logging_mixin.py:190} INFO - [2024-12-24T18:55:47.610+0000] {dag.py:3239} INFO - Sync 1 DAGs
[2024-12-24T18:55:47.626+0000] {logging_mixin.py:190} INFO - [2024-12-24T18:55:47.626+0000] {dag.py:4180} INFO - Setting next_dagrun for example_complex to None, run_after=None
[2024-12-24T18:55:47.651+0000] {processor.py:208} INFO - Processing /home/airflow/.local/lib/python3.12/site-packages/airflow/example_dags/example_complex.py took 0.094 seconds
[2024-12-24T18:56:19.950+0000] {processor.py:186} INFO - Started process (PID=810) to work on /home/airflow/.local/lib/python3.12/site-packages/airflow/example_dags/example_complex.py
[2024-12-24T18:56:19.951+0000] {processor.py:914} INFO - Processing file /home/airflow/.local/lib/python3.12/site-packages/airflow/example_dags/example_complex.py for tasks to queue
[2024-12-24T18:56:19.954+0000] {logging_mixin.py:190} INFO - [2024-12-24T18:56:19.954+0000] {dagbag.py:588} INFO - Filling up the DagBag from /home/airflow/.local/lib/python3.12/site-packages/airflow/example_dags/example_complex.py
[2024-12-24T18:56:19.968+0000] {processor.py:925} INFO - DAG(s) 'example_complex' retrieved from /home/airflow/.local/lib/python3.12/site-packages/airflow/example_dags/example_complex.py
[2024-12-24T18:56:20.007+0000] {logging_mixin.py:190} INFO - [2024-12-24T18:56:20.007+0000] {dag.py:3239} INFO - Sync 1 DAGs
[2024-12-24T18:56:20.025+0000] {logging_mixin.py:190} INFO - [2024-12-24T18:56:20.025+0000] {dag.py:4180} INFO - Setting next_dagrun for example_complex to None, run_after=None
[2024-12-24T18:56:20.053+0000] {processor.py:208} INFO - Processing /home/airflow/.local/lib/python3.12/site-packages/airflow/example_dags/example_complex.py took 0.111 seconds
[2024-12-24T18:56:50.676+0000] {processor.py:186} INFO - Started process (PID=872) to work on /home/airflow/.local/lib/python3.12/site-packages/airflow/example_dags/example_complex.py
[2024-12-24T18:56:50.678+0000] {processor.py:914} INFO - Processing file /home/airflow/.local/lib/python3.12/site-packages/airflow/example_dags/example_complex.py for tasks to queue
[2024-12-24T18:56:50.681+0000] {logging_mixin.py:190} INFO - [2024-12-24T18:56:50.681+0000] {dagbag.py:588} INFO - Filling up the DagBag from /home/airflow/.local/lib/python3.12/site-packages/airflow/example_dags/example_complex.py
[2024-12-24T18:56:50.693+0000] {processor.py:925} INFO - DAG(s) 'example_complex' retrieved from /home/airflow/.local/lib/python3.12/site-packages/airflow/example_dags/example_complex.py
[2024-12-24T18:56:50.732+0000] {logging_mixin.py:190} INFO - [2024-12-24T18:56:50.732+0000] {dag.py:3239} INFO - Sync 1 DAGs
[2024-12-24T18:56:50.751+0000] {logging_mixin.py:190} INFO - [2024-12-24T18:56:50.751+0000] {dag.py:4180} INFO - Setting next_dagrun for example_complex to None, run_after=None
[2024-12-24T18:56:50.779+0000] {processor.py:208} INFO - Processing /home/airflow/.local/lib/python3.12/site-packages/airflow/example_dags/example_complex.py took 0.108 seconds
[2024-12-24T18:57:20.844+0000] {processor.py:186} INFO - Started process (PID=935) to work on /home/airflow/.local/lib/python3.12/site-packages/airflow/example_dags/example_complex.py
[2024-12-24T18:57:20.845+0000] {processor.py:914} INFO - Processing file /home/airflow/.local/lib/python3.12/site-packages/airflow/example_dags/example_complex.py for tasks to queue
[2024-12-24T18:57:20.848+0000] {logging_mixin.py:190} INFO - [2024-12-24T18:57:20.848+0000] {dagbag.py:588} INFO - Filling up the DagBag from /home/airflow/.local/lib/python3.12/site-packages/airflow/example_dags/example_complex.py
[2024-12-24T18:57:20.860+0000] {processor.py:925} INFO - DAG(s) 'example_complex' retrieved from /home/airflow/.local/lib/python3.12/site-packages/airflow/example_dags/example_complex.py
[2024-12-24T18:57:20.892+0000] {logging_mixin.py:190} INFO - [2024-12-24T18:57:20.892+0000] {dag.py:3239} INFO - Sync 1 DAGs
[2024-12-24T18:57:20.908+0000] {logging_mixin.py:190} INFO - [2024-12-24T18:57:20.908+0000] {dag.py:4180} INFO - Setting next_dagrun for example_complex to None, run_after=None
[2024-12-24T18:57:20.933+0000] {processor.py:208} INFO - Processing /home/airflow/.local/lib/python3.12/site-packages/airflow/example_dags/example_complex.py took 0.094 seconds
[2024-12-24T18:57:50.963+0000] {processor.py:186} INFO - Started process (PID=997) to work on /home/airflow/.local/lib/python3.12/site-packages/airflow/example_dags/example_complex.py
[2024-12-24T18:57:50.964+0000] {processor.py:914} INFO - Processing file /home/airflow/.local/lib/python3.12/site-packages/airflow/example_dags/example_complex.py for tasks to queue
[2024-12-24T18:57:50.967+0000] {logging_mixin.py:190} INFO - [2024-12-24T18:57:50.966+0000] {dagbag.py:588} INFO - Filling up the DagBag from /home/airflow/.local/lib/python3.12/site-packages/airflow/example_dags/example_complex.py
[2024-12-24T18:57:50.978+0000] {processor.py:925} INFO - DAG(s) 'example_complex' retrieved from /home/airflow/.local/lib/python3.12/site-packages/airflow/example_dags/example_complex.py
[2024-12-24T18:57:51.012+0000] {logging_mixin.py:190} INFO - [2024-12-24T18:57:51.012+0000] {dag.py:3239} INFO - Sync 1 DAGs
[2024-12-24T18:57:51.027+0000] {logging_mixin.py:190} INFO - [2024-12-24T18:57:51.027+0000] {dag.py:4180} INFO - Setting next_dagrun for example_complex to None, run_after=None
[2024-12-24T18:57:51.050+0000] {processor.py:208} INFO - Processing /home/airflow/.local/lib/python3.12/site-packages/airflow/example_dags/example_complex.py took 0.093 seconds
[2024-12-24T18:58:23.095+0000] {processor.py:186} INFO - Started process (PID=1060) to work on /home/airflow/.local/lib/python3.12/site-packages/airflow/example_dags/example_complex.py
[2024-12-24T18:58:23.096+0000] {processor.py:914} INFO - Processing file /home/airflow/.local/lib/python3.12/site-packages/airflow/example_dags/example_complex.py for tasks to queue
[2024-12-24T18:58:23.098+0000] {logging_mixin.py:190} INFO - [2024-12-24T18:58:23.098+0000] {dagbag.py:588} INFO - Filling up the DagBag from /home/airflow/.local/lib/python3.12/site-packages/airflow/example_dags/example_complex.py
[2024-12-24T18:58:23.111+0000] {processor.py:925} INFO - DAG(s) 'example_complex' retrieved from /home/airflow/.local/lib/python3.12/site-packages/airflow/example_dags/example_complex.py
[2024-12-24T18:58:23.150+0000] {logging_mixin.py:190} INFO - [2024-12-24T18:58:23.149+0000] {dag.py:3239} INFO - Sync 1 DAGs
[2024-12-24T18:58:23.167+0000] {logging_mixin.py:190} INFO - [2024-12-24T18:58:23.167+0000] {dag.py:4180} INFO - Setting next_dagrun for example_complex to None, run_after=None
[2024-12-24T18:58:23.199+0000] {processor.py:208} INFO - Processing /home/airflow/.local/lib/python3.12/site-packages/airflow/example_dags/example_complex.py took 0.110 seconds
[2024-12-24T18:58:55.068+0000] {processor.py:186} INFO - Started process (PID=1124) to work on /home/airflow/.local/lib/python3.12/site-packages/airflow/example_dags/example_complex.py
[2024-12-24T18:58:55.069+0000] {processor.py:914} INFO - Processing file /home/airflow/.local/lib/python3.12/site-packages/airflow/example_dags/example_complex.py for tasks to queue
[2024-12-24T18:58:55.073+0000] {logging_mixin.py:190} INFO - [2024-12-24T18:58:55.073+0000] {dagbag.py:588} INFO - Filling up the DagBag from /home/airflow/.local/lib/python3.12/site-packages/airflow/example_dags/example_complex.py
[2024-12-24T18:58:55.086+0000] {processor.py:925} INFO - DAG(s) 'example_complex' retrieved from /home/airflow/.local/lib/python3.12/site-packages/airflow/example_dags/example_complex.py
[2024-12-24T18:58:55.122+0000] {logging_mixin.py:190} INFO - [2024-12-24T18:58:55.122+0000] {dag.py:3239} INFO - Sync 1 DAGs
[2024-12-24T18:58:55.141+0000] {logging_mixin.py:190} INFO - [2024-12-24T18:58:55.141+0000] {dag.py:4180} INFO - Setting next_dagrun for example_complex to None, run_after=None
[2024-12-24T18:58:55.169+0000] {processor.py:208} INFO - Processing /home/airflow/.local/lib/python3.12/site-packages/airflow/example_dags/example_complex.py took 0.108 seconds
[2024-12-24T18:59:26.166+0000] {processor.py:186} INFO - Started process (PID=1187) to work on /home/airflow/.local/lib/python3.12/site-packages/airflow/example_dags/example_complex.py
[2024-12-24T18:59:26.167+0000] {processor.py:914} INFO - Processing file /home/airflow/.local/lib/python3.12/site-packages/airflow/example_dags/example_complex.py for tasks to queue
[2024-12-24T18:59:26.170+0000] {logging_mixin.py:190} INFO - [2024-12-24T18:59:26.169+0000] {dagbag.py:588} INFO - Filling up the DagBag from /home/airflow/.local/lib/python3.12/site-packages/airflow/example_dags/example_complex.py
[2024-12-24T18:59:26.182+0000] {processor.py:925} INFO - DAG(s) 'example_complex' retrieved from /home/airflow/.local/lib/python3.12/site-packages/airflow/example_dags/example_complex.py
[2024-12-24T18:59:26.217+0000] {logging_mixin.py:190} INFO - [2024-12-24T18:59:26.216+0000] {dag.py:3239} INFO - Sync 1 DAGs
[2024-12-24T18:59:26.235+0000] {logging_mixin.py:190} INFO - [2024-12-24T18:59:26.234+0000] {dag.py:4180} INFO - Setting next_dagrun for example_complex to None, run_after=None
[2024-12-24T18:59:26.261+0000] {processor.py:208} INFO - Processing /home/airflow/.local/lib/python3.12/site-packages/airflow/example_dags/example_complex.py took 0.101 seconds
[2024-12-24T18:59:56.804+0000] {processor.py:186} INFO - Started process (PID=1250) to work on /home/airflow/.local/lib/python3.12/site-packages/airflow/example_dags/example_complex.py
[2024-12-24T18:59:56.806+0000] {processor.py:914} INFO - Processing file /home/airflow/.local/lib/python3.12/site-packages/airflow/example_dags/example_complex.py for tasks to queue
[2024-12-24T18:59:56.809+0000] {logging_mixin.py:190} INFO - [2024-12-24T18:59:56.809+0000] {dagbag.py:588} INFO - Filling up the DagBag from /home/airflow/.local/lib/python3.12/site-packages/airflow/example_dags/example_complex.py
[2024-12-24T18:59:56.821+0000] {processor.py:925} INFO - DAG(s) 'example_complex' retrieved from /home/airflow/.local/lib/python3.12/site-packages/airflow/example_dags/example_complex.py
[2024-12-24T18:59:56.857+0000] {logging_mixin.py:190} INFO - [2024-12-24T18:59:56.856+0000] {dag.py:3239} INFO - Sync 1 DAGs
[2024-12-24T18:59:56.871+0000] {logging_mixin.py:190} INFO - [2024-12-24T18:59:56.871+0000] {dag.py:4180} INFO - Setting next_dagrun for example_complex to None, run_after=None
[2024-12-24T18:59:56.899+0000] {processor.py:208} INFO - Processing /home/airflow/.local/lib/python3.12/site-packages/airflow/example_dags/example_complex.py took 0.101 seconds
[2024-12-24T19:00:27.297+0000] {processor.py:186} INFO - Started process (PID=1312) to work on /home/airflow/.local/lib/python3.12/site-packages/airflow/example_dags/example_complex.py
[2024-12-24T19:00:27.298+0000] {processor.py:914} INFO - Processing file /home/airflow/.local/lib/python3.12/site-packages/airflow/example_dags/example_complex.py for tasks to queue
[2024-12-24T19:00:27.302+0000] {logging_mixin.py:190} INFO - [2024-12-24T19:00:27.301+0000] {dagbag.py:588} INFO - Filling up the DagBag from /home/airflow/.local/lib/python3.12/site-packages/airflow/example_dags/example_complex.py
[2024-12-24T19:00:27.317+0000] {processor.py:925} INFO - DAG(s) 'example_complex' retrieved from /home/airflow/.local/lib/python3.12/site-packages/airflow/example_dags/example_complex.py
[2024-12-24T19:00:27.353+0000] {logging_mixin.py:190} INFO - [2024-12-24T19:00:27.353+0000] {dag.py:3239} INFO - Sync 1 DAGs
[2024-12-24T19:00:27.368+0000] {logging_mixin.py:190} INFO - [2024-12-24T19:00:27.368+0000] {dag.py:4180} INFO - Setting next_dagrun for example_complex to None, run_after=None
[2024-12-24T19:00:27.401+0000] {processor.py:208} INFO - Processing /home/airflow/.local/lib/python3.12/site-packages/airflow/example_dags/example_complex.py took 0.111 seconds
[2024-12-24T19:00:58.116+0000] {processor.py:186} INFO - Started process (PID=1375) to work on /home/airflow/.local/lib/python3.12/site-packages/airflow/example_dags/example_complex.py
[2024-12-24T19:00:58.117+0000] {processor.py:914} INFO - Processing file /home/airflow/.local/lib/python3.12/site-packages/airflow/example_dags/example_complex.py for tasks to queue
[2024-12-24T19:00:58.120+0000] {logging_mixin.py:190} INFO - [2024-12-24T19:00:58.119+0000] {dagbag.py:588} INFO - Filling up the DagBag from /home/airflow/.local/lib/python3.12/site-packages/airflow/example_dags/example_complex.py
[2024-12-24T19:00:58.132+0000] {processor.py:925} INFO - DAG(s) 'example_complex' retrieved from /home/airflow/.local/lib/python3.12/site-packages/airflow/example_dags/example_complex.py
[2024-12-24T19:00:58.166+0000] {logging_mixin.py:190} INFO - [2024-12-24T19:00:58.165+0000] {dag.py:3239} INFO - Sync 1 DAGs
[2024-12-24T19:00:58.183+0000] {logging_mixin.py:190} INFO - [2024-12-24T19:00:58.182+0000] {dag.py:4180} INFO - Setting next_dagrun for example_complex to None, run_after=None
[2024-12-24T19:00:58.213+0000] {processor.py:208} INFO - Processing /home/airflow/.local/lib/python3.12/site-packages/airflow/example_dags/example_complex.py took 0.103 seconds
[2024-12-24T19:01:28.656+0000] {processor.py:186} INFO - Started process (PID=1437) to work on /home/airflow/.local/lib/python3.12/site-packages/airflow/example_dags/example_complex.py
[2024-12-24T19:01:28.657+0000] {processor.py:914} INFO - Processing file /home/airflow/.local/lib/python3.12/site-packages/airflow/example_dags/example_complex.py for tasks to queue
[2024-12-24T19:01:28.661+0000] {logging_mixin.py:190} INFO - [2024-12-24T19:01:28.660+0000] {dagbag.py:588} INFO - Filling up the DagBag from /home/airflow/.local/lib/python3.12/site-packages/airflow/example_dags/example_complex.py
[2024-12-24T19:01:28.675+0000] {processor.py:925} INFO - DAG(s) 'example_complex' retrieved from /home/airflow/.local/lib/python3.12/site-packages/airflow/example_dags/example_complex.py
[2024-12-24T19:01:28.708+0000] {logging_mixin.py:190} INFO - [2024-12-24T19:01:28.708+0000] {dag.py:3239} INFO - Sync 1 DAGs
[2024-12-24T19:01:28.724+0000] {logging_mixin.py:190} INFO - [2024-12-24T19:01:28.724+0000] {dag.py:4180} INFO - Setting next_dagrun for example_complex to None, run_after=None
[2024-12-24T19:01:28.750+0000] {processor.py:208} INFO - Processing /home/airflow/.local/lib/python3.12/site-packages/airflow/example_dags/example_complex.py took 0.102 seconds
[2024-12-24T19:01:59.635+0000] {processor.py:186} INFO - Started process (PID=1500) to work on /home/airflow/.local/lib/python3.12/site-packages/airflow/example_dags/example_complex.py
[2024-12-24T19:01:59.636+0000] {processor.py:914} INFO - Processing file /home/airflow/.local/lib/python3.12/site-packages/airflow/example_dags/example_complex.py for tasks to queue
[2024-12-24T19:01:59.639+0000] {logging_mixin.py:190} INFO - [2024-12-24T19:01:59.638+0000] {dagbag.py:588} INFO - Filling up the DagBag from /home/airflow/.local/lib/python3.12/site-packages/airflow/example_dags/example_complex.py
[2024-12-24T19:01:59.650+0000] {processor.py:925} INFO - DAG(s) 'example_complex' retrieved from /home/airflow/.local/lib/python3.12/site-packages/airflow/example_dags/example_complex.py
[2024-12-24T19:01:59.684+0000] {logging_mixin.py:190} INFO - [2024-12-24T19:01:59.683+0000] {dag.py:3239} INFO - Sync 1 DAGs
[2024-12-24T19:01:59.702+0000] {logging_mixin.py:190} INFO - [2024-12-24T19:01:59.702+0000] {dag.py:4180} INFO - Setting next_dagrun for example_complex to None, run_after=None
[2024-12-24T19:01:59.731+0000] {processor.py:208} INFO - Processing /home/airflow/.local/lib/python3.12/site-packages/airflow/example_dags/example_complex.py took 0.102 seconds
[2024-12-24T19:02:30.363+0000] {processor.py:186} INFO - Started process (PID=1569) to work on /home/airflow/.local/lib/python3.12/site-packages/airflow/example_dags/example_complex.py
[2024-12-24T19:02:30.365+0000] {processor.py:914} INFO - Processing file /home/airflow/.local/lib/python3.12/site-packages/airflow/example_dags/example_complex.py for tasks to queue
[2024-12-24T19:02:30.368+0000] {logging_mixin.py:190} INFO - [2024-12-24T19:02:30.367+0000] {dagbag.py:588} INFO - Filling up the DagBag from /home/airflow/.local/lib/python3.12/site-packages/airflow/example_dags/example_complex.py
[2024-12-24T19:02:30.383+0000] {processor.py:925} INFO - DAG(s) 'example_complex' retrieved from /home/airflow/.local/lib/python3.12/site-packages/airflow/example_dags/example_complex.py
[2024-12-24T19:02:30.424+0000] {logging_mixin.py:190} INFO - [2024-12-24T19:02:30.423+0000] {dag.py:3239} INFO - Sync 1 DAGs
[2024-12-24T19:02:30.443+0000] {logging_mixin.py:190} INFO - [2024-12-24T19:02:30.442+0000] {dag.py:4180} INFO - Setting next_dagrun for example_complex to None, run_after=None
[2024-12-24T19:02:30.473+0000] {processor.py:208} INFO - Processing /home/airflow/.local/lib/python3.12/site-packages/airflow/example_dags/example_complex.py took 0.116 seconds
[2024-12-24T19:03:02.244+0000] {processor.py:186} INFO - Started process (PID=1632) to work on /home/airflow/.local/lib/python3.12/site-packages/airflow/example_dags/example_complex.py
[2024-12-24T19:03:02.246+0000] {processor.py:914} INFO - Processing file /home/airflow/.local/lib/python3.12/site-packages/airflow/example_dags/example_complex.py for tasks to queue
[2024-12-24T19:03:02.252+0000] {logging_mixin.py:190} INFO - [2024-12-24T19:03:02.251+0000] {dagbag.py:588} INFO - Filling up the DagBag from /home/airflow/.local/lib/python3.12/site-packages/airflow/example_dags/example_complex.py
[2024-12-24T19:03:02.269+0000] {processor.py:925} INFO - DAG(s) 'example_complex' retrieved from /home/airflow/.local/lib/python3.12/site-packages/airflow/example_dags/example_complex.py
[2024-12-24T19:03:02.338+0000] {logging_mixin.py:190} INFO - [2024-12-24T19:03:02.338+0000] {dag.py:3239} INFO - Sync 1 DAGs
[2024-12-24T19:03:02.374+0000] {logging_mixin.py:190} INFO - [2024-12-24T19:03:02.373+0000] {dag.py:4180} INFO - Setting next_dagrun for example_complex to None, run_after=None
[2024-12-24T19:03:02.417+0000] {processor.py:208} INFO - Processing /home/airflow/.local/lib/python3.12/site-packages/airflow/example_dags/example_complex.py took 0.181 seconds
[2024-12-24T19:03:32.943+0000] {processor.py:186} INFO - Started process (PID=1695) to work on /home/airflow/.local/lib/python3.12/site-packages/airflow/example_dags/example_complex.py
[2024-12-24T19:03:32.945+0000] {processor.py:914} INFO - Processing file /home/airflow/.local/lib/python3.12/site-packages/airflow/example_dags/example_complex.py for tasks to queue
[2024-12-24T19:03:32.948+0000] {logging_mixin.py:190} INFO - [2024-12-24T19:03:32.947+0000] {dagbag.py:588} INFO - Filling up the DagBag from /home/airflow/.local/lib/python3.12/site-packages/airflow/example_dags/example_complex.py
[2024-12-24T19:03:32.960+0000] {processor.py:925} INFO - DAG(s) 'example_complex' retrieved from /home/airflow/.local/lib/python3.12/site-packages/airflow/example_dags/example_complex.py
[2024-12-24T19:03:32.993+0000] {logging_mixin.py:190} INFO - [2024-12-24T19:03:32.993+0000] {dag.py:3239} INFO - Sync 1 DAGs
[2024-12-24T19:03:33.009+0000] {logging_mixin.py:190} INFO - [2024-12-24T19:03:33.008+0000] {dag.py:4180} INFO - Setting next_dagrun for example_complex to None, run_after=None
[2024-12-24T19:03:33.035+0000] {processor.py:208} INFO - Processing /home/airflow/.local/lib/python3.12/site-packages/airflow/example_dags/example_complex.py took 0.098 seconds
[2024-12-24T19:04:04.252+0000] {processor.py:186} INFO - Started process (PID=1758) to work on /home/airflow/.local/lib/python3.12/site-packages/airflow/example_dags/example_complex.py
[2024-12-24T19:04:04.254+0000] {processor.py:914} INFO - Processing file /home/airflow/.local/lib/python3.12/site-packages/airflow/example_dags/example_complex.py for tasks to queue
[2024-12-24T19:04:04.257+0000] {logging_mixin.py:190} INFO - [2024-12-24T19:04:04.256+0000] {dagbag.py:588} INFO - Filling up the DagBag from /home/airflow/.local/lib/python3.12/site-packages/airflow/example_dags/example_complex.py
[2024-12-24T19:04:04.269+0000] {processor.py:925} INFO - DAG(s) 'example_complex' retrieved from /home/airflow/.local/lib/python3.12/site-packages/airflow/example_dags/example_complex.py
[2024-12-24T19:04:03.837+0000] {logging_mixin.py:190} INFO - [2024-12-24T19:04:03.837+0000] {dag.py:3239} INFO - Sync 1 DAGs
[2024-12-24T19:04:03.853+0000] {logging_mixin.py:190} INFO - [2024-12-24T19:04:03.852+0000] {dag.py:4180} INFO - Setting next_dagrun for example_complex to None, run_after=None
[2024-12-24T19:04:03.880+0000] {processor.py:208} INFO - Processing /home/airflow/.local/lib/python3.12/site-packages/airflow/example_dags/example_complex.py took 0.098 seconds
[2024-12-24T19:04:34.054+0000] {processor.py:186} INFO - Started process (PID=1820) to work on /home/airflow/.local/lib/python3.12/site-packages/airflow/example_dags/example_complex.py
[2024-12-24T19:04:34.055+0000] {processor.py:914} INFO - Processing file /home/airflow/.local/lib/python3.12/site-packages/airflow/example_dags/example_complex.py for tasks to queue
[2024-12-24T19:04:34.058+0000] {logging_mixin.py:190} INFO - [2024-12-24T19:04:34.058+0000] {dagbag.py:588} INFO - Filling up the DagBag from /home/airflow/.local/lib/python3.12/site-packages/airflow/example_dags/example_complex.py
[2024-12-24T19:04:34.070+0000] {processor.py:925} INFO - DAG(s) 'example_complex' retrieved from /home/airflow/.local/lib/python3.12/site-packages/airflow/example_dags/example_complex.py
[2024-12-24T19:04:34.104+0000] {logging_mixin.py:190} INFO - [2024-12-24T19:04:34.104+0000] {dag.py:3239} INFO - Sync 1 DAGs
[2024-12-24T19:04:34.120+0000] {logging_mixin.py:190} INFO - [2024-12-24T19:04:34.119+0000] {dag.py:4180} INFO - Setting next_dagrun for example_complex to None, run_after=None
[2024-12-24T19:04:34.147+0000] {processor.py:208} INFO - Processing /home/airflow/.local/lib/python3.12/site-packages/airflow/example_dags/example_complex.py took 0.100 seconds
[2024-12-24T19:05:04.272+0000] {processor.py:186} INFO - Started process (PID=1883) to work on /home/airflow/.local/lib/python3.12/site-packages/airflow/example_dags/example_complex.py
[2024-12-24T19:05:04.274+0000] {processor.py:914} INFO - Processing file /home/airflow/.local/lib/python3.12/site-packages/airflow/example_dags/example_complex.py for tasks to queue
[2024-12-24T19:05:04.278+0000] {logging_mixin.py:190} INFO - [2024-12-24T19:05:04.278+0000] {dagbag.py:588} INFO - Filling up the DagBag from /home/airflow/.local/lib/python3.12/site-packages/airflow/example_dags/example_complex.py
[2024-12-24T19:05:04.295+0000] {processor.py:925} INFO - DAG(s) 'example_complex' retrieved from /home/airflow/.local/lib/python3.12/site-packages/airflow/example_dags/example_complex.py
[2024-12-24T19:05:04.335+0000] {logging_mixin.py:190} INFO - [2024-12-24T19:05:04.335+0000] {dag.py:3239} INFO - Sync 1 DAGs
[2024-12-24T19:05:04.353+0000] {logging_mixin.py:190} INFO - [2024-12-24T19:05:04.353+0000] {dag.py:4180} INFO - Setting next_dagrun for example_complex to None, run_after=None
[2024-12-24T19:05:04.385+0000] {processor.py:208} INFO - Processing /home/airflow/.local/lib/python3.12/site-packages/airflow/example_dags/example_complex.py took 0.120 seconds
[2024-12-24T19:05:34.942+0000] {processor.py:186} INFO - Started process (PID=1946) to work on /home/airflow/.local/lib/python3.12/site-packages/airflow/example_dags/example_complex.py
[2024-12-24T19:05:34.943+0000] {processor.py:914} INFO - Processing file /home/airflow/.local/lib/python3.12/site-packages/airflow/example_dags/example_complex.py for tasks to queue
[2024-12-24T19:05:34.947+0000] {logging_mixin.py:190} INFO - [2024-12-24T19:05:34.946+0000] {dagbag.py:588} INFO - Filling up the DagBag from /home/airflow/.local/lib/python3.12/site-packages/airflow/example_dags/example_complex.py
[2024-12-24T19:05:34.959+0000] {processor.py:925} INFO - DAG(s) 'example_complex' retrieved from /home/airflow/.local/lib/python3.12/site-packages/airflow/example_dags/example_complex.py
[2024-12-24T19:05:34.994+0000] {logging_mixin.py:190} INFO - [2024-12-24T19:05:34.994+0000] {dag.py:3239} INFO - Sync 1 DAGs
[2024-12-24T19:05:35.013+0000] {logging_mixin.py:190} INFO - [2024-12-24T19:05:35.012+0000] {dag.py:4180} INFO - Setting next_dagrun for example_complex to None, run_after=None
[2024-12-24T19:05:35.087+0000] {processor.py:208} INFO - Processing /home/airflow/.local/lib/python3.12/site-packages/airflow/example_dags/example_complex.py took 0.152 seconds
[2024-12-24T19:06:05.227+0000] {processor.py:186} INFO - Started process (PID=2008) to work on /home/airflow/.local/lib/python3.12/site-packages/airflow/example_dags/example_complex.py
[2024-12-24T19:06:05.228+0000] {processor.py:914} INFO - Processing file /home/airflow/.local/lib/python3.12/site-packages/airflow/example_dags/example_complex.py for tasks to queue
[2024-12-24T19:06:05.231+0000] {logging_mixin.py:190} INFO - [2024-12-24T19:06:05.231+0000] {dagbag.py:588} INFO - Filling up the DagBag from /home/airflow/.local/lib/python3.12/site-packages/airflow/example_dags/example_complex.py
[2024-12-24T19:06:05.245+0000] {processor.py:925} INFO - DAG(s) 'example_complex' retrieved from /home/airflow/.local/lib/python3.12/site-packages/airflow/example_dags/example_complex.py
[2024-12-24T19:06:05.283+0000] {logging_mixin.py:190} INFO - [2024-12-24T19:06:05.283+0000] {dag.py:3239} INFO - Sync 1 DAGs
[2024-12-24T19:06:05.298+0000] {logging_mixin.py:190} INFO - [2024-12-24T19:06:05.298+0000] {dag.py:4180} INFO - Setting next_dagrun for example_complex to None, run_after=None
[2024-12-24T19:06:05.324+0000] {processor.py:208} INFO - Processing /home/airflow/.local/lib/python3.12/site-packages/airflow/example_dags/example_complex.py took 0.103 seconds
[2024-12-24T19:06:35.595+0000] {processor.py:186} INFO - Started process (PID=2071) to work on /home/airflow/.local/lib/python3.12/site-packages/airflow/example_dags/example_complex.py
[2024-12-24T19:06:35.596+0000] {processor.py:914} INFO - Processing file /home/airflow/.local/lib/python3.12/site-packages/airflow/example_dags/example_complex.py for tasks to queue
[2024-12-24T19:06:35.599+0000] {logging_mixin.py:190} INFO - [2024-12-24T19:06:35.598+0000] {dagbag.py:588} INFO - Filling up the DagBag from /home/airflow/.local/lib/python3.12/site-packages/airflow/example_dags/example_complex.py
[2024-12-24T19:06:35.611+0000] {processor.py:925} INFO - DAG(s) 'example_complex' retrieved from /home/airflow/.local/lib/python3.12/site-packages/airflow/example_dags/example_complex.py
[2024-12-24T19:06:35.646+0000] {logging_mixin.py:190} INFO - [2024-12-24T19:06:35.645+0000] {dag.py:3239} INFO - Sync 1 DAGs
[2024-12-24T19:06:35.663+0000] {logging_mixin.py:190} INFO - [2024-12-24T19:06:35.663+0000] {dag.py:4180} INFO - Setting next_dagrun for example_complex to None, run_after=None
[2024-12-24T19:06:35.689+0000] {processor.py:208} INFO - Processing /home/airflow/.local/lib/python3.12/site-packages/airflow/example_dags/example_complex.py took 0.100 seconds
[2024-12-24T19:07:05.998+0000] {processor.py:186} INFO - Started process (PID=2132) to work on /home/airflow/.local/lib/python3.12/site-packages/airflow/example_dags/example_complex.py
[2024-12-24T19:07:06.000+0000] {processor.py:914} INFO - Processing file /home/airflow/.local/lib/python3.12/site-packages/airflow/example_dags/example_complex.py for tasks to queue
[2024-12-24T19:07:06.003+0000] {logging_mixin.py:190} INFO - [2024-12-24T19:07:06.003+0000] {dagbag.py:588} INFO - Filling up the DagBag from /home/airflow/.local/lib/python3.12/site-packages/airflow/example_dags/example_complex.py
[2024-12-24T19:07:06.017+0000] {processor.py:925} INFO - DAG(s) 'example_complex' retrieved from /home/airflow/.local/lib/python3.12/site-packages/airflow/example_dags/example_complex.py
[2024-12-24T19:07:06.055+0000] {logging_mixin.py:190} INFO - [2024-12-24T19:07:06.054+0000] {dag.py:3239} INFO - Sync 1 DAGs
[2024-12-24T19:07:06.072+0000] {logging_mixin.py:190} INFO - [2024-12-24T19:07:06.071+0000] {dag.py:4180} INFO - Setting next_dagrun for example_complex to None, run_after=None
[2024-12-24T19:07:06.101+0000] {processor.py:208} INFO - Processing /home/airflow/.local/lib/python3.12/site-packages/airflow/example_dags/example_complex.py took 0.110 seconds
[2024-12-24T19:07:36.183+0000] {processor.py:186} INFO - Started process (PID=2195) to work on /home/airflow/.local/lib/python3.12/site-packages/airflow/example_dags/example_complex.py
[2024-12-24T19:07:36.184+0000] {processor.py:914} INFO - Processing file /home/airflow/.local/lib/python3.12/site-packages/airflow/example_dags/example_complex.py for tasks to queue
[2024-12-24T19:07:36.188+0000] {logging_mixin.py:190} INFO - [2024-12-24T19:07:36.188+0000] {dagbag.py:588} INFO - Filling up the DagBag from /home/airflow/.local/lib/python3.12/site-packages/airflow/example_dags/example_complex.py
[2024-12-24T19:07:36.201+0000] {processor.py:925} INFO - DAG(s) 'example_complex' retrieved from /home/airflow/.local/lib/python3.12/site-packages/airflow/example_dags/example_complex.py
[2024-12-24T19:07:36.235+0000] {logging_mixin.py:190} INFO - [2024-12-24T19:07:36.234+0000] {dag.py:3239} INFO - Sync 1 DAGs
[2024-12-24T19:07:36.251+0000] {logging_mixin.py:190} INFO - [2024-12-24T19:07:36.251+0000] {dag.py:4180} INFO - Setting next_dagrun for example_complex to None, run_after=None
[2024-12-24T19:07:36.277+0000] {processor.py:208} INFO - Processing /home/airflow/.local/lib/python3.12/site-packages/airflow/example_dags/example_complex.py took 0.101 seconds
[2024-12-24T19:08:06.912+0000] {processor.py:186} INFO - Started process (PID=2258) to work on /home/airflow/.local/lib/python3.12/site-packages/airflow/example_dags/example_complex.py
[2024-12-24T19:08:06.914+0000] {processor.py:914} INFO - Processing file /home/airflow/.local/lib/python3.12/site-packages/airflow/example_dags/example_complex.py for tasks to queue
[2024-12-24T19:08:06.917+0000] {logging_mixin.py:190} INFO - [2024-12-24T19:08:06.916+0000] {dagbag.py:588} INFO - Filling up the DagBag from /home/airflow/.local/lib/python3.12/site-packages/airflow/example_dags/example_complex.py
[2024-12-24T19:08:06.929+0000] {processor.py:925} INFO - DAG(s) 'example_complex' retrieved from /home/airflow/.local/lib/python3.12/site-packages/airflow/example_dags/example_complex.py
[2024-12-24T19:08:06.965+0000] {logging_mixin.py:190} INFO - [2024-12-24T19:08:06.964+0000] {dag.py:3239} INFO - Sync 1 DAGs
[2024-12-24T19:08:06.982+0000] {logging_mixin.py:190} INFO - [2024-12-24T19:08:06.981+0000] {dag.py:4180} INFO - Setting next_dagrun for example_complex to None, run_after=None
[2024-12-24T19:08:07.009+0000] {processor.py:208} INFO - Processing /home/airflow/.local/lib/python3.12/site-packages/airflow/example_dags/example_complex.py took 0.103 seconds
[2024-12-24T19:08:37.770+0000] {processor.py:186} INFO - Started process (PID=2321) to work on /home/airflow/.local/lib/python3.12/site-packages/airflow/example_dags/example_complex.py
[2024-12-24T19:08:37.773+0000] {processor.py:914} INFO - Processing file /home/airflow/.local/lib/python3.12/site-packages/airflow/example_dags/example_complex.py for tasks to queue
[2024-12-24T19:08:37.777+0000] {logging_mixin.py:190} INFO - [2024-12-24T19:08:37.776+0000] {dagbag.py:588} INFO - Filling up the DagBag from /home/airflow/.local/lib/python3.12/site-packages/airflow/example_dags/example_complex.py
[2024-12-24T19:08:37.790+0000] {processor.py:925} INFO - DAG(s) 'example_complex' retrieved from /home/airflow/.local/lib/python3.12/site-packages/airflow/example_dags/example_complex.py
[2024-12-24T19:08:37.823+0000] {logging_mixin.py:190} INFO - [2024-12-24T19:08:37.822+0000] {dag.py:3239} INFO - Sync 1 DAGs
[2024-12-24T19:08:37.840+0000] {logging_mixin.py:190} INFO - [2024-12-24T19:08:37.840+0000] {dag.py:4180} INFO - Setting next_dagrun for example_complex to None, run_after=None
[2024-12-24T19:08:37.868+0000] {processor.py:208} INFO - Processing /home/airflow/.local/lib/python3.12/site-packages/airflow/example_dags/example_complex.py took 0.104 seconds
