[2024-12-24T18:50:34.797+0000] {processor.py:186} INFO - Started process (PID=111) to work on /home/airflow/.local/lib/python3.12/site-packages/airflow/example_dags/example_dataset_alias_with_no_taskflow.py
[2024-12-24T18:50:34.799+0000] {processor.py:914} INFO - Processing file /home/airflow/.local/lib/python3.12/site-packages/airflow/example_dags/example_dataset_alias_with_no_taskflow.py for tasks to queue
[2024-12-24T18:50:34.804+0000] {logging_mixin.py:190} INFO - [2024-12-24T18:50:34.803+0000] {dagbag.py:588} INFO - Filling up the DagBag from /home/airflow/.local/lib/python3.12/site-packages/airflow/example_dags/example_dataset_alias_with_no_taskflow.py
[2024-12-24T18:50:35.681+0000] {processor.py:925} INFO - DAG(s) 'dataset_s3_bucket_consumer_with_no_taskflow', 'dataset_alias_example_alias_consumer_with_no_taskflow', 'dataset_s3_bucket_producer_with_no_taskflow', 'dataset_alias_example_alias_producer_with_no_taskflow' retrieved from /home/airflow/.local/lib/python3.12/site-packages/airflow/example_dags/example_dataset_alias_with_no_taskflow.py
[2024-12-24T18:50:35.716+0000] {logging_mixin.py:190} INFO - [2024-12-24T18:50:35.715+0000] {dag.py:3239} INFO - Sync 4 DAGs
[2024-12-24T18:50:35.741+0000] {logging_mixin.py:190} INFO - [2024-12-24T18:50:35.740+0000] {dag.py:4180} INFO - Setting next_dagrun for dataset_alias_example_alias_consumer_with_no_taskflow to None, run_after=None
[2024-12-24T18:50:35.748+0000] {logging_mixin.py:190} INFO - [2024-12-24T18:50:35.748+0000] {dag.py:4180} INFO - Setting next_dagrun for dataset_alias_example_alias_producer_with_no_taskflow to None, run_after=None
[2024-12-24T18:50:35.751+0000] {logging_mixin.py:190} INFO - [2024-12-24T18:50:35.751+0000] {dag.py:4180} INFO - Setting next_dagrun for dataset_s3_bucket_consumer_with_no_taskflow to None, run_after=None
[2024-12-24T18:50:35.754+0000] {logging_mixin.py:190} INFO - [2024-12-24T18:50:35.754+0000] {dag.py:4180} INFO - Setting next_dagrun for dataset_s3_bucket_producer_with_no_taskflow to None, run_after=None
[2024-12-24T18:50:35.835+0000] {processor.py:208} INFO - Processing /home/airflow/.local/lib/python3.12/site-packages/airflow/example_dags/example_dataset_alias_with_no_taskflow.py took 1.047 seconds
[2024-12-24T18:51:06.073+0000] {processor.py:186} INFO - Started process (PID=177) to work on /home/airflow/.local/lib/python3.12/site-packages/airflow/example_dags/example_dataset_alias_with_no_taskflow.py
[2024-12-24T18:51:06.075+0000] {processor.py:914} INFO - Processing file /home/airflow/.local/lib/python3.12/site-packages/airflow/example_dags/example_dataset_alias_with_no_taskflow.py for tasks to queue
[2024-12-24T18:51:06.078+0000] {logging_mixin.py:190} INFO - [2024-12-24T18:51:06.077+0000] {dagbag.py:588} INFO - Filling up the DagBag from /home/airflow/.local/lib/python3.12/site-packages/airflow/example_dags/example_dataset_alias_with_no_taskflow.py
[2024-12-24T18:51:06.711+0000] {processor.py:925} INFO - DAG(s) 'dataset_alias_example_alias_producer_with_no_taskflow', 'dataset_s3_bucket_producer_with_no_taskflow', 'dataset_alias_example_alias_consumer_with_no_taskflow', 'dataset_s3_bucket_consumer_with_no_taskflow' retrieved from /home/airflow/.local/lib/python3.12/site-packages/airflow/example_dags/example_dataset_alias_with_no_taskflow.py
[2024-12-24T18:51:06.742+0000] {logging_mixin.py:190} INFO - [2024-12-24T18:51:06.742+0000] {dag.py:3239} INFO - Sync 4 DAGs
[2024-12-24T18:51:06.768+0000] {logging_mixin.py:190} INFO - [2024-12-24T18:51:06.768+0000] {dag.py:4180} INFO - Setting next_dagrun for dataset_alias_example_alias_consumer_with_no_taskflow to None, run_after=None
[2024-12-24T18:51:06.774+0000] {logging_mixin.py:190} INFO - [2024-12-24T18:51:06.773+0000] {dag.py:4180} INFO - Setting next_dagrun for dataset_alias_example_alias_producer_with_no_taskflow to None, run_after=None
[2024-12-24T18:51:06.776+0000] {logging_mixin.py:190} INFO - [2024-12-24T18:51:06.776+0000] {dag.py:4180} INFO - Setting next_dagrun for dataset_s3_bucket_consumer_with_no_taskflow to None, run_after=None
[2024-12-24T18:51:06.779+0000] {logging_mixin.py:190} INFO - [2024-12-24T18:51:06.778+0000] {dag.py:4180} INFO - Setting next_dagrun for dataset_s3_bucket_producer_with_no_taskflow to None, run_after=None
[2024-12-24T18:51:06.812+0000] {processor.py:208} INFO - Processing /home/airflow/.local/lib/python3.12/site-packages/airflow/example_dags/example_dataset_alias_with_no_taskflow.py took 0.822 seconds
[2024-12-24T18:51:37.481+0000] {processor.py:186} INFO - Started process (PID=247) to work on /home/airflow/.local/lib/python3.12/site-packages/airflow/example_dags/example_dataset_alias_with_no_taskflow.py
[2024-12-24T18:51:37.483+0000] {processor.py:914} INFO - Processing file /home/airflow/.local/lib/python3.12/site-packages/airflow/example_dags/example_dataset_alias_with_no_taskflow.py for tasks to queue
[2024-12-24T18:51:37.486+0000] {logging_mixin.py:190} INFO - [2024-12-24T18:51:37.486+0000] {dagbag.py:588} INFO - Filling up the DagBag from /home/airflow/.local/lib/python3.12/site-packages/airflow/example_dags/example_dataset_alias_with_no_taskflow.py
[2024-12-24T18:51:38.212+0000] {processor.py:925} INFO - DAG(s) 'dataset_s3_bucket_consumer_with_no_taskflow', 'dataset_alias_example_alias_producer_with_no_taskflow', 'dataset_alias_example_alias_consumer_with_no_taskflow', 'dataset_s3_bucket_producer_with_no_taskflow' retrieved from /home/airflow/.local/lib/python3.12/site-packages/airflow/example_dags/example_dataset_alias_with_no_taskflow.py
[2024-12-24T18:51:38.239+0000] {logging_mixin.py:190} INFO - [2024-12-24T18:51:38.238+0000] {dag.py:3239} INFO - Sync 4 DAGs
[2024-12-24T18:51:38.267+0000] {logging_mixin.py:190} INFO - [2024-12-24T18:51:38.266+0000] {dag.py:4180} INFO - Setting next_dagrun for dataset_alias_example_alias_consumer_with_no_taskflow to None, run_after=None
[2024-12-24T18:51:38.270+0000] {logging_mixin.py:190} INFO - [2024-12-24T18:51:38.270+0000] {dag.py:4180} INFO - Setting next_dagrun for dataset_alias_example_alias_producer_with_no_taskflow to None, run_after=None
[2024-12-24T18:51:38.273+0000] {logging_mixin.py:190} INFO - [2024-12-24T18:51:38.272+0000] {dag.py:4180} INFO - Setting next_dagrun for dataset_s3_bucket_consumer_with_no_taskflow to None, run_after=None
[2024-12-24T18:51:38.276+0000] {logging_mixin.py:190} INFO - [2024-12-24T18:51:38.275+0000] {dag.py:4180} INFO - Setting next_dagrun for dataset_s3_bucket_producer_with_no_taskflow to None, run_after=None
[2024-12-24T18:51:38.425+0000] {processor.py:208} INFO - Processing /home/airflow/.local/lib/python3.12/site-packages/airflow/example_dags/example_dataset_alias_with_no_taskflow.py took 0.952 seconds
[2024-12-24T18:52:08.746+0000] {processor.py:186} INFO - Started process (PID=311) to work on /home/airflow/.local/lib/python3.12/site-packages/airflow/example_dags/example_dataset_alias_with_no_taskflow.py
[2024-12-24T18:52:08.747+0000] {processor.py:914} INFO - Processing file /home/airflow/.local/lib/python3.12/site-packages/airflow/example_dags/example_dataset_alias_with_no_taskflow.py for tasks to queue
[2024-12-24T18:52:08.750+0000] {logging_mixin.py:190} INFO - [2024-12-24T18:52:08.750+0000] {dagbag.py:588} INFO - Filling up the DagBag from /home/airflow/.local/lib/python3.12/site-packages/airflow/example_dags/example_dataset_alias_with_no_taskflow.py
[2024-12-24T18:52:09.458+0000] {processor.py:925} INFO - DAG(s) 'dataset_s3_bucket_consumer_with_no_taskflow', 'dataset_alias_example_alias_consumer_with_no_taskflow', 'dataset_s3_bucket_producer_with_no_taskflow', 'dataset_alias_example_alias_producer_with_no_taskflow' retrieved from /home/airflow/.local/lib/python3.12/site-packages/airflow/example_dags/example_dataset_alias_with_no_taskflow.py
[2024-12-24T18:52:09.496+0000] {logging_mixin.py:190} INFO - [2024-12-24T18:52:09.494+0000] {dag.py:3239} INFO - Sync 4 DAGs
[2024-12-24T18:52:09.529+0000] {logging_mixin.py:190} INFO - [2024-12-24T18:52:09.528+0000] {dag.py:4180} INFO - Setting next_dagrun for dataset_alias_example_alias_consumer_with_no_taskflow to None, run_after=None
[2024-12-24T18:52:09.536+0000] {logging_mixin.py:190} INFO - [2024-12-24T18:52:09.535+0000] {dag.py:4180} INFO - Setting next_dagrun for dataset_alias_example_alias_producer_with_no_taskflow to None, run_after=None
[2024-12-24T18:52:09.539+0000] {logging_mixin.py:190} INFO - [2024-12-24T18:52:09.538+0000] {dag.py:4180} INFO - Setting next_dagrun for dataset_s3_bucket_consumer_with_no_taskflow to None, run_after=None
[2024-12-24T18:52:09.541+0000] {logging_mixin.py:190} INFO - [2024-12-24T18:52:09.541+0000] {dag.py:4180} INFO - Setting next_dagrun for dataset_s3_bucket_producer_with_no_taskflow to None, run_after=None
[2024-12-24T18:52:09.582+0000] {processor.py:208} INFO - Processing /home/airflow/.local/lib/python3.12/site-packages/airflow/example_dags/example_dataset_alias_with_no_taskflow.py took 0.842 seconds
[2024-12-24T18:52:39.775+0000] {processor.py:186} INFO - Started process (PID=378) to work on /home/airflow/.local/lib/python3.12/site-packages/airflow/example_dags/example_dataset_alias_with_no_taskflow.py
[2024-12-24T18:52:39.776+0000] {processor.py:914} INFO - Processing file /home/airflow/.local/lib/python3.12/site-packages/airflow/example_dags/example_dataset_alias_with_no_taskflow.py for tasks to queue
[2024-12-24T18:52:39.779+0000] {logging_mixin.py:190} INFO - [2024-12-24T18:52:39.779+0000] {dagbag.py:588} INFO - Filling up the DagBag from /home/airflow/.local/lib/python3.12/site-packages/airflow/example_dags/example_dataset_alias_with_no_taskflow.py
[2024-12-24T18:52:40.448+0000] {processor.py:925} INFO - DAG(s) 'dataset_alias_example_alias_producer_with_no_taskflow', 'dataset_alias_example_alias_consumer_with_no_taskflow', 'dataset_s3_bucket_consumer_with_no_taskflow', 'dataset_s3_bucket_producer_with_no_taskflow' retrieved from /home/airflow/.local/lib/python3.12/site-packages/airflow/example_dags/example_dataset_alias_with_no_taskflow.py
[2024-12-24T18:52:40.483+0000] {logging_mixin.py:190} INFO - [2024-12-24T18:52:40.483+0000] {dag.py:3239} INFO - Sync 4 DAGs
[2024-12-24T18:52:40.518+0000] {logging_mixin.py:190} INFO - [2024-12-24T18:52:40.518+0000] {dag.py:4180} INFO - Setting next_dagrun for dataset_alias_example_alias_consumer_with_no_taskflow to None, run_after=None
[2024-12-24T18:52:40.524+0000] {logging_mixin.py:190} INFO - [2024-12-24T18:52:40.524+0000] {dag.py:4180} INFO - Setting next_dagrun for dataset_alias_example_alias_producer_with_no_taskflow to None, run_after=None
[2024-12-24T18:52:40.529+0000] {logging_mixin.py:190} INFO - [2024-12-24T18:52:40.529+0000] {dag.py:4180} INFO - Setting next_dagrun for dataset_s3_bucket_consumer_with_no_taskflow to None, run_after=None
[2024-12-24T18:52:40.532+0000] {logging_mixin.py:190} INFO - [2024-12-24T18:52:40.532+0000] {dag.py:4180} INFO - Setting next_dagrun for dataset_s3_bucket_producer_with_no_taskflow to None, run_after=None
[2024-12-24T18:52:40.560+0000] {processor.py:208} INFO - Processing /home/airflow/.local/lib/python3.12/site-packages/airflow/example_dags/example_dataset_alias_with_no_taskflow.py took 0.791 seconds
[2024-12-24T18:53:10.735+0000] {processor.py:186} INFO - Started process (PID=441) to work on /home/airflow/.local/lib/python3.12/site-packages/airflow/example_dags/example_dataset_alias_with_no_taskflow.py
[2024-12-24T18:53:10.737+0000] {processor.py:914} INFO - Processing file /home/airflow/.local/lib/python3.12/site-packages/airflow/example_dags/example_dataset_alias_with_no_taskflow.py for tasks to queue
[2024-12-24T18:53:10.740+0000] {logging_mixin.py:190} INFO - [2024-12-24T18:53:10.739+0000] {dagbag.py:588} INFO - Filling up the DagBag from /home/airflow/.local/lib/python3.12/site-packages/airflow/example_dags/example_dataset_alias_with_no_taskflow.py
[2024-12-24T18:53:11.392+0000] {processor.py:925} INFO - DAG(s) 'dataset_alias_example_alias_producer_with_no_taskflow', 'dataset_alias_example_alias_consumer_with_no_taskflow', 'dataset_s3_bucket_consumer_with_no_taskflow', 'dataset_s3_bucket_producer_with_no_taskflow' retrieved from /home/airflow/.local/lib/python3.12/site-packages/airflow/example_dags/example_dataset_alias_with_no_taskflow.py
[2024-12-24T18:53:11.421+0000] {logging_mixin.py:190} INFO - [2024-12-24T18:53:11.420+0000] {dag.py:3239} INFO - Sync 4 DAGs
[2024-12-24T18:53:11.447+0000] {logging_mixin.py:190} INFO - [2024-12-24T18:53:11.446+0000] {dag.py:4180} INFO - Setting next_dagrun for dataset_alias_example_alias_consumer_with_no_taskflow to None, run_after=None
[2024-12-24T18:53:11.451+0000] {logging_mixin.py:190} INFO - [2024-12-24T18:53:11.451+0000] {dag.py:4180} INFO - Setting next_dagrun for dataset_alias_example_alias_producer_with_no_taskflow to None, run_after=None
[2024-12-24T18:53:11.453+0000] {logging_mixin.py:190} INFO - [2024-12-24T18:53:11.453+0000] {dag.py:4180} INFO - Setting next_dagrun for dataset_s3_bucket_consumer_with_no_taskflow to None, run_after=None
[2024-12-24T18:53:11.456+0000] {logging_mixin.py:190} INFO - [2024-12-24T18:53:11.456+0000] {dag.py:4180} INFO - Setting next_dagrun for dataset_s3_bucket_producer_with_no_taskflow to None, run_after=None
[2024-12-24T18:53:11.486+0000] {processor.py:208} INFO - Processing /home/airflow/.local/lib/python3.12/site-packages/airflow/example_dags/example_dataset_alias_with_no_taskflow.py took 0.757 seconds
[2024-12-24T18:53:42.826+0000] {processor.py:186} INFO - Started process (PID=490) to work on /home/airflow/.local/lib/python3.12/site-packages/airflow/example_dags/example_dataset_alias_with_no_taskflow.py
[2024-12-24T18:53:42.827+0000] {processor.py:914} INFO - Processing file /home/airflow/.local/lib/python3.12/site-packages/airflow/example_dags/example_dataset_alias_with_no_taskflow.py for tasks to queue
[2024-12-24T18:53:42.830+0000] {logging_mixin.py:190} INFO - [2024-12-24T18:53:42.829+0000] {dagbag.py:588} INFO - Filling up the DagBag from /home/airflow/.local/lib/python3.12/site-packages/airflow/example_dags/example_dataset_alias_with_no_taskflow.py
[2024-12-24T18:53:43.581+0000] {processor.py:925} INFO - DAG(s) 'dataset_alias_example_alias_producer_with_no_taskflow', 'dataset_s3_bucket_producer_with_no_taskflow', 'dataset_alias_example_alias_consumer_with_no_taskflow', 'dataset_s3_bucket_consumer_with_no_taskflow' retrieved from /home/airflow/.local/lib/python3.12/site-packages/airflow/example_dags/example_dataset_alias_with_no_taskflow.py
[2024-12-24T18:53:43.609+0000] {logging_mixin.py:190} INFO - [2024-12-24T18:53:43.608+0000] {dag.py:3239} INFO - Sync 4 DAGs
[2024-12-24T18:53:43.634+0000] {logging_mixin.py:190} INFO - [2024-12-24T18:53:43.634+0000] {dag.py:4180} INFO - Setting next_dagrun for dataset_alias_example_alias_consumer_with_no_taskflow to None, run_after=None
[2024-12-24T18:53:43.638+0000] {logging_mixin.py:190} INFO - [2024-12-24T18:53:43.638+0000] {dag.py:4180} INFO - Setting next_dagrun for dataset_alias_example_alias_producer_with_no_taskflow to None, run_after=None
[2024-12-24T18:53:43.643+0000] {logging_mixin.py:190} INFO - [2024-12-24T18:53:43.643+0000] {dag.py:4180} INFO - Setting next_dagrun for dataset_s3_bucket_consumer_with_no_taskflow to None, run_after=None
[2024-12-24T18:53:43.646+0000] {logging_mixin.py:190} INFO - [2024-12-24T18:53:43.645+0000] {dag.py:4180} INFO - Setting next_dagrun for dataset_s3_bucket_producer_with_no_taskflow to None, run_after=None
[2024-12-24T18:53:43.677+0000] {processor.py:208} INFO - Processing /home/airflow/.local/lib/python3.12/site-packages/airflow/example_dags/example_dataset_alias_with_no_taskflow.py took 0.857 seconds
[2024-12-24T18:54:14.416+0000] {processor.py:186} INFO - Started process (PID=555) to work on /home/airflow/.local/lib/python3.12/site-packages/airflow/example_dags/example_dataset_alias_with_no_taskflow.py
[2024-12-24T18:54:14.418+0000] {processor.py:914} INFO - Processing file /home/airflow/.local/lib/python3.12/site-packages/airflow/example_dags/example_dataset_alias_with_no_taskflow.py for tasks to queue
[2024-12-24T18:54:14.421+0000] {logging_mixin.py:190} INFO - [2024-12-24T18:54:14.420+0000] {dagbag.py:588} INFO - Filling up the DagBag from /home/airflow/.local/lib/python3.12/site-packages/airflow/example_dags/example_dataset_alias_with_no_taskflow.py
[2024-12-24T18:54:15.065+0000] {processor.py:925} INFO - DAG(s) 'dataset_alias_example_alias_producer_with_no_taskflow', 'dataset_s3_bucket_consumer_with_no_taskflow', 'dataset_alias_example_alias_consumer_with_no_taskflow', 'dataset_s3_bucket_producer_with_no_taskflow' retrieved from /home/airflow/.local/lib/python3.12/site-packages/airflow/example_dags/example_dataset_alias_with_no_taskflow.py
[2024-12-24T18:54:15.092+0000] {logging_mixin.py:190} INFO - [2024-12-24T18:54:15.091+0000] {dag.py:3239} INFO - Sync 4 DAGs
[2024-12-24T18:54:15.116+0000] {logging_mixin.py:190} INFO - [2024-12-24T18:54:15.116+0000] {dag.py:4180} INFO - Setting next_dagrun for dataset_alias_example_alias_consumer_with_no_taskflow to None, run_after=None
[2024-12-24T18:54:15.120+0000] {logging_mixin.py:190} INFO - [2024-12-24T18:54:15.120+0000] {dag.py:4180} INFO - Setting next_dagrun for dataset_alias_example_alias_producer_with_no_taskflow to None, run_after=None
[2024-12-24T18:54:15.122+0000] {logging_mixin.py:190} INFO - [2024-12-24T18:54:15.122+0000] {dag.py:4180} INFO - Setting next_dagrun for dataset_s3_bucket_consumer_with_no_taskflow to None, run_after=None
[2024-12-24T18:54:15.125+0000] {logging_mixin.py:190} INFO - [2024-12-24T18:54:15.124+0000] {dag.py:4180} INFO - Setting next_dagrun for dataset_s3_bucket_producer_with_no_taskflow to None, run_after=None
[2024-12-24T18:54:15.152+0000] {processor.py:208} INFO - Processing /home/airflow/.local/lib/python3.12/site-packages/airflow/example_dags/example_dataset_alias_with_no_taskflow.py took 0.743 seconds
[2024-12-24T18:54:46.179+0000] {processor.py:186} INFO - Started process (PID=619) to work on /home/airflow/.local/lib/python3.12/site-packages/airflow/example_dags/example_dataset_alias_with_no_taskflow.py
[2024-12-24T18:54:46.181+0000] {processor.py:914} INFO - Processing file /home/airflow/.local/lib/python3.12/site-packages/airflow/example_dags/example_dataset_alias_with_no_taskflow.py for tasks to queue
[2024-12-24T18:54:46.186+0000] {logging_mixin.py:190} INFO - [2024-12-24T18:54:46.185+0000] {dagbag.py:588} INFO - Filling up the DagBag from /home/airflow/.local/lib/python3.12/site-packages/airflow/example_dags/example_dataset_alias_with_no_taskflow.py
[2024-12-24T18:54:47.015+0000] {processor.py:925} INFO - DAG(s) 'dataset_s3_bucket_producer_with_no_taskflow', 'dataset_s3_bucket_consumer_with_no_taskflow', 'dataset_alias_example_alias_consumer_with_no_taskflow', 'dataset_alias_example_alias_producer_with_no_taskflow' retrieved from /home/airflow/.local/lib/python3.12/site-packages/airflow/example_dags/example_dataset_alias_with_no_taskflow.py
[2024-12-24T18:54:47.051+0000] {logging_mixin.py:190} INFO - [2024-12-24T18:54:47.050+0000] {dag.py:3239} INFO - Sync 4 DAGs
[2024-12-24T18:54:47.082+0000] {logging_mixin.py:190} INFO - [2024-12-24T18:54:47.082+0000] {dag.py:4180} INFO - Setting next_dagrun for dataset_alias_example_alias_consumer_with_no_taskflow to None, run_after=None
[2024-12-24T18:54:47.087+0000] {logging_mixin.py:190} INFO - [2024-12-24T18:54:47.087+0000] {dag.py:4180} INFO - Setting next_dagrun for dataset_alias_example_alias_producer_with_no_taskflow to None, run_after=None
[2024-12-24T18:54:47.089+0000] {logging_mixin.py:190} INFO - [2024-12-24T18:54:47.089+0000] {dag.py:4180} INFO - Setting next_dagrun for dataset_s3_bucket_consumer_with_no_taskflow to None, run_after=None
[2024-12-24T18:54:47.093+0000] {logging_mixin.py:190} INFO - [2024-12-24T18:54:47.092+0000] {dag.py:4180} INFO - Setting next_dagrun for dataset_s3_bucket_producer_with_no_taskflow to None, run_after=None
[2024-12-24T18:54:47.127+0000] {processor.py:208} INFO - Processing /home/airflow/.local/lib/python3.12/site-packages/airflow/example_dags/example_dataset_alias_with_no_taskflow.py took 0.956 seconds
[2024-12-24T18:55:17.861+0000] {processor.py:186} INFO - Started process (PID=687) to work on /home/airflow/.local/lib/python3.12/site-packages/airflow/example_dags/example_dataset_alias_with_no_taskflow.py
[2024-12-24T18:55:17.863+0000] {processor.py:914} INFO - Processing file /home/airflow/.local/lib/python3.12/site-packages/airflow/example_dags/example_dataset_alias_with_no_taskflow.py for tasks to queue
[2024-12-24T18:55:17.867+0000] {logging_mixin.py:190} INFO - [2024-12-24T18:55:17.866+0000] {dagbag.py:588} INFO - Filling up the DagBag from /home/airflow/.local/lib/python3.12/site-packages/airflow/example_dags/example_dataset_alias_with_no_taskflow.py
[2024-12-24T18:55:18.739+0000] {processor.py:925} INFO - DAG(s) 'dataset_alias_example_alias_producer_with_no_taskflow', 'dataset_s3_bucket_producer_with_no_taskflow', 'dataset_alias_example_alias_consumer_with_no_taskflow', 'dataset_s3_bucket_consumer_with_no_taskflow' retrieved from /home/airflow/.local/lib/python3.12/site-packages/airflow/example_dags/example_dataset_alias_with_no_taskflow.py
[2024-12-24T18:55:18.773+0000] {logging_mixin.py:190} INFO - [2024-12-24T18:55:18.772+0000] {dag.py:3239} INFO - Sync 4 DAGs
[2024-12-24T18:55:18.801+0000] {logging_mixin.py:190} INFO - [2024-12-24T18:55:18.801+0000] {dag.py:4180} INFO - Setting next_dagrun for dataset_alias_example_alias_consumer_with_no_taskflow to None, run_after=None
[2024-12-24T18:55:18.806+0000] {logging_mixin.py:190} INFO - [2024-12-24T18:55:18.806+0000] {dag.py:4180} INFO - Setting next_dagrun for dataset_alias_example_alias_producer_with_no_taskflow to None, run_after=None
[2024-12-24T18:55:18.809+0000] {logging_mixin.py:190} INFO - [2024-12-24T18:55:18.809+0000] {dag.py:4180} INFO - Setting next_dagrun for dataset_s3_bucket_consumer_with_no_taskflow to None, run_after=None
[2024-12-24T18:55:18.812+0000] {logging_mixin.py:190} INFO - [2024-12-24T18:55:18.812+0000] {dag.py:4180} INFO - Setting next_dagrun for dataset_s3_bucket_producer_with_no_taskflow to None, run_after=None
[2024-12-24T18:55:18.853+0000] {processor.py:208} INFO - Processing /home/airflow/.local/lib/python3.12/site-packages/airflow/example_dags/example_dataset_alias_with_no_taskflow.py took 1.002 seconds
[2024-12-24T18:55:49.550+0000] {processor.py:186} INFO - Started process (PID=753) to work on /home/airflow/.local/lib/python3.12/site-packages/airflow/example_dags/example_dataset_alias_with_no_taskflow.py
[2024-12-24T18:55:49.552+0000] {processor.py:914} INFO - Processing file /home/airflow/.local/lib/python3.12/site-packages/airflow/example_dags/example_dataset_alias_with_no_taskflow.py for tasks to queue
[2024-12-24T18:55:49.556+0000] {logging_mixin.py:190} INFO - [2024-12-24T18:55:49.555+0000] {dagbag.py:588} INFO - Filling up the DagBag from /home/airflow/.local/lib/python3.12/site-packages/airflow/example_dags/example_dataset_alias_with_no_taskflow.py
[2024-12-24T18:55:50.233+0000] {processor.py:925} INFO - DAG(s) 'dataset_s3_bucket_consumer_with_no_taskflow', 'dataset_s3_bucket_producer_with_no_taskflow', 'dataset_alias_example_alias_consumer_with_no_taskflow', 'dataset_alias_example_alias_producer_with_no_taskflow' retrieved from /home/airflow/.local/lib/python3.12/site-packages/airflow/example_dags/example_dataset_alias_with_no_taskflow.py
[2024-12-24T18:55:50.264+0000] {logging_mixin.py:190} INFO - [2024-12-24T18:55:50.263+0000] {dag.py:3239} INFO - Sync 4 DAGs
[2024-12-24T18:55:50.295+0000] {logging_mixin.py:190} INFO - [2024-12-24T18:55:50.294+0000] {dag.py:4180} INFO - Setting next_dagrun for dataset_alias_example_alias_consumer_with_no_taskflow to None, run_after=None
[2024-12-24T18:55:50.299+0000] {logging_mixin.py:190} INFO - [2024-12-24T18:55:50.299+0000] {dag.py:4180} INFO - Setting next_dagrun for dataset_alias_example_alias_producer_with_no_taskflow to None, run_after=None
[2024-12-24T18:55:50.302+0000] {logging_mixin.py:190} INFO - [2024-12-24T18:55:50.302+0000] {dag.py:4180} INFO - Setting next_dagrun for dataset_s3_bucket_consumer_with_no_taskflow to None, run_after=None
[2024-12-24T18:55:50.305+0000] {logging_mixin.py:190} INFO - [2024-12-24T18:55:50.305+0000] {dag.py:4180} INFO - Setting next_dagrun for dataset_s3_bucket_producer_with_no_taskflow to None, run_after=None
[2024-12-24T18:55:50.341+0000] {processor.py:208} INFO - Processing /home/airflow/.local/lib/python3.12/site-packages/airflow/example_dags/example_dataset_alias_with_no_taskflow.py took 0.798 seconds
[2024-12-24T18:56:20.510+0000] {processor.py:186} INFO - Started process (PID=813) to work on /home/airflow/.local/lib/python3.12/site-packages/airflow/example_dags/example_dataset_alias_with_no_taskflow.py
[2024-12-24T18:56:20.512+0000] {processor.py:914} INFO - Processing file /home/airflow/.local/lib/python3.12/site-packages/airflow/example_dags/example_dataset_alias_with_no_taskflow.py for tasks to queue
[2024-12-24T18:56:20.515+0000] {logging_mixin.py:190} INFO - [2024-12-24T18:56:20.515+0000] {dagbag.py:588} INFO - Filling up the DagBag from /home/airflow/.local/lib/python3.12/site-packages/airflow/example_dags/example_dataset_alias_with_no_taskflow.py
[2024-12-24T18:56:21.299+0000] {processor.py:925} INFO - DAG(s) 'dataset_alias_example_alias_consumer_with_no_taskflow', 'dataset_alias_example_alias_producer_with_no_taskflow', 'dataset_s3_bucket_producer_with_no_taskflow', 'dataset_s3_bucket_consumer_with_no_taskflow' retrieved from /home/airflow/.local/lib/python3.12/site-packages/airflow/example_dags/example_dataset_alias_with_no_taskflow.py
[2024-12-24T18:56:21.333+0000] {logging_mixin.py:190} INFO - [2024-12-24T18:56:21.332+0000] {dag.py:3239} INFO - Sync 4 DAGs
[2024-12-24T18:56:21.365+0000] {logging_mixin.py:190} INFO - [2024-12-24T18:56:21.365+0000] {dag.py:4180} INFO - Setting next_dagrun for dataset_alias_example_alias_consumer_with_no_taskflow to None, run_after=None
[2024-12-24T18:56:21.371+0000] {logging_mixin.py:190} INFO - [2024-12-24T18:56:21.370+0000] {dag.py:4180} INFO - Setting next_dagrun for dataset_alias_example_alias_producer_with_no_taskflow to None, run_after=None
[2024-12-24T18:56:21.374+0000] {logging_mixin.py:190} INFO - [2024-12-24T18:56:21.374+0000] {dag.py:4180} INFO - Setting next_dagrun for dataset_s3_bucket_consumer_with_no_taskflow to None, run_after=None
[2024-12-24T18:56:21.377+0000] {logging_mixin.py:190} INFO - [2024-12-24T18:56:21.376+0000] {dag.py:4180} INFO - Setting next_dagrun for dataset_s3_bucket_producer_with_no_taskflow to None, run_after=None
[2024-12-24T18:56:21.415+0000] {processor.py:208} INFO - Processing /home/airflow/.local/lib/python3.12/site-packages/airflow/example_dags/example_dataset_alias_with_no_taskflow.py took 0.912 seconds
[2024-12-24T18:56:51.673+0000] {processor.py:186} INFO - Started process (PID=879) to work on /home/airflow/.local/lib/python3.12/site-packages/airflow/example_dags/example_dataset_alias_with_no_taskflow.py
[2024-12-24T18:56:51.675+0000] {processor.py:914} INFO - Processing file /home/airflow/.local/lib/python3.12/site-packages/airflow/example_dags/example_dataset_alias_with_no_taskflow.py for tasks to queue
[2024-12-24T18:56:51.677+0000] {logging_mixin.py:190} INFO - [2024-12-24T18:56:51.677+0000] {dagbag.py:588} INFO - Filling up the DagBag from /home/airflow/.local/lib/python3.12/site-packages/airflow/example_dags/example_dataset_alias_with_no_taskflow.py
[2024-12-24T18:56:52.632+0000] {processor.py:925} INFO - DAG(s) 'dataset_alias_example_alias_consumer_with_no_taskflow', 'dataset_alias_example_alias_producer_with_no_taskflow', 'dataset_s3_bucket_producer_with_no_taskflow', 'dataset_s3_bucket_consumer_with_no_taskflow' retrieved from /home/airflow/.local/lib/python3.12/site-packages/airflow/example_dags/example_dataset_alias_with_no_taskflow.py
[2024-12-24T18:56:52.671+0000] {logging_mixin.py:190} INFO - [2024-12-24T18:56:52.670+0000] {dag.py:3239} INFO - Sync 4 DAGs
[2024-12-24T18:56:52.703+0000] {logging_mixin.py:190} INFO - [2024-12-24T18:56:52.703+0000] {dag.py:4180} INFO - Setting next_dagrun for dataset_alias_example_alias_consumer_with_no_taskflow to None, run_after=None
[2024-12-24T18:56:52.708+0000] {logging_mixin.py:190} INFO - [2024-12-24T18:56:52.708+0000] {dag.py:4180} INFO - Setting next_dagrun for dataset_alias_example_alias_producer_with_no_taskflow to None, run_after=None
[2024-12-24T18:56:52.711+0000] {logging_mixin.py:190} INFO - [2024-12-24T18:56:52.711+0000] {dag.py:4180} INFO - Setting next_dagrun for dataset_s3_bucket_consumer_with_no_taskflow to None, run_after=None
[2024-12-24T18:56:52.714+0000] {logging_mixin.py:190} INFO - [2024-12-24T18:56:52.714+0000] {dag.py:4180} INFO - Setting next_dagrun for dataset_s3_bucket_producer_with_no_taskflow to None, run_after=None
[2024-12-24T18:56:52.756+0000] {processor.py:208} INFO - Processing /home/airflow/.local/lib/python3.12/site-packages/airflow/example_dags/example_dataset_alias_with_no_taskflow.py took 1.089 seconds
[2024-12-24T18:57:22.599+0000] {processor.py:186} INFO - Started process (PID=942) to work on /home/airflow/.local/lib/python3.12/site-packages/airflow/example_dags/example_dataset_alias_with_no_taskflow.py
[2024-12-24T18:57:22.600+0000] {processor.py:914} INFO - Processing file /home/airflow/.local/lib/python3.12/site-packages/airflow/example_dags/example_dataset_alias_with_no_taskflow.py for tasks to queue
[2024-12-24T18:57:22.603+0000] {logging_mixin.py:190} INFO - [2024-12-24T18:57:22.603+0000] {dagbag.py:588} INFO - Filling up the DagBag from /home/airflow/.local/lib/python3.12/site-packages/airflow/example_dags/example_dataset_alias_with_no_taskflow.py
[2024-12-24T18:57:22.346+0000] {processor.py:925} INFO - DAG(s) 'dataset_s3_bucket_consumer_with_no_taskflow', 'dataset_alias_example_alias_consumer_with_no_taskflow', 'dataset_s3_bucket_producer_with_no_taskflow', 'dataset_alias_example_alias_producer_with_no_taskflow' retrieved from /home/airflow/.local/lib/python3.12/site-packages/airflow/example_dags/example_dataset_alias_with_no_taskflow.py
[2024-12-24T18:57:22.393+0000] {logging_mixin.py:190} INFO - [2024-12-24T18:57:22.392+0000] {dag.py:3239} INFO - Sync 4 DAGs
[2024-12-24T18:57:22.423+0000] {logging_mixin.py:190} INFO - [2024-12-24T18:57:22.423+0000] {dag.py:4180} INFO - Setting next_dagrun for dataset_alias_example_alias_consumer_with_no_taskflow to None, run_after=None
[2024-12-24T18:57:22.428+0000] {logging_mixin.py:190} INFO - [2024-12-24T18:57:22.427+0000] {dag.py:4180} INFO - Setting next_dagrun for dataset_alias_example_alias_producer_with_no_taskflow to None, run_after=None
[2024-12-24T18:57:22.430+0000] {logging_mixin.py:190} INFO - [2024-12-24T18:57:22.430+0000] {dag.py:4180} INFO - Setting next_dagrun for dataset_s3_bucket_consumer_with_no_taskflow to None, run_after=None
[2024-12-24T18:57:22.433+0000] {logging_mixin.py:190} INFO - [2024-12-24T18:57:22.432+0000] {dag.py:4180} INFO - Setting next_dagrun for dataset_s3_bucket_producer_with_no_taskflow to None, run_after=None
[2024-12-24T18:57:22.466+0000] {processor.py:208} INFO - Processing /home/airflow/.local/lib/python3.12/site-packages/airflow/example_dags/example_dataset_alias_with_no_taskflow.py took 0.815 seconds
[2024-12-24T18:57:52.883+0000] {processor.py:186} INFO - Started process (PID=1005) to work on /home/airflow/.local/lib/python3.12/site-packages/airflow/example_dags/example_dataset_alias_with_no_taskflow.py
[2024-12-24T18:57:52.884+0000] {processor.py:914} INFO - Processing file /home/airflow/.local/lib/python3.12/site-packages/airflow/example_dags/example_dataset_alias_with_no_taskflow.py for tasks to queue
[2024-12-24T18:57:52.887+0000] {logging_mixin.py:190} INFO - [2024-12-24T18:57:52.887+0000] {dagbag.py:588} INFO - Filling up the DagBag from /home/airflow/.local/lib/python3.12/site-packages/airflow/example_dags/example_dataset_alias_with_no_taskflow.py
[2024-12-24T18:57:53.512+0000] {processor.py:925} INFO - DAG(s) 'dataset_s3_bucket_consumer_with_no_taskflow', 'dataset_s3_bucket_producer_with_no_taskflow', 'dataset_alias_example_alias_producer_with_no_taskflow', 'dataset_alias_example_alias_consumer_with_no_taskflow' retrieved from /home/airflow/.local/lib/python3.12/site-packages/airflow/example_dags/example_dataset_alias_with_no_taskflow.py
[2024-12-24T18:57:53.540+0000] {logging_mixin.py:190} INFO - [2024-12-24T18:57:53.540+0000] {dag.py:3239} INFO - Sync 4 DAGs
[2024-12-24T18:57:53.565+0000] {logging_mixin.py:190} INFO - [2024-12-24T18:57:53.565+0000] {dag.py:4180} INFO - Setting next_dagrun for dataset_alias_example_alias_consumer_with_no_taskflow to None, run_after=None
[2024-12-24T18:57:53.569+0000] {logging_mixin.py:190} INFO - [2024-12-24T18:57:53.569+0000] {dag.py:4180} INFO - Setting next_dagrun for dataset_alias_example_alias_producer_with_no_taskflow to None, run_after=None
[2024-12-24T18:57:53.572+0000] {logging_mixin.py:190} INFO - [2024-12-24T18:57:53.571+0000] {dag.py:4180} INFO - Setting next_dagrun for dataset_s3_bucket_consumer_with_no_taskflow to None, run_after=None
[2024-12-24T18:57:53.574+0000] {logging_mixin.py:190} INFO - [2024-12-24T18:57:53.574+0000] {dag.py:4180} INFO - Setting next_dagrun for dataset_s3_bucket_producer_with_no_taskflow to None, run_after=None
[2024-12-24T18:57:53.601+0000] {processor.py:208} INFO - Processing /home/airflow/.local/lib/python3.12/site-packages/airflow/example_dags/example_dataset_alias_with_no_taskflow.py took 0.724 seconds
[2024-12-24T18:58:23.969+0000] {processor.py:186} INFO - Started process (PID=1068) to work on /home/airflow/.local/lib/python3.12/site-packages/airflow/example_dags/example_dataset_alias_with_no_taskflow.py
[2024-12-24T18:58:23.971+0000] {processor.py:914} INFO - Processing file /home/airflow/.local/lib/python3.12/site-packages/airflow/example_dags/example_dataset_alias_with_no_taskflow.py for tasks to queue
[2024-12-24T18:58:23.973+0000] {logging_mixin.py:190} INFO - [2024-12-24T18:58:23.973+0000] {dagbag.py:588} INFO - Filling up the DagBag from /home/airflow/.local/lib/python3.12/site-packages/airflow/example_dags/example_dataset_alias_with_no_taskflow.py
[2024-12-24T18:58:24.605+0000] {processor.py:925} INFO - DAG(s) 'dataset_s3_bucket_producer_with_no_taskflow', 'dataset_s3_bucket_consumer_with_no_taskflow', 'dataset_alias_example_alias_producer_with_no_taskflow', 'dataset_alias_example_alias_consumer_with_no_taskflow' retrieved from /home/airflow/.local/lib/python3.12/site-packages/airflow/example_dags/example_dataset_alias_with_no_taskflow.py
[2024-12-24T18:58:24.634+0000] {logging_mixin.py:190} INFO - [2024-12-24T18:58:24.633+0000] {dag.py:3239} INFO - Sync 4 DAGs
[2024-12-24T18:58:24.658+0000] {logging_mixin.py:190} INFO - [2024-12-24T18:58:24.658+0000] {dag.py:4180} INFO - Setting next_dagrun for dataset_alias_example_alias_consumer_with_no_taskflow to None, run_after=None
[2024-12-24T18:58:24.662+0000] {logging_mixin.py:190} INFO - [2024-12-24T18:58:24.662+0000] {dag.py:4180} INFO - Setting next_dagrun for dataset_alias_example_alias_producer_with_no_taskflow to None, run_after=None
[2024-12-24T18:58:24.665+0000] {logging_mixin.py:190} INFO - [2024-12-24T18:58:24.664+0000] {dag.py:4180} INFO - Setting next_dagrun for dataset_s3_bucket_consumer_with_no_taskflow to None, run_after=None
[2024-12-24T18:58:24.667+0000] {logging_mixin.py:190} INFO - [2024-12-24T18:58:24.667+0000] {dag.py:4180} INFO - Setting next_dagrun for dataset_s3_bucket_producer_with_no_taskflow to None, run_after=None
[2024-12-24T18:58:24.700+0000] {processor.py:208} INFO - Processing /home/airflow/.local/lib/python3.12/site-packages/airflow/example_dags/example_dataset_alias_with_no_taskflow.py took 0.737 seconds
[2024-12-24T18:58:56.534+0000] {processor.py:186} INFO - Started process (PID=1131) to work on /home/airflow/.local/lib/python3.12/site-packages/airflow/example_dags/example_dataset_alias_with_no_taskflow.py
[2024-12-24T18:58:56.535+0000] {processor.py:914} INFO - Processing file /home/airflow/.local/lib/python3.12/site-packages/airflow/example_dags/example_dataset_alias_with_no_taskflow.py for tasks to queue
[2024-12-24T18:58:56.538+0000] {logging_mixin.py:190} INFO - [2024-12-24T18:58:56.538+0000] {dagbag.py:588} INFO - Filling up the DagBag from /home/airflow/.local/lib/python3.12/site-packages/airflow/example_dags/example_dataset_alias_with_no_taskflow.py
[2024-12-24T18:58:57.243+0000] {processor.py:925} INFO - DAG(s) 'dataset_s3_bucket_consumer_with_no_taskflow', 'dataset_alias_example_alias_consumer_with_no_taskflow', 'dataset_s3_bucket_producer_with_no_taskflow', 'dataset_alias_example_alias_producer_with_no_taskflow' retrieved from /home/airflow/.local/lib/python3.12/site-packages/airflow/example_dags/example_dataset_alias_with_no_taskflow.py
[2024-12-24T18:58:57.271+0000] {logging_mixin.py:190} INFO - [2024-12-24T18:58:57.270+0000] {dag.py:3239} INFO - Sync 4 DAGs
[2024-12-24T18:58:57.301+0000] {logging_mixin.py:190} INFO - [2024-12-24T18:58:57.301+0000] {dag.py:4180} INFO - Setting next_dagrun for dataset_alias_example_alias_consumer_with_no_taskflow to None, run_after=None
[2024-12-24T18:58:57.305+0000] {logging_mixin.py:190} INFO - [2024-12-24T18:58:57.305+0000] {dag.py:4180} INFO - Setting next_dagrun for dataset_alias_example_alias_producer_with_no_taskflow to None, run_after=None
[2024-12-24T18:58:57.308+0000] {logging_mixin.py:190} INFO - [2024-12-24T18:58:57.307+0000] {dag.py:4180} INFO - Setting next_dagrun for dataset_s3_bucket_consumer_with_no_taskflow to None, run_after=None
[2024-12-24T18:58:57.310+0000] {logging_mixin.py:190} INFO - [2024-12-24T18:58:57.309+0000] {dag.py:4180} INFO - Setting next_dagrun for dataset_s3_bucket_producer_with_no_taskflow to None, run_after=None
[2024-12-24T18:58:57.342+0000] {processor.py:208} INFO - Processing /home/airflow/.local/lib/python3.12/site-packages/airflow/example_dags/example_dataset_alias_with_no_taskflow.py took 0.816 seconds
[2024-12-24T18:59:27.713+0000] {processor.py:186} INFO - Started process (PID=1199) to work on /home/airflow/.local/lib/python3.12/site-packages/airflow/example_dags/example_dataset_alias_with_no_taskflow.py
[2024-12-24T18:59:27.714+0000] {processor.py:914} INFO - Processing file /home/airflow/.local/lib/python3.12/site-packages/airflow/example_dags/example_dataset_alias_with_no_taskflow.py for tasks to queue
[2024-12-24T18:59:27.717+0000] {logging_mixin.py:190} INFO - [2024-12-24T18:59:27.716+0000] {dagbag.py:588} INFO - Filling up the DagBag from /home/airflow/.local/lib/python3.12/site-packages/airflow/example_dags/example_dataset_alias_with_no_taskflow.py
[2024-12-24T18:59:28.352+0000] {processor.py:925} INFO - DAG(s) 'dataset_alias_example_alias_producer_with_no_taskflow', 'dataset_s3_bucket_producer_with_no_taskflow', 'dataset_s3_bucket_consumer_with_no_taskflow', 'dataset_alias_example_alias_consumer_with_no_taskflow' retrieved from /home/airflow/.local/lib/python3.12/site-packages/airflow/example_dags/example_dataset_alias_with_no_taskflow.py
[2024-12-24T18:59:28.382+0000] {logging_mixin.py:190} INFO - [2024-12-24T18:59:28.381+0000] {dag.py:3239} INFO - Sync 4 DAGs
[2024-12-24T18:59:28.410+0000] {logging_mixin.py:190} INFO - [2024-12-24T18:59:28.409+0000] {dag.py:4180} INFO - Setting next_dagrun for dataset_alias_example_alias_consumer_with_no_taskflow to None, run_after=None
[2024-12-24T18:59:28.413+0000] {logging_mixin.py:190} INFO - [2024-12-24T18:59:28.413+0000] {dag.py:4180} INFO - Setting next_dagrun for dataset_alias_example_alias_producer_with_no_taskflow to None, run_after=None
[2024-12-24T18:59:28.416+0000] {logging_mixin.py:190} INFO - [2024-12-24T18:59:28.416+0000] {dag.py:4180} INFO - Setting next_dagrun for dataset_s3_bucket_consumer_with_no_taskflow to None, run_after=None
[2024-12-24T18:59:28.418+0000] {logging_mixin.py:190} INFO - [2024-12-24T18:59:28.418+0000] {dag.py:4180} INFO - Setting next_dagrun for dataset_s3_bucket_producer_with_no_taskflow to None, run_after=None
[2024-12-24T18:59:28.447+0000] {processor.py:208} INFO - Processing /home/airflow/.local/lib/python3.12/site-packages/airflow/example_dags/example_dataset_alias_with_no_taskflow.py took 0.740 seconds
[2024-12-24T18:59:59.430+0000] {processor.py:186} INFO - Started process (PID=1266) to work on /home/airflow/.local/lib/python3.12/site-packages/airflow/example_dags/example_dataset_alias_with_no_taskflow.py
[2024-12-24T18:59:59.432+0000] {processor.py:914} INFO - Processing file /home/airflow/.local/lib/python3.12/site-packages/airflow/example_dags/example_dataset_alias_with_no_taskflow.py for tasks to queue
[2024-12-24T18:59:59.434+0000] {logging_mixin.py:190} INFO - [2024-12-24T18:59:59.434+0000] {dagbag.py:588} INFO - Filling up the DagBag from /home/airflow/.local/lib/python3.12/site-packages/airflow/example_dags/example_dataset_alias_with_no_taskflow.py
[2024-12-24T19:00:00.034+0000] {processor.py:925} INFO - DAG(s) 'dataset_s3_bucket_consumer_with_no_taskflow', 'dataset_s3_bucket_producer_with_no_taskflow', 'dataset_alias_example_alias_consumer_with_no_taskflow', 'dataset_alias_example_alias_producer_with_no_taskflow' retrieved from /home/airflow/.local/lib/python3.12/site-packages/airflow/example_dags/example_dataset_alias_with_no_taskflow.py
[2024-12-24T19:00:00.059+0000] {logging_mixin.py:190} INFO - [2024-12-24T19:00:00.059+0000] {dag.py:3239} INFO - Sync 4 DAGs
[2024-12-24T19:00:00.084+0000] {logging_mixin.py:190} INFO - [2024-12-24T19:00:00.084+0000] {dag.py:4180} INFO - Setting next_dagrun for dataset_alias_example_alias_consumer_with_no_taskflow to None, run_after=None
[2024-12-24T19:00:00.088+0000] {logging_mixin.py:190} INFO - [2024-12-24T19:00:00.088+0000] {dag.py:4180} INFO - Setting next_dagrun for dataset_alias_example_alias_producer_with_no_taskflow to None, run_after=None
[2024-12-24T19:00:00.090+0000] {logging_mixin.py:190} INFO - [2024-12-24T19:00:00.090+0000] {dag.py:4180} INFO - Setting next_dagrun for dataset_s3_bucket_consumer_with_no_taskflow to None, run_after=None
[2024-12-24T19:00:00.092+0000] {logging_mixin.py:190} INFO - [2024-12-24T19:00:00.092+0000] {dag.py:4180} INFO - Setting next_dagrun for dataset_s3_bucket_producer_with_no_taskflow to None, run_after=None
[2024-12-24T19:00:00.123+0000] {processor.py:208} INFO - Processing /home/airflow/.local/lib/python3.12/site-packages/airflow/example_dags/example_dataset_alias_with_no_taskflow.py took 0.699 seconds
[2024-12-24T19:00:30.401+0000] {processor.py:186} INFO - Started process (PID=1329) to work on /home/airflow/.local/lib/python3.12/site-packages/airflow/example_dags/example_dataset_alias_with_no_taskflow.py
[2024-12-24T19:00:30.403+0000] {processor.py:914} INFO - Processing file /home/airflow/.local/lib/python3.12/site-packages/airflow/example_dags/example_dataset_alias_with_no_taskflow.py for tasks to queue
[2024-12-24T19:00:30.406+0000] {logging_mixin.py:190} INFO - [2024-12-24T19:00:30.405+0000] {dagbag.py:588} INFO - Filling up the DagBag from /home/airflow/.local/lib/python3.12/site-packages/airflow/example_dags/example_dataset_alias_with_no_taskflow.py
[2024-12-24T19:00:31.010+0000] {processor.py:925} INFO - DAG(s) 'dataset_s3_bucket_consumer_with_no_taskflow', 'dataset_s3_bucket_producer_with_no_taskflow', 'dataset_alias_example_alias_consumer_with_no_taskflow', 'dataset_alias_example_alias_producer_with_no_taskflow' retrieved from /home/airflow/.local/lib/python3.12/site-packages/airflow/example_dags/example_dataset_alias_with_no_taskflow.py
[2024-12-24T19:00:31.043+0000] {logging_mixin.py:190} INFO - [2024-12-24T19:00:31.042+0000] {dag.py:3239} INFO - Sync 4 DAGs
[2024-12-24T19:00:31.071+0000] {logging_mixin.py:190} INFO - [2024-12-24T19:00:31.071+0000] {dag.py:4180} INFO - Setting next_dagrun for dataset_alias_example_alias_consumer_with_no_taskflow to None, run_after=None
[2024-12-24T19:00:31.075+0000] {logging_mixin.py:190} INFO - [2024-12-24T19:00:31.075+0000] {dag.py:4180} INFO - Setting next_dagrun for dataset_alias_example_alias_producer_with_no_taskflow to None, run_after=None
[2024-12-24T19:00:31.078+0000] {logging_mixin.py:190} INFO - [2024-12-24T19:00:31.077+0000] {dag.py:4180} INFO - Setting next_dagrun for dataset_s3_bucket_consumer_with_no_taskflow to None, run_after=None
[2024-12-24T19:00:31.080+0000] {logging_mixin.py:190} INFO - [2024-12-24T19:00:31.080+0000] {dag.py:4180} INFO - Setting next_dagrun for dataset_s3_bucket_producer_with_no_taskflow to None, run_after=None
[2024-12-24T19:00:31.111+0000] {processor.py:208} INFO - Processing /home/airflow/.local/lib/python3.12/site-packages/airflow/example_dags/example_dataset_alias_with_no_taskflow.py took 0.717 seconds
[2024-12-24T19:01:01.280+0000] {processor.py:186} INFO - Started process (PID=1392) to work on /home/airflow/.local/lib/python3.12/site-packages/airflow/example_dags/example_dataset_alias_with_no_taskflow.py
[2024-12-24T19:01:01.282+0000] {processor.py:914} INFO - Processing file /home/airflow/.local/lib/python3.12/site-packages/airflow/example_dags/example_dataset_alias_with_no_taskflow.py for tasks to queue
[2024-12-24T19:01:01.285+0000] {logging_mixin.py:190} INFO - [2024-12-24T19:01:01.284+0000] {dagbag.py:588} INFO - Filling up the DagBag from /home/airflow/.local/lib/python3.12/site-packages/airflow/example_dags/example_dataset_alias_with_no_taskflow.py
[2024-12-24T19:01:01.862+0000] {processor.py:925} INFO - DAG(s) 'dataset_s3_bucket_producer_with_no_taskflow', 'dataset_s3_bucket_consumer_with_no_taskflow', 'dataset_alias_example_alias_producer_with_no_taskflow', 'dataset_alias_example_alias_consumer_with_no_taskflow' retrieved from /home/airflow/.local/lib/python3.12/site-packages/airflow/example_dags/example_dataset_alias_with_no_taskflow.py
[2024-12-24T19:01:01.892+0000] {logging_mixin.py:190} INFO - [2024-12-24T19:01:01.891+0000] {dag.py:3239} INFO - Sync 4 DAGs
[2024-12-24T19:01:01.916+0000] {logging_mixin.py:190} INFO - [2024-12-24T19:01:01.916+0000] {dag.py:4180} INFO - Setting next_dagrun for dataset_alias_example_alias_consumer_with_no_taskflow to None, run_after=None
[2024-12-24T19:01:01.921+0000] {logging_mixin.py:190} INFO - [2024-12-24T19:01:01.921+0000] {dag.py:4180} INFO - Setting next_dagrun for dataset_alias_example_alias_producer_with_no_taskflow to None, run_after=None
[2024-12-24T19:01:01.924+0000] {logging_mixin.py:190} INFO - [2024-12-24T19:01:01.923+0000] {dag.py:4180} INFO - Setting next_dagrun for dataset_s3_bucket_consumer_with_no_taskflow to None, run_after=None
[2024-12-24T19:01:01.926+0000] {logging_mixin.py:190} INFO - [2024-12-24T19:01:01.925+0000] {dag.py:4180} INFO - Setting next_dagrun for dataset_s3_bucket_producer_with_no_taskflow to None, run_after=None
[2024-12-24T19:01:01.960+0000] {processor.py:208} INFO - Processing /home/airflow/.local/lib/python3.12/site-packages/airflow/example_dags/example_dataset_alias_with_no_taskflow.py took 0.686 seconds
[2024-12-24T19:01:32.236+0000] {processor.py:186} INFO - Started process (PID=1461) to work on /home/airflow/.local/lib/python3.12/site-packages/airflow/example_dags/example_dataset_alias_with_no_taskflow.py
[2024-12-24T19:01:32.237+0000] {processor.py:914} INFO - Processing file /home/airflow/.local/lib/python3.12/site-packages/airflow/example_dags/example_dataset_alias_with_no_taskflow.py for tasks to queue
[2024-12-24T19:01:32.239+0000] {logging_mixin.py:190} INFO - [2024-12-24T19:01:32.239+0000] {dagbag.py:588} INFO - Filling up the DagBag from /home/airflow/.local/lib/python3.12/site-packages/airflow/example_dags/example_dataset_alias_with_no_taskflow.py
[2024-12-24T19:01:32.816+0000] {processor.py:925} INFO - DAG(s) 'dataset_alias_example_alias_consumer_with_no_taskflow', 'dataset_alias_example_alias_producer_with_no_taskflow', 'dataset_s3_bucket_producer_with_no_taskflow', 'dataset_s3_bucket_consumer_with_no_taskflow' retrieved from /home/airflow/.local/lib/python3.12/site-packages/airflow/example_dags/example_dataset_alias_with_no_taskflow.py
[2024-12-24T19:01:32.841+0000] {logging_mixin.py:190} INFO - [2024-12-24T19:01:32.840+0000] {dag.py:3239} INFO - Sync 4 DAGs
[2024-12-24T19:01:32.867+0000] {logging_mixin.py:190} INFO - [2024-12-24T19:01:32.866+0000] {dag.py:4180} INFO - Setting next_dagrun for dataset_alias_example_alias_consumer_with_no_taskflow to None, run_after=None
[2024-12-24T19:01:32.870+0000] {logging_mixin.py:190} INFO - [2024-12-24T19:01:32.870+0000] {dag.py:4180} INFO - Setting next_dagrun for dataset_alias_example_alias_producer_with_no_taskflow to None, run_after=None
[2024-12-24T19:01:32.872+0000] {logging_mixin.py:190} INFO - [2024-12-24T19:01:32.872+0000] {dag.py:4180} INFO - Setting next_dagrun for dataset_s3_bucket_consumer_with_no_taskflow to None, run_after=None
[2024-12-24T19:01:32.875+0000] {logging_mixin.py:190} INFO - [2024-12-24T19:01:32.874+0000] {dag.py:4180} INFO - Setting next_dagrun for dataset_s3_bucket_producer_with_no_taskflow to None, run_after=None
[2024-12-24T19:01:32.903+0000] {processor.py:208} INFO - Processing /home/airflow/.local/lib/python3.12/site-packages/airflow/example_dags/example_dataset_alias_with_no_taskflow.py took 0.673 seconds
[2024-12-24T19:02:03.076+0000] {processor.py:186} INFO - Started process (PID=1524) to work on /home/airflow/.local/lib/python3.12/site-packages/airflow/example_dags/example_dataset_alias_with_no_taskflow.py
[2024-12-24T19:02:03.077+0000] {processor.py:914} INFO - Processing file /home/airflow/.local/lib/python3.12/site-packages/airflow/example_dags/example_dataset_alias_with_no_taskflow.py for tasks to queue
[2024-12-24T19:02:03.080+0000] {logging_mixin.py:190} INFO - [2024-12-24T19:02:03.079+0000] {dagbag.py:588} INFO - Filling up the DagBag from /home/airflow/.local/lib/python3.12/site-packages/airflow/example_dags/example_dataset_alias_with_no_taskflow.py
[2024-12-24T19:02:03.702+0000] {processor.py:925} INFO - DAG(s) 'dataset_s3_bucket_consumer_with_no_taskflow', 'dataset_alias_example_alias_producer_with_no_taskflow', 'dataset_alias_example_alias_consumer_with_no_taskflow', 'dataset_s3_bucket_producer_with_no_taskflow' retrieved from /home/airflow/.local/lib/python3.12/site-packages/airflow/example_dags/example_dataset_alias_with_no_taskflow.py
[2024-12-24T19:02:03.733+0000] {logging_mixin.py:190} INFO - [2024-12-24T19:02:03.732+0000] {dag.py:3239} INFO - Sync 4 DAGs
[2024-12-24T19:02:03.762+0000] {logging_mixin.py:190} INFO - [2024-12-24T19:02:03.761+0000] {dag.py:4180} INFO - Setting next_dagrun for dataset_alias_example_alias_consumer_with_no_taskflow to None, run_after=None
[2024-12-24T19:02:03.766+0000] {logging_mixin.py:190} INFO - [2024-12-24T19:02:03.766+0000] {dag.py:4180} INFO - Setting next_dagrun for dataset_alias_example_alias_producer_with_no_taskflow to None, run_after=None
[2024-12-24T19:02:03.769+0000] {logging_mixin.py:190} INFO - [2024-12-24T19:02:03.768+0000] {dag.py:4180} INFO - Setting next_dagrun for dataset_s3_bucket_consumer_with_no_taskflow to None, run_after=None
[2024-12-24T19:02:03.771+0000] {logging_mixin.py:190} INFO - [2024-12-24T19:02:03.770+0000] {dag.py:4180} INFO - Setting next_dagrun for dataset_s3_bucket_producer_with_no_taskflow to None, run_after=None
[2024-12-24T19:02:03.799+0000] {processor.py:208} INFO - Processing /home/airflow/.local/lib/python3.12/site-packages/airflow/example_dags/example_dataset_alias_with_no_taskflow.py took 0.731 seconds
[2024-12-24T19:02:34.473+0000] {processor.py:186} INFO - Started process (PID=1587) to work on /home/airflow/.local/lib/python3.12/site-packages/airflow/example_dags/example_dataset_alias_with_no_taskflow.py
[2024-12-24T19:02:34.474+0000] {processor.py:914} INFO - Processing file /home/airflow/.local/lib/python3.12/site-packages/airflow/example_dags/example_dataset_alias_with_no_taskflow.py for tasks to queue
[2024-12-24T19:02:34.477+0000] {logging_mixin.py:190} INFO - [2024-12-24T19:02:34.476+0000] {dagbag.py:588} INFO - Filling up the DagBag from /home/airflow/.local/lib/python3.12/site-packages/airflow/example_dags/example_dataset_alias_with_no_taskflow.py
[2024-12-24T19:02:35.055+0000] {processor.py:925} INFO - DAG(s) 'dataset_alias_example_alias_consumer_with_no_taskflow', 'dataset_alias_example_alias_producer_with_no_taskflow', 'dataset_s3_bucket_consumer_with_no_taskflow', 'dataset_s3_bucket_producer_with_no_taskflow' retrieved from /home/airflow/.local/lib/python3.12/site-packages/airflow/example_dags/example_dataset_alias_with_no_taskflow.py
[2024-12-24T19:02:35.079+0000] {logging_mixin.py:190} INFO - [2024-12-24T19:02:35.078+0000] {dag.py:3239} INFO - Sync 4 DAGs
[2024-12-24T19:02:35.103+0000] {logging_mixin.py:190} INFO - [2024-12-24T19:02:35.103+0000] {dag.py:4180} INFO - Setting next_dagrun for dataset_alias_example_alias_consumer_with_no_taskflow to None, run_after=None
[2024-12-24T19:02:35.108+0000] {logging_mixin.py:190} INFO - [2024-12-24T19:02:35.107+0000] {dag.py:4180} INFO - Setting next_dagrun for dataset_alias_example_alias_producer_with_no_taskflow to None, run_after=None
[2024-12-24T19:02:35.110+0000] {logging_mixin.py:190} INFO - [2024-12-24T19:02:35.110+0000] {dag.py:4180} INFO - Setting next_dagrun for dataset_s3_bucket_consumer_with_no_taskflow to None, run_after=None
[2024-12-24T19:02:35.113+0000] {logging_mixin.py:190} INFO - [2024-12-24T19:02:35.112+0000] {dag.py:4180} INFO - Setting next_dagrun for dataset_s3_bucket_producer_with_no_taskflow to None, run_after=None
[2024-12-24T19:02:35.170+0000] {processor.py:208} INFO - Processing /home/airflow/.local/lib/python3.12/site-packages/airflow/example_dags/example_dataset_alias_with_no_taskflow.py took 0.703 seconds
[2024-12-24T19:03:06.264+0000] {processor.py:186} INFO - Started process (PID=1650) to work on /home/airflow/.local/lib/python3.12/site-packages/airflow/example_dags/example_dataset_alias_with_no_taskflow.py
[2024-12-24T19:03:06.266+0000] {processor.py:914} INFO - Processing file /home/airflow/.local/lib/python3.12/site-packages/airflow/example_dags/example_dataset_alias_with_no_taskflow.py for tasks to queue
[2024-12-24T19:03:06.271+0000] {logging_mixin.py:190} INFO - [2024-12-24T19:03:06.270+0000] {dagbag.py:588} INFO - Filling up the DagBag from /home/airflow/.local/lib/python3.12/site-packages/airflow/example_dags/example_dataset_alias_with_no_taskflow.py
[2024-12-24T19:03:06.757+0000] {processor.py:925} INFO - DAG(s) 'dataset_alias_example_alias_producer_with_no_taskflow', 'dataset_s3_bucket_consumer_with_no_taskflow', 'dataset_alias_example_alias_consumer_with_no_taskflow', 'dataset_s3_bucket_producer_with_no_taskflow' retrieved from /home/airflow/.local/lib/python3.12/site-packages/airflow/example_dags/example_dataset_alias_with_no_taskflow.py
[2024-12-24T19:03:06.790+0000] {logging_mixin.py:190} INFO - [2024-12-24T19:03:06.790+0000] {dag.py:3239} INFO - Sync 4 DAGs
[2024-12-24T19:03:05.882+0000] {logging_mixin.py:190} INFO - [2024-12-24T19:03:05.881+0000] {dag.py:4180} INFO - Setting next_dagrun for dataset_alias_example_alias_consumer_with_no_taskflow to None, run_after=None
[2024-12-24T19:03:05.887+0000] {logging_mixin.py:190} INFO - [2024-12-24T19:03:05.886+0000] {dag.py:4180} INFO - Setting next_dagrun for dataset_alias_example_alias_producer_with_no_taskflow to None, run_after=None
[2024-12-24T19:03:05.889+0000] {logging_mixin.py:190} INFO - [2024-12-24T19:03:05.889+0000] {dag.py:4180} INFO - Setting next_dagrun for dataset_s3_bucket_consumer_with_no_taskflow to None, run_after=None
[2024-12-24T19:03:05.892+0000] {logging_mixin.py:190} INFO - [2024-12-24T19:03:05.892+0000] {dag.py:4180} INFO - Setting next_dagrun for dataset_s3_bucket_producer_with_no_taskflow to None, run_after=None
[2024-12-24T19:03:05.926+0000] {processor.py:208} INFO - Processing /home/airflow/.local/lib/python3.12/site-packages/airflow/example_dags/example_dataset_alias_with_no_taskflow.py took 1.057 seconds
[2024-12-24T19:03:37.772+0000] {processor.py:186} INFO - Started process (PID=1711) to work on /home/airflow/.local/lib/python3.12/site-packages/airflow/example_dags/example_dataset_alias_with_no_taskflow.py
[2024-12-24T19:03:37.776+0000] {processor.py:914} INFO - Processing file /home/airflow/.local/lib/python3.12/site-packages/airflow/example_dags/example_dataset_alias_with_no_taskflow.py for tasks to queue
[2024-12-24T19:03:37.782+0000] {logging_mixin.py:190} INFO - [2024-12-24T19:03:37.781+0000] {dagbag.py:588} INFO - Filling up the DagBag from /home/airflow/.local/lib/python3.12/site-packages/airflow/example_dags/example_dataset_alias_with_no_taskflow.py
[2024-12-24T19:03:38.437+0000] {processor.py:925} INFO - DAG(s) 'dataset_s3_bucket_producer_with_no_taskflow', 'dataset_alias_example_alias_producer_with_no_taskflow', 'dataset_alias_example_alias_consumer_with_no_taskflow', 'dataset_s3_bucket_consumer_with_no_taskflow' retrieved from /home/airflow/.local/lib/python3.12/site-packages/airflow/example_dags/example_dataset_alias_with_no_taskflow.py
[2024-12-24T19:03:38.469+0000] {logging_mixin.py:190} INFO - [2024-12-24T19:03:38.469+0000] {dag.py:3239} INFO - Sync 4 DAGs
[2024-12-24T19:03:38.495+0000] {logging_mixin.py:190} INFO - [2024-12-24T19:03:38.495+0000] {dag.py:4180} INFO - Setting next_dagrun for dataset_alias_example_alias_consumer_with_no_taskflow to None, run_after=None
[2024-12-24T19:03:38.499+0000] {logging_mixin.py:190} INFO - [2024-12-24T19:03:38.499+0000] {dag.py:4180} INFO - Setting next_dagrun for dataset_alias_example_alias_producer_with_no_taskflow to None, run_after=None
[2024-12-24T19:03:38.502+0000] {logging_mixin.py:190} INFO - [2024-12-24T19:03:38.502+0000] {dag.py:4180} INFO - Setting next_dagrun for dataset_s3_bucket_consumer_with_no_taskflow to None, run_after=None
[2024-12-24T19:03:38.505+0000] {logging_mixin.py:190} INFO - [2024-12-24T19:03:38.505+0000] {dag.py:4180} INFO - Setting next_dagrun for dataset_s3_bucket_producer_with_no_taskflow to None, run_after=None
[2024-12-24T19:03:38.538+0000] {processor.py:208} INFO - Processing /home/airflow/.local/lib/python3.12/site-packages/airflow/example_dags/example_dataset_alias_with_no_taskflow.py took 0.775 seconds
[2024-12-24T19:04:09.162+0000] {processor.py:186} INFO - Started process (PID=1774) to work on /home/airflow/.local/lib/python3.12/site-packages/airflow/example_dags/example_dataset_alias_with_no_taskflow.py
[2024-12-24T19:04:09.163+0000] {processor.py:914} INFO - Processing file /home/airflow/.local/lib/python3.12/site-packages/airflow/example_dags/example_dataset_alias_with_no_taskflow.py for tasks to queue
[2024-12-24T19:04:09.166+0000] {logging_mixin.py:190} INFO - [2024-12-24T19:04:09.165+0000] {dagbag.py:588} INFO - Filling up the DagBag from /home/airflow/.local/lib/python3.12/site-packages/airflow/example_dags/example_dataset_alias_with_no_taskflow.py
[2024-12-24T19:04:09.887+0000] {processor.py:925} INFO - DAG(s) 'dataset_s3_bucket_consumer_with_no_taskflow', 'dataset_alias_example_alias_consumer_with_no_taskflow', 'dataset_alias_example_alias_producer_with_no_taskflow', 'dataset_s3_bucket_producer_with_no_taskflow' retrieved from /home/airflow/.local/lib/python3.12/site-packages/airflow/example_dags/example_dataset_alias_with_no_taskflow.py
[2024-12-24T19:04:09.924+0000] {logging_mixin.py:190} INFO - [2024-12-24T19:04:09.923+0000] {dag.py:3239} INFO - Sync 4 DAGs
[2024-12-24T19:04:09.961+0000] {logging_mixin.py:190} INFO - [2024-12-24T19:04:09.961+0000] {dag.py:4180} INFO - Setting next_dagrun for dataset_alias_example_alias_consumer_with_no_taskflow to None, run_after=None
[2024-12-24T19:04:09.965+0000] {logging_mixin.py:190} INFO - [2024-12-24T19:04:09.965+0000] {dag.py:4180} INFO - Setting next_dagrun for dataset_alias_example_alias_producer_with_no_taskflow to None, run_after=None
[2024-12-24T19:04:09.968+0000] {logging_mixin.py:190} INFO - [2024-12-24T19:04:09.968+0000] {dag.py:4180} INFO - Setting next_dagrun for dataset_s3_bucket_consumer_with_no_taskflow to None, run_after=None
[2024-12-24T19:04:09.972+0000] {logging_mixin.py:190} INFO - [2024-12-24T19:04:09.972+0000] {dag.py:4180} INFO - Setting next_dagrun for dataset_s3_bucket_producer_with_no_taskflow to None, run_after=None
[2024-12-24T19:04:10.004+0000] {processor.py:208} INFO - Processing /home/airflow/.local/lib/python3.12/site-packages/airflow/example_dags/example_dataset_alias_with_no_taskflow.py took 0.849 seconds
[2024-12-24T19:04:40.545+0000] {processor.py:186} INFO - Started process (PID=1837) to work on /home/airflow/.local/lib/python3.12/site-packages/airflow/example_dags/example_dataset_alias_with_no_taskflow.py
[2024-12-24T19:04:40.547+0000] {processor.py:914} INFO - Processing file /home/airflow/.local/lib/python3.12/site-packages/airflow/example_dags/example_dataset_alias_with_no_taskflow.py for tasks to queue
[2024-12-24T19:04:40.549+0000] {logging_mixin.py:190} INFO - [2024-12-24T19:04:40.549+0000] {dagbag.py:588} INFO - Filling up the DagBag from /home/airflow/.local/lib/python3.12/site-packages/airflow/example_dags/example_dataset_alias_with_no_taskflow.py
[2024-12-24T19:04:41.234+0000] {processor.py:925} INFO - DAG(s) 'dataset_alias_example_alias_consumer_with_no_taskflow', 'dataset_alias_example_alias_producer_with_no_taskflow', 'dataset_s3_bucket_consumer_with_no_taskflow', 'dataset_s3_bucket_producer_with_no_taskflow' retrieved from /home/airflow/.local/lib/python3.12/site-packages/airflow/example_dags/example_dataset_alias_with_no_taskflow.py
[2024-12-24T19:04:41.262+0000] {logging_mixin.py:190} INFO - [2024-12-24T19:04:41.261+0000] {dag.py:3239} INFO - Sync 4 DAGs
[2024-12-24T19:04:41.289+0000] {logging_mixin.py:190} INFO - [2024-12-24T19:04:41.289+0000] {dag.py:4180} INFO - Setting next_dagrun for dataset_alias_example_alias_consumer_with_no_taskflow to None, run_after=None
[2024-12-24T19:04:41.293+0000] {logging_mixin.py:190} INFO - [2024-12-24T19:04:41.293+0000] {dag.py:4180} INFO - Setting next_dagrun for dataset_alias_example_alias_producer_with_no_taskflow to None, run_after=None
[2024-12-24T19:04:41.296+0000] {logging_mixin.py:190} INFO - [2024-12-24T19:04:41.296+0000] {dag.py:4180} INFO - Setting next_dagrun for dataset_s3_bucket_consumer_with_no_taskflow to None, run_after=None
[2024-12-24T19:04:41.300+0000] {logging_mixin.py:190} INFO - [2024-12-24T19:04:41.300+0000] {dag.py:4180} INFO - Setting next_dagrun for dataset_s3_bucket_producer_with_no_taskflow to None, run_after=None
[2024-12-24T19:04:41.342+0000] {processor.py:208} INFO - Processing /home/airflow/.local/lib/python3.12/site-packages/airflow/example_dags/example_dataset_alias_with_no_taskflow.py took 0.803 seconds
[2024-12-24T19:05:12.345+0000] {processor.py:186} INFO - Started process (PID=1905) to work on /home/airflow/.local/lib/python3.12/site-packages/airflow/example_dags/example_dataset_alias_with_no_taskflow.py
[2024-12-24T19:05:12.347+0000] {processor.py:914} INFO - Processing file /home/airflow/.local/lib/python3.12/site-packages/airflow/example_dags/example_dataset_alias_with_no_taskflow.py for tasks to queue
[2024-12-24T19:05:12.349+0000] {logging_mixin.py:190} INFO - [2024-12-24T19:05:12.349+0000] {dagbag.py:588} INFO - Filling up the DagBag from /home/airflow/.local/lib/python3.12/site-packages/airflow/example_dags/example_dataset_alias_with_no_taskflow.py
[2024-12-24T19:05:13.074+0000] {processor.py:925} INFO - DAG(s) 'dataset_alias_example_alias_consumer_with_no_taskflow', 'dataset_s3_bucket_producer_with_no_taskflow', 'dataset_alias_example_alias_producer_with_no_taskflow', 'dataset_s3_bucket_consumer_with_no_taskflow' retrieved from /home/airflow/.local/lib/python3.12/site-packages/airflow/example_dags/example_dataset_alias_with_no_taskflow.py
[2024-12-24T19:05:13.108+0000] {logging_mixin.py:190} INFO - [2024-12-24T19:05:13.107+0000] {dag.py:3239} INFO - Sync 4 DAGs
[2024-12-24T19:05:13.138+0000] {logging_mixin.py:190} INFO - [2024-12-24T19:05:13.138+0000] {dag.py:4180} INFO - Setting next_dagrun for dataset_alias_example_alias_consumer_with_no_taskflow to None, run_after=None
[2024-12-24T19:05:13.142+0000] {logging_mixin.py:190} INFO - [2024-12-24T19:05:13.142+0000] {dag.py:4180} INFO - Setting next_dagrun for dataset_alias_example_alias_producer_with_no_taskflow to None, run_after=None
[2024-12-24T19:05:13.145+0000] {logging_mixin.py:190} INFO - [2024-12-24T19:05:13.145+0000] {dag.py:4180} INFO - Setting next_dagrun for dataset_s3_bucket_consumer_with_no_taskflow to None, run_after=None
[2024-12-24T19:05:13.148+0000] {logging_mixin.py:190} INFO - [2024-12-24T19:05:13.148+0000] {dag.py:4180} INFO - Setting next_dagrun for dataset_s3_bucket_producer_with_no_taskflow to None, run_after=None
[2024-12-24T19:05:13.184+0000] {processor.py:208} INFO - Processing /home/airflow/.local/lib/python3.12/site-packages/airflow/example_dags/example_dataset_alias_with_no_taskflow.py took 0.845 seconds
[2024-12-24T19:05:44.439+0000] {processor.py:186} INFO - Started process (PID=1974) to work on /home/airflow/.local/lib/python3.12/site-packages/airflow/example_dags/example_dataset_alias_with_no_taskflow.py
[2024-12-24T19:05:44.440+0000] {processor.py:914} INFO - Processing file /home/airflow/.local/lib/python3.12/site-packages/airflow/example_dags/example_dataset_alias_with_no_taskflow.py for tasks to queue
[2024-12-24T19:05:44.443+0000] {logging_mixin.py:190} INFO - [2024-12-24T19:05:44.443+0000] {dagbag.py:588} INFO - Filling up the DagBag from /home/airflow/.local/lib/python3.12/site-packages/airflow/example_dags/example_dataset_alias_with_no_taskflow.py
[2024-12-24T19:05:45.260+0000] {processor.py:925} INFO - DAG(s) 'dataset_alias_example_alias_consumer_with_no_taskflow', 'dataset_alias_example_alias_producer_with_no_taskflow', 'dataset_s3_bucket_producer_with_no_taskflow', 'dataset_s3_bucket_consumer_with_no_taskflow' retrieved from /home/airflow/.local/lib/python3.12/site-packages/airflow/example_dags/example_dataset_alias_with_no_taskflow.py
[2024-12-24T19:05:45.291+0000] {logging_mixin.py:190} INFO - [2024-12-24T19:05:45.290+0000] {dag.py:3239} INFO - Sync 4 DAGs
[2024-12-24T19:05:45.333+0000] {logging_mixin.py:190} INFO - [2024-12-24T19:05:45.333+0000] {dag.py:4180} INFO - Setting next_dagrun for dataset_alias_example_alias_consumer_with_no_taskflow to None, run_after=None
[2024-12-24T19:05:45.343+0000] {logging_mixin.py:190} INFO - [2024-12-24T19:05:45.342+0000] {dag.py:4180} INFO - Setting next_dagrun for dataset_alias_example_alias_producer_with_no_taskflow to None, run_after=None
[2024-12-24T19:05:45.347+0000] {logging_mixin.py:190} INFO - [2024-12-24T19:05:45.346+0000] {dag.py:4180} INFO - Setting next_dagrun for dataset_s3_bucket_consumer_with_no_taskflow to None, run_after=None
[2024-12-24T19:05:45.349+0000] {logging_mixin.py:190} INFO - [2024-12-24T19:05:45.349+0000] {dag.py:4180} INFO - Setting next_dagrun for dataset_s3_bucket_producer_with_no_taskflow to None, run_after=None
[2024-12-24T19:05:45.392+0000] {processor.py:208} INFO - Processing /home/airflow/.local/lib/python3.12/site-packages/airflow/example_dags/example_dataset_alias_with_no_taskflow.py took 0.960 seconds
[2024-12-24T19:06:15.842+0000] {processor.py:186} INFO - Started process (PID=2039) to work on /home/airflow/.local/lib/python3.12/site-packages/airflow/example_dags/example_dataset_alias_with_no_taskflow.py
[2024-12-24T19:06:15.843+0000] {processor.py:914} INFO - Processing file /home/airflow/.local/lib/python3.12/site-packages/airflow/example_dags/example_dataset_alias_with_no_taskflow.py for tasks to queue
[2024-12-24T19:06:15.847+0000] {logging_mixin.py:190} INFO - [2024-12-24T19:06:15.846+0000] {dagbag.py:588} INFO - Filling up the DagBag from /home/airflow/.local/lib/python3.12/site-packages/airflow/example_dags/example_dataset_alias_with_no_taskflow.py
[2024-12-24T19:06:16.546+0000] {processor.py:925} INFO - DAG(s) 'dataset_alias_example_alias_consumer_with_no_taskflow', 'dataset_s3_bucket_consumer_with_no_taskflow', 'dataset_s3_bucket_producer_with_no_taskflow', 'dataset_alias_example_alias_producer_with_no_taskflow' retrieved from /home/airflow/.local/lib/python3.12/site-packages/airflow/example_dags/example_dataset_alias_with_no_taskflow.py
[2024-12-24T19:06:16.575+0000] {logging_mixin.py:190} INFO - [2024-12-24T19:06:16.574+0000] {dag.py:3239} INFO - Sync 4 DAGs
[2024-12-24T19:06:16.604+0000] {logging_mixin.py:190} INFO - [2024-12-24T19:06:16.604+0000] {dag.py:4180} INFO - Setting next_dagrun for dataset_alias_example_alias_consumer_with_no_taskflow to None, run_after=None
[2024-12-24T19:06:16.608+0000] {logging_mixin.py:190} INFO - [2024-12-24T19:06:16.608+0000] {dag.py:4180} INFO - Setting next_dagrun for dataset_alias_example_alias_producer_with_no_taskflow to None, run_after=None
[2024-12-24T19:06:16.611+0000] {logging_mixin.py:190} INFO - [2024-12-24T19:06:16.610+0000] {dag.py:4180} INFO - Setting next_dagrun for dataset_s3_bucket_consumer_with_no_taskflow to None, run_after=None
[2024-12-24T19:06:16.613+0000] {logging_mixin.py:190} INFO - [2024-12-24T19:06:16.613+0000] {dag.py:4180} INFO - Setting next_dagrun for dataset_s3_bucket_producer_with_no_taskflow to None, run_after=None
[2024-12-24T19:06:16.643+0000] {processor.py:208} INFO - Processing /home/airflow/.local/lib/python3.12/site-packages/airflow/example_dags/example_dataset_alias_with_no_taskflow.py took 0.807 seconds
[2024-12-24T19:06:47.889+0000] {processor.py:186} INFO - Started process (PID=2112) to work on /home/airflow/.local/lib/python3.12/site-packages/airflow/example_dags/example_dataset_alias_with_no_taskflow.py
[2024-12-24T19:06:47.890+0000] {processor.py:914} INFO - Processing file /home/airflow/.local/lib/python3.12/site-packages/airflow/example_dags/example_dataset_alias_with_no_taskflow.py for tasks to queue
[2024-12-24T19:06:47.893+0000] {logging_mixin.py:190} INFO - [2024-12-24T19:06:47.892+0000] {dagbag.py:588} INFO - Filling up the DagBag from /home/airflow/.local/lib/python3.12/site-packages/airflow/example_dags/example_dataset_alias_with_no_taskflow.py
[2024-12-24T19:06:48.611+0000] {processor.py:925} INFO - DAG(s) 'dataset_alias_example_alias_producer_with_no_taskflow', 'dataset_alias_example_alias_consumer_with_no_taskflow', 'dataset_s3_bucket_consumer_with_no_taskflow', 'dataset_s3_bucket_producer_with_no_taskflow' retrieved from /home/airflow/.local/lib/python3.12/site-packages/airflow/example_dags/example_dataset_alias_with_no_taskflow.py
[2024-12-24T19:06:48.638+0000] {logging_mixin.py:190} INFO - [2024-12-24T19:06:48.638+0000] {dag.py:3239} INFO - Sync 4 DAGs
[2024-12-24T19:06:48.668+0000] {logging_mixin.py:190} INFO - [2024-12-24T19:06:48.667+0000] {dag.py:4180} INFO - Setting next_dagrun for dataset_alias_example_alias_consumer_with_no_taskflow to None, run_after=None
[2024-12-24T19:06:48.672+0000] {logging_mixin.py:190} INFO - [2024-12-24T19:06:48.672+0000] {dag.py:4180} INFO - Setting next_dagrun for dataset_alias_example_alias_producer_with_no_taskflow to None, run_after=None
[2024-12-24T19:06:48.676+0000] {logging_mixin.py:190} INFO - [2024-12-24T19:06:48.676+0000] {dag.py:4180} INFO - Setting next_dagrun for dataset_s3_bucket_consumer_with_no_taskflow to None, run_after=None
[2024-12-24T19:06:48.678+0000] {logging_mixin.py:190} INFO - [2024-12-24T19:06:48.678+0000] {dag.py:4180} INFO - Setting next_dagrun for dataset_s3_bucket_producer_with_no_taskflow to None, run_after=None
[2024-12-24T19:06:48.714+0000] {processor.py:208} INFO - Processing /home/airflow/.local/lib/python3.12/site-packages/airflow/example_dags/example_dataset_alias_with_no_taskflow.py took 0.831 seconds
[2024-12-24T19:07:19.205+0000] {processor.py:186} INFO - Started process (PID=2175) to work on /home/airflow/.local/lib/python3.12/site-packages/airflow/example_dags/example_dataset_alias_with_no_taskflow.py
[2024-12-24T19:07:19.206+0000] {processor.py:914} INFO - Processing file /home/airflow/.local/lib/python3.12/site-packages/airflow/example_dags/example_dataset_alias_with_no_taskflow.py for tasks to queue
[2024-12-24T19:07:19.209+0000] {logging_mixin.py:190} INFO - [2024-12-24T19:07:19.209+0000] {dagbag.py:588} INFO - Filling up the DagBag from /home/airflow/.local/lib/python3.12/site-packages/airflow/example_dags/example_dataset_alias_with_no_taskflow.py
[2024-12-24T19:07:19.954+0000] {processor.py:925} INFO - DAG(s) 'dataset_alias_example_alias_consumer_with_no_taskflow', 'dataset_s3_bucket_consumer_with_no_taskflow', 'dataset_s3_bucket_producer_with_no_taskflow', 'dataset_alias_example_alias_producer_with_no_taskflow' retrieved from /home/airflow/.local/lib/python3.12/site-packages/airflow/example_dags/example_dataset_alias_with_no_taskflow.py
[2024-12-24T19:07:19.985+0000] {logging_mixin.py:190} INFO - [2024-12-24T19:07:19.984+0000] {dag.py:3239} INFO - Sync 4 DAGs
[2024-12-24T19:07:20.015+0000] {logging_mixin.py:190} INFO - [2024-12-24T19:07:20.015+0000] {dag.py:4180} INFO - Setting next_dagrun for dataset_alias_example_alias_consumer_with_no_taskflow to None, run_after=None
[2024-12-24T19:07:20.019+0000] {logging_mixin.py:190} INFO - [2024-12-24T19:07:20.019+0000] {dag.py:4180} INFO - Setting next_dagrun for dataset_alias_example_alias_producer_with_no_taskflow to None, run_after=None
[2024-12-24T19:07:20.022+0000] {logging_mixin.py:190} INFO - [2024-12-24T19:07:20.021+0000] {dag.py:4180} INFO - Setting next_dagrun for dataset_s3_bucket_consumer_with_no_taskflow to None, run_after=None
[2024-12-24T19:07:20.024+0000] {logging_mixin.py:190} INFO - [2024-12-24T19:07:20.024+0000] {dag.py:4180} INFO - Setting next_dagrun for dataset_s3_bucket_producer_with_no_taskflow to None, run_after=None
[2024-12-24T19:07:20.060+0000] {processor.py:208} INFO - Processing /home/airflow/.local/lib/python3.12/site-packages/airflow/example_dags/example_dataset_alias_with_no_taskflow.py took 0.861 seconds
[2024-12-24T19:07:50.972+0000] {processor.py:186} INFO - Started process (PID=2238) to work on /home/airflow/.local/lib/python3.12/site-packages/airflow/example_dags/example_dataset_alias_with_no_taskflow.py
[2024-12-24T19:07:50.973+0000] {processor.py:914} INFO - Processing file /home/airflow/.local/lib/python3.12/site-packages/airflow/example_dags/example_dataset_alias_with_no_taskflow.py for tasks to queue
[2024-12-24T19:07:50.976+0000] {logging_mixin.py:190} INFO - [2024-12-24T19:07:50.976+0000] {dagbag.py:588} INFO - Filling up the DagBag from /home/airflow/.local/lib/python3.12/site-packages/airflow/example_dags/example_dataset_alias_with_no_taskflow.py
[2024-12-24T19:07:52.036+0000] {processor.py:925} INFO - DAG(s) 'dataset_s3_bucket_consumer_with_no_taskflow', 'dataset_alias_example_alias_consumer_with_no_taskflow', 'dataset_s3_bucket_producer_with_no_taskflow', 'dataset_alias_example_alias_producer_with_no_taskflow' retrieved from /home/airflow/.local/lib/python3.12/site-packages/airflow/example_dags/example_dataset_alias_with_no_taskflow.py
[2024-12-24T19:07:52.084+0000] {logging_mixin.py:190} INFO - [2024-12-24T19:07:52.083+0000] {dag.py:3239} INFO - Sync 4 DAGs
[2024-12-24T19:07:52.125+0000] {logging_mixin.py:190} INFO - [2024-12-24T19:07:52.125+0000] {dag.py:4180} INFO - Setting next_dagrun for dataset_alias_example_alias_consumer_with_no_taskflow to None, run_after=None
[2024-12-24T19:07:52.131+0000] {logging_mixin.py:190} INFO - [2024-12-24T19:07:52.131+0000] {dag.py:4180} INFO - Setting next_dagrun for dataset_alias_example_alias_producer_with_no_taskflow to None, run_after=None
[2024-12-24T19:07:52.138+0000] {logging_mixin.py:190} INFO - [2024-12-24T19:07:52.137+0000] {dag.py:4180} INFO - Setting next_dagrun for dataset_s3_bucket_consumer_with_no_taskflow to None, run_after=None
[2024-12-24T19:07:52.142+0000] {logging_mixin.py:190} INFO - [2024-12-24T19:07:52.141+0000] {dag.py:4180} INFO - Setting next_dagrun for dataset_s3_bucket_producer_with_no_taskflow to None, run_after=None
[2024-12-24T19:07:52.195+0000] {processor.py:208} INFO - Processing /home/airflow/.local/lib/python3.12/site-packages/airflow/example_dags/example_dataset_alias_with_no_taskflow.py took 1.230 seconds
[2024-12-24T19:08:22.648+0000] {processor.py:186} INFO - Started process (PID=2303) to work on /home/airflow/.local/lib/python3.12/site-packages/airflow/example_dags/example_dataset_alias_with_no_taskflow.py
[2024-12-24T19:08:22.649+0000] {processor.py:914} INFO - Processing file /home/airflow/.local/lib/python3.12/site-packages/airflow/example_dags/example_dataset_alias_with_no_taskflow.py for tasks to queue
[2024-12-24T19:08:22.652+0000] {logging_mixin.py:190} INFO - [2024-12-24T19:08:22.652+0000] {dagbag.py:588} INFO - Filling up the DagBag from /home/airflow/.local/lib/python3.12/site-packages/airflow/example_dags/example_dataset_alias_with_no_taskflow.py
[2024-12-24T19:08:23.258+0000] {processor.py:925} INFO - DAG(s) 'dataset_s3_bucket_consumer_with_no_taskflow', 'dataset_s3_bucket_producer_with_no_taskflow', 'dataset_alias_example_alias_producer_with_no_taskflow', 'dataset_alias_example_alias_consumer_with_no_taskflow' retrieved from /home/airflow/.local/lib/python3.12/site-packages/airflow/example_dags/example_dataset_alias_with_no_taskflow.py
[2024-12-24T19:08:23.289+0000] {logging_mixin.py:190} INFO - [2024-12-24T19:08:23.288+0000] {dag.py:3239} INFO - Sync 4 DAGs
[2024-12-24T19:08:23.316+0000] {logging_mixin.py:190} INFO - [2024-12-24T19:08:23.316+0000] {dag.py:4180} INFO - Setting next_dagrun for dataset_alias_example_alias_consumer_with_no_taskflow to None, run_after=None
[2024-12-24T19:08:23.321+0000] {logging_mixin.py:190} INFO - [2024-12-24T19:08:23.320+0000] {dag.py:4180} INFO - Setting next_dagrun for dataset_alias_example_alias_producer_with_no_taskflow to None, run_after=None
[2024-12-24T19:08:23.323+0000] {logging_mixin.py:190} INFO - [2024-12-24T19:08:23.323+0000] {dag.py:4180} INFO - Setting next_dagrun for dataset_s3_bucket_consumer_with_no_taskflow to None, run_after=None
[2024-12-24T19:08:23.326+0000] {logging_mixin.py:190} INFO - [2024-12-24T19:08:23.325+0000] {dag.py:4180} INFO - Setting next_dagrun for dataset_s3_bucket_producer_with_no_taskflow to None, run_after=None
[2024-12-24T19:08:23.357+0000] {processor.py:208} INFO - Processing /home/airflow/.local/lib/python3.12/site-packages/airflow/example_dags/example_dataset_alias_with_no_taskflow.py took 0.715 seconds
