[2024-12-24T18:50:35.505+0000] {processor.py:186} INFO - Started process (PID=115) to work on /home/airflow/.local/lib/python3.12/site-packages/airflow/example_dags/example_xcomargs.py
[2024-12-24T18:50:35.507+0000] {processor.py:914} INFO - Processing file /home/airflow/.local/lib/python3.12/site-packages/airflow/example_dags/example_xcomargs.py for tasks to queue
[2024-12-24T18:50:35.510+0000] {logging_mixin.py:190} INFO - [2024-12-24T18:50:35.509+0000] {dagbag.py:588} INFO - Filling up the DagBag from /home/airflow/.local/lib/python3.12/site-packages/airflow/example_dags/example_xcomargs.py
[2024-12-24T18:50:35.525+0000] {processor.py:925} INFO - DAG(s) 'example_xcom_args_with_operators', 'example_xcom_args' retrieved from /home/airflow/.local/lib/python3.12/site-packages/airflow/example_dags/example_xcomargs.py
[2024-12-24T18:50:35.554+0000] {logging_mixin.py:190} INFO - [2024-12-24T18:50:35.554+0000] {dag.py:3239} INFO - Sync 2 DAGs
[2024-12-24T18:50:35.573+0000] {logging_mixin.py:190} INFO - [2024-12-24T18:50:35.573+0000] {dag.py:4180} INFO - Setting next_dagrun for example_xcom_args to None, run_after=None
[2024-12-24T18:50:35.579+0000] {logging_mixin.py:190} INFO - [2024-12-24T18:50:35.578+0000] {dag.py:4180} INFO - Setting next_dagrun for example_xcom_args_with_operators to None, run_after=None
[2024-12-24T18:50:35.672+0000] {processor.py:208} INFO - Processing /home/airflow/.local/lib/python3.12/site-packages/airflow/example_dags/example_xcomargs.py took 0.173 seconds
[2024-12-24T18:51:06.195+0000] {processor.py:186} INFO - Started process (PID=178) to work on /home/airflow/.local/lib/python3.12/site-packages/airflow/example_dags/example_xcomargs.py
[2024-12-24T18:51:06.197+0000] {processor.py:914} INFO - Processing file /home/airflow/.local/lib/python3.12/site-packages/airflow/example_dags/example_xcomargs.py for tasks to queue
[2024-12-24T18:51:06.200+0000] {logging_mixin.py:190} INFO - [2024-12-24T18:51:06.199+0000] {dagbag.py:588} INFO - Filling up the DagBag from /home/airflow/.local/lib/python3.12/site-packages/airflow/example_dags/example_xcomargs.py
[2024-12-24T18:51:06.211+0000] {processor.py:925} INFO - DAG(s) 'example_xcom_args', 'example_xcom_args_with_operators' retrieved from /home/airflow/.local/lib/python3.12/site-packages/airflow/example_dags/example_xcomargs.py
[2024-12-24T18:51:06.244+0000] {logging_mixin.py:190} INFO - [2024-12-24T18:51:06.243+0000] {dag.py:3239} INFO - Sync 2 DAGs
[2024-12-24T18:51:06.261+0000] {logging_mixin.py:190} INFO - [2024-12-24T18:51:06.260+0000] {dag.py:4180} INFO - Setting next_dagrun for example_xcom_args to None, run_after=None
[2024-12-24T18:51:06.267+0000] {logging_mixin.py:190} INFO - [2024-12-24T18:51:06.267+0000] {dag.py:4180} INFO - Setting next_dagrun for example_xcom_args_with_operators to None, run_after=None
[2024-12-24T18:51:06.291+0000] {processor.py:208} INFO - Processing /home/airflow/.local/lib/python3.12/site-packages/airflow/example_dags/example_xcomargs.py took 0.103 seconds
[2024-12-24T18:51:36.927+0000] {processor.py:186} INFO - Started process (PID=240) to work on /home/airflow/.local/lib/python3.12/site-packages/airflow/example_dags/example_xcomargs.py
[2024-12-24T18:51:36.929+0000] {processor.py:914} INFO - Processing file /home/airflow/.local/lib/python3.12/site-packages/airflow/example_dags/example_xcomargs.py for tasks to queue
[2024-12-24T18:51:36.931+0000] {logging_mixin.py:190} INFO - [2024-12-24T18:51:36.931+0000] {dagbag.py:588} INFO - Filling up the DagBag from /home/airflow/.local/lib/python3.12/site-packages/airflow/example_dags/example_xcomargs.py
[2024-12-24T18:51:36.946+0000] {processor.py:925} INFO - DAG(s) 'example_xcom_args_with_operators', 'example_xcom_args' retrieved from /home/airflow/.local/lib/python3.12/site-packages/airflow/example_dags/example_xcomargs.py
[2024-12-24T18:51:36.976+0000] {logging_mixin.py:190} INFO - [2024-12-24T18:51:36.976+0000] {dag.py:3239} INFO - Sync 2 DAGs
[2024-12-24T18:51:36.993+0000] {logging_mixin.py:190} INFO - [2024-12-24T18:51:36.993+0000] {dag.py:4180} INFO - Setting next_dagrun for example_xcom_args to None, run_after=None
[2024-12-24T18:51:36.998+0000] {logging_mixin.py:190} INFO - [2024-12-24T18:51:36.998+0000] {dag.py:4180} INFO - Setting next_dagrun for example_xcom_args_with_operators to None, run_after=None
[2024-12-24T18:51:37.024+0000] {processor.py:208} INFO - Processing /home/airflow/.local/lib/python3.12/site-packages/airflow/example_dags/example_xcomargs.py took 0.104 seconds
[2024-12-24T18:52:07.080+0000] {processor.py:186} INFO - Started process (PID=303) to work on /home/airflow/.local/lib/python3.12/site-packages/airflow/example_dags/example_xcomargs.py
[2024-12-24T18:52:07.082+0000] {processor.py:914} INFO - Processing file /home/airflow/.local/lib/python3.12/site-packages/airflow/example_dags/example_xcomargs.py for tasks to queue
[2024-12-24T18:52:07.084+0000] {logging_mixin.py:190} INFO - [2024-12-24T18:52:07.084+0000] {dagbag.py:588} INFO - Filling up the DagBag from /home/airflow/.local/lib/python3.12/site-packages/airflow/example_dags/example_xcomargs.py
[2024-12-24T18:52:07.094+0000] {processor.py:925} INFO - DAG(s) 'example_xcom_args_with_operators', 'example_xcom_args' retrieved from /home/airflow/.local/lib/python3.12/site-packages/airflow/example_dags/example_xcomargs.py
[2024-12-24T18:52:07.124+0000] {logging_mixin.py:190} INFO - [2024-12-24T18:52:07.123+0000] {dag.py:3239} INFO - Sync 2 DAGs
[2024-12-24T18:52:07.140+0000] {logging_mixin.py:190} INFO - [2024-12-24T18:52:07.140+0000] {dag.py:4180} INFO - Setting next_dagrun for example_xcom_args to None, run_after=None
[2024-12-24T18:52:07.145+0000] {logging_mixin.py:190} INFO - [2024-12-24T18:52:07.145+0000] {dag.py:4180} INFO - Setting next_dagrun for example_xcom_args_with_operators to None, run_after=None
[2024-12-24T18:52:07.169+0000] {processor.py:208} INFO - Processing /home/airflow/.local/lib/python3.12/site-packages/airflow/example_dags/example_xcomargs.py took 0.095 seconds
[2024-12-24T18:52:38.872+0000] {processor.py:186} INFO - Started process (PID=367) to work on /home/airflow/.local/lib/python3.12/site-packages/airflow/example_dags/example_xcomargs.py
[2024-12-24T18:52:38.874+0000] {processor.py:914} INFO - Processing file /home/airflow/.local/lib/python3.12/site-packages/airflow/example_dags/example_xcomargs.py for tasks to queue
[2024-12-24T18:52:38.876+0000] {logging_mixin.py:190} INFO - [2024-12-24T18:52:38.876+0000] {dagbag.py:588} INFO - Filling up the DagBag from /home/airflow/.local/lib/python3.12/site-packages/airflow/example_dags/example_xcomargs.py
[2024-12-24T18:52:38.889+0000] {processor.py:925} INFO - DAG(s) 'example_xcom_args', 'example_xcom_args_with_operators' retrieved from /home/airflow/.local/lib/python3.12/site-packages/airflow/example_dags/example_xcomargs.py
[2024-12-24T18:52:38.923+0000] {logging_mixin.py:190} INFO - [2024-12-24T18:52:38.923+0000] {dag.py:3239} INFO - Sync 2 DAGs
[2024-12-24T18:52:38.941+0000] {logging_mixin.py:190} INFO - [2024-12-24T18:52:38.941+0000] {dag.py:4180} INFO - Setting next_dagrun for example_xcom_args to None, run_after=None
[2024-12-24T18:52:38.948+0000] {logging_mixin.py:190} INFO - [2024-12-24T18:52:38.947+0000] {dag.py:4180} INFO - Setting next_dagrun for example_xcom_args_with_operators to None, run_after=None
[2024-12-24T18:52:38.977+0000] {processor.py:208} INFO - Processing /home/airflow/.local/lib/python3.12/site-packages/airflow/example_dags/example_xcomargs.py took 0.112 seconds
[2024-12-24T18:53:09.726+0000] {processor.py:186} INFO - Started process (PID=430) to work on /home/airflow/.local/lib/python3.12/site-packages/airflow/example_dags/example_xcomargs.py
[2024-12-24T18:53:09.727+0000] {processor.py:914} INFO - Processing file /home/airflow/.local/lib/python3.12/site-packages/airflow/example_dags/example_xcomargs.py for tasks to queue
[2024-12-24T18:53:09.730+0000] {logging_mixin.py:190} INFO - [2024-12-24T18:53:09.730+0000] {dagbag.py:588} INFO - Filling up the DagBag from /home/airflow/.local/lib/python3.12/site-packages/airflow/example_dags/example_xcomargs.py
[2024-12-24T18:53:09.741+0000] {processor.py:925} INFO - DAG(s) 'example_xcom_args_with_operators', 'example_xcom_args' retrieved from /home/airflow/.local/lib/python3.12/site-packages/airflow/example_dags/example_xcomargs.py
[2024-12-24T18:53:09.770+0000] {logging_mixin.py:190} INFO - [2024-12-24T18:53:09.770+0000] {dag.py:3239} INFO - Sync 2 DAGs
[2024-12-24T18:53:09.787+0000] {logging_mixin.py:190} INFO - [2024-12-24T18:53:09.786+0000] {dag.py:4180} INFO - Setting next_dagrun for example_xcom_args to None, run_after=None
[2024-12-24T18:53:09.792+0000] {logging_mixin.py:190} INFO - [2024-12-24T18:53:09.791+0000] {dag.py:4180} INFO - Setting next_dagrun for example_xcom_args_with_operators to None, run_after=None
[2024-12-24T18:53:09.819+0000] {processor.py:208} INFO - Processing /home/airflow/.local/lib/python3.12/site-packages/airflow/example_dags/example_xcomargs.py took 0.099 seconds
[2024-12-24T18:53:43.402+0000] {processor.py:186} INFO - Started process (PID=494) to work on /home/airflow/.local/lib/python3.12/site-packages/airflow/example_dags/example_xcomargs.py
[2024-12-24T18:53:43.404+0000] {processor.py:914} INFO - Processing file /home/airflow/.local/lib/python3.12/site-packages/airflow/example_dags/example_xcomargs.py for tasks to queue
[2024-12-24T18:53:43.408+0000] {logging_mixin.py:190} INFO - [2024-12-24T18:53:43.407+0000] {dagbag.py:588} INFO - Filling up the DagBag from /home/airflow/.local/lib/python3.12/site-packages/airflow/example_dags/example_xcomargs.py
[2024-12-24T18:53:43.421+0000] {processor.py:925} INFO - DAG(s) 'example_xcom_args', 'example_xcom_args_with_operators' retrieved from /home/airflow/.local/lib/python3.12/site-packages/airflow/example_dags/example_xcomargs.py
[2024-12-24T18:53:43.456+0000] {logging_mixin.py:190} INFO - [2024-12-24T18:53:43.456+0000] {dag.py:3239} INFO - Sync 2 DAGs
[2024-12-24T18:53:43.474+0000] {logging_mixin.py:190} INFO - [2024-12-24T18:53:43.474+0000] {dag.py:4180} INFO - Setting next_dagrun for example_xcom_args to None, run_after=None
[2024-12-24T18:53:43.478+0000] {logging_mixin.py:190} INFO - [2024-12-24T18:53:43.478+0000] {dag.py:4180} INFO - Setting next_dagrun for example_xcom_args_with_operators to None, run_after=None
[2024-12-24T18:53:43.504+0000] {processor.py:208} INFO - Processing /home/airflow/.local/lib/python3.12/site-packages/airflow/example_dags/example_xcomargs.py took 0.110 seconds
[2024-12-24T18:54:14.665+0000] {processor.py:186} INFO - Started process (PID=557) to work on /home/airflow/.local/lib/python3.12/site-packages/airflow/example_dags/example_xcomargs.py
[2024-12-24T18:54:14.667+0000] {processor.py:914} INFO - Processing file /home/airflow/.local/lib/python3.12/site-packages/airflow/example_dags/example_xcomargs.py for tasks to queue
[2024-12-24T18:54:14.669+0000] {logging_mixin.py:190} INFO - [2024-12-24T18:54:14.669+0000] {dagbag.py:588} INFO - Filling up the DagBag from /home/airflow/.local/lib/python3.12/site-packages/airflow/example_dags/example_xcomargs.py
[2024-12-24T18:54:14.680+0000] {processor.py:925} INFO - DAG(s) 'example_xcom_args', 'example_xcom_args_with_operators' retrieved from /home/airflow/.local/lib/python3.12/site-packages/airflow/example_dags/example_xcomargs.py
[2024-12-24T18:54:14.709+0000] {logging_mixin.py:190} INFO - [2024-12-24T18:54:14.709+0000] {dag.py:3239} INFO - Sync 2 DAGs
[2024-12-24T18:54:14.723+0000] {logging_mixin.py:190} INFO - [2024-12-24T18:54:14.723+0000] {dag.py:4180} INFO - Setting next_dagrun for example_xcom_args to None, run_after=None
[2024-12-24T18:54:14.728+0000] {logging_mixin.py:190} INFO - [2024-12-24T18:54:14.728+0000] {dag.py:4180} INFO - Setting next_dagrun for example_xcom_args_with_operators to None, run_after=None
[2024-12-24T18:54:14.751+0000] {processor.py:208} INFO - Processing /home/airflow/.local/lib/python3.12/site-packages/airflow/example_dags/example_xcomargs.py took 0.092 seconds
[2024-12-24T18:54:46.352+0000] {processor.py:186} INFO - Started process (PID=620) to work on /home/airflow/.local/lib/python3.12/site-packages/airflow/example_dags/example_xcomargs.py
[2024-12-24T18:54:46.354+0000] {processor.py:914} INFO - Processing file /home/airflow/.local/lib/python3.12/site-packages/airflow/example_dags/example_xcomargs.py for tasks to queue
[2024-12-24T18:54:46.357+0000] {logging_mixin.py:190} INFO - [2024-12-24T18:54:46.356+0000] {dagbag.py:588} INFO - Filling up the DagBag from /home/airflow/.local/lib/python3.12/site-packages/airflow/example_dags/example_xcomargs.py
[2024-12-24T18:54:46.369+0000] {processor.py:925} INFO - DAG(s) 'example_xcom_args', 'example_xcom_args_with_operators' retrieved from /home/airflow/.local/lib/python3.12/site-packages/airflow/example_dags/example_xcomargs.py
[2024-12-24T18:54:46.401+0000] {logging_mixin.py:190} INFO - [2024-12-24T18:54:46.400+0000] {dag.py:3239} INFO - Sync 2 DAGs
[2024-12-24T18:54:46.419+0000] {logging_mixin.py:190} INFO - [2024-12-24T18:54:46.419+0000] {dag.py:4180} INFO - Setting next_dagrun for example_xcom_args to None, run_after=None
[2024-12-24T18:54:46.425+0000] {logging_mixin.py:190} INFO - [2024-12-24T18:54:46.425+0000] {dag.py:4180} INFO - Setting next_dagrun for example_xcom_args_with_operators to None, run_after=None
[2024-12-24T18:54:46.456+0000] {processor.py:208} INFO - Processing /home/airflow/.local/lib/python3.12/site-packages/airflow/example_dags/example_xcomargs.py took 0.111 seconds
[2024-12-24T18:55:18.168+0000] {processor.py:186} INFO - Started process (PID=689) to work on /home/airflow/.local/lib/python3.12/site-packages/airflow/example_dags/example_xcomargs.py
[2024-12-24T18:55:18.171+0000] {processor.py:914} INFO - Processing file /home/airflow/.local/lib/python3.12/site-packages/airflow/example_dags/example_xcomargs.py for tasks to queue
[2024-12-24T18:55:18.175+0000] {logging_mixin.py:190} INFO - [2024-12-24T18:55:18.174+0000] {dagbag.py:588} INFO - Filling up the DagBag from /home/airflow/.local/lib/python3.12/site-packages/airflow/example_dags/example_xcomargs.py
[2024-12-24T18:55:18.197+0000] {processor.py:925} INFO - DAG(s) 'example_xcom_args', 'example_xcom_args_with_operators' retrieved from /home/airflow/.local/lib/python3.12/site-packages/airflow/example_dags/example_xcomargs.py
[2024-12-24T18:55:18.238+0000] {logging_mixin.py:190} INFO - [2024-12-24T18:55:18.237+0000] {dag.py:3239} INFO - Sync 2 DAGs
[2024-12-24T18:55:18.257+0000] {logging_mixin.py:190} INFO - [2024-12-24T18:55:18.257+0000] {dag.py:4180} INFO - Setting next_dagrun for example_xcom_args to None, run_after=None
[2024-12-24T18:55:18.264+0000] {logging_mixin.py:190} INFO - [2024-12-24T18:55:18.264+0000] {dag.py:4180} INFO - Setting next_dagrun for example_xcom_args_with_operators to None, run_after=None
[2024-12-24T18:55:18.293+0000] {processor.py:208} INFO - Processing /home/airflow/.local/lib/python3.12/site-packages/airflow/example_dags/example_xcomargs.py took 0.138 seconds
[2024-12-24T18:55:48.396+0000] {processor.py:186} INFO - Started process (PID=751) to work on /home/airflow/.local/lib/python3.12/site-packages/airflow/example_dags/example_xcomargs.py
[2024-12-24T18:55:48.398+0000] {processor.py:914} INFO - Processing file /home/airflow/.local/lib/python3.12/site-packages/airflow/example_dags/example_xcomargs.py for tasks to queue
[2024-12-24T18:55:48.400+0000] {logging_mixin.py:190} INFO - [2024-12-24T18:55:48.400+0000] {dagbag.py:588} INFO - Filling up the DagBag from /home/airflow/.local/lib/python3.12/site-packages/airflow/example_dags/example_xcomargs.py
[2024-12-24T18:55:48.410+0000] {processor.py:925} INFO - DAG(s) 'example_xcom_args', 'example_xcom_args_with_operators' retrieved from /home/airflow/.local/lib/python3.12/site-packages/airflow/example_dags/example_xcomargs.py
[2024-12-24T18:55:48.436+0000] {logging_mixin.py:190} INFO - [2024-12-24T18:55:48.436+0000] {dag.py:3239} INFO - Sync 2 DAGs
[2024-12-24T18:55:48.452+0000] {logging_mixin.py:190} INFO - [2024-12-24T18:55:48.452+0000] {dag.py:4180} INFO - Setting next_dagrun for example_xcom_args to None, run_after=None
[2024-12-24T18:55:48.456+0000] {logging_mixin.py:190} INFO - [2024-12-24T18:55:48.456+0000] {dag.py:4180} INFO - Setting next_dagrun for example_xcom_args_with_operators to None, run_after=None
[2024-12-24T18:55:48.477+0000] {processor.py:208} INFO - Processing /home/airflow/.local/lib/python3.12/site-packages/airflow/example_dags/example_xcomargs.py took 0.086 seconds
[2024-12-24T18:56:20.945+0000] {processor.py:186} INFO - Started process (PID=815) to work on /home/airflow/.local/lib/python3.12/site-packages/airflow/example_dags/example_xcomargs.py
[2024-12-24T18:56:20.947+0000] {processor.py:914} INFO - Processing file /home/airflow/.local/lib/python3.12/site-packages/airflow/example_dags/example_xcomargs.py for tasks to queue
[2024-12-24T18:56:20.951+0000] {logging_mixin.py:190} INFO - [2024-12-24T18:56:20.950+0000] {dagbag.py:588} INFO - Filling up the DagBag from /home/airflow/.local/lib/python3.12/site-packages/airflow/example_dags/example_xcomargs.py
[2024-12-24T18:56:20.963+0000] {processor.py:925} INFO - DAG(s) 'example_xcom_args', 'example_xcom_args_with_operators' retrieved from /home/airflow/.local/lib/python3.12/site-packages/airflow/example_dags/example_xcomargs.py
[2024-12-24T18:56:21.003+0000] {logging_mixin.py:190} INFO - [2024-12-24T18:56:21.003+0000] {dag.py:3239} INFO - Sync 2 DAGs
[2024-12-24T18:56:21.023+0000] {logging_mixin.py:190} INFO - [2024-12-24T18:56:21.023+0000] {dag.py:4180} INFO - Setting next_dagrun for example_xcom_args to None, run_after=None
[2024-12-24T18:56:21.029+0000] {logging_mixin.py:190} INFO - [2024-12-24T18:56:21.029+0000] {dag.py:4180} INFO - Setting next_dagrun for example_xcom_args_with_operators to None, run_after=None
[2024-12-24T18:56:21.061+0000] {processor.py:208} INFO - Processing /home/airflow/.local/lib/python3.12/site-packages/airflow/example_dags/example_xcomargs.py took 0.123 seconds
[2024-12-24T18:56:51.299+0000] {processor.py:186} INFO - Started process (PID=877) to work on /home/airflow/.local/lib/python3.12/site-packages/airflow/example_dags/example_xcomargs.py
[2024-12-24T18:56:51.300+0000] {processor.py:914} INFO - Processing file /home/airflow/.local/lib/python3.12/site-packages/airflow/example_dags/example_xcomargs.py for tasks to queue
[2024-12-24T18:56:51.305+0000] {logging_mixin.py:190} INFO - [2024-12-24T18:56:51.304+0000] {dagbag.py:588} INFO - Filling up the DagBag from /home/airflow/.local/lib/python3.12/site-packages/airflow/example_dags/example_xcomargs.py
[2024-12-24T18:56:51.316+0000] {processor.py:925} INFO - DAG(s) 'example_xcom_args', 'example_xcom_args_with_operators' retrieved from /home/airflow/.local/lib/python3.12/site-packages/airflow/example_dags/example_xcomargs.py
[2024-12-24T18:56:51.354+0000] {logging_mixin.py:190} INFO - [2024-12-24T18:56:51.353+0000] {dag.py:3239} INFO - Sync 2 DAGs
[2024-12-24T18:56:51.378+0000] {logging_mixin.py:190} INFO - [2024-12-24T18:56:51.377+0000] {dag.py:4180} INFO - Setting next_dagrun for example_xcom_args to None, run_after=None
[2024-12-24T18:56:51.384+0000] {logging_mixin.py:190} INFO - [2024-12-24T18:56:51.384+0000] {dag.py:4180} INFO - Setting next_dagrun for example_xcom_args_with_operators to None, run_after=None
[2024-12-24T18:56:51.419+0000] {processor.py:208} INFO - Processing /home/airflow/.local/lib/python3.12/site-packages/airflow/example_dags/example_xcomargs.py took 0.128 seconds
[2024-12-24T18:57:21.664+0000] {processor.py:186} INFO - Started process (PID=939) to work on /home/airflow/.local/lib/python3.12/site-packages/airflow/example_dags/example_xcomargs.py
[2024-12-24T18:57:21.666+0000] {processor.py:914} INFO - Processing file /home/airflow/.local/lib/python3.12/site-packages/airflow/example_dags/example_xcomargs.py for tasks to queue
[2024-12-24T18:57:21.670+0000] {logging_mixin.py:190} INFO - [2024-12-24T18:57:21.670+0000] {dagbag.py:588} INFO - Filling up the DagBag from /home/airflow/.local/lib/python3.12/site-packages/airflow/example_dags/example_xcomargs.py
[2024-12-24T18:57:21.690+0000] {processor.py:925} INFO - DAG(s) 'example_xcom_args_with_operators', 'example_xcom_args' retrieved from /home/airflow/.local/lib/python3.12/site-packages/airflow/example_dags/example_xcomargs.py
[2024-12-24T18:57:21.732+0000] {logging_mixin.py:190} INFO - [2024-12-24T18:57:21.732+0000] {dag.py:3239} INFO - Sync 2 DAGs
[2024-12-24T18:57:21.763+0000] {logging_mixin.py:190} INFO - [2024-12-24T18:57:21.763+0000] {dag.py:4180} INFO - Setting next_dagrun for example_xcom_args to None, run_after=None
[2024-12-24T18:57:21.771+0000] {logging_mixin.py:190} INFO - [2024-12-24T18:57:21.771+0000] {dag.py:4180} INFO - Setting next_dagrun for example_xcom_args_with_operators to None, run_after=None
[2024-12-24T18:57:21.804+0000] {processor.py:208} INFO - Processing /home/airflow/.local/lib/python3.12/site-packages/airflow/example_dags/example_xcomargs.py took 0.151 seconds
[2024-12-24T18:57:52.539+0000] {processor.py:186} INFO - Started process (PID=1002) to work on /home/airflow/.local/lib/python3.12/site-packages/airflow/example_dags/example_xcomargs.py
[2024-12-24T18:57:52.540+0000] {processor.py:914} INFO - Processing file /home/airflow/.local/lib/python3.12/site-packages/airflow/example_dags/example_xcomargs.py for tasks to queue
[2024-12-24T18:57:52.543+0000] {logging_mixin.py:190} INFO - [2024-12-24T18:57:52.542+0000] {dagbag.py:588} INFO - Filling up the DagBag from /home/airflow/.local/lib/python3.12/site-packages/airflow/example_dags/example_xcomargs.py
[2024-12-24T18:57:52.552+0000] {processor.py:925} INFO - DAG(s) 'example_xcom_args_with_operators', 'example_xcom_args' retrieved from /home/airflow/.local/lib/python3.12/site-packages/airflow/example_dags/example_xcomargs.py
[2024-12-24T18:57:52.579+0000] {logging_mixin.py:190} INFO - [2024-12-24T18:57:52.578+0000] {dag.py:3239} INFO - Sync 2 DAGs
[2024-12-24T18:57:52.593+0000] {logging_mixin.py:190} INFO - [2024-12-24T18:57:52.593+0000] {dag.py:4180} INFO - Setting next_dagrun for example_xcom_args to None, run_after=None
[2024-12-24T18:57:52.598+0000] {logging_mixin.py:190} INFO - [2024-12-24T18:57:52.598+0000] {dag.py:4180} INFO - Setting next_dagrun for example_xcom_args_with_operators to None, run_after=None
[2024-12-24T18:57:52.619+0000] {processor.py:208} INFO - Processing /home/airflow/.local/lib/python3.12/site-packages/airflow/example_dags/example_xcomargs.py took 0.086 seconds
[2024-12-24T18:58:23.707+0000] {processor.py:186} INFO - Started process (PID=1065) to work on /home/airflow/.local/lib/python3.12/site-packages/airflow/example_dags/example_xcomargs.py
[2024-12-24T18:58:23.708+0000] {processor.py:914} INFO - Processing file /home/airflow/.local/lib/python3.12/site-packages/airflow/example_dags/example_xcomargs.py for tasks to queue
[2024-12-24T18:58:23.711+0000] {logging_mixin.py:190} INFO - [2024-12-24T18:58:23.710+0000] {dagbag.py:588} INFO - Filling up the DagBag from /home/airflow/.local/lib/python3.12/site-packages/airflow/example_dags/example_xcomargs.py
[2024-12-24T18:58:23.721+0000] {processor.py:925} INFO - DAG(s) 'example_xcom_args', 'example_xcom_args_with_operators' retrieved from /home/airflow/.local/lib/python3.12/site-packages/airflow/example_dags/example_xcomargs.py
[2024-12-24T18:58:23.750+0000] {logging_mixin.py:190} INFO - [2024-12-24T18:58:23.750+0000] {dag.py:3239} INFO - Sync 2 DAGs
[2024-12-24T18:58:23.767+0000] {logging_mixin.py:190} INFO - [2024-12-24T18:58:23.767+0000] {dag.py:4180} INFO - Setting next_dagrun for example_xcom_args to None, run_after=None
[2024-12-24T18:58:23.772+0000] {logging_mixin.py:190} INFO - [2024-12-24T18:58:23.771+0000] {dag.py:4180} INFO - Setting next_dagrun for example_xcom_args_with_operators to None, run_after=None
[2024-12-24T18:58:23.796+0000] {processor.py:208} INFO - Processing /home/airflow/.local/lib/python3.12/site-packages/airflow/example_dags/example_xcomargs.py took 0.095 seconds
[2024-12-24T18:58:55.503+0000] {processor.py:186} INFO - Started process (PID=1128) to work on /home/airflow/.local/lib/python3.12/site-packages/airflow/example_dags/example_xcomargs.py
[2024-12-24T18:58:55.505+0000] {processor.py:914} INFO - Processing file /home/airflow/.local/lib/python3.12/site-packages/airflow/example_dags/example_xcomargs.py for tasks to queue
[2024-12-24T18:58:55.507+0000] {logging_mixin.py:190} INFO - [2024-12-24T18:58:55.507+0000] {dagbag.py:588} INFO - Filling up the DagBag from /home/airflow/.local/lib/python3.12/site-packages/airflow/example_dags/example_xcomargs.py
[2024-12-24T18:58:55.518+0000] {processor.py:925} INFO - DAG(s) 'example_xcom_args_with_operators', 'example_xcom_args' retrieved from /home/airflow/.local/lib/python3.12/site-packages/airflow/example_dags/example_xcomargs.py
[2024-12-24T18:58:55.545+0000] {logging_mixin.py:190} INFO - [2024-12-24T18:58:55.545+0000] {dag.py:3239} INFO - Sync 2 DAGs
[2024-12-24T18:58:55.562+0000] {logging_mixin.py:190} INFO - [2024-12-24T18:58:55.562+0000] {dag.py:4180} INFO - Setting next_dagrun for example_xcom_args to None, run_after=None
[2024-12-24T18:58:55.567+0000] {logging_mixin.py:190} INFO - [2024-12-24T18:58:55.566+0000] {dag.py:4180} INFO - Setting next_dagrun for example_xcom_args_with_operators to None, run_after=None
[2024-12-24T18:58:55.588+0000] {processor.py:208} INFO - Processing /home/airflow/.local/lib/python3.12/site-packages/airflow/example_dags/example_xcomargs.py took 0.091 seconds
[2024-12-24T18:59:26.516+0000] {processor.py:186} INFO - Started process (PID=1191) to work on /home/airflow/.local/lib/python3.12/site-packages/airflow/example_dags/example_xcomargs.py
[2024-12-24T18:59:26.517+0000] {processor.py:914} INFO - Processing file /home/airflow/.local/lib/python3.12/site-packages/airflow/example_dags/example_xcomargs.py for tasks to queue
[2024-12-24T18:59:26.520+0000] {logging_mixin.py:190} INFO - [2024-12-24T18:59:26.520+0000] {dagbag.py:588} INFO - Filling up the DagBag from /home/airflow/.local/lib/python3.12/site-packages/airflow/example_dags/example_xcomargs.py
[2024-12-24T18:59:26.531+0000] {processor.py:925} INFO - DAG(s) 'example_xcom_args', 'example_xcom_args_with_operators' retrieved from /home/airflow/.local/lib/python3.12/site-packages/airflow/example_dags/example_xcomargs.py
[2024-12-24T18:59:26.559+0000] {logging_mixin.py:190} INFO - [2024-12-24T18:59:26.559+0000] {dag.py:3239} INFO - Sync 2 DAGs
[2024-12-24T18:59:26.575+0000] {logging_mixin.py:190} INFO - [2024-12-24T18:59:26.575+0000] {dag.py:4180} INFO - Setting next_dagrun for example_xcom_args to None, run_after=None
[2024-12-24T18:59:26.580+0000] {logging_mixin.py:190} INFO - [2024-12-24T18:59:26.580+0000] {dag.py:4180} INFO - Setting next_dagrun for example_xcom_args_with_operators to None, run_after=None
[2024-12-24T18:59:26.603+0000] {processor.py:208} INFO - Processing /home/airflow/.local/lib/python3.12/site-packages/airflow/example_dags/example_xcomargs.py took 0.093 seconds
[2024-12-24T18:59:57.354+0000] {processor.py:186} INFO - Started process (PID=1254) to work on /home/airflow/.local/lib/python3.12/site-packages/airflow/example_dags/example_xcomargs.py
[2024-12-24T18:59:57.355+0000] {processor.py:914} INFO - Processing file /home/airflow/.local/lib/python3.12/site-packages/airflow/example_dags/example_xcomargs.py for tasks to queue
[2024-12-24T18:59:57.359+0000] {logging_mixin.py:190} INFO - [2024-12-24T18:59:57.358+0000] {dagbag.py:588} INFO - Filling up the DagBag from /home/airflow/.local/lib/python3.12/site-packages/airflow/example_dags/example_xcomargs.py
[2024-12-24T18:59:57.369+0000] {processor.py:925} INFO - DAG(s) 'example_xcom_args_with_operators', 'example_xcom_args' retrieved from /home/airflow/.local/lib/python3.12/site-packages/airflow/example_dags/example_xcomargs.py
[2024-12-24T18:59:57.398+0000] {logging_mixin.py:190} INFO - [2024-12-24T18:59:57.398+0000] {dag.py:3239} INFO - Sync 2 DAGs
[2024-12-24T18:59:57.415+0000] {logging_mixin.py:190} INFO - [2024-12-24T18:59:57.415+0000] {dag.py:4180} INFO - Setting next_dagrun for example_xcom_args to None, run_after=None
[2024-12-24T18:59:57.420+0000] {logging_mixin.py:190} INFO - [2024-12-24T18:59:57.420+0000] {dag.py:4180} INFO - Setting next_dagrun for example_xcom_args_with_operators to None, run_after=None
[2024-12-24T18:59:57.454+0000] {processor.py:208} INFO - Processing /home/airflow/.local/lib/python3.12/site-packages/airflow/example_dags/example_xcomargs.py took 0.106 seconds
[2024-12-24T19:00:27.806+0000] {processor.py:186} INFO - Started process (PID=1317) to work on /home/airflow/.local/lib/python3.12/site-packages/airflow/example_dags/example_xcomargs.py
[2024-12-24T19:00:27.807+0000] {processor.py:914} INFO - Processing file /home/airflow/.local/lib/python3.12/site-packages/airflow/example_dags/example_xcomargs.py for tasks to queue
[2024-12-24T19:00:27.811+0000] {logging_mixin.py:190} INFO - [2024-12-24T19:00:27.811+0000] {dagbag.py:588} INFO - Filling up the DagBag from /home/airflow/.local/lib/python3.12/site-packages/airflow/example_dags/example_xcomargs.py
[2024-12-24T19:00:27.826+0000] {processor.py:925} INFO - DAG(s) 'example_xcom_args_with_operators', 'example_xcom_args' retrieved from /home/airflow/.local/lib/python3.12/site-packages/airflow/example_dags/example_xcomargs.py
[2024-12-24T19:00:27.857+0000] {logging_mixin.py:190} INFO - [2024-12-24T19:00:27.856+0000] {dag.py:3239} INFO - Sync 2 DAGs
[2024-12-24T19:00:27.874+0000] {logging_mixin.py:190} INFO - [2024-12-24T19:00:27.874+0000] {dag.py:4180} INFO - Setting next_dagrun for example_xcom_args to None, run_after=None
[2024-12-24T19:00:27.879+0000] {logging_mixin.py:190} INFO - [2024-12-24T19:00:27.879+0000] {dag.py:4180} INFO - Setting next_dagrun for example_xcom_args_with_operators to None, run_after=None
[2024-12-24T19:00:27.905+0000] {processor.py:208} INFO - Processing /home/airflow/.local/lib/python3.12/site-packages/airflow/example_dags/example_xcomargs.py took 0.106 seconds
[2024-12-24T19:00:58.593+0000] {processor.py:186} INFO - Started process (PID=1379) to work on /home/airflow/.local/lib/python3.12/site-packages/airflow/example_dags/example_xcomargs.py
[2024-12-24T19:00:58.594+0000] {processor.py:914} INFO - Processing file /home/airflow/.local/lib/python3.12/site-packages/airflow/example_dags/example_xcomargs.py for tasks to queue
[2024-12-24T19:00:58.597+0000] {logging_mixin.py:190} INFO - [2024-12-24T19:00:58.597+0000] {dagbag.py:588} INFO - Filling up the DagBag from /home/airflow/.local/lib/python3.12/site-packages/airflow/example_dags/example_xcomargs.py
[2024-12-24T19:00:58.609+0000] {processor.py:925} INFO - DAG(s) 'example_xcom_args', 'example_xcom_args_with_operators' retrieved from /home/airflow/.local/lib/python3.12/site-packages/airflow/example_dags/example_xcomargs.py
[2024-12-24T19:00:58.637+0000] {logging_mixin.py:190} INFO - [2024-12-24T19:00:58.636+0000] {dag.py:3239} INFO - Sync 2 DAGs
[2024-12-24T19:00:58.653+0000] {logging_mixin.py:190} INFO - [2024-12-24T19:00:58.653+0000] {dag.py:4180} INFO - Setting next_dagrun for example_xcom_args to None, run_after=None
[2024-12-24T19:00:58.658+0000] {logging_mixin.py:190} INFO - [2024-12-24T19:00:58.658+0000] {dag.py:4180} INFO - Setting next_dagrun for example_xcom_args_with_operators to None, run_after=None
[2024-12-24T19:00:58.680+0000] {processor.py:208} INFO - Processing /home/airflow/.local/lib/python3.12/site-packages/airflow/example_dags/example_xcomargs.py took 0.093 seconds
[2024-12-24T19:01:29.289+0000] {processor.py:186} INFO - Started process (PID=1442) to work on /home/airflow/.local/lib/python3.12/site-packages/airflow/example_dags/example_xcomargs.py
[2024-12-24T19:01:29.290+0000] {processor.py:914} INFO - Processing file /home/airflow/.local/lib/python3.12/site-packages/airflow/example_dags/example_xcomargs.py for tasks to queue
[2024-12-24T19:01:29.293+0000] {logging_mixin.py:190} INFO - [2024-12-24T19:01:29.292+0000] {dagbag.py:588} INFO - Filling up the DagBag from /home/airflow/.local/lib/python3.12/site-packages/airflow/example_dags/example_xcomargs.py
[2024-12-24T19:01:29.303+0000] {processor.py:925} INFO - DAG(s) 'example_xcom_args', 'example_xcom_args_with_operators' retrieved from /home/airflow/.local/lib/python3.12/site-packages/airflow/example_dags/example_xcomargs.py
[2024-12-24T19:01:29.330+0000] {logging_mixin.py:190} INFO - [2024-12-24T19:01:29.330+0000] {dag.py:3239} INFO - Sync 2 DAGs
[2024-12-24T19:01:29.346+0000] {logging_mixin.py:190} INFO - [2024-12-24T19:01:29.346+0000] {dag.py:4180} INFO - Setting next_dagrun for example_xcom_args to None, run_after=None
[2024-12-24T19:01:29.351+0000] {logging_mixin.py:190} INFO - [2024-12-24T19:01:29.350+0000] {dag.py:4180} INFO - Setting next_dagrun for example_xcom_args_with_operators to None, run_after=None
[2024-12-24T19:01:29.375+0000] {processor.py:208} INFO - Processing /home/airflow/.local/lib/python3.12/site-packages/airflow/example_dags/example_xcomargs.py took 0.092 seconds
[2024-12-24T19:01:59.933+0000] {processor.py:186} INFO - Started process (PID=1504) to work on /home/airflow/.local/lib/python3.12/site-packages/airflow/example_dags/example_xcomargs.py
[2024-12-24T19:01:59.934+0000] {processor.py:914} INFO - Processing file /home/airflow/.local/lib/python3.12/site-packages/airflow/example_dags/example_xcomargs.py for tasks to queue
[2024-12-24T19:01:59.937+0000] {logging_mixin.py:190} INFO - [2024-12-24T19:01:59.937+0000] {dagbag.py:588} INFO - Filling up the DagBag from /home/airflow/.local/lib/python3.12/site-packages/airflow/example_dags/example_xcomargs.py
[2024-12-24T19:01:59.948+0000] {processor.py:925} INFO - DAG(s) 'example_xcom_args_with_operators', 'example_xcom_args' retrieved from /home/airflow/.local/lib/python3.12/site-packages/airflow/example_dags/example_xcomargs.py
[2024-12-24T19:01:59.976+0000] {logging_mixin.py:190} INFO - [2024-12-24T19:01:59.975+0000] {dag.py:3239} INFO - Sync 2 DAGs
[2024-12-24T19:01:59.993+0000] {logging_mixin.py:190} INFO - [2024-12-24T19:01:59.992+0000] {dag.py:4180} INFO - Setting next_dagrun for example_xcom_args to None, run_after=None
[2024-12-24T19:01:59.997+0000] {logging_mixin.py:190} INFO - [2024-12-24T19:01:59.997+0000] {dag.py:4180} INFO - Setting next_dagrun for example_xcom_args_with_operators to None, run_after=None
[2024-12-24T19:02:00.020+0000] {processor.py:208} INFO - Processing /home/airflow/.local/lib/python3.12/site-packages/airflow/example_dags/example_xcomargs.py took 0.093 seconds
[2024-12-24T19:02:30.667+0000] {processor.py:186} INFO - Started process (PID=1573) to work on /home/airflow/.local/lib/python3.12/site-packages/airflow/example_dags/example_xcomargs.py
[2024-12-24T19:02:30.669+0000] {processor.py:914} INFO - Processing file /home/airflow/.local/lib/python3.12/site-packages/airflow/example_dags/example_xcomargs.py for tasks to queue
[2024-12-24T19:02:30.672+0000] {logging_mixin.py:190} INFO - [2024-12-24T19:02:30.672+0000] {dagbag.py:588} INFO - Filling up the DagBag from /home/airflow/.local/lib/python3.12/site-packages/airflow/example_dags/example_xcomargs.py
[2024-12-24T19:02:30.683+0000] {processor.py:925} INFO - DAG(s) 'example_xcom_args_with_operators', 'example_xcom_args' retrieved from /home/airflow/.local/lib/python3.12/site-packages/airflow/example_dags/example_xcomargs.py
[2024-12-24T19:02:30.715+0000] {logging_mixin.py:190} INFO - [2024-12-24T19:02:30.714+0000] {dag.py:3239} INFO - Sync 2 DAGs
[2024-12-24T19:02:30.738+0000] {logging_mixin.py:190} INFO - [2024-12-24T19:02:30.737+0000] {dag.py:4180} INFO - Setting next_dagrun for example_xcom_args to None, run_after=None
[2024-12-24T19:02:30.744+0000] {logging_mixin.py:190} INFO - [2024-12-24T19:02:30.743+0000] {dag.py:4180} INFO - Setting next_dagrun for example_xcom_args_with_operators to None, run_after=None
[2024-12-24T19:02:30.783+0000] {processor.py:208} INFO - Processing /home/airflow/.local/lib/python3.12/site-packages/airflow/example_dags/example_xcomargs.py took 0.122 seconds
[2024-12-24T19:03:02.719+0000] {processor.py:186} INFO - Started process (PID=1636) to work on /home/airflow/.local/lib/python3.12/site-packages/airflow/example_dags/example_xcomargs.py
[2024-12-24T19:03:02.721+0000] {processor.py:914} INFO - Processing file /home/airflow/.local/lib/python3.12/site-packages/airflow/example_dags/example_xcomargs.py for tasks to queue
[2024-12-24T19:03:02.725+0000] {logging_mixin.py:190} INFO - [2024-12-24T19:03:02.725+0000] {dagbag.py:588} INFO - Filling up the DagBag from /home/airflow/.local/lib/python3.12/site-packages/airflow/example_dags/example_xcomargs.py
[2024-12-24T19:03:02.744+0000] {processor.py:925} INFO - DAG(s) 'example_xcom_args', 'example_xcom_args_with_operators' retrieved from /home/airflow/.local/lib/python3.12/site-packages/airflow/example_dags/example_xcomargs.py
[2024-12-24T19:03:02.783+0000] {logging_mixin.py:190} INFO - [2024-12-24T19:03:02.783+0000] {dag.py:3239} INFO - Sync 2 DAGs
[2024-12-24T19:03:02.802+0000] {logging_mixin.py:190} INFO - [2024-12-24T19:03:02.802+0000] {dag.py:4180} INFO - Setting next_dagrun for example_xcom_args to None, run_after=None
[2024-12-24T19:03:02.809+0000] {logging_mixin.py:190} INFO - [2024-12-24T19:03:02.808+0000] {dag.py:4180} INFO - Setting next_dagrun for example_xcom_args_with_operators to None, run_after=None
[2024-12-24T19:03:02.841+0000] {processor.py:208} INFO - Processing /home/airflow/.local/lib/python3.12/site-packages/airflow/example_dags/example_xcomargs.py took 0.132 seconds
[2024-12-24T19:03:33.361+0000] {processor.py:186} INFO - Started process (PID=1699) to work on /home/airflow/.local/lib/python3.12/site-packages/airflow/example_dags/example_xcomargs.py
[2024-12-24T19:03:33.363+0000] {processor.py:914} INFO - Processing file /home/airflow/.local/lib/python3.12/site-packages/airflow/example_dags/example_xcomargs.py for tasks to queue
[2024-12-24T19:03:33.366+0000] {logging_mixin.py:190} INFO - [2024-12-24T19:03:33.365+0000] {dagbag.py:588} INFO - Filling up the DagBag from /home/airflow/.local/lib/python3.12/site-packages/airflow/example_dags/example_xcomargs.py
[2024-12-24T19:03:33.376+0000] {processor.py:925} INFO - DAG(s) 'example_xcom_args_with_operators', 'example_xcom_args' retrieved from /home/airflow/.local/lib/python3.12/site-packages/airflow/example_dags/example_xcomargs.py
[2024-12-24T19:03:33.408+0000] {logging_mixin.py:190} INFO - [2024-12-24T19:03:33.408+0000] {dag.py:3239} INFO - Sync 2 DAGs
[2024-12-24T19:03:33.426+0000] {logging_mixin.py:190} INFO - [2024-12-24T19:03:33.426+0000] {dag.py:4180} INFO - Setting next_dagrun for example_xcom_args to None, run_after=None
[2024-12-24T19:03:33.432+0000] {logging_mixin.py:190} INFO - [2024-12-24T19:03:33.432+0000] {dag.py:4180} INFO - Setting next_dagrun for example_xcom_args_with_operators to None, run_after=None
[2024-12-24T19:03:33.462+0000] {processor.py:208} INFO - Processing /home/airflow/.local/lib/python3.12/site-packages/airflow/example_dags/example_xcomargs.py took 0.107 seconds
[2024-12-24T19:04:04.195+0000] {processor.py:186} INFO - Started process (PID=1762) to work on /home/airflow/.local/lib/python3.12/site-packages/airflow/example_dags/example_xcomargs.py
[2024-12-24T19:04:04.197+0000] {processor.py:914} INFO - Processing file /home/airflow/.local/lib/python3.12/site-packages/airflow/example_dags/example_xcomargs.py for tasks to queue
[2024-12-24T19:04:04.199+0000] {logging_mixin.py:190} INFO - [2024-12-24T19:04:04.199+0000] {dagbag.py:588} INFO - Filling up the DagBag from /home/airflow/.local/lib/python3.12/site-packages/airflow/example_dags/example_xcomargs.py
[2024-12-24T19:04:04.210+0000] {processor.py:925} INFO - DAG(s) 'example_xcom_args_with_operators', 'example_xcom_args' retrieved from /home/airflow/.local/lib/python3.12/site-packages/airflow/example_dags/example_xcomargs.py
[2024-12-24T19:04:04.236+0000] {logging_mixin.py:190} INFO - [2024-12-24T19:04:04.236+0000] {dag.py:3239} INFO - Sync 2 DAGs
[2024-12-24T19:04:04.251+0000] {logging_mixin.py:190} INFO - [2024-12-24T19:04:04.251+0000] {dag.py:4180} INFO - Setting next_dagrun for example_xcom_args to None, run_after=None
[2024-12-24T19:04:04.256+0000] {logging_mixin.py:190} INFO - [2024-12-24T19:04:04.256+0000] {dag.py:4180} INFO - Setting next_dagrun for example_xcom_args_with_operators to None, run_after=None
[2024-12-24T19:04:04.302+0000] {processor.py:208} INFO - Processing /home/airflow/.local/lib/python3.12/site-packages/airflow/example_dags/example_xcomargs.py took 0.113 seconds
[2024-12-24T19:04:34.621+0000] {processor.py:186} INFO - Started process (PID=1825) to work on /home/airflow/.local/lib/python3.12/site-packages/airflow/example_dags/example_xcomargs.py
[2024-12-24T19:04:34.622+0000] {processor.py:914} INFO - Processing file /home/airflow/.local/lib/python3.12/site-packages/airflow/example_dags/example_xcomargs.py for tasks to queue
[2024-12-24T19:04:34.625+0000] {logging_mixin.py:190} INFO - [2024-12-24T19:04:34.625+0000] {dagbag.py:588} INFO - Filling up the DagBag from /home/airflow/.local/lib/python3.12/site-packages/airflow/example_dags/example_xcomargs.py
[2024-12-24T19:04:34.636+0000] {processor.py:925} INFO - DAG(s) 'example_xcom_args_with_operators', 'example_xcom_args' retrieved from /home/airflow/.local/lib/python3.12/site-packages/airflow/example_dags/example_xcomargs.py
[2024-12-24T19:04:34.668+0000] {logging_mixin.py:190} INFO - [2024-12-24T19:04:34.668+0000] {dag.py:3239} INFO - Sync 2 DAGs
[2024-12-24T19:04:34.687+0000] {logging_mixin.py:190} INFO - [2024-12-24T19:04:34.687+0000] {dag.py:4180} INFO - Setting next_dagrun for example_xcom_args to None, run_after=None
[2024-12-24T19:04:34.693+0000] {logging_mixin.py:190} INFO - [2024-12-24T19:04:34.692+0000] {dag.py:4180} INFO - Setting next_dagrun for example_xcom_args_with_operators to None, run_after=None
[2024-12-24T19:04:34.718+0000] {processor.py:208} INFO - Processing /home/airflow/.local/lib/python3.12/site-packages/airflow/example_dags/example_xcomargs.py took 0.103 seconds
[2024-12-24T19:05:04.914+0000] {processor.py:186} INFO - Started process (PID=1887) to work on /home/airflow/.local/lib/python3.12/site-packages/airflow/example_dags/example_xcomargs.py
[2024-12-24T19:05:04.915+0000] {processor.py:914} INFO - Processing file /home/airflow/.local/lib/python3.12/site-packages/airflow/example_dags/example_xcomargs.py for tasks to queue
[2024-12-24T19:05:04.918+0000] {logging_mixin.py:190} INFO - [2024-12-24T19:05:04.918+0000] {dagbag.py:588} INFO - Filling up the DagBag from /home/airflow/.local/lib/python3.12/site-packages/airflow/example_dags/example_xcomargs.py
[2024-12-24T19:05:04.929+0000] {processor.py:925} INFO - DAG(s) 'example_xcom_args_with_operators', 'example_xcom_args' retrieved from /home/airflow/.local/lib/python3.12/site-packages/airflow/example_dags/example_xcomargs.py
[2024-12-24T19:05:04.958+0000] {logging_mixin.py:190} INFO - [2024-12-24T19:05:04.958+0000] {dag.py:3239} INFO - Sync 2 DAGs
[2024-12-24T19:05:04.977+0000] {logging_mixin.py:190} INFO - [2024-12-24T19:05:04.976+0000] {dag.py:4180} INFO - Setting next_dagrun for example_xcom_args to None, run_after=None
[2024-12-24T19:05:04.981+0000] {logging_mixin.py:190} INFO - [2024-12-24T19:05:04.981+0000] {dag.py:4180} INFO - Setting next_dagrun for example_xcom_args_with_operators to None, run_after=None
[2024-12-24T19:05:05.007+0000] {processor.py:208} INFO - Processing /home/airflow/.local/lib/python3.12/site-packages/airflow/example_dags/example_xcomargs.py took 0.099 seconds
[2024-12-24T19:05:35.657+0000] {processor.py:186} INFO - Started process (PID=1950) to work on /home/airflow/.local/lib/python3.12/site-packages/airflow/example_dags/example_xcomargs.py
[2024-12-24T19:05:35.658+0000] {processor.py:914} INFO - Processing file /home/airflow/.local/lib/python3.12/site-packages/airflow/example_dags/example_xcomargs.py for tasks to queue
[2024-12-24T19:05:35.662+0000] {logging_mixin.py:190} INFO - [2024-12-24T19:05:35.662+0000] {dagbag.py:588} INFO - Filling up the DagBag from /home/airflow/.local/lib/python3.12/site-packages/airflow/example_dags/example_xcomargs.py
[2024-12-24T19:05:35.673+0000] {processor.py:925} INFO - DAG(s) 'example_xcom_args_with_operators', 'example_xcom_args' retrieved from /home/airflow/.local/lib/python3.12/site-packages/airflow/example_dags/example_xcomargs.py
[2024-12-24T19:05:35.701+0000] {logging_mixin.py:190} INFO - [2024-12-24T19:05:35.700+0000] {dag.py:3239} INFO - Sync 2 DAGs
[2024-12-24T19:05:35.718+0000] {logging_mixin.py:190} INFO - [2024-12-24T19:05:35.718+0000] {dag.py:4180} INFO - Setting next_dagrun for example_xcom_args to None, run_after=None
[2024-12-24T19:05:35.723+0000] {logging_mixin.py:190} INFO - [2024-12-24T19:05:35.722+0000] {dag.py:4180} INFO - Setting next_dagrun for example_xcom_args_with_operators to None, run_after=None
[2024-12-24T19:05:35.748+0000] {processor.py:208} INFO - Processing /home/airflow/.local/lib/python3.12/site-packages/airflow/example_dags/example_xcomargs.py took 0.097 seconds
[2024-12-24T19:06:05.809+0000] {processor.py:186} INFO - Started process (PID=2013) to work on /home/airflow/.local/lib/python3.12/site-packages/airflow/example_dags/example_xcomargs.py
[2024-12-24T19:06:05.810+0000] {processor.py:914} INFO - Processing file /home/airflow/.local/lib/python3.12/site-packages/airflow/example_dags/example_xcomargs.py for tasks to queue
[2024-12-24T19:06:05.813+0000] {logging_mixin.py:190} INFO - [2024-12-24T19:06:05.813+0000] {dagbag.py:588} INFO - Filling up the DagBag from /home/airflow/.local/lib/python3.12/site-packages/airflow/example_dags/example_xcomargs.py
[2024-12-24T19:06:05.824+0000] {processor.py:925} INFO - DAG(s) 'example_xcom_args', 'example_xcom_args_with_operators' retrieved from /home/airflow/.local/lib/python3.12/site-packages/airflow/example_dags/example_xcomargs.py
[2024-12-24T19:06:05.858+0000] {logging_mixin.py:190} INFO - [2024-12-24T19:06:05.857+0000] {dag.py:3239} INFO - Sync 2 DAGs
[2024-12-24T19:06:05.877+0000] {logging_mixin.py:190} INFO - [2024-12-24T19:06:05.877+0000] {dag.py:4180} INFO - Setting next_dagrun for example_xcom_args to None, run_after=None
[2024-12-24T19:06:05.884+0000] {logging_mixin.py:190} INFO - [2024-12-24T19:06:05.884+0000] {dag.py:4180} INFO - Setting next_dagrun for example_xcom_args_with_operators to None, run_after=None
[2024-12-24T19:06:05.913+0000] {processor.py:208} INFO - Processing /home/airflow/.local/lib/python3.12/site-packages/airflow/example_dags/example_xcomargs.py took 0.110 seconds
[2024-12-24T19:06:36.029+0000] {processor.py:186} INFO - Started process (PID=2076) to work on /home/airflow/.local/lib/python3.12/site-packages/airflow/example_dags/example_xcomargs.py
[2024-12-24T19:06:36.030+0000] {processor.py:914} INFO - Processing file /home/airflow/.local/lib/python3.12/site-packages/airflow/example_dags/example_xcomargs.py for tasks to queue
[2024-12-24T19:06:36.034+0000] {logging_mixin.py:190} INFO - [2024-12-24T19:06:36.033+0000] {dagbag.py:588} INFO - Filling up the DagBag from /home/airflow/.local/lib/python3.12/site-packages/airflow/example_dags/example_xcomargs.py
[2024-12-24T19:06:36.044+0000] {processor.py:925} INFO - DAG(s) 'example_xcom_args', 'example_xcom_args_with_operators' retrieved from /home/airflow/.local/lib/python3.12/site-packages/airflow/example_dags/example_xcomargs.py
[2024-12-24T19:06:36.072+0000] {logging_mixin.py:190} INFO - [2024-12-24T19:06:36.071+0000] {dag.py:3239} INFO - Sync 2 DAGs
[2024-12-24T19:06:36.088+0000] {logging_mixin.py:190} INFO - [2024-12-24T19:06:36.088+0000] {dag.py:4180} INFO - Setting next_dagrun for example_xcom_args to None, run_after=None
[2024-12-24T19:06:36.092+0000] {logging_mixin.py:190} INFO - [2024-12-24T19:06:36.092+0000] {dag.py:4180} INFO - Setting next_dagrun for example_xcom_args_with_operators to None, run_after=None
[2024-12-24T19:06:36.116+0000] {processor.py:208} INFO - Processing /home/airflow/.local/lib/python3.12/site-packages/airflow/example_dags/example_xcomargs.py took 0.093 seconds
[2024-12-24T19:07:06.864+0000] {processor.py:186} INFO - Started process (PID=2139) to work on /home/airflow/.local/lib/python3.12/site-packages/airflow/example_dags/example_xcomargs.py
[2024-12-24T19:07:06.866+0000] {processor.py:914} INFO - Processing file /home/airflow/.local/lib/python3.12/site-packages/airflow/example_dags/example_xcomargs.py for tasks to queue
[2024-12-24T19:07:06.869+0000] {logging_mixin.py:190} INFO - [2024-12-24T19:07:06.868+0000] {dagbag.py:588} INFO - Filling up the DagBag from /home/airflow/.local/lib/python3.12/site-packages/airflow/example_dags/example_xcomargs.py
[2024-12-24T19:07:06.879+0000] {processor.py:925} INFO - DAG(s) 'example_xcom_args', 'example_xcom_args_with_operators' retrieved from /home/airflow/.local/lib/python3.12/site-packages/airflow/example_dags/example_xcomargs.py
[2024-12-24T19:07:06.910+0000] {logging_mixin.py:190} INFO - [2024-12-24T19:07:06.910+0000] {dag.py:3239} INFO - Sync 2 DAGs
[2024-12-24T19:07:06.934+0000] {logging_mixin.py:190} INFO - [2024-12-24T19:07:06.934+0000] {dag.py:4180} INFO - Setting next_dagrun for example_xcom_args to None, run_after=None
[2024-12-24T19:07:06.941+0000] {logging_mixin.py:190} INFO - [2024-12-24T19:07:06.941+0000] {dag.py:4180} INFO - Setting next_dagrun for example_xcom_args_with_operators to None, run_after=None
[2024-12-24T19:07:06.967+0000] {processor.py:208} INFO - Processing /home/airflow/.local/lib/python3.12/site-packages/airflow/example_dags/example_xcomargs.py took 0.109 seconds
[2024-12-24T19:07:37.686+0000] {processor.py:186} INFO - Started process (PID=2202) to work on /home/airflow/.local/lib/python3.12/site-packages/airflow/example_dags/example_xcomargs.py
[2024-12-24T19:07:37.688+0000] {processor.py:914} INFO - Processing file /home/airflow/.local/lib/python3.12/site-packages/airflow/example_dags/example_xcomargs.py for tasks to queue
[2024-12-24T19:07:37.690+0000] {logging_mixin.py:190} INFO - [2024-12-24T19:07:37.690+0000] {dagbag.py:588} INFO - Filling up the DagBag from /home/airflow/.local/lib/python3.12/site-packages/airflow/example_dags/example_xcomargs.py
[2024-12-24T19:07:37.700+0000] {processor.py:925} INFO - DAG(s) 'example_xcom_args_with_operators', 'example_xcom_args' retrieved from /home/airflow/.local/lib/python3.12/site-packages/airflow/example_dags/example_xcomargs.py
[2024-12-24T19:07:37.728+0000] {logging_mixin.py:190} INFO - [2024-12-24T19:07:37.727+0000] {dag.py:3239} INFO - Sync 2 DAGs
[2024-12-24T19:07:37.744+0000] {logging_mixin.py:190} INFO - [2024-12-24T19:07:37.744+0000] {dag.py:4180} INFO - Setting next_dagrun for example_xcom_args to None, run_after=None
[2024-12-24T19:07:37.749+0000] {logging_mixin.py:190} INFO - [2024-12-24T19:07:37.749+0000] {dag.py:4180} INFO - Setting next_dagrun for example_xcom_args_with_operators to None, run_after=None
[2024-12-24T19:07:37.775+0000] {processor.py:208} INFO - Processing /home/airflow/.local/lib/python3.12/site-packages/airflow/example_dags/example_xcomargs.py took 0.100 seconds
[2024-12-24T19:08:08.530+0000] {processor.py:186} INFO - Started process (PID=2265) to work on /home/airflow/.local/lib/python3.12/site-packages/airflow/example_dags/example_xcomargs.py
[2024-12-24T19:08:08.532+0000] {processor.py:914} INFO - Processing file /home/airflow/.local/lib/python3.12/site-packages/airflow/example_dags/example_xcomargs.py for tasks to queue
[2024-12-24T19:08:08.534+0000] {logging_mixin.py:190} INFO - [2024-12-24T19:08:08.534+0000] {dagbag.py:588} INFO - Filling up the DagBag from /home/airflow/.local/lib/python3.12/site-packages/airflow/example_dags/example_xcomargs.py
[2024-12-24T19:08:08.544+0000] {processor.py:925} INFO - DAG(s) 'example_xcom_args_with_operators', 'example_xcom_args' retrieved from /home/airflow/.local/lib/python3.12/site-packages/airflow/example_dags/example_xcomargs.py
[2024-12-24T19:08:08.571+0000] {logging_mixin.py:190} INFO - [2024-12-24T19:08:08.571+0000] {dag.py:3239} INFO - Sync 2 DAGs
[2024-12-24T19:08:08.587+0000] {logging_mixin.py:190} INFO - [2024-12-24T19:08:08.587+0000] {dag.py:4180} INFO - Setting next_dagrun for example_xcom_args to None, run_after=None
[2024-12-24T19:08:08.592+0000] {logging_mixin.py:190} INFO - [2024-12-24T19:08:08.592+0000] {dag.py:4180} INFO - Setting next_dagrun for example_xcom_args_with_operators to None, run_after=None
[2024-12-24T19:08:08.615+0000] {processor.py:208} INFO - Processing /home/airflow/.local/lib/python3.12/site-packages/airflow/example_dags/example_xcomargs.py took 0.091 seconds
[2024-12-24T19:08:39.194+0000] {processor.py:186} INFO - Started process (PID=2328) to work on /home/airflow/.local/lib/python3.12/site-packages/airflow/example_dags/example_xcomargs.py
[2024-12-24T19:08:39.196+0000] {processor.py:914} INFO - Processing file /home/airflow/.local/lib/python3.12/site-packages/airflow/example_dags/example_xcomargs.py for tasks to queue
[2024-12-24T19:08:39.198+0000] {logging_mixin.py:190} INFO - [2024-12-24T19:08:39.198+0000] {dagbag.py:588} INFO - Filling up the DagBag from /home/airflow/.local/lib/python3.12/site-packages/airflow/example_dags/example_xcomargs.py
[2024-12-24T19:08:39.209+0000] {processor.py:925} INFO - DAG(s) 'example_xcom_args_with_operators', 'example_xcom_args' retrieved from /home/airflow/.local/lib/python3.12/site-packages/airflow/example_dags/example_xcomargs.py
[2024-12-24T19:08:39.235+0000] {logging_mixin.py:190} INFO - [2024-12-24T19:08:39.235+0000] {dag.py:3239} INFO - Sync 2 DAGs
[2024-12-24T19:08:39.252+0000] {logging_mixin.py:190} INFO - [2024-12-24T19:08:39.252+0000] {dag.py:4180} INFO - Setting next_dagrun for example_xcom_args to None, run_after=None
[2024-12-24T19:08:39.258+0000] {logging_mixin.py:190} INFO - [2024-12-24T19:08:39.257+0000] {dag.py:4180} INFO - Setting next_dagrun for example_xcom_args_with_operators to None, run_after=None
[2024-12-24T19:08:39.282+0000] {processor.py:208} INFO - Processing /home/airflow/.local/lib/python3.12/site-packages/airflow/example_dags/example_xcomargs.py took 0.095 seconds
