[2024-12-24T18:50:31.498+0000] {processor.py:186} INFO - Started process (PID=90) to work on /home/airflow/.local/lib/python3.12/site-packages/airflow/example_dags/example_sensors.py
[2024-12-24T18:50:31.500+0000] {processor.py:914} INFO - Processing file /home/airflow/.local/lib/python3.12/site-packages/airflow/example_dags/example_sensors.py for tasks to queue
[2024-12-24T18:50:31.502+0000] {logging_mixin.py:190} INFO - [2024-12-24T18:50:31.502+0000] {dagbag.py:588} INFO - Filling up the DagBag from /home/airflow/.local/lib/python3.12/site-packages/airflow/example_dags/example_sensors.py
[2024-12-24T18:50:31.515+0000] {processor.py:925} INFO - DAG(s) 'example_sensors' retrieved from /home/airflow/.local/lib/python3.12/site-packages/airflow/example_dags/example_sensors.py
[2024-12-24T18:50:31.551+0000] {logging_mixin.py:190} INFO - [2024-12-24T18:50:31.551+0000] {dag.py:3239} INFO - Sync 1 DAGs
[2024-12-24T18:50:31.567+0000] {logging_mixin.py:190} INFO - [2024-12-24T18:50:31.567+0000] {dag.py:4180} INFO - Setting next_dagrun for example_sensors to None, run_after=None
[2024-12-24T18:50:31.594+0000] {processor.py:208} INFO - Processing /home/airflow/.local/lib/python3.12/site-packages/airflow/example_dags/example_sensors.py took 0.101 seconds
[2024-12-24T18:51:02.895+0000] {processor.py:186} INFO - Started process (PID=153) to work on /home/airflow/.local/lib/python3.12/site-packages/airflow/example_dags/example_sensors.py
[2024-12-24T18:51:02.897+0000] {processor.py:914} INFO - Processing file /home/airflow/.local/lib/python3.12/site-packages/airflow/example_dags/example_sensors.py for tasks to queue
[2024-12-24T18:51:02.900+0000] {logging_mixin.py:190} INFO - [2024-12-24T18:51:02.899+0000] {dagbag.py:588} INFO - Filling up the DagBag from /home/airflow/.local/lib/python3.12/site-packages/airflow/example_dags/example_sensors.py
[2024-12-24T18:51:02.914+0000] {processor.py:925} INFO - DAG(s) 'example_sensors' retrieved from /home/airflow/.local/lib/python3.12/site-packages/airflow/example_dags/example_sensors.py
[2024-12-24T18:51:02.951+0000] {logging_mixin.py:190} INFO - [2024-12-24T18:51:02.950+0000] {dag.py:3239} INFO - Sync 1 DAGs
[2024-12-24T18:51:02.968+0000] {logging_mixin.py:190} INFO - [2024-12-24T18:51:02.968+0000] {dag.py:4180} INFO - Setting next_dagrun for example_sensors to None, run_after=None
[2024-12-24T18:51:03.003+0000] {processor.py:208} INFO - Processing /home/airflow/.local/lib/python3.12/site-packages/airflow/example_dags/example_sensors.py took 0.117 seconds
[2024-12-24T18:51:34.058+0000] {processor.py:186} INFO - Started process (PID=216) to work on /home/airflow/.local/lib/python3.12/site-packages/airflow/example_dags/example_sensors.py
[2024-12-24T18:51:34.059+0000] {processor.py:914} INFO - Processing file /home/airflow/.local/lib/python3.12/site-packages/airflow/example_dags/example_sensors.py for tasks to queue
[2024-12-24T18:51:34.061+0000] {logging_mixin.py:190} INFO - [2024-12-24T18:51:34.061+0000] {dagbag.py:588} INFO - Filling up the DagBag from /home/airflow/.local/lib/python3.12/site-packages/airflow/example_dags/example_sensors.py
[2024-12-24T18:51:34.074+0000] {processor.py:925} INFO - DAG(s) 'example_sensors' retrieved from /home/airflow/.local/lib/python3.12/site-packages/airflow/example_dags/example_sensors.py
[2024-12-24T18:51:34.108+0000] {logging_mixin.py:190} INFO - [2024-12-24T18:51:34.107+0000] {dag.py:3239} INFO - Sync 1 DAGs
[2024-12-24T18:51:34.123+0000] {logging_mixin.py:190} INFO - [2024-12-24T18:51:34.123+0000] {dag.py:4180} INFO - Setting next_dagrun for example_sensors to None, run_after=None
[2024-12-24T18:51:34.147+0000] {processor.py:208} INFO - Processing /home/airflow/.local/lib/python3.12/site-packages/airflow/example_dags/example_sensors.py took 0.096 seconds
[2024-12-24T18:52:04.543+0000] {processor.py:186} INFO - Started process (PID=280) to work on /home/airflow/.local/lib/python3.12/site-packages/airflow/example_dags/example_sensors.py
[2024-12-24T18:52:04.545+0000] {processor.py:914} INFO - Processing file /home/airflow/.local/lib/python3.12/site-packages/airflow/example_dags/example_sensors.py for tasks to queue
[2024-12-24T18:52:04.548+0000] {logging_mixin.py:190} INFO - [2024-12-24T18:52:04.548+0000] {dagbag.py:588} INFO - Filling up the DagBag from /home/airflow/.local/lib/python3.12/site-packages/airflow/example_dags/example_sensors.py
[2024-12-24T18:52:04.559+0000] {processor.py:925} INFO - DAG(s) 'example_sensors' retrieved from /home/airflow/.local/lib/python3.12/site-packages/airflow/example_dags/example_sensors.py
[2024-12-24T18:52:04.588+0000] {logging_mixin.py:190} INFO - [2024-12-24T18:52:04.588+0000] {dag.py:3239} INFO - Sync 1 DAGs
[2024-12-24T18:52:04.604+0000] {logging_mixin.py:190} INFO - [2024-12-24T18:52:04.603+0000] {dag.py:4180} INFO - Setting next_dagrun for example_sensors to None, run_after=None
[2024-12-24T18:52:04.628+0000] {processor.py:208} INFO - Processing /home/airflow/.local/lib/python3.12/site-packages/airflow/example_dags/example_sensors.py took 0.090 seconds
[2024-12-24T18:52:36.301+0000] {processor.py:186} INFO - Started process (PID=343) to work on /home/airflow/.local/lib/python3.12/site-packages/airflow/example_dags/example_sensors.py
[2024-12-24T18:52:36.303+0000] {processor.py:914} INFO - Processing file /home/airflow/.local/lib/python3.12/site-packages/airflow/example_dags/example_sensors.py for tasks to queue
[2024-12-24T18:52:36.305+0000] {logging_mixin.py:190} INFO - [2024-12-24T18:52:36.305+0000] {dagbag.py:588} INFO - Filling up the DagBag from /home/airflow/.local/lib/python3.12/site-packages/airflow/example_dags/example_sensors.py
[2024-12-24T18:52:36.317+0000] {processor.py:925} INFO - DAG(s) 'example_sensors' retrieved from /home/airflow/.local/lib/python3.12/site-packages/airflow/example_dags/example_sensors.py
[2024-12-24T18:52:36.345+0000] {logging_mixin.py:190} INFO - [2024-12-24T18:52:36.345+0000] {dag.py:3239} INFO - Sync 1 DAGs
[2024-12-24T18:52:36.363+0000] {logging_mixin.py:190} INFO - [2024-12-24T18:52:36.363+0000] {dag.py:4180} INFO - Setting next_dagrun for example_sensors to None, run_after=None
[2024-12-24T18:52:36.391+0000] {processor.py:208} INFO - Processing /home/airflow/.local/lib/python3.12/site-packages/airflow/example_dags/example_sensors.py took 0.097 seconds
[2024-12-24T18:53:07.611+0000] {processor.py:186} INFO - Started process (PID=406) to work on /home/airflow/.local/lib/python3.12/site-packages/airflow/example_dags/example_sensors.py
[2024-12-24T18:53:07.612+0000] {processor.py:914} INFO - Processing file /home/airflow/.local/lib/python3.12/site-packages/airflow/example_dags/example_sensors.py for tasks to queue
[2024-12-24T18:53:07.615+0000] {logging_mixin.py:190} INFO - [2024-12-24T18:53:07.615+0000] {dagbag.py:588} INFO - Filling up the DagBag from /home/airflow/.local/lib/python3.12/site-packages/airflow/example_dags/example_sensors.py
[2024-12-24T18:53:07.627+0000] {processor.py:925} INFO - DAG(s) 'example_sensors' retrieved from /home/airflow/.local/lib/python3.12/site-packages/airflow/example_dags/example_sensors.py
[2024-12-24T18:53:07.657+0000] {logging_mixin.py:190} INFO - [2024-12-24T18:53:07.657+0000] {dag.py:3239} INFO - Sync 1 DAGs
[2024-12-24T18:53:07.675+0000] {logging_mixin.py:190} INFO - [2024-12-24T18:53:07.675+0000] {dag.py:4180} INFO - Setting next_dagrun for example_sensors to None, run_after=None
[2024-12-24T18:53:07.708+0000] {processor.py:208} INFO - Processing /home/airflow/.local/lib/python3.12/site-packages/airflow/example_dags/example_sensors.py took 0.103 seconds
[2024-12-24T18:53:39.255+0000] {processor.py:186} INFO - Started process (PID=469) to work on /home/airflow/.local/lib/python3.12/site-packages/airflow/example_dags/example_sensors.py
[2024-12-24T18:53:39.256+0000] {processor.py:914} INFO - Processing file /home/airflow/.local/lib/python3.12/site-packages/airflow/example_dags/example_sensors.py for tasks to queue
[2024-12-24T18:53:39.259+0000] {logging_mixin.py:190} INFO - [2024-12-24T18:53:39.258+0000] {dagbag.py:588} INFO - Filling up the DagBag from /home/airflow/.local/lib/python3.12/site-packages/airflow/example_dags/example_sensors.py
[2024-12-24T18:53:39.270+0000] {processor.py:925} INFO - DAG(s) 'example_sensors' retrieved from /home/airflow/.local/lib/python3.12/site-packages/airflow/example_dags/example_sensors.py
[2024-12-24T18:53:39.300+0000] {logging_mixin.py:190} INFO - [2024-12-24T18:53:39.299+0000] {dag.py:3239} INFO - Sync 1 DAGs
[2024-12-24T18:53:39.317+0000] {logging_mixin.py:190} INFO - [2024-12-24T18:53:39.317+0000] {dag.py:4180} INFO - Setting next_dagrun for example_sensors to None, run_after=None
[2024-12-24T18:53:39.349+0000] {processor.py:208} INFO - Processing /home/airflow/.local/lib/python3.12/site-packages/airflow/example_dags/example_sensors.py took 0.100 seconds
[2024-12-24T18:54:11.357+0000] {processor.py:186} INFO - Started process (PID=532) to work on /home/airflow/.local/lib/python3.12/site-packages/airflow/example_dags/example_sensors.py
[2024-12-24T18:54:11.358+0000] {processor.py:914} INFO - Processing file /home/airflow/.local/lib/python3.12/site-packages/airflow/example_dags/example_sensors.py for tasks to queue
[2024-12-24T18:54:11.362+0000] {logging_mixin.py:190} INFO - [2024-12-24T18:54:11.362+0000] {dagbag.py:588} INFO - Filling up the DagBag from /home/airflow/.local/lib/python3.12/site-packages/airflow/example_dags/example_sensors.py
[2024-12-24T18:54:11.376+0000] {processor.py:925} INFO - DAG(s) 'example_sensors' retrieved from /home/airflow/.local/lib/python3.12/site-packages/airflow/example_dags/example_sensors.py
[2024-12-24T18:54:11.408+0000] {logging_mixin.py:190} INFO - [2024-12-24T18:54:11.407+0000] {dag.py:3239} INFO - Sync 1 DAGs
[2024-12-24T18:54:11.425+0000] {logging_mixin.py:190} INFO - [2024-12-24T18:54:11.424+0000] {dag.py:4180} INFO - Setting next_dagrun for example_sensors to None, run_after=None
[2024-12-24T18:54:11.454+0000] {processor.py:208} INFO - Processing /home/airflow/.local/lib/python3.12/site-packages/airflow/example_dags/example_sensors.py took 0.104 seconds
[2024-12-24T18:54:42.971+0000] {processor.py:186} INFO - Started process (PID=595) to work on /home/airflow/.local/lib/python3.12/site-packages/airflow/example_dags/example_sensors.py
[2024-12-24T18:54:42.972+0000] {processor.py:914} INFO - Processing file /home/airflow/.local/lib/python3.12/site-packages/airflow/example_dags/example_sensors.py for tasks to queue
[2024-12-24T18:54:42.975+0000] {logging_mixin.py:190} INFO - [2024-12-24T18:54:42.974+0000] {dagbag.py:588} INFO - Filling up the DagBag from /home/airflow/.local/lib/python3.12/site-packages/airflow/example_dags/example_sensors.py
[2024-12-24T18:54:42.988+0000] {processor.py:925} INFO - DAG(s) 'example_sensors' retrieved from /home/airflow/.local/lib/python3.12/site-packages/airflow/example_dags/example_sensors.py
[2024-12-24T18:54:43.019+0000] {logging_mixin.py:190} INFO - [2024-12-24T18:54:43.019+0000] {dag.py:3239} INFO - Sync 1 DAGs
[2024-12-24T18:54:43.036+0000] {logging_mixin.py:190} INFO - [2024-12-24T18:54:43.035+0000] {dag.py:4180} INFO - Setting next_dagrun for example_sensors to None, run_after=None
[2024-12-24T18:54:43.061+0000] {processor.py:208} INFO - Processing /home/airflow/.local/lib/python3.12/site-packages/airflow/example_dags/example_sensors.py took 0.096 seconds
[2024-12-24T18:55:14.245+0000] {processor.py:186} INFO - Started process (PID=658) to work on /home/airflow/.local/lib/python3.12/site-packages/airflow/example_dags/example_sensors.py
[2024-12-24T18:55:14.246+0000] {processor.py:914} INFO - Processing file /home/airflow/.local/lib/python3.12/site-packages/airflow/example_dags/example_sensors.py for tasks to queue
[2024-12-24T18:55:14.250+0000] {logging_mixin.py:190} INFO - [2024-12-24T18:55:14.249+0000] {dagbag.py:588} INFO - Filling up the DagBag from /home/airflow/.local/lib/python3.12/site-packages/airflow/example_dags/example_sensors.py
[2024-12-24T18:55:14.265+0000] {processor.py:925} INFO - DAG(s) 'example_sensors' retrieved from /home/airflow/.local/lib/python3.12/site-packages/airflow/example_dags/example_sensors.py
[2024-12-24T18:55:14.298+0000] {logging_mixin.py:190} INFO - [2024-12-24T18:55:14.298+0000] {dag.py:3239} INFO - Sync 1 DAGs
[2024-12-24T18:55:14.314+0000] {logging_mixin.py:190} INFO - [2024-12-24T18:55:14.314+0000] {dag.py:4180} INFO - Setting next_dagrun for example_sensors to None, run_after=None
[2024-12-24T18:55:14.342+0000] {processor.py:208} INFO - Processing /home/airflow/.local/lib/python3.12/site-packages/airflow/example_dags/example_sensors.py took 0.103 seconds
[2024-12-24T18:55:45.816+0000] {processor.py:186} INFO - Started process (PID=721) to work on /home/airflow/.local/lib/python3.12/site-packages/airflow/example_dags/example_sensors.py
[2024-12-24T18:55:45.817+0000] {processor.py:914} INFO - Processing file /home/airflow/.local/lib/python3.12/site-packages/airflow/example_dags/example_sensors.py for tasks to queue
[2024-12-24T18:55:45.820+0000] {logging_mixin.py:190} INFO - [2024-12-24T18:55:45.819+0000] {dagbag.py:588} INFO - Filling up the DagBag from /home/airflow/.local/lib/python3.12/site-packages/airflow/example_dags/example_sensors.py
[2024-12-24T18:55:45.831+0000] {processor.py:925} INFO - DAG(s) 'example_sensors' retrieved from /home/airflow/.local/lib/python3.12/site-packages/airflow/example_dags/example_sensors.py
[2024-12-24T18:55:45.861+0000] {logging_mixin.py:190} INFO - [2024-12-24T18:55:45.861+0000] {dag.py:3239} INFO - Sync 1 DAGs
[2024-12-24T18:55:45.880+0000] {logging_mixin.py:190} INFO - [2024-12-24T18:55:45.880+0000] {dag.py:4180} INFO - Setting next_dagrun for example_sensors to None, run_after=None
[2024-12-24T18:55:45.906+0000] {processor.py:208} INFO - Processing /home/airflow/.local/lib/python3.12/site-packages/airflow/example_dags/example_sensors.py took 0.096 seconds
[2024-12-24T18:56:17.064+0000] {processor.py:186} INFO - Started process (PID=790) to work on /home/airflow/.local/lib/python3.12/site-packages/airflow/example_dags/example_sensors.py
[2024-12-24T18:56:17.066+0000] {processor.py:914} INFO - Processing file /home/airflow/.local/lib/python3.12/site-packages/airflow/example_dags/example_sensors.py for tasks to queue
[2024-12-24T18:56:17.069+0000] {logging_mixin.py:190} INFO - [2024-12-24T18:56:17.068+0000] {dagbag.py:588} INFO - Filling up the DagBag from /home/airflow/.local/lib/python3.12/site-packages/airflow/example_dags/example_sensors.py
[2024-12-24T18:56:17.085+0000] {processor.py:925} INFO - DAG(s) 'example_sensors' retrieved from /home/airflow/.local/lib/python3.12/site-packages/airflow/example_dags/example_sensors.py
[2024-12-24T18:56:17.116+0000] {logging_mixin.py:190} INFO - [2024-12-24T18:56:17.116+0000] {dag.py:3239} INFO - Sync 1 DAGs
[2024-12-24T18:56:17.131+0000] {logging_mixin.py:190} INFO - [2024-12-24T18:56:17.131+0000] {dag.py:4180} INFO - Setting next_dagrun for example_sensors to None, run_after=None
[2024-12-24T18:56:17.198+0000] {processor.py:208} INFO - Processing /home/airflow/.local/lib/python3.12/site-packages/airflow/example_dags/example_sensors.py took 0.140 seconds
[2024-12-24T18:56:48.647+0000] {processor.py:186} INFO - Started process (PID=853) to work on /home/airflow/.local/lib/python3.12/site-packages/airflow/example_dags/example_sensors.py
[2024-12-24T18:56:48.649+0000] {processor.py:914} INFO - Processing file /home/airflow/.local/lib/python3.12/site-packages/airflow/example_dags/example_sensors.py for tasks to queue
[2024-12-24T18:56:48.652+0000] {logging_mixin.py:190} INFO - [2024-12-24T18:56:48.651+0000] {dagbag.py:588} INFO - Filling up the DagBag from /home/airflow/.local/lib/python3.12/site-packages/airflow/example_dags/example_sensors.py
[2024-12-24T18:56:48.665+0000] {processor.py:925} INFO - DAG(s) 'example_sensors' retrieved from /home/airflow/.local/lib/python3.12/site-packages/airflow/example_dags/example_sensors.py
[2024-12-24T18:56:48.697+0000] {logging_mixin.py:190} INFO - [2024-12-24T18:56:48.696+0000] {dag.py:3239} INFO - Sync 1 DAGs
[2024-12-24T18:56:48.714+0000] {logging_mixin.py:190} INFO - [2024-12-24T18:56:48.713+0000] {dag.py:4180} INFO - Setting next_dagrun for example_sensors to None, run_after=None
[2024-12-24T18:56:48.743+0000] {processor.py:208} INFO - Processing /home/airflow/.local/lib/python3.12/site-packages/airflow/example_dags/example_sensors.py took 0.103 seconds
[2024-12-24T18:57:19.498+0000] {processor.py:186} INFO - Started process (PID=916) to work on /home/airflow/.local/lib/python3.12/site-packages/airflow/example_dags/example_sensors.py
[2024-12-24T18:57:19.499+0000] {processor.py:914} INFO - Processing file /home/airflow/.local/lib/python3.12/site-packages/airflow/example_dags/example_sensors.py for tasks to queue
[2024-12-24T18:57:19.501+0000] {logging_mixin.py:190} INFO - [2024-12-24T18:57:19.501+0000] {dagbag.py:588} INFO - Filling up the DagBag from /home/airflow/.local/lib/python3.12/site-packages/airflow/example_dags/example_sensors.py
[2024-12-24T18:57:19.513+0000] {processor.py:925} INFO - DAG(s) 'example_sensors' retrieved from /home/airflow/.local/lib/python3.12/site-packages/airflow/example_dags/example_sensors.py
[2024-12-24T18:57:19.541+0000] {logging_mixin.py:190} INFO - [2024-12-24T18:57:19.541+0000] {dag.py:3239} INFO - Sync 1 DAGs
[2024-12-24T18:57:19.558+0000] {logging_mixin.py:190} INFO - [2024-12-24T18:57:19.557+0000] {dag.py:4180} INFO - Setting next_dagrun for example_sensors to None, run_after=None
[2024-12-24T18:57:19.582+0000] {processor.py:208} INFO - Processing /home/airflow/.local/lib/python3.12/site-packages/airflow/example_dags/example_sensors.py took 0.090 seconds
[2024-12-24T18:57:50.977+0000] {processor.py:186} INFO - Started process (PID=979) to work on /home/airflow/.local/lib/python3.12/site-packages/airflow/example_dags/example_sensors.py
[2024-12-24T18:57:50.978+0000] {processor.py:914} INFO - Processing file /home/airflow/.local/lib/python3.12/site-packages/airflow/example_dags/example_sensors.py for tasks to queue
[2024-12-24T18:57:50.982+0000] {logging_mixin.py:190} INFO - [2024-12-24T18:57:50.982+0000] {dagbag.py:588} INFO - Filling up the DagBag from /home/airflow/.local/lib/python3.12/site-packages/airflow/example_dags/example_sensors.py
[2024-12-24T18:57:51.000+0000] {processor.py:925} INFO - DAG(s) 'example_sensors' retrieved from /home/airflow/.local/lib/python3.12/site-packages/airflow/example_dags/example_sensors.py
[2024-12-24T18:57:51.038+0000] {logging_mixin.py:190} INFO - [2024-12-24T18:57:51.037+0000] {dag.py:3239} INFO - Sync 1 DAGs
[2024-12-24T18:57:51.056+0000] {logging_mixin.py:190} INFO - [2024-12-24T18:57:51.055+0000] {dag.py:4180} INFO - Setting next_dagrun for example_sensors to None, run_after=None
[2024-12-24T18:57:51.083+0000] {processor.py:208} INFO - Processing /home/airflow/.local/lib/python3.12/site-packages/airflow/example_dags/example_sensors.py took 0.132 seconds
[2024-12-24T18:58:22.145+0000] {processor.py:186} INFO - Started process (PID=1046) to work on /home/airflow/.local/lib/python3.12/site-packages/airflow/example_dags/example_sensors.py
[2024-12-24T18:58:22.147+0000] {processor.py:914} INFO - Processing file /home/airflow/.local/lib/python3.12/site-packages/airflow/example_dags/example_sensors.py for tasks to queue
[2024-12-24T18:58:22.150+0000] {logging_mixin.py:190} INFO - [2024-12-24T18:58:22.149+0000] {dagbag.py:588} INFO - Filling up the DagBag from /home/airflow/.local/lib/python3.12/site-packages/airflow/example_dags/example_sensors.py
[2024-12-24T18:58:22.162+0000] {processor.py:925} INFO - DAG(s) 'example_sensors' retrieved from /home/airflow/.local/lib/python3.12/site-packages/airflow/example_dags/example_sensors.py
[2024-12-24T18:58:22.191+0000] {logging_mixin.py:190} INFO - [2024-12-24T18:58:22.191+0000] {dag.py:3239} INFO - Sync 1 DAGs
[2024-12-24T18:58:22.207+0000] {logging_mixin.py:190} INFO - [2024-12-24T18:58:22.207+0000] {dag.py:4180} INFO - Setting next_dagrun for example_sensors to None, run_after=None
[2024-12-24T18:58:22.232+0000] {processor.py:208} INFO - Processing /home/airflow/.local/lib/python3.12/site-packages/airflow/example_dags/example_sensors.py took 0.092 seconds
[2024-12-24T18:58:52.976+0000] {processor.py:186} INFO - Started process (PID=1107) to work on /home/airflow/.local/lib/python3.12/site-packages/airflow/example_dags/example_sensors.py
[2024-12-24T18:58:52.977+0000] {processor.py:914} INFO - Processing file /home/airflow/.local/lib/python3.12/site-packages/airflow/example_dags/example_sensors.py for tasks to queue
[2024-12-24T18:58:52.981+0000] {logging_mixin.py:190} INFO - [2024-12-24T18:58:52.980+0000] {dagbag.py:588} INFO - Filling up the DagBag from /home/airflow/.local/lib/python3.12/site-packages/airflow/example_dags/example_sensors.py
[2024-12-24T18:58:52.993+0000] {processor.py:925} INFO - DAG(s) 'example_sensors' retrieved from /home/airflow/.local/lib/python3.12/site-packages/airflow/example_dags/example_sensors.py
[2024-12-24T18:58:53.024+0000] {logging_mixin.py:190} INFO - [2024-12-24T18:58:53.024+0000] {dag.py:3239} INFO - Sync 1 DAGs
[2024-12-24T18:58:53.040+0000] {logging_mixin.py:190} INFO - [2024-12-24T18:58:53.039+0000] {dag.py:4180} INFO - Setting next_dagrun for example_sensors to None, run_after=None
[2024-12-24T18:58:53.067+0000] {processor.py:208} INFO - Processing /home/airflow/.local/lib/python3.12/site-packages/airflow/example_dags/example_sensors.py took 0.097 seconds
[2024-12-24T18:59:23.434+0000] {processor.py:186} INFO - Started process (PID=1169) to work on /home/airflow/.local/lib/python3.12/site-packages/airflow/example_dags/example_sensors.py
[2024-12-24T18:59:23.435+0000] {processor.py:914} INFO - Processing file /home/airflow/.local/lib/python3.12/site-packages/airflow/example_dags/example_sensors.py for tasks to queue
[2024-12-24T18:59:23.438+0000] {logging_mixin.py:190} INFO - [2024-12-24T18:59:23.437+0000] {dagbag.py:588} INFO - Filling up the DagBag from /home/airflow/.local/lib/python3.12/site-packages/airflow/example_dags/example_sensors.py
[2024-12-24T18:59:23.448+0000] {processor.py:925} INFO - DAG(s) 'example_sensors' retrieved from /home/airflow/.local/lib/python3.12/site-packages/airflow/example_dags/example_sensors.py
[2024-12-24T18:59:23.476+0000] {logging_mixin.py:190} INFO - [2024-12-24T18:59:23.476+0000] {dag.py:3239} INFO - Sync 1 DAGs
[2024-12-24T18:59:23.496+0000] {logging_mixin.py:190} INFO - [2024-12-24T18:59:23.496+0000] {dag.py:4180} INFO - Setting next_dagrun for example_sensors to None, run_after=None
[2024-12-24T18:59:23.526+0000] {processor.py:208} INFO - Processing /home/airflow/.local/lib/python3.12/site-packages/airflow/example_dags/example_sensors.py took 0.099 seconds
[2024-12-24T18:59:53.740+0000] {processor.py:186} INFO - Started process (PID=1232) to work on /home/airflow/.local/lib/python3.12/site-packages/airflow/example_dags/example_sensors.py
[2024-12-24T18:59:53.741+0000] {processor.py:914} INFO - Processing file /home/airflow/.local/lib/python3.12/site-packages/airflow/example_dags/example_sensors.py for tasks to queue
[2024-12-24T18:59:53.744+0000] {logging_mixin.py:190} INFO - [2024-12-24T18:59:53.743+0000] {dagbag.py:588} INFO - Filling up the DagBag from /home/airflow/.local/lib/python3.12/site-packages/airflow/example_dags/example_sensors.py
[2024-12-24T18:59:53.754+0000] {processor.py:925} INFO - DAG(s) 'example_sensors' retrieved from /home/airflow/.local/lib/python3.12/site-packages/airflow/example_dags/example_sensors.py
[2024-12-24T18:59:53.780+0000] {logging_mixin.py:190} INFO - [2024-12-24T18:59:53.780+0000] {dag.py:3239} INFO - Sync 1 DAGs
[2024-12-24T18:59:53.795+0000] {logging_mixin.py:190} INFO - [2024-12-24T18:59:53.795+0000] {dag.py:4180} INFO - Setting next_dagrun for example_sensors to None, run_after=None
[2024-12-24T18:59:53.819+0000] {processor.py:208} INFO - Processing /home/airflow/.local/lib/python3.12/site-packages/airflow/example_dags/example_sensors.py took 0.085 seconds
[2024-12-24T19:00:24.209+0000] {processor.py:186} INFO - Started process (PID=1294) to work on /home/airflow/.local/lib/python3.12/site-packages/airflow/example_dags/example_sensors.py
[2024-12-24T19:00:24.210+0000] {processor.py:914} INFO - Processing file /home/airflow/.local/lib/python3.12/site-packages/airflow/example_dags/example_sensors.py for tasks to queue
[2024-12-24T19:00:24.213+0000] {logging_mixin.py:190} INFO - [2024-12-24T19:00:24.212+0000] {dagbag.py:588} INFO - Filling up the DagBag from /home/airflow/.local/lib/python3.12/site-packages/airflow/example_dags/example_sensors.py
[2024-12-24T19:00:24.224+0000] {processor.py:925} INFO - DAG(s) 'example_sensors' retrieved from /home/airflow/.local/lib/python3.12/site-packages/airflow/example_dags/example_sensors.py
[2024-12-24T19:00:24.253+0000] {logging_mixin.py:190} INFO - [2024-12-24T19:00:24.253+0000] {dag.py:3239} INFO - Sync 1 DAGs
[2024-12-24T19:00:24.267+0000] {logging_mixin.py:190} INFO - [2024-12-24T19:00:24.267+0000] {dag.py:4180} INFO - Setting next_dagrun for example_sensors to None, run_after=None
[2024-12-24T19:00:24.293+0000] {processor.py:208} INFO - Processing /home/airflow/.local/lib/python3.12/site-packages/airflow/example_dags/example_sensors.py took 0.090 seconds
[2024-12-24T19:00:54.685+0000] {processor.py:186} INFO - Started process (PID=1357) to work on /home/airflow/.local/lib/python3.12/site-packages/airflow/example_dags/example_sensors.py
[2024-12-24T19:00:54.687+0000] {processor.py:914} INFO - Processing file /home/airflow/.local/lib/python3.12/site-packages/airflow/example_dags/example_sensors.py for tasks to queue
[2024-12-24T19:00:54.689+0000] {logging_mixin.py:190} INFO - [2024-12-24T19:00:54.689+0000] {dagbag.py:588} INFO - Filling up the DagBag from /home/airflow/.local/lib/python3.12/site-packages/airflow/example_dags/example_sensors.py
[2024-12-24T19:00:54.701+0000] {processor.py:925} INFO - DAG(s) 'example_sensors' retrieved from /home/airflow/.local/lib/python3.12/site-packages/airflow/example_dags/example_sensors.py
[2024-12-24T19:00:54.733+0000] {logging_mixin.py:190} INFO - [2024-12-24T19:00:54.732+0000] {dag.py:3239} INFO - Sync 1 DAGs
[2024-12-24T19:00:54.750+0000] {logging_mixin.py:190} INFO - [2024-12-24T19:00:54.749+0000] {dag.py:4180} INFO - Setting next_dagrun for example_sensors to None, run_after=None
[2024-12-24T19:00:54.778+0000] {processor.py:208} INFO - Processing /home/airflow/.local/lib/python3.12/site-packages/airflow/example_dags/example_sensors.py took 0.098 seconds
[2024-12-24T19:01:25.366+0000] {processor.py:186} INFO - Started process (PID=1418) to work on /home/airflow/.local/lib/python3.12/site-packages/airflow/example_dags/example_sensors.py
[2024-12-24T19:01:25.368+0000] {processor.py:914} INFO - Processing file /home/airflow/.local/lib/python3.12/site-packages/airflow/example_dags/example_sensors.py for tasks to queue
[2024-12-24T19:01:25.372+0000] {logging_mixin.py:190} INFO - [2024-12-24T19:01:25.372+0000] {dagbag.py:588} INFO - Filling up the DagBag from /home/airflow/.local/lib/python3.12/site-packages/airflow/example_dags/example_sensors.py
[2024-12-24T19:01:25.384+0000] {processor.py:925} INFO - DAG(s) 'example_sensors' retrieved from /home/airflow/.local/lib/python3.12/site-packages/airflow/example_dags/example_sensors.py
[2024-12-24T19:01:25.414+0000] {logging_mixin.py:190} INFO - [2024-12-24T19:01:25.414+0000] {dag.py:3239} INFO - Sync 1 DAGs
[2024-12-24T19:01:25.434+0000] {logging_mixin.py:190} INFO - [2024-12-24T19:01:25.433+0000] {dag.py:4180} INFO - Setting next_dagrun for example_sensors to None, run_after=None
[2024-12-24T19:01:25.463+0000] {processor.py:208} INFO - Processing /home/airflow/.local/lib/python3.12/site-packages/airflow/example_dags/example_sensors.py took 0.103 seconds
[2024-12-24T19:01:56.365+0000] {processor.py:186} INFO - Started process (PID=1481) to work on /home/airflow/.local/lib/python3.12/site-packages/airflow/example_dags/example_sensors.py
[2024-12-24T19:01:56.366+0000] {processor.py:914} INFO - Processing file /home/airflow/.local/lib/python3.12/site-packages/airflow/example_dags/example_sensors.py for tasks to queue
[2024-12-24T19:01:56.368+0000] {logging_mixin.py:190} INFO - [2024-12-24T19:01:56.368+0000] {dagbag.py:588} INFO - Filling up the DagBag from /home/airflow/.local/lib/python3.12/site-packages/airflow/example_dags/example_sensors.py
[2024-12-24T19:01:56.380+0000] {processor.py:925} INFO - DAG(s) 'example_sensors' retrieved from /home/airflow/.local/lib/python3.12/site-packages/airflow/example_dags/example_sensors.py
[2024-12-24T19:01:56.410+0000] {logging_mixin.py:190} INFO - [2024-12-24T19:01:56.409+0000] {dag.py:3239} INFO - Sync 1 DAGs
[2024-12-24T19:01:56.427+0000] {logging_mixin.py:190} INFO - [2024-12-24T19:01:56.427+0000] {dag.py:4180} INFO - Setting next_dagrun for example_sensors to None, run_after=None
[2024-12-24T19:01:56.452+0000] {processor.py:208} INFO - Processing /home/airflow/.local/lib/python3.12/site-packages/airflow/example_dags/example_sensors.py took 0.094 seconds
[2024-12-24T19:02:27.060+0000] {processor.py:186} INFO - Started process (PID=1544) to work on /home/airflow/.local/lib/python3.12/site-packages/airflow/example_dags/example_sensors.py
[2024-12-24T19:02:27.061+0000] {processor.py:914} INFO - Processing file /home/airflow/.local/lib/python3.12/site-packages/airflow/example_dags/example_sensors.py for tasks to queue
[2024-12-24T19:02:27.064+0000] {logging_mixin.py:190} INFO - [2024-12-24T19:02:27.063+0000] {dagbag.py:588} INFO - Filling up the DagBag from /home/airflow/.local/lib/python3.12/site-packages/airflow/example_dags/example_sensors.py
[2024-12-24T19:02:27.074+0000] {processor.py:925} INFO - DAG(s) 'example_sensors' retrieved from /home/airflow/.local/lib/python3.12/site-packages/airflow/example_dags/example_sensors.py
[2024-12-24T19:02:27.103+0000] {logging_mixin.py:190} INFO - [2024-12-24T19:02:27.103+0000] {dag.py:3239} INFO - Sync 1 DAGs
[2024-12-24T19:02:27.119+0000] {logging_mixin.py:190} INFO - [2024-12-24T19:02:27.119+0000] {dag.py:4180} INFO - Setting next_dagrun for example_sensors to None, run_after=None
[2024-12-24T19:02:27.144+0000] {processor.py:208} INFO - Processing /home/airflow/.local/lib/python3.12/site-packages/airflow/example_dags/example_sensors.py took 0.090 seconds
[2024-12-24T19:02:57.531+0000] {processor.py:186} INFO - Started process (PID=1607) to work on /home/airflow/.local/lib/python3.12/site-packages/airflow/example_dags/example_sensors.py
[2024-12-24T19:02:57.533+0000] {processor.py:914} INFO - Processing file /home/airflow/.local/lib/python3.12/site-packages/airflow/example_dags/example_sensors.py for tasks to queue
[2024-12-24T19:02:57.535+0000] {logging_mixin.py:190} INFO - [2024-12-24T19:02:57.535+0000] {dagbag.py:588} INFO - Filling up the DagBag from /home/airflow/.local/lib/python3.12/site-packages/airflow/example_dags/example_sensors.py
[2024-12-24T19:02:57.546+0000] {processor.py:925} INFO - DAG(s) 'example_sensors' retrieved from /home/airflow/.local/lib/python3.12/site-packages/airflow/example_dags/example_sensors.py
[2024-12-24T19:02:57.576+0000] {logging_mixin.py:190} INFO - [2024-12-24T19:02:57.575+0000] {dag.py:3239} INFO - Sync 1 DAGs
[2024-12-24T19:02:57.590+0000] {logging_mixin.py:190} INFO - [2024-12-24T19:02:57.590+0000] {dag.py:4180} INFO - Setting next_dagrun for example_sensors to None, run_after=None
[2024-12-24T19:02:57.614+0000] {processor.py:208} INFO - Processing /home/airflow/.local/lib/python3.12/site-packages/airflow/example_dags/example_sensors.py took 0.089 seconds
[2024-12-24T19:03:28.063+0000] {processor.py:186} INFO - Started process (PID=1676) to work on /home/airflow/.local/lib/python3.12/site-packages/airflow/example_dags/example_sensors.py
[2024-12-24T19:03:28.065+0000] {processor.py:914} INFO - Processing file /home/airflow/.local/lib/python3.12/site-packages/airflow/example_dags/example_sensors.py for tasks to queue
[2024-12-24T19:03:28.067+0000] {logging_mixin.py:190} INFO - [2024-12-24T19:03:28.067+0000] {dagbag.py:588} INFO - Filling up the DagBag from /home/airflow/.local/lib/python3.12/site-packages/airflow/example_dags/example_sensors.py
[2024-12-24T19:03:28.078+0000] {processor.py:925} INFO - DAG(s) 'example_sensors' retrieved from /home/airflow/.local/lib/python3.12/site-packages/airflow/example_dags/example_sensors.py
[2024-12-24T19:03:28.106+0000] {logging_mixin.py:190} INFO - [2024-12-24T19:03:28.106+0000] {dag.py:3239} INFO - Sync 1 DAGs
[2024-12-24T19:03:28.121+0000] {logging_mixin.py:190} INFO - [2024-12-24T19:03:28.121+0000] {dag.py:4180} INFO - Setting next_dagrun for example_sensors to None, run_after=None
[2024-12-24T19:03:28.147+0000] {processor.py:208} INFO - Processing /home/airflow/.local/lib/python3.12/site-packages/airflow/example_dags/example_sensors.py took 0.089 seconds
[2024-12-24T19:03:58.236+0000] {processor.py:186} INFO - Started process (PID=1739) to work on /home/airflow/.local/lib/python3.12/site-packages/airflow/example_dags/example_sensors.py
[2024-12-24T19:03:58.237+0000] {processor.py:914} INFO - Processing file /home/airflow/.local/lib/python3.12/site-packages/airflow/example_dags/example_sensors.py for tasks to queue
[2024-12-24T19:03:58.240+0000] {logging_mixin.py:190} INFO - [2024-12-24T19:03:58.239+0000] {dagbag.py:588} INFO - Filling up the DagBag from /home/airflow/.local/lib/python3.12/site-packages/airflow/example_dags/example_sensors.py
[2024-12-24T19:03:58.250+0000] {processor.py:925} INFO - DAG(s) 'example_sensors' retrieved from /home/airflow/.local/lib/python3.12/site-packages/airflow/example_dags/example_sensors.py
[2024-12-24T19:03:58.279+0000] {logging_mixin.py:190} INFO - [2024-12-24T19:03:58.279+0000] {dag.py:3239} INFO - Sync 1 DAGs
[2024-12-24T19:03:58.295+0000] {logging_mixin.py:190} INFO - [2024-12-24T19:03:58.295+0000] {dag.py:4180} INFO - Setting next_dagrun for example_sensors to None, run_after=None
[2024-12-24T19:03:58.321+0000] {processor.py:208} INFO - Processing /home/airflow/.local/lib/python3.12/site-packages/airflow/example_dags/example_sensors.py took 0.090 seconds
[2024-12-24T19:04:28.699+0000] {processor.py:186} INFO - Started process (PID=1802) to work on /home/airflow/.local/lib/python3.12/site-packages/airflow/example_dags/example_sensors.py
[2024-12-24T19:04:28.700+0000] {processor.py:914} INFO - Processing file /home/airflow/.local/lib/python3.12/site-packages/airflow/example_dags/example_sensors.py for tasks to queue
[2024-12-24T19:04:28.703+0000] {logging_mixin.py:190} INFO - [2024-12-24T19:04:28.703+0000] {dagbag.py:588} INFO - Filling up the DagBag from /home/airflow/.local/lib/python3.12/site-packages/airflow/example_dags/example_sensors.py
[2024-12-24T19:04:28.714+0000] {processor.py:925} INFO - DAG(s) 'example_sensors' retrieved from /home/airflow/.local/lib/python3.12/site-packages/airflow/example_dags/example_sensors.py
[2024-12-24T19:04:28.742+0000] {logging_mixin.py:190} INFO - [2024-12-24T19:04:28.741+0000] {dag.py:3239} INFO - Sync 1 DAGs
[2024-12-24T19:04:28.756+0000] {logging_mixin.py:190} INFO - [2024-12-24T19:04:28.756+0000] {dag.py:4180} INFO - Setting next_dagrun for example_sensors to None, run_after=None
[2024-12-24T19:04:28.783+0000] {processor.py:208} INFO - Processing /home/airflow/.local/lib/python3.12/site-packages/airflow/example_dags/example_sensors.py took 0.090 seconds
[2024-12-24T19:04:59.001+0000] {processor.py:186} INFO - Started process (PID=1865) to work on /home/airflow/.local/lib/python3.12/site-packages/airflow/example_dags/example_sensors.py
[2024-12-24T19:04:59.002+0000] {processor.py:914} INFO - Processing file /home/airflow/.local/lib/python3.12/site-packages/airflow/example_dags/example_sensors.py for tasks to queue
[2024-12-24T19:04:59.005+0000] {logging_mixin.py:190} INFO - [2024-12-24T19:04:59.005+0000] {dagbag.py:588} INFO - Filling up the DagBag from /home/airflow/.local/lib/python3.12/site-packages/airflow/example_dags/example_sensors.py
[2024-12-24T19:04:59.018+0000] {processor.py:925} INFO - DAG(s) 'example_sensors' retrieved from /home/airflow/.local/lib/python3.12/site-packages/airflow/example_dags/example_sensors.py
[2024-12-24T19:04:59.052+0000] {logging_mixin.py:190} INFO - [2024-12-24T19:04:59.052+0000] {dag.py:3239} INFO - Sync 1 DAGs
[2024-12-24T19:04:59.068+0000] {logging_mixin.py:190} INFO - [2024-12-24T19:04:59.067+0000] {dag.py:4180} INFO - Setting next_dagrun for example_sensors to None, run_after=None
[2024-12-24T19:04:59.100+0000] {processor.py:208} INFO - Processing /home/airflow/.local/lib/python3.12/site-packages/airflow/example_dags/example_sensors.py took 0.105 seconds
[2024-12-24T19:05:29.384+0000] {processor.py:186} INFO - Started process (PID=1928) to work on /home/airflow/.local/lib/python3.12/site-packages/airflow/example_dags/example_sensors.py
[2024-12-24T19:05:29.385+0000] {processor.py:914} INFO - Processing file /home/airflow/.local/lib/python3.12/site-packages/airflow/example_dags/example_sensors.py for tasks to queue
[2024-12-24T19:05:29.389+0000] {logging_mixin.py:190} INFO - [2024-12-24T19:05:29.388+0000] {dagbag.py:588} INFO - Filling up the DagBag from /home/airflow/.local/lib/python3.12/site-packages/airflow/example_dags/example_sensors.py
[2024-12-24T19:05:29.400+0000] {processor.py:925} INFO - DAG(s) 'example_sensors' retrieved from /home/airflow/.local/lib/python3.12/site-packages/airflow/example_dags/example_sensors.py
[2024-12-24T19:05:29.434+0000] {logging_mixin.py:190} INFO - [2024-12-24T19:05:29.434+0000] {dag.py:3239} INFO - Sync 1 DAGs
[2024-12-24T19:05:29.449+0000] {logging_mixin.py:190} INFO - [2024-12-24T19:05:29.448+0000] {dag.py:4180} INFO - Setting next_dagrun for example_sensors to None, run_after=None
[2024-12-24T19:05:29.476+0000] {processor.py:208} INFO - Processing /home/airflow/.local/lib/python3.12/site-packages/airflow/example_dags/example_sensors.py took 0.098 seconds
[2024-12-24T19:05:59.849+0000] {processor.py:186} INFO - Started process (PID=1991) to work on /home/airflow/.local/lib/python3.12/site-packages/airflow/example_dags/example_sensors.py
[2024-12-24T19:05:59.850+0000] {processor.py:914} INFO - Processing file /home/airflow/.local/lib/python3.12/site-packages/airflow/example_dags/example_sensors.py for tasks to queue
[2024-12-24T19:05:59.853+0000] {logging_mixin.py:190} INFO - [2024-12-24T19:05:59.853+0000] {dagbag.py:588} INFO - Filling up the DagBag from /home/airflow/.local/lib/python3.12/site-packages/airflow/example_dags/example_sensors.py
[2024-12-24T19:05:59.864+0000] {processor.py:925} INFO - DAG(s) 'example_sensors' retrieved from /home/airflow/.local/lib/python3.12/site-packages/airflow/example_dags/example_sensors.py
[2024-12-24T19:05:59.894+0000] {logging_mixin.py:190} INFO - [2024-12-24T19:05:59.894+0000] {dag.py:3239} INFO - Sync 1 DAGs
[2024-12-24T19:05:59.911+0000] {logging_mixin.py:190} INFO - [2024-12-24T19:05:59.910+0000] {dag.py:4180} INFO - Setting next_dagrun for example_sensors to None, run_after=None
[2024-12-24T19:05:59.940+0000] {processor.py:208} INFO - Processing /home/airflow/.local/lib/python3.12/site-packages/airflow/example_dags/example_sensors.py took 0.097 seconds
[2024-12-24T19:06:30.137+0000] {processor.py:186} INFO - Started process (PID=2054) to work on /home/airflow/.local/lib/python3.12/site-packages/airflow/example_dags/example_sensors.py
[2024-12-24T19:06:30.138+0000] {processor.py:914} INFO - Processing file /home/airflow/.local/lib/python3.12/site-packages/airflow/example_dags/example_sensors.py for tasks to queue
[2024-12-24T19:06:30.141+0000] {logging_mixin.py:190} INFO - [2024-12-24T19:06:30.141+0000] {dagbag.py:588} INFO - Filling up the DagBag from /home/airflow/.local/lib/python3.12/site-packages/airflow/example_dags/example_sensors.py
[2024-12-24T19:06:30.156+0000] {processor.py:925} INFO - DAG(s) 'example_sensors' retrieved from /home/airflow/.local/lib/python3.12/site-packages/airflow/example_dags/example_sensors.py
[2024-12-24T19:06:30.184+0000] {logging_mixin.py:190} INFO - [2024-12-24T19:06:30.183+0000] {dag.py:3239} INFO - Sync 1 DAGs
[2024-12-24T19:06:30.199+0000] {logging_mixin.py:190} INFO - [2024-12-24T19:06:30.199+0000] {dag.py:4180} INFO - Setting next_dagrun for example_sensors to None, run_after=None
[2024-12-24T19:06:30.225+0000] {processor.py:208} INFO - Processing /home/airflow/.local/lib/python3.12/site-packages/airflow/example_dags/example_sensors.py took 0.094 seconds
[2024-12-24T19:07:00.667+0000] {processor.py:186} INFO - Started process (PID=2117) to work on /home/airflow/.local/lib/python3.12/site-packages/airflow/example_dags/example_sensors.py
[2024-12-24T19:07:00.668+0000] {processor.py:914} INFO - Processing file /home/airflow/.local/lib/python3.12/site-packages/airflow/example_dags/example_sensors.py for tasks to queue
[2024-12-24T19:07:00.672+0000] {logging_mixin.py:190} INFO - [2024-12-24T19:07:00.671+0000] {dagbag.py:588} INFO - Filling up the DagBag from /home/airflow/.local/lib/python3.12/site-packages/airflow/example_dags/example_sensors.py
[2024-12-24T19:07:00.683+0000] {processor.py:925} INFO - DAG(s) 'example_sensors' retrieved from /home/airflow/.local/lib/python3.12/site-packages/airflow/example_dags/example_sensors.py
[2024-12-24T19:07:00.713+0000] {logging_mixin.py:190} INFO - [2024-12-24T19:07:00.712+0000] {dag.py:3239} INFO - Sync 1 DAGs
[2024-12-24T19:07:00.730+0000] {logging_mixin.py:190} INFO - [2024-12-24T19:07:00.730+0000] {dag.py:4180} INFO - Setting next_dagrun for example_sensors to None, run_after=None
[2024-12-24T19:07:00.760+0000] {processor.py:208} INFO - Processing /home/airflow/.local/lib/python3.12/site-packages/airflow/example_dags/example_sensors.py took 0.101 seconds
[2024-12-24T19:07:31.017+0000] {processor.py:186} INFO - Started process (PID=2180) to work on /home/airflow/.local/lib/python3.12/site-packages/airflow/example_dags/example_sensors.py
[2024-12-24T19:07:31.018+0000] {processor.py:914} INFO - Processing file /home/airflow/.local/lib/python3.12/site-packages/airflow/example_dags/example_sensors.py for tasks to queue
[2024-12-24T19:07:31.021+0000] {logging_mixin.py:190} INFO - [2024-12-24T19:07:31.020+0000] {dagbag.py:588} INFO - Filling up the DagBag from /home/airflow/.local/lib/python3.12/site-packages/airflow/example_dags/example_sensors.py
[2024-12-24T19:07:31.032+0000] {processor.py:925} INFO - DAG(s) 'example_sensors' retrieved from /home/airflow/.local/lib/python3.12/site-packages/airflow/example_dags/example_sensors.py
[2024-12-24T19:07:31.060+0000] {logging_mixin.py:190} INFO - [2024-12-24T19:07:31.060+0000] {dag.py:3239} INFO - Sync 1 DAGs
[2024-12-24T19:07:31.076+0000] {logging_mixin.py:190} INFO - [2024-12-24T19:07:31.076+0000] {dag.py:4180} INFO - Setting next_dagrun for example_sensors to None, run_after=None
[2024-12-24T19:07:31.102+0000] {processor.py:208} INFO - Processing /home/airflow/.local/lib/python3.12/site-packages/airflow/example_dags/example_sensors.py took 0.091 seconds
[2024-12-24T19:08:01.423+0000] {processor.py:186} INFO - Started process (PID=2243) to work on /home/airflow/.local/lib/python3.12/site-packages/airflow/example_dags/example_sensors.py
[2024-12-24T19:08:01.425+0000] {processor.py:914} INFO - Processing file /home/airflow/.local/lib/python3.12/site-packages/airflow/example_dags/example_sensors.py for tasks to queue
[2024-12-24T19:08:01.427+0000] {logging_mixin.py:190} INFO - [2024-12-24T19:08:01.427+0000] {dagbag.py:588} INFO - Filling up the DagBag from /home/airflow/.local/lib/python3.12/site-packages/airflow/example_dags/example_sensors.py
[2024-12-24T19:08:01.437+0000] {processor.py:925} INFO - DAG(s) 'example_sensors' retrieved from /home/airflow/.local/lib/python3.12/site-packages/airflow/example_dags/example_sensors.py
[2024-12-24T19:08:01.466+0000] {logging_mixin.py:190} INFO - [2024-12-24T19:08:01.465+0000] {dag.py:3239} INFO - Sync 1 DAGs
[2024-12-24T19:08:01.482+0000] {logging_mixin.py:190} INFO - [2024-12-24T19:08:01.481+0000] {dag.py:4180} INFO - Setting next_dagrun for example_sensors to None, run_after=None
[2024-12-24T19:08:01.507+0000] {processor.py:208} INFO - Processing /home/airflow/.local/lib/python3.12/site-packages/airflow/example_dags/example_sensors.py took 0.089 seconds
[2024-12-24T19:08:31.671+0000] {processor.py:186} INFO - Started process (PID=2306) to work on /home/airflow/.local/lib/python3.12/site-packages/airflow/example_dags/example_sensors.py
[2024-12-24T19:08:31.673+0000] {processor.py:914} INFO - Processing file /home/airflow/.local/lib/python3.12/site-packages/airflow/example_dags/example_sensors.py for tasks to queue
[2024-12-24T19:08:31.675+0000] {logging_mixin.py:190} INFO - [2024-12-24T19:08:31.675+0000] {dagbag.py:588} INFO - Filling up the DagBag from /home/airflow/.local/lib/python3.12/site-packages/airflow/example_dags/example_sensors.py
[2024-12-24T19:08:31.686+0000] {processor.py:925} INFO - DAG(s) 'example_sensors' retrieved from /home/airflow/.local/lib/python3.12/site-packages/airflow/example_dags/example_sensors.py
[2024-12-24T19:08:31.713+0000] {logging_mixin.py:190} INFO - [2024-12-24T19:08:31.713+0000] {dag.py:3239} INFO - Sync 1 DAGs
[2024-12-24T19:08:31.728+0000] {logging_mixin.py:190} INFO - [2024-12-24T19:08:31.728+0000] {dag.py:4180} INFO - Setting next_dagrun for example_sensors to None, run_after=None
[2024-12-24T19:08:31.753+0000] {processor.py:208} INFO - Processing /home/airflow/.local/lib/python3.12/site-packages/airflow/example_dags/example_sensors.py took 0.088 seconds
