[2024-12-24T18:50:31.710+0000] {processor.py:186} INFO - Started process (PID=93) to work on /home/airflow/.local/lib/python3.12/site-packages/airflow/example_dags/example_latest_only_with_trigger.py
[2024-12-24T18:50:31.712+0000] {processor.py:914} INFO - Processing file /home/airflow/.local/lib/python3.12/site-packages/airflow/example_dags/example_latest_only_with_trigger.py for tasks to queue
[2024-12-24T18:50:31.714+0000] {logging_mixin.py:190} INFO - [2024-12-24T18:50:31.714+0000] {dagbag.py:588} INFO - Filling up the DagBag from /home/airflow/.local/lib/python3.12/site-packages/airflow/example_dags/example_latest_only_with_trigger.py
[2024-12-24T18:50:31.723+0000] {processor.py:925} INFO - DAG(s) 'latest_only_with_trigger' retrieved from /home/airflow/.local/lib/python3.12/site-packages/airflow/example_dags/example_latest_only_with_trigger.py
[2024-12-24T18:50:31.752+0000] {logging_mixin.py:190} INFO - [2024-12-24T18:50:31.752+0000] {dag.py:3239} INFO - Sync 1 DAGs
[2024-12-24T18:50:31.780+0000] {logging_mixin.py:190} INFO - [2024-12-24T18:50:31.780+0000] {dag.py:4180} INFO - Setting next_dagrun for latest_only_with_trigger to 2024-12-24 12:00:00+00:00, run_after=2024-12-24 16:00:00+00:00
[2024-12-24T18:50:31.806+0000] {processor.py:208} INFO - Processing /home/airflow/.local/lib/python3.12/site-packages/airflow/example_dags/example_latest_only_with_trigger.py took 0.102 seconds
[2024-12-24T18:51:03.140+0000] {processor.py:186} INFO - Started process (PID=156) to work on /home/airflow/.local/lib/python3.12/site-packages/airflow/example_dags/example_latest_only_with_trigger.py
[2024-12-24T18:51:03.143+0000] {processor.py:914} INFO - Processing file /home/airflow/.local/lib/python3.12/site-packages/airflow/example_dags/example_latest_only_with_trigger.py for tasks to queue
[2024-12-24T18:51:03.146+0000] {logging_mixin.py:190} INFO - [2024-12-24T18:51:03.145+0000] {dagbag.py:588} INFO - Filling up the DagBag from /home/airflow/.local/lib/python3.12/site-packages/airflow/example_dags/example_latest_only_with_trigger.py
[2024-12-24T18:51:03.158+0000] {processor.py:925} INFO - DAG(s) 'latest_only_with_trigger' retrieved from /home/airflow/.local/lib/python3.12/site-packages/airflow/example_dags/example_latest_only_with_trigger.py
[2024-12-24T18:51:03.191+0000] {logging_mixin.py:190} INFO - [2024-12-24T18:51:03.190+0000] {dag.py:3239} INFO - Sync 1 DAGs
[2024-12-24T18:51:03.228+0000] {logging_mixin.py:190} INFO - [2024-12-24T18:51:03.227+0000] {dag.py:4180} INFO - Setting next_dagrun for latest_only_with_trigger to 2024-12-24 12:00:00+00:00, run_after=2024-12-24 16:00:00+00:00
[2024-12-24T18:51:03.271+0000] {processor.py:208} INFO - Processing /home/airflow/.local/lib/python3.12/site-packages/airflow/example_dags/example_latest_only_with_trigger.py took 0.141 seconds
[2024-12-24T18:51:34.342+0000] {processor.py:186} INFO - Started process (PID=219) to work on /home/airflow/.local/lib/python3.12/site-packages/airflow/example_dags/example_latest_only_with_trigger.py
[2024-12-24T18:51:34.343+0000] {processor.py:914} INFO - Processing file /home/airflow/.local/lib/python3.12/site-packages/airflow/example_dags/example_latest_only_with_trigger.py for tasks to queue
[2024-12-24T18:51:34.347+0000] {logging_mixin.py:190} INFO - [2024-12-24T18:51:34.346+0000] {dagbag.py:588} INFO - Filling up the DagBag from /home/airflow/.local/lib/python3.12/site-packages/airflow/example_dags/example_latest_only_with_trigger.py
[2024-12-24T18:51:34.358+0000] {processor.py:925} INFO - DAG(s) 'latest_only_with_trigger' retrieved from /home/airflow/.local/lib/python3.12/site-packages/airflow/example_dags/example_latest_only_with_trigger.py
[2024-12-24T18:51:34.389+0000] {logging_mixin.py:190} INFO - [2024-12-24T18:51:34.388+0000] {dag.py:3239} INFO - Sync 1 DAGs
[2024-12-24T18:51:34.425+0000] {logging_mixin.py:190} INFO - [2024-12-24T18:51:34.424+0000] {dag.py:4180} INFO - Setting next_dagrun for latest_only_with_trigger to 2024-12-24 12:00:00+00:00, run_after=2024-12-24 16:00:00+00:00
[2024-12-24T18:51:34.460+0000] {processor.py:208} INFO - Processing /home/airflow/.local/lib/python3.12/site-packages/airflow/example_dags/example_latest_only_with_trigger.py took 0.124 seconds
[2024-12-24T18:52:04.746+0000] {processor.py:186} INFO - Started process (PID=283) to work on /home/airflow/.local/lib/python3.12/site-packages/airflow/example_dags/example_latest_only_with_trigger.py
[2024-12-24T18:52:04.748+0000] {processor.py:914} INFO - Processing file /home/airflow/.local/lib/python3.12/site-packages/airflow/example_dags/example_latest_only_with_trigger.py for tasks to queue
[2024-12-24T18:52:04.752+0000] {logging_mixin.py:190} INFO - [2024-12-24T18:52:04.751+0000] {dagbag.py:588} INFO - Filling up the DagBag from /home/airflow/.local/lib/python3.12/site-packages/airflow/example_dags/example_latest_only_with_trigger.py
[2024-12-24T18:52:04.773+0000] {processor.py:925} INFO - DAG(s) 'latest_only_with_trigger' retrieved from /home/airflow/.local/lib/python3.12/site-packages/airflow/example_dags/example_latest_only_with_trigger.py
[2024-12-24T18:52:04.804+0000] {logging_mixin.py:190} INFO - [2024-12-24T18:52:04.804+0000] {dag.py:3239} INFO - Sync 1 DAGs
[2024-12-24T18:52:04.839+0000] {logging_mixin.py:190} INFO - [2024-12-24T18:52:04.838+0000] {dag.py:4180} INFO - Setting next_dagrun for latest_only_with_trigger to 2024-12-24 12:00:00+00:00, run_after=2024-12-24 16:00:00+00:00
[2024-12-24T18:52:04.877+0000] {processor.py:208} INFO - Processing /home/airflow/.local/lib/python3.12/site-packages/airflow/example_dags/example_latest_only_with_trigger.py took 0.144 seconds
[2024-12-24T18:52:36.557+0000] {processor.py:186} INFO - Started process (PID=346) to work on /home/airflow/.local/lib/python3.12/site-packages/airflow/example_dags/example_latest_only_with_trigger.py
[2024-12-24T18:52:36.558+0000] {processor.py:914} INFO - Processing file /home/airflow/.local/lib/python3.12/site-packages/airflow/example_dags/example_latest_only_with_trigger.py for tasks to queue
[2024-12-24T18:52:36.560+0000] {logging_mixin.py:190} INFO - [2024-12-24T18:52:36.560+0000] {dagbag.py:588} INFO - Filling up the DagBag from /home/airflow/.local/lib/python3.12/site-packages/airflow/example_dags/example_latest_only_with_trigger.py
[2024-12-24T18:52:36.571+0000] {processor.py:925} INFO - DAG(s) 'latest_only_with_trigger' retrieved from /home/airflow/.local/lib/python3.12/site-packages/airflow/example_dags/example_latest_only_with_trigger.py
[2024-12-24T18:52:36.597+0000] {logging_mixin.py:190} INFO - [2024-12-24T18:52:36.596+0000] {dag.py:3239} INFO - Sync 1 DAGs
[2024-12-24T18:52:36.627+0000] {logging_mixin.py:190} INFO - [2024-12-24T18:52:36.626+0000] {dag.py:4180} INFO - Setting next_dagrun for latest_only_with_trigger to 2024-12-24 12:00:00+00:00, run_after=2024-12-24 16:00:00+00:00
[2024-12-24T18:52:36.658+0000] {processor.py:208} INFO - Processing /home/airflow/.local/lib/python3.12/site-packages/airflow/example_dags/example_latest_only_with_trigger.py took 0.107 seconds
[2024-12-24T18:53:07.813+0000] {processor.py:186} INFO - Started process (PID=409) to work on /home/airflow/.local/lib/python3.12/site-packages/airflow/example_dags/example_latest_only_with_trigger.py
[2024-12-24T18:53:07.814+0000] {processor.py:914} INFO - Processing file /home/airflow/.local/lib/python3.12/site-packages/airflow/example_dags/example_latest_only_with_trigger.py for tasks to queue
[2024-12-24T18:53:07.817+0000] {logging_mixin.py:190} INFO - [2024-12-24T18:53:07.817+0000] {dagbag.py:588} INFO - Filling up the DagBag from /home/airflow/.local/lib/python3.12/site-packages/airflow/example_dags/example_latest_only_with_trigger.py
[2024-12-24T18:53:07.825+0000] {processor.py:925} INFO - DAG(s) 'latest_only_with_trigger' retrieved from /home/airflow/.local/lib/python3.12/site-packages/airflow/example_dags/example_latest_only_with_trigger.py
[2024-12-24T18:53:07.848+0000] {logging_mixin.py:190} INFO - [2024-12-24T18:53:07.848+0000] {dag.py:3239} INFO - Sync 1 DAGs
[2024-12-24T18:53:07.874+0000] {logging_mixin.py:190} INFO - [2024-12-24T18:53:07.874+0000] {dag.py:4180} INFO - Setting next_dagrun for latest_only_with_trigger to 2024-12-24 12:00:00+00:00, run_after=2024-12-24 16:00:00+00:00
[2024-12-24T18:53:07.900+0000] {processor.py:208} INFO - Processing /home/airflow/.local/lib/python3.12/site-packages/airflow/example_dags/example_latest_only_with_trigger.py took 0.093 seconds
[2024-12-24T18:53:39.545+0000] {processor.py:186} INFO - Started process (PID=472) to work on /home/airflow/.local/lib/python3.12/site-packages/airflow/example_dags/example_latest_only_with_trigger.py
[2024-12-24T18:53:39.547+0000] {processor.py:914} INFO - Processing file /home/airflow/.local/lib/python3.12/site-packages/airflow/example_dags/example_latest_only_with_trigger.py for tasks to queue
[2024-12-24T18:53:39.549+0000] {logging_mixin.py:190} INFO - [2024-12-24T18:53:39.549+0000] {dagbag.py:588} INFO - Filling up the DagBag from /home/airflow/.local/lib/python3.12/site-packages/airflow/example_dags/example_latest_only_with_trigger.py
[2024-12-24T18:53:39.557+0000] {processor.py:925} INFO - DAG(s) 'latest_only_with_trigger' retrieved from /home/airflow/.local/lib/python3.12/site-packages/airflow/example_dags/example_latest_only_with_trigger.py
[2024-12-24T18:53:39.583+0000] {logging_mixin.py:190} INFO - [2024-12-24T18:53:39.583+0000] {dag.py:3239} INFO - Sync 1 DAGs
[2024-12-24T18:53:39.608+0000] {logging_mixin.py:190} INFO - [2024-12-24T18:53:39.608+0000] {dag.py:4180} INFO - Setting next_dagrun for latest_only_with_trigger to 2024-12-24 12:00:00+00:00, run_after=2024-12-24 16:00:00+00:00
[2024-12-24T18:53:39.634+0000] {processor.py:208} INFO - Processing /home/airflow/.local/lib/python3.12/site-packages/airflow/example_dags/example_latest_only_with_trigger.py took 0.095 seconds
[2024-12-24T18:54:11.541+0000] {processor.py:186} INFO - Started process (PID=535) to work on /home/airflow/.local/lib/python3.12/site-packages/airflow/example_dags/example_latest_only_with_trigger.py
[2024-12-24T18:54:11.543+0000] {processor.py:914} INFO - Processing file /home/airflow/.local/lib/python3.12/site-packages/airflow/example_dags/example_latest_only_with_trigger.py for tasks to queue
[2024-12-24T18:54:11.547+0000] {logging_mixin.py:190} INFO - [2024-12-24T18:54:11.546+0000] {dagbag.py:588} INFO - Filling up the DagBag from /home/airflow/.local/lib/python3.12/site-packages/airflow/example_dags/example_latest_only_with_trigger.py
[2024-12-24T18:54:11.557+0000] {processor.py:925} INFO - DAG(s) 'latest_only_with_trigger' retrieved from /home/airflow/.local/lib/python3.12/site-packages/airflow/example_dags/example_latest_only_with_trigger.py
[2024-12-24T18:54:11.586+0000] {logging_mixin.py:190} INFO - [2024-12-24T18:54:11.585+0000] {dag.py:3239} INFO - Sync 1 DAGs
[2024-12-24T18:54:11.620+0000] {logging_mixin.py:190} INFO - [2024-12-24T18:54:11.619+0000] {dag.py:4180} INFO - Setting next_dagrun for latest_only_with_trigger to 2024-12-24 12:00:00+00:00, run_after=2024-12-24 16:00:00+00:00
[2024-12-24T18:54:11.655+0000] {processor.py:208} INFO - Processing /home/airflow/.local/lib/python3.12/site-packages/airflow/example_dags/example_latest_only_with_trigger.py took 0.120 seconds
[2024-12-24T18:54:43.189+0000] {processor.py:186} INFO - Started process (PID=598) to work on /home/airflow/.local/lib/python3.12/site-packages/airflow/example_dags/example_latest_only_with_trigger.py
[2024-12-24T18:54:43.190+0000] {processor.py:914} INFO - Processing file /home/airflow/.local/lib/python3.12/site-packages/airflow/example_dags/example_latest_only_with_trigger.py for tasks to queue
[2024-12-24T18:54:43.193+0000] {logging_mixin.py:190} INFO - [2024-12-24T18:54:43.193+0000] {dagbag.py:588} INFO - Filling up the DagBag from /home/airflow/.local/lib/python3.12/site-packages/airflow/example_dags/example_latest_only_with_trigger.py
[2024-12-24T18:54:43.201+0000] {processor.py:925} INFO - DAG(s) 'latest_only_with_trigger' retrieved from /home/airflow/.local/lib/python3.12/site-packages/airflow/example_dags/example_latest_only_with_trigger.py
[2024-12-24T18:54:43.228+0000] {logging_mixin.py:190} INFO - [2024-12-24T18:54:43.227+0000] {dag.py:3239} INFO - Sync 1 DAGs
[2024-12-24T18:54:43.265+0000] {logging_mixin.py:190} INFO - [2024-12-24T18:54:43.265+0000] {dag.py:4180} INFO - Setting next_dagrun for latest_only_with_trigger to 2024-12-24 12:00:00+00:00, run_after=2024-12-24 16:00:00+00:00
[2024-12-24T18:54:43.292+0000] {processor.py:208} INFO - Processing /home/airflow/.local/lib/python3.12/site-packages/airflow/example_dags/example_latest_only_with_trigger.py took 0.110 seconds
[2024-12-24T18:55:14.469+0000] {processor.py:186} INFO - Started process (PID=661) to work on /home/airflow/.local/lib/python3.12/site-packages/airflow/example_dags/example_latest_only_with_trigger.py
[2024-12-24T18:55:14.470+0000] {processor.py:914} INFO - Processing file /home/airflow/.local/lib/python3.12/site-packages/airflow/example_dags/example_latest_only_with_trigger.py for tasks to queue
[2024-12-24T18:55:14.473+0000] {logging_mixin.py:190} INFO - [2024-12-24T18:55:14.472+0000] {dagbag.py:588} INFO - Filling up the DagBag from /home/airflow/.local/lib/python3.12/site-packages/airflow/example_dags/example_latest_only_with_trigger.py
[2024-12-24T18:55:14.485+0000] {processor.py:925} INFO - DAG(s) 'latest_only_with_trigger' retrieved from /home/airflow/.local/lib/python3.12/site-packages/airflow/example_dags/example_latest_only_with_trigger.py
[2024-12-24T18:55:14.520+0000] {logging_mixin.py:190} INFO - [2024-12-24T18:55:14.520+0000] {dag.py:3239} INFO - Sync 1 DAGs
[2024-12-24T18:55:14.558+0000] {logging_mixin.py:190} INFO - [2024-12-24T18:55:14.558+0000] {dag.py:4180} INFO - Setting next_dagrun for latest_only_with_trigger to 2024-12-24 12:00:00+00:00, run_after=2024-12-24 16:00:00+00:00
[2024-12-24T18:55:14.599+0000] {processor.py:208} INFO - Processing /home/airflow/.local/lib/python3.12/site-packages/airflow/example_dags/example_latest_only_with_trigger.py took 0.140 seconds
[2024-12-24T18:55:46.010+0000] {processor.py:186} INFO - Started process (PID=724) to work on /home/airflow/.local/lib/python3.12/site-packages/airflow/example_dags/example_latest_only_with_trigger.py
[2024-12-24T18:55:46.012+0000] {processor.py:914} INFO - Processing file /home/airflow/.local/lib/python3.12/site-packages/airflow/example_dags/example_latest_only_with_trigger.py for tasks to queue
[2024-12-24T18:55:46.015+0000] {logging_mixin.py:190} INFO - [2024-12-24T18:55:46.014+0000] {dagbag.py:588} INFO - Filling up the DagBag from /home/airflow/.local/lib/python3.12/site-packages/airflow/example_dags/example_latest_only_with_trigger.py
[2024-12-24T18:55:46.023+0000] {processor.py:925} INFO - DAG(s) 'latest_only_with_trigger' retrieved from /home/airflow/.local/lib/python3.12/site-packages/airflow/example_dags/example_latest_only_with_trigger.py
[2024-12-24T18:55:46.049+0000] {logging_mixin.py:190} INFO - [2024-12-24T18:55:46.049+0000] {dag.py:3239} INFO - Sync 1 DAGs
[2024-12-24T18:55:46.076+0000] {logging_mixin.py:190} INFO - [2024-12-24T18:55:46.076+0000] {dag.py:4180} INFO - Setting next_dagrun for latest_only_with_trigger to 2024-12-24 12:00:00+00:00, run_after=2024-12-24 16:00:00+00:00
[2024-12-24T18:55:46.101+0000] {processor.py:208} INFO - Processing /home/airflow/.local/lib/python3.12/site-packages/airflow/example_dags/example_latest_only_with_trigger.py took 0.097 seconds
[2024-12-24T18:56:17.289+0000] {processor.py:186} INFO - Started process (PID=793) to work on /home/airflow/.local/lib/python3.12/site-packages/airflow/example_dags/example_latest_only_with_trigger.py
[2024-12-24T18:56:17.290+0000] {processor.py:914} INFO - Processing file /home/airflow/.local/lib/python3.12/site-packages/airflow/example_dags/example_latest_only_with_trigger.py for tasks to queue
[2024-12-24T18:56:17.293+0000] {logging_mixin.py:190} INFO - [2024-12-24T18:56:17.292+0000] {dagbag.py:588} INFO - Filling up the DagBag from /home/airflow/.local/lib/python3.12/site-packages/airflow/example_dags/example_latest_only_with_trigger.py
[2024-12-24T18:56:17.302+0000] {processor.py:925} INFO - DAG(s) 'latest_only_with_trigger' retrieved from /home/airflow/.local/lib/python3.12/site-packages/airflow/example_dags/example_latest_only_with_trigger.py
[2024-12-24T18:56:17.326+0000] {logging_mixin.py:190} INFO - [2024-12-24T18:56:17.325+0000] {dag.py:3239} INFO - Sync 1 DAGs
[2024-12-24T18:56:17.351+0000] {logging_mixin.py:190} INFO - [2024-12-24T18:56:17.351+0000] {dag.py:4180} INFO - Setting next_dagrun for latest_only_with_trigger to 2024-12-24 12:00:00+00:00, run_after=2024-12-24 16:00:00+00:00
[2024-12-24T18:56:17.409+0000] {processor.py:208} INFO - Processing /home/airflow/.local/lib/python3.12/site-packages/airflow/example_dags/example_latest_only_with_trigger.py took 0.126 seconds
[2024-12-24T18:56:48.840+0000] {processor.py:186} INFO - Started process (PID=856) to work on /home/airflow/.local/lib/python3.12/site-packages/airflow/example_dags/example_latest_only_with_trigger.py
[2024-12-24T18:56:48.841+0000] {processor.py:914} INFO - Processing file /home/airflow/.local/lib/python3.12/site-packages/airflow/example_dags/example_latest_only_with_trigger.py for tasks to queue
[2024-12-24T18:56:48.844+0000] {logging_mixin.py:190} INFO - [2024-12-24T18:56:48.844+0000] {dagbag.py:588} INFO - Filling up the DagBag from /home/airflow/.local/lib/python3.12/site-packages/airflow/example_dags/example_latest_only_with_trigger.py
[2024-12-24T18:56:48.854+0000] {processor.py:925} INFO - DAG(s) 'latest_only_with_trigger' retrieved from /home/airflow/.local/lib/python3.12/site-packages/airflow/example_dags/example_latest_only_with_trigger.py
[2024-12-24T18:56:48.881+0000] {logging_mixin.py:190} INFO - [2024-12-24T18:56:48.881+0000] {dag.py:3239} INFO - Sync 1 DAGs
[2024-12-24T18:56:48.912+0000] {logging_mixin.py:190} INFO - [2024-12-24T18:56:48.912+0000] {dag.py:4180} INFO - Setting next_dagrun for latest_only_with_trigger to 2024-12-24 12:00:00+00:00, run_after=2024-12-24 16:00:00+00:00
[2024-12-24T18:56:48.960+0000] {processor.py:208} INFO - Processing /home/airflow/.local/lib/python3.12/site-packages/airflow/example_dags/example_latest_only_with_trigger.py took 0.126 seconds
[2024-12-24T18:57:19.685+0000] {processor.py:186} INFO - Started process (PID=919) to work on /home/airflow/.local/lib/python3.12/site-packages/airflow/example_dags/example_latest_only_with_trigger.py
[2024-12-24T18:57:19.687+0000] {processor.py:914} INFO - Processing file /home/airflow/.local/lib/python3.12/site-packages/airflow/example_dags/example_latest_only_with_trigger.py for tasks to queue
[2024-12-24T18:57:19.689+0000] {logging_mixin.py:190} INFO - [2024-12-24T18:57:19.689+0000] {dagbag.py:588} INFO - Filling up the DagBag from /home/airflow/.local/lib/python3.12/site-packages/airflow/example_dags/example_latest_only_with_trigger.py
[2024-12-24T18:57:19.697+0000] {processor.py:925} INFO - DAG(s) 'latest_only_with_trigger' retrieved from /home/airflow/.local/lib/python3.12/site-packages/airflow/example_dags/example_latest_only_with_trigger.py
[2024-12-24T18:57:19.721+0000] {logging_mixin.py:190} INFO - [2024-12-24T18:57:19.720+0000] {dag.py:3239} INFO - Sync 1 DAGs
[2024-12-24T18:57:19.747+0000] {logging_mixin.py:190} INFO - [2024-12-24T18:57:19.747+0000] {dag.py:4180} INFO - Setting next_dagrun for latest_only_with_trigger to 2024-12-24 12:00:00+00:00, run_after=2024-12-24 16:00:00+00:00
[2024-12-24T18:57:19.772+0000] {processor.py:208} INFO - Processing /home/airflow/.local/lib/python3.12/site-packages/airflow/example_dags/example_latest_only_with_trigger.py took 0.093 seconds
[2024-12-24T18:57:51.212+0000] {processor.py:186} INFO - Started process (PID=982) to work on /home/airflow/.local/lib/python3.12/site-packages/airflow/example_dags/example_latest_only_with_trigger.py
[2024-12-24T18:57:51.213+0000] {processor.py:914} INFO - Processing file /home/airflow/.local/lib/python3.12/site-packages/airflow/example_dags/example_latest_only_with_trigger.py for tasks to queue
[2024-12-24T18:57:51.216+0000] {logging_mixin.py:190} INFO - [2024-12-24T18:57:51.216+0000] {dagbag.py:588} INFO - Filling up the DagBag from /home/airflow/.local/lib/python3.12/site-packages/airflow/example_dags/example_latest_only_with_trigger.py
[2024-12-24T18:57:51.229+0000] {processor.py:925} INFO - DAG(s) 'latest_only_with_trigger' retrieved from /home/airflow/.local/lib/python3.12/site-packages/airflow/example_dags/example_latest_only_with_trigger.py
[2024-12-24T18:57:51.255+0000] {logging_mixin.py:190} INFO - [2024-12-24T18:57:51.255+0000] {dag.py:3239} INFO - Sync 1 DAGs
[2024-12-24T18:57:51.287+0000] {logging_mixin.py:190} INFO - [2024-12-24T18:57:51.286+0000] {dag.py:4180} INFO - Setting next_dagrun for latest_only_with_trigger to 2024-12-24 12:00:00+00:00, run_after=2024-12-24 16:00:00+00:00
[2024-12-24T18:57:51.318+0000] {processor.py:208} INFO - Processing /home/airflow/.local/lib/python3.12/site-packages/airflow/example_dags/example_latest_only_with_trigger.py took 0.113 seconds
[2024-12-24T18:58:22.326+0000] {processor.py:186} INFO - Started process (PID=1049) to work on /home/airflow/.local/lib/python3.12/site-packages/airflow/example_dags/example_latest_only_with_trigger.py
[2024-12-24T18:58:22.328+0000] {processor.py:914} INFO - Processing file /home/airflow/.local/lib/python3.12/site-packages/airflow/example_dags/example_latest_only_with_trigger.py for tasks to queue
[2024-12-24T18:58:22.331+0000] {logging_mixin.py:190} INFO - [2024-12-24T18:58:22.330+0000] {dagbag.py:588} INFO - Filling up the DagBag from /home/airflow/.local/lib/python3.12/site-packages/airflow/example_dags/example_latest_only_with_trigger.py
[2024-12-24T18:58:22.340+0000] {processor.py:925} INFO - DAG(s) 'latest_only_with_trigger' retrieved from /home/airflow/.local/lib/python3.12/site-packages/airflow/example_dags/example_latest_only_with_trigger.py
[2024-12-24T18:58:22.367+0000] {logging_mixin.py:190} INFO - [2024-12-24T18:58:22.367+0000] {dag.py:3239} INFO - Sync 1 DAGs
[2024-12-24T18:58:22.396+0000] {logging_mixin.py:190} INFO - [2024-12-24T18:58:22.396+0000] {dag.py:4180} INFO - Setting next_dagrun for latest_only_with_trigger to 2024-12-24 12:00:00+00:00, run_after=2024-12-24 16:00:00+00:00
[2024-12-24T18:58:22.423+0000] {processor.py:208} INFO - Processing /home/airflow/.local/lib/python3.12/site-packages/airflow/example_dags/example_latest_only_with_trigger.py took 0.103 seconds
[2024-12-24T18:58:53.343+0000] {processor.py:186} INFO - Started process (PID=1110) to work on /home/airflow/.local/lib/python3.12/site-packages/airflow/example_dags/example_latest_only_with_trigger.py
[2024-12-24T18:58:53.345+0000] {processor.py:914} INFO - Processing file /home/airflow/.local/lib/python3.12/site-packages/airflow/example_dags/example_latest_only_with_trigger.py for tasks to queue
[2024-12-24T18:58:53.347+0000] {logging_mixin.py:190} INFO - [2024-12-24T18:58:53.347+0000] {dagbag.py:588} INFO - Filling up the DagBag from /home/airflow/.local/lib/python3.12/site-packages/airflow/example_dags/example_latest_only_with_trigger.py
[2024-12-24T18:58:53.355+0000] {processor.py:925} INFO - DAG(s) 'latest_only_with_trigger' retrieved from /home/airflow/.local/lib/python3.12/site-packages/airflow/example_dags/example_latest_only_with_trigger.py
[2024-12-24T18:58:53.379+0000] {logging_mixin.py:190} INFO - [2024-12-24T18:58:53.379+0000] {dag.py:3239} INFO - Sync 1 DAGs
[2024-12-24T18:58:53.407+0000] {logging_mixin.py:190} INFO - [2024-12-24T18:58:53.407+0000] {dag.py:4180} INFO - Setting next_dagrun for latest_only_with_trigger to 2024-12-24 12:00:00+00:00, run_after=2024-12-24 16:00:00+00:00
[2024-12-24T18:58:53.443+0000] {processor.py:208} INFO - Processing /home/airflow/.local/lib/python3.12/site-packages/airflow/example_dags/example_latest_only_with_trigger.py took 0.106 seconds
[2024-12-24T18:59:23.709+0000] {processor.py:186} INFO - Started process (PID=1172) to work on /home/airflow/.local/lib/python3.12/site-packages/airflow/example_dags/example_latest_only_with_trigger.py
[2024-12-24T18:59:23.710+0000] {processor.py:914} INFO - Processing file /home/airflow/.local/lib/python3.12/site-packages/airflow/example_dags/example_latest_only_with_trigger.py for tasks to queue
[2024-12-24T18:59:23.713+0000] {logging_mixin.py:190} INFO - [2024-12-24T18:59:23.712+0000] {dagbag.py:588} INFO - Filling up the DagBag from /home/airflow/.local/lib/python3.12/site-packages/airflow/example_dags/example_latest_only_with_trigger.py
[2024-12-24T18:59:23.720+0000] {processor.py:925} INFO - DAG(s) 'latest_only_with_trigger' retrieved from /home/airflow/.local/lib/python3.12/site-packages/airflow/example_dags/example_latest_only_with_trigger.py
[2024-12-24T18:59:23.747+0000] {logging_mixin.py:190} INFO - [2024-12-24T18:59:23.747+0000] {dag.py:3239} INFO - Sync 1 DAGs
[2024-12-24T18:59:23.773+0000] {logging_mixin.py:190} INFO - [2024-12-24T18:59:23.773+0000] {dag.py:4180} INFO - Setting next_dagrun for latest_only_with_trigger to 2024-12-24 12:00:00+00:00, run_after=2024-12-24 16:00:00+00:00
[2024-12-24T18:59:23.797+0000] {processor.py:208} INFO - Processing /home/airflow/.local/lib/python3.12/site-packages/airflow/example_dags/example_latest_only_with_trigger.py took 0.094 seconds
[2024-12-24T18:59:54.129+0000] {processor.py:186} INFO - Started process (PID=1235) to work on /home/airflow/.local/lib/python3.12/site-packages/airflow/example_dags/example_latest_only_with_trigger.py
[2024-12-24T18:59:54.131+0000] {processor.py:914} INFO - Processing file /home/airflow/.local/lib/python3.12/site-packages/airflow/example_dags/example_latest_only_with_trigger.py for tasks to queue
[2024-12-24T18:59:54.133+0000] {logging_mixin.py:190} INFO - [2024-12-24T18:59:54.133+0000] {dagbag.py:588} INFO - Filling up the DagBag from /home/airflow/.local/lib/python3.12/site-packages/airflow/example_dags/example_latest_only_with_trigger.py
[2024-12-24T18:59:54.141+0000] {processor.py:925} INFO - DAG(s) 'latest_only_with_trigger' retrieved from /home/airflow/.local/lib/python3.12/site-packages/airflow/example_dags/example_latest_only_with_trigger.py
[2024-12-24T18:59:54.167+0000] {logging_mixin.py:190} INFO - [2024-12-24T18:59:54.167+0000] {dag.py:3239} INFO - Sync 1 DAGs
[2024-12-24T18:59:54.195+0000] {logging_mixin.py:190} INFO - [2024-12-24T18:59:54.195+0000] {dag.py:4180} INFO - Setting next_dagrun for latest_only_with_trigger to 2024-12-24 12:00:00+00:00, run_after=2024-12-24 16:00:00+00:00
[2024-12-24T18:59:54.220+0000] {processor.py:208} INFO - Processing /home/airflow/.local/lib/python3.12/site-packages/airflow/example_dags/example_latest_only_with_trigger.py took 0.096 seconds
[2024-12-24T19:00:24.472+0000] {processor.py:186} INFO - Started process (PID=1298) to work on /home/airflow/.local/lib/python3.12/site-packages/airflow/example_dags/example_latest_only_with_trigger.py
[2024-12-24T19:00:24.474+0000] {processor.py:914} INFO - Processing file /home/airflow/.local/lib/python3.12/site-packages/airflow/example_dags/example_latest_only_with_trigger.py for tasks to queue
[2024-12-24T19:00:24.476+0000] {logging_mixin.py:190} INFO - [2024-12-24T19:00:24.476+0000] {dagbag.py:588} INFO - Filling up the DagBag from /home/airflow/.local/lib/python3.12/site-packages/airflow/example_dags/example_latest_only_with_trigger.py
[2024-12-24T19:00:24.485+0000] {processor.py:925} INFO - DAG(s) 'latest_only_with_trigger' retrieved from /home/airflow/.local/lib/python3.12/site-packages/airflow/example_dags/example_latest_only_with_trigger.py
[2024-12-24T19:00:24.509+0000] {logging_mixin.py:190} INFO - [2024-12-24T19:00:24.509+0000] {dag.py:3239} INFO - Sync 1 DAGs
[2024-12-24T19:00:24.539+0000] {logging_mixin.py:190} INFO - [2024-12-24T19:00:24.539+0000] {dag.py:4180} INFO - Setting next_dagrun for latest_only_with_trigger to 2024-12-24 12:00:00+00:00, run_after=2024-12-24 16:00:00+00:00
[2024-12-24T19:00:24.565+0000] {processor.py:208} INFO - Processing /home/airflow/.local/lib/python3.12/site-packages/airflow/example_dags/example_latest_only_with_trigger.py took 0.099 seconds
[2024-12-24T19:00:54.965+0000] {processor.py:186} INFO - Started process (PID=1360) to work on /home/airflow/.local/lib/python3.12/site-packages/airflow/example_dags/example_latest_only_with_trigger.py
[2024-12-24T19:00:54.966+0000] {processor.py:914} INFO - Processing file /home/airflow/.local/lib/python3.12/site-packages/airflow/example_dags/example_latest_only_with_trigger.py for tasks to queue
[2024-12-24T19:00:54.969+0000] {logging_mixin.py:190} INFO - [2024-12-24T19:00:54.968+0000] {dagbag.py:588} INFO - Filling up the DagBag from /home/airflow/.local/lib/python3.12/site-packages/airflow/example_dags/example_latest_only_with_trigger.py
[2024-12-24T19:00:54.977+0000] {processor.py:925} INFO - DAG(s) 'latest_only_with_trigger' retrieved from /home/airflow/.local/lib/python3.12/site-packages/airflow/example_dags/example_latest_only_with_trigger.py
[2024-12-24T19:00:55.006+0000] {logging_mixin.py:190} INFO - [2024-12-24T19:00:55.006+0000] {dag.py:3239} INFO - Sync 1 DAGs
[2024-12-24T19:00:55.035+0000] {logging_mixin.py:190} INFO - [2024-12-24T19:00:55.035+0000] {dag.py:4180} INFO - Setting next_dagrun for latest_only_with_trigger to 2024-12-24 12:00:00+00:00, run_after=2024-12-24 16:00:00+00:00
[2024-12-24T19:00:55.060+0000] {processor.py:208} INFO - Processing /home/airflow/.local/lib/python3.12/site-packages/airflow/example_dags/example_latest_only_with_trigger.py took 0.101 seconds
[2024-12-24T19:01:25.667+0000] {processor.py:186} INFO - Started process (PID=1421) to work on /home/airflow/.local/lib/python3.12/site-packages/airflow/example_dags/example_latest_only_with_trigger.py
[2024-12-24T19:01:25.668+0000] {processor.py:914} INFO - Processing file /home/airflow/.local/lib/python3.12/site-packages/airflow/example_dags/example_latest_only_with_trigger.py for tasks to queue
[2024-12-24T19:01:25.670+0000] {logging_mixin.py:190} INFO - [2024-12-24T19:01:25.670+0000] {dagbag.py:588} INFO - Filling up the DagBag from /home/airflow/.local/lib/python3.12/site-packages/airflow/example_dags/example_latest_only_with_trigger.py
[2024-12-24T19:01:25.678+0000] {processor.py:925} INFO - DAG(s) 'latest_only_with_trigger' retrieved from /home/airflow/.local/lib/python3.12/site-packages/airflow/example_dags/example_latest_only_with_trigger.py
[2024-12-24T19:01:25.709+0000] {logging_mixin.py:190} INFO - [2024-12-24T19:01:25.708+0000] {dag.py:3239} INFO - Sync 1 DAGs
[2024-12-24T19:01:25.738+0000] {logging_mixin.py:190} INFO - [2024-12-24T19:01:25.738+0000] {dag.py:4180} INFO - Setting next_dagrun for latest_only_with_trigger to 2024-12-24 12:00:00+00:00, run_after=2024-12-24 16:00:00+00:00
[2024-12-24T19:01:25.763+0000] {processor.py:208} INFO - Processing /home/airflow/.local/lib/python3.12/site-packages/airflow/example_dags/example_latest_only_with_trigger.py took 0.102 seconds
[2024-12-24T19:01:56.630+0000] {processor.py:186} INFO - Started process (PID=1484) to work on /home/airflow/.local/lib/python3.12/site-packages/airflow/example_dags/example_latest_only_with_trigger.py
[2024-12-24T19:01:56.632+0000] {processor.py:914} INFO - Processing file /home/airflow/.local/lib/python3.12/site-packages/airflow/example_dags/example_latest_only_with_trigger.py for tasks to queue
[2024-12-24T19:01:56.634+0000] {logging_mixin.py:190} INFO - [2024-12-24T19:01:56.634+0000] {dagbag.py:588} INFO - Filling up the DagBag from /home/airflow/.local/lib/python3.12/site-packages/airflow/example_dags/example_latest_only_with_trigger.py
[2024-12-24T19:01:56.642+0000] {processor.py:925} INFO - DAG(s) 'latest_only_with_trigger' retrieved from /home/airflow/.local/lib/python3.12/site-packages/airflow/example_dags/example_latest_only_with_trigger.py
[2024-12-24T19:01:56.665+0000] {logging_mixin.py:190} INFO - [2024-12-24T19:01:56.665+0000] {dag.py:3239} INFO - Sync 1 DAGs
[2024-12-24T19:01:56.690+0000] {logging_mixin.py:190} INFO - [2024-12-24T19:01:56.690+0000] {dag.py:4180} INFO - Setting next_dagrun for latest_only_with_trigger to 2024-12-24 12:00:00+00:00, run_after=2024-12-24 16:00:00+00:00
[2024-12-24T19:01:56.713+0000] {processor.py:208} INFO - Processing /home/airflow/.local/lib/python3.12/site-packages/airflow/example_dags/example_latest_only_with_trigger.py took 0.089 seconds
[2024-12-24T19:02:27.330+0000] {processor.py:186} INFO - Started process (PID=1547) to work on /home/airflow/.local/lib/python3.12/site-packages/airflow/example_dags/example_latest_only_with_trigger.py
[2024-12-24T19:02:27.332+0000] {processor.py:914} INFO - Processing file /home/airflow/.local/lib/python3.12/site-packages/airflow/example_dags/example_latest_only_with_trigger.py for tasks to queue
[2024-12-24T19:02:27.334+0000] {logging_mixin.py:190} INFO - [2024-12-24T19:02:27.334+0000] {dagbag.py:588} INFO - Filling up the DagBag from /home/airflow/.local/lib/python3.12/site-packages/airflow/example_dags/example_latest_only_with_trigger.py
[2024-12-24T19:02:27.342+0000] {processor.py:925} INFO - DAG(s) 'latest_only_with_trigger' retrieved from /home/airflow/.local/lib/python3.12/site-packages/airflow/example_dags/example_latest_only_with_trigger.py
[2024-12-24T19:02:27.365+0000] {logging_mixin.py:190} INFO - [2024-12-24T19:02:27.364+0000] {dag.py:3239} INFO - Sync 1 DAGs
[2024-12-24T19:02:27.391+0000] {logging_mixin.py:190} INFO - [2024-12-24T19:02:27.390+0000] {dag.py:4180} INFO - Setting next_dagrun for latest_only_with_trigger to 2024-12-24 12:00:00+00:00, run_after=2024-12-24 16:00:00+00:00
[2024-12-24T19:02:27.416+0000] {processor.py:208} INFO - Processing /home/airflow/.local/lib/python3.12/site-packages/airflow/example_dags/example_latest_only_with_trigger.py took 0.092 seconds
[2024-12-24T19:02:57.814+0000] {processor.py:186} INFO - Started process (PID=1616) to work on /home/airflow/.local/lib/python3.12/site-packages/airflow/example_dags/example_latest_only_with_trigger.py
[2024-12-24T19:02:57.816+0000] {processor.py:914} INFO - Processing file /home/airflow/.local/lib/python3.12/site-packages/airflow/example_dags/example_latest_only_with_trigger.py for tasks to queue
[2024-12-24T19:02:57.819+0000] {logging_mixin.py:190} INFO - [2024-12-24T19:02:57.818+0000] {dagbag.py:588} INFO - Filling up the DagBag from /home/airflow/.local/lib/python3.12/site-packages/airflow/example_dags/example_latest_only_with_trigger.py
[2024-12-24T19:02:57.826+0000] {processor.py:925} INFO - DAG(s) 'latest_only_with_trigger' retrieved from /home/airflow/.local/lib/python3.12/site-packages/airflow/example_dags/example_latest_only_with_trigger.py
[2024-12-24T19:02:57.852+0000] {logging_mixin.py:190} INFO - [2024-12-24T19:02:57.851+0000] {dag.py:3239} INFO - Sync 1 DAGs
[2024-12-24T19:02:57.879+0000] {logging_mixin.py:190} INFO - [2024-12-24T19:02:57.879+0000] {dag.py:4180} INFO - Setting next_dagrun for latest_only_with_trigger to 2024-12-24 12:00:00+00:00, run_after=2024-12-24 16:00:00+00:00
[2024-12-24T19:02:57.909+0000] {processor.py:208} INFO - Processing /home/airflow/.local/lib/python3.12/site-packages/airflow/example_dags/example_latest_only_with_trigger.py took 0.101 seconds
[2024-12-24T19:03:28.326+0000] {processor.py:186} INFO - Started process (PID=1679) to work on /home/airflow/.local/lib/python3.12/site-packages/airflow/example_dags/example_latest_only_with_trigger.py
[2024-12-24T19:03:28.328+0000] {processor.py:914} INFO - Processing file /home/airflow/.local/lib/python3.12/site-packages/airflow/example_dags/example_latest_only_with_trigger.py for tasks to queue
[2024-12-24T19:03:28.331+0000] {logging_mixin.py:190} INFO - [2024-12-24T19:03:28.331+0000] {dagbag.py:588} INFO - Filling up the DagBag from /home/airflow/.local/lib/python3.12/site-packages/airflow/example_dags/example_latest_only_with_trigger.py
[2024-12-24T19:03:28.340+0000] {processor.py:925} INFO - DAG(s) 'latest_only_with_trigger' retrieved from /home/airflow/.local/lib/python3.12/site-packages/airflow/example_dags/example_latest_only_with_trigger.py
[2024-12-24T19:03:28.366+0000] {logging_mixin.py:190} INFO - [2024-12-24T19:03:28.366+0000] {dag.py:3239} INFO - Sync 1 DAGs
[2024-12-24T19:03:28.396+0000] {logging_mixin.py:190} INFO - [2024-12-24T19:03:28.395+0000] {dag.py:4180} INFO - Setting next_dagrun for latest_only_with_trigger to 2024-12-24 12:00:00+00:00, run_after=2024-12-24 16:00:00+00:00
[2024-12-24T19:03:28.419+0000] {processor.py:208} INFO - Processing /home/airflow/.local/lib/python3.12/site-packages/airflow/example_dags/example_latest_only_with_trigger.py took 0.101 seconds
[2024-12-24T19:03:58.498+0000] {processor.py:186} INFO - Started process (PID=1742) to work on /home/airflow/.local/lib/python3.12/site-packages/airflow/example_dags/example_latest_only_with_trigger.py
[2024-12-24T19:03:58.500+0000] {processor.py:914} INFO - Processing file /home/airflow/.local/lib/python3.12/site-packages/airflow/example_dags/example_latest_only_with_trigger.py for tasks to queue
[2024-12-24T19:03:58.502+0000] {logging_mixin.py:190} INFO - [2024-12-24T19:03:58.502+0000] {dagbag.py:588} INFO - Filling up the DagBag from /home/airflow/.local/lib/python3.12/site-packages/airflow/example_dags/example_latest_only_with_trigger.py
[2024-12-24T19:03:58.510+0000] {processor.py:925} INFO - DAG(s) 'latest_only_with_trigger' retrieved from /home/airflow/.local/lib/python3.12/site-packages/airflow/example_dags/example_latest_only_with_trigger.py
[2024-12-24T19:03:58.535+0000] {logging_mixin.py:190} INFO - [2024-12-24T19:03:58.535+0000] {dag.py:3239} INFO - Sync 1 DAGs
[2024-12-24T19:03:58.565+0000] {logging_mixin.py:190} INFO - [2024-12-24T19:03:58.564+0000] {dag.py:4180} INFO - Setting next_dagrun for latest_only_with_trigger to 2024-12-24 12:00:00+00:00, run_after=2024-12-24 16:00:00+00:00
[2024-12-24T19:03:58.594+0000] {processor.py:208} INFO - Processing /home/airflow/.local/lib/python3.12/site-packages/airflow/example_dags/example_latest_only_with_trigger.py took 0.102 seconds
[2024-12-24T19:04:28.959+0000] {processor.py:186} INFO - Started process (PID=1805) to work on /home/airflow/.local/lib/python3.12/site-packages/airflow/example_dags/example_latest_only_with_trigger.py
[2024-12-24T19:04:28.960+0000] {processor.py:914} INFO - Processing file /home/airflow/.local/lib/python3.12/site-packages/airflow/example_dags/example_latest_only_with_trigger.py for tasks to queue
[2024-12-24T19:04:28.963+0000] {logging_mixin.py:190} INFO - [2024-12-24T19:04:28.962+0000] {dagbag.py:588} INFO - Filling up the DagBag from /home/airflow/.local/lib/python3.12/site-packages/airflow/example_dags/example_latest_only_with_trigger.py
[2024-12-24T19:04:28.972+0000] {processor.py:925} INFO - DAG(s) 'latest_only_with_trigger' retrieved from /home/airflow/.local/lib/python3.12/site-packages/airflow/example_dags/example_latest_only_with_trigger.py
[2024-12-24T19:04:28.997+0000] {logging_mixin.py:190} INFO - [2024-12-24T19:04:28.996+0000] {dag.py:3239} INFO - Sync 1 DAGs
[2024-12-24T19:04:29.027+0000] {logging_mixin.py:190} INFO - [2024-12-24T19:04:29.027+0000] {dag.py:4180} INFO - Setting next_dagrun for latest_only_with_trigger to 2024-12-24 12:00:00+00:00, run_after=2024-12-24 16:00:00+00:00
[2024-12-24T19:04:29.052+0000] {processor.py:208} INFO - Processing /home/airflow/.local/lib/python3.12/site-packages/airflow/example_dags/example_latest_only_with_trigger.py took 0.099 seconds
[2024-12-24T19:04:59.302+0000] {processor.py:186} INFO - Started process (PID=1868) to work on /home/airflow/.local/lib/python3.12/site-packages/airflow/example_dags/example_latest_only_with_trigger.py
[2024-12-24T19:04:59.303+0000] {processor.py:914} INFO - Processing file /home/airflow/.local/lib/python3.12/site-packages/airflow/example_dags/example_latest_only_with_trigger.py for tasks to queue
[2024-12-24T19:04:59.306+0000] {logging_mixin.py:190} INFO - [2024-12-24T19:04:59.305+0000] {dagbag.py:588} INFO - Filling up the DagBag from /home/airflow/.local/lib/python3.12/site-packages/airflow/example_dags/example_latest_only_with_trigger.py
[2024-12-24T19:04:59.314+0000] {processor.py:925} INFO - DAG(s) 'latest_only_with_trigger' retrieved from /home/airflow/.local/lib/python3.12/site-packages/airflow/example_dags/example_latest_only_with_trigger.py
[2024-12-24T19:04:59.338+0000] {logging_mixin.py:190} INFO - [2024-12-24T19:04:59.338+0000] {dag.py:3239} INFO - Sync 1 DAGs
[2024-12-24T19:04:59.364+0000] {logging_mixin.py:190} INFO - [2024-12-24T19:04:59.364+0000] {dag.py:4180} INFO - Setting next_dagrun for latest_only_with_trigger to 2024-12-24 12:00:00+00:00, run_after=2024-12-24 16:00:00+00:00
[2024-12-24T19:04:59.389+0000] {processor.py:208} INFO - Processing /home/airflow/.local/lib/python3.12/site-packages/airflow/example_dags/example_latest_only_with_trigger.py took 0.093 seconds
[2024-12-24T19:05:29.679+0000] {processor.py:186} INFO - Started process (PID=1931) to work on /home/airflow/.local/lib/python3.12/site-packages/airflow/example_dags/example_latest_only_with_trigger.py
[2024-12-24T19:05:29.681+0000] {processor.py:914} INFO - Processing file /home/airflow/.local/lib/python3.12/site-packages/airflow/example_dags/example_latest_only_with_trigger.py for tasks to queue
[2024-12-24T19:05:29.684+0000] {logging_mixin.py:190} INFO - [2024-12-24T19:05:29.684+0000] {dagbag.py:588} INFO - Filling up the DagBag from /home/airflow/.local/lib/python3.12/site-packages/airflow/example_dags/example_latest_only_with_trigger.py
[2024-12-24T19:05:29.693+0000] {processor.py:925} INFO - DAG(s) 'latest_only_with_trigger' retrieved from /home/airflow/.local/lib/python3.12/site-packages/airflow/example_dags/example_latest_only_with_trigger.py
[2024-12-24T19:05:29.718+0000] {logging_mixin.py:190} INFO - [2024-12-24T19:05:29.717+0000] {dag.py:3239} INFO - Sync 1 DAGs
[2024-12-24T19:05:29.742+0000] {logging_mixin.py:190} INFO - [2024-12-24T19:05:29.742+0000] {dag.py:4180} INFO - Setting next_dagrun for latest_only_with_trigger to 2024-12-24 12:00:00+00:00, run_after=2024-12-24 16:00:00+00:00
[2024-12-24T19:05:29.769+0000] {processor.py:208} INFO - Processing /home/airflow/.local/lib/python3.12/site-packages/airflow/example_dags/example_latest_only_with_trigger.py took 0.096 seconds
[2024-12-24T19:06:00.130+0000] {processor.py:186} INFO - Started process (PID=1994) to work on /home/airflow/.local/lib/python3.12/site-packages/airflow/example_dags/example_latest_only_with_trigger.py
[2024-12-24T19:06:00.131+0000] {processor.py:914} INFO - Processing file /home/airflow/.local/lib/python3.12/site-packages/airflow/example_dags/example_latest_only_with_trigger.py for tasks to queue
[2024-12-24T19:06:00.134+0000] {logging_mixin.py:190} INFO - [2024-12-24T19:06:00.133+0000] {dagbag.py:588} INFO - Filling up the DagBag from /home/airflow/.local/lib/python3.12/site-packages/airflow/example_dags/example_latest_only_with_trigger.py
[2024-12-24T19:06:00.143+0000] {processor.py:925} INFO - DAG(s) 'latest_only_with_trigger' retrieved from /home/airflow/.local/lib/python3.12/site-packages/airflow/example_dags/example_latest_only_with_trigger.py
[2024-12-24T19:06:00.166+0000] {logging_mixin.py:190} INFO - [2024-12-24T19:06:00.166+0000] {dag.py:3239} INFO - Sync 1 DAGs
[2024-12-24T19:06:00.191+0000] {logging_mixin.py:190} INFO - [2024-12-24T19:06:00.191+0000] {dag.py:4180} INFO - Setting next_dagrun for latest_only_with_trigger to 2024-12-24 12:00:00+00:00, run_after=2024-12-24 16:00:00+00:00
[2024-12-24T19:06:00.217+0000] {processor.py:208} INFO - Processing /home/airflow/.local/lib/python3.12/site-packages/airflow/example_dags/example_latest_only_with_trigger.py took 0.093 seconds
[2024-12-24T19:06:30.409+0000] {processor.py:186} INFO - Started process (PID=2057) to work on /home/airflow/.local/lib/python3.12/site-packages/airflow/example_dags/example_latest_only_with_trigger.py
[2024-12-24T19:06:30.411+0000] {processor.py:914} INFO - Processing file /home/airflow/.local/lib/python3.12/site-packages/airflow/example_dags/example_latest_only_with_trigger.py for tasks to queue
[2024-12-24T19:06:30.413+0000] {logging_mixin.py:190} INFO - [2024-12-24T19:06:30.413+0000] {dagbag.py:588} INFO - Filling up the DagBag from /home/airflow/.local/lib/python3.12/site-packages/airflow/example_dags/example_latest_only_with_trigger.py
[2024-12-24T19:06:30.421+0000] {processor.py:925} INFO - DAG(s) 'latest_only_with_trigger' retrieved from /home/airflow/.local/lib/python3.12/site-packages/airflow/example_dags/example_latest_only_with_trigger.py
[2024-12-24T19:06:30.445+0000] {logging_mixin.py:190} INFO - [2024-12-24T19:06:30.445+0000] {dag.py:3239} INFO - Sync 1 DAGs
[2024-12-24T19:06:30.472+0000] {logging_mixin.py:190} INFO - [2024-12-24T19:06:30.472+0000] {dag.py:4180} INFO - Setting next_dagrun for latest_only_with_trigger to 2024-12-24 12:00:00+00:00, run_after=2024-12-24 16:00:00+00:00
[2024-12-24T19:06:30.498+0000] {processor.py:208} INFO - Processing /home/airflow/.local/lib/python3.12/site-packages/airflow/example_dags/example_latest_only_with_trigger.py took 0.094 seconds
[2024-12-24T19:07:00.957+0000] {processor.py:186} INFO - Started process (PID=2120) to work on /home/airflow/.local/lib/python3.12/site-packages/airflow/example_dags/example_latest_only_with_trigger.py
[2024-12-24T19:07:00.958+0000] {processor.py:914} INFO - Processing file /home/airflow/.local/lib/python3.12/site-packages/airflow/example_dags/example_latest_only_with_trigger.py for tasks to queue
[2024-12-24T19:07:00.961+0000] {logging_mixin.py:190} INFO - [2024-12-24T19:07:00.961+0000] {dagbag.py:588} INFO - Filling up the DagBag from /home/airflow/.local/lib/python3.12/site-packages/airflow/example_dags/example_latest_only_with_trigger.py
[2024-12-24T19:07:00.970+0000] {processor.py:925} INFO - DAG(s) 'latest_only_with_trigger' retrieved from /home/airflow/.local/lib/python3.12/site-packages/airflow/example_dags/example_latest_only_with_trigger.py
[2024-12-24T19:07:00.996+0000] {logging_mixin.py:190} INFO - [2024-12-24T19:07:00.996+0000] {dag.py:3239} INFO - Sync 1 DAGs
[2024-12-24T19:07:01.024+0000] {logging_mixin.py:190} INFO - [2024-12-24T19:07:01.024+0000] {dag.py:4180} INFO - Setting next_dagrun for latest_only_with_trigger to 2024-12-24 12:00:00+00:00, run_after=2024-12-24 16:00:00+00:00
[2024-12-24T19:07:01.053+0000] {processor.py:208} INFO - Processing /home/airflow/.local/lib/python3.12/site-packages/airflow/example_dags/example_latest_only_with_trigger.py took 0.103 seconds
[2024-12-24T19:07:31.286+0000] {processor.py:186} INFO - Started process (PID=2183) to work on /home/airflow/.local/lib/python3.12/site-packages/airflow/example_dags/example_latest_only_with_trigger.py
[2024-12-24T19:07:31.288+0000] {processor.py:914} INFO - Processing file /home/airflow/.local/lib/python3.12/site-packages/airflow/example_dags/example_latest_only_with_trigger.py for tasks to queue
[2024-12-24T19:07:31.291+0000] {logging_mixin.py:190} INFO - [2024-12-24T19:07:31.290+0000] {dagbag.py:588} INFO - Filling up the DagBag from /home/airflow/.local/lib/python3.12/site-packages/airflow/example_dags/example_latest_only_with_trigger.py
[2024-12-24T19:07:31.298+0000] {processor.py:925} INFO - DAG(s) 'latest_only_with_trigger' retrieved from /home/airflow/.local/lib/python3.12/site-packages/airflow/example_dags/example_latest_only_with_trigger.py
[2024-12-24T19:07:31.322+0000] {logging_mixin.py:190} INFO - [2024-12-24T19:07:31.322+0000] {dag.py:3239} INFO - Sync 1 DAGs
[2024-12-24T19:07:31.346+0000] {logging_mixin.py:190} INFO - [2024-12-24T19:07:31.346+0000] {dag.py:4180} INFO - Setting next_dagrun for latest_only_with_trigger to 2024-12-24 12:00:00+00:00, run_after=2024-12-24 16:00:00+00:00
[2024-12-24T19:07:31.370+0000] {processor.py:208} INFO - Processing /home/airflow/.local/lib/python3.12/site-packages/airflow/example_dags/example_latest_only_with_trigger.py took 0.090 seconds
[2024-12-24T19:08:01.723+0000] {processor.py:186} INFO - Started process (PID=2246) to work on /home/airflow/.local/lib/python3.12/site-packages/airflow/example_dags/example_latest_only_with_trigger.py
[2024-12-24T19:08:01.725+0000] {processor.py:914} INFO - Processing file /home/airflow/.local/lib/python3.12/site-packages/airflow/example_dags/example_latest_only_with_trigger.py for tasks to queue
[2024-12-24T19:08:01.729+0000] {logging_mixin.py:190} INFO - [2024-12-24T19:08:01.729+0000] {dagbag.py:588} INFO - Filling up the DagBag from /home/airflow/.local/lib/python3.12/site-packages/airflow/example_dags/example_latest_only_with_trigger.py
[2024-12-24T19:08:01.741+0000] {processor.py:925} INFO - DAG(s) 'latest_only_with_trigger' retrieved from /home/airflow/.local/lib/python3.12/site-packages/airflow/example_dags/example_latest_only_with_trigger.py
[2024-12-24T19:08:01.782+0000] {logging_mixin.py:190} INFO - [2024-12-24T19:08:01.782+0000] {dag.py:3239} INFO - Sync 1 DAGs
[2024-12-24T19:08:01.815+0000] {logging_mixin.py:190} INFO - [2024-12-24T19:08:01.815+0000] {dag.py:4180} INFO - Setting next_dagrun for latest_only_with_trigger to 2024-12-24 12:00:00+00:00, run_after=2024-12-24 16:00:00+00:00
[2024-12-24T19:08:01.854+0000] {processor.py:208} INFO - Processing /home/airflow/.local/lib/python3.12/site-packages/airflow/example_dags/example_latest_only_with_trigger.py took 0.142 seconds
[2024-12-24T19:08:31.932+0000] {processor.py:186} INFO - Started process (PID=2309) to work on /home/airflow/.local/lib/python3.12/site-packages/airflow/example_dags/example_latest_only_with_trigger.py
[2024-12-24T19:08:31.933+0000] {processor.py:914} INFO - Processing file /home/airflow/.local/lib/python3.12/site-packages/airflow/example_dags/example_latest_only_with_trigger.py for tasks to queue
[2024-12-24T19:08:31.936+0000] {logging_mixin.py:190} INFO - [2024-12-24T19:08:31.936+0000] {dagbag.py:588} INFO - Filling up the DagBag from /home/airflow/.local/lib/python3.12/site-packages/airflow/example_dags/example_latest_only_with_trigger.py
[2024-12-24T19:08:31.945+0000] {processor.py:925} INFO - DAG(s) 'latest_only_with_trigger' retrieved from /home/airflow/.local/lib/python3.12/site-packages/airflow/example_dags/example_latest_only_with_trigger.py
[2024-12-24T19:08:31.968+0000] {logging_mixin.py:190} INFO - [2024-12-24T19:08:31.968+0000] {dag.py:3239} INFO - Sync 1 DAGs
[2024-12-24T19:08:31.995+0000] {logging_mixin.py:190} INFO - [2024-12-24T19:08:31.995+0000] {dag.py:4180} INFO - Setting next_dagrun for latest_only_with_trigger to 2024-12-24 12:00:00+00:00, run_after=2024-12-24 16:00:00+00:00
[2024-12-24T19:08:32.019+0000] {processor.py:208} INFO - Processing /home/airflow/.local/lib/python3.12/site-packages/airflow/example_dags/example_latest_only_with_trigger.py took 0.094 seconds
