[2024-12-24T18:50:31.414+0000] {processor.py:186} INFO - Started process (PID=89) to work on /home/airflow/.local/lib/python3.12/site-packages/airflow/example_dags/example_dynamic_task_mapping.py
[2024-12-24T18:50:31.416+0000] {processor.py:914} INFO - Processing file /home/airflow/.local/lib/python3.12/site-packages/airflow/example_dags/example_dynamic_task_mapping.py for tasks to queue
[2024-12-24T18:50:31.421+0000] {logging_mixin.py:190} INFO - [2024-12-24T18:50:31.420+0000] {dagbag.py:588} INFO - Filling up the DagBag from /home/airflow/.local/lib/python3.12/site-packages/airflow/example_dags/example_dynamic_task_mapping.py
[2024-12-24T18:50:31.431+0000] {processor.py:925} INFO - DAG(s) 'example_dynamic_task_mapping' retrieved from /home/airflow/.local/lib/python3.12/site-packages/airflow/example_dags/example_dynamic_task_mapping.py
[2024-12-24T18:50:31.464+0000] {logging_mixin.py:190} INFO - [2024-12-24T18:50:31.463+0000] {dag.py:3239} INFO - Sync 1 DAGs
[2024-12-24T18:50:31.481+0000] {logging_mixin.py:190} INFO - [2024-12-24T18:50:31.480+0000] {dag.py:4180} INFO - Setting next_dagrun for example_dynamic_task_mapping to None, run_after=None
[2024-12-24T18:50:31.509+0000] {processor.py:208} INFO - Processing /home/airflow/.local/lib/python3.12/site-packages/airflow/example_dags/example_dynamic_task_mapping.py took 0.101 seconds
[2024-12-24T18:51:02.799+0000] {processor.py:186} INFO - Started process (PID=152) to work on /home/airflow/.local/lib/python3.12/site-packages/airflow/example_dags/example_dynamic_task_mapping.py
[2024-12-24T18:51:02.802+0000] {processor.py:914} INFO - Processing file /home/airflow/.local/lib/python3.12/site-packages/airflow/example_dags/example_dynamic_task_mapping.py for tasks to queue
[2024-12-24T18:51:02.808+0000] {logging_mixin.py:190} INFO - [2024-12-24T18:51:02.807+0000] {dagbag.py:588} INFO - Filling up the DagBag from /home/airflow/.local/lib/python3.12/site-packages/airflow/example_dags/example_dynamic_task_mapping.py
[2024-12-24T18:51:02.818+0000] {processor.py:925} INFO - DAG(s) 'example_dynamic_task_mapping' retrieved from /home/airflow/.local/lib/python3.12/site-packages/airflow/example_dags/example_dynamic_task_mapping.py
[2024-12-24T18:51:02.850+0000] {logging_mixin.py:190} INFO - [2024-12-24T18:51:02.849+0000] {dag.py:3239} INFO - Sync 1 DAGs
[2024-12-24T18:51:02.869+0000] {logging_mixin.py:190} INFO - [2024-12-24T18:51:02.869+0000] {dag.py:4180} INFO - Setting next_dagrun for example_dynamic_task_mapping to None, run_after=None
[2024-12-24T18:51:02.904+0000] {processor.py:208} INFO - Processing /home/airflow/.local/lib/python3.12/site-packages/airflow/example_dags/example_dynamic_task_mapping.py took 0.110 seconds
[2024-12-24T18:51:34.054+0000] {processor.py:186} INFO - Started process (PID=215) to work on /home/airflow/.local/lib/python3.12/site-packages/airflow/example_dags/example_dynamic_task_mapping.py
[2024-12-24T18:51:34.056+0000] {processor.py:914} INFO - Processing file /home/airflow/.local/lib/python3.12/site-packages/airflow/example_dags/example_dynamic_task_mapping.py for tasks to queue
[2024-12-24T18:51:34.059+0000] {logging_mixin.py:190} INFO - [2024-12-24T18:51:34.059+0000] {dagbag.py:588} INFO - Filling up the DagBag from /home/airflow/.local/lib/python3.12/site-packages/airflow/example_dags/example_dynamic_task_mapping.py
[2024-12-24T18:51:34.069+0000] {processor.py:925} INFO - DAG(s) 'example_dynamic_task_mapping' retrieved from /home/airflow/.local/lib/python3.12/site-packages/airflow/example_dags/example_dynamic_task_mapping.py
[2024-12-24T18:51:34.101+0000] {logging_mixin.py:190} INFO - [2024-12-24T18:51:34.100+0000] {dag.py:3239} INFO - Sync 1 DAGs
[2024-12-24T18:51:34.116+0000] {logging_mixin.py:190} INFO - [2024-12-24T18:51:34.115+0000] {dag.py:4180} INFO - Setting next_dagrun for example_dynamic_task_mapping to None, run_after=None
[2024-12-24T18:51:34.142+0000] {processor.py:208} INFO - Processing /home/airflow/.local/lib/python3.12/site-packages/airflow/example_dags/example_dynamic_task_mapping.py took 0.093 seconds
[2024-12-24T18:52:04.463+0000] {processor.py:186} INFO - Started process (PID=279) to work on /home/airflow/.local/lib/python3.12/site-packages/airflow/example_dags/example_dynamic_task_mapping.py
[2024-12-24T18:52:04.465+0000] {processor.py:914} INFO - Processing file /home/airflow/.local/lib/python3.12/site-packages/airflow/example_dags/example_dynamic_task_mapping.py for tasks to queue
[2024-12-24T18:52:04.468+0000] {logging_mixin.py:190} INFO - [2024-12-24T18:52:04.467+0000] {dagbag.py:588} INFO - Filling up the DagBag from /home/airflow/.local/lib/python3.12/site-packages/airflow/example_dags/example_dynamic_task_mapping.py
[2024-12-24T18:52:04.476+0000] {processor.py:925} INFO - DAG(s) 'example_dynamic_task_mapping' retrieved from /home/airflow/.local/lib/python3.12/site-packages/airflow/example_dags/example_dynamic_task_mapping.py
[2024-12-24T18:52:04.499+0000] {logging_mixin.py:190} INFO - [2024-12-24T18:52:04.498+0000] {dag.py:3239} INFO - Sync 1 DAGs
[2024-12-24T18:52:04.516+0000] {logging_mixin.py:190} INFO - [2024-12-24T18:52:04.516+0000] {dag.py:4180} INFO - Setting next_dagrun for example_dynamic_task_mapping to None, run_after=None
[2024-12-24T18:52:04.542+0000] {processor.py:208} INFO - Processing /home/airflow/.local/lib/python3.12/site-packages/airflow/example_dags/example_dynamic_task_mapping.py took 0.084 seconds
[2024-12-24T18:52:36.296+0000] {processor.py:186} INFO - Started process (PID=342) to work on /home/airflow/.local/lib/python3.12/site-packages/airflow/example_dags/example_dynamic_task_mapping.py
[2024-12-24T18:52:36.298+0000] {processor.py:914} INFO - Processing file /home/airflow/.local/lib/python3.12/site-packages/airflow/example_dags/example_dynamic_task_mapping.py for tasks to queue
[2024-12-24T18:52:36.302+0000] {logging_mixin.py:190} INFO - [2024-12-24T18:52:36.302+0000] {dagbag.py:588} INFO - Filling up the DagBag from /home/airflow/.local/lib/python3.12/site-packages/airflow/example_dags/example_dynamic_task_mapping.py
[2024-12-24T18:52:36.311+0000] {processor.py:925} INFO - DAG(s) 'example_dynamic_task_mapping' retrieved from /home/airflow/.local/lib/python3.12/site-packages/airflow/example_dags/example_dynamic_task_mapping.py
[2024-12-24T18:52:36.335+0000] {logging_mixin.py:190} INFO - [2024-12-24T18:52:36.335+0000] {dag.py:3239} INFO - Sync 1 DAGs
[2024-12-24T18:52:36.351+0000] {logging_mixin.py:190} INFO - [2024-12-24T18:52:36.351+0000] {dag.py:4180} INFO - Setting next_dagrun for example_dynamic_task_mapping to None, run_after=None
[2024-12-24T18:52:36.377+0000] {processor.py:208} INFO - Processing /home/airflow/.local/lib/python3.12/site-packages/airflow/example_dags/example_dynamic_task_mapping.py took 0.087 seconds
[2024-12-24T18:53:07.545+0000] {processor.py:186} INFO - Started process (PID=405) to work on /home/airflow/.local/lib/python3.12/site-packages/airflow/example_dags/example_dynamic_task_mapping.py
[2024-12-24T18:53:07.546+0000] {processor.py:914} INFO - Processing file /home/airflow/.local/lib/python3.12/site-packages/airflow/example_dags/example_dynamic_task_mapping.py for tasks to queue
[2024-12-24T18:53:07.549+0000] {logging_mixin.py:190} INFO - [2024-12-24T18:53:07.548+0000] {dagbag.py:588} INFO - Filling up the DagBag from /home/airflow/.local/lib/python3.12/site-packages/airflow/example_dags/example_dynamic_task_mapping.py
[2024-12-24T18:53:07.558+0000] {processor.py:925} INFO - DAG(s) 'example_dynamic_task_mapping' retrieved from /home/airflow/.local/lib/python3.12/site-packages/airflow/example_dags/example_dynamic_task_mapping.py
[2024-12-24T18:53:07.584+0000] {logging_mixin.py:190} INFO - [2024-12-24T18:53:07.584+0000] {dag.py:3239} INFO - Sync 1 DAGs
[2024-12-24T18:53:07.601+0000] {logging_mixin.py:190} INFO - [2024-12-24T18:53:07.601+0000] {dag.py:4180} INFO - Setting next_dagrun for example_dynamic_task_mapping to None, run_after=None
[2024-12-24T18:53:07.628+0000] {processor.py:208} INFO - Processing /home/airflow/.local/lib/python3.12/site-packages/airflow/example_dags/example_dynamic_task_mapping.py took 0.091 seconds
[2024-12-24T18:53:39.114+0000] {processor.py:186} INFO - Started process (PID=468) to work on /home/airflow/.local/lib/python3.12/site-packages/airflow/example_dags/example_dynamic_task_mapping.py
[2024-12-24T18:53:39.115+0000] {processor.py:914} INFO - Processing file /home/airflow/.local/lib/python3.12/site-packages/airflow/example_dags/example_dynamic_task_mapping.py for tasks to queue
[2024-12-24T18:53:39.118+0000] {logging_mixin.py:190} INFO - [2024-12-24T18:53:39.118+0000] {dagbag.py:588} INFO - Filling up the DagBag from /home/airflow/.local/lib/python3.12/site-packages/airflow/example_dags/example_dynamic_task_mapping.py
[2024-12-24T18:53:39.130+0000] {processor.py:925} INFO - DAG(s) 'example_dynamic_task_mapping' retrieved from /home/airflow/.local/lib/python3.12/site-packages/airflow/example_dags/example_dynamic_task_mapping.py
[2024-12-24T18:53:39.158+0000] {logging_mixin.py:190} INFO - [2024-12-24T18:53:39.158+0000] {dag.py:3239} INFO - Sync 1 DAGs
[2024-12-24T18:53:39.176+0000] {logging_mixin.py:190} INFO - [2024-12-24T18:53:39.176+0000] {dag.py:4180} INFO - Setting next_dagrun for example_dynamic_task_mapping to None, run_after=None
[2024-12-24T18:53:39.206+0000] {processor.py:208} INFO - Processing /home/airflow/.local/lib/python3.12/site-packages/airflow/example_dags/example_dynamic_task_mapping.py took 0.099 seconds
[2024-12-24T18:54:11.250+0000] {processor.py:186} INFO - Started process (PID=531) to work on /home/airflow/.local/lib/python3.12/site-packages/airflow/example_dags/example_dynamic_task_mapping.py
[2024-12-24T18:54:11.251+0000] {processor.py:914} INFO - Processing file /home/airflow/.local/lib/python3.12/site-packages/airflow/example_dags/example_dynamic_task_mapping.py for tasks to queue
[2024-12-24T18:54:11.254+0000] {logging_mixin.py:190} INFO - [2024-12-24T18:54:11.253+0000] {dagbag.py:588} INFO - Filling up the DagBag from /home/airflow/.local/lib/python3.12/site-packages/airflow/example_dags/example_dynamic_task_mapping.py
[2024-12-24T18:54:11.265+0000] {processor.py:925} INFO - DAG(s) 'example_dynamic_task_mapping' retrieved from /home/airflow/.local/lib/python3.12/site-packages/airflow/example_dags/example_dynamic_task_mapping.py
[2024-12-24T18:54:11.293+0000] {logging_mixin.py:190} INFO - [2024-12-24T18:54:11.293+0000] {dag.py:3239} INFO - Sync 1 DAGs
[2024-12-24T18:54:11.312+0000] {logging_mixin.py:190} INFO - [2024-12-24T18:54:11.312+0000] {dag.py:4180} INFO - Setting next_dagrun for example_dynamic_task_mapping to None, run_after=None
[2024-12-24T18:54:11.341+0000] {processor.py:208} INFO - Processing /home/airflow/.local/lib/python3.12/site-packages/airflow/example_dags/example_dynamic_task_mapping.py took 0.098 seconds
[2024-12-24T18:54:42.937+0000] {processor.py:186} INFO - Started process (PID=594) to work on /home/airflow/.local/lib/python3.12/site-packages/airflow/example_dags/example_dynamic_task_mapping.py
[2024-12-24T18:54:42.938+0000] {processor.py:914} INFO - Processing file /home/airflow/.local/lib/python3.12/site-packages/airflow/example_dags/example_dynamic_task_mapping.py for tasks to queue
[2024-12-24T18:54:42.942+0000] {logging_mixin.py:190} INFO - [2024-12-24T18:54:42.941+0000] {dagbag.py:588} INFO - Filling up the DagBag from /home/airflow/.local/lib/python3.12/site-packages/airflow/example_dags/example_dynamic_task_mapping.py
[2024-12-24T18:54:42.952+0000] {processor.py:925} INFO - DAG(s) 'example_dynamic_task_mapping' retrieved from /home/airflow/.local/lib/python3.12/site-packages/airflow/example_dags/example_dynamic_task_mapping.py
[2024-12-24T18:54:42.977+0000] {logging_mixin.py:190} INFO - [2024-12-24T18:54:42.977+0000] {dag.py:3239} INFO - Sync 1 DAGs
[2024-12-24T18:54:42.995+0000] {logging_mixin.py:190} INFO - [2024-12-24T18:54:42.995+0000] {dag.py:4180} INFO - Setting next_dagrun for example_dynamic_task_mapping to None, run_after=None
[2024-12-24T18:54:43.019+0000] {processor.py:208} INFO - Processing /home/airflow/.local/lib/python3.12/site-packages/airflow/example_dags/example_dynamic_task_mapping.py took 0.088 seconds
[2024-12-24T18:55:14.150+0000] {processor.py:186} INFO - Started process (PID=657) to work on /home/airflow/.local/lib/python3.12/site-packages/airflow/example_dags/example_dynamic_task_mapping.py
[2024-12-24T18:55:14.152+0000] {processor.py:914} INFO - Processing file /home/airflow/.local/lib/python3.12/site-packages/airflow/example_dags/example_dynamic_task_mapping.py for tasks to queue
[2024-12-24T18:55:14.155+0000] {logging_mixin.py:190} INFO - [2024-12-24T18:55:14.154+0000] {dagbag.py:588} INFO - Filling up the DagBag from /home/airflow/.local/lib/python3.12/site-packages/airflow/example_dags/example_dynamic_task_mapping.py
[2024-12-24T18:55:14.165+0000] {processor.py:925} INFO - DAG(s) 'example_dynamic_task_mapping' retrieved from /home/airflow/.local/lib/python3.12/site-packages/airflow/example_dags/example_dynamic_task_mapping.py
[2024-12-24T18:55:14.196+0000] {logging_mixin.py:190} INFO - [2024-12-24T18:55:14.196+0000] {dag.py:3239} INFO - Sync 1 DAGs
[2024-12-24T18:55:14.214+0000] {logging_mixin.py:190} INFO - [2024-12-24T18:55:14.214+0000] {dag.py:4180} INFO - Setting next_dagrun for example_dynamic_task_mapping to None, run_after=None
[2024-12-24T18:55:14.243+0000] {processor.py:208} INFO - Processing /home/airflow/.local/lib/python3.12/site-packages/airflow/example_dags/example_dynamic_task_mapping.py took 0.100 seconds
[2024-12-24T18:55:45.758+0000] {processor.py:186} INFO - Started process (PID=720) to work on /home/airflow/.local/lib/python3.12/site-packages/airflow/example_dags/example_dynamic_task_mapping.py
[2024-12-24T18:55:45.760+0000] {processor.py:914} INFO - Processing file /home/airflow/.local/lib/python3.12/site-packages/airflow/example_dags/example_dynamic_task_mapping.py for tasks to queue
[2024-12-24T18:55:45.762+0000] {logging_mixin.py:190} INFO - [2024-12-24T18:55:45.762+0000] {dagbag.py:588} INFO - Filling up the DagBag from /home/airflow/.local/lib/python3.12/site-packages/airflow/example_dags/example_dynamic_task_mapping.py
[2024-12-24T18:55:45.771+0000] {processor.py:925} INFO - DAG(s) 'example_dynamic_task_mapping' retrieved from /home/airflow/.local/lib/python3.12/site-packages/airflow/example_dags/example_dynamic_task_mapping.py
[2024-12-24T18:55:45.794+0000] {logging_mixin.py:190} INFO - [2024-12-24T18:55:45.793+0000] {dag.py:3239} INFO - Sync 1 DAGs
[2024-12-24T18:55:45.809+0000] {logging_mixin.py:190} INFO - [2024-12-24T18:55:45.809+0000] {dag.py:4180} INFO - Setting next_dagrun for example_dynamic_task_mapping to None, run_after=None
[2024-12-24T18:55:45.833+0000] {processor.py:208} INFO - Processing /home/airflow/.local/lib/python3.12/site-packages/airflow/example_dags/example_dynamic_task_mapping.py took 0.081 seconds
[2024-12-24T18:56:16.954+0000] {processor.py:186} INFO - Started process (PID=789) to work on /home/airflow/.local/lib/python3.12/site-packages/airflow/example_dags/example_dynamic_task_mapping.py
[2024-12-24T18:56:16.955+0000] {processor.py:914} INFO - Processing file /home/airflow/.local/lib/python3.12/site-packages/airflow/example_dags/example_dynamic_task_mapping.py for tasks to queue
[2024-12-24T18:56:16.958+0000] {logging_mixin.py:190} INFO - [2024-12-24T18:56:16.958+0000] {dagbag.py:588} INFO - Filling up the DagBag from /home/airflow/.local/lib/python3.12/site-packages/airflow/example_dags/example_dynamic_task_mapping.py
[2024-12-24T18:56:16.968+0000] {processor.py:925} INFO - DAG(s) 'example_dynamic_task_mapping' retrieved from /home/airflow/.local/lib/python3.12/site-packages/airflow/example_dags/example_dynamic_task_mapping.py
[2024-12-24T18:56:16.990+0000] {logging_mixin.py:190} INFO - [2024-12-24T18:56:16.990+0000] {dag.py:3239} INFO - Sync 1 DAGs
[2024-12-24T18:56:17.006+0000] {logging_mixin.py:190} INFO - [2024-12-24T18:56:17.006+0000] {dag.py:4180} INFO - Setting next_dagrun for example_dynamic_task_mapping to None, run_after=None
[2024-12-24T18:56:17.062+0000] {processor.py:208} INFO - Processing /home/airflow/.local/lib/python3.12/site-packages/airflow/example_dags/example_dynamic_task_mapping.py took 0.114 seconds
[2024-12-24T18:56:48.549+0000] {processor.py:186} INFO - Started process (PID=852) to work on /home/airflow/.local/lib/python3.12/site-packages/airflow/example_dags/example_dynamic_task_mapping.py
[2024-12-24T18:56:48.551+0000] {processor.py:914} INFO - Processing file /home/airflow/.local/lib/python3.12/site-packages/airflow/example_dags/example_dynamic_task_mapping.py for tasks to queue
[2024-12-24T18:56:48.555+0000] {logging_mixin.py:190} INFO - [2024-12-24T18:56:48.555+0000] {dagbag.py:588} INFO - Filling up the DagBag from /home/airflow/.local/lib/python3.12/site-packages/airflow/example_dags/example_dynamic_task_mapping.py
[2024-12-24T18:56:48.569+0000] {processor.py:925} INFO - DAG(s) 'example_dynamic_task_mapping' retrieved from /home/airflow/.local/lib/python3.12/site-packages/airflow/example_dags/example_dynamic_task_mapping.py
[2024-12-24T18:56:48.597+0000] {logging_mixin.py:190} INFO - [2024-12-24T18:56:48.597+0000] {dag.py:3239} INFO - Sync 1 DAGs
[2024-12-24T18:56:48.615+0000] {logging_mixin.py:190} INFO - [2024-12-24T18:56:48.615+0000] {dag.py:4180} INFO - Setting next_dagrun for example_dynamic_task_mapping to None, run_after=None
[2024-12-24T18:56:48.646+0000] {processor.py:208} INFO - Processing /home/airflow/.local/lib/python3.12/site-packages/airflow/example_dags/example_dynamic_task_mapping.py took 0.103 seconds
[2024-12-24T18:57:19.437+0000] {processor.py:186} INFO - Started process (PID=915) to work on /home/airflow/.local/lib/python3.12/site-packages/airflow/example_dags/example_dynamic_task_mapping.py
[2024-12-24T18:57:19.439+0000] {processor.py:914} INFO - Processing file /home/airflow/.local/lib/python3.12/site-packages/airflow/example_dags/example_dynamic_task_mapping.py for tasks to queue
[2024-12-24T18:57:19.441+0000] {logging_mixin.py:190} INFO - [2024-12-24T18:57:19.441+0000] {dagbag.py:588} INFO - Filling up the DagBag from /home/airflow/.local/lib/python3.12/site-packages/airflow/example_dags/example_dynamic_task_mapping.py
[2024-12-24T18:57:19.450+0000] {processor.py:925} INFO - DAG(s) 'example_dynamic_task_mapping' retrieved from /home/airflow/.local/lib/python3.12/site-packages/airflow/example_dags/example_dynamic_task_mapping.py
[2024-12-24T18:57:19.473+0000] {logging_mixin.py:190} INFO - [2024-12-24T18:57:19.473+0000] {dag.py:3239} INFO - Sync 1 DAGs
[2024-12-24T18:57:19.488+0000] {logging_mixin.py:190} INFO - [2024-12-24T18:57:19.487+0000] {dag.py:4180} INFO - Setting next_dagrun for example_dynamic_task_mapping to None, run_after=None
[2024-12-24T18:57:19.511+0000] {processor.py:208} INFO - Processing /home/airflow/.local/lib/python3.12/site-packages/airflow/example_dags/example_dynamic_task_mapping.py took 0.080 seconds
[2024-12-24T18:57:50.898+0000] {processor.py:186} INFO - Started process (PID=978) to work on /home/airflow/.local/lib/python3.12/site-packages/airflow/example_dags/example_dynamic_task_mapping.py
[2024-12-24T18:57:50.900+0000] {processor.py:914} INFO - Processing file /home/airflow/.local/lib/python3.12/site-packages/airflow/example_dags/example_dynamic_task_mapping.py for tasks to queue
[2024-12-24T18:57:50.903+0000] {logging_mixin.py:190} INFO - [2024-12-24T18:57:50.903+0000] {dagbag.py:588} INFO - Filling up the DagBag from /home/airflow/.local/lib/python3.12/site-packages/airflow/example_dags/example_dynamic_task_mapping.py
[2024-12-24T18:57:50.924+0000] {processor.py:925} INFO - DAG(s) 'example_dynamic_task_mapping' retrieved from /home/airflow/.local/lib/python3.12/site-packages/airflow/example_dags/example_dynamic_task_mapping.py
[2024-12-24T18:57:50.953+0000] {logging_mixin.py:190} INFO - [2024-12-24T18:57:50.952+0000] {dag.py:3239} INFO - Sync 1 DAGs
[2024-12-24T18:57:50.987+0000] {logging_mixin.py:190} INFO - [2024-12-24T18:57:50.986+0000] {dag.py:4180} INFO - Setting next_dagrun for example_dynamic_task_mapping to None, run_after=None
[2024-12-24T18:57:51.018+0000] {processor.py:208} INFO - Processing /home/airflow/.local/lib/python3.12/site-packages/airflow/example_dags/example_dynamic_task_mapping.py took 0.128 seconds
[2024-12-24T18:58:22.075+0000] {processor.py:186} INFO - Started process (PID=1045) to work on /home/airflow/.local/lib/python3.12/site-packages/airflow/example_dags/example_dynamic_task_mapping.py
[2024-12-24T18:58:22.076+0000] {processor.py:914} INFO - Processing file /home/airflow/.local/lib/python3.12/site-packages/airflow/example_dags/example_dynamic_task_mapping.py for tasks to queue
[2024-12-24T18:58:22.079+0000] {logging_mixin.py:190} INFO - [2024-12-24T18:58:22.079+0000] {dagbag.py:588} INFO - Filling up the DagBag from /home/airflow/.local/lib/python3.12/site-packages/airflow/example_dags/example_dynamic_task_mapping.py
[2024-12-24T18:58:22.089+0000] {processor.py:925} INFO - DAG(s) 'example_dynamic_task_mapping' retrieved from /home/airflow/.local/lib/python3.12/site-packages/airflow/example_dags/example_dynamic_task_mapping.py
[2024-12-24T18:58:22.111+0000] {logging_mixin.py:190} INFO - [2024-12-24T18:58:22.111+0000] {dag.py:3239} INFO - Sync 1 DAGs
[2024-12-24T18:58:22.127+0000] {logging_mixin.py:190} INFO - [2024-12-24T18:58:22.127+0000] {dag.py:4180} INFO - Setting next_dagrun for example_dynamic_task_mapping to None, run_after=None
[2024-12-24T18:58:22.152+0000] {processor.py:208} INFO - Processing /home/airflow/.local/lib/python3.12/site-packages/airflow/example_dags/example_dynamic_task_mapping.py took 0.083 seconds
[2024-12-24T18:58:52.852+0000] {processor.py:186} INFO - Started process (PID=1106) to work on /home/airflow/.local/lib/python3.12/site-packages/airflow/example_dags/example_dynamic_task_mapping.py
[2024-12-24T18:58:52.854+0000] {processor.py:914} INFO - Processing file /home/airflow/.local/lib/python3.12/site-packages/airflow/example_dags/example_dynamic_task_mapping.py for tasks to queue
[2024-12-24T18:58:52.856+0000] {logging_mixin.py:190} INFO - [2024-12-24T18:58:52.856+0000] {dagbag.py:588} INFO - Filling up the DagBag from /home/airflow/.local/lib/python3.12/site-packages/airflow/example_dags/example_dynamic_task_mapping.py
[2024-12-24T18:58:52.865+0000] {processor.py:925} INFO - DAG(s) 'example_dynamic_task_mapping' retrieved from /home/airflow/.local/lib/python3.12/site-packages/airflow/example_dags/example_dynamic_task_mapping.py
[2024-12-24T18:58:52.888+0000] {logging_mixin.py:190} INFO - [2024-12-24T18:58:52.888+0000] {dag.py:3239} INFO - Sync 1 DAGs
[2024-12-24T18:58:52.904+0000] {logging_mixin.py:190} INFO - [2024-12-24T18:58:52.904+0000] {dag.py:4180} INFO - Setting next_dagrun for example_dynamic_task_mapping to None, run_after=None
[2024-12-24T18:58:52.930+0000] {processor.py:208} INFO - Processing /home/airflow/.local/lib/python3.12/site-packages/airflow/example_dags/example_dynamic_task_mapping.py took 0.084 seconds
[2024-12-24T18:59:23.301+0000] {processor.py:186} INFO - Started process (PID=1168) to work on /home/airflow/.local/lib/python3.12/site-packages/airflow/example_dags/example_dynamic_task_mapping.py
[2024-12-24T18:59:23.303+0000] {processor.py:914} INFO - Processing file /home/airflow/.local/lib/python3.12/site-packages/airflow/example_dags/example_dynamic_task_mapping.py for tasks to queue
[2024-12-24T18:59:23.305+0000] {logging_mixin.py:190} INFO - [2024-12-24T18:59:23.305+0000] {dagbag.py:588} INFO - Filling up the DagBag from /home/airflow/.local/lib/python3.12/site-packages/airflow/example_dags/example_dynamic_task_mapping.py
[2024-12-24T18:59:23.314+0000] {processor.py:925} INFO - DAG(s) 'example_dynamic_task_mapping' retrieved from /home/airflow/.local/lib/python3.12/site-packages/airflow/example_dags/example_dynamic_task_mapping.py
[2024-12-24T18:59:23.343+0000] {logging_mixin.py:190} INFO - [2024-12-24T18:59:23.342+0000] {dag.py:3239} INFO - Sync 1 DAGs
[2024-12-24T18:59:23.362+0000] {logging_mixin.py:190} INFO - [2024-12-24T18:59:23.361+0000] {dag.py:4180} INFO - Setting next_dagrun for example_dynamic_task_mapping to None, run_after=None
[2024-12-24T18:59:23.389+0000] {processor.py:208} INFO - Processing /home/airflow/.local/lib/python3.12/site-packages/airflow/example_dags/example_dynamic_task_mapping.py took 0.094 seconds
[2024-12-24T18:59:53.620+0000] {processor.py:186} INFO - Started process (PID=1231) to work on /home/airflow/.local/lib/python3.12/site-packages/airflow/example_dags/example_dynamic_task_mapping.py
[2024-12-24T18:59:53.621+0000] {processor.py:914} INFO - Processing file /home/airflow/.local/lib/python3.12/site-packages/airflow/example_dags/example_dynamic_task_mapping.py for tasks to queue
[2024-12-24T18:59:53.624+0000] {logging_mixin.py:190} INFO - [2024-12-24T18:59:53.623+0000] {dagbag.py:588} INFO - Filling up the DagBag from /home/airflow/.local/lib/python3.12/site-packages/airflow/example_dags/example_dynamic_task_mapping.py
[2024-12-24T18:59:53.632+0000] {processor.py:925} INFO - DAG(s) 'example_dynamic_task_mapping' retrieved from /home/airflow/.local/lib/python3.12/site-packages/airflow/example_dags/example_dynamic_task_mapping.py
[2024-12-24T18:59:53.655+0000] {logging_mixin.py:190} INFO - [2024-12-24T18:59:53.655+0000] {dag.py:3239} INFO - Sync 1 DAGs
[2024-12-24T18:59:53.670+0000] {logging_mixin.py:190} INFO - [2024-12-24T18:59:53.670+0000] {dag.py:4180} INFO - Setting next_dagrun for example_dynamic_task_mapping to None, run_after=None
[2024-12-24T18:59:53.695+0000] {processor.py:208} INFO - Processing /home/airflow/.local/lib/python3.12/site-packages/airflow/example_dags/example_dynamic_task_mapping.py took 0.081 seconds
[2024-12-24T19:00:23.776+0000] {processor.py:186} INFO - Started process (PID=1291) to work on /home/airflow/.local/lib/python3.12/site-packages/airflow/example_dags/example_dynamic_task_mapping.py
[2024-12-24T19:00:23.778+0000] {processor.py:914} INFO - Processing file /home/airflow/.local/lib/python3.12/site-packages/airflow/example_dags/example_dynamic_task_mapping.py for tasks to queue
[2024-12-24T19:00:23.781+0000] {logging_mixin.py:190} INFO - [2024-12-24T19:00:23.780+0000] {dagbag.py:588} INFO - Filling up the DagBag from /home/airflow/.local/lib/python3.12/site-packages/airflow/example_dags/example_dynamic_task_mapping.py
[2024-12-24T19:00:23.794+0000] {processor.py:925} INFO - DAG(s) 'example_dynamic_task_mapping' retrieved from /home/airflow/.local/lib/python3.12/site-packages/airflow/example_dags/example_dynamic_task_mapping.py
[2024-12-24T19:00:23.820+0000] {logging_mixin.py:190} INFO - [2024-12-24T19:00:23.820+0000] {dag.py:3239} INFO - Sync 1 DAGs
[2024-12-24T19:00:23.838+0000] {logging_mixin.py:190} INFO - [2024-12-24T19:00:23.837+0000] {dag.py:4180} INFO - Setting next_dagrun for example_dynamic_task_mapping to None, run_after=None
[2024-12-24T19:00:23.865+0000] {processor.py:208} INFO - Processing /home/airflow/.local/lib/python3.12/site-packages/airflow/example_dags/example_dynamic_task_mapping.py took 0.095 seconds
[2024-12-24T19:00:54.355+0000] {processor.py:186} INFO - Started process (PID=1354) to work on /home/airflow/.local/lib/python3.12/site-packages/airflow/example_dags/example_dynamic_task_mapping.py
[2024-12-24T19:00:54.357+0000] {processor.py:914} INFO - Processing file /home/airflow/.local/lib/python3.12/site-packages/airflow/example_dags/example_dynamic_task_mapping.py for tasks to queue
[2024-12-24T19:00:54.360+0000] {logging_mixin.py:190} INFO - [2024-12-24T19:00:54.359+0000] {dagbag.py:588} INFO - Filling up the DagBag from /home/airflow/.local/lib/python3.12/site-packages/airflow/example_dags/example_dynamic_task_mapping.py
[2024-12-24T19:00:54.374+0000] {processor.py:925} INFO - DAG(s) 'example_dynamic_task_mapping' retrieved from /home/airflow/.local/lib/python3.12/site-packages/airflow/example_dags/example_dynamic_task_mapping.py
[2024-12-24T19:00:54.408+0000] {logging_mixin.py:190} INFO - [2024-12-24T19:00:54.407+0000] {dag.py:3239} INFO - Sync 1 DAGs
[2024-12-24T19:00:54.429+0000] {logging_mixin.py:190} INFO - [2024-12-24T19:00:54.428+0000] {dag.py:4180} INFO - Setting next_dagrun for example_dynamic_task_mapping to None, run_after=None
[2024-12-24T19:00:54.463+0000] {processor.py:208} INFO - Processing /home/airflow/.local/lib/python3.12/site-packages/airflow/example_dags/example_dynamic_task_mapping.py took 0.115 seconds
[2024-12-24T19:01:25.223+0000] {processor.py:186} INFO - Started process (PID=1417) to work on /home/airflow/.local/lib/python3.12/site-packages/airflow/example_dags/example_dynamic_task_mapping.py
[2024-12-24T19:01:25.226+0000] {processor.py:914} INFO - Processing file /home/airflow/.local/lib/python3.12/site-packages/airflow/example_dags/example_dynamic_task_mapping.py for tasks to queue
[2024-12-24T19:01:25.230+0000] {logging_mixin.py:190} INFO - [2024-12-24T19:01:25.230+0000] {dagbag.py:588} INFO - Filling up the DagBag from /home/airflow/.local/lib/python3.12/site-packages/airflow/example_dags/example_dynamic_task_mapping.py
[2024-12-24T19:01:25.243+0000] {processor.py:925} INFO - DAG(s) 'example_dynamic_task_mapping' retrieved from /home/airflow/.local/lib/python3.12/site-packages/airflow/example_dags/example_dynamic_task_mapping.py
[2024-12-24T19:01:25.275+0000] {logging_mixin.py:190} INFO - [2024-12-24T19:01:25.274+0000] {dag.py:3239} INFO - Sync 1 DAGs
[2024-12-24T19:01:25.297+0000] {logging_mixin.py:190} INFO - [2024-12-24T19:01:25.297+0000] {dag.py:4180} INFO - Setting next_dagrun for example_dynamic_task_mapping to None, run_after=None
[2024-12-24T19:01:25.326+0000] {processor.py:208} INFO - Processing /home/airflow/.local/lib/python3.12/site-packages/airflow/example_dags/example_dynamic_task_mapping.py took 0.111 seconds
[2024-12-24T19:01:56.241+0000] {processor.py:186} INFO - Started process (PID=1480) to work on /home/airflow/.local/lib/python3.12/site-packages/airflow/example_dags/example_dynamic_task_mapping.py
[2024-12-24T19:01:56.242+0000] {processor.py:914} INFO - Processing file /home/airflow/.local/lib/python3.12/site-packages/airflow/example_dags/example_dynamic_task_mapping.py for tasks to queue
[2024-12-24T19:01:56.245+0000] {logging_mixin.py:190} INFO - [2024-12-24T19:01:56.244+0000] {dagbag.py:588} INFO - Filling up the DagBag from /home/airflow/.local/lib/python3.12/site-packages/airflow/example_dags/example_dynamic_task_mapping.py
[2024-12-24T19:01:56.254+0000] {processor.py:925} INFO - DAG(s) 'example_dynamic_task_mapping' retrieved from /home/airflow/.local/lib/python3.12/site-packages/airflow/example_dags/example_dynamic_task_mapping.py
[2024-12-24T19:01:56.276+0000] {logging_mixin.py:190} INFO - [2024-12-24T19:01:56.276+0000] {dag.py:3239} INFO - Sync 1 DAGs
[2024-12-24T19:01:56.292+0000] {logging_mixin.py:190} INFO - [2024-12-24T19:01:56.291+0000] {dag.py:4180} INFO - Setting next_dagrun for example_dynamic_task_mapping to None, run_after=None
[2024-12-24T19:01:56.317+0000] {processor.py:208} INFO - Processing /home/airflow/.local/lib/python3.12/site-packages/airflow/example_dags/example_dynamic_task_mapping.py took 0.082 seconds
[2024-12-24T19:02:26.922+0000] {processor.py:186} INFO - Started process (PID=1543) to work on /home/airflow/.local/lib/python3.12/site-packages/airflow/example_dags/example_dynamic_task_mapping.py
[2024-12-24T19:02:26.924+0000] {processor.py:914} INFO - Processing file /home/airflow/.local/lib/python3.12/site-packages/airflow/example_dags/example_dynamic_task_mapping.py for tasks to queue
[2024-12-24T19:02:26.927+0000] {logging_mixin.py:190} INFO - [2024-12-24T19:02:26.926+0000] {dagbag.py:588} INFO - Filling up the DagBag from /home/airflow/.local/lib/python3.12/site-packages/airflow/example_dags/example_dynamic_task_mapping.py
[2024-12-24T19:02:26.935+0000] {processor.py:925} INFO - DAG(s) 'example_dynamic_task_mapping' retrieved from /home/airflow/.local/lib/python3.12/site-packages/airflow/example_dags/example_dynamic_task_mapping.py
[2024-12-24T19:02:26.963+0000] {logging_mixin.py:190} INFO - [2024-12-24T19:02:26.962+0000] {dag.py:3239} INFO - Sync 1 DAGs
[2024-12-24T19:02:26.979+0000] {logging_mixin.py:190} INFO - [2024-12-24T19:02:26.979+0000] {dag.py:4180} INFO - Setting next_dagrun for example_dynamic_task_mapping to None, run_after=None
[2024-12-24T19:02:27.006+0000] {processor.py:208} INFO - Processing /home/airflow/.local/lib/python3.12/site-packages/airflow/example_dags/example_dynamic_task_mapping.py took 0.090 seconds
[2024-12-24T19:02:57.374+0000] {processor.py:186} INFO - Started process (PID=1606) to work on /home/airflow/.local/lib/python3.12/site-packages/airflow/example_dags/example_dynamic_task_mapping.py
[2024-12-24T19:02:57.375+0000] {processor.py:914} INFO - Processing file /home/airflow/.local/lib/python3.12/site-packages/airflow/example_dags/example_dynamic_task_mapping.py for tasks to queue
[2024-12-24T19:02:57.378+0000] {logging_mixin.py:190} INFO - [2024-12-24T19:02:57.377+0000] {dagbag.py:588} INFO - Filling up the DagBag from /home/airflow/.local/lib/python3.12/site-packages/airflow/example_dags/example_dynamic_task_mapping.py
[2024-12-24T19:02:57.386+0000] {processor.py:925} INFO - DAG(s) 'example_dynamic_task_mapping' retrieved from /home/airflow/.local/lib/python3.12/site-packages/airflow/example_dags/example_dynamic_task_mapping.py
[2024-12-24T19:02:57.410+0000] {logging_mixin.py:190} INFO - [2024-12-24T19:02:57.409+0000] {dag.py:3239} INFO - Sync 1 DAGs
[2024-12-24T19:02:57.425+0000] {logging_mixin.py:190} INFO - [2024-12-24T19:02:57.425+0000] {dag.py:4180} INFO - Setting next_dagrun for example_dynamic_task_mapping to None, run_after=None
[2024-12-24T19:02:57.480+0000] {processor.py:208} INFO - Processing /home/airflow/.local/lib/python3.12/site-packages/airflow/example_dags/example_dynamic_task_mapping.py took 0.112 seconds
[2024-12-24T19:03:27.906+0000] {processor.py:186} INFO - Started process (PID=1675) to work on /home/airflow/.local/lib/python3.12/site-packages/airflow/example_dags/example_dynamic_task_mapping.py
[2024-12-24T19:03:27.907+0000] {processor.py:914} INFO - Processing file /home/airflow/.local/lib/python3.12/site-packages/airflow/example_dags/example_dynamic_task_mapping.py for tasks to queue
[2024-12-24T19:03:27.910+0000] {logging_mixin.py:190} INFO - [2024-12-24T19:03:27.910+0000] {dagbag.py:588} INFO - Filling up the DagBag from /home/airflow/.local/lib/python3.12/site-packages/airflow/example_dags/example_dynamic_task_mapping.py
[2024-12-24T19:03:27.923+0000] {processor.py:925} INFO - DAG(s) 'example_dynamic_task_mapping' retrieved from /home/airflow/.local/lib/python3.12/site-packages/airflow/example_dags/example_dynamic_task_mapping.py
[2024-12-24T19:03:27.945+0000] {logging_mixin.py:190} INFO - [2024-12-24T19:03:27.945+0000] {dag.py:3239} INFO - Sync 1 DAGs
[2024-12-24T19:03:27.962+0000] {logging_mixin.py:190} INFO - [2024-12-24T19:03:27.962+0000] {dag.py:4180} INFO - Setting next_dagrun for example_dynamic_task_mapping to None, run_after=None
[2024-12-24T19:03:28.016+0000] {processor.py:208} INFO - Processing /home/airflow/.local/lib/python3.12/site-packages/airflow/example_dags/example_dynamic_task_mapping.py took 0.117 seconds
[2024-12-24T19:03:58.085+0000] {processor.py:186} INFO - Started process (PID=1738) to work on /home/airflow/.local/lib/python3.12/site-packages/airflow/example_dags/example_dynamic_task_mapping.py
[2024-12-24T19:03:58.086+0000] {processor.py:914} INFO - Processing file /home/airflow/.local/lib/python3.12/site-packages/airflow/example_dags/example_dynamic_task_mapping.py for tasks to queue
[2024-12-24T19:03:58.088+0000] {logging_mixin.py:190} INFO - [2024-12-24T19:03:58.088+0000] {dagbag.py:588} INFO - Filling up the DagBag from /home/airflow/.local/lib/python3.12/site-packages/airflow/example_dags/example_dynamic_task_mapping.py
[2024-12-24T19:03:58.097+0000] {processor.py:925} INFO - DAG(s) 'example_dynamic_task_mapping' retrieved from /home/airflow/.local/lib/python3.12/site-packages/airflow/example_dags/example_dynamic_task_mapping.py
[2024-12-24T19:03:58.118+0000] {logging_mixin.py:190} INFO - [2024-12-24T19:03:58.118+0000] {dag.py:3239} INFO - Sync 1 DAGs
[2024-12-24T19:03:58.134+0000] {logging_mixin.py:190} INFO - [2024-12-24T19:03:58.133+0000] {dag.py:4180} INFO - Setting next_dagrun for example_dynamic_task_mapping to None, run_after=None
[2024-12-24T19:03:58.185+0000] {processor.py:208} INFO - Processing /home/airflow/.local/lib/python3.12/site-packages/airflow/example_dags/example_dynamic_task_mapping.py took 0.107 seconds
[2024-12-24T19:04:28.572+0000] {processor.py:186} INFO - Started process (PID=1801) to work on /home/airflow/.local/lib/python3.12/site-packages/airflow/example_dags/example_dynamic_task_mapping.py
[2024-12-24T19:04:28.573+0000] {processor.py:914} INFO - Processing file /home/airflow/.local/lib/python3.12/site-packages/airflow/example_dags/example_dynamic_task_mapping.py for tasks to queue
[2024-12-24T19:04:28.576+0000] {logging_mixin.py:190} INFO - [2024-12-24T19:04:28.576+0000] {dagbag.py:588} INFO - Filling up the DagBag from /home/airflow/.local/lib/python3.12/site-packages/airflow/example_dags/example_dynamic_task_mapping.py
[2024-12-24T19:04:28.585+0000] {processor.py:925} INFO - DAG(s) 'example_dynamic_task_mapping' retrieved from /home/airflow/.local/lib/python3.12/site-packages/airflow/example_dags/example_dynamic_task_mapping.py
[2024-12-24T19:04:28.609+0000] {logging_mixin.py:190} INFO - [2024-12-24T19:04:28.608+0000] {dag.py:3239} INFO - Sync 1 DAGs
[2024-12-24T19:04:28.624+0000] {logging_mixin.py:190} INFO - [2024-12-24T19:04:28.624+0000] {dag.py:4180} INFO - Setting next_dagrun for example_dynamic_task_mapping to None, run_after=None
[2024-12-24T19:04:28.650+0000] {processor.py:208} INFO - Processing /home/airflow/.local/lib/python3.12/site-packages/airflow/example_dags/example_dynamic_task_mapping.py took 0.083 seconds
[2024-12-24T19:04:58.852+0000] {processor.py:186} INFO - Started process (PID=1864) to work on /home/airflow/.local/lib/python3.12/site-packages/airflow/example_dags/example_dynamic_task_mapping.py
[2024-12-24T19:04:58.854+0000] {processor.py:914} INFO - Processing file /home/airflow/.local/lib/python3.12/site-packages/airflow/example_dags/example_dynamic_task_mapping.py for tasks to queue
[2024-12-24T19:04:58.858+0000] {logging_mixin.py:190} INFO - [2024-12-24T19:04:58.858+0000] {dagbag.py:588} INFO - Filling up the DagBag from /home/airflow/.local/lib/python3.12/site-packages/airflow/example_dags/example_dynamic_task_mapping.py
[2024-12-24T19:04:58.873+0000] {processor.py:925} INFO - DAG(s) 'example_dynamic_task_mapping' retrieved from /home/airflow/.local/lib/python3.12/site-packages/airflow/example_dags/example_dynamic_task_mapping.py
[2024-12-24T19:04:58.899+0000] {logging_mixin.py:190} INFO - [2024-12-24T19:04:58.898+0000] {dag.py:3239} INFO - Sync 1 DAGs
[2024-12-24T19:04:58.917+0000] {logging_mixin.py:190} INFO - [2024-12-24T19:04:58.916+0000] {dag.py:4180} INFO - Setting next_dagrun for example_dynamic_task_mapping to None, run_after=None
[2024-12-24T19:04:58.948+0000] {processor.py:208} INFO - Processing /home/airflow/.local/lib/python3.12/site-packages/airflow/example_dags/example_dynamic_task_mapping.py took 0.106 seconds
[2024-12-24T19:05:29.236+0000] {processor.py:186} INFO - Started process (PID=1927) to work on /home/airflow/.local/lib/python3.12/site-packages/airflow/example_dags/example_dynamic_task_mapping.py
[2024-12-24T19:05:29.238+0000] {processor.py:914} INFO - Processing file /home/airflow/.local/lib/python3.12/site-packages/airflow/example_dags/example_dynamic_task_mapping.py for tasks to queue
[2024-12-24T19:05:29.242+0000] {logging_mixin.py:190} INFO - [2024-12-24T19:05:29.242+0000] {dagbag.py:588} INFO - Filling up the DagBag from /home/airflow/.local/lib/python3.12/site-packages/airflow/example_dags/example_dynamic_task_mapping.py
[2024-12-24T19:05:29.253+0000] {processor.py:925} INFO - DAG(s) 'example_dynamic_task_mapping' retrieved from /home/airflow/.local/lib/python3.12/site-packages/airflow/example_dags/example_dynamic_task_mapping.py
[2024-12-24T19:05:29.280+0000] {logging_mixin.py:190} INFO - [2024-12-24T19:05:29.280+0000] {dag.py:3239} INFO - Sync 1 DAGs
[2024-12-24T19:05:29.296+0000] {logging_mixin.py:190} INFO - [2024-12-24T19:05:29.296+0000] {dag.py:4180} INFO - Setting next_dagrun for example_dynamic_task_mapping to None, run_after=None
[2024-12-24T19:05:29.328+0000] {processor.py:208} INFO - Processing /home/airflow/.local/lib/python3.12/site-packages/airflow/example_dags/example_dynamic_task_mapping.py took 0.100 seconds
[2024-12-24T19:05:59.713+0000] {processor.py:186} INFO - Started process (PID=1990) to work on /home/airflow/.local/lib/python3.12/site-packages/airflow/example_dags/example_dynamic_task_mapping.py
[2024-12-24T19:05:59.714+0000] {processor.py:914} INFO - Processing file /home/airflow/.local/lib/python3.12/site-packages/airflow/example_dags/example_dynamic_task_mapping.py for tasks to queue
[2024-12-24T19:05:59.717+0000] {logging_mixin.py:190} INFO - [2024-12-24T19:05:59.717+0000] {dagbag.py:588} INFO - Filling up the DagBag from /home/airflow/.local/lib/python3.12/site-packages/airflow/example_dags/example_dynamic_task_mapping.py
[2024-12-24T19:05:59.727+0000] {processor.py:925} INFO - DAG(s) 'example_dynamic_task_mapping' retrieved from /home/airflow/.local/lib/python3.12/site-packages/airflow/example_dags/example_dynamic_task_mapping.py
[2024-12-24T19:05:59.751+0000] {logging_mixin.py:190} INFO - [2024-12-24T19:05:59.751+0000] {dag.py:3239} INFO - Sync 1 DAGs
[2024-12-24T19:05:59.769+0000] {logging_mixin.py:190} INFO - [2024-12-24T19:05:59.768+0000] {dag.py:4180} INFO - Setting next_dagrun for example_dynamic_task_mapping to None, run_after=None
[2024-12-24T19:05:59.796+0000] {processor.py:208} INFO - Processing /home/airflow/.local/lib/python3.12/site-packages/airflow/example_dags/example_dynamic_task_mapping.py took 0.089 seconds
[2024-12-24T19:06:30.010+0000] {processor.py:186} INFO - Started process (PID=2053) to work on /home/airflow/.local/lib/python3.12/site-packages/airflow/example_dags/example_dynamic_task_mapping.py
[2024-12-24T19:06:30.012+0000] {processor.py:914} INFO - Processing file /home/airflow/.local/lib/python3.12/site-packages/airflow/example_dags/example_dynamic_task_mapping.py for tasks to queue
[2024-12-24T19:06:30.015+0000] {logging_mixin.py:190} INFO - [2024-12-24T19:06:30.015+0000] {dagbag.py:588} INFO - Filling up the DagBag from /home/airflow/.local/lib/python3.12/site-packages/airflow/example_dags/example_dynamic_task_mapping.py
[2024-12-24T19:06:30.025+0000] {processor.py:925} INFO - DAG(s) 'example_dynamic_task_mapping' retrieved from /home/airflow/.local/lib/python3.12/site-packages/airflow/example_dags/example_dynamic_task_mapping.py
[2024-12-24T19:06:30.048+0000] {logging_mixin.py:190} INFO - [2024-12-24T19:06:30.047+0000] {dag.py:3239} INFO - Sync 1 DAGs
[2024-12-24T19:06:30.063+0000] {logging_mixin.py:190} INFO - [2024-12-24T19:06:30.063+0000] {dag.py:4180} INFO - Setting next_dagrun for example_dynamic_task_mapping to None, run_after=None
[2024-12-24T19:06:30.088+0000] {processor.py:208} INFO - Processing /home/airflow/.local/lib/python3.12/site-packages/airflow/example_dags/example_dynamic_task_mapping.py took 0.083 seconds
[2024-12-24T19:07:00.502+0000] {processor.py:186} INFO - Started process (PID=2116) to work on /home/airflow/.local/lib/python3.12/site-packages/airflow/example_dags/example_dynamic_task_mapping.py
[2024-12-24T19:07:00.504+0000] {processor.py:914} INFO - Processing file /home/airflow/.local/lib/python3.12/site-packages/airflow/example_dags/example_dynamic_task_mapping.py for tasks to queue
[2024-12-24T19:07:00.513+0000] {logging_mixin.py:190} INFO - [2024-12-24T19:07:00.512+0000] {dagbag.py:588} INFO - Filling up the DagBag from /home/airflow/.local/lib/python3.12/site-packages/airflow/example_dags/example_dynamic_task_mapping.py
[2024-12-24T19:07:00.532+0000] {processor.py:925} INFO - DAG(s) 'example_dynamic_task_mapping' retrieved from /home/airflow/.local/lib/python3.12/site-packages/airflow/example_dags/example_dynamic_task_mapping.py
[2024-12-24T19:07:00.568+0000] {logging_mixin.py:190} INFO - [2024-12-24T19:07:00.568+0000] {dag.py:3239} INFO - Sync 1 DAGs
[2024-12-24T19:07:00.587+0000] {logging_mixin.py:190} INFO - [2024-12-24T19:07:00.587+0000] {dag.py:4180} INFO - Setting next_dagrun for example_dynamic_task_mapping to None, run_after=None
[2024-12-24T19:07:00.611+0000] {processor.py:208} INFO - Processing /home/airflow/.local/lib/python3.12/site-packages/airflow/example_dags/example_dynamic_task_mapping.py took 0.119 seconds
[2024-12-24T19:07:30.892+0000] {processor.py:186} INFO - Started process (PID=2179) to work on /home/airflow/.local/lib/python3.12/site-packages/airflow/example_dags/example_dynamic_task_mapping.py
[2024-12-24T19:07:30.893+0000] {processor.py:914} INFO - Processing file /home/airflow/.local/lib/python3.12/site-packages/airflow/example_dags/example_dynamic_task_mapping.py for tasks to queue
[2024-12-24T19:07:30.895+0000] {logging_mixin.py:190} INFO - [2024-12-24T19:07:30.895+0000] {dagbag.py:588} INFO - Filling up the DagBag from /home/airflow/.local/lib/python3.12/site-packages/airflow/example_dags/example_dynamic_task_mapping.py
[2024-12-24T19:07:30.904+0000] {processor.py:925} INFO - DAG(s) 'example_dynamic_task_mapping' retrieved from /home/airflow/.local/lib/python3.12/site-packages/airflow/example_dags/example_dynamic_task_mapping.py
[2024-12-24T19:07:30.927+0000] {logging_mixin.py:190} INFO - [2024-12-24T19:07:30.927+0000] {dag.py:3239} INFO - Sync 1 DAGs
[2024-12-24T19:07:30.942+0000] {logging_mixin.py:190} INFO - [2024-12-24T19:07:30.942+0000] {dag.py:4180} INFO - Setting next_dagrun for example_dynamic_task_mapping to None, run_after=None
[2024-12-24T19:07:30.967+0000] {processor.py:208} INFO - Processing /home/airflow/.local/lib/python3.12/site-packages/airflow/example_dags/example_dynamic_task_mapping.py took 0.081 seconds
[2024-12-24T19:08:01.294+0000] {processor.py:186} INFO - Started process (PID=2242) to work on /home/airflow/.local/lib/python3.12/site-packages/airflow/example_dags/example_dynamic_task_mapping.py
[2024-12-24T19:08:01.295+0000] {processor.py:914} INFO - Processing file /home/airflow/.local/lib/python3.12/site-packages/airflow/example_dags/example_dynamic_task_mapping.py for tasks to queue
[2024-12-24T19:08:01.298+0000] {logging_mixin.py:190} INFO - [2024-12-24T19:08:01.297+0000] {dagbag.py:588} INFO - Filling up the DagBag from /home/airflow/.local/lib/python3.12/site-packages/airflow/example_dags/example_dynamic_task_mapping.py
[2024-12-24T19:08:01.307+0000] {processor.py:925} INFO - DAG(s) 'example_dynamic_task_mapping' retrieved from /home/airflow/.local/lib/python3.12/site-packages/airflow/example_dags/example_dynamic_task_mapping.py
[2024-12-24T19:08:01.330+0000] {logging_mixin.py:190} INFO - [2024-12-24T19:08:01.329+0000] {dag.py:3239} INFO - Sync 1 DAGs
[2024-12-24T19:08:01.347+0000] {logging_mixin.py:190} INFO - [2024-12-24T19:08:01.346+0000] {dag.py:4180} INFO - Setting next_dagrun for example_dynamic_task_mapping to None, run_after=None
[2024-12-24T19:08:01.373+0000] {processor.py:208} INFO - Processing /home/airflow/.local/lib/python3.12/site-packages/airflow/example_dags/example_dynamic_task_mapping.py took 0.086 seconds
[2024-12-24T19:08:31.506+0000] {processor.py:186} INFO - Started process (PID=2305) to work on /home/airflow/.local/lib/python3.12/site-packages/airflow/example_dags/example_dynamic_task_mapping.py
[2024-12-24T19:08:31.507+0000] {processor.py:914} INFO - Processing file /home/airflow/.local/lib/python3.12/site-packages/airflow/example_dags/example_dynamic_task_mapping.py for tasks to queue
[2024-12-24T19:08:31.510+0000] {logging_mixin.py:190} INFO - [2024-12-24T19:08:31.509+0000] {dagbag.py:588} INFO - Filling up the DagBag from /home/airflow/.local/lib/python3.12/site-packages/airflow/example_dags/example_dynamic_task_mapping.py
[2024-12-24T19:08:31.518+0000] {processor.py:925} INFO - DAG(s) 'example_dynamic_task_mapping' retrieved from /home/airflow/.local/lib/python3.12/site-packages/airflow/example_dags/example_dynamic_task_mapping.py
[2024-12-24T19:08:31.541+0000] {logging_mixin.py:190} INFO - [2024-12-24T19:08:31.540+0000] {dag.py:3239} INFO - Sync 1 DAGs
[2024-12-24T19:08:31.558+0000] {logging_mixin.py:190} INFO - [2024-12-24T19:08:31.557+0000] {dag.py:4180} INFO - Setting next_dagrun for example_dynamic_task_mapping to None, run_after=None
[2024-12-24T19:08:31.623+0000] {processor.py:208} INFO - Processing /home/airflow/.local/lib/python3.12/site-packages/airflow/example_dags/example_dynamic_task_mapping.py took 0.124 seconds
