[2024-12-24T18:50:35.934+0000] {processor.py:186} INFO - Started process (PID=118) to work on /home/airflow/.local/lib/python3.12/site-packages/airflow/example_dags/tutorial.py
[2024-12-24T18:50:35.935+0000] {processor.py:914} INFO - Processing file /home/airflow/.local/lib/python3.12/site-packages/airflow/example_dags/tutorial.py for tasks to queue
[2024-12-24T18:50:35.938+0000] {logging_mixin.py:190} INFO - [2024-12-24T18:50:35.938+0000] {dagbag.py:588} INFO - Filling up the DagBag from /home/airflow/.local/lib/python3.12/site-packages/airflow/example_dags/tutorial.py
[2024-12-24T18:50:35.959+0000] {processor.py:925} INFO - DAG(s) 'tutorial' retrieved from /home/airflow/.local/lib/python3.12/site-packages/airflow/example_dags/tutorial.py
[2024-12-24T18:50:35.986+0000] {logging_mixin.py:190} INFO - [2024-12-24T18:50:35.985+0000] {dag.py:3239} INFO - Sync 1 DAGs
[2024-12-24T18:50:36.013+0000] {logging_mixin.py:190} INFO - [2024-12-24T18:50:36.013+0000] {dag.py:4180} INFO - Setting next_dagrun for tutorial to 2024-12-23 00:00:00+00:00, run_after=2024-12-24 00:00:00+00:00
[2024-12-24T18:50:36.137+0000] {processor.py:208} INFO - Processing /home/airflow/.local/lib/python3.12/site-packages/airflow/example_dags/tutorial.py took 0.209 seconds
[2024-12-24T18:51:06.648+0000] {processor.py:186} INFO - Started process (PID=181) to work on /home/airflow/.local/lib/python3.12/site-packages/airflow/example_dags/tutorial.py
[2024-12-24T18:51:06.650+0000] {processor.py:914} INFO - Processing file /home/airflow/.local/lib/python3.12/site-packages/airflow/example_dags/tutorial.py for tasks to queue
[2024-12-24T18:51:06.652+0000] {logging_mixin.py:190} INFO - [2024-12-24T18:51:06.652+0000] {dagbag.py:588} INFO - Filling up the DagBag from /home/airflow/.local/lib/python3.12/site-packages/airflow/example_dags/tutorial.py
[2024-12-24T18:51:06.661+0000] {processor.py:925} INFO - DAG(s) 'tutorial' retrieved from /home/airflow/.local/lib/python3.12/site-packages/airflow/example_dags/tutorial.py
[2024-12-24T18:51:06.692+0000] {logging_mixin.py:190} INFO - [2024-12-24T18:51:06.691+0000] {dag.py:3239} INFO - Sync 1 DAGs
[2024-12-24T18:51:06.645+0000] {logging_mixin.py:190} INFO - [2024-12-24T18:51:06.644+0000] {dag.py:4180} INFO - Setting next_dagrun for tutorial to 2024-12-23 00:00:00+00:00, run_after=2024-12-24 00:00:00+00:00
[2024-12-24T18:51:06.676+0000] {processor.py:208} INFO - Processing /home/airflow/.local/lib/python3.12/site-packages/airflow/example_dags/tutorial.py took 0.112 seconds
[2024-12-24T18:51:38.624+0000] {processor.py:186} INFO - Started process (PID=250) to work on /home/airflow/.local/lib/python3.12/site-packages/airflow/example_dags/tutorial.py
[2024-12-24T18:51:38.625+0000] {processor.py:914} INFO - Processing file /home/airflow/.local/lib/python3.12/site-packages/airflow/example_dags/tutorial.py for tasks to queue
[2024-12-24T18:51:38.628+0000] {logging_mixin.py:190} INFO - [2024-12-24T18:51:38.627+0000] {dagbag.py:588} INFO - Filling up the DagBag from /home/airflow/.local/lib/python3.12/site-packages/airflow/example_dags/tutorial.py
[2024-12-24T18:51:38.647+0000] {processor.py:925} INFO - DAG(s) 'tutorial' retrieved from /home/airflow/.local/lib/python3.12/site-packages/airflow/example_dags/tutorial.py
[2024-12-24T18:51:38.671+0000] {logging_mixin.py:190} INFO - [2024-12-24T18:51:38.670+0000] {dag.py:3239} INFO - Sync 1 DAGs
[2024-12-24T18:51:38.696+0000] {logging_mixin.py:190} INFO - [2024-12-24T18:51:38.696+0000] {dag.py:4180} INFO - Setting next_dagrun for tutorial to 2024-12-23 00:00:00+00:00, run_after=2024-12-24 00:00:00+00:00
[2024-12-24T18:51:38.791+0000] {processor.py:208} INFO - Processing /home/airflow/.local/lib/python3.12/site-packages/airflow/example_dags/tutorial.py took 0.174 seconds
[2024-12-24T18:52:09.023+0000] {processor.py:186} INFO - Started process (PID=314) to work on /home/airflow/.local/lib/python3.12/site-packages/airflow/example_dags/tutorial.py
[2024-12-24T18:52:09.025+0000] {processor.py:914} INFO - Processing file /home/airflow/.local/lib/python3.12/site-packages/airflow/example_dags/tutorial.py for tasks to queue
[2024-12-24T18:52:09.027+0000] {logging_mixin.py:190} INFO - [2024-12-24T18:52:09.027+0000] {dagbag.py:588} INFO - Filling up the DagBag from /home/airflow/.local/lib/python3.12/site-packages/airflow/example_dags/tutorial.py
[2024-12-24T18:52:09.036+0000] {processor.py:925} INFO - DAG(s) 'tutorial' retrieved from /home/airflow/.local/lib/python3.12/site-packages/airflow/example_dags/tutorial.py
[2024-12-24T18:52:09.061+0000] {logging_mixin.py:190} INFO - [2024-12-24T18:52:09.061+0000] {dag.py:3239} INFO - Sync 1 DAGs
[2024-12-24T18:52:09.087+0000] {logging_mixin.py:190} INFO - [2024-12-24T18:52:09.087+0000] {dag.py:4180} INFO - Setting next_dagrun for tutorial to 2024-12-23 00:00:00+00:00, run_after=2024-12-24 00:00:00+00:00
[2024-12-24T18:52:09.112+0000] {processor.py:208} INFO - Processing /home/airflow/.local/lib/python3.12/site-packages/airflow/example_dags/tutorial.py took 0.095 seconds
[2024-12-24T18:52:39.623+0000] {processor.py:186} INFO - Started process (PID=376) to work on /home/airflow/.local/lib/python3.12/site-packages/airflow/example_dags/tutorial.py
[2024-12-24T18:52:39.624+0000] {processor.py:914} INFO - Processing file /home/airflow/.local/lib/python3.12/site-packages/airflow/example_dags/tutorial.py for tasks to queue
[2024-12-24T18:52:39.627+0000] {logging_mixin.py:190} INFO - [2024-12-24T18:52:39.627+0000] {dagbag.py:588} INFO - Filling up the DagBag from /home/airflow/.local/lib/python3.12/site-packages/airflow/example_dags/tutorial.py
[2024-12-24T18:52:39.638+0000] {processor.py:925} INFO - DAG(s) 'tutorial' retrieved from /home/airflow/.local/lib/python3.12/site-packages/airflow/example_dags/tutorial.py
[2024-12-24T18:52:39.666+0000] {logging_mixin.py:190} INFO - [2024-12-24T18:52:39.666+0000] {dag.py:3239} INFO - Sync 1 DAGs
[2024-12-24T18:52:39.697+0000] {logging_mixin.py:190} INFO - [2024-12-24T18:52:39.697+0000] {dag.py:4180} INFO - Setting next_dagrun for tutorial to 2024-12-23 00:00:00+00:00, run_after=2024-12-24 00:00:00+00:00
[2024-12-24T18:52:39.725+0000] {processor.py:208} INFO - Processing /home/airflow/.local/lib/python3.12/site-packages/airflow/example_dags/tutorial.py took 0.111 seconds
[2024-12-24T18:53:10.592+0000] {processor.py:186} INFO - Started process (PID=439) to work on /home/airflow/.local/lib/python3.12/site-packages/airflow/example_dags/tutorial.py
[2024-12-24T18:53:10.593+0000] {processor.py:914} INFO - Processing file /home/airflow/.local/lib/python3.12/site-packages/airflow/example_dags/tutorial.py for tasks to queue
[2024-12-24T18:53:10.596+0000] {logging_mixin.py:190} INFO - [2024-12-24T18:53:10.596+0000] {dagbag.py:588} INFO - Filling up the DagBag from /home/airflow/.local/lib/python3.12/site-packages/airflow/example_dags/tutorial.py
[2024-12-24T18:53:10.605+0000] {processor.py:925} INFO - DAG(s) 'tutorial' retrieved from /home/airflow/.local/lib/python3.12/site-packages/airflow/example_dags/tutorial.py
[2024-12-24T18:53:10.630+0000] {logging_mixin.py:190} INFO - [2024-12-24T18:53:10.630+0000] {dag.py:3239} INFO - Sync 1 DAGs
[2024-12-24T18:53:10.658+0000] {logging_mixin.py:190} INFO - [2024-12-24T18:53:10.658+0000] {dag.py:4180} INFO - Setting next_dagrun for tutorial to 2024-12-23 00:00:00+00:00, run_after=2024-12-24 00:00:00+00:00
[2024-12-24T18:53:10.690+0000] {processor.py:208} INFO - Processing /home/airflow/.local/lib/python3.12/site-packages/airflow/example_dags/tutorial.py took 0.104 seconds
[2024-12-24T18:53:43.738+0000] {processor.py:186} INFO - Started process (PID=497) to work on /home/airflow/.local/lib/python3.12/site-packages/airflow/example_dags/tutorial.py
[2024-12-24T18:53:43.739+0000] {processor.py:914} INFO - Processing file /home/airflow/.local/lib/python3.12/site-packages/airflow/example_dags/tutorial.py for tasks to queue
[2024-12-24T18:53:43.742+0000] {logging_mixin.py:190} INFO - [2024-12-24T18:53:43.742+0000] {dagbag.py:588} INFO - Filling up the DagBag from /home/airflow/.local/lib/python3.12/site-packages/airflow/example_dags/tutorial.py
[2024-12-24T18:53:43.754+0000] {processor.py:925} INFO - DAG(s) 'tutorial' retrieved from /home/airflow/.local/lib/python3.12/site-packages/airflow/example_dags/tutorial.py
[2024-12-24T18:53:43.780+0000] {logging_mixin.py:190} INFO - [2024-12-24T18:53:43.779+0000] {dag.py:3239} INFO - Sync 1 DAGs
[2024-12-24T18:53:43.815+0000] {logging_mixin.py:190} INFO - [2024-12-24T18:53:43.814+0000] {dag.py:4180} INFO - Setting next_dagrun for tutorial to 2024-12-23 00:00:00+00:00, run_after=2024-12-24 00:00:00+00:00
[2024-12-24T18:53:43.846+0000] {processor.py:208} INFO - Processing /home/airflow/.local/lib/python3.12/site-packages/airflow/example_dags/tutorial.py took 0.116 seconds
[2024-12-24T18:54:15.059+0000] {processor.py:186} INFO - Started process (PID=560) to work on /home/airflow/.local/lib/python3.12/site-packages/airflow/example_dags/tutorial.py
[2024-12-24T18:54:15.060+0000] {processor.py:914} INFO - Processing file /home/airflow/.local/lib/python3.12/site-packages/airflow/example_dags/tutorial.py for tasks to queue
[2024-12-24T18:54:15.062+0000] {logging_mixin.py:190} INFO - [2024-12-24T18:54:15.062+0000] {dagbag.py:588} INFO - Filling up the DagBag from /home/airflow/.local/lib/python3.12/site-packages/airflow/example_dags/tutorial.py
[2024-12-24T18:54:15.070+0000] {processor.py:925} INFO - DAG(s) 'tutorial' retrieved from /home/airflow/.local/lib/python3.12/site-packages/airflow/example_dags/tutorial.py
[2024-12-24T18:54:15.092+0000] {logging_mixin.py:190} INFO - [2024-12-24T18:54:15.092+0000] {dag.py:3239} INFO - Sync 1 DAGs
[2024-12-24T18:54:15.115+0000] {logging_mixin.py:190} INFO - [2024-12-24T18:54:15.115+0000] {dag.py:4180} INFO - Setting next_dagrun for tutorial to 2024-12-23 00:00:00+00:00, run_after=2024-12-24 00:00:00+00:00
[2024-12-24T18:54:15.138+0000] {processor.py:208} INFO - Processing /home/airflow/.local/lib/python3.12/site-packages/airflow/example_dags/tutorial.py took 0.085 seconds
[2024-12-24T18:54:46.851+0000] {processor.py:186} INFO - Started process (PID=623) to work on /home/airflow/.local/lib/python3.12/site-packages/airflow/example_dags/tutorial.py
[2024-12-24T18:54:46.852+0000] {processor.py:914} INFO - Processing file /home/airflow/.local/lib/python3.12/site-packages/airflow/example_dags/tutorial.py for tasks to queue
[2024-12-24T18:54:46.856+0000] {logging_mixin.py:190} INFO - [2024-12-24T18:54:46.855+0000] {dagbag.py:588} INFO - Filling up the DagBag from /home/airflow/.local/lib/python3.12/site-packages/airflow/example_dags/tutorial.py
[2024-12-24T18:54:46.867+0000] {processor.py:925} INFO - DAG(s) 'tutorial' retrieved from /home/airflow/.local/lib/python3.12/site-packages/airflow/example_dags/tutorial.py
[2024-12-24T18:54:46.898+0000] {logging_mixin.py:190} INFO - [2024-12-24T18:54:46.898+0000] {dag.py:3239} INFO - Sync 1 DAGs
[2024-12-24T18:54:46.934+0000] {logging_mixin.py:190} INFO - [2024-12-24T18:54:46.934+0000] {dag.py:4180} INFO - Setting next_dagrun for tutorial to 2024-12-23 00:00:00+00:00, run_after=2024-12-24 00:00:00+00:00
[2024-12-24T18:54:46.975+0000] {processor.py:208} INFO - Processing /home/airflow/.local/lib/python3.12/site-packages/airflow/example_dags/tutorial.py took 0.131 seconds
[2024-12-24T18:55:18.678+0000] {processor.py:186} INFO - Started process (PID=692) to work on /home/airflow/.local/lib/python3.12/site-packages/airflow/example_dags/tutorial.py
[2024-12-24T18:55:18.679+0000] {processor.py:914} INFO - Processing file /home/airflow/.local/lib/python3.12/site-packages/airflow/example_dags/tutorial.py for tasks to queue
[2024-12-24T18:55:18.682+0000] {logging_mixin.py:190} INFO - [2024-12-24T18:55:18.682+0000] {dagbag.py:588} INFO - Filling up the DagBag from /home/airflow/.local/lib/python3.12/site-packages/airflow/example_dags/tutorial.py
[2024-12-24T18:55:18.691+0000] {processor.py:925} INFO - DAG(s) 'tutorial' retrieved from /home/airflow/.local/lib/python3.12/site-packages/airflow/example_dags/tutorial.py
[2024-12-24T18:55:18.724+0000] {logging_mixin.py:190} INFO - [2024-12-24T18:55:18.723+0000] {dag.py:3239} INFO - Sync 1 DAGs
[2024-12-24T18:55:18.755+0000] {logging_mixin.py:190} INFO - [2024-12-24T18:55:18.755+0000] {dag.py:4180} INFO - Setting next_dagrun for tutorial to 2024-12-23 00:00:00+00:00, run_after=2024-12-24 00:00:00+00:00
[2024-12-24T18:55:18.789+0000] {processor.py:208} INFO - Processing /home/airflow/.local/lib/python3.12/site-packages/airflow/example_dags/tutorial.py took 0.117 seconds
[2024-12-24T18:55:49.692+0000] {processor.py:186} INFO - Started process (PID=755) to work on /home/airflow/.local/lib/python3.12/site-packages/airflow/example_dags/tutorial.py
[2024-12-24T18:55:49.694+0000] {processor.py:914} INFO - Processing file /home/airflow/.local/lib/python3.12/site-packages/airflow/example_dags/tutorial.py for tasks to queue
[2024-12-24T18:55:49.697+0000] {logging_mixin.py:190} INFO - [2024-12-24T18:55:49.696+0000] {dagbag.py:588} INFO - Filling up the DagBag from /home/airflow/.local/lib/python3.12/site-packages/airflow/example_dags/tutorial.py
[2024-12-24T18:55:49.706+0000] {processor.py:925} INFO - DAG(s) 'tutorial' retrieved from /home/airflow/.local/lib/python3.12/site-packages/airflow/example_dags/tutorial.py
[2024-12-24T18:55:49.732+0000] {logging_mixin.py:190} INFO - [2024-12-24T18:55:49.732+0000] {dag.py:3239} INFO - Sync 1 DAGs
[2024-12-24T18:55:49.761+0000] {logging_mixin.py:190} INFO - [2024-12-24T18:55:49.761+0000] {dag.py:4180} INFO - Setting next_dagrun for tutorial to 2024-12-23 00:00:00+00:00, run_after=2024-12-24 00:00:00+00:00
[2024-12-24T18:55:49.789+0000] {processor.py:208} INFO - Processing /home/airflow/.local/lib/python3.12/site-packages/airflow/example_dags/tutorial.py took 0.103 seconds
[2024-12-24T18:56:21.412+0000] {processor.py:186} INFO - Started process (PID=818) to work on /home/airflow/.local/lib/python3.12/site-packages/airflow/example_dags/tutorial.py
[2024-12-24T18:56:21.413+0000] {processor.py:914} INFO - Processing file /home/airflow/.local/lib/python3.12/site-packages/airflow/example_dags/tutorial.py for tasks to queue
[2024-12-24T18:56:21.416+0000] {logging_mixin.py:190} INFO - [2024-12-24T18:56:21.416+0000] {dagbag.py:588} INFO - Filling up the DagBag from /home/airflow/.local/lib/python3.12/site-packages/airflow/example_dags/tutorial.py
[2024-12-24T18:56:21.426+0000] {processor.py:925} INFO - DAG(s) 'tutorial' retrieved from /home/airflow/.local/lib/python3.12/site-packages/airflow/example_dags/tutorial.py
[2024-12-24T18:56:21.453+0000] {logging_mixin.py:190} INFO - [2024-12-24T18:56:21.453+0000] {dag.py:3239} INFO - Sync 1 DAGs
[2024-12-24T18:56:21.521+0000] {logging_mixin.py:190} INFO - [2024-12-24T18:56:21.520+0000] {dag.py:4180} INFO - Setting next_dagrun for tutorial to 2024-12-23 00:00:00+00:00, run_after=2024-12-24 00:00:00+00:00
[2024-12-24T18:56:21.596+0000] {processor.py:208} INFO - Processing /home/airflow/.local/lib/python3.12/site-packages/airflow/example_dags/tutorial.py took 0.191 seconds
[2024-12-24T18:56:52.290+0000] {processor.py:186} INFO - Started process (PID=881) to work on /home/airflow/.local/lib/python3.12/site-packages/airflow/example_dags/tutorial.py
[2024-12-24T18:56:52.291+0000] {processor.py:914} INFO - Processing file /home/airflow/.local/lib/python3.12/site-packages/airflow/example_dags/tutorial.py for tasks to queue
[2024-12-24T18:56:52.295+0000] {logging_mixin.py:190} INFO - [2024-12-24T18:56:52.294+0000] {dagbag.py:588} INFO - Filling up the DagBag from /home/airflow/.local/lib/python3.12/site-packages/airflow/example_dags/tutorial.py
[2024-12-24T18:56:52.308+0000] {processor.py:925} INFO - DAG(s) 'tutorial' retrieved from /home/airflow/.local/lib/python3.12/site-packages/airflow/example_dags/tutorial.py
[2024-12-24T18:56:52.342+0000] {logging_mixin.py:190} INFO - [2024-12-24T18:56:52.341+0000] {dag.py:3239} INFO - Sync 1 DAGs
[2024-12-24T18:56:52.373+0000] {logging_mixin.py:190} INFO - [2024-12-24T18:56:52.373+0000] {dag.py:4180} INFO - Setting next_dagrun for tutorial to 2024-12-23 00:00:00+00:00, run_after=2024-12-24 00:00:00+00:00
[2024-12-24T18:56:52.408+0000] {processor.py:208} INFO - Processing /home/airflow/.local/lib/python3.12/site-packages/airflow/example_dags/tutorial.py took 0.128 seconds
[2024-12-24T18:57:22.663+0000] {processor.py:186} INFO - Started process (PID=944) to work on /home/airflow/.local/lib/python3.12/site-packages/airflow/example_dags/tutorial.py
[2024-12-24T18:57:22.664+0000] {processor.py:914} INFO - Processing file /home/airflow/.local/lib/python3.12/site-packages/airflow/example_dags/tutorial.py for tasks to queue
[2024-12-24T18:57:22.667+0000] {logging_mixin.py:190} INFO - [2024-12-24T18:57:22.667+0000] {dagbag.py:588} INFO - Filling up the DagBag from /home/airflow/.local/lib/python3.12/site-packages/airflow/example_dags/tutorial.py
[2024-12-24T18:57:22.677+0000] {processor.py:925} INFO - DAG(s) 'tutorial' retrieved from /home/airflow/.local/lib/python3.12/site-packages/airflow/example_dags/tutorial.py
[2024-12-24T18:57:22.711+0000] {logging_mixin.py:190} INFO - [2024-12-24T18:57:22.710+0000] {dag.py:3239} INFO - Sync 1 DAGs
[2024-12-24T18:57:22.738+0000] {logging_mixin.py:190} INFO - [2024-12-24T18:57:22.738+0000] {dag.py:4180} INFO - Setting next_dagrun for tutorial to 2024-12-23 00:00:00+00:00, run_after=2024-12-24 00:00:00+00:00
[2024-12-24T18:57:22.767+0000] {processor.py:208} INFO - Processing /home/airflow/.local/lib/python3.12/site-packages/airflow/example_dags/tutorial.py took 0.111 seconds
[2024-12-24T18:57:53.690+0000] {processor.py:186} INFO - Started process (PID=1008) to work on /home/airflow/.local/lib/python3.12/site-packages/airflow/example_dags/tutorial.py
[2024-12-24T18:57:53.692+0000] {processor.py:914} INFO - Processing file /home/airflow/.local/lib/python3.12/site-packages/airflow/example_dags/tutorial.py for tasks to queue
[2024-12-24T18:57:53.696+0000] {logging_mixin.py:190} INFO - [2024-12-24T18:57:53.695+0000] {dagbag.py:588} INFO - Filling up the DagBag from /home/airflow/.local/lib/python3.12/site-packages/airflow/example_dags/tutorial.py
[2024-12-24T18:57:53.704+0000] {processor.py:925} INFO - DAG(s) 'tutorial' retrieved from /home/airflow/.local/lib/python3.12/site-packages/airflow/example_dags/tutorial.py
[2024-12-24T18:57:53.726+0000] {logging_mixin.py:190} INFO - [2024-12-24T18:57:53.726+0000] {dag.py:3239} INFO - Sync 1 DAGs
[2024-12-24T18:57:53.750+0000] {logging_mixin.py:190} INFO - [2024-12-24T18:57:53.750+0000] {dag.py:4180} INFO - Setting next_dagrun for tutorial to 2024-12-23 00:00:00+00:00, run_after=2024-12-24 00:00:00+00:00
[2024-12-24T18:57:53.779+0000] {processor.py:208} INFO - Processing /home/airflow/.local/lib/python3.12/site-packages/airflow/example_dags/tutorial.py took 0.095 seconds
[2024-12-24T18:58:24.756+0000] {processor.py:186} INFO - Started process (PID=1070) to work on /home/airflow/.local/lib/python3.12/site-packages/airflow/example_dags/tutorial.py
[2024-12-24T18:58:24.758+0000] {processor.py:914} INFO - Processing file /home/airflow/.local/lib/python3.12/site-packages/airflow/example_dags/tutorial.py for tasks to queue
[2024-12-24T18:58:24.760+0000] {logging_mixin.py:190} INFO - [2024-12-24T18:58:24.760+0000] {dagbag.py:588} INFO - Filling up the DagBag from /home/airflow/.local/lib/python3.12/site-packages/airflow/example_dags/tutorial.py
[2024-12-24T18:58:24.769+0000] {processor.py:925} INFO - DAG(s) 'tutorial' retrieved from /home/airflow/.local/lib/python3.12/site-packages/airflow/example_dags/tutorial.py
[2024-12-24T18:58:24.794+0000] {logging_mixin.py:190} INFO - [2024-12-24T18:58:24.793+0000] {dag.py:3239} INFO - Sync 1 DAGs
[2024-12-24T18:58:24.822+0000] {logging_mixin.py:190} INFO - [2024-12-24T18:58:24.821+0000] {dag.py:4180} INFO - Setting next_dagrun for tutorial to 2024-12-23 00:00:00+00:00, run_after=2024-12-24 00:00:00+00:00
[2024-12-24T18:58:24.847+0000] {processor.py:208} INFO - Processing /home/airflow/.local/lib/python3.12/site-packages/airflow/example_dags/tutorial.py took 0.097 seconds
[2024-12-24T18:58:56.823+0000] {processor.py:186} INFO - Started process (PID=1133) to work on /home/airflow/.local/lib/python3.12/site-packages/airflow/example_dags/tutorial.py
[2024-12-24T18:58:56.825+0000] {processor.py:914} INFO - Processing file /home/airflow/.local/lib/python3.12/site-packages/airflow/example_dags/tutorial.py for tasks to queue
[2024-12-24T18:58:56.831+0000] {logging_mixin.py:190} INFO - [2024-12-24T18:58:56.830+0000] {dagbag.py:588} INFO - Filling up the DagBag from /home/airflow/.local/lib/python3.12/site-packages/airflow/example_dags/tutorial.py
[2024-12-24T18:58:56.849+0000] {processor.py:925} INFO - DAG(s) 'tutorial' retrieved from /home/airflow/.local/lib/python3.12/site-packages/airflow/example_dags/tutorial.py
[2024-12-24T18:58:56.877+0000] {logging_mixin.py:190} INFO - [2024-12-24T18:58:56.877+0000] {dag.py:3239} INFO - Sync 1 DAGs
[2024-12-24T18:58:56.912+0000] {logging_mixin.py:190} INFO - [2024-12-24T18:58:56.911+0000] {dag.py:4180} INFO - Setting next_dagrun for tutorial to 2024-12-23 00:00:00+00:00, run_after=2024-12-24 00:00:00+00:00
[2024-12-24T18:58:56.939+0000] {processor.py:208} INFO - Processing /home/airflow/.local/lib/python3.12/site-packages/airflow/example_dags/tutorial.py took 0.125 seconds
[2024-12-24T18:59:27.377+0000] {processor.py:186} INFO - Started process (PID=1195) to work on /home/airflow/.local/lib/python3.12/site-packages/airflow/example_dags/tutorial.py
[2024-12-24T18:59:27.378+0000] {processor.py:914} INFO - Processing file /home/airflow/.local/lib/python3.12/site-packages/airflow/example_dags/tutorial.py for tasks to queue
[2024-12-24T18:59:27.380+0000] {logging_mixin.py:190} INFO - [2024-12-24T18:59:27.380+0000] {dagbag.py:588} INFO - Filling up the DagBag from /home/airflow/.local/lib/python3.12/site-packages/airflow/example_dags/tutorial.py
[2024-12-24T18:59:27.389+0000] {processor.py:925} INFO - DAG(s) 'tutorial' retrieved from /home/airflow/.local/lib/python3.12/site-packages/airflow/example_dags/tutorial.py
[2024-12-24T18:59:27.412+0000] {logging_mixin.py:190} INFO - [2024-12-24T18:59:27.412+0000] {dag.py:3239} INFO - Sync 1 DAGs
[2024-12-24T18:59:27.437+0000] {logging_mixin.py:190} INFO - [2024-12-24T18:59:27.437+0000] {dag.py:4180} INFO - Setting next_dagrun for tutorial to 2024-12-23 00:00:00+00:00, run_after=2024-12-24 00:00:00+00:00
[2024-12-24T18:59:27.465+0000] {processor.py:208} INFO - Processing /home/airflow/.local/lib/python3.12/site-packages/airflow/example_dags/tutorial.py took 0.094 seconds
[2024-12-24T18:59:57.694+0000] {processor.py:186} INFO - Started process (PID=1258) to work on /home/airflow/.local/lib/python3.12/site-packages/airflow/example_dags/tutorial.py
[2024-12-24T18:59:57.696+0000] {processor.py:914} INFO - Processing file /home/airflow/.local/lib/python3.12/site-packages/airflow/example_dags/tutorial.py for tasks to queue
[2024-12-24T18:59:57.698+0000] {logging_mixin.py:190} INFO - [2024-12-24T18:59:57.698+0000] {dagbag.py:588} INFO - Filling up the DagBag from /home/airflow/.local/lib/python3.12/site-packages/airflow/example_dags/tutorial.py
[2024-12-24T18:59:57.706+0000] {processor.py:925} INFO - DAG(s) 'tutorial' retrieved from /home/airflow/.local/lib/python3.12/site-packages/airflow/example_dags/tutorial.py
[2024-12-24T18:59:57.731+0000] {logging_mixin.py:190} INFO - [2024-12-24T18:59:57.730+0000] {dag.py:3239} INFO - Sync 1 DAGs
[2024-12-24T18:59:57.756+0000] {logging_mixin.py:190} INFO - [2024-12-24T18:59:57.756+0000] {dag.py:4180} INFO - Setting next_dagrun for tutorial to 2024-12-23 00:00:00+00:00, run_after=2024-12-24 00:00:00+00:00
[2024-12-24T18:59:57.781+0000] {processor.py:208} INFO - Processing /home/airflow/.local/lib/python3.12/site-packages/airflow/example_dags/tutorial.py took 0.092 seconds
[2024-12-24T19:00:28.225+0000] {processor.py:186} INFO - Started process (PID=1320) to work on /home/airflow/.local/lib/python3.12/site-packages/airflow/example_dags/tutorial.py
[2024-12-24T19:00:28.227+0000] {processor.py:914} INFO - Processing file /home/airflow/.local/lib/python3.12/site-packages/airflow/example_dags/tutorial.py for tasks to queue
[2024-12-24T19:00:28.230+0000] {logging_mixin.py:190} INFO - [2024-12-24T19:00:28.229+0000] {dagbag.py:588} INFO - Filling up the DagBag from /home/airflow/.local/lib/python3.12/site-packages/airflow/example_dags/tutorial.py
[2024-12-24T19:00:28.238+0000] {processor.py:925} INFO - DAG(s) 'tutorial' retrieved from /home/airflow/.local/lib/python3.12/site-packages/airflow/example_dags/tutorial.py
[2024-12-24T19:00:28.261+0000] {logging_mixin.py:190} INFO - [2024-12-24T19:00:28.261+0000] {dag.py:3239} INFO - Sync 1 DAGs
[2024-12-24T19:00:28.286+0000] {logging_mixin.py:190} INFO - [2024-12-24T19:00:28.286+0000] {dag.py:4180} INFO - Setting next_dagrun for tutorial to 2024-12-23 00:00:00+00:00, run_after=2024-12-24 00:00:00+00:00
[2024-12-24T19:00:28.311+0000] {processor.py:208} INFO - Processing /home/airflow/.local/lib/python3.12/site-packages/airflow/example_dags/tutorial.py took 0.092 seconds
[2024-12-24T19:00:58.859+0000] {processor.py:186} INFO - Started process (PID=1383) to work on /home/airflow/.local/lib/python3.12/site-packages/airflow/example_dags/tutorial.py
[2024-12-24T19:00:58.860+0000] {processor.py:914} INFO - Processing file /home/airflow/.local/lib/python3.12/site-packages/airflow/example_dags/tutorial.py for tasks to queue
[2024-12-24T19:00:58.863+0000] {logging_mixin.py:190} INFO - [2024-12-24T19:00:58.863+0000] {dagbag.py:588} INFO - Filling up the DagBag from /home/airflow/.local/lib/python3.12/site-packages/airflow/example_dags/tutorial.py
[2024-12-24T19:00:58.872+0000] {processor.py:925} INFO - DAG(s) 'tutorial' retrieved from /home/airflow/.local/lib/python3.12/site-packages/airflow/example_dags/tutorial.py
[2024-12-24T19:00:58.896+0000] {logging_mixin.py:190} INFO - [2024-12-24T19:00:58.895+0000] {dag.py:3239} INFO - Sync 1 DAGs
[2024-12-24T19:00:58.921+0000] {logging_mixin.py:190} INFO - [2024-12-24T19:00:58.921+0000] {dag.py:4180} INFO - Setting next_dagrun for tutorial to 2024-12-23 00:00:00+00:00, run_after=2024-12-24 00:00:00+00:00
[2024-12-24T19:00:58.954+0000] {processor.py:208} INFO - Processing /home/airflow/.local/lib/python3.12/site-packages/airflow/example_dags/tutorial.py took 0.101 seconds
[2024-12-24T19:01:29.556+0000] {processor.py:186} INFO - Started process (PID=1445) to work on /home/airflow/.local/lib/python3.12/site-packages/airflow/example_dags/tutorial.py
[2024-12-24T19:01:29.557+0000] {processor.py:914} INFO - Processing file /home/airflow/.local/lib/python3.12/site-packages/airflow/example_dags/tutorial.py for tasks to queue
[2024-12-24T19:01:29.561+0000] {logging_mixin.py:190} INFO - [2024-12-24T19:01:29.561+0000] {dagbag.py:588} INFO - Filling up the DagBag from /home/airflow/.local/lib/python3.12/site-packages/airflow/example_dags/tutorial.py
[2024-12-24T19:01:29.570+0000] {processor.py:925} INFO - DAG(s) 'tutorial' retrieved from /home/airflow/.local/lib/python3.12/site-packages/airflow/example_dags/tutorial.py
[2024-12-24T19:01:29.596+0000] {logging_mixin.py:190} INFO - [2024-12-24T19:01:29.595+0000] {dag.py:3239} INFO - Sync 1 DAGs
[2024-12-24T19:01:29.620+0000] {logging_mixin.py:190} INFO - [2024-12-24T19:01:29.620+0000] {dag.py:4180} INFO - Setting next_dagrun for tutorial to 2024-12-23 00:00:00+00:00, run_after=2024-12-24 00:00:00+00:00
[2024-12-24T19:01:29.645+0000] {processor.py:208} INFO - Processing /home/airflow/.local/lib/python3.12/site-packages/airflow/example_dags/tutorial.py took 0.095 seconds
[2024-12-24T19:02:00.414+0000] {processor.py:186} INFO - Started process (PID=1514) to work on /home/airflow/.local/lib/python3.12/site-packages/airflow/example_dags/tutorial.py
[2024-12-24T19:02:00.416+0000] {processor.py:914} INFO - Processing file /home/airflow/.local/lib/python3.12/site-packages/airflow/example_dags/tutorial.py for tasks to queue
[2024-12-24T19:02:00.420+0000] {logging_mixin.py:190} INFO - [2024-12-24T19:02:00.419+0000] {dagbag.py:588} INFO - Filling up the DagBag from /home/airflow/.local/lib/python3.12/site-packages/airflow/example_dags/tutorial.py
[2024-12-24T19:02:00.428+0000] {processor.py:925} INFO - DAG(s) 'tutorial' retrieved from /home/airflow/.local/lib/python3.12/site-packages/airflow/example_dags/tutorial.py
[2024-12-24T19:02:00.470+0000] {logging_mixin.py:190} INFO - [2024-12-24T19:02:00.469+0000] {dag.py:3239} INFO - Sync 1 DAGs
[2024-12-24T19:02:00.510+0000] {logging_mixin.py:190} INFO - [2024-12-24T19:02:00.509+0000] {dag.py:4180} INFO - Setting next_dagrun for tutorial to 2024-12-23 00:00:00+00:00, run_after=2024-12-24 00:00:00+00:00
[2024-12-24T19:02:00.544+0000] {processor.py:208} INFO - Processing /home/airflow/.local/lib/python3.12/site-packages/airflow/example_dags/tutorial.py took 0.137 seconds
[2024-12-24T19:02:30.988+0000] {processor.py:186} INFO - Started process (PID=1576) to work on /home/airflow/.local/lib/python3.12/site-packages/airflow/example_dags/tutorial.py
[2024-12-24T19:02:30.990+0000] {processor.py:914} INFO - Processing file /home/airflow/.local/lib/python3.12/site-packages/airflow/example_dags/tutorial.py for tasks to queue
[2024-12-24T19:02:30.993+0000] {logging_mixin.py:190} INFO - [2024-12-24T19:02:30.993+0000] {dagbag.py:588} INFO - Filling up the DagBag from /home/airflow/.local/lib/python3.12/site-packages/airflow/example_dags/tutorial.py
[2024-12-24T19:02:31.002+0000] {processor.py:925} INFO - DAG(s) 'tutorial' retrieved from /home/airflow/.local/lib/python3.12/site-packages/airflow/example_dags/tutorial.py
[2024-12-24T19:02:31.027+0000] {logging_mixin.py:190} INFO - [2024-12-24T19:02:31.026+0000] {dag.py:3239} INFO - Sync 1 DAGs
[2024-12-24T19:02:31.057+0000] {logging_mixin.py:190} INFO - [2024-12-24T19:02:31.057+0000] {dag.py:4180} INFO - Setting next_dagrun for tutorial to 2024-12-23 00:00:00+00:00, run_after=2024-12-24 00:00:00+00:00
[2024-12-24T19:02:31.084+0000] {processor.py:208} INFO - Processing /home/airflow/.local/lib/python3.12/site-packages/airflow/example_dags/tutorial.py took 0.102 seconds
[2024-12-24T19:03:03.110+0000] {processor.py:186} INFO - Started process (PID=1639) to work on /home/airflow/.local/lib/python3.12/site-packages/airflow/example_dags/tutorial.py
[2024-12-24T19:03:03.112+0000] {processor.py:914} INFO - Processing file /home/airflow/.local/lib/python3.12/site-packages/airflow/example_dags/tutorial.py for tasks to queue
[2024-12-24T19:03:03.116+0000] {logging_mixin.py:190} INFO - [2024-12-24T19:03:03.115+0000] {dagbag.py:588} INFO - Filling up the DagBag from /home/airflow/.local/lib/python3.12/site-packages/airflow/example_dags/tutorial.py
[2024-12-24T19:03:03.129+0000] {processor.py:925} INFO - DAG(s) 'tutorial' retrieved from /home/airflow/.local/lib/python3.12/site-packages/airflow/example_dags/tutorial.py
[2024-12-24T19:03:03.160+0000] {logging_mixin.py:190} INFO - [2024-12-24T19:03:03.159+0000] {dag.py:3239} INFO - Sync 1 DAGs
[2024-12-24T19:03:03.192+0000] {logging_mixin.py:190} INFO - [2024-12-24T19:03:03.191+0000] {dag.py:4180} INFO - Setting next_dagrun for tutorial to 2024-12-23 00:00:00+00:00, run_after=2024-12-24 00:00:00+00:00
[2024-12-24T19:03:03.230+0000] {processor.py:208} INFO - Processing /home/airflow/.local/lib/python3.12/site-packages/airflow/example_dags/tutorial.py took 0.128 seconds
[2024-12-24T19:03:33.659+0000] {processor.py:186} INFO - Started process (PID=1702) to work on /home/airflow/.local/lib/python3.12/site-packages/airflow/example_dags/tutorial.py
[2024-12-24T19:03:33.660+0000] {processor.py:914} INFO - Processing file /home/airflow/.local/lib/python3.12/site-packages/airflow/example_dags/tutorial.py for tasks to queue
[2024-12-24T19:03:33.663+0000] {logging_mixin.py:190} INFO - [2024-12-24T19:03:33.663+0000] {dagbag.py:588} INFO - Filling up the DagBag from /home/airflow/.local/lib/python3.12/site-packages/airflow/example_dags/tutorial.py
[2024-12-24T19:03:33.672+0000] {processor.py:925} INFO - DAG(s) 'tutorial' retrieved from /home/airflow/.local/lib/python3.12/site-packages/airflow/example_dags/tutorial.py
[2024-12-24T19:03:33.697+0000] {logging_mixin.py:190} INFO - [2024-12-24T19:03:33.696+0000] {dag.py:3239} INFO - Sync 1 DAGs
[2024-12-24T19:03:33.723+0000] {logging_mixin.py:190} INFO - [2024-12-24T19:03:33.722+0000] {dag.py:4180} INFO - Setting next_dagrun for tutorial to 2024-12-23 00:00:00+00:00, run_after=2024-12-24 00:00:00+00:00
[2024-12-24T19:03:33.749+0000] {processor.py:208} INFO - Processing /home/airflow/.local/lib/python3.12/site-packages/airflow/example_dags/tutorial.py took 0.096 seconds
[2024-12-24T19:04:04.495+0000] {processor.py:186} INFO - Started process (PID=1765) to work on /home/airflow/.local/lib/python3.12/site-packages/airflow/example_dags/tutorial.py
[2024-12-24T19:04:04.497+0000] {processor.py:914} INFO - Processing file /home/airflow/.local/lib/python3.12/site-packages/airflow/example_dags/tutorial.py for tasks to queue
[2024-12-24T19:04:04.500+0000] {logging_mixin.py:190} INFO - [2024-12-24T19:04:04.500+0000] {dagbag.py:588} INFO - Filling up the DagBag from /home/airflow/.local/lib/python3.12/site-packages/airflow/example_dags/tutorial.py
[2024-12-24T19:04:04.509+0000] {processor.py:925} INFO - DAG(s) 'tutorial' retrieved from /home/airflow/.local/lib/python3.12/site-packages/airflow/example_dags/tutorial.py
[2024-12-24T19:04:04.532+0000] {logging_mixin.py:190} INFO - [2024-12-24T19:04:04.531+0000] {dag.py:3239} INFO - Sync 1 DAGs
[2024-12-24T19:04:04.558+0000] {logging_mixin.py:190} INFO - [2024-12-24T19:04:04.558+0000] {dag.py:4180} INFO - Setting next_dagrun for tutorial to 2024-12-23 00:00:00+00:00, run_after=2024-12-24 00:00:00+00:00
[2024-12-24T19:04:04.585+0000] {processor.py:208} INFO - Processing /home/airflow/.local/lib/python3.12/site-packages/airflow/example_dags/tutorial.py took 0.096 seconds
[2024-12-24T19:04:35.044+0000] {processor.py:186} INFO - Started process (PID=1828) to work on /home/airflow/.local/lib/python3.12/site-packages/airflow/example_dags/tutorial.py
[2024-12-24T19:04:35.046+0000] {processor.py:914} INFO - Processing file /home/airflow/.local/lib/python3.12/site-packages/airflow/example_dags/tutorial.py for tasks to queue
[2024-12-24T19:04:35.048+0000] {logging_mixin.py:190} INFO - [2024-12-24T19:04:35.048+0000] {dagbag.py:588} INFO - Filling up the DagBag from /home/airflow/.local/lib/python3.12/site-packages/airflow/example_dags/tutorial.py
[2024-12-24T19:04:35.058+0000] {processor.py:925} INFO - DAG(s) 'tutorial' retrieved from /home/airflow/.local/lib/python3.12/site-packages/airflow/example_dags/tutorial.py
[2024-12-24T19:04:35.082+0000] {logging_mixin.py:190} INFO - [2024-12-24T19:04:35.082+0000] {dag.py:3239} INFO - Sync 1 DAGs
[2024-12-24T19:04:35.110+0000] {logging_mixin.py:190} INFO - [2024-12-24T19:04:35.110+0000] {dag.py:4180} INFO - Setting next_dagrun for tutorial to 2024-12-23 00:00:00+00:00, run_after=2024-12-24 00:00:00+00:00
[2024-12-24T19:04:35.136+0000] {processor.py:208} INFO - Processing /home/airflow/.local/lib/python3.12/site-packages/airflow/example_dags/tutorial.py took 0.098 seconds
[2024-12-24T19:05:05.219+0000] {processor.py:186} INFO - Started process (PID=1890) to work on /home/airflow/.local/lib/python3.12/site-packages/airflow/example_dags/tutorial.py
[2024-12-24T19:05:05.220+0000] {processor.py:914} INFO - Processing file /home/airflow/.local/lib/python3.12/site-packages/airflow/example_dags/tutorial.py for tasks to queue
[2024-12-24T19:05:05.223+0000] {logging_mixin.py:190} INFO - [2024-12-24T19:05:05.223+0000] {dagbag.py:588} INFO - Filling up the DagBag from /home/airflow/.local/lib/python3.12/site-packages/airflow/example_dags/tutorial.py
[2024-12-24T19:05:05.232+0000] {processor.py:925} INFO - DAG(s) 'tutorial' retrieved from /home/airflow/.local/lib/python3.12/site-packages/airflow/example_dags/tutorial.py
[2024-12-24T19:05:05.257+0000] {logging_mixin.py:190} INFO - [2024-12-24T19:05:05.256+0000] {dag.py:3239} INFO - Sync 1 DAGs
[2024-12-24T19:05:05.283+0000] {logging_mixin.py:190} INFO - [2024-12-24T19:05:05.282+0000] {dag.py:4180} INFO - Setting next_dagrun for tutorial to 2024-12-23 00:00:00+00:00, run_after=2024-12-24 00:00:00+00:00
[2024-12-24T19:05:05.310+0000] {processor.py:208} INFO - Processing /home/airflow/.local/lib/python3.12/site-packages/airflow/example_dags/tutorial.py took 0.097 seconds
[2024-12-24T19:05:35.823+0000] {processor.py:186} INFO - Started process (PID=1953) to work on /home/airflow/.local/lib/python3.12/site-packages/airflow/example_dags/tutorial.py
[2024-12-24T19:05:35.825+0000] {processor.py:914} INFO - Processing file /home/airflow/.local/lib/python3.12/site-packages/airflow/example_dags/tutorial.py for tasks to queue
[2024-12-24T19:05:35.828+0000] {logging_mixin.py:190} INFO - [2024-12-24T19:05:35.828+0000] {dagbag.py:588} INFO - Filling up the DagBag from /home/airflow/.local/lib/python3.12/site-packages/airflow/example_dags/tutorial.py
[2024-12-24T19:05:35.838+0000] {processor.py:925} INFO - DAG(s) 'tutorial' retrieved from /home/airflow/.local/lib/python3.12/site-packages/airflow/example_dags/tutorial.py
[2024-12-24T19:05:35.862+0000] {logging_mixin.py:190} INFO - [2024-12-24T19:05:35.861+0000] {dag.py:3239} INFO - Sync 1 DAGs
[2024-12-24T19:05:35.888+0000] {logging_mixin.py:190} INFO - [2024-12-24T19:05:35.887+0000] {dag.py:4180} INFO - Setting next_dagrun for tutorial to 2024-12-23 00:00:00+00:00, run_after=2024-12-24 00:00:00+00:00
[2024-12-24T19:05:35.915+0000] {processor.py:208} INFO - Processing /home/airflow/.local/lib/python3.12/site-packages/airflow/example_dags/tutorial.py took 0.099 seconds
[2024-12-24T19:06:06.062+0000] {processor.py:186} INFO - Started process (PID=2016) to work on /home/airflow/.local/lib/python3.12/site-packages/airflow/example_dags/tutorial.py
[2024-12-24T19:06:06.064+0000] {processor.py:914} INFO - Processing file /home/airflow/.local/lib/python3.12/site-packages/airflow/example_dags/tutorial.py for tasks to queue
[2024-12-24T19:06:06.067+0000] {logging_mixin.py:190} INFO - [2024-12-24T19:06:06.066+0000] {dagbag.py:588} INFO - Filling up the DagBag from /home/airflow/.local/lib/python3.12/site-packages/airflow/example_dags/tutorial.py
[2024-12-24T19:06:06.077+0000] {processor.py:925} INFO - DAG(s) 'tutorial' retrieved from /home/airflow/.local/lib/python3.12/site-packages/airflow/example_dags/tutorial.py
[2024-12-24T19:06:06.102+0000] {logging_mixin.py:190} INFO - [2024-12-24T19:06:06.102+0000] {dag.py:3239} INFO - Sync 1 DAGs
[2024-12-24T19:06:06.129+0000] {logging_mixin.py:190} INFO - [2024-12-24T19:06:06.129+0000] {dag.py:4180} INFO - Setting next_dagrun for tutorial to 2024-12-23 00:00:00+00:00, run_after=2024-12-24 00:00:00+00:00
[2024-12-24T19:06:06.154+0000] {processor.py:208} INFO - Processing /home/airflow/.local/lib/python3.12/site-packages/airflow/example_dags/tutorial.py took 0.098 seconds
[2024-12-24T19:06:36.469+0000] {processor.py:186} INFO - Started process (PID=2079) to work on /home/airflow/.local/lib/python3.12/site-packages/airflow/example_dags/tutorial.py
[2024-12-24T19:06:36.471+0000] {processor.py:914} INFO - Processing file /home/airflow/.local/lib/python3.12/site-packages/airflow/example_dags/tutorial.py for tasks to queue
[2024-12-24T19:06:36.475+0000] {logging_mixin.py:190} INFO - [2024-12-24T19:06:36.474+0000] {dagbag.py:588} INFO - Filling up the DagBag from /home/airflow/.local/lib/python3.12/site-packages/airflow/example_dags/tutorial.py
[2024-12-24T19:06:36.486+0000] {processor.py:925} INFO - DAG(s) 'tutorial' retrieved from /home/airflow/.local/lib/python3.12/site-packages/airflow/example_dags/tutorial.py
[2024-12-24T19:06:36.511+0000] {logging_mixin.py:190} INFO - [2024-12-24T19:06:36.511+0000] {dag.py:3239} INFO - Sync 1 DAGs
[2024-12-24T19:06:36.538+0000] {logging_mixin.py:190} INFO - [2024-12-24T19:06:36.538+0000] {dag.py:4180} INFO - Setting next_dagrun for tutorial to 2024-12-23 00:00:00+00:00, run_after=2024-12-24 00:00:00+00:00
[2024-12-24T19:06:36.564+0000] {processor.py:208} INFO - Processing /home/airflow/.local/lib/python3.12/site-packages/airflow/example_dags/tutorial.py took 0.102 seconds
[2024-12-24T19:07:07.140+0000] {processor.py:186} INFO - Started process (PID=2142) to work on /home/airflow/.local/lib/python3.12/site-packages/airflow/example_dags/tutorial.py
[2024-12-24T19:07:07.142+0000] {processor.py:914} INFO - Processing file /home/airflow/.local/lib/python3.12/site-packages/airflow/example_dags/tutorial.py for tasks to queue
[2024-12-24T19:07:07.145+0000] {logging_mixin.py:190} INFO - [2024-12-24T19:07:07.144+0000] {dagbag.py:588} INFO - Filling up the DagBag from /home/airflow/.local/lib/python3.12/site-packages/airflow/example_dags/tutorial.py
[2024-12-24T19:07:07.154+0000] {processor.py:925} INFO - DAG(s) 'tutorial' retrieved from /home/airflow/.local/lib/python3.12/site-packages/airflow/example_dags/tutorial.py
[2024-12-24T19:07:07.178+0000] {logging_mixin.py:190} INFO - [2024-12-24T19:07:07.177+0000] {dag.py:3239} INFO - Sync 1 DAGs
[2024-12-24T19:07:07.205+0000] {logging_mixin.py:190} INFO - [2024-12-24T19:07:07.205+0000] {dag.py:4180} INFO - Setting next_dagrun for tutorial to 2024-12-23 00:00:00+00:00, run_after=2024-12-24 00:00:00+00:00
[2024-12-24T19:07:07.231+0000] {processor.py:208} INFO - Processing /home/airflow/.local/lib/python3.12/site-packages/airflow/example_dags/tutorial.py took 0.097 seconds
[2024-12-24T19:07:38.130+0000] {processor.py:186} INFO - Started process (PID=2205) to work on /home/airflow/.local/lib/python3.12/site-packages/airflow/example_dags/tutorial.py
[2024-12-24T19:07:38.132+0000] {processor.py:914} INFO - Processing file /home/airflow/.local/lib/python3.12/site-packages/airflow/example_dags/tutorial.py for tasks to queue
[2024-12-24T19:07:38.135+0000] {logging_mixin.py:190} INFO - [2024-12-24T19:07:38.134+0000] {dagbag.py:588} INFO - Filling up the DagBag from /home/airflow/.local/lib/python3.12/site-packages/airflow/example_dags/tutorial.py
[2024-12-24T19:07:38.144+0000] {processor.py:925} INFO - DAG(s) 'tutorial' retrieved from /home/airflow/.local/lib/python3.12/site-packages/airflow/example_dags/tutorial.py
[2024-12-24T19:07:38.168+0000] {logging_mixin.py:190} INFO - [2024-12-24T19:07:38.168+0000] {dag.py:3239} INFO - Sync 1 DAGs
[2024-12-24T19:07:38.194+0000] {logging_mixin.py:190} INFO - [2024-12-24T19:07:38.193+0000] {dag.py:4180} INFO - Setting next_dagrun for tutorial to 2024-12-23 00:00:00+00:00, run_after=2024-12-24 00:00:00+00:00
[2024-12-24T19:07:38.221+0000] {processor.py:208} INFO - Processing /home/airflow/.local/lib/python3.12/site-packages/airflow/example_dags/tutorial.py took 0.097 seconds
[2024-12-24T19:08:08.803+0000] {processor.py:186} INFO - Started process (PID=2268) to work on /home/airflow/.local/lib/python3.12/site-packages/airflow/example_dags/tutorial.py
[2024-12-24T19:08:08.805+0000] {processor.py:914} INFO - Processing file /home/airflow/.local/lib/python3.12/site-packages/airflow/example_dags/tutorial.py for tasks to queue
[2024-12-24T19:08:08.807+0000] {logging_mixin.py:190} INFO - [2024-12-24T19:08:08.807+0000] {dagbag.py:588} INFO - Filling up the DagBag from /home/airflow/.local/lib/python3.12/site-packages/airflow/example_dags/tutorial.py
[2024-12-24T19:08:08.816+0000] {processor.py:925} INFO - DAG(s) 'tutorial' retrieved from /home/airflow/.local/lib/python3.12/site-packages/airflow/example_dags/tutorial.py
[2024-12-24T19:08:08.841+0000] {logging_mixin.py:190} INFO - [2024-12-24T19:08:08.840+0000] {dag.py:3239} INFO - Sync 1 DAGs
[2024-12-24T19:08:08.867+0000] {logging_mixin.py:190} INFO - [2024-12-24T19:08:08.866+0000] {dag.py:4180} INFO - Setting next_dagrun for tutorial to 2024-12-23 00:00:00+00:00, run_after=2024-12-24 00:00:00+00:00
[2024-12-24T19:08:08.890+0000] {processor.py:208} INFO - Processing /home/airflow/.local/lib/python3.12/site-packages/airflow/example_dags/tutorial.py took 0.093 seconds
[2024-12-24T19:08:39.412+0000] {processor.py:186} INFO - Started process (PID=2331) to work on /home/airflow/.local/lib/python3.12/site-packages/airflow/example_dags/tutorial.py
[2024-12-24T19:08:39.414+0000] {processor.py:914} INFO - Processing file /home/airflow/.local/lib/python3.12/site-packages/airflow/example_dags/tutorial.py for tasks to queue
[2024-12-24T19:08:39.416+0000] {logging_mixin.py:190} INFO - [2024-12-24T19:08:39.416+0000] {dagbag.py:588} INFO - Filling up the DagBag from /home/airflow/.local/lib/python3.12/site-packages/airflow/example_dags/tutorial.py
[2024-12-24T19:08:39.425+0000] {processor.py:925} INFO - DAG(s) 'tutorial' retrieved from /home/airflow/.local/lib/python3.12/site-packages/airflow/example_dags/tutorial.py
[2024-12-24T19:08:39.458+0000] {logging_mixin.py:190} INFO - [2024-12-24T19:08:39.458+0000] {dag.py:3239} INFO - Sync 1 DAGs
[2024-12-24T19:08:39.489+0000] {logging_mixin.py:190} INFO - [2024-12-24T19:08:39.489+0000] {dag.py:4180} INFO - Setting next_dagrun for tutorial to 2024-12-23 00:00:00+00:00, run_after=2024-12-24 00:00:00+00:00
[2024-12-24T19:08:39.518+0000] {processor.py:208} INFO - Processing /home/airflow/.local/lib/python3.12/site-packages/airflow/example_dags/tutorial.py took 0.111 seconds
