[2024-12-23T08:27:16.494+0000] {processor.py:186} INFO - Started process (PID=79) to work on /home/airflow/.local/lib/python3.12/site-packages/airflow/example_dags/example_nested_branch_dag.py
[2024-12-23T08:27:16.500+0000] {processor.py:914} INFO - Processing file /home/airflow/.local/lib/python3.12/site-packages/airflow/example_dags/example_nested_branch_dag.py for tasks to queue
[2024-12-23T08:27:16.509+0000] {logging_mixin.py:190} INFO - [2024-12-23T08:27:16.508+0000] {dagbag.py:588} INFO - Filling up the DagBag from /home/airflow/.local/lib/python3.12/site-packages/airflow/example_dags/example_nested_branch_dag.py
[2024-12-23T08:27:16.607+0000] {processor.py:925} INFO - DAG(s) 'example_nested_branch_dag' retrieved from /home/airflow/.local/lib/python3.12/site-packages/airflow/example_dags/example_nested_branch_dag.py
[2024-12-23T08:27:17.192+0000] {logging_mixin.py:190} INFO - [2024-12-23T08:27:17.189+0000] {override.py:1911} INFO - Created Permission View: can read on DAG:example_nested_branch_dag
[2024-12-23T08:27:17.218+0000] {logging_mixin.py:190} INFO - [2024-12-23T08:27:17.217+0000] {override.py:1911} INFO - Created Permission View: can edit on DAG:example_nested_branch_dag
[2024-12-23T08:27:17.238+0000] {logging_mixin.py:190} INFO - [2024-12-23T08:27:17.237+0000] {override.py:1911} INFO - Created Permission View: can delete on DAG:example_nested_branch_dag
[2024-12-23T08:27:17.263+0000] {logging_mixin.py:190} INFO - [2024-12-23T08:27:17.262+0000] {override.py:1911} INFO - Created Permission View: can read on DAG Run:example_nested_branch_dag
[2024-12-23T08:27:17.284+0000] {logging_mixin.py:190} INFO - [2024-12-23T08:27:17.283+0000] {override.py:1911} INFO - Created Permission View: can delete on DAG Run:example_nested_branch_dag
[2024-12-23T08:27:17.302+0000] {logging_mixin.py:190} INFO - [2024-12-23T08:27:17.301+0000] {override.py:1911} INFO - Created Permission View: menu access on DAG Run:example_nested_branch_dag
[2024-12-23T08:27:17.321+0000] {logging_mixin.py:190} INFO - [2024-12-23T08:27:17.321+0000] {override.py:1911} INFO - Created Permission View: can create on DAG Run:example_nested_branch_dag
[2024-12-23T08:27:17.323+0000] {logging_mixin.py:190} INFO - [2024-12-23T08:27:17.322+0000] {dag.py:3239} INFO - Sync 1 DAGs
[2024-12-23T08:27:17.348+0000] {logging_mixin.py:190} INFO - [2024-12-23T08:27:17.348+0000] {dag.py:3262} INFO - Creating ORM DAG for example_nested_branch_dag
[2024-12-23T08:27:17.396+0000] {logging_mixin.py:190} INFO - [2024-12-23T08:27:17.396+0000] {dag.py:4180} INFO - Setting next_dagrun for example_nested_branch_dag to 2024-12-22 00:00:00+00:00, run_after=2024-12-23 00:00:00+00:00
[2024-12-23T08:27:17.445+0000] {processor.py:208} INFO - Processing /home/airflow/.local/lib/python3.12/site-packages/airflow/example_dags/example_nested_branch_dag.py took 0.991 seconds
[2024-12-23T08:27:48.027+0000] {processor.py:186} INFO - Started process (PID=142) to work on /home/airflow/.local/lib/python3.12/site-packages/airflow/example_dags/example_nested_branch_dag.py
[2024-12-23T08:27:48.028+0000] {processor.py:914} INFO - Processing file /home/airflow/.local/lib/python3.12/site-packages/airflow/example_dags/example_nested_branch_dag.py for tasks to queue
[2024-12-23T08:27:48.031+0000] {logging_mixin.py:190} INFO - [2024-12-23T08:27:48.031+0000] {dagbag.py:588} INFO - Filling up the DagBag from /home/airflow/.local/lib/python3.12/site-packages/airflow/example_dags/example_nested_branch_dag.py
[2024-12-23T08:27:48.044+0000] {processor.py:925} INFO - DAG(s) 'example_nested_branch_dag' retrieved from /home/airflow/.local/lib/python3.12/site-packages/airflow/example_dags/example_nested_branch_dag.py
[2024-12-23T08:27:48.073+0000] {logging_mixin.py:190} INFO - [2024-12-23T08:27:48.073+0000] {dag.py:3239} INFO - Sync 1 DAGs
[2024-12-23T08:27:48.099+0000] {logging_mixin.py:190} INFO - [2024-12-23T08:27:48.099+0000] {dag.py:4180} INFO - Setting next_dagrun for example_nested_branch_dag to 2024-12-22 00:00:00+00:00, run_after=2024-12-23 00:00:00+00:00
[2024-12-23T08:27:48.124+0000] {processor.py:208} INFO - Processing /home/airflow/.local/lib/python3.12/site-packages/airflow/example_dags/example_nested_branch_dag.py took 0.103 seconds
[2024-12-23T08:28:18.710+0000] {processor.py:186} INFO - Started process (PID=205) to work on /home/airflow/.local/lib/python3.12/site-packages/airflow/example_dags/example_nested_branch_dag.py
[2024-12-23T08:28:18.712+0000] {processor.py:914} INFO - Processing file /home/airflow/.local/lib/python3.12/site-packages/airflow/example_dags/example_nested_branch_dag.py for tasks to queue
[2024-12-23T08:28:18.715+0000] {logging_mixin.py:190} INFO - [2024-12-23T08:28:18.714+0000] {dagbag.py:588} INFO - Filling up the DagBag from /home/airflow/.local/lib/python3.12/site-packages/airflow/example_dags/example_nested_branch_dag.py
[2024-12-23T08:28:18.727+0000] {processor.py:925} INFO - DAG(s) 'example_nested_branch_dag' retrieved from /home/airflow/.local/lib/python3.12/site-packages/airflow/example_dags/example_nested_branch_dag.py
[2024-12-23T08:28:18.753+0000] {logging_mixin.py:190} INFO - [2024-12-23T08:28:18.753+0000] {dag.py:3239} INFO - Sync 1 DAGs
[2024-12-23T08:28:18.785+0000] {logging_mixin.py:190} INFO - [2024-12-23T08:28:18.785+0000] {dag.py:4180} INFO - Setting next_dagrun for example_nested_branch_dag to 2024-12-22 00:00:00+00:00, run_after=2024-12-23 00:00:00+00:00
[2024-12-23T08:28:18.814+0000] {processor.py:208} INFO - Processing /home/airflow/.local/lib/python3.12/site-packages/airflow/example_dags/example_nested_branch_dag.py took 0.110 seconds
[2024-12-23T08:28:49.516+0000] {processor.py:186} INFO - Started process (PID=268) to work on /home/airflow/.local/lib/python3.12/site-packages/airflow/example_dags/example_nested_branch_dag.py
[2024-12-23T08:28:49.520+0000] {processor.py:914} INFO - Processing file /home/airflow/.local/lib/python3.12/site-packages/airflow/example_dags/example_nested_branch_dag.py for tasks to queue
[2024-12-23T08:28:49.526+0000] {logging_mixin.py:190} INFO - [2024-12-23T08:28:49.525+0000] {dagbag.py:588} INFO - Filling up the DagBag from /home/airflow/.local/lib/python3.12/site-packages/airflow/example_dags/example_nested_branch_dag.py
[2024-12-23T08:28:49.559+0000] {processor.py:925} INFO - DAG(s) 'example_nested_branch_dag' retrieved from /home/airflow/.local/lib/python3.12/site-packages/airflow/example_dags/example_nested_branch_dag.py
[2024-12-23T08:28:49.600+0000] {logging_mixin.py:190} INFO - [2024-12-23T08:28:49.599+0000] {dag.py:3239} INFO - Sync 1 DAGs
[2024-12-23T08:28:49.643+0000] {logging_mixin.py:190} INFO - [2024-12-23T08:28:49.643+0000] {dag.py:4180} INFO - Setting next_dagrun for example_nested_branch_dag to 2024-12-22 00:00:00+00:00, run_after=2024-12-23 00:00:00+00:00
[2024-12-23T08:28:49.699+0000] {processor.py:208} INFO - Processing /home/airflow/.local/lib/python3.12/site-packages/airflow/example_dags/example_nested_branch_dag.py took 0.191 seconds
[2024-12-23T08:29:20.879+0000] {processor.py:186} INFO - Started process (PID=321) to work on /home/airflow/.local/lib/python3.12/site-packages/airflow/example_dags/example_nested_branch_dag.py
[2024-12-23T08:29:20.882+0000] {processor.py:914} INFO - Processing file /home/airflow/.local/lib/python3.12/site-packages/airflow/example_dags/example_nested_branch_dag.py for tasks to queue
[2024-12-23T08:29:20.889+0000] {logging_mixin.py:190} INFO - [2024-12-23T08:29:20.888+0000] {dagbag.py:588} INFO - Filling up the DagBag from /home/airflow/.local/lib/python3.12/site-packages/airflow/example_dags/example_nested_branch_dag.py
[2024-12-23T08:29:20.914+0000] {processor.py:925} INFO - DAG(s) 'example_nested_branch_dag' retrieved from /home/airflow/.local/lib/python3.12/site-packages/airflow/example_dags/example_nested_branch_dag.py
[2024-12-23T08:29:20.957+0000] {logging_mixin.py:190} INFO - [2024-12-23T08:29:20.956+0000] {dag.py:3239} INFO - Sync 1 DAGs
[2024-12-23T08:29:21.036+0000] {logging_mixin.py:190} INFO - [2024-12-23T08:29:21.035+0000] {dag.py:4180} INFO - Setting next_dagrun for example_nested_branch_dag to 2024-12-22 00:00:00+00:00, run_after=2024-12-23 00:00:00+00:00
[2024-12-23T08:29:21.082+0000] {processor.py:208} INFO - Processing /home/airflow/.local/lib/python3.12/site-packages/airflow/example_dags/example_nested_branch_dag.py took 0.216 seconds
[2024-12-23T08:29:53.160+0000] {processor.py:186} INFO - Started process (PID=381) to work on /home/airflow/.local/lib/python3.12/site-packages/airflow/example_dags/example_nested_branch_dag.py
[2024-12-23T08:29:53.163+0000] {processor.py:914} INFO - Processing file /home/airflow/.local/lib/python3.12/site-packages/airflow/example_dags/example_nested_branch_dag.py for tasks to queue
[2024-12-23T08:29:53.166+0000] {logging_mixin.py:190} INFO - [2024-12-23T08:29:53.166+0000] {dagbag.py:588} INFO - Filling up the DagBag from /home/airflow/.local/lib/python3.12/site-packages/airflow/example_dags/example_nested_branch_dag.py
[2024-12-23T08:29:53.189+0000] {processor.py:925} INFO - DAG(s) 'example_nested_branch_dag' retrieved from /home/airflow/.local/lib/python3.12/site-packages/airflow/example_dags/example_nested_branch_dag.py
[2024-12-23T08:29:53.225+0000] {logging_mixin.py:190} INFO - [2024-12-23T08:29:53.224+0000] {dag.py:3239} INFO - Sync 1 DAGs
[2024-12-23T08:29:53.266+0000] {logging_mixin.py:190} INFO - [2024-12-23T08:29:53.265+0000] {dag.py:4180} INFO - Setting next_dagrun for example_nested_branch_dag to 2024-12-22 00:00:00+00:00, run_after=2024-12-23 00:00:00+00:00
[2024-12-23T08:29:53.306+0000] {processor.py:208} INFO - Processing /home/airflow/.local/lib/python3.12/site-packages/airflow/example_dags/example_nested_branch_dag.py took 0.154 seconds
[2024-12-23T08:30:25.047+0000] {processor.py:186} INFO - Started process (PID=450) to work on /home/airflow/.local/lib/python3.12/site-packages/airflow/example_dags/example_nested_branch_dag.py
[2024-12-23T08:30:25.048+0000] {processor.py:914} INFO - Processing file /home/airflow/.local/lib/python3.12/site-packages/airflow/example_dags/example_nested_branch_dag.py for tasks to queue
[2024-12-23T08:30:25.053+0000] {logging_mixin.py:190} INFO - [2024-12-23T08:30:25.052+0000] {dagbag.py:588} INFO - Filling up the DagBag from /home/airflow/.local/lib/python3.12/site-packages/airflow/example_dags/example_nested_branch_dag.py
[2024-12-23T08:30:25.073+0000] {processor.py:925} INFO - DAG(s) 'example_nested_branch_dag' retrieved from /home/airflow/.local/lib/python3.12/site-packages/airflow/example_dags/example_nested_branch_dag.py
[2024-12-23T08:30:25.112+0000] {logging_mixin.py:190} INFO - [2024-12-23T08:30:25.112+0000] {dag.py:3239} INFO - Sync 1 DAGs
[2024-12-23T08:30:25.147+0000] {logging_mixin.py:190} INFO - [2024-12-23T08:30:25.147+0000] {dag.py:4180} INFO - Setting next_dagrun for example_nested_branch_dag to 2024-12-22 00:00:00+00:00, run_after=2024-12-23 00:00:00+00:00
[2024-12-23T08:30:25.187+0000] {processor.py:208} INFO - Processing /home/airflow/.local/lib/python3.12/site-packages/airflow/example_dags/example_nested_branch_dag.py took 0.148 seconds
[2024-12-23T08:30:56.490+0000] {processor.py:186} INFO - Started process (PID=513) to work on /home/airflow/.local/lib/python3.12/site-packages/airflow/example_dags/example_nested_branch_dag.py
[2024-12-23T08:30:56.492+0000] {processor.py:914} INFO - Processing file /home/airflow/.local/lib/python3.12/site-packages/airflow/example_dags/example_nested_branch_dag.py for tasks to queue
[2024-12-23T08:30:56.497+0000] {logging_mixin.py:190} INFO - [2024-12-23T08:30:56.496+0000] {dagbag.py:588} INFO - Filling up the DagBag from /home/airflow/.local/lib/python3.12/site-packages/airflow/example_dags/example_nested_branch_dag.py
[2024-12-23T08:30:56.519+0000] {processor.py:925} INFO - DAG(s) 'example_nested_branch_dag' retrieved from /home/airflow/.local/lib/python3.12/site-packages/airflow/example_dags/example_nested_branch_dag.py
[2024-12-23T08:30:56.555+0000] {logging_mixin.py:190} INFO - [2024-12-23T08:30:56.554+0000] {dag.py:3239} INFO - Sync 1 DAGs
[2024-12-23T08:30:56.598+0000] {logging_mixin.py:190} INFO - [2024-12-23T08:30:56.597+0000] {dag.py:4180} INFO - Setting next_dagrun for example_nested_branch_dag to 2024-12-22 00:00:00+00:00, run_after=2024-12-23 00:00:00+00:00
[2024-12-23T08:30:56.647+0000] {processor.py:208} INFO - Processing /home/airflow/.local/lib/python3.12/site-packages/airflow/example_dags/example_nested_branch_dag.py took 0.169 seconds
