[2024-12-23T08:27:33.293+0000] {processor.py:186} INFO - Started process (PID=113) to work on /home/airflow/.local/lib/python3.12/site-packages/airflow/example_dags/example_latest_only.py
[2024-12-23T08:27:33.294+0000] {processor.py:914} INFO - Processing file /home/airflow/.local/lib/python3.12/site-packages/airflow/example_dags/example_latest_only.py for tasks to queue
[2024-12-23T08:27:33.298+0000] {logging_mixin.py:190} INFO - [2024-12-23T08:27:33.297+0000] {dagbag.py:588} INFO - Filling up the DagBag from /home/airflow/.local/lib/python3.12/site-packages/airflow/example_dags/example_latest_only.py
[2024-12-23T08:27:33.307+0000] {processor.py:925} INFO - DAG(s) 'latest_only' retrieved from /home/airflow/.local/lib/python3.12/site-packages/airflow/example_dags/example_latest_only.py
[2024-12-23T08:27:33.452+0000] {logging_mixin.py:190} INFO - [2024-12-23T08:27:33.451+0000] {override.py:1911} INFO - Created Permission View: can read on DAG:latest_only
[2024-12-23T08:27:33.471+0000] {logging_mixin.py:190} INFO - [2024-12-23T08:27:33.470+0000] {override.py:1911} INFO - Created Permission View: can edit on DAG:latest_only
[2024-12-23T08:27:33.490+0000] {logging_mixin.py:190} INFO - [2024-12-23T08:27:33.489+0000] {override.py:1911} INFO - Created Permission View: can delete on DAG:latest_only
[2024-12-23T08:27:33.512+0000] {logging_mixin.py:190} INFO - [2024-12-23T08:27:33.512+0000] {override.py:1911} INFO - Created Permission View: can read on DAG Run:latest_only
[2024-12-23T08:27:33.537+0000] {logging_mixin.py:190} INFO - [2024-12-23T08:27:33.536+0000] {override.py:1911} INFO - Created Permission View: can delete on DAG Run:latest_only
[2024-12-23T08:27:33.560+0000] {logging_mixin.py:190} INFO - [2024-12-23T08:27:33.559+0000] {override.py:1911} INFO - Created Permission View: menu access on DAG Run:latest_only
[2024-12-23T08:27:33.574+0000] {logging_mixin.py:190} INFO - [2024-12-23T08:27:33.573+0000] {override.py:1911} INFO - Created Permission View: can create on DAG Run:latest_only
[2024-12-23T08:27:33.576+0000] {logging_mixin.py:190} INFO - [2024-12-23T08:27:33.575+0000] {dag.py:3239} INFO - Sync 1 DAGs
[2024-12-23T08:27:33.594+0000] {logging_mixin.py:190} INFO - [2024-12-23T08:27:33.593+0000] {dag.py:3262} INFO - Creating ORM DAG for latest_only
[2024-12-23T08:27:33.611+0000] {logging_mixin.py:190} INFO - [2024-12-23T08:27:33.610+0000] {dag.py:4180} INFO - Setting next_dagrun for latest_only to 2024-12-23 04:00:00+00:00, run_after=2024-12-23 08:00:00+00:00
[2024-12-23T08:27:33.680+0000] {processor.py:208} INFO - Processing /home/airflow/.local/lib/python3.12/site-packages/airflow/example_dags/example_latest_only.py took 0.395 seconds
[2024-12-23T08:28:04.376+0000] {processor.py:186} INFO - Started process (PID=175) to work on /home/airflow/.local/lib/python3.12/site-packages/airflow/example_dags/example_latest_only.py
[2024-12-23T08:28:04.378+0000] {processor.py:914} INFO - Processing file /home/airflow/.local/lib/python3.12/site-packages/airflow/example_dags/example_latest_only.py for tasks to queue
[2024-12-23T08:28:04.382+0000] {logging_mixin.py:190} INFO - [2024-12-23T08:28:04.381+0000] {dagbag.py:588} INFO - Filling up the DagBag from /home/airflow/.local/lib/python3.12/site-packages/airflow/example_dags/example_latest_only.py
[2024-12-23T08:28:04.394+0000] {processor.py:925} INFO - DAG(s) 'latest_only' retrieved from /home/airflow/.local/lib/python3.12/site-packages/airflow/example_dags/example_latest_only.py
[2024-12-23T08:28:04.426+0000] {logging_mixin.py:190} INFO - [2024-12-23T08:28:04.424+0000] {dag.py:3239} INFO - Sync 1 DAGs
[2024-12-23T08:28:04.461+0000] {logging_mixin.py:190} INFO - [2024-12-23T08:28:04.461+0000] {dag.py:4180} INFO - Setting next_dagrun for latest_only to 2024-12-23 04:00:00+00:00, run_after=2024-12-23 08:00:00+00:00
[2024-12-23T08:28:04.496+0000] {processor.py:208} INFO - Processing /home/airflow/.local/lib/python3.12/site-packages/airflow/example_dags/example_latest_only.py took 0.128 seconds
[2024-12-23T08:28:35.160+0000] {processor.py:186} INFO - Started process (PID=238) to work on /home/airflow/.local/lib/python3.12/site-packages/airflow/example_dags/example_latest_only.py
[2024-12-23T08:28:35.163+0000] {processor.py:914} INFO - Processing file /home/airflow/.local/lib/python3.12/site-packages/airflow/example_dags/example_latest_only.py for tasks to queue
[2024-12-23T08:28:35.167+0000] {logging_mixin.py:190} INFO - [2024-12-23T08:28:35.167+0000] {dagbag.py:588} INFO - Filling up the DagBag from /home/airflow/.local/lib/python3.12/site-packages/airflow/example_dags/example_latest_only.py
[2024-12-23T08:28:35.177+0000] {processor.py:925} INFO - DAG(s) 'latest_only' retrieved from /home/airflow/.local/lib/python3.12/site-packages/airflow/example_dags/example_latest_only.py
[2024-12-23T08:28:35.211+0000] {logging_mixin.py:190} INFO - [2024-12-23T08:28:35.210+0000] {dag.py:3239} INFO - Sync 1 DAGs
[2024-12-23T08:28:35.260+0000] {logging_mixin.py:190} INFO - [2024-12-23T08:28:35.260+0000] {dag.py:4180} INFO - Setting next_dagrun for latest_only to 2024-12-23 04:00:00+00:00, run_after=2024-12-23 08:00:00+00:00
[2024-12-23T08:28:35.310+0000] {processor.py:208} INFO - Processing /home/airflow/.local/lib/python3.12/site-packages/airflow/example_dags/example_latest_only.py took 0.158 seconds
[2024-12-23T08:29:05.482+0000] {processor.py:186} INFO - Started process (PID=301) to work on /home/airflow/.local/lib/python3.12/site-packages/airflow/example_dags/example_latest_only.py
[2024-12-23T08:29:05.483+0000] {processor.py:914} INFO - Processing file /home/airflow/.local/lib/python3.12/site-packages/airflow/example_dags/example_latest_only.py for tasks to queue
[2024-12-23T08:29:05.486+0000] {logging_mixin.py:190} INFO - [2024-12-23T08:29:05.486+0000] {dagbag.py:588} INFO - Filling up the DagBag from /home/airflow/.local/lib/python3.12/site-packages/airflow/example_dags/example_latest_only.py
[2024-12-23T08:29:05.496+0000] {processor.py:925} INFO - DAG(s) 'latest_only' retrieved from /home/airflow/.local/lib/python3.12/site-packages/airflow/example_dags/example_latest_only.py
[2024-12-23T08:29:05.520+0000] {logging_mixin.py:190} INFO - [2024-12-23T08:29:05.520+0000] {dag.py:3239} INFO - Sync 1 DAGs
[2024-12-23T08:29:05.547+0000] {logging_mixin.py:190} INFO - [2024-12-23T08:29:05.547+0000] {dag.py:4180} INFO - Setting next_dagrun for latest_only to 2024-12-23 04:00:00+00:00, run_after=2024-12-23 08:00:00+00:00
[2024-12-23T08:29:05.569+0000] {processor.py:208} INFO - Processing /home/airflow/.local/lib/python3.12/site-packages/airflow/example_dags/example_latest_only.py took 0.094 seconds
[2024-12-23T08:29:37.036+0000] {processor.py:186} INFO - Started process (PID=364) to work on /home/airflow/.local/lib/python3.12/site-packages/airflow/example_dags/example_latest_only.py
[2024-12-23T08:29:37.038+0000] {processor.py:914} INFO - Processing file /home/airflow/.local/lib/python3.12/site-packages/airflow/example_dags/example_latest_only.py for tasks to queue
[2024-12-23T08:29:37.041+0000] {logging_mixin.py:190} INFO - [2024-12-23T08:29:37.041+0000] {dagbag.py:588} INFO - Filling up the DagBag from /home/airflow/.local/lib/python3.12/site-packages/airflow/example_dags/example_latest_only.py
[2024-12-23T08:29:37.050+0000] {processor.py:925} INFO - DAG(s) 'latest_only' retrieved from /home/airflow/.local/lib/python3.12/site-packages/airflow/example_dags/example_latest_only.py
[2024-12-23T08:29:37.077+0000] {logging_mixin.py:190} INFO - [2024-12-23T08:29:37.077+0000] {dag.py:3239} INFO - Sync 1 DAGs
[2024-12-23T08:29:37.104+0000] {logging_mixin.py:190} INFO - [2024-12-23T08:29:37.104+0000] {dag.py:4180} INFO - Setting next_dagrun for latest_only to 2024-12-23 04:00:00+00:00, run_after=2024-12-23 08:00:00+00:00
[2024-12-23T08:29:37.134+0000] {processor.py:208} INFO - Processing /home/airflow/.local/lib/python3.12/site-packages/airflow/example_dags/example_latest_only.py took 0.104 seconds
[2024-12-23T08:30:09.423+0000] {processor.py:186} INFO - Started process (PID=427) to work on /home/airflow/.local/lib/python3.12/site-packages/airflow/example_dags/example_latest_only.py
[2024-12-23T08:30:09.425+0000] {processor.py:914} INFO - Processing file /home/airflow/.local/lib/python3.12/site-packages/airflow/example_dags/example_latest_only.py for tasks to queue
[2024-12-23T08:30:09.428+0000] {logging_mixin.py:190} INFO - [2024-12-23T08:30:09.428+0000] {dagbag.py:588} INFO - Filling up the DagBag from /home/airflow/.local/lib/python3.12/site-packages/airflow/example_dags/example_latest_only.py
[2024-12-23T08:30:09.440+0000] {processor.py:925} INFO - DAG(s) 'latest_only' retrieved from /home/airflow/.local/lib/python3.12/site-packages/airflow/example_dags/example_latest_only.py
[2024-12-23T08:30:09.474+0000] {logging_mixin.py:190} INFO - [2024-12-23T08:30:09.474+0000] {dag.py:3239} INFO - Sync 1 DAGs
[2024-12-23T08:30:09.509+0000] {logging_mixin.py:190} INFO - [2024-12-23T08:30:09.508+0000] {dag.py:4180} INFO - Setting next_dagrun for latest_only to 2024-12-23 04:00:00+00:00, run_after=2024-12-23 08:00:00+00:00
[2024-12-23T08:30:09.553+0000] {processor.py:208} INFO - Processing /home/airflow/.local/lib/python3.12/site-packages/airflow/example_dags/example_latest_only.py took 0.140 seconds
[2024-12-23T08:30:46.131+0000] {processor.py:186} INFO - Started process (PID=490) to work on /home/airflow/.local/lib/python3.12/site-packages/airflow/example_dags/example_latest_only.py
[2024-12-23T08:30:46.133+0000] {processor.py:914} INFO - Processing file /home/airflow/.local/lib/python3.12/site-packages/airflow/example_dags/example_latest_only.py for tasks to queue
[2024-12-23T08:30:46.138+0000] {logging_mixin.py:190} INFO - [2024-12-23T08:30:46.137+0000] {dagbag.py:588} INFO - Filling up the DagBag from /home/airflow/.local/lib/python3.12/site-packages/airflow/example_dags/example_latest_only.py
[2024-12-23T08:30:46.156+0000] {processor.py:925} INFO - DAG(s) 'latest_only' retrieved from /home/airflow/.local/lib/python3.12/site-packages/airflow/example_dags/example_latest_only.py
[2024-12-23T08:30:46.207+0000] {logging_mixin.py:190} INFO - [2024-12-23T08:30:46.206+0000] {dag.py:3239} INFO - Sync 1 DAGs
[2024-12-23T08:30:46.275+0000] {logging_mixin.py:190} INFO - [2024-12-23T08:30:46.274+0000] {dag.py:4180} INFO - Setting next_dagrun for latest_only to 2024-12-23 04:00:00+00:00, run_after=2024-12-23 08:00:00+00:00
[2024-12-23T08:30:46.334+0000] {processor.py:208} INFO - Processing /home/airflow/.local/lib/python3.12/site-packages/airflow/example_dags/example_latest_only.py took 0.215 seconds
