[2024-12-23T08:27:24.063+0000] {processor.py:186} INFO - Started process (PID=100) to work on /home/airflow/.local/lib/python3.12/site-packages/airflow/example_dags/example_outlet_event_extra.py
[2024-12-23T08:27:24.065+0000] {processor.py:914} INFO - Processing file /home/airflow/.local/lib/python3.12/site-packages/airflow/example_dags/example_outlet_event_extra.py for tasks to queue
[2024-12-23T08:27:24.069+0000] {logging_mixin.py:190} INFO - [2024-12-23T08:27:24.068+0000] {dagbag.py:588} INFO - Filling up the DagBag from /home/airflow/.local/lib/python3.12/site-packages/airflow/example_dags/example_outlet_event_extra.py
[2024-12-23T08:27:28.554+0000] {processor.py:925} INFO - DAG(s) 'dataset_with_extra_by_context', 'dataset_with_extra_by_yield', 'dataset_with_extra_from_classic_operator' retrieved from /home/airflow/.local/lib/python3.12/site-packages/airflow/example_dags/example_outlet_event_extra.py
[2024-12-23T08:27:28.876+0000] {logging_mixin.py:190} INFO - [2024-12-23T08:27:28.874+0000] {override.py:1911} INFO - Created Permission View: can read on DAG:dataset_with_extra_by_context
[2024-12-23T08:27:28.892+0000] {logging_mixin.py:190} INFO - [2024-12-23T08:27:28.892+0000] {override.py:1911} INFO - Created Permission View: can edit on DAG:dataset_with_extra_by_context
[2024-12-23T08:27:28.905+0000] {logging_mixin.py:190} INFO - [2024-12-23T08:27:28.904+0000] {override.py:1911} INFO - Created Permission View: can delete on DAG:dataset_with_extra_by_context
[2024-12-23T08:27:28.923+0000] {logging_mixin.py:190} INFO - [2024-12-23T08:27:28.923+0000] {override.py:1911} INFO - Created Permission View: can read on DAG Run:dataset_with_extra_by_context
[2024-12-23T08:27:28.938+0000] {logging_mixin.py:190} INFO - [2024-12-23T08:27:28.937+0000] {override.py:1911} INFO - Created Permission View: can delete on DAG Run:dataset_with_extra_by_context
[2024-12-23T08:27:28.952+0000] {logging_mixin.py:190} INFO - [2024-12-23T08:27:28.952+0000] {override.py:1911} INFO - Created Permission View: menu access on DAG Run:dataset_with_extra_by_context
[2024-12-23T08:27:29.021+0000] {logging_mixin.py:190} INFO - [2024-12-23T08:27:29.020+0000] {override.py:1911} INFO - Created Permission View: can create on DAG Run:dataset_with_extra_by_context
[2024-12-23T08:27:29.114+0000] {logging_mixin.py:190} INFO - [2024-12-23T08:27:29.113+0000] {override.py:1911} INFO - Created Permission View: can read on DAG:dataset_with_extra_by_yield
[2024-12-23T08:27:29.127+0000] {logging_mixin.py:190} INFO - [2024-12-23T08:27:29.127+0000] {override.py:1911} INFO - Created Permission View: can edit on DAG:dataset_with_extra_by_yield
[2024-12-23T08:27:29.141+0000] {logging_mixin.py:190} INFO - [2024-12-23T08:27:29.141+0000] {override.py:1911} INFO - Created Permission View: can delete on DAG:dataset_with_extra_by_yield
[2024-12-23T08:27:29.163+0000] {logging_mixin.py:190} INFO - [2024-12-23T08:27:29.163+0000] {override.py:1911} INFO - Created Permission View: can read on DAG Run:dataset_with_extra_by_yield
[2024-12-23T08:27:29.178+0000] {logging_mixin.py:190} INFO - [2024-12-23T08:27:29.177+0000] {override.py:1911} INFO - Created Permission View: can delete on DAG Run:dataset_with_extra_by_yield
[2024-12-23T08:27:29.191+0000] {logging_mixin.py:190} INFO - [2024-12-23T08:27:29.191+0000] {override.py:1911} INFO - Created Permission View: menu access on DAG Run:dataset_with_extra_by_yield
[2024-12-23T08:27:29.209+0000] {logging_mixin.py:190} INFO - [2024-12-23T08:27:29.209+0000] {override.py:1911} INFO - Created Permission View: can create on DAG Run:dataset_with_extra_by_yield
[2024-12-23T08:27:29.238+0000] {logging_mixin.py:190} INFO - [2024-12-23T08:27:29.237+0000] {override.py:1911} INFO - Created Permission View: can read on DAG:dataset_with_extra_from_classic_operator
[2024-12-23T08:27:29.251+0000] {logging_mixin.py:190} INFO - [2024-12-23T08:27:29.250+0000] {override.py:1911} INFO - Created Permission View: can edit on DAG:dataset_with_extra_from_classic_operator
[2024-12-23T08:27:29.264+0000] {logging_mixin.py:190} INFO - [2024-12-23T08:27:29.263+0000] {override.py:1911} INFO - Created Permission View: can delete on DAG:dataset_with_extra_from_classic_operator
[2024-12-23T08:27:29.280+0000] {logging_mixin.py:190} INFO - [2024-12-23T08:27:29.280+0000] {override.py:1911} INFO - Created Permission View: can read on DAG Run:dataset_with_extra_from_classic_operator
[2024-12-23T08:27:29.295+0000] {logging_mixin.py:190} INFO - [2024-12-23T08:27:29.294+0000] {override.py:1911} INFO - Created Permission View: can delete on DAG Run:dataset_with_extra_from_classic_operator
[2024-12-23T08:27:29.308+0000] {logging_mixin.py:190} INFO - [2024-12-23T08:27:29.307+0000] {override.py:1911} INFO - Created Permission View: menu access on DAG Run:dataset_with_extra_from_classic_operator
[2024-12-23T08:27:29.324+0000] {logging_mixin.py:190} INFO - [2024-12-23T08:27:29.324+0000] {override.py:1911} INFO - Created Permission View: can create on DAG Run:dataset_with_extra_from_classic_operator
[2024-12-23T08:27:29.325+0000] {logging_mixin.py:190} INFO - [2024-12-23T08:27:29.325+0000] {dag.py:3239} INFO - Sync 3 DAGs
[2024-12-23T08:27:29.351+0000] {logging_mixin.py:190} INFO - [2024-12-23T08:27:29.349+0000] {dag.py:3262} INFO - Creating ORM DAG for dataset_with_extra_by_yield
[2024-12-23T08:27:29.352+0000] {logging_mixin.py:190} INFO - [2024-12-23T08:27:29.352+0000] {dag.py:3262} INFO - Creating ORM DAG for dataset_with_extra_by_context
[2024-12-23T08:27:29.354+0000] {logging_mixin.py:190} INFO - [2024-12-23T08:27:29.353+0000] {dag.py:3262} INFO - Creating ORM DAG for dataset_with_extra_from_classic_operator
[2024-12-23T08:27:29.368+0000] {logging_mixin.py:190} INFO - [2024-12-23T08:27:29.368+0000] {dag.py:4180} INFO - Setting next_dagrun for dataset_with_extra_by_context to 2024-12-22 00:00:00+00:00, run_after=2024-12-23 00:00:00+00:00
[2024-12-23T08:27:29.371+0000] {logging_mixin.py:190} INFO - [2024-12-23T08:27:29.371+0000] {dag.py:4180} INFO - Setting next_dagrun for dataset_with_extra_by_yield to 2024-12-22 00:00:00+00:00, run_after=2024-12-23 00:00:00+00:00
[2024-12-23T08:27:29.374+0000] {logging_mixin.py:190} INFO - [2024-12-23T08:27:29.374+0000] {dag.py:4180} INFO - Setting next_dagrun for dataset_with_extra_from_classic_operator to 2024-12-22 00:00:00+00:00, run_after=2024-12-23 00:00:00+00:00
[2024-12-23T08:27:29.429+0000] {processor.py:208} INFO - Processing /home/airflow/.local/lib/python3.12/site-packages/airflow/example_dags/example_outlet_event_extra.py took 5.376 seconds
[2024-12-23T08:27:59.945+0000] {processor.py:186} INFO - Started process (PID=162) to work on /home/airflow/.local/lib/python3.12/site-packages/airflow/example_dags/example_outlet_event_extra.py
[2024-12-23T08:27:59.947+0000] {processor.py:914} INFO - Processing file /home/airflow/.local/lib/python3.12/site-packages/airflow/example_dags/example_outlet_event_extra.py for tasks to queue
[2024-12-23T08:27:59.950+0000] {logging_mixin.py:190} INFO - [2024-12-23T08:27:59.949+0000] {dagbag.py:588} INFO - Filling up the DagBag from /home/airflow/.local/lib/python3.12/site-packages/airflow/example_dags/example_outlet_event_extra.py
[2024-12-23T08:28:00.779+0000] {processor.py:925} INFO - DAG(s) 'dataset_with_extra_from_classic_operator', 'dataset_with_extra_by_context', 'dataset_with_extra_by_yield' retrieved from /home/airflow/.local/lib/python3.12/site-packages/airflow/example_dags/example_outlet_event_extra.py
[2024-12-23T08:28:00.813+0000] {logging_mixin.py:190} INFO - [2024-12-23T08:28:00.813+0000] {dag.py:3239} INFO - Sync 3 DAGs
[2024-12-23T08:28:00.841+0000] {logging_mixin.py:190} INFO - [2024-12-23T08:28:00.841+0000] {dag.py:4180} INFO - Setting next_dagrun for dataset_with_extra_by_context to 2024-12-22 00:00:00+00:00, run_after=2024-12-23 00:00:00+00:00
[2024-12-23T08:28:00.847+0000] {logging_mixin.py:190} INFO - [2024-12-23T08:28:00.847+0000] {dag.py:4180} INFO - Setting next_dagrun for dataset_with_extra_by_yield to 2024-12-22 00:00:00+00:00, run_after=2024-12-23 00:00:00+00:00
[2024-12-23T08:28:00.851+0000] {logging_mixin.py:190} INFO - [2024-12-23T08:28:00.850+0000] {dag.py:4180} INFO - Setting next_dagrun for dataset_with_extra_from_classic_operator to 2024-12-22 00:00:00+00:00, run_after=2024-12-23 00:00:00+00:00
[2024-12-23T08:28:00.879+0000] {processor.py:208} INFO - Processing /home/airflow/.local/lib/python3.12/site-packages/airflow/example_dags/example_outlet_event_extra.py took 0.939 seconds
[2024-12-23T08:28:31.662+0000] {processor.py:186} INFO - Started process (PID=225) to work on /home/airflow/.local/lib/python3.12/site-packages/airflow/example_dags/example_outlet_event_extra.py
[2024-12-23T08:28:31.665+0000] {processor.py:914} INFO - Processing file /home/airflow/.local/lib/python3.12/site-packages/airflow/example_dags/example_outlet_event_extra.py for tasks to queue
[2024-12-23T08:28:31.668+0000] {logging_mixin.py:190} INFO - [2024-12-23T08:28:31.668+0000] {dagbag.py:588} INFO - Filling up the DagBag from /home/airflow/.local/lib/python3.12/site-packages/airflow/example_dags/example_outlet_event_extra.py
[2024-12-23T08:28:32.838+0000] {processor.py:925} INFO - DAG(s) 'dataset_with_extra_by_yield', 'dataset_with_extra_by_context', 'dataset_with_extra_from_classic_operator' retrieved from /home/airflow/.local/lib/python3.12/site-packages/airflow/example_dags/example_outlet_event_extra.py
[2024-12-23T08:28:32.886+0000] {logging_mixin.py:190} INFO - [2024-12-23T08:28:32.886+0000] {dag.py:3239} INFO - Sync 3 DAGs
[2024-12-23T08:28:32.945+0000] {logging_mixin.py:190} INFO - [2024-12-23T08:28:32.944+0000] {dag.py:4180} INFO - Setting next_dagrun for dataset_with_extra_by_context to 2024-12-22 00:00:00+00:00, run_after=2024-12-23 00:00:00+00:00
[2024-12-23T08:28:32.954+0000] {logging_mixin.py:190} INFO - [2024-12-23T08:28:32.954+0000] {dag.py:4180} INFO - Setting next_dagrun for dataset_with_extra_by_yield to 2024-12-22 00:00:00+00:00, run_after=2024-12-23 00:00:00+00:00
[2024-12-23T08:28:32.963+0000] {logging_mixin.py:190} INFO - [2024-12-23T08:28:32.963+0000] {dag.py:4180} INFO - Setting next_dagrun for dataset_with_extra_from_classic_operator to 2024-12-22 00:00:00+00:00, run_after=2024-12-23 00:00:00+00:00
[2024-12-23T08:28:33.010+0000] {processor.py:208} INFO - Processing /home/airflow/.local/lib/python3.12/site-packages/airflow/example_dags/example_outlet_event_extra.py took 1.356 seconds
[2024-12-23T08:29:03.921+0000] {processor.py:186} INFO - Started process (PID=292) to work on /home/airflow/.local/lib/python3.12/site-packages/airflow/example_dags/example_outlet_event_extra.py
[2024-12-23T08:29:03.923+0000] {processor.py:914} INFO - Processing file /home/airflow/.local/lib/python3.12/site-packages/airflow/example_dags/example_outlet_event_extra.py for tasks to queue
[2024-12-23T08:29:03.925+0000] {logging_mixin.py:190} INFO - [2024-12-23T08:29:03.925+0000] {dagbag.py:588} INFO - Filling up the DagBag from /home/airflow/.local/lib/python3.12/site-packages/airflow/example_dags/example_outlet_event_extra.py
[2024-12-23T08:29:04.752+0000] {processor.py:925} INFO - DAG(s) 'dataset_with_extra_by_yield', 'dataset_with_extra_from_classic_operator', 'dataset_with_extra_by_context' retrieved from /home/airflow/.local/lib/python3.12/site-packages/airflow/example_dags/example_outlet_event_extra.py
[2024-12-23T08:29:04.787+0000] {logging_mixin.py:190} INFO - [2024-12-23T08:29:04.787+0000] {dag.py:3239} INFO - Sync 3 DAGs
[2024-12-23T08:29:04.816+0000] {logging_mixin.py:190} INFO - [2024-12-23T08:29:04.816+0000] {dag.py:4180} INFO - Setting next_dagrun for dataset_with_extra_by_context to 2024-12-22 00:00:00+00:00, run_after=2024-12-23 00:00:00+00:00
[2024-12-23T08:29:04.822+0000] {logging_mixin.py:190} INFO - [2024-12-23T08:29:04.822+0000] {dag.py:4180} INFO - Setting next_dagrun for dataset_with_extra_by_yield to 2024-12-22 00:00:00+00:00, run_after=2024-12-23 00:00:00+00:00
[2024-12-23T08:29:04.826+0000] {logging_mixin.py:190} INFO - [2024-12-23T08:29:04.825+0000] {dag.py:4180} INFO - Setting next_dagrun for dataset_with_extra_from_classic_operator to 2024-12-22 00:00:00+00:00, run_after=2024-12-23 00:00:00+00:00
[2024-12-23T08:29:04.861+0000] {processor.py:208} INFO - Processing /home/airflow/.local/lib/python3.12/site-packages/airflow/example_dags/example_outlet_event_extra.py took 0.946 seconds
[2024-12-23T08:29:34.976+0000] {processor.py:186} INFO - Started process (PID=354) to work on /home/airflow/.local/lib/python3.12/site-packages/airflow/example_dags/example_outlet_event_extra.py
[2024-12-23T08:29:34.977+0000] {processor.py:914} INFO - Processing file /home/airflow/.local/lib/python3.12/site-packages/airflow/example_dags/example_outlet_event_extra.py for tasks to queue
[2024-12-23T08:29:34.980+0000] {logging_mixin.py:190} INFO - [2024-12-23T08:29:34.979+0000] {dagbag.py:588} INFO - Filling up the DagBag from /home/airflow/.local/lib/python3.12/site-packages/airflow/example_dags/example_outlet_event_extra.py
[2024-12-23T08:29:36.123+0000] {processor.py:925} INFO - DAG(s) 'dataset_with_extra_by_context', 'dataset_with_extra_from_classic_operator', 'dataset_with_extra_by_yield' retrieved from /home/airflow/.local/lib/python3.12/site-packages/airflow/example_dags/example_outlet_event_extra.py
[2024-12-23T08:29:36.154+0000] {logging_mixin.py:190} INFO - [2024-12-23T08:29:36.154+0000] {dag.py:3239} INFO - Sync 3 DAGs
[2024-12-23T08:29:36.182+0000] {logging_mixin.py:190} INFO - [2024-12-23T08:29:36.182+0000] {dag.py:4180} INFO - Setting next_dagrun for dataset_with_extra_by_context to 2024-12-22 00:00:00+00:00, run_after=2024-12-23 00:00:00+00:00
[2024-12-23T08:29:36.189+0000] {logging_mixin.py:190} INFO - [2024-12-23T08:29:36.188+0000] {dag.py:4180} INFO - Setting next_dagrun for dataset_with_extra_by_yield to 2024-12-22 00:00:00+00:00, run_after=2024-12-23 00:00:00+00:00
[2024-12-23T08:29:36.192+0000] {logging_mixin.py:190} INFO - [2024-12-23T08:29:36.192+0000] {dag.py:4180} INFO - Setting next_dagrun for dataset_with_extra_from_classic_operator to 2024-12-22 00:00:00+00:00, run_after=2024-12-23 00:00:00+00:00
[2024-12-23T08:29:36.229+0000] {processor.py:208} INFO - Processing /home/airflow/.local/lib/python3.12/site-packages/airflow/example_dags/example_outlet_event_extra.py took 1.259 seconds
[2024-12-23T08:30:06.456+0000] {processor.py:186} INFO - Started process (PID=417) to work on /home/airflow/.local/lib/python3.12/site-packages/airflow/example_dags/example_outlet_event_extra.py
[2024-12-23T08:30:06.457+0000] {processor.py:914} INFO - Processing file /home/airflow/.local/lib/python3.12/site-packages/airflow/example_dags/example_outlet_event_extra.py for tasks to queue
[2024-12-23T08:30:06.461+0000] {logging_mixin.py:190} INFO - [2024-12-23T08:30:06.461+0000] {dagbag.py:588} INFO - Filling up the DagBag from /home/airflow/.local/lib/python3.12/site-packages/airflow/example_dags/example_outlet_event_extra.py
[2024-12-23T08:30:08.047+0000] {processor.py:925} INFO - DAG(s) 'dataset_with_extra_by_yield', 'dataset_with_extra_by_context', 'dataset_with_extra_from_classic_operator' retrieved from /home/airflow/.local/lib/python3.12/site-packages/airflow/example_dags/example_outlet_event_extra.py
[2024-12-23T08:30:08.095+0000] {logging_mixin.py:190} INFO - [2024-12-23T08:30:08.095+0000] {dag.py:3239} INFO - Sync 3 DAGs
[2024-12-23T08:30:08.140+0000] {logging_mixin.py:190} INFO - [2024-12-23T08:30:08.140+0000] {dag.py:4180} INFO - Setting next_dagrun for dataset_with_extra_by_context to 2024-12-22 00:00:00+00:00, run_after=2024-12-23 00:00:00+00:00
[2024-12-23T08:30:08.148+0000] {logging_mixin.py:190} INFO - [2024-12-23T08:30:08.148+0000] {dag.py:4180} INFO - Setting next_dagrun for dataset_with_extra_by_yield to 2024-12-22 00:00:00+00:00, run_after=2024-12-23 00:00:00+00:00
[2024-12-23T08:30:08.154+0000] {logging_mixin.py:190} INFO - [2024-12-23T08:30:08.153+0000] {dag.py:4180} INFO - Setting next_dagrun for dataset_with_extra_from_classic_operator to 2024-12-22 00:00:00+00:00, run_after=2024-12-23 00:00:00+00:00
[2024-12-23T08:30:08.196+0000] {processor.py:208} INFO - Processing /home/airflow/.local/lib/python3.12/site-packages/airflow/example_dags/example_outlet_event_extra.py took 1.746 seconds
[2024-12-23T08:30:38.492+0000] {processor.py:186} INFO - Started process (PID=481) to work on /home/airflow/.local/lib/python3.12/site-packages/airflow/example_dags/example_outlet_event_extra.py
[2024-12-23T08:30:38.495+0000] {processor.py:914} INFO - Processing file /home/airflow/.local/lib/python3.12/site-packages/airflow/example_dags/example_outlet_event_extra.py for tasks to queue
[2024-12-23T08:30:38.501+0000] {logging_mixin.py:190} INFO - [2024-12-23T08:30:38.500+0000] {dagbag.py:588} INFO - Filling up the DagBag from /home/airflow/.local/lib/python3.12/site-packages/airflow/example_dags/example_outlet_event_extra.py
[2024-12-23T08:30:40.398+0000] {processor.py:925} INFO - DAG(s) 'dataset_with_extra_by_context', 'dataset_with_extra_by_yield', 'dataset_with_extra_from_classic_operator' retrieved from /home/airflow/.local/lib/python3.12/site-packages/airflow/example_dags/example_outlet_event_extra.py
[2024-12-23T08:30:44.782+0000] {logging_mixin.py:190} INFO - [2024-12-23T08:30:44.780+0000] {dag.py:3239} INFO - Sync 3 DAGs
[2024-12-23T08:30:44.856+0000] {logging_mixin.py:190} INFO - [2024-12-23T08:30:44.856+0000] {dag.py:4180} INFO - Setting next_dagrun for dataset_with_extra_by_context to 2024-12-22 00:00:00+00:00, run_after=2024-12-23 00:00:00+00:00
[2024-12-23T08:30:44.879+0000] {logging_mixin.py:190} INFO - [2024-12-23T08:30:44.877+0000] {dag.py:4180} INFO - Setting next_dagrun for dataset_with_extra_by_yield to 2024-12-22 00:00:00+00:00, run_after=2024-12-23 00:00:00+00:00
[2024-12-23T08:30:44.887+0000] {logging_mixin.py:190} INFO - [2024-12-23T08:30:44.886+0000] {dag.py:4180} INFO - Setting next_dagrun for dataset_with_extra_from_classic_operator to 2024-12-22 00:00:00+00:00, run_after=2024-12-23 00:00:00+00:00
[2024-12-23T08:30:44.951+0000] {processor.py:208} INFO - Processing /home/airflow/.local/lib/python3.12/site-packages/airflow/example_dags/example_outlet_event_extra.py took 6.472 seconds
[2024-12-23T08:31:15.868+0000] {processor.py:186} INFO - Started process (PID=548) to work on /home/airflow/.local/lib/python3.12/site-packages/airflow/example_dags/example_outlet_event_extra.py
[2024-12-23T08:31:15.870+0000] {processor.py:914} INFO - Processing file /home/airflow/.local/lib/python3.12/site-packages/airflow/example_dags/example_outlet_event_extra.py for tasks to queue
[2024-12-23T08:31:15.876+0000] {logging_mixin.py:190} INFO - [2024-12-23T08:31:15.875+0000] {dagbag.py:588} INFO - Filling up the DagBag from /home/airflow/.local/lib/python3.12/site-packages/airflow/example_dags/example_outlet_event_extra.py
