[2024-12-23T08:27:36.437+0000] {processor.py:186} INFO - Started process (PID=124) to work on /home/airflow/.local/lib/python3.12/site-packages/airflow/example_dags/example_dataset_alias_with_no_taskflow.py
[2024-12-23T08:27:36.438+0000] {processor.py:914} INFO - Processing file /home/airflow/.local/lib/python3.12/site-packages/airflow/example_dags/example_dataset_alias_with_no_taskflow.py for tasks to queue
[2024-12-23T08:27:36.442+0000] {logging_mixin.py:190} INFO - [2024-12-23T08:27:36.441+0000] {dagbag.py:588} INFO - Filling up the DagBag from /home/airflow/.local/lib/python3.12/site-packages/airflow/example_dags/example_dataset_alias_with_no_taskflow.py
[2024-12-23T08:27:39.373+0000] {processor.py:925} INFO - DAG(s) 'dataset_alias_example_alias_consumer_with_no_taskflow', 'dataset_alias_example_alias_producer_with_no_taskflow', 'dataset_s3_bucket_producer_with_no_taskflow', 'dataset_s3_bucket_consumer_with_no_taskflow' retrieved from /home/airflow/.local/lib/python3.12/site-packages/airflow/example_dags/example_dataset_alias_with_no_taskflow.py
[2024-12-23T08:27:39.518+0000] {logging_mixin.py:190} INFO - [2024-12-23T08:27:39.517+0000] {override.py:1911} INFO - Created Permission View: can read on DAG:dataset_alias_example_alias_consumer_with_no_taskflow
[2024-12-23T08:27:39.536+0000] {logging_mixin.py:190} INFO - [2024-12-23T08:27:39.535+0000] {override.py:1911} INFO - Created Permission View: can edit on DAG:dataset_alias_example_alias_consumer_with_no_taskflow
[2024-12-23T08:27:39.552+0000] {logging_mixin.py:190} INFO - [2024-12-23T08:27:39.552+0000] {override.py:1911} INFO - Created Permission View: can delete on DAG:dataset_alias_example_alias_consumer_with_no_taskflow
[2024-12-23T08:27:39.568+0000] {logging_mixin.py:190} INFO - [2024-12-23T08:27:39.568+0000] {override.py:1911} INFO - Created Permission View: can read on DAG Run:dataset_alias_example_alias_consumer_with_no_taskflow
[2024-12-23T08:27:39.581+0000] {logging_mixin.py:190} INFO - [2024-12-23T08:27:39.580+0000] {override.py:1911} INFO - Created Permission View: can delete on DAG Run:dataset_alias_example_alias_consumer_with_no_taskflow
[2024-12-23T08:27:39.593+0000] {logging_mixin.py:190} INFO - [2024-12-23T08:27:39.592+0000] {override.py:1911} INFO - Created Permission View: menu access on DAG Run:dataset_alias_example_alias_consumer_with_no_taskflow
[2024-12-23T08:27:39.607+0000] {logging_mixin.py:190} INFO - [2024-12-23T08:27:39.607+0000] {override.py:1911} INFO - Created Permission View: can create on DAG Run:dataset_alias_example_alias_consumer_with_no_taskflow
[2024-12-23T08:27:39.638+0000] {logging_mixin.py:190} INFO - [2024-12-23T08:27:39.638+0000] {override.py:1911} INFO - Created Permission View: can read on DAG:dataset_alias_example_alias_producer_with_no_taskflow
[2024-12-23T08:27:39.652+0000] {logging_mixin.py:190} INFO - [2024-12-23T08:27:39.652+0000] {override.py:1911} INFO - Created Permission View: can edit on DAG:dataset_alias_example_alias_producer_with_no_taskflow
[2024-12-23T08:27:39.666+0000] {logging_mixin.py:190} INFO - [2024-12-23T08:27:39.665+0000] {override.py:1911} INFO - Created Permission View: can delete on DAG:dataset_alias_example_alias_producer_with_no_taskflow
[2024-12-23T08:27:39.686+0000] {logging_mixin.py:190} INFO - [2024-12-23T08:27:39.685+0000] {override.py:1911} INFO - Created Permission View: can read on DAG Run:dataset_alias_example_alias_producer_with_no_taskflow
[2024-12-23T08:27:39.701+0000] {logging_mixin.py:190} INFO - [2024-12-23T08:27:39.700+0000] {override.py:1911} INFO - Created Permission View: can delete on DAG Run:dataset_alias_example_alias_producer_with_no_taskflow
[2024-12-23T08:27:39.715+0000] {logging_mixin.py:190} INFO - [2024-12-23T08:27:39.715+0000] {override.py:1911} INFO - Created Permission View: menu access on DAG Run:dataset_alias_example_alias_producer_with_no_taskflow
[2024-12-23T08:27:39.731+0000] {logging_mixin.py:190} INFO - [2024-12-23T08:27:39.731+0000] {override.py:1911} INFO - Created Permission View: can create on DAG Run:dataset_alias_example_alias_producer_with_no_taskflow
[2024-12-23T08:27:39.757+0000] {logging_mixin.py:190} INFO - [2024-12-23T08:27:39.756+0000] {override.py:1911} INFO - Created Permission View: can read on DAG:dataset_s3_bucket_producer_with_no_taskflow
[2024-12-23T08:27:39.773+0000] {logging_mixin.py:190} INFO - [2024-12-23T08:27:39.772+0000] {override.py:1911} INFO - Created Permission View: can edit on DAG:dataset_s3_bucket_producer_with_no_taskflow
[2024-12-23T08:27:39.787+0000] {logging_mixin.py:190} INFO - [2024-12-23T08:27:39.786+0000] {override.py:1911} INFO - Created Permission View: can delete on DAG:dataset_s3_bucket_producer_with_no_taskflow
[2024-12-23T08:27:39.806+0000] {logging_mixin.py:190} INFO - [2024-12-23T08:27:39.806+0000] {override.py:1911} INFO - Created Permission View: can read on DAG Run:dataset_s3_bucket_producer_with_no_taskflow
[2024-12-23T08:27:39.822+0000] {logging_mixin.py:190} INFO - [2024-12-23T08:27:39.821+0000] {override.py:1911} INFO - Created Permission View: can delete on DAG Run:dataset_s3_bucket_producer_with_no_taskflow
[2024-12-23T08:27:39.836+0000] {logging_mixin.py:190} INFO - [2024-12-23T08:27:39.836+0000] {override.py:1911} INFO - Created Permission View: menu access on DAG Run:dataset_s3_bucket_producer_with_no_taskflow
[2024-12-23T08:27:39.852+0000] {logging_mixin.py:190} INFO - [2024-12-23T08:27:39.852+0000] {override.py:1911} INFO - Created Permission View: can create on DAG Run:dataset_s3_bucket_producer_with_no_taskflow
[2024-12-23T08:27:39.881+0000] {logging_mixin.py:190} INFO - [2024-12-23T08:27:39.880+0000] {override.py:1911} INFO - Created Permission View: can read on DAG:dataset_s3_bucket_consumer_with_no_taskflow
[2024-12-23T08:27:39.899+0000] {logging_mixin.py:190} INFO - [2024-12-23T08:27:39.899+0000] {override.py:1911} INFO - Created Permission View: can edit on DAG:dataset_s3_bucket_consumer_with_no_taskflow
[2024-12-23T08:27:39.918+0000] {logging_mixin.py:190} INFO - [2024-12-23T08:27:39.918+0000] {override.py:1911} INFO - Created Permission View: can delete on DAG:dataset_s3_bucket_consumer_with_no_taskflow
[2024-12-23T08:27:39.938+0000] {logging_mixin.py:190} INFO - [2024-12-23T08:27:39.937+0000] {override.py:1911} INFO - Created Permission View: can read on DAG Run:dataset_s3_bucket_consumer_with_no_taskflow
[2024-12-23T08:27:39.953+0000] {logging_mixin.py:190} INFO - [2024-12-23T08:27:39.953+0000] {override.py:1911} INFO - Created Permission View: can delete on DAG Run:dataset_s3_bucket_consumer_with_no_taskflow
[2024-12-23T08:27:39.966+0000] {logging_mixin.py:190} INFO - [2024-12-23T08:27:39.966+0000] {override.py:1911} INFO - Created Permission View: menu access on DAG Run:dataset_s3_bucket_consumer_with_no_taskflow
[2024-12-23T08:27:39.980+0000] {logging_mixin.py:190} INFO - [2024-12-23T08:27:39.980+0000] {override.py:1911} INFO - Created Permission View: can create on DAG Run:dataset_s3_bucket_consumer_with_no_taskflow
[2024-12-23T08:27:39.982+0000] {logging_mixin.py:190} INFO - [2024-12-23T08:27:39.981+0000] {dag.py:3239} INFO - Sync 4 DAGs
[2024-12-23T08:27:39.999+0000] {logging_mixin.py:190} INFO - [2024-12-23T08:27:39.998+0000] {dag.py:3262} INFO - Creating ORM DAG for dataset_s3_bucket_consumer_with_no_taskflow
[2024-12-23T08:27:40.000+0000] {logging_mixin.py:190} INFO - [2024-12-23T08:27:40.000+0000] {dag.py:3262} INFO - Creating ORM DAG for dataset_alias_example_alias_producer_with_no_taskflow
[2024-12-23T08:27:40.001+0000] {logging_mixin.py:190} INFO - [2024-12-23T08:27:40.001+0000] {dag.py:3262} INFO - Creating ORM DAG for dataset_s3_bucket_producer_with_no_taskflow
[2024-12-23T08:27:40.001+0000] {logging_mixin.py:190} INFO - [2024-12-23T08:27:40.001+0000] {dag.py:3262} INFO - Creating ORM DAG for dataset_alias_example_alias_consumer_with_no_taskflow
[2024-12-23T08:27:40.015+0000] {logging_mixin.py:190} INFO - [2024-12-23T08:27:40.015+0000] {dag.py:4180} INFO - Setting next_dagrun for dataset_alias_example_alias_consumer_with_no_taskflow to None, run_after=None
[2024-12-23T08:27:40.017+0000] {logging_mixin.py:190} INFO - [2024-12-23T08:27:40.016+0000] {dag.py:4180} INFO - Setting next_dagrun for dataset_alias_example_alias_producer_with_no_taskflow to None, run_after=None
[2024-12-23T08:27:40.018+0000] {logging_mixin.py:190} INFO - [2024-12-23T08:27:40.018+0000] {dag.py:4180} INFO - Setting next_dagrun for dataset_s3_bucket_consumer_with_no_taskflow to None, run_after=None
[2024-12-23T08:27:40.019+0000] {logging_mixin.py:190} INFO - [2024-12-23T08:27:40.018+0000] {dag.py:4180} INFO - Setting next_dagrun for dataset_s3_bucket_producer_with_no_taskflow to None, run_after=None
[2024-12-23T08:27:40.060+0000] {processor.py:208} INFO - Processing /home/airflow/.local/lib/python3.12/site-packages/airflow/example_dags/example_dataset_alias_with_no_taskflow.py took 3.631 seconds
[2024-12-23T08:28:10.152+0000] {processor.py:186} INFO - Started process (PID=187) to work on /home/airflow/.local/lib/python3.12/site-packages/airflow/example_dags/example_dataset_alias_with_no_taskflow.py
[2024-12-23T08:28:10.154+0000] {processor.py:914} INFO - Processing file /home/airflow/.local/lib/python3.12/site-packages/airflow/example_dags/example_dataset_alias_with_no_taskflow.py for tasks to queue
[2024-12-23T08:28:10.158+0000] {logging_mixin.py:190} INFO - [2024-12-23T08:28:10.158+0000] {dagbag.py:588} INFO - Filling up the DagBag from /home/airflow/.local/lib/python3.12/site-packages/airflow/example_dags/example_dataset_alias_with_no_taskflow.py
[2024-12-23T08:28:11.208+0000] {processor.py:925} INFO - DAG(s) 'dataset_s3_bucket_producer_with_no_taskflow', 'dataset_alias_example_alias_consumer_with_no_taskflow', 'dataset_s3_bucket_consumer_with_no_taskflow', 'dataset_alias_example_alias_producer_with_no_taskflow' retrieved from /home/airflow/.local/lib/python3.12/site-packages/airflow/example_dags/example_dataset_alias_with_no_taskflow.py
[2024-12-23T08:28:11.244+0000] {logging_mixin.py:190} INFO - [2024-12-23T08:28:11.243+0000] {dag.py:3239} INFO - Sync 4 DAGs
[2024-12-23T08:28:11.279+0000] {logging_mixin.py:190} INFO - [2024-12-23T08:28:11.278+0000] {dag.py:4180} INFO - Setting next_dagrun for dataset_alias_example_alias_consumer_with_no_taskflow to None, run_after=None
[2024-12-23T08:28:11.283+0000] {logging_mixin.py:190} INFO - [2024-12-23T08:28:11.283+0000] {dag.py:4180} INFO - Setting next_dagrun for dataset_alias_example_alias_producer_with_no_taskflow to None, run_after=None
[2024-12-23T08:28:11.286+0000] {logging_mixin.py:190} INFO - [2024-12-23T08:28:11.286+0000] {dag.py:4180} INFO - Setting next_dagrun for dataset_s3_bucket_consumer_with_no_taskflow to None, run_after=None
[2024-12-23T08:28:11.290+0000] {logging_mixin.py:190} INFO - [2024-12-23T08:28:11.290+0000] {dag.py:4180} INFO - Setting next_dagrun for dataset_s3_bucket_producer_with_no_taskflow to None, run_after=None
[2024-12-23T08:28:11.326+0000] {processor.py:208} INFO - Processing /home/airflow/.local/lib/python3.12/site-packages/airflow/example_dags/example_dataset_alias_with_no_taskflow.py took 1.182 seconds
[2024-12-23T08:28:42.286+0000] {processor.py:186} INFO - Started process (PID=250) to work on /home/airflow/.local/lib/python3.12/site-packages/airflow/example_dags/example_dataset_alias_with_no_taskflow.py
[2024-12-23T08:28:42.289+0000] {processor.py:914} INFO - Processing file /home/airflow/.local/lib/python3.12/site-packages/airflow/example_dags/example_dataset_alias_with_no_taskflow.py for tasks to queue
[2024-12-23T08:28:42.295+0000] {logging_mixin.py:190} INFO - [2024-12-23T08:28:42.294+0000] {dagbag.py:588} INFO - Filling up the DagBag from /home/airflow/.local/lib/python3.12/site-packages/airflow/example_dags/example_dataset_alias_with_no_taskflow.py
[2024-12-23T08:28:43.621+0000] {processor.py:925} INFO - DAG(s) 'dataset_alias_example_alias_consumer_with_no_taskflow', 'dataset_s3_bucket_producer_with_no_taskflow', 'dataset_alias_example_alias_producer_with_no_taskflow', 'dataset_s3_bucket_consumer_with_no_taskflow' retrieved from /home/airflow/.local/lib/python3.12/site-packages/airflow/example_dags/example_dataset_alias_with_no_taskflow.py
[2024-12-23T08:28:43.665+0000] {logging_mixin.py:190} INFO - [2024-12-23T08:28:43.664+0000] {dag.py:3239} INFO - Sync 4 DAGs
[2024-12-23T08:28:43.711+0000] {logging_mixin.py:190} INFO - [2024-12-23T08:28:43.710+0000] {dag.py:4180} INFO - Setting next_dagrun for dataset_alias_example_alias_consumer_with_no_taskflow to None, run_after=None
[2024-12-23T08:28:43.716+0000] {logging_mixin.py:190} INFO - [2024-12-23T08:28:43.715+0000] {dag.py:4180} INFO - Setting next_dagrun for dataset_alias_example_alias_producer_with_no_taskflow to None, run_after=None
[2024-12-23T08:28:43.720+0000] {logging_mixin.py:190} INFO - [2024-12-23T08:28:43.720+0000] {dag.py:4180} INFO - Setting next_dagrun for dataset_s3_bucket_consumer_with_no_taskflow to None, run_after=None
[2024-12-23T08:28:43.722+0000] {logging_mixin.py:190} INFO - [2024-12-23T08:28:43.722+0000] {dag.py:4180} INFO - Setting next_dagrun for dataset_s3_bucket_producer_with_no_taskflow to None, run_after=None
[2024-12-23T08:28:43.765+0000] {processor.py:208} INFO - Processing /home/airflow/.local/lib/python3.12/site-packages/airflow/example_dags/example_dataset_alias_with_no_taskflow.py took 1.490 seconds
[2024-12-23T08:29:14.034+0000] {processor.py:186} INFO - Started process (PID=313) to work on /home/airflow/.local/lib/python3.12/site-packages/airflow/example_dags/example_dataset_alias_with_no_taskflow.py
[2024-12-23T08:29:14.039+0000] {processor.py:914} INFO - Processing file /home/airflow/.local/lib/python3.12/site-packages/airflow/example_dags/example_dataset_alias_with_no_taskflow.py for tasks to queue
[2024-12-23T08:29:14.044+0000] {logging_mixin.py:190} INFO - [2024-12-23T08:29:14.044+0000] {dagbag.py:588} INFO - Filling up the DagBag from /home/airflow/.local/lib/python3.12/site-packages/airflow/example_dags/example_dataset_alias_with_no_taskflow.py
[2024-12-23T08:29:19.055+0000] {processor.py:925} INFO - DAG(s) 'dataset_alias_example_alias_producer_with_no_taskflow', 'dataset_s3_bucket_producer_with_no_taskflow', 'dataset_alias_example_alias_consumer_with_no_taskflow', 'dataset_s3_bucket_consumer_with_no_taskflow' retrieved from /home/airflow/.local/lib/python3.12/site-packages/airflow/example_dags/example_dataset_alias_with_no_taskflow.py
[2024-12-23T08:29:19.100+0000] {logging_mixin.py:190} INFO - [2024-12-23T08:29:19.099+0000] {dag.py:3239} INFO - Sync 4 DAGs
[2024-12-23T08:29:19.133+0000] {logging_mixin.py:190} INFO - [2024-12-23T08:29:19.133+0000] {dag.py:4180} INFO - Setting next_dagrun for dataset_alias_example_alias_consumer_with_no_taskflow to None, run_after=None
[2024-12-23T08:29:19.143+0000] {logging_mixin.py:190} INFO - [2024-12-23T08:29:19.143+0000] {dag.py:4180} INFO - Setting next_dagrun for dataset_alias_example_alias_producer_with_no_taskflow to None, run_after=None
[2024-12-23T08:29:19.146+0000] {logging_mixin.py:190} INFO - [2024-12-23T08:29:19.146+0000] {dag.py:4180} INFO - Setting next_dagrun for dataset_s3_bucket_consumer_with_no_taskflow to None, run_after=None
[2024-12-23T08:29:19.150+0000] {logging_mixin.py:190} INFO - [2024-12-23T08:29:19.149+0000] {dag.py:4180} INFO - Setting next_dagrun for dataset_s3_bucket_producer_with_no_taskflow to None, run_after=None
[2024-12-23T08:29:19.200+0000] {processor.py:208} INFO - Processing /home/airflow/.local/lib/python3.12/site-packages/airflow/example_dags/example_dataset_alias_with_no_taskflow.py took 5.178 seconds
[2024-12-23T08:29:49.415+0000] {processor.py:186} INFO - Started process (PID=376) to work on /home/airflow/.local/lib/python3.12/site-packages/airflow/example_dags/example_dataset_alias_with_no_taskflow.py
[2024-12-23T08:29:49.416+0000] {processor.py:914} INFO - Processing file /home/airflow/.local/lib/python3.12/site-packages/airflow/example_dags/example_dataset_alias_with_no_taskflow.py for tasks to queue
[2024-12-23T08:29:49.420+0000] {logging_mixin.py:190} INFO - [2024-12-23T08:29:49.419+0000] {dagbag.py:588} INFO - Filling up the DagBag from /home/airflow/.local/lib/python3.12/site-packages/airflow/example_dags/example_dataset_alias_with_no_taskflow.py
[2024-12-23T08:29:51.995+0000] {processor.py:925} INFO - DAG(s) 'dataset_s3_bucket_producer_with_no_taskflow', 'dataset_alias_example_alias_consumer_with_no_taskflow', 'dataset_alias_example_alias_producer_with_no_taskflow', 'dataset_s3_bucket_consumer_with_no_taskflow' retrieved from /home/airflow/.local/lib/python3.12/site-packages/airflow/example_dags/example_dataset_alias_with_no_taskflow.py
[2024-12-23T08:29:52.045+0000] {logging_mixin.py:190} INFO - [2024-12-23T08:29:52.043+0000] {dag.py:3239} INFO - Sync 4 DAGs
[2024-12-23T08:29:52.085+0000] {logging_mixin.py:190} INFO - [2024-12-23T08:29:52.085+0000] {dag.py:4180} INFO - Setting next_dagrun for dataset_alias_example_alias_consumer_with_no_taskflow to None, run_after=None
[2024-12-23T08:29:52.091+0000] {logging_mixin.py:190} INFO - [2024-12-23T08:29:52.091+0000] {dag.py:4180} INFO - Setting next_dagrun for dataset_alias_example_alias_producer_with_no_taskflow to None, run_after=None
[2024-12-23T08:29:52.096+0000] {logging_mixin.py:190} INFO - [2024-12-23T08:29:52.096+0000] {dag.py:4180} INFO - Setting next_dagrun for dataset_s3_bucket_consumer_with_no_taskflow to None, run_after=None
[2024-12-23T08:29:52.101+0000] {logging_mixin.py:190} INFO - [2024-12-23T08:29:52.100+0000] {dag.py:4180} INFO - Setting next_dagrun for dataset_s3_bucket_producer_with_no_taskflow to None, run_after=None
[2024-12-23T08:29:52.151+0000] {processor.py:208} INFO - Processing /home/airflow/.local/lib/python3.12/site-packages/airflow/example_dags/example_dataset_alias_with_no_taskflow.py took 2.776 seconds
[2024-12-23T08:30:22.738+0000] {processor.py:186} INFO - Started process (PID=439) to work on /home/airflow/.local/lib/python3.12/site-packages/airflow/example_dags/example_dataset_alias_with_no_taskflow.py
[2024-12-23T08:30:22.740+0000] {processor.py:914} INFO - Processing file /home/airflow/.local/lib/python3.12/site-packages/airflow/example_dags/example_dataset_alias_with_no_taskflow.py for tasks to queue
[2024-12-23T08:30:22.745+0000] {logging_mixin.py:190} INFO - [2024-12-23T08:30:22.744+0000] {dagbag.py:588} INFO - Filling up the DagBag from /home/airflow/.local/lib/python3.12/site-packages/airflow/example_dags/example_dataset_alias_with_no_taskflow.py
[2024-12-23T08:30:24.075+0000] {processor.py:925} INFO - DAG(s) 'dataset_alias_example_alias_consumer_with_no_taskflow', 'dataset_s3_bucket_producer_with_no_taskflow', 'dataset_s3_bucket_consumer_with_no_taskflow', 'dataset_alias_example_alias_producer_with_no_taskflow' retrieved from /home/airflow/.local/lib/python3.12/site-packages/airflow/example_dags/example_dataset_alias_with_no_taskflow.py
[2024-12-23T08:30:24.116+0000] {logging_mixin.py:190} INFO - [2024-12-23T08:30:24.115+0000] {dag.py:3239} INFO - Sync 4 DAGs
[2024-12-23T08:30:24.159+0000] {logging_mixin.py:190} INFO - [2024-12-23T08:30:24.159+0000] {dag.py:4180} INFO - Setting next_dagrun for dataset_alias_example_alias_consumer_with_no_taskflow to None, run_after=None
[2024-12-23T08:30:24.166+0000] {logging_mixin.py:190} INFO - [2024-12-23T08:30:24.165+0000] {dag.py:4180} INFO - Setting next_dagrun for dataset_alias_example_alias_producer_with_no_taskflow to None, run_after=None
[2024-12-23T08:30:24.171+0000] {logging_mixin.py:190} INFO - [2024-12-23T08:30:24.171+0000] {dag.py:4180} INFO - Setting next_dagrun for dataset_s3_bucket_consumer_with_no_taskflow to None, run_after=None
[2024-12-23T08:30:24.175+0000] {logging_mixin.py:190} INFO - [2024-12-23T08:30:24.175+0000] {dag.py:4180} INFO - Setting next_dagrun for dataset_s3_bucket_producer_with_no_taskflow to None, run_after=None
[2024-12-23T08:30:24.217+0000] {processor.py:208} INFO - Processing /home/airflow/.local/lib/python3.12/site-packages/airflow/example_dags/example_dataset_alias_with_no_taskflow.py took 1.486 seconds
[2024-12-23T08:30:54.809+0000] {processor.py:186} INFO - Started process (PID=502) to work on /home/airflow/.local/lib/python3.12/site-packages/airflow/example_dags/example_dataset_alias_with_no_taskflow.py
[2024-12-23T08:30:54.810+0000] {processor.py:914} INFO - Processing file /home/airflow/.local/lib/python3.12/site-packages/airflow/example_dags/example_dataset_alias_with_no_taskflow.py for tasks to queue
[2024-12-23T08:30:54.815+0000] {logging_mixin.py:190} INFO - [2024-12-23T08:30:54.815+0000] {dagbag.py:588} INFO - Filling up the DagBag from /home/airflow/.local/lib/python3.12/site-packages/airflow/example_dags/example_dataset_alias_with_no_taskflow.py
[2024-12-23T08:30:55.986+0000] {processor.py:925} INFO - DAG(s) 'dataset_s3_bucket_producer_with_no_taskflow', 'dataset_alias_example_alias_producer_with_no_taskflow', 'dataset_alias_example_alias_consumer_with_no_taskflow', 'dataset_s3_bucket_consumer_with_no_taskflow' retrieved from /home/airflow/.local/lib/python3.12/site-packages/airflow/example_dags/example_dataset_alias_with_no_taskflow.py
[2024-12-23T08:30:56.033+0000] {logging_mixin.py:190} INFO - [2024-12-23T08:30:56.032+0000] {dag.py:3239} INFO - Sync 4 DAGs
[2024-12-23T08:30:56.069+0000] {logging_mixin.py:190} INFO - [2024-12-23T08:30:56.069+0000] {dag.py:4180} INFO - Setting next_dagrun for dataset_alias_example_alias_consumer_with_no_taskflow to None, run_after=None
[2024-12-23T08:30:56.074+0000] {logging_mixin.py:190} INFO - [2024-12-23T08:30:56.074+0000] {dag.py:4180} INFO - Setting next_dagrun for dataset_alias_example_alias_producer_with_no_taskflow to None, run_after=None
[2024-12-23T08:30:56.080+0000] {logging_mixin.py:190} INFO - [2024-12-23T08:30:56.079+0000] {dag.py:4180} INFO - Setting next_dagrun for dataset_s3_bucket_consumer_with_no_taskflow to None, run_after=None
[2024-12-23T08:30:56.084+0000] {logging_mixin.py:190} INFO - [2024-12-23T08:30:56.083+0000] {dag.py:4180} INFO - Setting next_dagrun for dataset_s3_bucket_producer_with_no_taskflow to None, run_after=None
[2024-12-23T08:30:56.127+0000] {processor.py:208} INFO - Processing /home/airflow/.local/lib/python3.12/site-packages/airflow/example_dags/example_dataset_alias_with_no_taskflow.py took 1.331 seconds
