[2024-12-23T08:27:35.473+0000] {processor.py:186} INFO - Started process (PID=121) to work on /home/airflow/.local/lib/python3.12/site-packages/airflow/example_dags/example_xcom.py
[2024-12-23T08:27:35.475+0000] {processor.py:914} INFO - Processing file /home/airflow/.local/lib/python3.12/site-packages/airflow/example_dags/example_xcom.py for tasks to queue
[2024-12-23T08:27:35.479+0000] {logging_mixin.py:190} INFO - [2024-12-23T08:27:35.478+0000] {dagbag.py:588} INFO - Filling up the DagBag from /home/airflow/.local/lib/python3.12/site-packages/airflow/example_dags/example_xcom.py
[2024-12-23T08:27:35.493+0000] {processor.py:925} INFO - DAG(s) 'example_xcom' retrieved from /home/airflow/.local/lib/python3.12/site-packages/airflow/example_dags/example_xcom.py
[2024-12-23T08:27:35.646+0000] {logging_mixin.py:190} INFO - [2024-12-23T08:27:35.646+0000] {override.py:1911} INFO - Created Permission View: can read on DAG:example_xcom
[2024-12-23T08:27:35.663+0000] {logging_mixin.py:190} INFO - [2024-12-23T08:27:35.663+0000] {override.py:1911} INFO - Created Permission View: can edit on DAG:example_xcom
[2024-12-23T08:27:35.678+0000] {logging_mixin.py:190} INFO - [2024-12-23T08:27:35.678+0000] {override.py:1911} INFO - Created Permission View: can delete on DAG:example_xcom
[2024-12-23T08:27:35.695+0000] {logging_mixin.py:190} INFO - [2024-12-23T08:27:35.694+0000] {override.py:1911} INFO - Created Permission View: can read on DAG Run:example_xcom
[2024-12-23T08:27:35.710+0000] {logging_mixin.py:190} INFO - [2024-12-23T08:27:35.710+0000] {override.py:1911} INFO - Created Permission View: can delete on DAG Run:example_xcom
[2024-12-23T08:27:35.725+0000] {logging_mixin.py:190} INFO - [2024-12-23T08:27:35.724+0000] {override.py:1911} INFO - Created Permission View: menu access on DAG Run:example_xcom
[2024-12-23T08:27:35.739+0000] {logging_mixin.py:190} INFO - [2024-12-23T08:27:35.738+0000] {override.py:1911} INFO - Created Permission View: can create on DAG Run:example_xcom
[2024-12-23T08:27:35.740+0000] {logging_mixin.py:190} INFO - [2024-12-23T08:27:35.740+0000] {dag.py:3239} INFO - Sync 1 DAGs
[2024-12-23T08:27:35.762+0000] {logging_mixin.py:190} INFO - [2024-12-23T08:27:35.761+0000] {dag.py:3262} INFO - Creating ORM DAG for example_xcom
[2024-12-23T08:27:35.775+0000] {logging_mixin.py:190} INFO - [2024-12-23T08:27:35.774+0000] {dag.py:4180} INFO - Setting next_dagrun for example_xcom to 2021-01-01 00:00:00+00:00, run_after=2021-01-01 00:00:00+00:00
[2024-12-23T08:27:35.805+0000] {processor.py:208} INFO - Processing /home/airflow/.local/lib/python3.12/site-packages/airflow/example_dags/example_xcom.py took 0.339 seconds
[2024-12-23T08:28:05.966+0000] {processor.py:186} INFO - Started process (PID=184) to work on /home/airflow/.local/lib/python3.12/site-packages/airflow/example_dags/example_xcom.py
[2024-12-23T08:28:05.968+0000] {processor.py:914} INFO - Processing file /home/airflow/.local/lib/python3.12/site-packages/airflow/example_dags/example_xcom.py for tasks to queue
[2024-12-23T08:28:05.970+0000] {logging_mixin.py:190} INFO - [2024-12-23T08:28:05.970+0000] {dagbag.py:588} INFO - Filling up the DagBag from /home/airflow/.local/lib/python3.12/site-packages/airflow/example_dags/example_xcom.py
[2024-12-23T08:28:05.983+0000] {processor.py:925} INFO - DAG(s) 'example_xcom' retrieved from /home/airflow/.local/lib/python3.12/site-packages/airflow/example_dags/example_xcom.py
[2024-12-23T08:28:06.007+0000] {logging_mixin.py:190} INFO - [2024-12-23T08:28:06.007+0000] {dag.py:3239} INFO - Sync 1 DAGs
[2024-12-23T08:28:06.035+0000] {logging_mixin.py:190} INFO - [2024-12-23T08:28:06.035+0000] {dag.py:4180} INFO - Setting next_dagrun for example_xcom to 2021-01-01 00:00:00+00:00, run_after=2021-01-01 00:00:00+00:00
[2024-12-23T08:28:06.060+0000] {processor.py:208} INFO - Processing /home/airflow/.local/lib/python3.12/site-packages/airflow/example_dags/example_xcom.py took 0.099 seconds
[2024-12-23T08:28:38.008+0000] {processor.py:186} INFO - Started process (PID=247) to work on /home/airflow/.local/lib/python3.12/site-packages/airflow/example_dags/example_xcom.py
[2024-12-23T08:28:38.012+0000] {processor.py:914} INFO - Processing file /home/airflow/.local/lib/python3.12/site-packages/airflow/example_dags/example_xcom.py for tasks to queue
[2024-12-23T08:28:38.018+0000] {logging_mixin.py:190} INFO - [2024-12-23T08:28:38.017+0000] {dagbag.py:588} INFO - Filling up the DagBag from /home/airflow/.local/lib/python3.12/site-packages/airflow/example_dags/example_xcom.py
[2024-12-23T08:28:38.032+0000] {processor.py:925} INFO - DAG(s) 'example_xcom' retrieved from /home/airflow/.local/lib/python3.12/site-packages/airflow/example_dags/example_xcom.py
[2024-12-23T08:28:38.069+0000] {logging_mixin.py:190} INFO - [2024-12-23T08:28:38.068+0000] {dag.py:3239} INFO - Sync 1 DAGs
[2024-12-23T08:28:38.110+0000] {logging_mixin.py:190} INFO - [2024-12-23T08:28:38.109+0000] {dag.py:4180} INFO - Setting next_dagrun for example_xcom to 2021-01-01 00:00:00+00:00, run_after=2021-01-01 00:00:00+00:00
[2024-12-23T08:28:38.159+0000] {processor.py:208} INFO - Processing /home/airflow/.local/lib/python3.12/site-packages/airflow/example_dags/example_xcom.py took 0.161 seconds
[2024-12-23T08:29:08.577+0000] {processor.py:186} INFO - Started process (PID=310) to work on /home/airflow/.local/lib/python3.12/site-packages/airflow/example_dags/example_xcom.py
[2024-12-23T08:29:08.580+0000] {processor.py:914} INFO - Processing file /home/airflow/.local/lib/python3.12/site-packages/airflow/example_dags/example_xcom.py for tasks to queue
[2024-12-23T08:29:08.586+0000] {logging_mixin.py:190} INFO - [2024-12-23T08:29:08.585+0000] {dagbag.py:588} INFO - Filling up the DagBag from /home/airflow/.local/lib/python3.12/site-packages/airflow/example_dags/example_xcom.py
[2024-12-23T08:29:08.638+0000] {processor.py:925} INFO - DAG(s) 'example_xcom' retrieved from /home/airflow/.local/lib/python3.12/site-packages/airflow/example_dags/example_xcom.py
[2024-12-23T08:29:08.717+0000] {logging_mixin.py:190} INFO - [2024-12-23T08:29:08.716+0000] {dag.py:3239} INFO - Sync 1 DAGs
[2024-12-23T08:29:08.837+0000] {logging_mixin.py:190} INFO - [2024-12-23T08:29:08.836+0000] {dag.py:4180} INFO - Setting next_dagrun for example_xcom to 2021-01-01 00:00:00+00:00, run_after=2021-01-01 00:00:00+00:00
[2024-12-23T08:29:08.904+0000] {processor.py:208} INFO - Processing /home/airflow/.local/lib/python3.12/site-packages/airflow/example_dags/example_xcom.py took 0.353 seconds
[2024-12-23T08:29:39.713+0000] {processor.py:186} INFO - Started process (PID=372) to work on /home/airflow/.local/lib/python3.12/site-packages/airflow/example_dags/example_xcom.py
[2024-12-23T08:29:39.714+0000] {processor.py:914} INFO - Processing file /home/airflow/.local/lib/python3.12/site-packages/airflow/example_dags/example_xcom.py for tasks to queue
[2024-12-23T08:29:39.718+0000] {logging_mixin.py:190} INFO - [2024-12-23T08:29:39.718+0000] {dagbag.py:588} INFO - Filling up the DagBag from /home/airflow/.local/lib/python3.12/site-packages/airflow/example_dags/example_xcom.py
[2024-12-23T08:29:39.733+0000] {processor.py:925} INFO - DAG(s) 'example_xcom' retrieved from /home/airflow/.local/lib/python3.12/site-packages/airflow/example_dags/example_xcom.py
[2024-12-23T08:29:39.770+0000] {logging_mixin.py:190} INFO - [2024-12-23T08:29:39.770+0000] {dag.py:3239} INFO - Sync 1 DAGs
[2024-12-23T08:29:39.804+0000] {logging_mixin.py:190} INFO - [2024-12-23T08:29:39.803+0000] {dag.py:4180} INFO - Setting next_dagrun for example_xcom to 2021-01-01 00:00:00+00:00, run_after=2021-01-01 00:00:00+00:00
[2024-12-23T08:29:39.833+0000] {processor.py:208} INFO - Processing /home/airflow/.local/lib/python3.12/site-packages/airflow/example_dags/example_xcom.py took 0.129 seconds
[2024-12-23T08:30:10.396+0000] {processor.py:186} INFO - Started process (PID=435) to work on /home/airflow/.local/lib/python3.12/site-packages/airflow/example_dags/example_xcom.py
[2024-12-23T08:30:10.398+0000] {processor.py:914} INFO - Processing file /home/airflow/.local/lib/python3.12/site-packages/airflow/example_dags/example_xcom.py for tasks to queue
[2024-12-23T08:30:10.401+0000] {logging_mixin.py:190} INFO - [2024-12-23T08:30:10.401+0000] {dagbag.py:588} INFO - Filling up the DagBag from /home/airflow/.local/lib/python3.12/site-packages/airflow/example_dags/example_xcom.py
[2024-12-23T08:30:10.415+0000] {processor.py:925} INFO - DAG(s) 'example_xcom' retrieved from /home/airflow/.local/lib/python3.12/site-packages/airflow/example_dags/example_xcom.py
[2024-12-23T08:30:10.450+0000] {logging_mixin.py:190} INFO - [2024-12-23T08:30:10.450+0000] {dag.py:3239} INFO - Sync 1 DAGs
[2024-12-23T08:30:10.483+0000] {logging_mixin.py:190} INFO - [2024-12-23T08:30:10.483+0000] {dag.py:4180} INFO - Setting next_dagrun for example_xcom to 2021-01-01 00:00:00+00:00, run_after=2021-01-01 00:00:00+00:00
[2024-12-23T08:30:10.523+0000] {processor.py:208} INFO - Processing /home/airflow/.local/lib/python3.12/site-packages/airflow/example_dags/example_xcom.py took 0.134 seconds
[2024-12-23T08:30:47.547+0000] {processor.py:186} INFO - Started process (PID=498) to work on /home/airflow/.local/lib/python3.12/site-packages/airflow/example_dags/example_xcom.py
[2024-12-23T08:30:47.549+0000] {processor.py:914} INFO - Processing file /home/airflow/.local/lib/python3.12/site-packages/airflow/example_dags/example_xcom.py for tasks to queue
[2024-12-23T08:30:47.555+0000] {logging_mixin.py:190} INFO - [2024-12-23T08:30:47.554+0000] {dagbag.py:588} INFO - Filling up the DagBag from /home/airflow/.local/lib/python3.12/site-packages/airflow/example_dags/example_xcom.py
[2024-12-23T08:30:47.576+0000] {processor.py:925} INFO - DAG(s) 'example_xcom' retrieved from /home/airflow/.local/lib/python3.12/site-packages/airflow/example_dags/example_xcom.py
[2024-12-23T08:30:47.619+0000] {logging_mixin.py:190} INFO - [2024-12-23T08:30:47.619+0000] {dag.py:3239} INFO - Sync 1 DAGs
[2024-12-23T08:30:47.662+0000] {logging_mixin.py:190} INFO - [2024-12-23T08:30:47.661+0000] {dag.py:4180} INFO - Setting next_dagrun for example_xcom to 2021-01-01 00:00:00+00:00, run_after=2021-01-01 00:00:00+00:00
[2024-12-23T08:30:47.704+0000] {processor.py:208} INFO - Processing /home/airflow/.local/lib/python3.12/site-packages/airflow/example_dags/example_xcom.py took 0.165 seconds
