[2024-12-23T08:27:30.471+0000] {processor.py:186} INFO - Started process (PID=103) to work on /home/airflow/.local/lib/python3.12/site-packages/airflow/example_dags/example_sensors.py
[2024-12-23T08:27:30.473+0000] {processor.py:914} INFO - Processing file /home/airflow/.local/lib/python3.12/site-packages/airflow/example_dags/example_sensors.py for tasks to queue
[2024-12-23T08:27:30.478+0000] {logging_mixin.py:190} INFO - [2024-12-23T08:27:30.477+0000] {dagbag.py:588} INFO - Filling up the DagBag from /home/airflow/.local/lib/python3.12/site-packages/airflow/example_dags/example_sensors.py
[2024-12-23T08:27:30.498+0000] {processor.py:925} INFO - DAG(s) 'example_sensors' retrieved from /home/airflow/.local/lib/python3.12/site-packages/airflow/example_dags/example_sensors.py
[2024-12-23T08:27:30.719+0000] {logging_mixin.py:190} INFO - [2024-12-23T08:27:30.717+0000] {override.py:1911} INFO - Created Permission View: can read on DAG:example_sensors
[2024-12-23T08:27:30.744+0000] {logging_mixin.py:190} INFO - [2024-12-23T08:27:30.743+0000] {override.py:1911} INFO - Created Permission View: can edit on DAG:example_sensors
[2024-12-23T08:27:30.762+0000] {logging_mixin.py:190} INFO - [2024-12-23T08:27:30.761+0000] {override.py:1911} INFO - Created Permission View: can delete on DAG:example_sensors
[2024-12-23T08:27:30.779+0000] {logging_mixin.py:190} INFO - [2024-12-23T08:27:30.779+0000] {override.py:1911} INFO - Created Permission View: can read on DAG Run:example_sensors
[2024-12-23T08:27:30.796+0000] {logging_mixin.py:190} INFO - [2024-12-23T08:27:30.795+0000] {override.py:1911} INFO - Created Permission View: can delete on DAG Run:example_sensors
[2024-12-23T08:27:30.811+0000] {logging_mixin.py:190} INFO - [2024-12-23T08:27:30.810+0000] {override.py:1911} INFO - Created Permission View: menu access on DAG Run:example_sensors
[2024-12-23T08:27:30.830+0000] {logging_mixin.py:190} INFO - [2024-12-23T08:27:30.829+0000] {override.py:1911} INFO - Created Permission View: can create on DAG Run:example_sensors
[2024-12-23T08:27:30.831+0000] {logging_mixin.py:190} INFO - [2024-12-23T08:27:30.831+0000] {dag.py:3239} INFO - Sync 1 DAGs
[2024-12-23T08:27:30.865+0000] {logging_mixin.py:190} INFO - [2024-12-23T08:27:30.865+0000] {dag.py:3262} INFO - Creating ORM DAG for example_sensors
[2024-12-23T08:27:30.867+0000] {logging_mixin.py:190} INFO - [2024-12-23T08:27:30.867+0000] {dag.py:4180} INFO - Setting next_dagrun for example_sensors to None, run_after=None
[2024-12-23T08:27:30.898+0000] {processor.py:208} INFO - Processing /home/airflow/.local/lib/python3.12/site-packages/airflow/example_dags/example_sensors.py took 0.438 seconds
[2024-12-23T08:28:01.213+0000] {processor.py:186} INFO - Started process (PID=166) to work on /home/airflow/.local/lib/python3.12/site-packages/airflow/example_dags/example_sensors.py
[2024-12-23T08:28:01.215+0000] {processor.py:914} INFO - Processing file /home/airflow/.local/lib/python3.12/site-packages/airflow/example_dags/example_sensors.py for tasks to queue
[2024-12-23T08:28:01.217+0000] {logging_mixin.py:190} INFO - [2024-12-23T08:28:01.217+0000] {dagbag.py:588} INFO - Filling up the DagBag from /home/airflow/.local/lib/python3.12/site-packages/airflow/example_dags/example_sensors.py
[2024-12-23T08:28:01.231+0000] {processor.py:925} INFO - DAG(s) 'example_sensors' retrieved from /home/airflow/.local/lib/python3.12/site-packages/airflow/example_dags/example_sensors.py
[2024-12-23T08:28:01.262+0000] {logging_mixin.py:190} INFO - [2024-12-23T08:28:01.262+0000] {dag.py:3239} INFO - Sync 1 DAGs
[2024-12-23T08:28:01.278+0000] {logging_mixin.py:190} INFO - [2024-12-23T08:28:01.278+0000] {dag.py:4180} INFO - Setting next_dagrun for example_sensors to None, run_after=None
[2024-12-23T08:28:01.305+0000] {processor.py:208} INFO - Processing /home/airflow/.local/lib/python3.12/site-packages/airflow/example_dags/example_sensors.py took 0.098 seconds
[2024-12-23T08:28:32.069+0000] {processor.py:186} INFO - Started process (PID=228) to work on /home/airflow/.local/lib/python3.12/site-packages/airflow/example_dags/example_sensors.py
[2024-12-23T08:28:32.071+0000] {processor.py:914} INFO - Processing file /home/airflow/.local/lib/python3.12/site-packages/airflow/example_dags/example_sensors.py for tasks to queue
[2024-12-23T08:28:32.075+0000] {logging_mixin.py:190} INFO - [2024-12-23T08:28:32.074+0000] {dagbag.py:588} INFO - Filling up the DagBag from /home/airflow/.local/lib/python3.12/site-packages/airflow/example_dags/example_sensors.py
[2024-12-23T08:28:32.097+0000] {processor.py:925} INFO - DAG(s) 'example_sensors' retrieved from /home/airflow/.local/lib/python3.12/site-packages/airflow/example_dags/example_sensors.py
[2024-12-23T08:28:32.144+0000] {logging_mixin.py:190} INFO - [2024-12-23T08:28:32.143+0000] {dag.py:3239} INFO - Sync 1 DAGs
[2024-12-23T08:28:32.172+0000] {logging_mixin.py:190} INFO - [2024-12-23T08:28:32.171+0000] {dag.py:4180} INFO - Setting next_dagrun for example_sensors to None, run_after=None
[2024-12-23T08:28:32.217+0000] {processor.py:208} INFO - Processing /home/airflow/.local/lib/python3.12/site-packages/airflow/example_dags/example_sensors.py took 0.157 seconds
[2024-12-23T08:29:02.903+0000] {processor.py:186} INFO - Started process (PID=290) to work on /home/airflow/.local/lib/python3.12/site-packages/airflow/example_dags/example_sensors.py
[2024-12-23T08:29:02.904+0000] {processor.py:914} INFO - Processing file /home/airflow/.local/lib/python3.12/site-packages/airflow/example_dags/example_sensors.py for tasks to queue
[2024-12-23T08:29:02.907+0000] {logging_mixin.py:190} INFO - [2024-12-23T08:29:02.907+0000] {dagbag.py:588} INFO - Filling up the DagBag from /home/airflow/.local/lib/python3.12/site-packages/airflow/example_dags/example_sensors.py
[2024-12-23T08:29:02.918+0000] {processor.py:925} INFO - DAG(s) 'example_sensors' retrieved from /home/airflow/.local/lib/python3.12/site-packages/airflow/example_dags/example_sensors.py
[2024-12-23T08:29:02.949+0000] {logging_mixin.py:190} INFO - [2024-12-23T08:29:02.949+0000] {dag.py:3239} INFO - Sync 1 DAGs
[2024-12-23T08:29:02.966+0000] {logging_mixin.py:190} INFO - [2024-12-23T08:29:02.966+0000] {dag.py:4180} INFO - Setting next_dagrun for example_sensors to None, run_after=None
[2024-12-23T08:29:02.990+0000] {processor.py:208} INFO - Processing /home/airflow/.local/lib/python3.12/site-packages/airflow/example_dags/example_sensors.py took 0.093 seconds
[2024-12-23T08:29:33.821+0000] {processor.py:186} INFO - Started process (PID=353) to work on /home/airflow/.local/lib/python3.12/site-packages/airflow/example_dags/example_sensors.py
[2024-12-23T08:29:33.822+0000] {processor.py:914} INFO - Processing file /home/airflow/.local/lib/python3.12/site-packages/airflow/example_dags/example_sensors.py for tasks to queue
[2024-12-23T08:29:33.826+0000] {logging_mixin.py:190} INFO - [2024-12-23T08:29:33.825+0000] {dagbag.py:588} INFO - Filling up the DagBag from /home/airflow/.local/lib/python3.12/site-packages/airflow/example_dags/example_sensors.py
[2024-12-23T08:29:33.842+0000] {processor.py:925} INFO - DAG(s) 'example_sensors' retrieved from /home/airflow/.local/lib/python3.12/site-packages/airflow/example_dags/example_sensors.py
[2024-12-23T08:29:33.875+0000] {logging_mixin.py:190} INFO - [2024-12-23T08:29:33.875+0000] {dag.py:3239} INFO - Sync 1 DAGs
[2024-12-23T08:29:33.891+0000] {logging_mixin.py:190} INFO - [2024-12-23T08:29:33.891+0000] {dag.py:4180} INFO - Setting next_dagrun for example_sensors to None, run_after=None
[2024-12-23T08:29:33.918+0000] {processor.py:208} INFO - Processing /home/airflow/.local/lib/python3.12/site-packages/airflow/example_dags/example_sensors.py took 0.104 seconds
[2024-12-23T08:30:04.436+0000] {processor.py:186} INFO - Started process (PID=416) to work on /home/airflow/.local/lib/python3.12/site-packages/airflow/example_dags/example_sensors.py
[2024-12-23T08:30:04.438+0000] {processor.py:914} INFO - Processing file /home/airflow/.local/lib/python3.12/site-packages/airflow/example_dags/example_sensors.py for tasks to queue
[2024-12-23T08:30:04.442+0000] {logging_mixin.py:190} INFO - [2024-12-23T08:30:04.441+0000] {dagbag.py:588} INFO - Filling up the DagBag from /home/airflow/.local/lib/python3.12/site-packages/airflow/example_dags/example_sensors.py
[2024-12-23T08:30:04.459+0000] {processor.py:925} INFO - DAG(s) 'example_sensors' retrieved from /home/airflow/.local/lib/python3.12/site-packages/airflow/example_dags/example_sensors.py
[2024-12-23T08:30:04.501+0000] {logging_mixin.py:190} INFO - [2024-12-23T08:30:04.501+0000] {dag.py:3239} INFO - Sync 1 DAGs
[2024-12-23T08:30:04.524+0000] {logging_mixin.py:190} INFO - [2024-12-23T08:30:04.524+0000] {dag.py:4180} INFO - Setting next_dagrun for example_sensors to None, run_after=None
[2024-12-23T08:30:04.560+0000] {processor.py:208} INFO - Processing /home/airflow/.local/lib/python3.12/site-packages/airflow/example_dags/example_sensors.py took 0.132 seconds
[2024-12-23T08:30:35.236+0000] {processor.py:186} INFO - Started process (PID=479) to work on /home/airflow/.local/lib/python3.12/site-packages/airflow/example_dags/example_sensors.py
[2024-12-23T08:30:35.238+0000] {processor.py:914} INFO - Processing file /home/airflow/.local/lib/python3.12/site-packages/airflow/example_dags/example_sensors.py for tasks to queue
[2024-12-23T08:30:35.243+0000] {logging_mixin.py:190} INFO - [2024-12-23T08:30:35.242+0000] {dagbag.py:588} INFO - Filling up the DagBag from /home/airflow/.local/lib/python3.12/site-packages/airflow/example_dags/example_sensors.py
[2024-12-23T08:30:35.261+0000] {processor.py:925} INFO - DAG(s) 'example_sensors' retrieved from /home/airflow/.local/lib/python3.12/site-packages/airflow/example_dags/example_sensors.py
[2024-12-23T08:30:35.309+0000] {logging_mixin.py:190} INFO - [2024-12-23T08:30:35.308+0000] {dag.py:3239} INFO - Sync 1 DAGs
[2024-12-23T08:30:35.330+0000] {logging_mixin.py:190} INFO - [2024-12-23T08:30:35.329+0000] {dag.py:4180} INFO - Setting next_dagrun for example_sensors to None, run_after=None
[2024-12-23T08:30:35.370+0000] {processor.py:208} INFO - Processing /home/airflow/.local/lib/python3.12/site-packages/airflow/example_dags/example_sensors.py took 0.142 seconds
[2024-12-23T08:31:06.336+0000] {processor.py:186} INFO - Started process (PID=542) to work on /home/airflow/.local/lib/python3.12/site-packages/airflow/example_dags/example_sensors.py
[2024-12-23T08:31:06.338+0000] {processor.py:914} INFO - Processing file /home/airflow/.local/lib/python3.12/site-packages/airflow/example_dags/example_sensors.py for tasks to queue
[2024-12-23T08:31:06.342+0000] {logging_mixin.py:190} INFO - [2024-12-23T08:31:06.341+0000] {dagbag.py:588} INFO - Filling up the DagBag from /home/airflow/.local/lib/python3.12/site-packages/airflow/example_dags/example_sensors.py
[2024-12-23T08:31:06.353+0000] {processor.py:925} INFO - DAG(s) 'example_sensors' retrieved from /home/airflow/.local/lib/python3.12/site-packages/airflow/example_dags/example_sensors.py
[2024-12-23T08:31:06.389+0000] {logging_mixin.py:190} INFO - [2024-12-23T08:31:06.389+0000] {dag.py:3239} INFO - Sync 1 DAGs
[2024-12-23T08:31:06.411+0000] {logging_mixin.py:190} INFO - [2024-12-23T08:31:06.410+0000] {dag.py:4180} INFO - Setting next_dagrun for example_sensors to None, run_after=None
[2024-12-23T08:31:06.436+0000] {processor.py:208} INFO - Processing /home/airflow/.local/lib/python3.12/site-packages/airflow/example_dags/example_sensors.py took 0.106 seconds
