[2024-12-23T08:27:35.241+0000] {processor.py:186} INFO - Started process (PID=120) to work on /home/airflow/.local/lib/python3.12/site-packages/airflow/example_dags/example_params_trigger_ui.py
[2024-12-23T08:27:35.243+0000] {processor.py:914} INFO - Processing file /home/airflow/.local/lib/python3.12/site-packages/airflow/example_dags/example_params_trigger_ui.py for tasks to queue
[2024-12-23T08:27:35.247+0000] {logging_mixin.py:190} INFO - [2024-12-23T08:27:35.247+0000] {dagbag.py:588} INFO - Filling up the DagBag from /home/airflow/.local/lib/python3.12/site-packages/airflow/example_dags/example_params_trigger_ui.py
[2024-12-23T08:27:35.270+0000] {processor.py:925} INFO - DAG(s) 'example_params_trigger_ui' retrieved from /home/airflow/.local/lib/python3.12/site-packages/airflow/example_dags/example_params_trigger_ui.py
[2024-12-23T08:27:35.444+0000] {logging_mixin.py:190} INFO - [2024-12-23T08:27:35.443+0000] {override.py:1911} INFO - Created Permission View: can read on DAG:example_params_trigger_ui
[2024-12-23T08:27:35.463+0000] {logging_mixin.py:190} INFO - [2024-12-23T08:27:35.462+0000] {override.py:1911} INFO - Created Permission View: can edit on DAG:example_params_trigger_ui
[2024-12-23T08:27:35.477+0000] {logging_mixin.py:190} INFO - [2024-12-23T08:27:35.476+0000] {override.py:1911} INFO - Created Permission View: can delete on DAG:example_params_trigger_ui
[2024-12-23T08:27:35.498+0000] {logging_mixin.py:190} INFO - [2024-12-23T08:27:35.497+0000] {override.py:1911} INFO - Created Permission View: can read on DAG Run:example_params_trigger_ui
[2024-12-23T08:27:35.512+0000] {logging_mixin.py:190} INFO - [2024-12-23T08:27:35.511+0000] {override.py:1911} INFO - Created Permission View: can delete on DAG Run:example_params_trigger_ui
[2024-12-23T08:27:35.528+0000] {logging_mixin.py:190} INFO - [2024-12-23T08:27:35.528+0000] {override.py:1911} INFO - Created Permission View: menu access on DAG Run:example_params_trigger_ui
[2024-12-23T08:27:35.546+0000] {logging_mixin.py:190} INFO - [2024-12-23T08:27:35.546+0000] {override.py:1911} INFO - Created Permission View: can create on DAG Run:example_params_trigger_ui
[2024-12-23T08:27:35.547+0000] {logging_mixin.py:190} INFO - [2024-12-23T08:27:35.547+0000] {dag.py:3239} INFO - Sync 1 DAGs
[2024-12-23T08:27:35.567+0000] {logging_mixin.py:190} INFO - [2024-12-23T08:27:35.566+0000] {dag.py:3262} INFO - Creating ORM DAG for example_params_trigger_ui
[2024-12-23T08:27:35.568+0000] {logging_mixin.py:190} INFO - [2024-12-23T08:27:35.568+0000] {dag.py:4180} INFO - Setting next_dagrun for example_params_trigger_ui to None, run_after=None
[2024-12-23T08:27:35.600+0000] {processor.py:208} INFO - Processing /home/airflow/.local/lib/python3.12/site-packages/airflow/example_dags/example_params_trigger_ui.py took 0.367 seconds
[2024-12-23T08:28:05.910+0000] {processor.py:186} INFO - Started process (PID=183) to work on /home/airflow/.local/lib/python3.12/site-packages/airflow/example_dags/example_params_trigger_ui.py
[2024-12-23T08:28:05.911+0000] {processor.py:914} INFO - Processing file /home/airflow/.local/lib/python3.12/site-packages/airflow/example_dags/example_params_trigger_ui.py for tasks to queue
[2024-12-23T08:28:05.915+0000] {logging_mixin.py:190} INFO - [2024-12-23T08:28:05.914+0000] {dagbag.py:588} INFO - Filling up the DagBag from /home/airflow/.local/lib/python3.12/site-packages/airflow/example_dags/example_params_trigger_ui.py
[2024-12-23T08:28:05.927+0000] {processor.py:925} INFO - DAG(s) 'example_params_trigger_ui' retrieved from /home/airflow/.local/lib/python3.12/site-packages/airflow/example_dags/example_params_trigger_ui.py
[2024-12-23T08:28:05.976+0000] {logging_mixin.py:190} INFO - [2024-12-23T08:28:05.976+0000] {dag.py:3239} INFO - Sync 1 DAGs
[2024-12-23T08:28:05.992+0000] {logging_mixin.py:190} INFO - [2024-12-23T08:28:05.991+0000] {dag.py:4180} INFO - Setting next_dagrun for example_params_trigger_ui to None, run_after=None
[2024-12-23T08:28:06.016+0000] {processor.py:208} INFO - Processing /home/airflow/.local/lib/python3.12/site-packages/airflow/example_dags/example_params_trigger_ui.py took 0.112 seconds
[2024-12-23T08:28:37.792+0000] {processor.py:186} INFO - Started process (PID=246) to work on /home/airflow/.local/lib/python3.12/site-packages/airflow/example_dags/example_params_trigger_ui.py
[2024-12-23T08:28:37.794+0000] {processor.py:914} INFO - Processing file /home/airflow/.local/lib/python3.12/site-packages/airflow/example_dags/example_params_trigger_ui.py for tasks to queue
[2024-12-23T08:28:37.798+0000] {logging_mixin.py:190} INFO - [2024-12-23T08:28:37.797+0000] {dagbag.py:588} INFO - Filling up the DagBag from /home/airflow/.local/lib/python3.12/site-packages/airflow/example_dags/example_params_trigger_ui.py
[2024-12-23T08:28:37.818+0000] {processor.py:925} INFO - DAG(s) 'example_params_trigger_ui' retrieved from /home/airflow/.local/lib/python3.12/site-packages/airflow/example_dags/example_params_trigger_ui.py
[2024-12-23T08:28:37.892+0000] {logging_mixin.py:190} INFO - [2024-12-23T08:28:37.891+0000] {dag.py:3239} INFO - Sync 1 DAGs
[2024-12-23T08:28:37.934+0000] {logging_mixin.py:190} INFO - [2024-12-23T08:28:37.934+0000] {dag.py:4180} INFO - Setting next_dagrun for example_params_trigger_ui to None, run_after=None
[2024-12-23T08:28:37.975+0000] {processor.py:208} INFO - Processing /home/airflow/.local/lib/python3.12/site-packages/airflow/example_dags/example_params_trigger_ui.py took 0.195 seconds
[2024-12-23T08:29:08.322+0000] {processor.py:186} INFO - Started process (PID=309) to work on /home/airflow/.local/lib/python3.12/site-packages/airflow/example_dags/example_params_trigger_ui.py
[2024-12-23T08:29:08.324+0000] {processor.py:914} INFO - Processing file /home/airflow/.local/lib/python3.12/site-packages/airflow/example_dags/example_params_trigger_ui.py for tasks to queue
[2024-12-23T08:29:08.329+0000] {logging_mixin.py:190} INFO - [2024-12-23T08:29:08.328+0000] {dagbag.py:588} INFO - Filling up the DagBag from /home/airflow/.local/lib/python3.12/site-packages/airflow/example_dags/example_params_trigger_ui.py
[2024-12-23T08:29:08.346+0000] {processor.py:925} INFO - DAG(s) 'example_params_trigger_ui' retrieved from /home/airflow/.local/lib/python3.12/site-packages/airflow/example_dags/example_params_trigger_ui.py
[2024-12-23T08:29:08.409+0000] {logging_mixin.py:190} INFO - [2024-12-23T08:29:08.409+0000] {dag.py:3239} INFO - Sync 1 DAGs
[2024-12-23T08:29:08.426+0000] {logging_mixin.py:190} INFO - [2024-12-23T08:29:08.426+0000] {dag.py:4180} INFO - Setting next_dagrun for example_params_trigger_ui to None, run_after=None
[2024-12-23T08:29:08.460+0000] {processor.py:208} INFO - Processing /home/airflow/.local/lib/python3.12/site-packages/airflow/example_dags/example_params_trigger_ui.py took 0.146 seconds
[2024-12-23T08:29:38.624+0000] {processor.py:186} INFO - Started process (PID=371) to work on /home/airflow/.local/lib/python3.12/site-packages/airflow/example_dags/example_params_trigger_ui.py
[2024-12-23T08:29:38.625+0000] {processor.py:914} INFO - Processing file /home/airflow/.local/lib/python3.12/site-packages/airflow/example_dags/example_params_trigger_ui.py for tasks to queue
[2024-12-23T08:29:38.628+0000] {logging_mixin.py:190} INFO - [2024-12-23T08:29:38.628+0000] {dagbag.py:588} INFO - Filling up the DagBag from /home/airflow/.local/lib/python3.12/site-packages/airflow/example_dags/example_params_trigger_ui.py
[2024-12-23T08:29:38.642+0000] {processor.py:925} INFO - DAG(s) 'example_params_trigger_ui' retrieved from /home/airflow/.local/lib/python3.12/site-packages/airflow/example_dags/example_params_trigger_ui.py
[2024-12-23T08:29:38.690+0000] {logging_mixin.py:190} INFO - [2024-12-23T08:29:38.690+0000] {dag.py:3239} INFO - Sync 1 DAGs
[2024-12-23T08:29:38.706+0000] {logging_mixin.py:190} INFO - [2024-12-23T08:29:38.706+0000] {dag.py:4180} INFO - Setting next_dagrun for example_params_trigger_ui to None, run_after=None
[2024-12-23T08:29:38.730+0000] {processor.py:208} INFO - Processing /home/airflow/.local/lib/python3.12/site-packages/airflow/example_dags/example_params_trigger_ui.py took 0.113 seconds
[2024-12-23T08:30:10.211+0000] {processor.py:186} INFO - Started process (PID=434) to work on /home/airflow/.local/lib/python3.12/site-packages/airflow/example_dags/example_params_trigger_ui.py
[2024-12-23T08:30:10.212+0000] {processor.py:914} INFO - Processing file /home/airflow/.local/lib/python3.12/site-packages/airflow/example_dags/example_params_trigger_ui.py for tasks to queue
[2024-12-23T08:30:10.218+0000] {logging_mixin.py:190} INFO - [2024-12-23T08:30:10.217+0000] {dagbag.py:588} INFO - Filling up the DagBag from /home/airflow/.local/lib/python3.12/site-packages/airflow/example_dags/example_params_trigger_ui.py
[2024-12-23T08:30:10.235+0000] {processor.py:925} INFO - DAG(s) 'example_params_trigger_ui' retrieved from /home/airflow/.local/lib/python3.12/site-packages/airflow/example_dags/example_params_trigger_ui.py
[2024-12-23T08:30:10.297+0000] {logging_mixin.py:190} INFO - [2024-12-23T08:30:10.296+0000] {dag.py:3239} INFO - Sync 1 DAGs
[2024-12-23T08:30:10.320+0000] {logging_mixin.py:190} INFO - [2024-12-23T08:30:10.320+0000] {dag.py:4180} INFO - Setting next_dagrun for example_params_trigger_ui to None, run_after=None
[2024-12-23T08:30:10.357+0000] {processor.py:208} INFO - Processing /home/airflow/.local/lib/python3.12/site-packages/airflow/example_dags/example_params_trigger_ui.py took 0.156 seconds
[2024-12-23T08:30:47.540+0000] {processor.py:186} INFO - Started process (PID=497) to work on /home/airflow/.local/lib/python3.12/site-packages/airflow/example_dags/example_params_trigger_ui.py
[2024-12-23T08:30:47.542+0000] {processor.py:914} INFO - Processing file /home/airflow/.local/lib/python3.12/site-packages/airflow/example_dags/example_params_trigger_ui.py for tasks to queue
[2024-12-23T08:30:47.546+0000] {logging_mixin.py:190} INFO - [2024-12-23T08:30:47.546+0000] {dagbag.py:588} INFO - Filling up the DagBag from /home/airflow/.local/lib/python3.12/site-packages/airflow/example_dags/example_params_trigger_ui.py
[2024-12-23T08:30:47.573+0000] {processor.py:925} INFO - DAG(s) 'example_params_trigger_ui' retrieved from /home/airflow/.local/lib/python3.12/site-packages/airflow/example_dags/example_params_trigger_ui.py
[2024-12-23T08:30:47.656+0000] {logging_mixin.py:190} INFO - [2024-12-23T08:30:47.656+0000] {dag.py:3239} INFO - Sync 1 DAGs
[2024-12-23T08:30:47.684+0000] {logging_mixin.py:190} INFO - [2024-12-23T08:30:47.683+0000] {dag.py:4180} INFO - Setting next_dagrun for example_params_trigger_ui to None, run_after=None
[2024-12-23T08:30:47.733+0000] {processor.py:208} INFO - Processing /home/airflow/.local/lib/python3.12/site-packages/airflow/example_dags/example_params_trigger_ui.py took 0.201 seconds
