[2024-12-23T08:27:17.712+0000] {processor.py:186} INFO - Started process (PID=81) to work on /home/airflow/.local/lib/python3.12/site-packages/airflow/example_dags/example_sensor_decorator.py
[2024-12-23T08:27:17.715+0000] {processor.py:914} INFO - Processing file /home/airflow/.local/lib/python3.12/site-packages/airflow/example_dags/example_sensor_decorator.py for tasks to queue
[2024-12-23T08:27:17.720+0000] {logging_mixin.py:190} INFO - [2024-12-23T08:27:17.719+0000] {dagbag.py:588} INFO - Filling up the DagBag from /home/airflow/.local/lib/python3.12/site-packages/airflow/example_dags/example_sensor_decorator.py
[2024-12-23T08:27:17.744+0000] {processor.py:925} INFO - DAG(s) 'example_sensor_decorator' retrieved from /home/airflow/.local/lib/python3.12/site-packages/airflow/example_dags/example_sensor_decorator.py
[2024-12-23T08:27:18.332+0000] {logging_mixin.py:190} INFO - [2024-12-23T08:27:18.331+0000] {override.py:1911} INFO - Created Permission View: can read on DAG:example_sensor_decorator
[2024-12-23T08:27:18.356+0000] {logging_mixin.py:190} INFO - [2024-12-23T08:27:18.355+0000] {override.py:1911} INFO - Created Permission View: can edit on DAG:example_sensor_decorator
[2024-12-23T08:27:18.372+0000] {logging_mixin.py:190} INFO - [2024-12-23T08:27:18.371+0000] {override.py:1911} INFO - Created Permission View: can delete on DAG:example_sensor_decorator
[2024-12-23T08:27:18.396+0000] {logging_mixin.py:190} INFO - [2024-12-23T08:27:18.395+0000] {override.py:1911} INFO - Created Permission View: can read on DAG Run:example_sensor_decorator
[2024-12-23T08:27:18.415+0000] {logging_mixin.py:190} INFO - [2024-12-23T08:27:18.414+0000] {override.py:1911} INFO - Created Permission View: can delete on DAG Run:example_sensor_decorator
[2024-12-23T08:27:18.434+0000] {logging_mixin.py:190} INFO - [2024-12-23T08:27:18.433+0000] {override.py:1911} INFO - Created Permission View: menu access on DAG Run:example_sensor_decorator
[2024-12-23T08:27:18.454+0000] {logging_mixin.py:190} INFO - [2024-12-23T08:27:18.453+0000] {override.py:1911} INFO - Created Permission View: can create on DAG Run:example_sensor_decorator
[2024-12-23T08:27:18.454+0000] {logging_mixin.py:190} INFO - [2024-12-23T08:27:18.454+0000] {dag.py:3239} INFO - Sync 1 DAGs
[2024-12-23T08:27:18.481+0000] {logging_mixin.py:190} INFO - [2024-12-23T08:27:18.481+0000] {dag.py:3262} INFO - Creating ORM DAG for example_sensor_decorator
[2024-12-23T08:27:18.484+0000] {logging_mixin.py:190} INFO - [2024-12-23T08:27:18.483+0000] {dag.py:4180} INFO - Setting next_dagrun for example_sensor_decorator to None, run_after=None
[2024-12-23T08:27:18.523+0000] {processor.py:208} INFO - Processing /home/airflow/.local/lib/python3.12/site-packages/airflow/example_dags/example_sensor_decorator.py took 0.833 seconds
[2024-12-23T08:27:49.169+0000] {processor.py:186} INFO - Started process (PID=144) to work on /home/airflow/.local/lib/python3.12/site-packages/airflow/example_dags/example_sensor_decorator.py
[2024-12-23T08:27:49.171+0000] {processor.py:914} INFO - Processing file /home/airflow/.local/lib/python3.12/site-packages/airflow/example_dags/example_sensor_decorator.py for tasks to queue
[2024-12-23T08:27:49.174+0000] {logging_mixin.py:190} INFO - [2024-12-23T08:27:49.173+0000] {dagbag.py:588} INFO - Filling up the DagBag from /home/airflow/.local/lib/python3.12/site-packages/airflow/example_dags/example_sensor_decorator.py
[2024-12-23T08:27:49.184+0000] {processor.py:925} INFO - DAG(s) 'example_sensor_decorator' retrieved from /home/airflow/.local/lib/python3.12/site-packages/airflow/example_dags/example_sensor_decorator.py
[2024-12-23T08:27:49.207+0000] {logging_mixin.py:190} INFO - [2024-12-23T08:27:49.207+0000] {dag.py:3239} INFO - Sync 1 DAGs
[2024-12-23T08:27:49.225+0000] {logging_mixin.py:190} INFO - [2024-12-23T08:27:49.225+0000] {dag.py:4180} INFO - Setting next_dagrun for example_sensor_decorator to None, run_after=None
[2024-12-23T08:27:49.253+0000] {processor.py:208} INFO - Processing /home/airflow/.local/lib/python3.12/site-packages/airflow/example_dags/example_sensor_decorator.py took 0.090 seconds
[2024-12-23T08:28:19.860+0000] {processor.py:186} INFO - Started process (PID=207) to work on /home/airflow/.local/lib/python3.12/site-packages/airflow/example_dags/example_sensor_decorator.py
[2024-12-23T08:28:19.862+0000] {processor.py:914} INFO - Processing file /home/airflow/.local/lib/python3.12/site-packages/airflow/example_dags/example_sensor_decorator.py for tasks to queue
[2024-12-23T08:28:19.865+0000] {logging_mixin.py:190} INFO - [2024-12-23T08:28:19.864+0000] {dagbag.py:588} INFO - Filling up the DagBag from /home/airflow/.local/lib/python3.12/site-packages/airflow/example_dags/example_sensor_decorator.py
[2024-12-23T08:28:19.876+0000] {processor.py:925} INFO - DAG(s) 'example_sensor_decorator' retrieved from /home/airflow/.local/lib/python3.12/site-packages/airflow/example_dags/example_sensor_decorator.py
[2024-12-23T08:28:19.901+0000] {logging_mixin.py:190} INFO - [2024-12-23T08:28:19.901+0000] {dag.py:3239} INFO - Sync 1 DAGs
[2024-12-23T08:28:19.917+0000] {logging_mixin.py:190} INFO - [2024-12-23T08:28:19.917+0000] {dag.py:4180} INFO - Setting next_dagrun for example_sensor_decorator to None, run_after=None
[2024-12-23T08:28:19.946+0000] {processor.py:208} INFO - Processing /home/airflow/.local/lib/python3.12/site-packages/airflow/example_dags/example_sensor_decorator.py took 0.092 seconds
[2024-12-23T08:28:50.710+0000] {processor.py:186} INFO - Started process (PID=270) to work on /home/airflow/.local/lib/python3.12/site-packages/airflow/example_dags/example_sensor_decorator.py
[2024-12-23T08:28:50.711+0000] {processor.py:914} INFO - Processing file /home/airflow/.local/lib/python3.12/site-packages/airflow/example_dags/example_sensor_decorator.py for tasks to queue
[2024-12-23T08:28:50.717+0000] {logging_mixin.py:190} INFO - [2024-12-23T08:28:50.715+0000] {dagbag.py:588} INFO - Filling up the DagBag from /home/airflow/.local/lib/python3.12/site-packages/airflow/example_dags/example_sensor_decorator.py
[2024-12-23T08:28:50.730+0000] {processor.py:925} INFO - DAG(s) 'example_sensor_decorator' retrieved from /home/airflow/.local/lib/python3.12/site-packages/airflow/example_dags/example_sensor_decorator.py
[2024-12-23T08:28:50.774+0000] {logging_mixin.py:190} INFO - [2024-12-23T08:28:50.773+0000] {dag.py:3239} INFO - Sync 1 DAGs
[2024-12-23T08:28:50.803+0000] {logging_mixin.py:190} INFO - [2024-12-23T08:28:50.802+0000] {dag.py:4180} INFO - Setting next_dagrun for example_sensor_decorator to None, run_after=None
[2024-12-23T08:28:50.831+0000] {processor.py:208} INFO - Processing /home/airflow/.local/lib/python3.12/site-packages/airflow/example_dags/example_sensor_decorator.py took 0.131 seconds
[2024-12-23T08:29:22.096+0000] {processor.py:186} INFO - Started process (PID=333) to work on /home/airflow/.local/lib/python3.12/site-packages/airflow/example_dags/example_sensor_decorator.py
[2024-12-23T08:29:22.098+0000] {processor.py:914} INFO - Processing file /home/airflow/.local/lib/python3.12/site-packages/airflow/example_dags/example_sensor_decorator.py for tasks to queue
[2024-12-23T08:29:22.103+0000] {logging_mixin.py:190} INFO - [2024-12-23T08:29:22.102+0000] {dagbag.py:588} INFO - Filling up the DagBag from /home/airflow/.local/lib/python3.12/site-packages/airflow/example_dags/example_sensor_decorator.py
[2024-12-23T08:29:22.118+0000] {processor.py:925} INFO - DAG(s) 'example_sensor_decorator' retrieved from /home/airflow/.local/lib/python3.12/site-packages/airflow/example_dags/example_sensor_decorator.py
[2024-12-23T08:29:22.159+0000] {logging_mixin.py:190} INFO - [2024-12-23T08:29:22.158+0000] {dag.py:3239} INFO - Sync 1 DAGs
[2024-12-23T08:29:22.185+0000] {logging_mixin.py:190} INFO - [2024-12-23T08:29:22.184+0000] {dag.py:4180} INFO - Setting next_dagrun for example_sensor_decorator to None, run_after=None
[2024-12-23T08:29:22.231+0000] {processor.py:208} INFO - Processing /home/airflow/.local/lib/python3.12/site-packages/airflow/example_dags/example_sensor_decorator.py took 0.146 seconds
[2024-12-23T08:29:53.374+0000] {processor.py:186} INFO - Started process (PID=383) to work on /home/airflow/.local/lib/python3.12/site-packages/airflow/example_dags/example_sensor_decorator.py
[2024-12-23T08:29:53.376+0000] {processor.py:914} INFO - Processing file /home/airflow/.local/lib/python3.12/site-packages/airflow/example_dags/example_sensor_decorator.py for tasks to queue
[2024-12-23T08:29:53.380+0000] {logging_mixin.py:190} INFO - [2024-12-23T08:29:53.379+0000] {dagbag.py:588} INFO - Filling up the DagBag from /home/airflow/.local/lib/python3.12/site-packages/airflow/example_dags/example_sensor_decorator.py
[2024-12-23T08:29:53.397+0000] {processor.py:925} INFO - DAG(s) 'example_sensor_decorator' retrieved from /home/airflow/.local/lib/python3.12/site-packages/airflow/example_dags/example_sensor_decorator.py
[2024-12-23T08:29:53.436+0000] {logging_mixin.py:190} INFO - [2024-12-23T08:29:53.435+0000] {dag.py:3239} INFO - Sync 1 DAGs
[2024-12-23T08:29:53.459+0000] {logging_mixin.py:190} INFO - [2024-12-23T08:29:53.459+0000] {dag.py:4180} INFO - Setting next_dagrun for example_sensor_decorator to None, run_after=None
[2024-12-23T08:29:53.501+0000] {processor.py:208} INFO - Processing /home/airflow/.local/lib/python3.12/site-packages/airflow/example_dags/example_sensor_decorator.py took 0.136 seconds
[2024-12-23T08:30:25.243+0000] {processor.py:186} INFO - Started process (PID=452) to work on /home/airflow/.local/lib/python3.12/site-packages/airflow/example_dags/example_sensor_decorator.py
[2024-12-23T08:30:25.245+0000] {processor.py:914} INFO - Processing file /home/airflow/.local/lib/python3.12/site-packages/airflow/example_dags/example_sensor_decorator.py for tasks to queue
[2024-12-23T08:30:25.248+0000] {logging_mixin.py:190} INFO - [2024-12-23T08:30:25.248+0000] {dagbag.py:588} INFO - Filling up the DagBag from /home/airflow/.local/lib/python3.12/site-packages/airflow/example_dags/example_sensor_decorator.py
[2024-12-23T08:30:25.264+0000] {processor.py:925} INFO - DAG(s) 'example_sensor_decorator' retrieved from /home/airflow/.local/lib/python3.12/site-packages/airflow/example_dags/example_sensor_decorator.py
[2024-12-23T08:30:25.301+0000] {logging_mixin.py:190} INFO - [2024-12-23T08:30:25.300+0000] {dag.py:3239} INFO - Sync 1 DAGs
[2024-12-23T08:30:25.323+0000] {logging_mixin.py:190} INFO - [2024-12-23T08:30:25.322+0000] {dag.py:4180} INFO - Setting next_dagrun for example_sensor_decorator to None, run_after=None
[2024-12-23T08:30:25.359+0000] {processor.py:208} INFO - Processing /home/airflow/.local/lib/python3.12/site-packages/airflow/example_dags/example_sensor_decorator.py took 0.125 seconds
[2024-12-23T08:30:56.718+0000] {processor.py:186} INFO - Started process (PID=515) to work on /home/airflow/.local/lib/python3.12/site-packages/airflow/example_dags/example_sensor_decorator.py
[2024-12-23T08:30:56.720+0000] {processor.py:914} INFO - Processing file /home/airflow/.local/lib/python3.12/site-packages/airflow/example_dags/example_sensor_decorator.py for tasks to queue
[2024-12-23T08:30:56.726+0000] {logging_mixin.py:190} INFO - [2024-12-23T08:30:56.725+0000] {dagbag.py:588} INFO - Filling up the DagBag from /home/airflow/.local/lib/python3.12/site-packages/airflow/example_dags/example_sensor_decorator.py
[2024-12-23T08:30:56.744+0000] {processor.py:925} INFO - DAG(s) 'example_sensor_decorator' retrieved from /home/airflow/.local/lib/python3.12/site-packages/airflow/example_dags/example_sensor_decorator.py
[2024-12-23T08:30:56.776+0000] {logging_mixin.py:190} INFO - [2024-12-23T08:30:56.775+0000] {dag.py:3239} INFO - Sync 1 DAGs
[2024-12-23T08:30:56.797+0000] {logging_mixin.py:190} INFO - [2024-12-23T08:30:56.797+0000] {dag.py:4180} INFO - Setting next_dagrun for example_sensor_decorator to None, run_after=None
[2024-12-23T08:30:56.829+0000] {processor.py:208} INFO - Processing /home/airflow/.local/lib/python3.12/site-packages/airflow/example_dags/example_sensor_decorator.py took 0.120 seconds
