[2024-12-23T08:27:33.735+0000] {processor.py:186} INFO - Started process (PID=114) to work on /home/airflow/.local/lib/python3.12/site-packages/airflow/example_dags/example_branch_python_dop_operator_3.py
[2024-12-23T08:27:33.738+0000] {processor.py:914} INFO - Processing file /home/airflow/.local/lib/python3.12/site-packages/airflow/example_dags/example_branch_python_dop_operator_3.py for tasks to queue
[2024-12-23T08:27:33.742+0000] {logging_mixin.py:190} INFO - [2024-12-23T08:27:33.741+0000] {dagbag.py:588} INFO - Filling up the DagBag from /home/airflow/.local/lib/python3.12/site-packages/airflow/example_dags/example_branch_python_dop_operator_3.py
[2024-12-23T08:27:33.761+0000] {processor.py:925} INFO - DAG(s) 'example_branch_dop_operator_v3' retrieved from /home/airflow/.local/lib/python3.12/site-packages/airflow/example_dags/example_branch_python_dop_operator_3.py
[2024-12-23T08:27:33.987+0000] {logging_mixin.py:190} INFO - [2024-12-23T08:27:33.985+0000] {override.py:1911} INFO - Created Permission View: can read on DAG:example_branch_dop_operator_v3
[2024-12-23T08:27:34.008+0000] {logging_mixin.py:190} INFO - [2024-12-23T08:27:34.008+0000] {override.py:1911} INFO - Created Permission View: can edit on DAG:example_branch_dop_operator_v3
[2024-12-23T08:27:34.024+0000] {logging_mixin.py:190} INFO - [2024-12-23T08:27:34.024+0000] {override.py:1911} INFO - Created Permission View: can delete on DAG:example_branch_dop_operator_v3
[2024-12-23T08:27:34.046+0000] {logging_mixin.py:190} INFO - [2024-12-23T08:27:34.046+0000] {override.py:1911} INFO - Created Permission View: can read on DAG Run:example_branch_dop_operator_v3
[2024-12-23T08:27:34.063+0000] {logging_mixin.py:190} INFO - [2024-12-23T08:27:34.062+0000] {override.py:1911} INFO - Created Permission View: can delete on DAG Run:example_branch_dop_operator_v3
[2024-12-23T08:27:34.090+0000] {logging_mixin.py:190} INFO - [2024-12-23T08:27:34.090+0000] {override.py:1911} INFO - Created Permission View: menu access on DAG Run:example_branch_dop_operator_v3
[2024-12-23T08:27:34.105+0000] {logging_mixin.py:190} INFO - [2024-12-23T08:27:34.104+0000] {override.py:1911} INFO - Created Permission View: can create on DAG Run:example_branch_dop_operator_v3
[2024-12-23T08:27:34.106+0000] {logging_mixin.py:190} INFO - [2024-12-23T08:27:34.106+0000] {dag.py:3239} INFO - Sync 1 DAGs
[2024-12-23T08:27:34.123+0000] {logging_mixin.py:190} INFO - [2024-12-23T08:27:34.123+0000] {dag.py:3262} INFO - Creating ORM DAG for example_branch_dop_operator_v3
[2024-12-23T08:27:34.142+0000] {logging_mixin.py:190} INFO - [2024-12-23T08:27:34.142+0000] {dag.py:4180} INFO - Setting next_dagrun for example_branch_dop_operator_v3 to 2024-12-23 08:26:00+00:00, run_after=2024-12-23 08:27:00+00:00
[2024-12-23T08:27:34.176+0000] {processor.py:208} INFO - Processing /home/airflow/.local/lib/python3.12/site-packages/airflow/example_dags/example_branch_python_dop_operator_3.py took 0.448 seconds
[2024-12-23T08:28:04.383+0000] {processor.py:186} INFO - Started process (PID=176) to work on /home/airflow/.local/lib/python3.12/site-packages/airflow/example_dags/example_branch_python_dop_operator_3.py
[2024-12-23T08:28:04.384+0000] {processor.py:914} INFO - Processing file /home/airflow/.local/lib/python3.12/site-packages/airflow/example_dags/example_branch_python_dop_operator_3.py for tasks to queue
[2024-12-23T08:28:04.388+0000] {logging_mixin.py:190} INFO - [2024-12-23T08:28:04.388+0000] {dagbag.py:588} INFO - Filling up the DagBag from /home/airflow/.local/lib/python3.12/site-packages/airflow/example_dags/example_branch_python_dop_operator_3.py
[2024-12-23T08:28:04.404+0000] {processor.py:925} INFO - DAG(s) 'example_branch_dop_operator_v3' retrieved from /home/airflow/.local/lib/python3.12/site-packages/airflow/example_dags/example_branch_python_dop_operator_3.py
[2024-12-23T08:28:04.434+0000] {logging_mixin.py:190} INFO - [2024-12-23T08:28:04.434+0000] {dag.py:3239} INFO - Sync 1 DAGs
[2024-12-23T08:28:04.472+0000] {logging_mixin.py:190} INFO - [2024-12-23T08:28:04.472+0000] {dag.py:4180} INFO - Setting next_dagrun for example_branch_dop_operator_v3 to 2024-12-23 08:27:00+00:00, run_after=2024-12-23 08:28:00+00:00
[2024-12-23T08:28:04.506+0000] {processor.py:208} INFO - Processing /home/airflow/.local/lib/python3.12/site-packages/airflow/example_dags/example_branch_python_dop_operator_3.py took 0.131 seconds
[2024-12-23T08:28:35.167+0000] {processor.py:186} INFO - Started process (PID=239) to work on /home/airflow/.local/lib/python3.12/site-packages/airflow/example_dags/example_branch_python_dop_operator_3.py
[2024-12-23T08:28:35.169+0000] {processor.py:914} INFO - Processing file /home/airflow/.local/lib/python3.12/site-packages/airflow/example_dags/example_branch_python_dop_operator_3.py for tasks to queue
[2024-12-23T08:28:35.173+0000] {logging_mixin.py:190} INFO - [2024-12-23T08:28:35.173+0000] {dagbag.py:588} INFO - Filling up the DagBag from /home/airflow/.local/lib/python3.12/site-packages/airflow/example_dags/example_branch_python_dop_operator_3.py
[2024-12-23T08:28:35.186+0000] {processor.py:925} INFO - DAG(s) 'example_branch_dop_operator_v3' retrieved from /home/airflow/.local/lib/python3.12/site-packages/airflow/example_dags/example_branch_python_dop_operator_3.py
[2024-12-23T08:28:35.216+0000] {logging_mixin.py:190} INFO - [2024-12-23T08:28:35.215+0000] {dag.py:3239} INFO - Sync 1 DAGs
[2024-12-23T08:28:35.272+0000] {logging_mixin.py:190} INFO - [2024-12-23T08:28:35.272+0000] {dag.py:4180} INFO - Setting next_dagrun for example_branch_dop_operator_v3 to 2024-12-23 08:27:00+00:00, run_after=2024-12-23 08:28:00+00:00
[2024-12-23T08:28:35.322+0000] {processor.py:208} INFO - Processing /home/airflow/.local/lib/python3.12/site-packages/airflow/example_dags/example_branch_python_dop_operator_3.py took 0.166 seconds
[2024-12-23T08:29:05.543+0000] {processor.py:186} INFO - Started process (PID=302) to work on /home/airflow/.local/lib/python3.12/site-packages/airflow/example_dags/example_branch_python_dop_operator_3.py
[2024-12-23T08:29:05.545+0000] {processor.py:914} INFO - Processing file /home/airflow/.local/lib/python3.12/site-packages/airflow/example_dags/example_branch_python_dop_operator_3.py for tasks to queue
[2024-12-23T08:29:05.548+0000] {logging_mixin.py:190} INFO - [2024-12-23T08:29:05.547+0000] {dagbag.py:588} INFO - Filling up the DagBag from /home/airflow/.local/lib/python3.12/site-packages/airflow/example_dags/example_branch_python_dop_operator_3.py
[2024-12-23T08:29:05.558+0000] {processor.py:925} INFO - DAG(s) 'example_branch_dop_operator_v3' retrieved from /home/airflow/.local/lib/python3.12/site-packages/airflow/example_dags/example_branch_python_dop_operator_3.py
[2024-12-23T08:29:05.584+0000] {logging_mixin.py:190} INFO - [2024-12-23T08:29:05.584+0000] {dag.py:3239} INFO - Sync 1 DAGs
[2024-12-23T08:29:05.620+0000] {logging_mixin.py:190} INFO - [2024-12-23T08:29:05.620+0000] {dag.py:4180} INFO - Setting next_dagrun for example_branch_dop_operator_v3 to 2024-12-23 08:28:00+00:00, run_after=2024-12-23 08:29:00+00:00
[2024-12-23T08:29:05.652+0000] {processor.py:208} INFO - Processing /home/airflow/.local/lib/python3.12/site-packages/airflow/example_dags/example_branch_python_dop_operator_3.py took 0.114 seconds
[2024-12-23T08:29:37.100+0000] {processor.py:186} INFO - Started process (PID=365) to work on /home/airflow/.local/lib/python3.12/site-packages/airflow/example_dags/example_branch_python_dop_operator_3.py
[2024-12-23T08:29:37.101+0000] {processor.py:914} INFO - Processing file /home/airflow/.local/lib/python3.12/site-packages/airflow/example_dags/example_branch_python_dop_operator_3.py for tasks to queue
[2024-12-23T08:29:37.104+0000] {logging_mixin.py:190} INFO - [2024-12-23T08:29:37.104+0000] {dagbag.py:588} INFO - Filling up the DagBag from /home/airflow/.local/lib/python3.12/site-packages/airflow/example_dags/example_branch_python_dop_operator_3.py
[2024-12-23T08:29:37.116+0000] {processor.py:925} INFO - DAG(s) 'example_branch_dop_operator_v3' retrieved from /home/airflow/.local/lib/python3.12/site-packages/airflow/example_dags/example_branch_python_dop_operator_3.py
[2024-12-23T08:29:37.139+0000] {logging_mixin.py:190} INFO - [2024-12-23T08:29:37.139+0000] {dag.py:3239} INFO - Sync 1 DAGs
[2024-12-23T08:29:37.173+0000] {logging_mixin.py:190} INFO - [2024-12-23T08:29:37.173+0000] {dag.py:4180} INFO - Setting next_dagrun for example_branch_dop_operator_v3 to 2024-12-23 08:28:00+00:00, run_after=2024-12-23 08:29:00+00:00
[2024-12-23T08:29:37.198+0000] {processor.py:208} INFO - Processing /home/airflow/.local/lib/python3.12/site-packages/airflow/example_dags/example_branch_python_dop_operator_3.py took 0.105 seconds
[2024-12-23T08:30:09.428+0000] {processor.py:186} INFO - Started process (PID=428) to work on /home/airflow/.local/lib/python3.12/site-packages/airflow/example_dags/example_branch_python_dop_operator_3.py
[2024-12-23T08:30:09.430+0000] {processor.py:914} INFO - Processing file /home/airflow/.local/lib/python3.12/site-packages/airflow/example_dags/example_branch_python_dop_operator_3.py for tasks to queue
[2024-12-23T08:30:09.433+0000] {logging_mixin.py:190} INFO - [2024-12-23T08:30:09.432+0000] {dagbag.py:588} INFO - Filling up the DagBag from /home/airflow/.local/lib/python3.12/site-packages/airflow/example_dags/example_branch_python_dop_operator_3.py
[2024-12-23T08:30:09.453+0000] {processor.py:925} INFO - DAG(s) 'example_branch_dop_operator_v3' retrieved from /home/airflow/.local/lib/python3.12/site-packages/airflow/example_dags/example_branch_python_dop_operator_3.py
[2024-12-23T08:30:09.485+0000] {logging_mixin.py:190} INFO - [2024-12-23T08:30:09.485+0000] {dag.py:3239} INFO - Sync 1 DAGs
[2024-12-23T08:30:09.531+0000] {logging_mixin.py:190} INFO - [2024-12-23T08:30:09.531+0000] {dag.py:4180} INFO - Setting next_dagrun for example_branch_dop_operator_v3 to 2024-12-23 08:29:00+00:00, run_after=2024-12-23 08:30:00+00:00
[2024-12-23T08:30:09.574+0000] {processor.py:208} INFO - Processing /home/airflow/.local/lib/python3.12/site-packages/airflow/example_dags/example_branch_python_dop_operator_3.py took 0.157 seconds
[2024-12-23T08:30:46.446+0000] {processor.py:186} INFO - Started process (PID=491) to work on /home/airflow/.local/lib/python3.12/site-packages/airflow/example_dags/example_branch_python_dop_operator_3.py
[2024-12-23T08:30:46.449+0000] {processor.py:914} INFO - Processing file /home/airflow/.local/lib/python3.12/site-packages/airflow/example_dags/example_branch_python_dop_operator_3.py for tasks to queue
[2024-12-23T08:30:46.454+0000] {logging_mixin.py:190} INFO - [2024-12-23T08:30:46.453+0000] {dagbag.py:588} INFO - Filling up the DagBag from /home/airflow/.local/lib/python3.12/site-packages/airflow/example_dags/example_branch_python_dop_operator_3.py
[2024-12-23T08:30:46.478+0000] {processor.py:925} INFO - DAG(s) 'example_branch_dop_operator_v3' retrieved from /home/airflow/.local/lib/python3.12/site-packages/airflow/example_dags/example_branch_python_dop_operator_3.py
[2024-12-23T08:30:46.541+0000] {logging_mixin.py:190} INFO - [2024-12-23T08:30:46.541+0000] {dag.py:3239} INFO - Sync 1 DAGs
[2024-12-23T08:30:46.604+0000] {logging_mixin.py:190} INFO - [2024-12-23T08:30:46.603+0000] {dag.py:4180} INFO - Setting next_dagrun for example_branch_dop_operator_v3 to 2024-12-23 08:29:00+00:00, run_after=2024-12-23 08:30:00+00:00
[2024-12-23T08:30:46.658+0000] {processor.py:208} INFO - Processing /home/airflow/.local/lib/python3.12/site-packages/airflow/example_dags/example_branch_python_dop_operator_3.py took 0.224 seconds
