[2024-12-23T08:27:14.080+0000] {processor.py:186} INFO - Started process (PID=76) to work on /home/airflow/.local/lib/python3.12/site-packages/airflow/example_dags/example_kubernetes_executor.py
[2024-12-23T08:27:14.084+0000] {processor.py:914} INFO - Processing file /home/airflow/.local/lib/python3.12/site-packages/airflow/example_dags/example_kubernetes_executor.py for tasks to queue
[2024-12-23T08:27:14.356+0000] {logging_mixin.py:190} INFO - [2024-12-23T08:27:14.355+0000] {dagbag.py:588} INFO - Filling up the DagBag from /home/airflow/.local/lib/python3.12/site-packages/airflow/example_dags/example_kubernetes_executor.py
[2024-12-23T08:27:14.475+0000] {processor.py:925} INFO - DAG(s) 'example_kubernetes_executor' retrieved from /home/airflow/.local/lib/python3.12/site-packages/airflow/example_dags/example_kubernetes_executor.py
[2024-12-23T08:27:15.493+0000] {logging_mixin.py:190} INFO - [2024-12-23T08:27:15.492+0000] {override.py:1911} INFO - Created Permission View: can read on DAG:example_kubernetes_executor
[2024-12-23T08:27:15.539+0000] {logging_mixin.py:190} INFO - [2024-12-23T08:27:15.539+0000] {override.py:1911} INFO - Created Permission View: can edit on DAG:example_kubernetes_executor
[2024-12-23T08:27:15.642+0000] {logging_mixin.py:190} INFO - [2024-12-23T08:27:15.641+0000] {override.py:1911} INFO - Created Permission View: can delete on DAG:example_kubernetes_executor
[2024-12-23T08:27:15.727+0000] {logging_mixin.py:190} INFO - [2024-12-23T08:27:15.727+0000] {override.py:1911} INFO - Created Permission View: can read on DAG Run:example_kubernetes_executor
[2024-12-23T08:27:15.745+0000] {logging_mixin.py:190} INFO - [2024-12-23T08:27:15.745+0000] {override.py:1911} INFO - Created Permission View: can delete on DAG Run:example_kubernetes_executor
[2024-12-23T08:27:15.762+0000] {logging_mixin.py:190} INFO - [2024-12-23T08:27:15.761+0000] {override.py:1911} INFO - Created Permission View: menu access on DAG Run:example_kubernetes_executor
[2024-12-23T08:27:15.776+0000] {logging_mixin.py:190} INFO - [2024-12-23T08:27:15.775+0000] {override.py:1911} INFO - Created Permission View: can create on DAG Run:example_kubernetes_executor
[2024-12-23T08:27:15.777+0000] {logging_mixin.py:190} INFO - [2024-12-23T08:27:15.777+0000] {dag.py:3239} INFO - Sync 1 DAGs
[2024-12-23T08:27:15.815+0000] {logging_mixin.py:190} INFO - [2024-12-23T08:27:15.815+0000] {dag.py:3262} INFO - Creating ORM DAG for example_kubernetes_executor
[2024-12-23T08:27:15.817+0000] {logging_mixin.py:190} INFO - [2024-12-23T08:27:15.817+0000] {dag.py:4180} INFO - Setting next_dagrun for example_kubernetes_executor to None, run_after=None
[2024-12-23T08:27:15.859+0000] {processor.py:208} INFO - Processing /home/airflow/.local/lib/python3.12/site-packages/airflow/example_dags/example_kubernetes_executor.py took 1.845 seconds
[2024-12-23T08:27:46.858+0000] {processor.py:186} INFO - Started process (PID=139) to work on /home/airflow/.local/lib/python3.12/site-packages/airflow/example_dags/example_kubernetes_executor.py
[2024-12-23T08:27:46.859+0000] {processor.py:914} INFO - Processing file /home/airflow/.local/lib/python3.12/site-packages/airflow/example_dags/example_kubernetes_executor.py for tasks to queue
[2024-12-23T08:27:46.862+0000] {logging_mixin.py:190} INFO - [2024-12-23T08:27:46.862+0000] {dagbag.py:588} INFO - Filling up the DagBag from /home/airflow/.local/lib/python3.12/site-packages/airflow/example_dags/example_kubernetes_executor.py
[2024-12-23T08:27:46.879+0000] {processor.py:925} INFO - DAG(s) 'example_kubernetes_executor' retrieved from /home/airflow/.local/lib/python3.12/site-packages/airflow/example_dags/example_kubernetes_executor.py
[2024-12-23T08:27:46.914+0000] {logging_mixin.py:190} INFO - [2024-12-23T08:27:46.914+0000] {dag.py:3239} INFO - Sync 1 DAGs
[2024-12-23T08:27:46.930+0000] {logging_mixin.py:190} INFO - [2024-12-23T08:27:46.929+0000] {dag.py:4180} INFO - Setting next_dagrun for example_kubernetes_executor to None, run_after=None
[2024-12-23T08:27:46.958+0000] {processor.py:208} INFO - Processing /home/airflow/.local/lib/python3.12/site-packages/airflow/example_dags/example_kubernetes_executor.py took 0.107 seconds
[2024-12-23T08:28:17.560+0000] {processor.py:186} INFO - Started process (PID=202) to work on /home/airflow/.local/lib/python3.12/site-packages/airflow/example_dags/example_kubernetes_executor.py
[2024-12-23T08:28:17.562+0000] {processor.py:914} INFO - Processing file /home/airflow/.local/lib/python3.12/site-packages/airflow/example_dags/example_kubernetes_executor.py for tasks to queue
[2024-12-23T08:28:17.565+0000] {logging_mixin.py:190} INFO - [2024-12-23T08:28:17.564+0000] {dagbag.py:588} INFO - Filling up the DagBag from /home/airflow/.local/lib/python3.12/site-packages/airflow/example_dags/example_kubernetes_executor.py
[2024-12-23T08:28:17.579+0000] {processor.py:925} INFO - DAG(s) 'example_kubernetes_executor' retrieved from /home/airflow/.local/lib/python3.12/site-packages/airflow/example_dags/example_kubernetes_executor.py
[2024-12-23T08:28:17.608+0000] {logging_mixin.py:190} INFO - [2024-12-23T08:28:17.608+0000] {dag.py:3239} INFO - Sync 1 DAGs
[2024-12-23T08:28:17.624+0000] {logging_mixin.py:190} INFO - [2024-12-23T08:28:17.624+0000] {dag.py:4180} INFO - Setting next_dagrun for example_kubernetes_executor to None, run_after=None
[2024-12-23T08:28:17.650+0000] {processor.py:208} INFO - Processing /home/airflow/.local/lib/python3.12/site-packages/airflow/example_dags/example_kubernetes_executor.py took 0.096 seconds
[2024-12-23T08:28:48.310+0000] {processor.py:186} INFO - Started process (PID=265) to work on /home/airflow/.local/lib/python3.12/site-packages/airflow/example_dags/example_kubernetes_executor.py
[2024-12-23T08:28:48.313+0000] {processor.py:914} INFO - Processing file /home/airflow/.local/lib/python3.12/site-packages/airflow/example_dags/example_kubernetes_executor.py for tasks to queue
[2024-12-23T08:28:48.317+0000] {logging_mixin.py:190} INFO - [2024-12-23T08:28:48.317+0000] {dagbag.py:588} INFO - Filling up the DagBag from /home/airflow/.local/lib/python3.12/site-packages/airflow/example_dags/example_kubernetes_executor.py
[2024-12-23T08:28:48.338+0000] {processor.py:925} INFO - DAG(s) 'example_kubernetes_executor' retrieved from /home/airflow/.local/lib/python3.12/site-packages/airflow/example_dags/example_kubernetes_executor.py
[2024-12-23T08:28:48.387+0000] {logging_mixin.py:190} INFO - [2024-12-23T08:28:48.387+0000] {dag.py:3239} INFO - Sync 1 DAGs
[2024-12-23T08:28:48.407+0000] {logging_mixin.py:190} INFO - [2024-12-23T08:28:48.406+0000] {dag.py:4180} INFO - Setting next_dagrun for example_kubernetes_executor to None, run_after=None
[2024-12-23T08:28:48.443+0000] {processor.py:208} INFO - Processing /home/airflow/.local/lib/python3.12/site-packages/airflow/example_dags/example_kubernetes_executor.py took 0.140 seconds
[2024-12-23T08:29:20.442+0000] {processor.py:186} INFO - Started process (PID=318) to work on /home/airflow/.local/lib/python3.12/site-packages/airflow/example_dags/example_kubernetes_executor.py
[2024-12-23T08:29:20.445+0000] {processor.py:914} INFO - Processing file /home/airflow/.local/lib/python3.12/site-packages/airflow/example_dags/example_kubernetes_executor.py for tasks to queue
[2024-12-23T08:29:20.451+0000] {logging_mixin.py:190} INFO - [2024-12-23T08:29:20.450+0000] {dagbag.py:588} INFO - Filling up the DagBag from /home/airflow/.local/lib/python3.12/site-packages/airflow/example_dags/example_kubernetes_executor.py
[2024-12-23T08:29:20.481+0000] {processor.py:925} INFO - DAG(s) 'example_kubernetes_executor' retrieved from /home/airflow/.local/lib/python3.12/site-packages/airflow/example_dags/example_kubernetes_executor.py
[2024-12-23T08:29:20.507+0000] {logging_mixin.py:190} INFO - [2024-12-23T08:29:20.507+0000] {dag.py:3239} INFO - Sync 1 DAGs
[2024-12-23T08:29:20.537+0000] {logging_mixin.py:190} INFO - [2024-12-23T08:29:20.536+0000] {dag.py:4180} INFO - Setting next_dagrun for example_kubernetes_executor to None, run_after=None
[2024-12-23T08:29:20.595+0000] {processor.py:208} INFO - Processing /home/airflow/.local/lib/python3.12/site-packages/airflow/example_dags/example_kubernetes_executor.py took 0.204 seconds
[2024-12-23T08:29:52.747+0000] {processor.py:186} INFO - Started process (PID=378) to work on /home/airflow/.local/lib/python3.12/site-packages/airflow/example_dags/example_kubernetes_executor.py
[2024-12-23T08:29:52.752+0000] {processor.py:914} INFO - Processing file /home/airflow/.local/lib/python3.12/site-packages/airflow/example_dags/example_kubernetes_executor.py for tasks to queue
[2024-12-23T08:29:52.758+0000] {logging_mixin.py:190} INFO - [2024-12-23T08:29:52.757+0000] {dagbag.py:588} INFO - Filling up the DagBag from /home/airflow/.local/lib/python3.12/site-packages/airflow/example_dags/example_kubernetes_executor.py
[2024-12-23T08:29:52.785+0000] {processor.py:925} INFO - DAG(s) 'example_kubernetes_executor' retrieved from /home/airflow/.local/lib/python3.12/site-packages/airflow/example_dags/example_kubernetes_executor.py
[2024-12-23T08:29:52.852+0000] {logging_mixin.py:190} INFO - [2024-12-23T08:29:52.852+0000] {dag.py:3239} INFO - Sync 1 DAGs
[2024-12-23T08:29:52.878+0000] {logging_mixin.py:190} INFO - [2024-12-23T08:29:52.878+0000] {dag.py:4180} INFO - Setting next_dagrun for example_kubernetes_executor to None, run_after=None
[2024-12-23T08:29:52.916+0000] {processor.py:208} INFO - Processing /home/airflow/.local/lib/python3.12/site-packages/airflow/example_dags/example_kubernetes_executor.py took 0.180 seconds
[2024-12-23T08:30:24.606+0000] {processor.py:186} INFO - Started process (PID=441) to work on /home/airflow/.local/lib/python3.12/site-packages/airflow/example_dags/example_kubernetes_executor.py
[2024-12-23T08:30:24.610+0000] {processor.py:914} INFO - Processing file /home/airflow/.local/lib/python3.12/site-packages/airflow/example_dags/example_kubernetes_executor.py for tasks to queue
[2024-12-23T08:30:24.619+0000] {logging_mixin.py:190} INFO - [2024-12-23T08:30:24.618+0000] {dagbag.py:588} INFO - Filling up the DagBag from /home/airflow/.local/lib/python3.12/site-packages/airflow/example_dags/example_kubernetes_executor.py
[2024-12-23T08:30:24.659+0000] {processor.py:925} INFO - DAG(s) 'example_kubernetes_executor' retrieved from /home/airflow/.local/lib/python3.12/site-packages/airflow/example_dags/example_kubernetes_executor.py
[2024-12-23T08:30:24.712+0000] {logging_mixin.py:190} INFO - [2024-12-23T08:30:24.712+0000] {dag.py:3239} INFO - Sync 1 DAGs
[2024-12-23T08:30:24.742+0000] {logging_mixin.py:190} INFO - [2024-12-23T08:30:24.742+0000] {dag.py:4180} INFO - Setting next_dagrun for example_kubernetes_executor to None, run_after=None
[2024-12-23T08:30:24.786+0000] {processor.py:208} INFO - Processing /home/airflow/.local/lib/python3.12/site-packages/airflow/example_dags/example_kubernetes_executor.py took 0.193 seconds
[2024-12-23T08:30:56.209+0000] {processor.py:186} INFO - Started process (PID=510) to work on /home/airflow/.local/lib/python3.12/site-packages/airflow/example_dags/example_kubernetes_executor.py
[2024-12-23T08:30:56.211+0000] {processor.py:914} INFO - Processing file /home/airflow/.local/lib/python3.12/site-packages/airflow/example_dags/example_kubernetes_executor.py for tasks to queue
[2024-12-23T08:30:56.216+0000] {logging_mixin.py:190} INFO - [2024-12-23T08:30:56.215+0000] {dagbag.py:588} INFO - Filling up the DagBag from /home/airflow/.local/lib/python3.12/site-packages/airflow/example_dags/example_kubernetes_executor.py
[2024-12-23T08:30:56.240+0000] {processor.py:925} INFO - DAG(s) 'example_kubernetes_executor' retrieved from /home/airflow/.local/lib/python3.12/site-packages/airflow/example_dags/example_kubernetes_executor.py
[2024-12-23T08:30:56.285+0000] {logging_mixin.py:190} INFO - [2024-12-23T08:30:56.285+0000] {dag.py:3239} INFO - Sync 1 DAGs
[2024-12-23T08:30:56.310+0000] {logging_mixin.py:190} INFO - [2024-12-23T08:30:56.310+0000] {dag.py:4180} INFO - Setting next_dagrun for example_kubernetes_executor to None, run_after=None
[2024-12-23T08:30:56.347+0000] {processor.py:208} INFO - Processing /home/airflow/.local/lib/python3.12/site-packages/airflow/example_dags/example_kubernetes_executor.py took 0.145 seconds
