[2024-12-23T08:27:34.419+0000] {processor.py:186} INFO - Started process (PID=116) to work on /home/airflow/.local/lib/python3.12/site-packages/airflow/example_dags/example_params_ui_tutorial.py
[2024-12-23T08:27:34.420+0000] {processor.py:914} INFO - Processing file /home/airflow/.local/lib/python3.12/site-packages/airflow/example_dags/example_params_ui_tutorial.py for tasks to queue
[2024-12-23T08:27:34.424+0000] {logging_mixin.py:190} INFO - [2024-12-23T08:27:34.423+0000] {dagbag.py:588} INFO - Filling up the DagBag from /home/airflow/.local/lib/python3.12/site-packages/airflow/example_dags/example_params_ui_tutorial.py
[2024-12-23T08:27:34.438+0000] {processor.py:925} INFO - DAG(s) 'example_params_ui_tutorial' retrieved from /home/airflow/.local/lib/python3.12/site-packages/airflow/example_dags/example_params_ui_tutorial.py
[2024-12-23T08:27:34.620+0000] {logging_mixin.py:190} INFO - [2024-12-23T08:27:34.619+0000] {override.py:1911} INFO - Created Permission View: can read on DAG:example_params_ui_tutorial
[2024-12-23T08:27:34.639+0000] {logging_mixin.py:190} INFO - [2024-12-23T08:27:34.639+0000] {override.py:1911} INFO - Created Permission View: can edit on DAG:example_params_ui_tutorial
[2024-12-23T08:27:34.654+0000] {logging_mixin.py:190} INFO - [2024-12-23T08:27:34.653+0000] {override.py:1911} INFO - Created Permission View: can delete on DAG:example_params_ui_tutorial
[2024-12-23T08:27:34.673+0000] {logging_mixin.py:190} INFO - [2024-12-23T08:27:34.673+0000] {override.py:1911} INFO - Created Permission View: can read on DAG Run:example_params_ui_tutorial
[2024-12-23T08:27:34.687+0000] {logging_mixin.py:190} INFO - [2024-12-23T08:27:34.687+0000] {override.py:1911} INFO - Created Permission View: can delete on DAG Run:example_params_ui_tutorial
[2024-12-23T08:27:34.703+0000] {logging_mixin.py:190} INFO - [2024-12-23T08:27:34.703+0000] {override.py:1911} INFO - Created Permission View: menu access on DAG Run:example_params_ui_tutorial
[2024-12-23T08:27:34.716+0000] {logging_mixin.py:190} INFO - [2024-12-23T08:27:34.715+0000] {override.py:1911} INFO - Created Permission View: can create on DAG Run:example_params_ui_tutorial
[2024-12-23T08:27:34.717+0000] {logging_mixin.py:190} INFO - [2024-12-23T08:27:34.717+0000] {dag.py:3239} INFO - Sync 1 DAGs
[2024-12-23T08:27:34.732+0000] {logging_mixin.py:190} INFO - [2024-12-23T08:27:34.732+0000] {dag.py:3262} INFO - Creating ORM DAG for example_params_ui_tutorial
[2024-12-23T08:27:34.733+0000] {logging_mixin.py:190} INFO - [2024-12-23T08:27:34.733+0000] {dag.py:4180} INFO - Setting next_dagrun for example_params_ui_tutorial to None, run_after=None
[2024-12-23T08:27:34.763+0000] {processor.py:208} INFO - Processing /home/airflow/.local/lib/python3.12/site-packages/airflow/example_dags/example_params_ui_tutorial.py took 0.352 seconds
[2024-12-23T08:28:05.537+0000] {processor.py:186} INFO - Started process (PID=179) to work on /home/airflow/.local/lib/python3.12/site-packages/airflow/example_dags/example_params_ui_tutorial.py
[2024-12-23T08:28:05.538+0000] {processor.py:914} INFO - Processing file /home/airflow/.local/lib/python3.12/site-packages/airflow/example_dags/example_params_ui_tutorial.py for tasks to queue
[2024-12-23T08:28:05.541+0000] {logging_mixin.py:190} INFO - [2024-12-23T08:28:05.541+0000] {dagbag.py:588} INFO - Filling up the DagBag from /home/airflow/.local/lib/python3.12/site-packages/airflow/example_dags/example_params_ui_tutorial.py
[2024-12-23T08:28:05.552+0000] {processor.py:925} INFO - DAG(s) 'example_params_ui_tutorial' retrieved from /home/airflow/.local/lib/python3.12/site-packages/airflow/example_dags/example_params_ui_tutorial.py
[2024-12-23T08:28:05.600+0000] {logging_mixin.py:190} INFO - [2024-12-23T08:28:05.599+0000] {dag.py:3239} INFO - Sync 1 DAGs
[2024-12-23T08:28:05.617+0000] {logging_mixin.py:190} INFO - [2024-12-23T08:28:05.616+0000] {dag.py:4180} INFO - Setting next_dagrun for example_params_ui_tutorial to None, run_after=None
[2024-12-23T08:28:05.641+0000] {processor.py:208} INFO - Processing /home/airflow/.local/lib/python3.12/site-packages/airflow/example_dags/example_params_ui_tutorial.py took 0.111 seconds
[2024-12-23T08:28:36.643+0000] {processor.py:186} INFO - Started process (PID=242) to work on /home/airflow/.local/lib/python3.12/site-packages/airflow/example_dags/example_params_ui_tutorial.py
[2024-12-23T08:28:36.645+0000] {processor.py:914} INFO - Processing file /home/airflow/.local/lib/python3.12/site-packages/airflow/example_dags/example_params_ui_tutorial.py for tasks to queue
[2024-12-23T08:28:36.651+0000] {logging_mixin.py:190} INFO - [2024-12-23T08:28:36.650+0000] {dagbag.py:588} INFO - Filling up the DagBag from /home/airflow/.local/lib/python3.12/site-packages/airflow/example_dags/example_params_ui_tutorial.py
[2024-12-23T08:28:36.674+0000] {processor.py:925} INFO - DAG(s) 'example_params_ui_tutorial' retrieved from /home/airflow/.local/lib/python3.12/site-packages/airflow/example_dags/example_params_ui_tutorial.py
[2024-12-23T08:28:36.761+0000] {logging_mixin.py:190} INFO - [2024-12-23T08:28:36.761+0000] {dag.py:3239} INFO - Sync 1 DAGs
[2024-12-23T08:28:36.785+0000] {logging_mixin.py:190} INFO - [2024-12-23T08:28:36.785+0000] {dag.py:4180} INFO - Setting next_dagrun for example_params_ui_tutorial to None, run_after=None
[2024-12-23T08:28:36.850+0000] {processor.py:208} INFO - Processing /home/airflow/.local/lib/python3.12/site-packages/airflow/example_dags/example_params_ui_tutorial.py took 0.219 seconds
[2024-12-23T08:29:07.725+0000] {processor.py:186} INFO - Started process (PID=304) to work on /home/airflow/.local/lib/python3.12/site-packages/airflow/example_dags/example_params_ui_tutorial.py
[2024-12-23T08:29:07.727+0000] {processor.py:914} INFO - Processing file /home/airflow/.local/lib/python3.12/site-packages/airflow/example_dags/example_params_ui_tutorial.py for tasks to queue
[2024-12-23T08:29:07.732+0000] {logging_mixin.py:190} INFO - [2024-12-23T08:29:07.731+0000] {dagbag.py:588} INFO - Filling up the DagBag from /home/airflow/.local/lib/python3.12/site-packages/airflow/example_dags/example_params_ui_tutorial.py
[2024-12-23T08:29:07.751+0000] {processor.py:925} INFO - DAG(s) 'example_params_ui_tutorial' retrieved from /home/airflow/.local/lib/python3.12/site-packages/airflow/example_dags/example_params_ui_tutorial.py
[2024-12-23T08:29:07.831+0000] {logging_mixin.py:190} INFO - [2024-12-23T08:29:07.831+0000] {dag.py:3239} INFO - Sync 1 DAGs
[2024-12-23T08:29:07.853+0000] {logging_mixin.py:190} INFO - [2024-12-23T08:29:07.853+0000] {dag.py:4180} INFO - Setting next_dagrun for example_params_ui_tutorial to None, run_after=None
[2024-12-23T08:29:07.892+0000] {processor.py:208} INFO - Processing /home/airflow/.local/lib/python3.12/site-packages/airflow/example_dags/example_params_ui_tutorial.py took 0.176 seconds
[2024-12-23T08:29:38.259+0000] {processor.py:186} INFO - Started process (PID=367) to work on /home/airflow/.local/lib/python3.12/site-packages/airflow/example_dags/example_params_ui_tutorial.py
[2024-12-23T08:29:38.260+0000] {processor.py:914} INFO - Processing file /home/airflow/.local/lib/python3.12/site-packages/airflow/example_dags/example_params_ui_tutorial.py for tasks to queue
[2024-12-23T08:29:38.263+0000] {logging_mixin.py:190} INFO - [2024-12-23T08:29:38.263+0000] {dagbag.py:588} INFO - Filling up the DagBag from /home/airflow/.local/lib/python3.12/site-packages/airflow/example_dags/example_params_ui_tutorial.py
[2024-12-23T08:29:38.274+0000] {processor.py:925} INFO - DAG(s) 'example_params_ui_tutorial' retrieved from /home/airflow/.local/lib/python3.12/site-packages/airflow/example_dags/example_params_ui_tutorial.py
[2024-12-23T08:29:38.323+0000] {logging_mixin.py:190} INFO - [2024-12-23T08:29:38.323+0000] {dag.py:3239} INFO - Sync 1 DAGs
[2024-12-23T08:29:38.339+0000] {logging_mixin.py:190} INFO - [2024-12-23T08:29:38.339+0000] {dag.py:4180} INFO - Setting next_dagrun for example_params_ui_tutorial to None, run_after=None
[2024-12-23T08:29:38.366+0000] {processor.py:208} INFO - Processing /home/airflow/.local/lib/python3.12/site-packages/airflow/example_dags/example_params_ui_tutorial.py took 0.112 seconds
[2024-12-23T08:30:09.829+0000] {processor.py:186} INFO - Started process (PID=430) to work on /home/airflow/.local/lib/python3.12/site-packages/airflow/example_dags/example_params_ui_tutorial.py
[2024-12-23T08:30:09.832+0000] {processor.py:914} INFO - Processing file /home/airflow/.local/lib/python3.12/site-packages/airflow/example_dags/example_params_ui_tutorial.py for tasks to queue
[2024-12-23T08:30:09.838+0000] {logging_mixin.py:190} INFO - [2024-12-23T08:30:09.837+0000] {dagbag.py:588} INFO - Filling up the DagBag from /home/airflow/.local/lib/python3.12/site-packages/airflow/example_dags/example_params_ui_tutorial.py
[2024-12-23T08:30:09.853+0000] {processor.py:925} INFO - DAG(s) 'example_params_ui_tutorial' retrieved from /home/airflow/.local/lib/python3.12/site-packages/airflow/example_dags/example_params_ui_tutorial.py
[2024-12-23T08:30:09.911+0000] {logging_mixin.py:190} INFO - [2024-12-23T08:30:09.911+0000] {dag.py:3239} INFO - Sync 1 DAGs
[2024-12-23T08:30:09.937+0000] {logging_mixin.py:190} INFO - [2024-12-23T08:30:09.937+0000] {dag.py:4180} INFO - Setting next_dagrun for example_params_ui_tutorial to None, run_after=None
[2024-12-23T08:30:09.973+0000] {processor.py:208} INFO - Processing /home/airflow/.local/lib/python3.12/site-packages/airflow/example_dags/example_params_ui_tutorial.py took 0.156 seconds
[2024-12-23T08:30:46.745+0000] {processor.py:186} INFO - Started process (PID=493) to work on /home/airflow/.local/lib/python3.12/site-packages/airflow/example_dags/example_params_ui_tutorial.py
[2024-12-23T08:30:46.747+0000] {processor.py:914} INFO - Processing file /home/airflow/.local/lib/python3.12/site-packages/airflow/example_dags/example_params_ui_tutorial.py for tasks to queue
[2024-12-23T08:30:46.752+0000] {logging_mixin.py:190} INFO - [2024-12-23T08:30:46.751+0000] {dagbag.py:588} INFO - Filling up the DagBag from /home/airflow/.local/lib/python3.12/site-packages/airflow/example_dags/example_params_ui_tutorial.py
[2024-12-23T08:30:46.773+0000] {processor.py:925} INFO - DAG(s) 'example_params_ui_tutorial' retrieved from /home/airflow/.local/lib/python3.12/site-packages/airflow/example_dags/example_params_ui_tutorial.py
[2024-12-23T08:30:46.854+0000] {logging_mixin.py:190} INFO - [2024-12-23T08:30:46.853+0000] {dag.py:3239} INFO - Sync 1 DAGs
[2024-12-23T08:30:46.898+0000] {logging_mixin.py:190} INFO - [2024-12-23T08:30:46.897+0000] {dag.py:4180} INFO - Setting next_dagrun for example_params_ui_tutorial to None, run_after=None
[2024-12-23T08:30:46.944+0000] {processor.py:208} INFO - Processing /home/airflow/.local/lib/python3.12/site-packages/airflow/example_dags/example_params_ui_tutorial.py took 0.209 seconds
