[2024-12-23T08:27:19.012+0000] {processor.py:186} INFO - Started process (PID=85) to work on /home/airflow/.local/lib/python3.12/site-packages/airflow/example_dags/example_subdag_operator.py
[2024-12-23T08:27:19.014+0000] {processor.py:914} INFO - Processing file /home/airflow/.local/lib/python3.12/site-packages/airflow/example_dags/example_subdag_operator.py for tasks to queue
[2024-12-23T08:27:19.018+0000] {logging_mixin.py:190} INFO - [2024-12-23T08:27:19.018+0000] {dagbag.py:588} INFO - Filling up the DagBag from /home/airflow/.local/lib/python3.12/site-packages/airflow/example_dags/example_subdag_operator.py
[2024-12-23T08:27:19.072+0000] {processor.py:925} INFO - DAG(s) 'example_subdag_operator.section-1', 'example_subdag_operator.section-2', 'example_subdag_operator' retrieved from /home/airflow/.local/lib/python3.12/site-packages/airflow/example_dags/example_subdag_operator.py
[2024-12-23T08:27:19.357+0000] {logging_mixin.py:190} INFO - [2024-12-23T08:27:19.356+0000] {override.py:1911} INFO - Created Permission View: can read on DAG:example_subdag_operator
[2024-12-23T08:27:19.403+0000] {logging_mixin.py:190} INFO - [2024-12-23T08:27:19.402+0000] {override.py:1911} INFO - Created Permission View: can edit on DAG:example_subdag_operator
[2024-12-23T08:27:19.461+0000] {logging_mixin.py:190} INFO - [2024-12-23T08:27:19.461+0000] {override.py:1911} INFO - Created Permission View: can delete on DAG:example_subdag_operator
[2024-12-23T08:27:19.585+0000] {logging_mixin.py:190} INFO - [2024-12-23T08:27:19.585+0000] {override.py:1911} INFO - Created Permission View: can read on DAG Run:example_subdag_operator
[2024-12-23T08:27:19.643+0000] {logging_mixin.py:190} INFO - [2024-12-23T08:27:19.643+0000] {override.py:1911} INFO - Created Permission View: can delete on DAG Run:example_subdag_operator
[2024-12-23T08:27:19.718+0000] {logging_mixin.py:190} INFO - [2024-12-23T08:27:19.717+0000] {override.py:1911} INFO - Created Permission View: menu access on DAG Run:example_subdag_operator
[2024-12-23T08:27:19.809+0000] {logging_mixin.py:190} INFO - [2024-12-23T08:27:19.808+0000] {override.py:1911} INFO - Created Permission View: can create on DAG Run:example_subdag_operator
[2024-12-23T08:27:19.809+0000] {logging_mixin.py:190} INFO - [2024-12-23T08:27:19.809+0000] {dag.py:3239} INFO - Sync 3 DAGs
[2024-12-23T08:27:19.825+0000] {logging_mixin.py:190} INFO - [2024-12-23T08:27:19.825+0000] {dag.py:3262} INFO - Creating ORM DAG for example_subdag_operator
[2024-12-23T08:27:19.827+0000] {logging_mixin.py:190} INFO - [2024-12-23T08:27:19.827+0000] {dag.py:3262} INFO - Creating ORM DAG for example_subdag_operator.section-1
[2024-12-23T08:27:19.828+0000] {logging_mixin.py:190} INFO - [2024-12-23T08:27:19.828+0000] {dag.py:3262} INFO - Creating ORM DAG for example_subdag_operator.section-2
[2024-12-23T08:27:19.840+0000] {logging_mixin.py:190} INFO - [2024-12-23T08:27:19.840+0000] {dag.py:4180} INFO - Setting next_dagrun for example_subdag_operator to 2022-01-01 00:00:00+00:00, run_after=2022-01-01 00:00:00+00:00
[2024-12-23T08:27:19.841+0000] {logging_mixin.py:190} INFO - [2024-12-23T08:27:19.841+0000] {dag.py:4180} INFO - Setting next_dagrun for example_subdag_operator.section-1 to None, run_after=None
[2024-12-23T08:27:19.842+0000] {logging_mixin.py:190} INFO - [2024-12-23T08:27:19.842+0000] {dag.py:4180} INFO - Setting next_dagrun for example_subdag_operator.section-2 to None, run_after=None
[2024-12-23T08:27:19.854+0000] {logging_mixin.py:190} INFO - [2024-12-23T08:27:19.854+0000] {dag.py:3239} INFO - Sync 2 DAGs
[2024-12-23T08:27:19.864+0000] {logging_mixin.py:190} INFO - [2024-12-23T08:27:19.863+0000] {dag.py:4180} INFO - Setting next_dagrun for example_subdag_operator.section-1 to None, run_after=None
[2024-12-23T08:27:19.880+0000] {logging_mixin.py:190} INFO - [2024-12-23T08:27:19.880+0000] {dag.py:4180} INFO - Setting next_dagrun for example_subdag_operator.section-2 to None, run_after=None
[2024-12-23T08:27:19.968+0000] {processor.py:208} INFO - Processing /home/airflow/.local/lib/python3.12/site-packages/airflow/example_dags/example_subdag_operator.py took 0.967 seconds
[2024-12-23T08:27:50.437+0000] {processor.py:186} INFO - Started process (PID=148) to work on /home/airflow/.local/lib/python3.12/site-packages/airflow/example_dags/example_subdag_operator.py
[2024-12-23T08:27:50.438+0000] {processor.py:914} INFO - Processing file /home/airflow/.local/lib/python3.12/site-packages/airflow/example_dags/example_subdag_operator.py for tasks to queue
[2024-12-23T08:27:50.441+0000] {logging_mixin.py:190} INFO - [2024-12-23T08:27:50.441+0000] {dagbag.py:588} INFO - Filling up the DagBag from /home/airflow/.local/lib/python3.12/site-packages/airflow/example_dags/example_subdag_operator.py
[2024-12-23T08:27:50.473+0000] {processor.py:925} INFO - DAG(s) 'example_subdag_operator.section-1', 'example_subdag_operator.section-2', 'example_subdag_operator' retrieved from /home/airflow/.local/lib/python3.12/site-packages/airflow/example_dags/example_subdag_operator.py
[2024-12-23T08:27:50.489+0000] {logging_mixin.py:190} INFO - [2024-12-23T08:27:50.489+0000] {dag.py:3239} INFO - Sync 3 DAGs
[2024-12-23T08:27:50.516+0000] {logging_mixin.py:190} INFO - [2024-12-23T08:27:50.516+0000] {dag.py:4180} INFO - Setting next_dagrun for example_subdag_operator to 2022-01-01 00:00:00+00:00, run_after=2022-01-01 00:00:00+00:00
[2024-12-23T08:27:50.521+0000] {logging_mixin.py:190} INFO - [2024-12-23T08:27:50.521+0000] {dag.py:4180} INFO - Setting next_dagrun for example_subdag_operator.section-1 to None, run_after=None
[2024-12-23T08:27:50.523+0000] {logging_mixin.py:190} INFO - [2024-12-23T08:27:50.523+0000] {dag.py:4180} INFO - Setting next_dagrun for example_subdag_operator.section-2 to None, run_after=None
[2024-12-23T08:27:50.532+0000] {logging_mixin.py:190} INFO - [2024-12-23T08:27:50.532+0000] {dag.py:3239} INFO - Sync 2 DAGs
[2024-12-23T08:27:50.541+0000] {logging_mixin.py:190} INFO - [2024-12-23T08:27:50.540+0000] {dag.py:4180} INFO - Setting next_dagrun for example_subdag_operator.section-1 to None, run_after=None
[2024-12-23T08:27:50.542+0000] {logging_mixin.py:190} INFO - [2024-12-23T08:27:50.541+0000] {dag.py:4180} INFO - Setting next_dagrun for example_subdag_operator.section-2 to None, run_after=None
[2024-12-23T08:27:50.557+0000] {processor.py:208} INFO - Processing /home/airflow/.local/lib/python3.12/site-packages/airflow/example_dags/example_subdag_operator.py took 0.126 seconds
[2024-12-23T08:28:21.103+0000] {processor.py:186} INFO - Started process (PID=211) to work on /home/airflow/.local/lib/python3.12/site-packages/airflow/example_dags/example_subdag_operator.py
[2024-12-23T08:28:21.104+0000] {processor.py:914} INFO - Processing file /home/airflow/.local/lib/python3.12/site-packages/airflow/example_dags/example_subdag_operator.py for tasks to queue
[2024-12-23T08:28:21.107+0000] {logging_mixin.py:190} INFO - [2024-12-23T08:28:21.106+0000] {dagbag.py:588} INFO - Filling up the DagBag from /home/airflow/.local/lib/python3.12/site-packages/airflow/example_dags/example_subdag_operator.py
[2024-12-23T08:28:21.138+0000] {processor.py:925} INFO - DAG(s) 'example_subdag_operator.section-1', 'example_subdag_operator.section-2', 'example_subdag_operator' retrieved from /home/airflow/.local/lib/python3.12/site-packages/airflow/example_dags/example_subdag_operator.py
[2024-12-23T08:28:21.155+0000] {logging_mixin.py:190} INFO - [2024-12-23T08:28:21.155+0000] {dag.py:3239} INFO - Sync 3 DAGs
[2024-12-23T08:28:21.182+0000] {logging_mixin.py:190} INFO - [2024-12-23T08:28:21.181+0000] {dag.py:4180} INFO - Setting next_dagrun for example_subdag_operator to 2022-01-01 00:00:00+00:00, run_after=2022-01-01 00:00:00+00:00
[2024-12-23T08:28:21.186+0000] {logging_mixin.py:190} INFO - [2024-12-23T08:28:21.186+0000] {dag.py:4180} INFO - Setting next_dagrun for example_subdag_operator.section-1 to None, run_after=None
[2024-12-23T08:28:21.188+0000] {logging_mixin.py:190} INFO - [2024-12-23T08:28:21.188+0000] {dag.py:4180} INFO - Setting next_dagrun for example_subdag_operator.section-2 to None, run_after=None
[2024-12-23T08:28:21.199+0000] {logging_mixin.py:190} INFO - [2024-12-23T08:28:21.199+0000] {dag.py:3239} INFO - Sync 2 DAGs
[2024-12-23T08:28:21.208+0000] {logging_mixin.py:190} INFO - [2024-12-23T08:28:21.207+0000] {dag.py:4180} INFO - Setting next_dagrun for example_subdag_operator.section-1 to None, run_after=None
[2024-12-23T08:28:21.209+0000] {logging_mixin.py:190} INFO - [2024-12-23T08:28:21.208+0000] {dag.py:4180} INFO - Setting next_dagrun for example_subdag_operator.section-2 to None, run_after=None
[2024-12-23T08:28:21.228+0000] {processor.py:208} INFO - Processing /home/airflow/.local/lib/python3.12/site-packages/airflow/example_dags/example_subdag_operator.py took 0.131 seconds
[2024-12-23T08:28:52.108+0000] {processor.py:186} INFO - Started process (PID=274) to work on /home/airflow/.local/lib/python3.12/site-packages/airflow/example_dags/example_subdag_operator.py
[2024-12-23T08:28:52.109+0000] {processor.py:914} INFO - Processing file /home/airflow/.local/lib/python3.12/site-packages/airflow/example_dags/example_subdag_operator.py for tasks to queue
[2024-12-23T08:28:52.113+0000] {logging_mixin.py:190} INFO - [2024-12-23T08:28:52.113+0000] {dagbag.py:588} INFO - Filling up the DagBag from /home/airflow/.local/lib/python3.12/site-packages/airflow/example_dags/example_subdag_operator.py
[2024-12-23T08:28:52.151+0000] {processor.py:925} INFO - DAG(s) 'example_subdag_operator.section-1', 'example_subdag_operator.section-2', 'example_subdag_operator' retrieved from /home/airflow/.local/lib/python3.12/site-packages/airflow/example_dags/example_subdag_operator.py
[2024-12-23T08:28:52.180+0000] {logging_mixin.py:190} INFO - [2024-12-23T08:28:52.180+0000] {dag.py:3239} INFO - Sync 3 DAGs
[2024-12-23T08:28:52.229+0000] {logging_mixin.py:190} INFO - [2024-12-23T08:28:52.228+0000] {dag.py:4180} INFO - Setting next_dagrun for example_subdag_operator to 2022-01-01 00:00:00+00:00, run_after=2022-01-01 00:00:00+00:00
[2024-12-23T08:28:52.240+0000] {logging_mixin.py:190} INFO - [2024-12-23T08:28:52.238+0000] {dag.py:4180} INFO - Setting next_dagrun for example_subdag_operator.section-1 to None, run_after=None
[2024-12-23T08:28:52.245+0000] {logging_mixin.py:190} INFO - [2024-12-23T08:28:52.244+0000] {dag.py:4180} INFO - Setting next_dagrun for example_subdag_operator.section-2 to None, run_after=None
[2024-12-23T08:28:52.268+0000] {logging_mixin.py:190} INFO - [2024-12-23T08:28:52.267+0000] {dag.py:3239} INFO - Sync 2 DAGs
[2024-12-23T08:28:52.287+0000] {logging_mixin.py:190} INFO - [2024-12-23T08:28:52.287+0000] {dag.py:4180} INFO - Setting next_dagrun for example_subdag_operator.section-1 to None, run_after=None
[2024-12-23T08:28:52.289+0000] {logging_mixin.py:190} INFO - [2024-12-23T08:28:52.288+0000] {dag.py:4180} INFO - Setting next_dagrun for example_subdag_operator.section-2 to None, run_after=None
[2024-12-23T08:28:52.323+0000] {processor.py:208} INFO - Processing /home/airflow/.local/lib/python3.12/site-packages/airflow/example_dags/example_subdag_operator.py took 0.221 seconds
[2024-12-23T08:29:22.530+0000] {processor.py:186} INFO - Started process (PID=337) to work on /home/airflow/.local/lib/python3.12/site-packages/airflow/example_dags/example_subdag_operator.py
[2024-12-23T08:29:22.532+0000] {processor.py:914} INFO - Processing file /home/airflow/.local/lib/python3.12/site-packages/airflow/example_dags/example_subdag_operator.py for tasks to queue
[2024-12-23T08:29:22.536+0000] {logging_mixin.py:190} INFO - [2024-12-23T08:29:22.535+0000] {dagbag.py:588} INFO - Filling up the DagBag from /home/airflow/.local/lib/python3.12/site-packages/airflow/example_dags/example_subdag_operator.py
[2024-12-23T08:29:22.589+0000] {processor.py:925} INFO - DAG(s) 'example_subdag_operator.section-1', 'example_subdag_operator.section-2', 'example_subdag_operator' retrieved from /home/airflow/.local/lib/python3.12/site-packages/airflow/example_dags/example_subdag_operator.py
[2024-12-23T08:29:22.618+0000] {logging_mixin.py:190} INFO - [2024-12-23T08:29:22.618+0000] {dag.py:3239} INFO - Sync 3 DAGs
[2024-12-23T08:29:22.666+0000] {logging_mixin.py:190} INFO - [2024-12-23T08:29:22.665+0000] {dag.py:4180} INFO - Setting next_dagrun for example_subdag_operator to 2022-01-01 00:00:00+00:00, run_after=2022-01-01 00:00:00+00:00
[2024-12-23T08:29:22.675+0000] {logging_mixin.py:190} INFO - [2024-12-23T08:29:22.675+0000] {dag.py:4180} INFO - Setting next_dagrun for example_subdag_operator.section-1 to None, run_after=None
[2024-12-23T08:29:22.683+0000] {logging_mixin.py:190} INFO - [2024-12-23T08:29:22.683+0000] {dag.py:4180} INFO - Setting next_dagrun for example_subdag_operator.section-2 to None, run_after=None
[2024-12-23T08:29:22.700+0000] {logging_mixin.py:190} INFO - [2024-12-23T08:29:22.700+0000] {dag.py:3239} INFO - Sync 2 DAGs
[2024-12-23T08:29:22.714+0000] {logging_mixin.py:190} INFO - [2024-12-23T08:29:22.714+0000] {dag.py:4180} INFO - Setting next_dagrun for example_subdag_operator.section-1 to None, run_after=None
[2024-12-23T08:29:22.716+0000] {logging_mixin.py:190} INFO - [2024-12-23T08:29:22.715+0000] {dag.py:4180} INFO - Setting next_dagrun for example_subdag_operator.section-2 to None, run_after=None
[2024-12-23T08:29:22.745+0000] {processor.py:208} INFO - Processing /home/airflow/.local/lib/python3.12/site-packages/airflow/example_dags/example_subdag_operator.py took 0.225 seconds
[2024-12-23T08:29:55.287+0000] {processor.py:186} INFO - Started process (PID=406) to work on /home/airflow/.local/lib/python3.12/site-packages/airflow/example_dags/example_subdag_operator.py
[2024-12-23T08:29:55.290+0000] {processor.py:914} INFO - Processing file /home/airflow/.local/lib/python3.12/site-packages/airflow/example_dags/example_subdag_operator.py for tasks to queue
[2024-12-23T08:29:55.296+0000] {logging_mixin.py:190} INFO - [2024-12-23T08:29:55.295+0000] {dagbag.py:588} INFO - Filling up the DagBag from /home/airflow/.local/lib/python3.12/site-packages/airflow/example_dags/example_subdag_operator.py
[2024-12-23T08:29:55.344+0000] {processor.py:925} INFO - DAG(s) 'example_subdag_operator.section-1', 'example_subdag_operator.section-2', 'example_subdag_operator' retrieved from /home/airflow/.local/lib/python3.12/site-packages/airflow/example_dags/example_subdag_operator.py
[2024-12-23T08:29:55.375+0000] {logging_mixin.py:190} INFO - [2024-12-23T08:29:55.375+0000] {dag.py:3239} INFO - Sync 3 DAGs
[2024-12-23T08:29:55.414+0000] {logging_mixin.py:190} INFO - [2024-12-23T08:29:55.414+0000] {dag.py:4180} INFO - Setting next_dagrun for example_subdag_operator to 2022-01-01 00:00:00+00:00, run_after=2022-01-01 00:00:00+00:00
[2024-12-23T08:29:55.424+0000] {logging_mixin.py:190} INFO - [2024-12-23T08:29:55.423+0000] {dag.py:4180} INFO - Setting next_dagrun for example_subdag_operator.section-1 to None, run_after=None
[2024-12-23T08:29:55.429+0000] {logging_mixin.py:190} INFO - [2024-12-23T08:29:55.428+0000] {dag.py:4180} INFO - Setting next_dagrun for example_subdag_operator.section-2 to None, run_after=None
[2024-12-23T08:29:55.448+0000] {logging_mixin.py:190} INFO - [2024-12-23T08:29:55.447+0000] {dag.py:3239} INFO - Sync 2 DAGs
[2024-12-23T08:29:55.463+0000] {logging_mixin.py:190} INFO - [2024-12-23T08:29:55.463+0000] {dag.py:4180} INFO - Setting next_dagrun for example_subdag_operator.section-1 to None, run_after=None
[2024-12-23T08:29:55.465+0000] {logging_mixin.py:190} INFO - [2024-12-23T08:29:55.465+0000] {dag.py:4180} INFO - Setting next_dagrun for example_subdag_operator.section-2 to None, run_after=None
[2024-12-23T08:29:55.494+0000] {processor.py:208} INFO - Processing /home/airflow/.local/lib/python3.12/site-packages/airflow/example_dags/example_subdag_operator.py took 0.217 seconds
[2024-12-23T08:30:26.168+0000] {processor.py:186} INFO - Started process (PID=460) to work on /home/airflow/.local/lib/python3.12/site-packages/airflow/example_dags/example_subdag_operator.py
[2024-12-23T08:30:26.170+0000] {processor.py:914} INFO - Processing file /home/airflow/.local/lib/python3.12/site-packages/airflow/example_dags/example_subdag_operator.py for tasks to queue
[2024-12-23T08:30:26.175+0000] {logging_mixin.py:190} INFO - [2024-12-23T08:30:26.174+0000] {dagbag.py:588} INFO - Filling up the DagBag from /home/airflow/.local/lib/python3.12/site-packages/airflow/example_dags/example_subdag_operator.py
[2024-12-23T08:30:26.223+0000] {processor.py:925} INFO - DAG(s) 'example_subdag_operator.section-1', 'example_subdag_operator.section-2', 'example_subdag_operator' retrieved from /home/airflow/.local/lib/python3.12/site-packages/airflow/example_dags/example_subdag_operator.py
[2024-12-23T08:30:26.252+0000] {logging_mixin.py:190} INFO - [2024-12-23T08:30:26.252+0000] {dag.py:3239} INFO - Sync 3 DAGs
[2024-12-23T08:30:26.311+0000] {logging_mixin.py:190} INFO - [2024-12-23T08:30:26.310+0000] {dag.py:4180} INFO - Setting next_dagrun for example_subdag_operator to 2022-01-01 00:00:00+00:00, run_after=2022-01-01 00:00:00+00:00
[2024-12-23T08:30:26.320+0000] {logging_mixin.py:190} INFO - [2024-12-23T08:30:26.320+0000] {dag.py:4180} INFO - Setting next_dagrun for example_subdag_operator.section-1 to None, run_after=None
[2024-12-23T08:30:26.325+0000] {logging_mixin.py:190} INFO - [2024-12-23T08:30:26.325+0000] {dag.py:4180} INFO - Setting next_dagrun for example_subdag_operator.section-2 to None, run_after=None
[2024-12-23T08:30:26.356+0000] {logging_mixin.py:190} INFO - [2024-12-23T08:30:26.356+0000] {dag.py:3239} INFO - Sync 2 DAGs
[2024-12-23T08:30:26.379+0000] {logging_mixin.py:190} INFO - [2024-12-23T08:30:26.378+0000] {dag.py:4180} INFO - Setting next_dagrun for example_subdag_operator.section-1 to None, run_after=None
[2024-12-23T08:30:26.384+0000] {logging_mixin.py:190} INFO - [2024-12-23T08:30:26.383+0000] {dag.py:4180} INFO - Setting next_dagrun for example_subdag_operator.section-2 to None, run_after=None
[2024-12-23T08:30:26.424+0000] {processor.py:208} INFO - Processing /home/airflow/.local/lib/python3.12/site-packages/airflow/example_dags/example_subdag_operator.py took 0.263 seconds
[2024-12-23T08:30:57.486+0000] {processor.py:186} INFO - Started process (PID=522) to work on /home/airflow/.local/lib/python3.12/site-packages/airflow/example_dags/example_subdag_operator.py
[2024-12-23T08:30:57.488+0000] {processor.py:914} INFO - Processing file /home/airflow/.local/lib/python3.12/site-packages/airflow/example_dags/example_subdag_operator.py for tasks to queue
[2024-12-23T08:30:57.491+0000] {logging_mixin.py:190} INFO - [2024-12-23T08:30:57.490+0000] {dagbag.py:588} INFO - Filling up the DagBag from /home/airflow/.local/lib/python3.12/site-packages/airflow/example_dags/example_subdag_operator.py
[2024-12-23T08:30:57.537+0000] {processor.py:925} INFO - DAG(s) 'example_subdag_operator.section-1', 'example_subdag_operator.section-2', 'example_subdag_operator' retrieved from /home/airflow/.local/lib/python3.12/site-packages/airflow/example_dags/example_subdag_operator.py
[2024-12-23T08:30:57.557+0000] {logging_mixin.py:190} INFO - [2024-12-23T08:30:57.557+0000] {dag.py:3239} INFO - Sync 3 DAGs
[2024-12-23T08:30:57.599+0000] {logging_mixin.py:190} INFO - [2024-12-23T08:30:57.598+0000] {dag.py:4180} INFO - Setting next_dagrun for example_subdag_operator to 2022-01-01 00:00:00+00:00, run_after=2022-01-01 00:00:00+00:00
[2024-12-23T08:30:57.605+0000] {logging_mixin.py:190} INFO - [2024-12-23T08:30:57.604+0000] {dag.py:4180} INFO - Setting next_dagrun for example_subdag_operator.section-1 to None, run_after=None
[2024-12-23T08:30:57.608+0000] {logging_mixin.py:190} INFO - [2024-12-23T08:30:57.608+0000] {dag.py:4180} INFO - Setting next_dagrun for example_subdag_operator.section-2 to None, run_after=None
[2024-12-23T08:30:57.620+0000] {logging_mixin.py:190} INFO - [2024-12-23T08:30:57.619+0000] {dag.py:3239} INFO - Sync 2 DAGs
[2024-12-23T08:30:57.630+0000] {logging_mixin.py:190} INFO - [2024-12-23T08:30:57.630+0000] {dag.py:4180} INFO - Setting next_dagrun for example_subdag_operator.section-1 to None, run_after=None
[2024-12-23T08:30:57.631+0000] {logging_mixin.py:190} INFO - [2024-12-23T08:30:57.631+0000] {dag.py:4180} INFO - Setting next_dagrun for example_subdag_operator.section-2 to None, run_after=None
[2024-12-23T08:30:57.652+0000] {processor.py:208} INFO - Processing /home/airflow/.local/lib/python3.12/site-packages/airflow/example_dags/example_subdag_operator.py took 0.173 seconds
