[2024-12-23T08:27:40.554+0000] {processor.py:186} INFO - Started process (PID=127) to work on /home/airflow/.local/lib/python3.12/site-packages/airflow/example_dags/example_branch_datetime_operator.py
[2024-12-23T08:27:40.556+0000] {processor.py:914} INFO - Processing file /home/airflow/.local/lib/python3.12/site-packages/airflow/example_dags/example_branch_datetime_operator.py for tasks to queue
[2024-12-23T08:27:40.561+0000] {logging_mixin.py:190} INFO - [2024-12-23T08:27:40.560+0000] {dagbag.py:588} INFO - Filling up the DagBag from /home/airflow/.local/lib/python3.12/site-packages/airflow/example_dags/example_branch_datetime_operator.py
[2024-12-23T08:27:40.589+0000] {processor.py:925} INFO - DAG(s) 'example_branch_datetime_operator_2', 'example_branch_datetime_operator', 'example_branch_datetime_operator_3' retrieved from /home/airflow/.local/lib/python3.12/site-packages/airflow/example_dags/example_branch_datetime_operator.py
[2024-12-23T08:27:40.806+0000] {logging_mixin.py:190} INFO - [2024-12-23T08:27:40.805+0000] {override.py:1911} INFO - Created Permission View: can read on DAG:example_branch_datetime_operator_2
[2024-12-23T08:27:40.832+0000] {logging_mixin.py:190} INFO - [2024-12-23T08:27:40.831+0000] {override.py:1911} INFO - Created Permission View: can edit on DAG:example_branch_datetime_operator_2
[2024-12-23T08:27:40.854+0000] {logging_mixin.py:190} INFO - [2024-12-23T08:27:40.854+0000] {override.py:1911} INFO - Created Permission View: can delete on DAG:example_branch_datetime_operator_2
[2024-12-23T08:27:40.877+0000] {logging_mixin.py:190} INFO - [2024-12-23T08:27:40.876+0000] {override.py:1911} INFO - Created Permission View: can read on DAG Run:example_branch_datetime_operator_2
[2024-12-23T08:27:40.896+0000] {logging_mixin.py:190} INFO - [2024-12-23T08:27:40.896+0000] {override.py:1911} INFO - Created Permission View: can delete on DAG Run:example_branch_datetime_operator_2
[2024-12-23T08:27:40.920+0000] {logging_mixin.py:190} INFO - [2024-12-23T08:27:40.919+0000] {override.py:1911} INFO - Created Permission View: menu access on DAG Run:example_branch_datetime_operator_2
[2024-12-23T08:27:40.940+0000] {logging_mixin.py:190} INFO - [2024-12-23T08:27:40.939+0000] {override.py:1911} INFO - Created Permission View: can create on DAG Run:example_branch_datetime_operator_2
[2024-12-23T08:27:40.982+0000] {logging_mixin.py:190} INFO - [2024-12-23T08:27:40.982+0000] {override.py:1911} INFO - Created Permission View: can read on DAG:example_branch_datetime_operator
[2024-12-23T08:27:41.006+0000] {logging_mixin.py:190} INFO - [2024-12-23T08:27:41.006+0000] {override.py:1911} INFO - Created Permission View: can edit on DAG:example_branch_datetime_operator
[2024-12-23T08:27:41.027+0000] {logging_mixin.py:190} INFO - [2024-12-23T08:27:41.027+0000] {override.py:1911} INFO - Created Permission View: can delete on DAG:example_branch_datetime_operator
[2024-12-23T08:27:41.053+0000] {logging_mixin.py:190} INFO - [2024-12-23T08:27:41.052+0000] {override.py:1911} INFO - Created Permission View: can read on DAG Run:example_branch_datetime_operator
[2024-12-23T08:27:41.072+0000] {logging_mixin.py:190} INFO - [2024-12-23T08:27:41.071+0000] {override.py:1911} INFO - Created Permission View: can delete on DAG Run:example_branch_datetime_operator
[2024-12-23T08:27:41.091+0000] {logging_mixin.py:190} INFO - [2024-12-23T08:27:41.091+0000] {override.py:1911} INFO - Created Permission View: menu access on DAG Run:example_branch_datetime_operator
[2024-12-23T08:27:41.108+0000] {logging_mixin.py:190} INFO - [2024-12-23T08:27:41.108+0000] {override.py:1911} INFO - Created Permission View: can create on DAG Run:example_branch_datetime_operator
[2024-12-23T08:27:41.138+0000] {logging_mixin.py:190} INFO - [2024-12-23T08:27:41.137+0000] {override.py:1911} INFO - Created Permission View: can read on DAG:example_branch_datetime_operator_3
[2024-12-23T08:27:41.153+0000] {logging_mixin.py:190} INFO - [2024-12-23T08:27:41.152+0000] {override.py:1911} INFO - Created Permission View: can edit on DAG:example_branch_datetime_operator_3
[2024-12-23T08:27:41.167+0000] {logging_mixin.py:190} INFO - [2024-12-23T08:27:41.167+0000] {override.py:1911} INFO - Created Permission View: can delete on DAG:example_branch_datetime_operator_3
[2024-12-23T08:27:41.192+0000] {logging_mixin.py:190} INFO - [2024-12-23T08:27:41.191+0000] {override.py:1911} INFO - Created Permission View: can read on DAG Run:example_branch_datetime_operator_3
[2024-12-23T08:27:41.213+0000] {logging_mixin.py:190} INFO - [2024-12-23T08:27:41.212+0000] {override.py:1911} INFO - Created Permission View: can delete on DAG Run:example_branch_datetime_operator_3
[2024-12-23T08:27:41.238+0000] {logging_mixin.py:190} INFO - [2024-12-23T08:27:41.237+0000] {override.py:1911} INFO - Created Permission View: menu access on DAG Run:example_branch_datetime_operator_3
[2024-12-23T08:27:41.268+0000] {logging_mixin.py:190} INFO - [2024-12-23T08:27:41.267+0000] {override.py:1911} INFO - Created Permission View: can create on DAG Run:example_branch_datetime_operator_3
[2024-12-23T08:27:41.269+0000] {logging_mixin.py:190} INFO - [2024-12-23T08:27:41.269+0000] {dag.py:3239} INFO - Sync 3 DAGs
[2024-12-23T08:27:41.292+0000] {logging_mixin.py:190} INFO - [2024-12-23T08:27:41.291+0000] {dag.py:3262} INFO - Creating ORM DAG for example_branch_datetime_operator_3
[2024-12-23T08:27:41.294+0000] {logging_mixin.py:190} INFO - [2024-12-23T08:27:41.293+0000] {dag.py:3262} INFO - Creating ORM DAG for example_branch_datetime_operator_2
[2024-12-23T08:27:41.295+0000] {logging_mixin.py:190} INFO - [2024-12-23T08:27:41.295+0000] {dag.py:3262} INFO - Creating ORM DAG for example_branch_datetime_operator
[2024-12-23T08:27:41.314+0000] {logging_mixin.py:190} INFO - [2024-12-23T08:27:41.314+0000] {dag.py:4180} INFO - Setting next_dagrun for example_branch_datetime_operator to 2024-12-22 00:00:00+00:00, run_after=2024-12-23 00:00:00+00:00
[2024-12-23T08:27:41.318+0000] {logging_mixin.py:190} INFO - [2024-12-23T08:27:41.318+0000] {dag.py:4180} INFO - Setting next_dagrun for example_branch_datetime_operator_2 to 2024-12-22 00:00:00+00:00, run_after=2024-12-23 00:00:00+00:00
[2024-12-23T08:27:41.321+0000] {logging_mixin.py:190} INFO - [2024-12-23T08:27:41.320+0000] {dag.py:4180} INFO - Setting next_dagrun for example_branch_datetime_operator_3 to 2024-12-22 00:00:00+00:00, run_after=2024-12-23 00:00:00+00:00
[2024-12-23T08:27:41.356+0000] {processor.py:208} INFO - Processing /home/airflow/.local/lib/python3.12/site-packages/airflow/example_dags/example_branch_datetime_operator.py took 0.813 seconds
[2024-12-23T08:28:11.524+0000] {processor.py:186} INFO - Started process (PID=190) to work on /home/airflow/.local/lib/python3.12/site-packages/airflow/example_dags/example_branch_datetime_operator.py
[2024-12-23T08:28:11.526+0000] {processor.py:914} INFO - Processing file /home/airflow/.local/lib/python3.12/site-packages/airflow/example_dags/example_branch_datetime_operator.py for tasks to queue
[2024-12-23T08:28:11.529+0000] {logging_mixin.py:190} INFO - [2024-12-23T08:28:11.529+0000] {dagbag.py:588} INFO - Filling up the DagBag from /home/airflow/.local/lib/python3.12/site-packages/airflow/example_dags/example_branch_datetime_operator.py
[2024-12-23T08:28:11.546+0000] {processor.py:925} INFO - DAG(s) 'example_branch_datetime_operator_3', 'example_branch_datetime_operator', 'example_branch_datetime_operator_2' retrieved from /home/airflow/.local/lib/python3.12/site-packages/airflow/example_dags/example_branch_datetime_operator.py
[2024-12-23T08:28:11.578+0000] {logging_mixin.py:190} INFO - [2024-12-23T08:28:11.578+0000] {dag.py:3239} INFO - Sync 3 DAGs
[2024-12-23T08:28:11.607+0000] {logging_mixin.py:190} INFO - [2024-12-23T08:28:11.607+0000] {dag.py:4180} INFO - Setting next_dagrun for example_branch_datetime_operator to 2024-12-22 00:00:00+00:00, run_after=2024-12-23 00:00:00+00:00
[2024-12-23T08:28:11.613+0000] {logging_mixin.py:190} INFO - [2024-12-23T08:28:11.613+0000] {dag.py:4180} INFO - Setting next_dagrun for example_branch_datetime_operator_2 to 2024-12-22 00:00:00+00:00, run_after=2024-12-23 00:00:00+00:00
[2024-12-23T08:28:11.617+0000] {logging_mixin.py:190} INFO - [2024-12-23T08:28:11.617+0000] {dag.py:4180} INFO - Setting next_dagrun for example_branch_datetime_operator_3 to 2024-12-22 00:00:00+00:00, run_after=2024-12-23 00:00:00+00:00
[2024-12-23T08:28:11.645+0000] {processor.py:208} INFO - Processing /home/airflow/.local/lib/python3.12/site-packages/airflow/example_dags/example_branch_datetime_operator.py took 0.127 seconds
[2024-12-23T08:28:44.023+0000] {processor.py:186} INFO - Started process (PID=253) to work on /home/airflow/.local/lib/python3.12/site-packages/airflow/example_dags/example_branch_datetime_operator.py
[2024-12-23T08:28:44.025+0000] {processor.py:914} INFO - Processing file /home/airflow/.local/lib/python3.12/site-packages/airflow/example_dags/example_branch_datetime_operator.py for tasks to queue
[2024-12-23T08:28:44.029+0000] {logging_mixin.py:190} INFO - [2024-12-23T08:28:44.028+0000] {dagbag.py:588} INFO - Filling up the DagBag from /home/airflow/.local/lib/python3.12/site-packages/airflow/example_dags/example_branch_datetime_operator.py
[2024-12-23T08:28:44.046+0000] {processor.py:925} INFO - DAG(s) 'example_branch_datetime_operator_2', 'example_branch_datetime_operator', 'example_branch_datetime_operator_3' retrieved from /home/airflow/.local/lib/python3.12/site-packages/airflow/example_dags/example_branch_datetime_operator.py
[2024-12-23T08:28:44.088+0000] {logging_mixin.py:190} INFO - [2024-12-23T08:28:44.088+0000] {dag.py:3239} INFO - Sync 3 DAGs
[2024-12-23T08:28:44.127+0000] {logging_mixin.py:190} INFO - [2024-12-23T08:28:44.127+0000] {dag.py:4180} INFO - Setting next_dagrun for example_branch_datetime_operator to 2024-12-22 00:00:00+00:00, run_after=2024-12-23 00:00:00+00:00
[2024-12-23T08:28:44.135+0000] {logging_mixin.py:190} INFO - [2024-12-23T08:28:44.135+0000] {dag.py:4180} INFO - Setting next_dagrun for example_branch_datetime_operator_2 to 2024-12-22 00:00:00+00:00, run_after=2024-12-23 00:00:00+00:00
[2024-12-23T08:28:44.139+0000] {logging_mixin.py:190} INFO - [2024-12-23T08:28:44.139+0000] {dag.py:4180} INFO - Setting next_dagrun for example_branch_datetime_operator_3 to 2024-12-22 00:00:00+00:00, run_after=2024-12-23 00:00:00+00:00
[2024-12-23T08:28:44.171+0000] {processor.py:208} INFO - Processing /home/airflow/.local/lib/python3.12/site-packages/airflow/example_dags/example_branch_datetime_operator.py took 0.157 seconds
[2024-12-23T08:29:19.723+0000] {processor.py:186} INFO - Started process (PID=316) to work on /home/airflow/.local/lib/python3.12/site-packages/airflow/example_dags/example_branch_datetime_operator.py
[2024-12-23T08:29:19.726+0000] {processor.py:914} INFO - Processing file /home/airflow/.local/lib/python3.12/site-packages/airflow/example_dags/example_branch_datetime_operator.py for tasks to queue
[2024-12-23T08:29:19.730+0000] {logging_mixin.py:190} INFO - [2024-12-23T08:29:19.730+0000] {dagbag.py:588} INFO - Filling up the DagBag from /home/airflow/.local/lib/python3.12/site-packages/airflow/example_dags/example_branch_datetime_operator.py
[2024-12-23T08:29:19.783+0000] {processor.py:925} INFO - DAG(s) 'example_branch_datetime_operator', 'example_branch_datetime_operator_3', 'example_branch_datetime_operator_2' retrieved from /home/airflow/.local/lib/python3.12/site-packages/airflow/example_dags/example_branch_datetime_operator.py
[2024-12-23T08:29:19.842+0000] {logging_mixin.py:190} INFO - [2024-12-23T08:29:19.841+0000] {dag.py:3239} INFO - Sync 3 DAGs
[2024-12-23T08:29:19.987+0000] {logging_mixin.py:190} INFO - [2024-12-23T08:29:19.986+0000] {dag.py:4180} INFO - Setting next_dagrun for example_branch_datetime_operator to 2024-12-22 00:00:00+00:00, run_after=2024-12-23 00:00:00+00:00
[2024-12-23T08:29:19.997+0000] {logging_mixin.py:190} INFO - [2024-12-23T08:29:19.996+0000] {dag.py:4180} INFO - Setting next_dagrun for example_branch_datetime_operator_2 to 2024-12-22 00:00:00+00:00, run_after=2024-12-23 00:00:00+00:00
[2024-12-23T08:29:20.001+0000] {logging_mixin.py:190} INFO - [2024-12-23T08:29:20.000+0000] {dag.py:4180} INFO - Setting next_dagrun for example_branch_datetime_operator_3 to 2024-12-22 00:00:00+00:00, run_after=2024-12-23 00:00:00+00:00
[2024-12-23T08:29:20.070+0000] {processor.py:208} INFO - Processing /home/airflow/.local/lib/python3.12/site-packages/airflow/example_dags/example_branch_datetime_operator.py took 0.357 seconds
[2024-12-23T08:29:54.011+0000] {processor.py:186} INFO - Started process (PID=388) to work on /home/airflow/.local/lib/python3.12/site-packages/airflow/example_dags/example_branch_datetime_operator.py
[2024-12-23T08:29:54.012+0000] {processor.py:914} INFO - Processing file /home/airflow/.local/lib/python3.12/site-packages/airflow/example_dags/example_branch_datetime_operator.py for tasks to queue
[2024-12-23T08:29:54.017+0000] {logging_mixin.py:190} INFO - [2024-12-23T08:29:54.016+0000] {dagbag.py:588} INFO - Filling up the DagBag from /home/airflow/.local/lib/python3.12/site-packages/airflow/example_dags/example_branch_datetime_operator.py
[2024-12-23T08:29:54.036+0000] {processor.py:925} INFO - DAG(s) 'example_branch_datetime_operator_3', 'example_branch_datetime_operator_2', 'example_branch_datetime_operator' retrieved from /home/airflow/.local/lib/python3.12/site-packages/airflow/example_dags/example_branch_datetime_operator.py
[2024-12-23T08:29:54.081+0000] {logging_mixin.py:190} INFO - [2024-12-23T08:29:54.081+0000] {dag.py:3239} INFO - Sync 3 DAGs
[2024-12-23T08:29:54.128+0000] {logging_mixin.py:190} INFO - [2024-12-23T08:29:54.127+0000] {dag.py:4180} INFO - Setting next_dagrun for example_branch_datetime_operator to 2024-12-22 00:00:00+00:00, run_after=2024-12-23 00:00:00+00:00
[2024-12-23T08:29:54.138+0000] {logging_mixin.py:190} INFO - [2024-12-23T08:29:54.138+0000] {dag.py:4180} INFO - Setting next_dagrun for example_branch_datetime_operator_2 to 2024-12-22 00:00:00+00:00, run_after=2024-12-23 00:00:00+00:00
[2024-12-23T08:29:54.144+0000] {logging_mixin.py:190} INFO - [2024-12-23T08:29:54.143+0000] {dag.py:4180} INFO - Setting next_dagrun for example_branch_datetime_operator_3 to 2024-12-22 00:00:00+00:00, run_after=2024-12-23 00:00:00+00:00
[2024-12-23T08:29:54.187+0000] {processor.py:208} INFO - Processing /home/airflow/.local/lib/python3.12/site-packages/airflow/example_dags/example_branch_datetime_operator.py took 0.184 seconds
[2024-12-23T08:30:25.848+0000] {processor.py:186} INFO - Started process (PID=457) to work on /home/airflow/.local/lib/python3.12/site-packages/airflow/example_dags/example_branch_datetime_operator.py
[2024-12-23T08:30:25.850+0000] {processor.py:914} INFO - Processing file /home/airflow/.local/lib/python3.12/site-packages/airflow/example_dags/example_branch_datetime_operator.py for tasks to queue
[2024-12-23T08:30:25.855+0000] {logging_mixin.py:190} INFO - [2024-12-23T08:30:25.854+0000] {dagbag.py:588} INFO - Filling up the DagBag from /home/airflow/.local/lib/python3.12/site-packages/airflow/example_dags/example_branch_datetime_operator.py
[2024-12-23T08:30:25.872+0000] {processor.py:925} INFO - DAG(s) 'example_branch_datetime_operator_2', 'example_branch_datetime_operator', 'example_branch_datetime_operator_3' retrieved from /home/airflow/.local/lib/python3.12/site-packages/airflow/example_dags/example_branch_datetime_operator.py
[2024-12-23T08:30:25.918+0000] {logging_mixin.py:190} INFO - [2024-12-23T08:30:25.918+0000] {dag.py:3239} INFO - Sync 3 DAGs
[2024-12-23T08:30:25.967+0000] {logging_mixin.py:190} INFO - [2024-12-23T08:30:25.967+0000] {dag.py:4180} INFO - Setting next_dagrun for example_branch_datetime_operator to 2024-12-22 00:00:00+00:00, run_after=2024-12-23 00:00:00+00:00
[2024-12-23T08:30:25.976+0000] {logging_mixin.py:190} INFO - [2024-12-23T08:30:25.976+0000] {dag.py:4180} INFO - Setting next_dagrun for example_branch_datetime_operator_2 to 2024-12-22 00:00:00+00:00, run_after=2024-12-23 00:00:00+00:00
[2024-12-23T08:30:25.981+0000] {logging_mixin.py:190} INFO - [2024-12-23T08:30:25.981+0000] {dag.py:4180} INFO - Setting next_dagrun for example_branch_datetime_operator_3 to 2024-12-22 00:00:00+00:00, run_after=2024-12-23 00:00:00+00:00
[2024-12-23T08:30:26.014+0000] {processor.py:208} INFO - Processing /home/airflow/.local/lib/python3.12/site-packages/airflow/example_dags/example_branch_datetime_operator.py took 0.173 seconds
[2024-12-23T08:30:57.263+0000] {processor.py:186} INFO - Started process (PID=520) to work on /home/airflow/.local/lib/python3.12/site-packages/airflow/example_dags/example_branch_datetime_operator.py
[2024-12-23T08:30:57.266+0000] {processor.py:914} INFO - Processing file /home/airflow/.local/lib/python3.12/site-packages/airflow/example_dags/example_branch_datetime_operator.py for tasks to queue
[2024-12-23T08:30:57.272+0000] {logging_mixin.py:190} INFO - [2024-12-23T08:30:57.271+0000] {dagbag.py:588} INFO - Filling up the DagBag from /home/airflow/.local/lib/python3.12/site-packages/airflow/example_dags/example_branch_datetime_operator.py
[2024-12-23T08:30:57.289+0000] {processor.py:925} INFO - DAG(s) 'example_branch_datetime_operator_2', 'example_branch_datetime_operator', 'example_branch_datetime_operator_3' retrieved from /home/airflow/.local/lib/python3.12/site-packages/airflow/example_dags/example_branch_datetime_operator.py
[2024-12-23T08:30:57.333+0000] {logging_mixin.py:190} INFO - [2024-12-23T08:30:57.333+0000] {dag.py:3239} INFO - Sync 3 DAGs
[2024-12-23T08:30:57.372+0000] {logging_mixin.py:190} INFO - [2024-12-23T08:30:57.371+0000] {dag.py:4180} INFO - Setting next_dagrun for example_branch_datetime_operator to 2024-12-22 00:00:00+00:00, run_after=2024-12-23 00:00:00+00:00
[2024-12-23T08:30:57.381+0000] {logging_mixin.py:190} INFO - [2024-12-23T08:30:57.381+0000] {dag.py:4180} INFO - Setting next_dagrun for example_branch_datetime_operator_2 to 2024-12-22 00:00:00+00:00, run_after=2024-12-23 00:00:00+00:00
[2024-12-23T08:30:57.386+0000] {logging_mixin.py:190} INFO - [2024-12-23T08:30:57.386+0000] {dag.py:4180} INFO - Setting next_dagrun for example_branch_datetime_operator_3 to 2024-12-22 00:00:00+00:00, run_after=2024-12-23 00:00:00+00:00
[2024-12-23T08:30:57.422+0000] {processor.py:208} INFO - Processing /home/airflow/.local/lib/python3.12/site-packages/airflow/example_dags/example_branch_datetime_operator.py took 0.168 seconds
