[2024-12-23T08:27:40.588+0000] {processor.py:186} INFO - Started process (PID=128) to work on /home/airflow/.local/lib/python3.12/site-packages/airflow/example_dags/example_xcomargs.py
[2024-12-23T08:27:40.590+0000] {processor.py:914} INFO - Processing file /home/airflow/.local/lib/python3.12/site-packages/airflow/example_dags/example_xcomargs.py for tasks to queue
[2024-12-23T08:27:40.596+0000] {logging_mixin.py:190} INFO - [2024-12-23T08:27:40.595+0000] {dagbag.py:588} INFO - Filling up the DagBag from /home/airflow/.local/lib/python3.12/site-packages/airflow/example_dags/example_xcomargs.py
[2024-12-23T08:27:40.618+0000] {processor.py:925} INFO - DAG(s) 'example_xcom_args_with_operators', 'example_xcom_args' retrieved from /home/airflow/.local/lib/python3.12/site-packages/airflow/example_dags/example_xcomargs.py
[2024-12-23T08:27:40.838+0000] {logging_mixin.py:190} INFO - [2024-12-23T08:27:40.837+0000] {override.py:1911} INFO - Created Permission View: can read on DAG:example_xcom_args_with_operators
[2024-12-23T08:27:40.865+0000] {logging_mixin.py:190} INFO - [2024-12-23T08:27:40.864+0000] {override.py:1911} INFO - Created Permission View: can edit on DAG:example_xcom_args_with_operators
[2024-12-23T08:27:40.885+0000] {logging_mixin.py:190} INFO - [2024-12-23T08:27:40.884+0000] {override.py:1911} INFO - Created Permission View: can delete on DAG:example_xcom_args_with_operators
[2024-12-23T08:27:40.908+0000] {logging_mixin.py:190} INFO - [2024-12-23T08:27:40.908+0000] {override.py:1911} INFO - Created Permission View: can read on DAG Run:example_xcom_args_with_operators
[2024-12-23T08:27:40.934+0000] {logging_mixin.py:190} INFO - [2024-12-23T08:27:40.933+0000] {override.py:1911} INFO - Created Permission View: can delete on DAG Run:example_xcom_args_with_operators
[2024-12-23T08:27:40.953+0000] {logging_mixin.py:190} INFO - [2024-12-23T08:27:40.953+0000] {override.py:1911} INFO - Created Permission View: menu access on DAG Run:example_xcom_args_with_operators
[2024-12-23T08:27:40.979+0000] {logging_mixin.py:190} INFO - [2024-12-23T08:27:40.979+0000] {override.py:1911} INFO - Created Permission View: can create on DAG Run:example_xcom_args_with_operators
[2024-12-23T08:27:41.022+0000] {logging_mixin.py:190} INFO - [2024-12-23T08:27:41.021+0000] {override.py:1911} INFO - Created Permission View: can read on DAG:example_xcom_args
[2024-12-23T08:27:41.041+0000] {logging_mixin.py:190} INFO - [2024-12-23T08:27:41.040+0000] {override.py:1911} INFO - Created Permission View: can edit on DAG:example_xcom_args
[2024-12-23T08:27:41.064+0000] {logging_mixin.py:190} INFO - [2024-12-23T08:27:41.063+0000] {override.py:1911} INFO - Created Permission View: can delete on DAG:example_xcom_args
[2024-12-23T08:27:41.088+0000] {logging_mixin.py:190} INFO - [2024-12-23T08:27:41.088+0000] {override.py:1911} INFO - Created Permission View: can read on DAG Run:example_xcom_args
[2024-12-23T08:27:41.105+0000] {logging_mixin.py:190} INFO - [2024-12-23T08:27:41.105+0000] {override.py:1911} INFO - Created Permission View: can delete on DAG Run:example_xcom_args
[2024-12-23T08:27:41.122+0000] {logging_mixin.py:190} INFO - [2024-12-23T08:27:41.121+0000] {override.py:1911} INFO - Created Permission View: menu access on DAG Run:example_xcom_args
[2024-12-23T08:27:41.141+0000] {logging_mixin.py:190} INFO - [2024-12-23T08:27:41.140+0000] {override.py:1911} INFO - Created Permission View: can create on DAG Run:example_xcom_args
[2024-12-23T08:27:41.142+0000] {logging_mixin.py:190} INFO - [2024-12-23T08:27:41.142+0000] {dag.py:3239} INFO - Sync 2 DAGs
[2024-12-23T08:27:41.161+0000] {logging_mixin.py:190} INFO - [2024-12-23T08:27:41.161+0000] {dag.py:3262} INFO - Creating ORM DAG for example_xcom_args
[2024-12-23T08:27:41.163+0000] {logging_mixin.py:190} INFO - [2024-12-23T08:27:41.163+0000] {dag.py:3262} INFO - Creating ORM DAG for example_xcom_args_with_operators
[2024-12-23T08:27:41.165+0000] {logging_mixin.py:190} INFO - [2024-12-23T08:27:41.165+0000] {dag.py:4180} INFO - Setting next_dagrun for example_xcom_args to None, run_after=None
[2024-12-23T08:27:41.167+0000] {logging_mixin.py:190} INFO - [2024-12-23T08:27:41.166+0000] {dag.py:4180} INFO - Setting next_dagrun for example_xcom_args_with_operators to None, run_after=None
[2024-12-23T08:27:41.222+0000] {processor.py:208} INFO - Processing /home/airflow/.local/lib/python3.12/site-packages/airflow/example_dags/example_xcomargs.py took 0.644 seconds
[2024-12-23T08:28:11.560+0000] {processor.py:186} INFO - Started process (PID=191) to work on /home/airflow/.local/lib/python3.12/site-packages/airflow/example_dags/example_xcomargs.py
[2024-12-23T08:28:11.561+0000] {processor.py:914} INFO - Processing file /home/airflow/.local/lib/python3.12/site-packages/airflow/example_dags/example_xcomargs.py for tasks to queue
[2024-12-23T08:28:11.565+0000] {logging_mixin.py:190} INFO - [2024-12-23T08:28:11.564+0000] {dagbag.py:588} INFO - Filling up the DagBag from /home/airflow/.local/lib/python3.12/site-packages/airflow/example_dags/example_xcomargs.py
[2024-12-23T08:28:11.577+0000] {processor.py:925} INFO - DAG(s) 'example_xcom_args_with_operators', 'example_xcom_args' retrieved from /home/airflow/.local/lib/python3.12/site-packages/airflow/example_dags/example_xcomargs.py
[2024-12-23T08:28:11.607+0000] {logging_mixin.py:190} INFO - [2024-12-23T08:28:11.606+0000] {dag.py:3239} INFO - Sync 2 DAGs
[2024-12-23T08:28:11.628+0000] {logging_mixin.py:190} INFO - [2024-12-23T08:28:11.628+0000] {dag.py:4180} INFO - Setting next_dagrun for example_xcom_args to None, run_after=None
[2024-12-23T08:28:11.633+0000] {logging_mixin.py:190} INFO - [2024-12-23T08:28:11.633+0000] {dag.py:4180} INFO - Setting next_dagrun for example_xcom_args_with_operators to None, run_after=None
[2024-12-23T08:28:11.656+0000] {processor.py:208} INFO - Processing /home/airflow/.local/lib/python3.12/site-packages/airflow/example_dags/example_xcomargs.py took 0.103 seconds
[2024-12-23T08:28:44.240+0000] {processor.py:186} INFO - Started process (PID=254) to work on /home/airflow/.local/lib/python3.12/site-packages/airflow/example_dags/example_xcomargs.py
[2024-12-23T08:28:44.242+0000] {processor.py:914} INFO - Processing file /home/airflow/.local/lib/python3.12/site-packages/airflow/example_dags/example_xcomargs.py for tasks to queue
[2024-12-23T08:28:44.246+0000] {logging_mixin.py:190} INFO - [2024-12-23T08:28:44.246+0000] {dagbag.py:588} INFO - Filling up the DagBag from /home/airflow/.local/lib/python3.12/site-packages/airflow/example_dags/example_xcomargs.py
[2024-12-23T08:28:44.259+0000] {processor.py:925} INFO - DAG(s) 'example_xcom_args', 'example_xcom_args_with_operators' retrieved from /home/airflow/.local/lib/python3.12/site-packages/airflow/example_dags/example_xcomargs.py
[2024-12-23T08:28:44.303+0000] {logging_mixin.py:190} INFO - [2024-12-23T08:28:44.303+0000] {dag.py:3239} INFO - Sync 2 DAGs
[2024-12-23T08:28:44.325+0000] {logging_mixin.py:190} INFO - [2024-12-23T08:28:44.325+0000] {dag.py:4180} INFO - Setting next_dagrun for example_xcom_args to None, run_after=None
[2024-12-23T08:28:44.333+0000] {logging_mixin.py:190} INFO - [2024-12-23T08:28:44.332+0000] {dag.py:4180} INFO - Setting next_dagrun for example_xcom_args_with_operators to None, run_after=None
[2024-12-23T08:28:44.369+0000] {processor.py:208} INFO - Processing /home/airflow/.local/lib/python3.12/site-packages/airflow/example_dags/example_xcomargs.py took 0.136 seconds
[2024-12-23T08:29:20.141+0000] {processor.py:186} INFO - Started process (PID=317) to work on /home/airflow/.local/lib/python3.12/site-packages/airflow/example_dags/example_xcomargs.py
[2024-12-23T08:29:20.142+0000] {processor.py:914} INFO - Processing file /home/airflow/.local/lib/python3.12/site-packages/airflow/example_dags/example_xcomargs.py for tasks to queue
[2024-12-23T08:29:20.146+0000] {logging_mixin.py:190} INFO - [2024-12-23T08:29:20.145+0000] {dagbag.py:588} INFO - Filling up the DagBag from /home/airflow/.local/lib/python3.12/site-packages/airflow/example_dags/example_xcomargs.py
[2024-12-23T08:29:20.188+0000] {processor.py:925} INFO - DAG(s) 'example_xcom_args_with_operators', 'example_xcom_args' retrieved from /home/airflow/.local/lib/python3.12/site-packages/airflow/example_dags/example_xcomargs.py
[2024-12-23T08:29:20.233+0000] {logging_mixin.py:190} INFO - [2024-12-23T08:29:20.232+0000] {dag.py:3239} INFO - Sync 2 DAGs
[2024-12-23T08:29:20.254+0000] {logging_mixin.py:190} INFO - [2024-12-23T08:29:20.254+0000] {dag.py:4180} INFO - Setting next_dagrun for example_xcom_args to None, run_after=None
[2024-12-23T08:29:20.264+0000] {logging_mixin.py:190} INFO - [2024-12-23T08:29:20.263+0000] {dag.py:4180} INFO - Setting next_dagrun for example_xcom_args_with_operators to None, run_after=None
[2024-12-23T08:29:20.373+0000] {processor.py:208} INFO - Processing /home/airflow/.local/lib/python3.12/site-packages/airflow/example_dags/example_xcomargs.py took 0.240 seconds
[2024-12-23T08:29:54.150+0000] {processor.py:186} INFO - Started process (PID=389) to work on /home/airflow/.local/lib/python3.12/site-packages/airflow/example_dags/example_xcomargs.py
[2024-12-23T08:29:54.153+0000] {processor.py:914} INFO - Processing file /home/airflow/.local/lib/python3.12/site-packages/airflow/example_dags/example_xcomargs.py for tasks to queue
[2024-12-23T08:29:54.159+0000] {logging_mixin.py:190} INFO - [2024-12-23T08:29:54.158+0000] {dagbag.py:588} INFO - Filling up the DagBag from /home/airflow/.local/lib/python3.12/site-packages/airflow/example_dags/example_xcomargs.py
[2024-12-23T08:29:54.182+0000] {processor.py:925} INFO - DAG(s) 'example_xcom_args', 'example_xcom_args_with_operators' retrieved from /home/airflow/.local/lib/python3.12/site-packages/airflow/example_dags/example_xcomargs.py
[2024-12-23T08:29:54.253+0000] {logging_mixin.py:190} INFO - [2024-12-23T08:29:54.252+0000] {dag.py:3239} INFO - Sync 2 DAGs
[2024-12-23T08:29:54.282+0000] {logging_mixin.py:190} INFO - [2024-12-23T08:29:54.282+0000] {dag.py:4180} INFO - Setting next_dagrun for example_xcom_args to None, run_after=None
[2024-12-23T08:29:54.291+0000] {logging_mixin.py:190} INFO - [2024-12-23T08:29:54.290+0000] {dag.py:4180} INFO - Setting next_dagrun for example_xcom_args_with_operators to None, run_after=None
[2024-12-23T08:29:54.338+0000] {processor.py:208} INFO - Processing /home/airflow/.local/lib/python3.12/site-packages/airflow/example_dags/example_xcomargs.py took 0.199 seconds
[2024-12-23T08:30:25.968+0000] {processor.py:186} INFO - Started process (PID=458) to work on /home/airflow/.local/lib/python3.12/site-packages/airflow/example_dags/example_xcomargs.py
[2024-12-23T08:30:25.970+0000] {processor.py:914} INFO - Processing file /home/airflow/.local/lib/python3.12/site-packages/airflow/example_dags/example_xcomargs.py for tasks to queue
[2024-12-23T08:30:25.975+0000] {logging_mixin.py:190} INFO - [2024-12-23T08:30:25.974+0000] {dagbag.py:588} INFO - Filling up the DagBag from /home/airflow/.local/lib/python3.12/site-packages/airflow/example_dags/example_xcomargs.py
[2024-12-23T08:30:25.994+0000] {processor.py:925} INFO - DAG(s) 'example_xcom_args_with_operators', 'example_xcom_args' retrieved from /home/airflow/.local/lib/python3.12/site-packages/airflow/example_dags/example_xcomargs.py
[2024-12-23T08:30:26.037+0000] {logging_mixin.py:190} INFO - [2024-12-23T08:30:26.036+0000] {dag.py:3239} INFO - Sync 2 DAGs
[2024-12-23T08:30:26.063+0000] {logging_mixin.py:190} INFO - [2024-12-23T08:30:26.062+0000] {dag.py:4180} INFO - Setting next_dagrun for example_xcom_args to None, run_after=None
[2024-12-23T08:30:26.070+0000] {logging_mixin.py:190} INFO - [2024-12-23T08:30:26.069+0000] {dag.py:4180} INFO - Setting next_dagrun for example_xcom_args_with_operators to None, run_after=None
[2024-12-23T08:30:26.102+0000] {processor.py:208} INFO - Processing /home/airflow/.local/lib/python3.12/site-packages/airflow/example_dags/example_xcomargs.py took 0.146 seconds
[2024-12-23T08:30:57.413+0000] {processor.py:186} INFO - Started process (PID=521) to work on /home/airflow/.local/lib/python3.12/site-packages/airflow/example_dags/example_xcomargs.py
[2024-12-23T08:30:57.415+0000] {processor.py:914} INFO - Processing file /home/airflow/.local/lib/python3.12/site-packages/airflow/example_dags/example_xcomargs.py for tasks to queue
[2024-12-23T08:30:57.419+0000] {logging_mixin.py:190} INFO - [2024-12-23T08:30:57.418+0000] {dagbag.py:588} INFO - Filling up the DagBag from /home/airflow/.local/lib/python3.12/site-packages/airflow/example_dags/example_xcomargs.py
[2024-12-23T08:30:57.434+0000] {processor.py:925} INFO - DAG(s) 'example_xcom_args_with_operators', 'example_xcom_args' retrieved from /home/airflow/.local/lib/python3.12/site-packages/airflow/example_dags/example_xcomargs.py
[2024-12-23T08:30:57.478+0000] {logging_mixin.py:190} INFO - [2024-12-23T08:30:57.477+0000] {dag.py:3239} INFO - Sync 2 DAGs
[2024-12-23T08:30:57.502+0000] {logging_mixin.py:190} INFO - [2024-12-23T08:30:57.501+0000] {dag.py:4180} INFO - Setting next_dagrun for example_xcom_args to None, run_after=None
[2024-12-23T08:30:57.508+0000] {logging_mixin.py:190} INFO - [2024-12-23T08:30:57.507+0000] {dag.py:4180} INFO - Setting next_dagrun for example_xcom_args_with_operators to None, run_after=None
[2024-12-23T08:30:57.543+0000] {processor.py:208} INFO - Processing /home/airflow/.local/lib/python3.12/site-packages/airflow/example_dags/example_xcomargs.py took 0.138 seconds
