[2024-12-23T08:27:42.197+0000] {processor.py:186} INFO - Started process (PID=132) to work on /home/airflow/.local/lib/python3.12/site-packages/airflow/example_dags/example_setup_teardown.py
[2024-12-23T08:27:42.198+0000] {processor.py:914} INFO - Processing file /home/airflow/.local/lib/python3.12/site-packages/airflow/example_dags/example_setup_teardown.py for tasks to queue
[2024-12-23T08:27:42.202+0000] {logging_mixin.py:190} INFO - [2024-12-23T08:27:42.201+0000] {dagbag.py:588} INFO - Filling up the DagBag from /home/airflow/.local/lib/python3.12/site-packages/airflow/example_dags/example_setup_teardown.py
[2024-12-23T08:27:42.213+0000] {processor.py:925} INFO - DAG(s) 'example_setup_teardown' retrieved from /home/airflow/.local/lib/python3.12/site-packages/airflow/example_dags/example_setup_teardown.py
[2024-12-23T08:27:42.355+0000] {logging_mixin.py:190} INFO - [2024-12-23T08:27:42.354+0000] {override.py:1911} INFO - Created Permission View: can read on DAG:example_setup_teardown
[2024-12-23T08:27:42.371+0000] {logging_mixin.py:190} INFO - [2024-12-23T08:27:42.371+0000] {override.py:1911} INFO - Created Permission View: can edit on DAG:example_setup_teardown
[2024-12-23T08:27:42.385+0000] {logging_mixin.py:190} INFO - [2024-12-23T08:27:42.384+0000] {override.py:1911} INFO - Created Permission View: can delete on DAG:example_setup_teardown
[2024-12-23T08:27:42.400+0000] {logging_mixin.py:190} INFO - [2024-12-23T08:27:42.399+0000] {override.py:1911} INFO - Created Permission View: can read on DAG Run:example_setup_teardown
[2024-12-23T08:27:42.414+0000] {logging_mixin.py:190} INFO - [2024-12-23T08:27:42.413+0000] {override.py:1911} INFO - Created Permission View: can delete on DAG Run:example_setup_teardown
[2024-12-23T08:27:42.424+0000] {logging_mixin.py:190} INFO - [2024-12-23T08:27:42.424+0000] {override.py:1911} INFO - Created Permission View: menu access on DAG Run:example_setup_teardown
[2024-12-23T08:27:42.439+0000] {logging_mixin.py:190} INFO - [2024-12-23T08:27:42.438+0000] {override.py:1911} INFO - Created Permission View: can create on DAG Run:example_setup_teardown
[2024-12-23T08:27:42.440+0000] {logging_mixin.py:190} INFO - [2024-12-23T08:27:42.440+0000] {dag.py:3239} INFO - Sync 1 DAGs
[2024-12-23T08:27:42.455+0000] {logging_mixin.py:190} INFO - [2024-12-23T08:27:42.455+0000] {dag.py:3262} INFO - Creating ORM DAG for example_setup_teardown
[2024-12-23T08:27:42.457+0000] {logging_mixin.py:190} INFO - [2024-12-23T08:27:42.456+0000] {dag.py:4180} INFO - Setting next_dagrun for example_setup_teardown to None, run_after=None
[2024-12-23T08:27:42.481+0000] {processor.py:208} INFO - Processing /home/airflow/.local/lib/python3.12/site-packages/airflow/example_dags/example_setup_teardown.py took 0.290 seconds
[2024-12-23T08:28:13.074+0000] {processor.py:186} INFO - Started process (PID=195) to work on /home/airflow/.local/lib/python3.12/site-packages/airflow/example_dags/example_setup_teardown.py
[2024-12-23T08:28:13.076+0000] {processor.py:914} INFO - Processing file /home/airflow/.local/lib/python3.12/site-packages/airflow/example_dags/example_setup_teardown.py for tasks to queue
[2024-12-23T08:28:13.080+0000] {logging_mixin.py:190} INFO - [2024-12-23T08:28:13.080+0000] {dagbag.py:588} INFO - Filling up the DagBag from /home/airflow/.local/lib/python3.12/site-packages/airflow/example_dags/example_setup_teardown.py
[2024-12-23T08:28:13.096+0000] {processor.py:925} INFO - DAG(s) 'example_setup_teardown' retrieved from /home/airflow/.local/lib/python3.12/site-packages/airflow/example_dags/example_setup_teardown.py
[2024-12-23T08:28:13.123+0000] {logging_mixin.py:190} INFO - [2024-12-23T08:28:13.122+0000] {dag.py:3239} INFO - Sync 1 DAGs
[2024-12-23T08:28:13.145+0000] {logging_mixin.py:190} INFO - [2024-12-23T08:28:13.145+0000] {dag.py:4180} INFO - Setting next_dagrun for example_setup_teardown to None, run_after=None
[2024-12-23T08:28:13.185+0000] {processor.py:208} INFO - Processing /home/airflow/.local/lib/python3.12/site-packages/airflow/example_dags/example_setup_teardown.py took 0.120 seconds
[2024-12-23T08:28:44.837+0000] {processor.py:186} INFO - Started process (PID=258) to work on /home/airflow/.local/lib/python3.12/site-packages/airflow/example_dags/example_setup_teardown.py
[2024-12-23T08:28:44.839+0000] {processor.py:914} INFO - Processing file /home/airflow/.local/lib/python3.12/site-packages/airflow/example_dags/example_setup_teardown.py for tasks to queue
[2024-12-23T08:28:44.842+0000] {logging_mixin.py:190} INFO - [2024-12-23T08:28:44.841+0000] {dagbag.py:588} INFO - Filling up the DagBag from /home/airflow/.local/lib/python3.12/site-packages/airflow/example_dags/example_setup_teardown.py
[2024-12-23T08:28:44.856+0000] {processor.py:925} INFO - DAG(s) 'example_setup_teardown' retrieved from /home/airflow/.local/lib/python3.12/site-packages/airflow/example_dags/example_setup_teardown.py
[2024-12-23T08:28:44.893+0000] {logging_mixin.py:190} INFO - [2024-12-23T08:28:44.893+0000] {dag.py:3239} INFO - Sync 1 DAGs
[2024-12-23T08:28:44.918+0000] {logging_mixin.py:190} INFO - [2024-12-23T08:28:44.917+0000] {dag.py:4180} INFO - Setting next_dagrun for example_setup_teardown to None, run_after=None
[2024-12-23T08:28:44.954+0000] {processor.py:208} INFO - Processing /home/airflow/.local/lib/python3.12/site-packages/airflow/example_dags/example_setup_teardown.py took 0.127 seconds
[2024-12-23T08:29:21.501+0000] {processor.py:186} INFO - Started process (PID=326) to work on /home/airflow/.local/lib/python3.12/site-packages/airflow/example_dags/example_setup_teardown.py
[2024-12-23T08:29:21.504+0000] {processor.py:914} INFO - Processing file /home/airflow/.local/lib/python3.12/site-packages/airflow/example_dags/example_setup_teardown.py for tasks to queue
[2024-12-23T08:29:21.509+0000] {logging_mixin.py:190} INFO - [2024-12-23T08:29:21.508+0000] {dagbag.py:588} INFO - Filling up the DagBag from /home/airflow/.local/lib/python3.12/site-packages/airflow/example_dags/example_setup_teardown.py
[2024-12-23T08:29:21.530+0000] {processor.py:925} INFO - DAG(s) 'example_setup_teardown' retrieved from /home/airflow/.local/lib/python3.12/site-packages/airflow/example_dags/example_setup_teardown.py
[2024-12-23T08:29:21.579+0000] {logging_mixin.py:190} INFO - [2024-12-23T08:29:21.579+0000] {dag.py:3239} INFO - Sync 1 DAGs
[2024-12-23T08:29:21.606+0000] {logging_mixin.py:190} INFO - [2024-12-23T08:29:21.605+0000] {dag.py:4180} INFO - Setting next_dagrun for example_setup_teardown to None, run_after=None
[2024-12-23T08:29:21.650+0000] {processor.py:208} INFO - Processing /home/airflow/.local/lib/python3.12/site-packages/airflow/example_dags/example_setup_teardown.py took 0.161 seconds
[2024-12-23T08:29:54.619+0000] {processor.py:186} INFO - Started process (PID=399) to work on /home/airflow/.local/lib/python3.12/site-packages/airflow/example_dags/example_setup_teardown.py
[2024-12-23T08:29:54.621+0000] {processor.py:914} INFO - Processing file /home/airflow/.local/lib/python3.12/site-packages/airflow/example_dags/example_setup_teardown.py for tasks to queue
[2024-12-23T08:29:54.625+0000] {logging_mixin.py:190} INFO - [2024-12-23T08:29:54.624+0000] {dagbag.py:588} INFO - Filling up the DagBag from /home/airflow/.local/lib/python3.12/site-packages/airflow/example_dags/example_setup_teardown.py
[2024-12-23T08:29:54.640+0000] {processor.py:925} INFO - DAG(s) 'example_setup_teardown' retrieved from /home/airflow/.local/lib/python3.12/site-packages/airflow/example_dags/example_setup_teardown.py
[2024-12-23T08:29:54.685+0000] {logging_mixin.py:190} INFO - [2024-12-23T08:29:54.685+0000] {dag.py:3239} INFO - Sync 1 DAGs
[2024-12-23T08:29:54.725+0000] {logging_mixin.py:190} INFO - [2024-12-23T08:29:54.724+0000] {dag.py:4180} INFO - Setting next_dagrun for example_setup_teardown to None, run_after=None
[2024-12-23T08:29:54.769+0000] {processor.py:208} INFO - Processing /home/airflow/.local/lib/python3.12/site-packages/airflow/example_dags/example_setup_teardown.py took 0.158 seconds
[2024-12-23T08:30:27.155+0000] {processor.py:186} INFO - Started process (PID=468) to work on /home/airflow/.local/lib/python3.12/site-packages/airflow/example_dags/example_setup_teardown.py
[2024-12-23T08:30:27.157+0000] {processor.py:914} INFO - Processing file /home/airflow/.local/lib/python3.12/site-packages/airflow/example_dags/example_setup_teardown.py for tasks to queue
[2024-12-23T08:30:27.161+0000] {logging_mixin.py:190} INFO - [2024-12-23T08:30:27.160+0000] {dagbag.py:588} INFO - Filling up the DagBag from /home/airflow/.local/lib/python3.12/site-packages/airflow/example_dags/example_setup_teardown.py
[2024-12-23T08:30:27.174+0000] {processor.py:925} INFO - DAG(s) 'example_setup_teardown' retrieved from /home/airflow/.local/lib/python3.12/site-packages/airflow/example_dags/example_setup_teardown.py
[2024-12-23T08:30:27.206+0000] {logging_mixin.py:190} INFO - [2024-12-23T08:30:27.205+0000] {dag.py:3239} INFO - Sync 1 DAGs
[2024-12-23T08:30:27.230+0000] {logging_mixin.py:190} INFO - [2024-12-23T08:30:27.229+0000] {dag.py:4180} INFO - Setting next_dagrun for example_setup_teardown to None, run_after=None
[2024-12-23T08:30:27.264+0000] {processor.py:208} INFO - Processing /home/airflow/.local/lib/python3.12/site-packages/airflow/example_dags/example_setup_teardown.py took 0.119 seconds
[2024-12-23T08:30:58.421+0000] {processor.py:186} INFO - Started process (PID=531) to work on /home/airflow/.local/lib/python3.12/site-packages/airflow/example_dags/example_setup_teardown.py
[2024-12-23T08:30:58.423+0000] {processor.py:914} INFO - Processing file /home/airflow/.local/lib/python3.12/site-packages/airflow/example_dags/example_setup_teardown.py for tasks to queue
[2024-12-23T08:30:58.426+0000] {logging_mixin.py:190} INFO - [2024-12-23T08:30:58.426+0000] {dagbag.py:588} INFO - Filling up the DagBag from /home/airflow/.local/lib/python3.12/site-packages/airflow/example_dags/example_setup_teardown.py
[2024-12-23T08:30:58.442+0000] {processor.py:925} INFO - DAG(s) 'example_setup_teardown' retrieved from /home/airflow/.local/lib/python3.12/site-packages/airflow/example_dags/example_setup_teardown.py
[2024-12-23T08:30:58.475+0000] {logging_mixin.py:190} INFO - [2024-12-23T08:30:58.475+0000] {dag.py:3239} INFO - Sync 1 DAGs
[2024-12-23T08:30:58.499+0000] {logging_mixin.py:190} INFO - [2024-12-23T08:30:58.499+0000] {dag.py:4180} INFO - Setting next_dagrun for example_setup_teardown to None, run_after=None
[2024-12-23T08:30:58.541+0000] {processor.py:208} INFO - Processing /home/airflow/.local/lib/python3.12/site-packages/airflow/example_dags/example_setup_teardown.py took 0.130 seconds
