[2024-12-23T08:27:30.967+0000] {processor.py:186} INFO - Started process (PID=105) to work on /home/airflow/.local/lib/python3.12/site-packages/airflow/example_dags/example_time_delta_sensor_async.py
[2024-12-23T08:27:30.969+0000] {processor.py:914} INFO - Processing file /home/airflow/.local/lib/python3.12/site-packages/airflow/example_dags/example_time_delta_sensor_async.py for tasks to queue
[2024-12-23T08:27:30.973+0000] {logging_mixin.py:190} INFO - [2024-12-23T08:27:30.972+0000] {dagbag.py:588} INFO - Filling up the DagBag from /home/airflow/.local/lib/python3.12/site-packages/airflow/example_dags/example_time_delta_sensor_async.py
[2024-12-23T08:27:30.986+0000] {processor.py:925} INFO - DAG(s) 'example_time_delta_sensor_async' retrieved from /home/airflow/.local/lib/python3.12/site-packages/airflow/example_dags/example_time_delta_sensor_async.py
[2024-12-23T08:27:31.163+0000] {logging_mixin.py:190} INFO - [2024-12-23T08:27:31.162+0000] {override.py:1911} INFO - Created Permission View: can read on DAG:example_time_delta_sensor_async
[2024-12-23T08:27:31.182+0000] {logging_mixin.py:190} INFO - [2024-12-23T08:27:31.181+0000] {override.py:1911} INFO - Created Permission View: can edit on DAG:example_time_delta_sensor_async
[2024-12-23T08:27:31.200+0000] {logging_mixin.py:190} INFO - [2024-12-23T08:27:31.199+0000] {override.py:1911} INFO - Created Permission View: can delete on DAG:example_time_delta_sensor_async
[2024-12-23T08:27:31.222+0000] {logging_mixin.py:190} INFO - [2024-12-23T08:27:31.222+0000] {override.py:1911} INFO - Created Permission View: can read on DAG Run:example_time_delta_sensor_async
[2024-12-23T08:27:31.237+0000] {logging_mixin.py:190} INFO - [2024-12-23T08:27:31.237+0000] {override.py:1911} INFO - Created Permission View: can delete on DAG Run:example_time_delta_sensor_async
[2024-12-23T08:27:31.254+0000] {logging_mixin.py:190} INFO - [2024-12-23T08:27:31.253+0000] {override.py:1911} INFO - Created Permission View: menu access on DAG Run:example_time_delta_sensor_async
[2024-12-23T08:27:31.268+0000] {logging_mixin.py:190} INFO - [2024-12-23T08:27:31.268+0000] {override.py:1911} INFO - Created Permission View: can create on DAG Run:example_time_delta_sensor_async
[2024-12-23T08:27:31.269+0000] {logging_mixin.py:190} INFO - [2024-12-23T08:27:31.269+0000] {dag.py:3239} INFO - Sync 1 DAGs
[2024-12-23T08:27:31.286+0000] {logging_mixin.py:190} INFO - [2024-12-23T08:27:31.286+0000] {dag.py:3262} INFO - Creating ORM DAG for example_time_delta_sensor_async
[2024-12-23T08:27:31.287+0000] {logging_mixin.py:190} INFO - [2024-12-23T08:27:31.287+0000] {dag.py:4180} INFO - Setting next_dagrun for example_time_delta_sensor_async to None, run_after=None
[2024-12-23T08:27:31.319+0000] {processor.py:208} INFO - Processing /home/airflow/.local/lib/python3.12/site-packages/airflow/example_dags/example_time_delta_sensor_async.py took 0.363 seconds
[2024-12-23T08:28:01.686+0000] {processor.py:186} INFO - Started process (PID=168) to work on /home/airflow/.local/lib/python3.12/site-packages/airflow/example_dags/example_time_delta_sensor_async.py
[2024-12-23T08:28:01.687+0000] {processor.py:914} INFO - Processing file /home/airflow/.local/lib/python3.12/site-packages/airflow/example_dags/example_time_delta_sensor_async.py for tasks to queue
[2024-12-23T08:28:01.690+0000] {logging_mixin.py:190} INFO - [2024-12-23T08:28:01.690+0000] {dagbag.py:588} INFO - Filling up the DagBag from /home/airflow/.local/lib/python3.12/site-packages/airflow/example_dags/example_time_delta_sensor_async.py
[2024-12-23T08:28:01.700+0000] {processor.py:925} INFO - DAG(s) 'example_time_delta_sensor_async' retrieved from /home/airflow/.local/lib/python3.12/site-packages/airflow/example_dags/example_time_delta_sensor_async.py
[2024-12-23T08:28:01.729+0000] {logging_mixin.py:190} INFO - [2024-12-23T08:28:01.729+0000] {dag.py:3239} INFO - Sync 1 DAGs
[2024-12-23T08:28:01.749+0000] {logging_mixin.py:190} INFO - [2024-12-23T08:28:01.748+0000] {dag.py:4180} INFO - Setting next_dagrun for example_time_delta_sensor_async to None, run_after=None
[2024-12-23T08:28:01.778+0000] {processor.py:208} INFO - Processing /home/airflow/.local/lib/python3.12/site-packages/airflow/example_dags/example_time_delta_sensor_async.py took 0.099 seconds
[2024-12-23T08:28:33.286+0000] {processor.py:186} INFO - Started process (PID=231) to work on /home/airflow/.local/lib/python3.12/site-packages/airflow/example_dags/example_time_delta_sensor_async.py
[2024-12-23T08:28:33.289+0000] {processor.py:914} INFO - Processing file /home/airflow/.local/lib/python3.12/site-packages/airflow/example_dags/example_time_delta_sensor_async.py for tasks to queue
[2024-12-23T08:28:33.293+0000] {logging_mixin.py:190} INFO - [2024-12-23T08:28:33.293+0000] {dagbag.py:588} INFO - Filling up the DagBag from /home/airflow/.local/lib/python3.12/site-packages/airflow/example_dags/example_time_delta_sensor_async.py
[2024-12-23T08:28:33.308+0000] {processor.py:925} INFO - DAG(s) 'example_time_delta_sensor_async' retrieved from /home/airflow/.local/lib/python3.12/site-packages/airflow/example_dags/example_time_delta_sensor_async.py
[2024-12-23T08:28:33.343+0000] {logging_mixin.py:190} INFO - [2024-12-23T08:28:33.342+0000] {dag.py:3239} INFO - Sync 1 DAGs
[2024-12-23T08:28:33.370+0000] {logging_mixin.py:190} INFO - [2024-12-23T08:28:33.370+0000] {dag.py:4180} INFO - Setting next_dagrun for example_time_delta_sensor_async to None, run_after=None
[2024-12-23T08:28:33.407+0000] {processor.py:208} INFO - Processing /home/airflow/.local/lib/python3.12/site-packages/airflow/example_dags/example_time_delta_sensor_async.py took 0.130 seconds
[2024-12-23T08:29:04.991+0000] {processor.py:186} INFO - Started process (PID=294) to work on /home/airflow/.local/lib/python3.12/site-packages/airflow/example_dags/example_time_delta_sensor_async.py
[2024-12-23T08:29:04.993+0000] {processor.py:914} INFO - Processing file /home/airflow/.local/lib/python3.12/site-packages/airflow/example_dags/example_time_delta_sensor_async.py for tasks to queue
[2024-12-23T08:29:04.996+0000] {logging_mixin.py:190} INFO - [2024-12-23T08:29:04.996+0000] {dagbag.py:588} INFO - Filling up the DagBag from /home/airflow/.local/lib/python3.12/site-packages/airflow/example_dags/example_time_delta_sensor_async.py
[2024-12-23T08:29:05.004+0000] {processor.py:925} INFO - DAG(s) 'example_time_delta_sensor_async' retrieved from /home/airflow/.local/lib/python3.12/site-packages/airflow/example_dags/example_time_delta_sensor_async.py
[2024-12-23T08:29:05.029+0000] {logging_mixin.py:190} INFO - [2024-12-23T08:29:05.028+0000] {dag.py:3239} INFO - Sync 1 DAGs
[2024-12-23T08:29:05.048+0000] {logging_mixin.py:190} INFO - [2024-12-23T08:29:05.048+0000] {dag.py:4180} INFO - Setting next_dagrun for example_time_delta_sensor_async to None, run_after=None
[2024-12-23T08:29:05.071+0000] {processor.py:208} INFO - Processing /home/airflow/.local/lib/python3.12/site-packages/airflow/example_dags/example_time_delta_sensor_async.py took 0.086 seconds
[2024-12-23T08:29:36.423+0000] {processor.py:186} INFO - Started process (PID=357) to work on /home/airflow/.local/lib/python3.12/site-packages/airflow/example_dags/example_time_delta_sensor_async.py
[2024-12-23T08:29:36.424+0000] {processor.py:914} INFO - Processing file /home/airflow/.local/lib/python3.12/site-packages/airflow/example_dags/example_time_delta_sensor_async.py for tasks to queue
[2024-12-23T08:29:36.427+0000] {logging_mixin.py:190} INFO - [2024-12-23T08:29:36.427+0000] {dagbag.py:588} INFO - Filling up the DagBag from /home/airflow/.local/lib/python3.12/site-packages/airflow/example_dags/example_time_delta_sensor_async.py
[2024-12-23T08:29:36.436+0000] {processor.py:925} INFO - DAG(s) 'example_time_delta_sensor_async' retrieved from /home/airflow/.local/lib/python3.12/site-packages/airflow/example_dags/example_time_delta_sensor_async.py
[2024-12-23T08:29:36.459+0000] {logging_mixin.py:190} INFO - [2024-12-23T08:29:36.459+0000] {dag.py:3239} INFO - Sync 1 DAGs
[2024-12-23T08:29:36.478+0000] {logging_mixin.py:190} INFO - [2024-12-23T08:29:36.477+0000] {dag.py:4180} INFO - Setting next_dagrun for example_time_delta_sensor_async to None, run_after=None
[2024-12-23T08:29:36.503+0000] {processor.py:208} INFO - Processing /home/airflow/.local/lib/python3.12/site-packages/airflow/example_dags/example_time_delta_sensor_async.py took 0.089 seconds
[2024-12-23T08:30:07.497+0000] {processor.py:186} INFO - Started process (PID=419) to work on /home/airflow/.local/lib/python3.12/site-packages/airflow/example_dags/example_time_delta_sensor_async.py
[2024-12-23T08:30:07.500+0000] {processor.py:914} INFO - Processing file /home/airflow/.local/lib/python3.12/site-packages/airflow/example_dags/example_time_delta_sensor_async.py for tasks to queue
[2024-12-23T08:30:07.505+0000] {logging_mixin.py:190} INFO - [2024-12-23T08:30:07.504+0000] {dagbag.py:588} INFO - Filling up the DagBag from /home/airflow/.local/lib/python3.12/site-packages/airflow/example_dags/example_time_delta_sensor_async.py
[2024-12-23T08:30:07.524+0000] {processor.py:925} INFO - DAG(s) 'example_time_delta_sensor_async' retrieved from /home/airflow/.local/lib/python3.12/site-packages/airflow/example_dags/example_time_delta_sensor_async.py
[2024-12-23T08:30:07.557+0000] {logging_mixin.py:190} INFO - [2024-12-23T08:30:07.556+0000] {dag.py:3239} INFO - Sync 1 DAGs
[2024-12-23T08:30:07.582+0000] {logging_mixin.py:190} INFO - [2024-12-23T08:30:07.581+0000] {dag.py:4180} INFO - Setting next_dagrun for example_time_delta_sensor_async to None, run_after=None
[2024-12-23T08:30:07.621+0000] {processor.py:208} INFO - Processing /home/airflow/.local/lib/python3.12/site-packages/airflow/example_dags/example_time_delta_sensor_async.py took 0.134 seconds
[2024-12-23T08:30:38.499+0000] {processor.py:186} INFO - Started process (PID=482) to work on /home/airflow/.local/lib/python3.12/site-packages/airflow/example_dags/example_time_delta_sensor_async.py
[2024-12-23T08:30:38.502+0000] {processor.py:914} INFO - Processing file /home/airflow/.local/lib/python3.12/site-packages/airflow/example_dags/example_time_delta_sensor_async.py for tasks to queue
[2024-12-23T08:30:38.507+0000] {logging_mixin.py:190} INFO - [2024-12-23T08:30:38.506+0000] {dagbag.py:588} INFO - Filling up the DagBag from /home/airflow/.local/lib/python3.12/site-packages/airflow/example_dags/example_time_delta_sensor_async.py
[2024-12-23T08:30:38.521+0000] {processor.py:925} INFO - DAG(s) 'example_time_delta_sensor_async' retrieved from /home/airflow/.local/lib/python3.12/site-packages/airflow/example_dags/example_time_delta_sensor_async.py
[2024-12-23T08:30:38.557+0000] {logging_mixin.py:190} INFO - [2024-12-23T08:30:38.557+0000] {dag.py:3239} INFO - Sync 1 DAGs
[2024-12-23T08:30:38.593+0000] {logging_mixin.py:190} INFO - [2024-12-23T08:30:38.592+0000] {dag.py:4180} INFO - Setting next_dagrun for example_time_delta_sensor_async to None, run_after=None
[2024-12-23T08:30:38.633+0000] {processor.py:208} INFO - Processing /home/airflow/.local/lib/python3.12/site-packages/airflow/example_dags/example_time_delta_sensor_async.py took 0.144 seconds
[2024-12-23T08:31:09.521+0000] {processor.py:186} INFO - Started process (PID=544) to work on /home/airflow/.local/lib/python3.12/site-packages/airflow/example_dags/example_time_delta_sensor_async.py
[2024-12-23T08:31:09.523+0000] {processor.py:914} INFO - Processing file /home/airflow/.local/lib/python3.12/site-packages/airflow/example_dags/example_time_delta_sensor_async.py for tasks to queue
[2024-12-23T08:31:09.526+0000] {logging_mixin.py:190} INFO - [2024-12-23T08:31:09.526+0000] {dagbag.py:588} INFO - Filling up the DagBag from /home/airflow/.local/lib/python3.12/site-packages/airflow/example_dags/example_time_delta_sensor_async.py
[2024-12-23T08:31:09.539+0000] {processor.py:925} INFO - DAG(s) 'example_time_delta_sensor_async' retrieved from /home/airflow/.local/lib/python3.12/site-packages/airflow/example_dags/example_time_delta_sensor_async.py
[2024-12-23T08:31:09.567+0000] {logging_mixin.py:190} INFO - [2024-12-23T08:31:09.566+0000] {dag.py:3239} INFO - Sync 1 DAGs
[2024-12-23T08:31:09.584+0000] {logging_mixin.py:190} INFO - [2024-12-23T08:31:09.584+0000] {dag.py:4180} INFO - Setting next_dagrun for example_time_delta_sensor_async to None, run_after=None
[2024-12-23T08:31:09.610+0000] {processor.py:208} INFO - Processing /home/airflow/.local/lib/python3.12/site-packages/airflow/example_dags/example_time_delta_sensor_async.py took 0.099 seconds
