[2024-12-23T08:27:30.038+0000] {processor.py:186} INFO - Started process (PID=102) to work on /home/airflow/.local/lib/python3.12/site-packages/airflow/example_dags/example_dynamic_task_mapping.py
[2024-12-23T08:27:30.040+0000] {processor.py:914} INFO - Processing file /home/airflow/.local/lib/python3.12/site-packages/airflow/example_dags/example_dynamic_task_mapping.py for tasks to queue
[2024-12-23T08:27:30.051+0000] {logging_mixin.py:190} INFO - [2024-12-23T08:27:30.050+0000] {dagbag.py:588} INFO - Filling up the DagBag from /home/airflow/.local/lib/python3.12/site-packages/airflow/example_dags/example_dynamic_task_mapping.py
[2024-12-23T08:27:30.067+0000] {processor.py:925} INFO - DAG(s) 'example_dynamic_task_mapping' retrieved from /home/airflow/.local/lib/python3.12/site-packages/airflow/example_dags/example_dynamic_task_mapping.py
[2024-12-23T08:27:30.231+0000] {logging_mixin.py:190} INFO - [2024-12-23T08:27:30.230+0000] {override.py:1911} INFO - Created Permission View: can read on DAG:example_dynamic_task_mapping
[2024-12-23T08:27:30.251+0000] {logging_mixin.py:190} INFO - [2024-12-23T08:27:30.251+0000] {override.py:1911} INFO - Created Permission View: can edit on DAG:example_dynamic_task_mapping
[2024-12-23T08:27:30.271+0000] {logging_mixin.py:190} INFO - [2024-12-23T08:27:30.271+0000] {override.py:1911} INFO - Created Permission View: can delete on DAG:example_dynamic_task_mapping
[2024-12-23T08:27:30.291+0000] {logging_mixin.py:190} INFO - [2024-12-23T08:27:30.290+0000] {override.py:1911} INFO - Created Permission View: can read on DAG Run:example_dynamic_task_mapping
[2024-12-23T08:27:30.307+0000] {logging_mixin.py:190} INFO - [2024-12-23T08:27:30.306+0000] {override.py:1911} INFO - Created Permission View: can delete on DAG Run:example_dynamic_task_mapping
[2024-12-23T08:27:30.322+0000] {logging_mixin.py:190} INFO - [2024-12-23T08:27:30.322+0000] {override.py:1911} INFO - Created Permission View: menu access on DAG Run:example_dynamic_task_mapping
[2024-12-23T08:27:30.337+0000] {logging_mixin.py:190} INFO - [2024-12-23T08:27:30.336+0000] {override.py:1911} INFO - Created Permission View: can create on DAG Run:example_dynamic_task_mapping
[2024-12-23T08:27:30.338+0000] {logging_mixin.py:190} INFO - [2024-12-23T08:27:30.337+0000] {dag.py:3239} INFO - Sync 1 DAGs
[2024-12-23T08:27:30.355+0000] {logging_mixin.py:190} INFO - [2024-12-23T08:27:30.354+0000] {dag.py:3262} INFO - Creating ORM DAG for example_dynamic_task_mapping
[2024-12-23T08:27:30.356+0000] {logging_mixin.py:190} INFO - [2024-12-23T08:27:30.355+0000] {dag.py:4180} INFO - Setting next_dagrun for example_dynamic_task_mapping to None, run_after=None
[2024-12-23T08:27:30.382+0000] {processor.py:208} INFO - Processing /home/airflow/.local/lib/python3.12/site-packages/airflow/example_dags/example_dynamic_task_mapping.py took 0.354 seconds
[2024-12-23T08:28:01.086+0000] {processor.py:186} INFO - Started process (PID=165) to work on /home/airflow/.local/lib/python3.12/site-packages/airflow/example_dags/example_dynamic_task_mapping.py
[2024-12-23T08:28:01.088+0000] {processor.py:914} INFO - Processing file /home/airflow/.local/lib/python3.12/site-packages/airflow/example_dags/example_dynamic_task_mapping.py for tasks to queue
[2024-12-23T08:28:01.091+0000] {logging_mixin.py:190} INFO - [2024-12-23T08:28:01.090+0000] {dagbag.py:588} INFO - Filling up the DagBag from /home/airflow/.local/lib/python3.12/site-packages/airflow/example_dags/example_dynamic_task_mapping.py
[2024-12-23T08:28:01.102+0000] {processor.py:925} INFO - DAG(s) 'example_dynamic_task_mapping' retrieved from /home/airflow/.local/lib/python3.12/site-packages/airflow/example_dags/example_dynamic_task_mapping.py
[2024-12-23T08:28:01.127+0000] {logging_mixin.py:190} INFO - [2024-12-23T08:28:01.127+0000] {dag.py:3239} INFO - Sync 1 DAGs
[2024-12-23T08:28:01.142+0000] {logging_mixin.py:190} INFO - [2024-12-23T08:28:01.142+0000] {dag.py:4180} INFO - Setting next_dagrun for example_dynamic_task_mapping to None, run_after=None
[2024-12-23T08:28:01.170+0000] {processor.py:208} INFO - Processing /home/airflow/.local/lib/python3.12/site-packages/airflow/example_dags/example_dynamic_task_mapping.py took 0.093 seconds
[2024-12-23T08:28:31.851+0000] {processor.py:186} INFO - Started process (PID=227) to work on /home/airflow/.local/lib/python3.12/site-packages/airflow/example_dags/example_dynamic_task_mapping.py
[2024-12-23T08:28:31.853+0000] {processor.py:914} INFO - Processing file /home/airflow/.local/lib/python3.12/site-packages/airflow/example_dags/example_dynamic_task_mapping.py for tasks to queue
[2024-12-23T08:28:31.856+0000] {logging_mixin.py:190} INFO - [2024-12-23T08:28:31.855+0000] {dagbag.py:588} INFO - Filling up the DagBag from /home/airflow/.local/lib/python3.12/site-packages/airflow/example_dags/example_dynamic_task_mapping.py
[2024-12-23T08:28:31.869+0000] {processor.py:925} INFO - DAG(s) 'example_dynamic_task_mapping' retrieved from /home/airflow/.local/lib/python3.12/site-packages/airflow/example_dags/example_dynamic_task_mapping.py
[2024-12-23T08:28:31.915+0000] {logging_mixin.py:190} INFO - [2024-12-23T08:28:31.914+0000] {dag.py:3239} INFO - Sync 1 DAGs
[2024-12-23T08:28:31.949+0000] {logging_mixin.py:190} INFO - [2024-12-23T08:28:31.948+0000] {dag.py:4180} INFO - Setting next_dagrun for example_dynamic_task_mapping to None, run_after=None
[2024-12-23T08:28:31.998+0000] {processor.py:208} INFO - Processing /home/airflow/.local/lib/python3.12/site-packages/airflow/example_dags/example_dynamic_task_mapping.py took 0.156 seconds
[2024-12-23T08:29:02.768+0000] {processor.py:186} INFO - Started process (PID=289) to work on /home/airflow/.local/lib/python3.12/site-packages/airflow/example_dags/example_dynamic_task_mapping.py
[2024-12-23T08:29:02.769+0000] {processor.py:914} INFO - Processing file /home/airflow/.local/lib/python3.12/site-packages/airflow/example_dags/example_dynamic_task_mapping.py for tasks to queue
[2024-12-23T08:29:02.772+0000] {logging_mixin.py:190} INFO - [2024-12-23T08:29:02.772+0000] {dagbag.py:588} INFO - Filling up the DagBag from /home/airflow/.local/lib/python3.12/site-packages/airflow/example_dags/example_dynamic_task_mapping.py
[2024-12-23T08:29:02.782+0000] {processor.py:925} INFO - DAG(s) 'example_dynamic_task_mapping' retrieved from /home/airflow/.local/lib/python3.12/site-packages/airflow/example_dags/example_dynamic_task_mapping.py
[2024-12-23T08:29:02.807+0000] {logging_mixin.py:190} INFO - [2024-12-23T08:29:02.807+0000] {dag.py:3239} INFO - Sync 1 DAGs
[2024-12-23T08:29:02.824+0000] {logging_mixin.py:190} INFO - [2024-12-23T08:29:02.824+0000] {dag.py:4180} INFO - Setting next_dagrun for example_dynamic_task_mapping to None, run_after=None
[2024-12-23T08:29:02.855+0000] {processor.py:208} INFO - Processing /home/airflow/.local/lib/python3.12/site-packages/airflow/example_dags/example_dynamic_task_mapping.py took 0.094 seconds
[2024-12-23T08:29:33.671+0000] {processor.py:186} INFO - Started process (PID=352) to work on /home/airflow/.local/lib/python3.12/site-packages/airflow/example_dags/example_dynamic_task_mapping.py
[2024-12-23T08:29:33.672+0000] {processor.py:914} INFO - Processing file /home/airflow/.local/lib/python3.12/site-packages/airflow/example_dags/example_dynamic_task_mapping.py for tasks to queue
[2024-12-23T08:29:33.675+0000] {logging_mixin.py:190} INFO - [2024-12-23T08:29:33.674+0000] {dagbag.py:588} INFO - Filling up the DagBag from /home/airflow/.local/lib/python3.12/site-packages/airflow/example_dags/example_dynamic_task_mapping.py
[2024-12-23T08:29:33.684+0000] {processor.py:925} INFO - DAG(s) 'example_dynamic_task_mapping' retrieved from /home/airflow/.local/lib/python3.12/site-packages/airflow/example_dags/example_dynamic_task_mapping.py
[2024-12-23T08:29:33.712+0000] {logging_mixin.py:190} INFO - [2024-12-23T08:29:33.711+0000] {dag.py:3239} INFO - Sync 1 DAGs
[2024-12-23T08:29:33.730+0000] {logging_mixin.py:190} INFO - [2024-12-23T08:29:33.730+0000] {dag.py:4180} INFO - Setting next_dagrun for example_dynamic_task_mapping to None, run_after=None
[2024-12-23T08:29:33.762+0000] {processor.py:208} INFO - Processing /home/airflow/.local/lib/python3.12/site-packages/airflow/example_dags/example_dynamic_task_mapping.py took 0.097 seconds
[2024-12-23T08:30:04.199+0000] {processor.py:186} INFO - Started process (PID=415) to work on /home/airflow/.local/lib/python3.12/site-packages/airflow/example_dags/example_dynamic_task_mapping.py
[2024-12-23T08:30:04.202+0000] {processor.py:914} INFO - Processing file /home/airflow/.local/lib/python3.12/site-packages/airflow/example_dags/example_dynamic_task_mapping.py for tasks to queue
[2024-12-23T08:30:04.210+0000] {logging_mixin.py:190} INFO - [2024-12-23T08:30:04.209+0000] {dagbag.py:588} INFO - Filling up the DagBag from /home/airflow/.local/lib/python3.12/site-packages/airflow/example_dags/example_dynamic_task_mapping.py
[2024-12-23T08:30:04.232+0000] {processor.py:925} INFO - DAG(s) 'example_dynamic_task_mapping' retrieved from /home/airflow/.local/lib/python3.12/site-packages/airflow/example_dags/example_dynamic_task_mapping.py
[2024-12-23T08:30:04.283+0000] {logging_mixin.py:190} INFO - [2024-12-23T08:30:04.282+0000] {dag.py:3239} INFO - Sync 1 DAGs
[2024-12-23T08:30:04.307+0000] {logging_mixin.py:190} INFO - [2024-12-23T08:30:04.307+0000] {dag.py:4180} INFO - Setting next_dagrun for example_dynamic_task_mapping to None, run_after=None
[2024-12-23T08:30:04.349+0000] {processor.py:208} INFO - Processing /home/airflow/.local/lib/python3.12/site-packages/airflow/example_dags/example_dynamic_task_mapping.py took 0.161 seconds
[2024-12-23T08:30:34.997+0000] {processor.py:186} INFO - Started process (PID=478) to work on /home/airflow/.local/lib/python3.12/site-packages/airflow/example_dags/example_dynamic_task_mapping.py
[2024-12-23T08:30:34.999+0000] {processor.py:914} INFO - Processing file /home/airflow/.local/lib/python3.12/site-packages/airflow/example_dags/example_dynamic_task_mapping.py for tasks to queue
[2024-12-23T08:30:35.004+0000] {logging_mixin.py:190} INFO - [2024-12-23T08:30:35.003+0000] {dagbag.py:588} INFO - Filling up the DagBag from /home/airflow/.local/lib/python3.12/site-packages/airflow/example_dags/example_dynamic_task_mapping.py
[2024-12-23T08:30:35.025+0000] {processor.py:925} INFO - DAG(s) 'example_dynamic_task_mapping' retrieved from /home/airflow/.local/lib/python3.12/site-packages/airflow/example_dags/example_dynamic_task_mapping.py
[2024-12-23T08:30:35.092+0000] {logging_mixin.py:190} INFO - [2024-12-23T08:30:35.091+0000] {dag.py:3239} INFO - Sync 1 DAGs
[2024-12-23T08:30:35.119+0000] {logging_mixin.py:190} INFO - [2024-12-23T08:30:35.118+0000] {dag.py:4180} INFO - Setting next_dagrun for example_dynamic_task_mapping to None, run_after=None
[2024-12-23T08:30:35.159+0000] {processor.py:208} INFO - Processing /home/airflow/.local/lib/python3.12/site-packages/airflow/example_dags/example_dynamic_task_mapping.py took 0.170 seconds
[2024-12-23T08:31:06.187+0000] {processor.py:186} INFO - Started process (PID=541) to work on /home/airflow/.local/lib/python3.12/site-packages/airflow/example_dags/example_dynamic_task_mapping.py
[2024-12-23T08:31:06.188+0000] {processor.py:914} INFO - Processing file /home/airflow/.local/lib/python3.12/site-packages/airflow/example_dags/example_dynamic_task_mapping.py for tasks to queue
[2024-12-23T08:31:06.194+0000] {logging_mixin.py:190} INFO - [2024-12-23T08:31:06.193+0000] {dagbag.py:588} INFO - Filling up the DagBag from /home/airflow/.local/lib/python3.12/site-packages/airflow/example_dags/example_dynamic_task_mapping.py
[2024-12-23T08:31:06.205+0000] {processor.py:925} INFO - DAG(s) 'example_dynamic_task_mapping' retrieved from /home/airflow/.local/lib/python3.12/site-packages/airflow/example_dags/example_dynamic_task_mapping.py
[2024-12-23T08:31:06.233+0000] {logging_mixin.py:190} INFO - [2024-12-23T08:31:06.233+0000] {dag.py:3239} INFO - Sync 1 DAGs
[2024-12-23T08:31:06.253+0000] {logging_mixin.py:190} INFO - [2024-12-23T08:31:06.252+0000] {dag.py:4180} INFO - Setting next_dagrun for example_dynamic_task_mapping to None, run_after=None
[2024-12-23T08:31:06.285+0000] {processor.py:208} INFO - Processing /home/airflow/.local/lib/python3.12/site-packages/airflow/example_dags/example_dynamic_task_mapping.py took 0.105 seconds
