[2024-12-23T08:27:20.023+0000] {processor.py:186} INFO - Started process (PID=87) to work on /home/airflow/.local/lib/python3.12/site-packages/airflow/example_dags/example_display_name.py
[2024-12-23T08:27:20.024+0000] {processor.py:914} INFO - Processing file /home/airflow/.local/lib/python3.12/site-packages/airflow/example_dags/example_display_name.py for tasks to queue
[2024-12-23T08:27:20.028+0000] {logging_mixin.py:190} INFO - [2024-12-23T08:27:20.027+0000] {dagbag.py:588} INFO - Filling up the DagBag from /home/airflow/.local/lib/python3.12/site-packages/airflow/example_dags/example_display_name.py
[2024-12-23T08:27:20.060+0000] {processor.py:925} INFO - DAG(s) 'example_display_name' retrieved from /home/airflow/.local/lib/python3.12/site-packages/airflow/example_dags/example_display_name.py
[2024-12-23T08:27:20.759+0000] {logging_mixin.py:190} INFO - [2024-12-23T08:27:20.758+0000] {override.py:1911} INFO - Created Permission View: can read on DAG:example_display_name
[2024-12-23T08:27:20.782+0000] {logging_mixin.py:190} INFO - [2024-12-23T08:27:20.781+0000] {override.py:1911} INFO - Created Permission View: can edit on DAG:example_display_name
[2024-12-23T08:27:20.801+0000] {logging_mixin.py:190} INFO - [2024-12-23T08:27:20.801+0000] {override.py:1911} INFO - Created Permission View: can delete on DAG:example_display_name
[2024-12-23T08:27:20.829+0000] {logging_mixin.py:190} INFO - [2024-12-23T08:27:20.828+0000] {override.py:1911} INFO - Created Permission View: can read on DAG Run:example_display_name
[2024-12-23T08:27:20.853+0000] {logging_mixin.py:190} INFO - [2024-12-23T08:27:20.853+0000] {override.py:1911} INFO - Created Permission View: can delete on DAG Run:example_display_name
[2024-12-23T08:27:20.874+0000] {logging_mixin.py:190} INFO - [2024-12-23T08:27:20.873+0000] {override.py:1911} INFO - Created Permission View: menu access on DAG Run:example_display_name
[2024-12-23T08:27:20.889+0000] {logging_mixin.py:190} INFO - [2024-12-23T08:27:20.889+0000] {override.py:1911} INFO - Created Permission View: can create on DAG Run:example_display_name
[2024-12-23T08:27:20.890+0000] {logging_mixin.py:190} INFO - [2024-12-23T08:27:20.890+0000] {dag.py:3239} INFO - Sync 1 DAGs
[2024-12-23T08:27:20.915+0000] {logging_mixin.py:190} INFO - [2024-12-23T08:27:20.914+0000] {dag.py:3262} INFO - Creating ORM DAG for example_display_name
[2024-12-23T08:27:20.917+0000] {logging_mixin.py:190} INFO - [2024-12-23T08:27:20.916+0000] {dag.py:4180} INFO - Setting next_dagrun for example_display_name to None, run_after=None
[2024-12-23T08:27:20.950+0000] {processor.py:208} INFO - Processing /home/airflow/.local/lib/python3.12/site-packages/airflow/example_dags/example_display_name.py took 0.968 seconds
[2024-12-23T08:27:51.549+0000] {processor.py:186} INFO - Started process (PID=150) to work on /home/airflow/.local/lib/python3.12/site-packages/airflow/example_dags/example_display_name.py
[2024-12-23T08:27:51.551+0000] {processor.py:914} INFO - Processing file /home/airflow/.local/lib/python3.12/site-packages/airflow/example_dags/example_display_name.py for tasks to queue
[2024-12-23T08:27:51.554+0000] {logging_mixin.py:190} INFO - [2024-12-23T08:27:51.554+0000] {dagbag.py:588} INFO - Filling up the DagBag from /home/airflow/.local/lib/python3.12/site-packages/airflow/example_dags/example_display_name.py
[2024-12-23T08:27:51.564+0000] {processor.py:925} INFO - DAG(s) 'example_display_name' retrieved from /home/airflow/.local/lib/python3.12/site-packages/airflow/example_dags/example_display_name.py
[2024-12-23T08:27:51.589+0000] {logging_mixin.py:190} INFO - [2024-12-23T08:27:51.589+0000] {dag.py:3239} INFO - Sync 1 DAGs
[2024-12-23T08:27:51.607+0000] {logging_mixin.py:190} INFO - [2024-12-23T08:27:51.607+0000] {dag.py:4180} INFO - Setting next_dagrun for example_display_name to None, run_after=None
[2024-12-23T08:27:51.634+0000] {processor.py:208} INFO - Processing /home/airflow/.local/lib/python3.12/site-packages/airflow/example_dags/example_display_name.py took 0.091 seconds
[2024-12-23T08:28:22.258+0000] {processor.py:186} INFO - Started process (PID=213) to work on /home/airflow/.local/lib/python3.12/site-packages/airflow/example_dags/example_display_name.py
[2024-12-23T08:28:22.260+0000] {processor.py:914} INFO - Processing file /home/airflow/.local/lib/python3.12/site-packages/airflow/example_dags/example_display_name.py for tasks to queue
[2024-12-23T08:28:22.264+0000] {logging_mixin.py:190} INFO - [2024-12-23T08:28:22.263+0000] {dagbag.py:588} INFO - Filling up the DagBag from /home/airflow/.local/lib/python3.12/site-packages/airflow/example_dags/example_display_name.py
[2024-12-23T08:28:22.273+0000] {processor.py:925} INFO - DAG(s) 'example_display_name' retrieved from /home/airflow/.local/lib/python3.12/site-packages/airflow/example_dags/example_display_name.py
[2024-12-23T08:28:22.302+0000] {logging_mixin.py:190} INFO - [2024-12-23T08:28:22.301+0000] {dag.py:3239} INFO - Sync 1 DAGs
[2024-12-23T08:28:22.319+0000] {logging_mixin.py:190} INFO - [2024-12-23T08:28:22.319+0000] {dag.py:4180} INFO - Setting next_dagrun for example_display_name to None, run_after=None
[2024-12-23T08:28:22.349+0000] {processor.py:208} INFO - Processing /home/airflow/.local/lib/python3.12/site-packages/airflow/example_dags/example_display_name.py took 0.103 seconds
[2024-12-23T08:28:53.331+0000] {processor.py:186} INFO - Started process (PID=276) to work on /home/airflow/.local/lib/python3.12/site-packages/airflow/example_dags/example_display_name.py
[2024-12-23T08:28:53.333+0000] {processor.py:914} INFO - Processing file /home/airflow/.local/lib/python3.12/site-packages/airflow/example_dags/example_display_name.py for tasks to queue
[2024-12-23T08:28:53.337+0000] {logging_mixin.py:190} INFO - [2024-12-23T08:28:53.336+0000] {dagbag.py:588} INFO - Filling up the DagBag from /home/airflow/.local/lib/python3.12/site-packages/airflow/example_dags/example_display_name.py
[2024-12-23T08:28:53.345+0000] {processor.py:925} INFO - DAG(s) 'example_display_name' retrieved from /home/airflow/.local/lib/python3.12/site-packages/airflow/example_dags/example_display_name.py
[2024-12-23T08:28:53.369+0000] {logging_mixin.py:190} INFO - [2024-12-23T08:28:53.368+0000] {dag.py:3239} INFO - Sync 1 DAGs
[2024-12-23T08:28:53.384+0000] {logging_mixin.py:190} INFO - [2024-12-23T08:28:53.384+0000] {dag.py:4180} INFO - Setting next_dagrun for example_display_name to None, run_after=None
[2024-12-23T08:28:53.435+0000] {processor.py:208} INFO - Processing /home/airflow/.local/lib/python3.12/site-packages/airflow/example_dags/example_display_name.py took 0.112 seconds
[2024-12-23T08:29:23.868+0000] {processor.py:186} INFO - Started process (PID=339) to work on /home/airflow/.local/lib/python3.12/site-packages/airflow/example_dags/example_display_name.py
[2024-12-23T08:29:23.872+0000] {processor.py:914} INFO - Processing file /home/airflow/.local/lib/python3.12/site-packages/airflow/example_dags/example_display_name.py for tasks to queue
[2024-12-23T08:29:23.878+0000] {logging_mixin.py:190} INFO - [2024-12-23T08:29:23.877+0000] {dagbag.py:588} INFO - Filling up the DagBag from /home/airflow/.local/lib/python3.12/site-packages/airflow/example_dags/example_display_name.py
[2024-12-23T08:29:23.895+0000] {processor.py:925} INFO - DAG(s) 'example_display_name' retrieved from /home/airflow/.local/lib/python3.12/site-packages/airflow/example_dags/example_display_name.py
[2024-12-23T08:29:23.942+0000] {logging_mixin.py:190} INFO - [2024-12-23T08:29:23.941+0000] {dag.py:3239} INFO - Sync 1 DAGs
[2024-12-23T08:29:23.976+0000] {logging_mixin.py:190} INFO - [2024-12-23T08:29:23.976+0000] {dag.py:4180} INFO - Setting next_dagrun for example_display_name to None, run_after=None
[2024-12-23T08:29:24.038+0000] {processor.py:208} INFO - Processing /home/airflow/.local/lib/python3.12/site-packages/airflow/example_dags/example_display_name.py took 0.184 seconds
[2024-12-23T08:29:55.508+0000] {processor.py:186} INFO - Started process (PID=408) to work on /home/airflow/.local/lib/python3.12/site-packages/airflow/example_dags/example_display_name.py
[2024-12-23T08:29:55.510+0000] {processor.py:914} INFO - Processing file /home/airflow/.local/lib/python3.12/site-packages/airflow/example_dags/example_display_name.py for tasks to queue
[2024-12-23T08:29:55.515+0000] {logging_mixin.py:190} INFO - [2024-12-23T08:29:55.515+0000] {dagbag.py:588} INFO - Filling up the DagBag from /home/airflow/.local/lib/python3.12/site-packages/airflow/example_dags/example_display_name.py
[2024-12-23T08:29:55.529+0000] {processor.py:925} INFO - DAG(s) 'example_display_name' retrieved from /home/airflow/.local/lib/python3.12/site-packages/airflow/example_dags/example_display_name.py
[2024-12-23T08:29:55.564+0000] {logging_mixin.py:190} INFO - [2024-12-23T08:29:55.564+0000] {dag.py:3239} INFO - Sync 1 DAGs
[2024-12-23T08:29:55.589+0000] {logging_mixin.py:190} INFO - [2024-12-23T08:29:55.589+0000] {dag.py:4180} INFO - Setting next_dagrun for example_display_name to None, run_after=None
[2024-12-23T08:29:55.629+0000] {processor.py:208} INFO - Processing /home/airflow/.local/lib/python3.12/site-packages/airflow/example_dags/example_display_name.py took 0.131 seconds
[2024-12-23T08:30:26.534+0000] {processor.py:186} INFO - Started process (PID=462) to work on /home/airflow/.local/lib/python3.12/site-packages/airflow/example_dags/example_display_name.py
[2024-12-23T08:30:26.543+0000] {processor.py:914} INFO - Processing file /home/airflow/.local/lib/python3.12/site-packages/airflow/example_dags/example_display_name.py for tasks to queue
[2024-12-23T08:30:26.551+0000] {logging_mixin.py:190} INFO - [2024-12-23T08:30:26.550+0000] {dagbag.py:588} INFO - Filling up the DagBag from /home/airflow/.local/lib/python3.12/site-packages/airflow/example_dags/example_display_name.py
[2024-12-23T08:30:26.573+0000] {processor.py:925} INFO - DAG(s) 'example_display_name' retrieved from /home/airflow/.local/lib/python3.12/site-packages/airflow/example_dags/example_display_name.py
[2024-12-23T08:30:26.619+0000] {logging_mixin.py:190} INFO - [2024-12-23T08:30:26.619+0000] {dag.py:3239} INFO - Sync 1 DAGs
[2024-12-23T08:30:26.662+0000] {logging_mixin.py:190} INFO - [2024-12-23T08:30:26.662+0000] {dag.py:4180} INFO - Setting next_dagrun for example_display_name to None, run_after=None
[2024-12-23T08:30:26.704+0000] {processor.py:208} INFO - Processing /home/airflow/.local/lib/python3.12/site-packages/airflow/example_dags/example_display_name.py took 0.187 seconds
[2024-12-23T08:30:57.711+0000] {processor.py:186} INFO - Started process (PID=524) to work on /home/airflow/.local/lib/python3.12/site-packages/airflow/example_dags/example_display_name.py
[2024-12-23T08:30:57.714+0000] {processor.py:914} INFO - Processing file /home/airflow/.local/lib/python3.12/site-packages/airflow/example_dags/example_display_name.py for tasks to queue
[2024-12-23T08:30:57.718+0000] {logging_mixin.py:190} INFO - [2024-12-23T08:30:57.717+0000] {dagbag.py:588} INFO - Filling up the DagBag from /home/airflow/.local/lib/python3.12/site-packages/airflow/example_dags/example_display_name.py
[2024-12-23T08:30:57.733+0000] {processor.py:925} INFO - DAG(s) 'example_display_name' retrieved from /home/airflow/.local/lib/python3.12/site-packages/airflow/example_dags/example_display_name.py
[2024-12-23T08:30:57.765+0000] {logging_mixin.py:190} INFO - [2024-12-23T08:30:57.765+0000] {dag.py:3239} INFO - Sync 1 DAGs
[2024-12-23T08:30:57.788+0000] {logging_mixin.py:190} INFO - [2024-12-23T08:30:57.788+0000] {dag.py:4180} INFO - Setting next_dagrun for example_display_name to None, run_after=None
[2024-12-23T08:30:57.827+0000] {processor.py:208} INFO - Processing /home/airflow/.local/lib/python3.12/site-packages/airflow/example_dags/example_display_name.py took 0.123 seconds
