[2024-12-23T08:27:31.852+0000] {processor.py:186} INFO - Started process (PID=109) to work on /home/airflow/.local/lib/python3.12/site-packages/airflow/example_dags/example_dataset_alias.py
[2024-12-23T08:27:31.854+0000] {processor.py:914} INFO - Processing file /home/airflow/.local/lib/python3.12/site-packages/airflow/example_dags/example_dataset_alias.py for tasks to queue
[2024-12-23T08:27:31.859+0000] {logging_mixin.py:190} INFO - [2024-12-23T08:27:31.858+0000] {dagbag.py:588} INFO - Filling up the DagBag from /home/airflow/.local/lib/python3.12/site-packages/airflow/example_dags/example_dataset_alias.py
[2024-12-23T08:27:33.467+0000] {processor.py:925} INFO - DAG(s) 'dataset_alias_example_alias_consumer', 'dataset_s3_bucket_producer', 'dataset_alias_example_alias_producer', 'dataset_s3_bucket_consumer' retrieved from /home/airflow/.local/lib/python3.12/site-packages/airflow/example_dags/example_dataset_alias.py
[2024-12-23T08:27:33.663+0000] {logging_mixin.py:190} INFO - [2024-12-23T08:27:33.661+0000] {override.py:1911} INFO - Created Permission View: can read on DAG:dataset_alias_example_alias_consumer
[2024-12-23T08:27:33.683+0000] {logging_mixin.py:190} INFO - [2024-12-23T08:27:33.683+0000] {override.py:1911} INFO - Created Permission View: can edit on DAG:dataset_alias_example_alias_consumer
[2024-12-23T08:27:33.703+0000] {logging_mixin.py:190} INFO - [2024-12-23T08:27:33.703+0000] {override.py:1911} INFO - Created Permission View: can delete on DAG:dataset_alias_example_alias_consumer
[2024-12-23T08:27:33.727+0000] {logging_mixin.py:190} INFO - [2024-12-23T08:27:33.726+0000] {override.py:1911} INFO - Created Permission View: can read on DAG Run:dataset_alias_example_alias_consumer
[2024-12-23T08:27:33.742+0000] {logging_mixin.py:190} INFO - [2024-12-23T08:27:33.741+0000] {override.py:1911} INFO - Created Permission View: can delete on DAG Run:dataset_alias_example_alias_consumer
[2024-12-23T08:27:33.756+0000] {logging_mixin.py:190} INFO - [2024-12-23T08:27:33.755+0000] {override.py:1911} INFO - Created Permission View: menu access on DAG Run:dataset_alias_example_alias_consumer
[2024-12-23T08:27:33.773+0000] {logging_mixin.py:190} INFO - [2024-12-23T08:27:33.772+0000] {override.py:1911} INFO - Created Permission View: can create on DAG Run:dataset_alias_example_alias_consumer
[2024-12-23T08:27:33.803+0000] {logging_mixin.py:190} INFO - [2024-12-23T08:27:33.802+0000] {override.py:1911} INFO - Created Permission View: can read on DAG:dataset_s3_bucket_producer
[2024-12-23T08:27:33.818+0000] {logging_mixin.py:190} INFO - [2024-12-23T08:27:33.817+0000] {override.py:1911} INFO - Created Permission View: can edit on DAG:dataset_s3_bucket_producer
[2024-12-23T08:27:33.832+0000] {logging_mixin.py:190} INFO - [2024-12-23T08:27:33.832+0000] {override.py:1911} INFO - Created Permission View: can delete on DAG:dataset_s3_bucket_producer
[2024-12-23T08:27:33.849+0000] {logging_mixin.py:190} INFO - [2024-12-23T08:27:33.849+0000] {override.py:1911} INFO - Created Permission View: can read on DAG Run:dataset_s3_bucket_producer
[2024-12-23T08:27:33.865+0000] {logging_mixin.py:190} INFO - [2024-12-23T08:27:33.865+0000] {override.py:1911} INFO - Created Permission View: can delete on DAG Run:dataset_s3_bucket_producer
[2024-12-23T08:27:33.881+0000] {logging_mixin.py:190} INFO - [2024-12-23T08:27:33.881+0000] {override.py:1911} INFO - Created Permission View: menu access on DAG Run:dataset_s3_bucket_producer
[2024-12-23T08:27:33.896+0000] {logging_mixin.py:190} INFO - [2024-12-23T08:27:33.896+0000] {override.py:1911} INFO - Created Permission View: can create on DAG Run:dataset_s3_bucket_producer
[2024-12-23T08:27:33.990+0000] {logging_mixin.py:190} INFO - [2024-12-23T08:27:33.989+0000] {override.py:1911} INFO - Created Permission View: can read on DAG:dataset_alias_example_alias_producer
[2024-12-23T08:27:34.005+0000] {logging_mixin.py:190} INFO - [2024-12-23T08:27:34.005+0000] {override.py:1911} INFO - Created Permission View: can edit on DAG:dataset_alias_example_alias_producer
[2024-12-23T08:27:34.021+0000] {logging_mixin.py:190} INFO - [2024-12-23T08:27:34.020+0000] {override.py:1911} INFO - Created Permission View: can delete on DAG:dataset_alias_example_alias_producer
[2024-12-23T08:27:34.043+0000] {logging_mixin.py:190} INFO - [2024-12-23T08:27:34.043+0000] {override.py:1911} INFO - Created Permission View: can read on DAG Run:dataset_alias_example_alias_producer
[2024-12-23T08:27:34.058+0000] {logging_mixin.py:190} INFO - [2024-12-23T08:27:34.057+0000] {override.py:1911} INFO - Created Permission View: can delete on DAG Run:dataset_alias_example_alias_producer
[2024-12-23T08:27:34.076+0000] {logging_mixin.py:190} INFO - [2024-12-23T08:27:34.075+0000] {override.py:1911} INFO - Created Permission View: menu access on DAG Run:dataset_alias_example_alias_producer
[2024-12-23T08:27:34.096+0000] {logging_mixin.py:190} INFO - [2024-12-23T08:27:34.095+0000] {override.py:1911} INFO - Created Permission View: can create on DAG Run:dataset_alias_example_alias_producer
[2024-12-23T08:27:34.120+0000] {logging_mixin.py:190} INFO - [2024-12-23T08:27:34.120+0000] {override.py:1911} INFO - Created Permission View: can read on DAG:dataset_s3_bucket_consumer
[2024-12-23T08:27:34.135+0000] {logging_mixin.py:190} INFO - [2024-12-23T08:27:34.134+0000] {override.py:1911} INFO - Created Permission View: can edit on DAG:dataset_s3_bucket_consumer
[2024-12-23T08:27:34.150+0000] {logging_mixin.py:190} INFO - [2024-12-23T08:27:34.149+0000] {override.py:1911} INFO - Created Permission View: can delete on DAG:dataset_s3_bucket_consumer
[2024-12-23T08:27:34.177+0000] {logging_mixin.py:190} INFO - [2024-12-23T08:27:34.177+0000] {override.py:1911} INFO - Created Permission View: can read on DAG Run:dataset_s3_bucket_consumer
[2024-12-23T08:27:34.194+0000] {logging_mixin.py:190} INFO - [2024-12-23T08:27:34.194+0000] {override.py:1911} INFO - Created Permission View: can delete on DAG Run:dataset_s3_bucket_consumer
[2024-12-23T08:27:34.212+0000] {logging_mixin.py:190} INFO - [2024-12-23T08:27:34.212+0000] {override.py:1911} INFO - Created Permission View: menu access on DAG Run:dataset_s3_bucket_consumer
[2024-12-23T08:27:34.228+0000] {logging_mixin.py:190} INFO - [2024-12-23T08:27:34.228+0000] {override.py:1911} INFO - Created Permission View: can create on DAG Run:dataset_s3_bucket_consumer
[2024-12-23T08:27:34.230+0000] {logging_mixin.py:190} INFO - [2024-12-23T08:27:34.229+0000] {dag.py:3239} INFO - Sync 4 DAGs
[2024-12-23T08:27:34.254+0000] {logging_mixin.py:190} INFO - [2024-12-23T08:27:34.253+0000] {dag.py:3262} INFO - Creating ORM DAG for dataset_alias_example_alias_consumer
[2024-12-23T08:27:34.256+0000] {logging_mixin.py:190} INFO - [2024-12-23T08:27:34.256+0000] {dag.py:3262} INFO - Creating ORM DAG for dataset_s3_bucket_consumer
[2024-12-23T08:27:34.258+0000] {logging_mixin.py:190} INFO - [2024-12-23T08:27:34.258+0000] {dag.py:3262} INFO - Creating ORM DAG for dataset_s3_bucket_producer
[2024-12-23T08:27:34.259+0000] {logging_mixin.py:190} INFO - [2024-12-23T08:27:34.259+0000] {dag.py:3262} INFO - Creating ORM DAG for dataset_alias_example_alias_producer
[2024-12-23T08:27:34.279+0000] {logging_mixin.py:190} INFO - [2024-12-23T08:27:34.278+0000] {dag.py:4180} INFO - Setting next_dagrun for dataset_alias_example_alias_consumer to None, run_after=None
[2024-12-23T08:27:34.280+0000] {logging_mixin.py:190} INFO - [2024-12-23T08:27:34.280+0000] {dag.py:4180} INFO - Setting next_dagrun for dataset_alias_example_alias_producer to None, run_after=None
[2024-12-23T08:27:34.282+0000] {logging_mixin.py:190} INFO - [2024-12-23T08:27:34.281+0000] {dag.py:4180} INFO - Setting next_dagrun for dataset_s3_bucket_consumer to None, run_after=None
[2024-12-23T08:27:34.284+0000] {logging_mixin.py:190} INFO - [2024-12-23T08:27:34.283+0000] {dag.py:4180} INFO - Setting next_dagrun for dataset_s3_bucket_producer to None, run_after=None
[2024-12-23T08:27:34.341+0000] {processor.py:208} INFO - Processing /home/airflow/.local/lib/python3.12/site-packages/airflow/example_dags/example_dataset_alias.py took 2.501 seconds
[2024-12-23T08:28:04.553+0000] {processor.py:186} INFO - Started process (PID=177) to work on /home/airflow/.local/lib/python3.12/site-packages/airflow/example_dags/example_dataset_alias.py
[2024-12-23T08:28:04.555+0000] {processor.py:914} INFO - Processing file /home/airflow/.local/lib/python3.12/site-packages/airflow/example_dags/example_dataset_alias.py for tasks to queue
[2024-12-23T08:28:04.557+0000] {logging_mixin.py:190} INFO - [2024-12-23T08:28:04.557+0000] {dagbag.py:588} INFO - Filling up the DagBag from /home/airflow/.local/lib/python3.12/site-packages/airflow/example_dags/example_dataset_alias.py
[2024-12-23T08:28:05.374+0000] {processor.py:925} INFO - DAG(s) 'dataset_s3_bucket_producer', 'dataset_alias_example_alias_consumer', 'dataset_s3_bucket_consumer', 'dataset_alias_example_alias_producer' retrieved from /home/airflow/.local/lib/python3.12/site-packages/airflow/example_dags/example_dataset_alias.py
[2024-12-23T08:28:05.403+0000] {logging_mixin.py:190} INFO - [2024-12-23T08:28:05.402+0000] {dag.py:3239} INFO - Sync 4 DAGs
[2024-12-23T08:28:05.432+0000] {logging_mixin.py:190} INFO - [2024-12-23T08:28:05.431+0000] {dag.py:4180} INFO - Setting next_dagrun for dataset_alias_example_alias_consumer to None, run_after=None
[2024-12-23T08:28:05.435+0000] {logging_mixin.py:190} INFO - [2024-12-23T08:28:05.435+0000] {dag.py:4180} INFO - Setting next_dagrun for dataset_alias_example_alias_producer to None, run_after=None
[2024-12-23T08:28:05.438+0000] {logging_mixin.py:190} INFO - [2024-12-23T08:28:05.438+0000] {dag.py:4180} INFO - Setting next_dagrun for dataset_s3_bucket_consumer to None, run_after=None
[2024-12-23T08:28:05.441+0000] {logging_mixin.py:190} INFO - [2024-12-23T08:28:05.440+0000] {dag.py:4180} INFO - Setting next_dagrun for dataset_s3_bucket_producer to None, run_after=None
[2024-12-23T08:28:05.470+0000] {processor.py:208} INFO - Processing /home/airflow/.local/lib/python3.12/site-packages/airflow/example_dags/example_dataset_alias.py took 0.923 seconds
[2024-12-23T08:28:36.382+0000] {processor.py:186} INFO - Started process (PID=240) to work on /home/airflow/.local/lib/python3.12/site-packages/airflow/example_dags/example_dataset_alias.py
[2024-12-23T08:28:36.384+0000] {processor.py:914} INFO - Processing file /home/airflow/.local/lib/python3.12/site-packages/airflow/example_dags/example_dataset_alias.py for tasks to queue
[2024-12-23T08:28:36.392+0000] {logging_mixin.py:190} INFO - [2024-12-23T08:28:36.389+0000] {dagbag.py:588} INFO - Filling up the DagBag from /home/airflow/.local/lib/python3.12/site-packages/airflow/example_dags/example_dataset_alias.py
[2024-12-23T08:28:37.763+0000] {processor.py:925} INFO - DAG(s) 'dataset_alias_example_alias_consumer', 'dataset_s3_bucket_producer', 'dataset_s3_bucket_consumer', 'dataset_alias_example_alias_producer' retrieved from /home/airflow/.local/lib/python3.12/site-packages/airflow/example_dags/example_dataset_alias.py
[2024-12-23T08:28:37.814+0000] {logging_mixin.py:190} INFO - [2024-12-23T08:28:37.809+0000] {dag.py:3239} INFO - Sync 4 DAGs
[2024-12-23T08:28:37.856+0000] {logging_mixin.py:190} INFO - [2024-12-23T08:28:37.856+0000] {dag.py:4180} INFO - Setting next_dagrun for dataset_alias_example_alias_consumer to None, run_after=None
[2024-12-23T08:28:37.863+0000] {logging_mixin.py:190} INFO - [2024-12-23T08:28:37.862+0000] {dag.py:4180} INFO - Setting next_dagrun for dataset_alias_example_alias_producer to None, run_after=None
[2024-12-23T08:28:37.866+0000] {logging_mixin.py:190} INFO - [2024-12-23T08:28:37.866+0000] {dag.py:4180} INFO - Setting next_dagrun for dataset_s3_bucket_consumer to None, run_after=None
[2024-12-23T08:28:37.869+0000] {logging_mixin.py:190} INFO - [2024-12-23T08:28:37.869+0000] {dag.py:4180} INFO - Setting next_dagrun for dataset_s3_bucket_producer to None, run_after=None
[2024-12-23T08:28:37.925+0000] {processor.py:208} INFO - Processing /home/airflow/.local/lib/python3.12/site-packages/airflow/example_dags/example_dataset_alias.py took 1.552 seconds
[2024-12-23T08:29:08.063+0000] {processor.py:186} INFO - Started process (PID=307) to work on /home/airflow/.local/lib/python3.12/site-packages/airflow/example_dags/example_dataset_alias.py
[2024-12-23T08:29:08.064+0000] {processor.py:914} INFO - Processing file /home/airflow/.local/lib/python3.12/site-packages/airflow/example_dags/example_dataset_alias.py for tasks to queue
[2024-12-23T08:29:08.068+0000] {logging_mixin.py:190} INFO - [2024-12-23T08:29:08.067+0000] {dagbag.py:588} INFO - Filling up the DagBag from /home/airflow/.local/lib/python3.12/site-packages/airflow/example_dags/example_dataset_alias.py
[2024-12-23T08:29:09.764+0000] {processor.py:925} INFO - DAG(s) 'dataset_s3_bucket_consumer', 'dataset_alias_example_alias_consumer', 'dataset_alias_example_alias_producer', 'dataset_s3_bucket_producer' retrieved from /home/airflow/.local/lib/python3.12/site-packages/airflow/example_dags/example_dataset_alias.py
[2024-12-23T08:29:09.804+0000] {logging_mixin.py:190} INFO - [2024-12-23T08:29:09.801+0000] {dag.py:3239} INFO - Sync 4 DAGs
[2024-12-23T08:29:09.837+0000] {logging_mixin.py:190} INFO - [2024-12-23T08:29:09.837+0000] {dag.py:4180} INFO - Setting next_dagrun for dataset_alias_example_alias_consumer to None, run_after=None
[2024-12-23T08:29:09.842+0000] {logging_mixin.py:190} INFO - [2024-12-23T08:29:09.842+0000] {dag.py:4180} INFO - Setting next_dagrun for dataset_alias_example_alias_producer to None, run_after=None
[2024-12-23T08:29:09.845+0000] {logging_mixin.py:190} INFO - [2024-12-23T08:29:09.845+0000] {dag.py:4180} INFO - Setting next_dagrun for dataset_s3_bucket_consumer to None, run_after=None
[2024-12-23T08:29:09.848+0000] {logging_mixin.py:190} INFO - [2024-12-23T08:29:09.847+0000] {dag.py:4180} INFO - Setting next_dagrun for dataset_s3_bucket_producer to None, run_after=None
[2024-12-23T08:29:09.888+0000] {processor.py:208} INFO - Processing /home/airflow/.local/lib/python3.12/site-packages/airflow/example_dags/example_dataset_alias.py took 1.832 seconds
[2024-12-23T08:29:40.813+0000] {processor.py:186} INFO - Started process (PID=374) to work on /home/airflow/.local/lib/python3.12/site-packages/airflow/example_dags/example_dataset_alias.py
[2024-12-23T08:29:40.815+0000] {processor.py:914} INFO - Processing file /home/airflow/.local/lib/python3.12/site-packages/airflow/example_dags/example_dataset_alias.py for tasks to queue
[2024-12-23T08:29:40.819+0000] {logging_mixin.py:190} INFO - [2024-12-23T08:29:40.818+0000] {dagbag.py:588} INFO - Filling up the DagBag from /home/airflow/.local/lib/python3.12/site-packages/airflow/example_dags/example_dataset_alias.py
[2024-12-23T08:29:45.590+0000] {processor.py:925} INFO - DAG(s) 'dataset_s3_bucket_producer', 'dataset_s3_bucket_consumer', 'dataset_alias_example_alias_consumer', 'dataset_alias_example_alias_producer' retrieved from /home/airflow/.local/lib/python3.12/site-packages/airflow/example_dags/example_dataset_alias.py
[2024-12-23T08:29:45.653+0000] {logging_mixin.py:190} INFO - [2024-12-23T08:29:45.649+0000] {dag.py:3239} INFO - Sync 4 DAGs
[2024-12-23T08:29:45.696+0000] {logging_mixin.py:190} INFO - [2024-12-23T08:29:45.696+0000] {dag.py:4180} INFO - Setting next_dagrun for dataset_alias_example_alias_consumer to None, run_after=None
[2024-12-23T08:29:45.703+0000] {logging_mixin.py:190} INFO - [2024-12-23T08:29:45.703+0000] {dag.py:4180} INFO - Setting next_dagrun for dataset_alias_example_alias_producer to None, run_after=None
[2024-12-23T08:29:45.707+0000] {logging_mixin.py:190} INFO - [2024-12-23T08:29:45.706+0000] {dag.py:4180} INFO - Setting next_dagrun for dataset_s3_bucket_consumer to None, run_after=None
[2024-12-23T08:29:45.711+0000] {logging_mixin.py:190} INFO - [2024-12-23T08:29:45.710+0000] {dag.py:4180} INFO - Setting next_dagrun for dataset_s3_bucket_producer to None, run_after=None
[2024-12-23T08:29:45.754+0000] {processor.py:208} INFO - Processing /home/airflow/.local/lib/python3.12/site-packages/airflow/example_dags/example_dataset_alias.py took 4.958 seconds
[2024-12-23T08:30:16.669+0000] {processor.py:186} INFO - Started process (PID=437) to work on /home/airflow/.local/lib/python3.12/site-packages/airflow/example_dags/example_dataset_alias.py
[2024-12-23T08:30:16.670+0000] {processor.py:914} INFO - Processing file /home/airflow/.local/lib/python3.12/site-packages/airflow/example_dags/example_dataset_alias.py for tasks to queue
[2024-12-23T08:30:16.674+0000] {logging_mixin.py:190} INFO - [2024-12-23T08:30:16.673+0000] {dagbag.py:588} INFO - Filling up the DagBag from /home/airflow/.local/lib/python3.12/site-packages/airflow/example_dags/example_dataset_alias.py
[2024-12-23T08:30:17.577+0000] {processor.py:925} INFO - DAG(s) 'dataset_alias_example_alias_consumer', 'dataset_s3_bucket_producer', 'dataset_alias_example_alias_producer', 'dataset_s3_bucket_consumer' retrieved from /home/airflow/.local/lib/python3.12/site-packages/airflow/example_dags/example_dataset_alias.py
[2024-12-23T08:30:17.614+0000] {logging_mixin.py:190} INFO - [2024-12-23T08:30:17.613+0000] {dag.py:3239} INFO - Sync 4 DAGs
[2024-12-23T08:30:17.650+0000] {logging_mixin.py:190} INFO - [2024-12-23T08:30:17.649+0000] {dag.py:4180} INFO - Setting next_dagrun for dataset_alias_example_alias_consumer to None, run_after=None
[2024-12-23T08:30:17.655+0000] {logging_mixin.py:190} INFO - [2024-12-23T08:30:17.655+0000] {dag.py:4180} INFO - Setting next_dagrun for dataset_alias_example_alias_producer to None, run_after=None
[2024-12-23T08:30:17.658+0000] {logging_mixin.py:190} INFO - [2024-12-23T08:30:17.658+0000] {dag.py:4180} INFO - Setting next_dagrun for dataset_s3_bucket_consumer to None, run_after=None
[2024-12-23T08:30:17.661+0000] {logging_mixin.py:190} INFO - [2024-12-23T08:30:17.661+0000] {dag.py:4180} INFO - Setting next_dagrun for dataset_s3_bucket_producer to None, run_after=None
[2024-12-23T08:30:17.708+0000] {processor.py:208} INFO - Processing /home/airflow/.local/lib/python3.12/site-packages/airflow/example_dags/example_dataset_alias.py took 1.045 seconds
[2024-12-23T08:30:47.986+0000] {processor.py:186} INFO - Started process (PID=500) to work on /home/airflow/.local/lib/python3.12/site-packages/airflow/example_dags/example_dataset_alias.py
[2024-12-23T08:30:47.989+0000] {processor.py:914} INFO - Processing file /home/airflow/.local/lib/python3.12/site-packages/airflow/example_dags/example_dataset_alias.py for tasks to queue
[2024-12-23T08:30:47.993+0000] {logging_mixin.py:190} INFO - [2024-12-23T08:30:47.992+0000] {dagbag.py:588} INFO - Filling up the DagBag from /home/airflow/.local/lib/python3.12/site-packages/airflow/example_dags/example_dataset_alias.py
[2024-12-23T08:30:49.578+0000] {processor.py:925} INFO - DAG(s) 'dataset_alias_example_alias_consumer', 'dataset_s3_bucket_consumer', 'dataset_alias_example_alias_producer', 'dataset_s3_bucket_producer' retrieved from /home/airflow/.local/lib/python3.12/site-packages/airflow/example_dags/example_dataset_alias.py
[2024-12-23T08:30:49.617+0000] {logging_mixin.py:190} INFO - [2024-12-23T08:30:49.616+0000] {dag.py:3239} INFO - Sync 4 DAGs
[2024-12-23T08:30:49.652+0000] {logging_mixin.py:190} INFO - [2024-12-23T08:30:49.651+0000] {dag.py:4180} INFO - Setting next_dagrun for dataset_alias_example_alias_consumer to None, run_after=None
[2024-12-23T08:30:49.657+0000] {logging_mixin.py:190} INFO - [2024-12-23T08:30:49.656+0000] {dag.py:4180} INFO - Setting next_dagrun for dataset_alias_example_alias_producer to None, run_after=None
[2024-12-23T08:30:49.660+0000] {logging_mixin.py:190} INFO - [2024-12-23T08:30:49.660+0000] {dag.py:4180} INFO - Setting next_dagrun for dataset_s3_bucket_consumer to None, run_after=None
[2024-12-23T08:30:49.663+0000] {logging_mixin.py:190} INFO - [2024-12-23T08:30:49.663+0000] {dag.py:4180} INFO - Setting next_dagrun for dataset_s3_bucket_producer to None, run_after=None
[2024-12-23T08:30:49.708+0000] {processor.py:208} INFO - Processing /home/airflow/.local/lib/python3.12/site-packages/airflow/example_dags/example_dataset_alias.py took 1.732 seconds
