[2024-12-23T08:27:17.810+0000] {processor.py:186} INFO - Started process (PID=82) to work on /home/airflow/.local/lib/python3.12/site-packages/airflow/example_dags/example_bash_operator.py
[2024-12-23T08:27:17.820+0000] {processor.py:914} INFO - Processing file /home/airflow/.local/lib/python3.12/site-packages/airflow/example_dags/example_bash_operator.py for tasks to queue
[2024-12-23T08:27:17.894+0000] {logging_mixin.py:190} INFO - [2024-12-23T08:27:17.871+0000] {dagbag.py:588} INFO - Filling up the DagBag from /home/airflow/.local/lib/python3.12/site-packages/airflow/example_dags/example_bash_operator.py
[2024-12-23T08:27:17.976+0000] {processor.py:925} INFO - DAG(s) 'example_bash_operator' retrieved from /home/airflow/.local/lib/python3.12/site-packages/airflow/example_dags/example_bash_operator.py
[2024-12-23T08:27:18.510+0000] {logging_mixin.py:190} INFO - [2024-12-23T08:27:18.508+0000] {override.py:1911} INFO - Created Permission View: can read on DAG:example_bash_operator
[2024-12-23T08:27:18.540+0000] {logging_mixin.py:190} INFO - [2024-12-23T08:27:18.539+0000] {override.py:1911} INFO - Created Permission View: can edit on DAG:example_bash_operator
[2024-12-23T08:27:18.557+0000] {logging_mixin.py:190} INFO - [2024-12-23T08:27:18.557+0000] {override.py:1911} INFO - Created Permission View: can delete on DAG:example_bash_operator
[2024-12-23T08:27:18.576+0000] {logging_mixin.py:190} INFO - [2024-12-23T08:27:18.576+0000] {override.py:1911} INFO - Created Permission View: can read on DAG Run:example_bash_operator
[2024-12-23T08:27:18.589+0000] {logging_mixin.py:190} INFO - [2024-12-23T08:27:18.589+0000] {override.py:1911} INFO - Created Permission View: can delete on DAG Run:example_bash_operator
[2024-12-23T08:27:18.604+0000] {logging_mixin.py:190} INFO - [2024-12-23T08:27:18.604+0000] {override.py:1911} INFO - Created Permission View: menu access on DAG Run:example_bash_operator
[2024-12-23T08:27:18.622+0000] {logging_mixin.py:190} INFO - [2024-12-23T08:27:18.621+0000] {override.py:1911} INFO - Created Permission View: can create on DAG Run:example_bash_operator
[2024-12-23T08:27:18.624+0000] {logging_mixin.py:190} INFO - [2024-12-23T08:27:18.623+0000] {dag.py:3239} INFO - Sync 1 DAGs
[2024-12-23T08:27:18.642+0000] {logging_mixin.py:190} INFO - [2024-12-23T08:27:18.642+0000] {dag.py:3262} INFO - Creating ORM DAG for example_bash_operator
[2024-12-23T08:27:18.664+0000] {logging_mixin.py:190} INFO - [2024-12-23T08:27:18.664+0000] {dag.py:4180} INFO - Setting next_dagrun for example_bash_operator to 2024-12-22 00:00:00+00:00, run_after=2024-12-23 00:00:00+00:00
[2024-12-23T08:27:18.707+0000] {processor.py:208} INFO - Processing /home/airflow/.local/lib/python3.12/site-packages/airflow/example_dags/example_bash_operator.py took 0.926 seconds
[2024-12-23T08:27:49.170+0000] {processor.py:186} INFO - Started process (PID=145) to work on /home/airflow/.local/lib/python3.12/site-packages/airflow/example_dags/example_bash_operator.py
[2024-12-23T08:27:49.171+0000] {processor.py:914} INFO - Processing file /home/airflow/.local/lib/python3.12/site-packages/airflow/example_dags/example_bash_operator.py for tasks to queue
[2024-12-23T08:27:49.175+0000] {logging_mixin.py:190} INFO - [2024-12-23T08:27:49.174+0000] {dagbag.py:588} INFO - Filling up the DagBag from /home/airflow/.local/lib/python3.12/site-packages/airflow/example_dags/example_bash_operator.py
[2024-12-23T08:27:49.198+0000] {processor.py:925} INFO - DAG(s) 'example_bash_operator' retrieved from /home/airflow/.local/lib/python3.12/site-packages/airflow/example_dags/example_bash_operator.py
[2024-12-23T08:27:49.230+0000] {logging_mixin.py:190} INFO - [2024-12-23T08:27:49.229+0000] {dag.py:3239} INFO - Sync 1 DAGs
[2024-12-23T08:27:49.257+0000] {logging_mixin.py:190} INFO - [2024-12-23T08:27:49.257+0000] {dag.py:4180} INFO - Setting next_dagrun for example_bash_operator to 2024-12-22 00:00:00+00:00, run_after=2024-12-23 00:00:00+00:00
[2024-12-23T08:27:49.285+0000] {processor.py:208} INFO - Processing /home/airflow/.local/lib/python3.12/site-packages/airflow/example_dags/example_bash_operator.py took 0.121 seconds
[2024-12-23T08:28:19.864+0000] {processor.py:186} INFO - Started process (PID=208) to work on /home/airflow/.local/lib/python3.12/site-packages/airflow/example_dags/example_bash_operator.py
[2024-12-23T08:28:19.865+0000] {processor.py:914} INFO - Processing file /home/airflow/.local/lib/python3.12/site-packages/airflow/example_dags/example_bash_operator.py for tasks to queue
[2024-12-23T08:28:19.869+0000] {logging_mixin.py:190} INFO - [2024-12-23T08:28:19.869+0000] {dagbag.py:588} INFO - Filling up the DagBag from /home/airflow/.local/lib/python3.12/site-packages/airflow/example_dags/example_bash_operator.py
[2024-12-23T08:28:19.883+0000] {processor.py:925} INFO - DAG(s) 'example_bash_operator' retrieved from /home/airflow/.local/lib/python3.12/site-packages/airflow/example_dags/example_bash_operator.py
[2024-12-23T08:28:19.913+0000] {logging_mixin.py:190} INFO - [2024-12-23T08:28:19.912+0000] {dag.py:3239} INFO - Sync 1 DAGs
[2024-12-23T08:28:19.940+0000] {logging_mixin.py:190} INFO - [2024-12-23T08:28:19.939+0000] {dag.py:4180} INFO - Setting next_dagrun for example_bash_operator to 2024-12-22 00:00:00+00:00, run_after=2024-12-23 00:00:00+00:00
[2024-12-23T08:28:19.965+0000] {processor.py:208} INFO - Processing /home/airflow/.local/lib/python3.12/site-packages/airflow/example_dags/example_bash_operator.py took 0.107 seconds
[2024-12-23T08:28:50.713+0000] {processor.py:186} INFO - Started process (PID=271) to work on /home/airflow/.local/lib/python3.12/site-packages/airflow/example_dags/example_bash_operator.py
[2024-12-23T08:28:50.714+0000] {processor.py:914} INFO - Processing file /home/airflow/.local/lib/python3.12/site-packages/airflow/example_dags/example_bash_operator.py for tasks to queue
[2024-12-23T08:28:50.719+0000] {logging_mixin.py:190} INFO - [2024-12-23T08:28:50.719+0000] {dagbag.py:588} INFO - Filling up the DagBag from /home/airflow/.local/lib/python3.12/site-packages/airflow/example_dags/example_bash_operator.py
[2024-12-23T08:28:50.741+0000] {processor.py:925} INFO - DAG(s) 'example_bash_operator' retrieved from /home/airflow/.local/lib/python3.12/site-packages/airflow/example_dags/example_bash_operator.py
[2024-12-23T08:28:50.795+0000] {logging_mixin.py:190} INFO - [2024-12-23T08:28:50.795+0000] {dag.py:3239} INFO - Sync 1 DAGs
[2024-12-23T08:28:50.835+0000] {logging_mixin.py:190} INFO - [2024-12-23T08:28:50.835+0000] {dag.py:4180} INFO - Setting next_dagrun for example_bash_operator to 2024-12-22 00:00:00+00:00, run_after=2024-12-23 00:00:00+00:00
[2024-12-23T08:28:50.880+0000] {processor.py:208} INFO - Processing /home/airflow/.local/lib/python3.12/site-packages/airflow/example_dags/example_bash_operator.py took 0.175 seconds
[2024-12-23T08:29:22.153+0000] {processor.py:186} INFO - Started process (PID=334) to work on /home/airflow/.local/lib/python3.12/site-packages/airflow/example_dags/example_bash_operator.py
[2024-12-23T08:29:22.155+0000] {processor.py:914} INFO - Processing file /home/airflow/.local/lib/python3.12/site-packages/airflow/example_dags/example_bash_operator.py for tasks to queue
[2024-12-23T08:29:22.160+0000] {logging_mixin.py:190} INFO - [2024-12-23T08:29:22.159+0000] {dagbag.py:588} INFO - Filling up the DagBag from /home/airflow/.local/lib/python3.12/site-packages/airflow/example_dags/example_bash_operator.py
[2024-12-23T08:29:22.186+0000] {processor.py:925} INFO - DAG(s) 'example_bash_operator' retrieved from /home/airflow/.local/lib/python3.12/site-packages/airflow/example_dags/example_bash_operator.py
[2024-12-23T08:29:22.240+0000] {logging_mixin.py:190} INFO - [2024-12-23T08:29:22.240+0000] {dag.py:3239} INFO - Sync 1 DAGs
[2024-12-23T08:29:22.299+0000] {logging_mixin.py:190} INFO - [2024-12-23T08:29:22.298+0000] {dag.py:4180} INFO - Setting next_dagrun for example_bash_operator to 2024-12-22 00:00:00+00:00, run_after=2024-12-23 00:00:00+00:00
[2024-12-23T08:29:22.349+0000] {processor.py:208} INFO - Processing /home/airflow/.local/lib/python3.12/site-packages/airflow/example_dags/example_bash_operator.py took 0.208 seconds
[2024-12-23T08:29:53.581+0000] {processor.py:186} INFO - Started process (PID=384) to work on /home/airflow/.local/lib/python3.12/site-packages/airflow/example_dags/example_bash_operator.py
[2024-12-23T08:29:53.583+0000] {processor.py:914} INFO - Processing file /home/airflow/.local/lib/python3.12/site-packages/airflow/example_dags/example_bash_operator.py for tasks to queue
[2024-12-23T08:29:53.588+0000] {logging_mixin.py:190} INFO - [2024-12-23T08:29:53.587+0000] {dagbag.py:588} INFO - Filling up the DagBag from /home/airflow/.local/lib/python3.12/site-packages/airflow/example_dags/example_bash_operator.py
[2024-12-23T08:29:53.612+0000] {processor.py:925} INFO - DAG(s) 'example_bash_operator' retrieved from /home/airflow/.local/lib/python3.12/site-packages/airflow/example_dags/example_bash_operator.py
[2024-12-23T08:29:53.667+0000] {logging_mixin.py:190} INFO - [2024-12-23T08:29:53.667+0000] {dag.py:3239} INFO - Sync 1 DAGs
[2024-12-23T08:29:53.717+0000] {logging_mixin.py:190} INFO - [2024-12-23T08:29:53.716+0000] {dag.py:4180} INFO - Setting next_dagrun for example_bash_operator to 2024-12-22 00:00:00+00:00, run_after=2024-12-23 00:00:00+00:00
[2024-12-23T08:29:53.761+0000] {processor.py:208} INFO - Processing /home/airflow/.local/lib/python3.12/site-packages/airflow/example_dags/example_bash_operator.py took 0.190 seconds
[2024-12-23T08:30:25.431+0000] {processor.py:186} INFO - Started process (PID=453) to work on /home/airflow/.local/lib/python3.12/site-packages/airflow/example_dags/example_bash_operator.py
[2024-12-23T08:30:25.434+0000] {processor.py:914} INFO - Processing file /home/airflow/.local/lib/python3.12/site-packages/airflow/example_dags/example_bash_operator.py for tasks to queue
[2024-12-23T08:30:25.438+0000] {logging_mixin.py:190} INFO - [2024-12-23T08:30:25.437+0000] {dagbag.py:588} INFO - Filling up the DagBag from /home/airflow/.local/lib/python3.12/site-packages/airflow/example_dags/example_bash_operator.py
[2024-12-23T08:30:25.462+0000] {processor.py:925} INFO - DAG(s) 'example_bash_operator' retrieved from /home/airflow/.local/lib/python3.12/site-packages/airflow/example_dags/example_bash_operator.py
[2024-12-23T08:30:25.516+0000] {logging_mixin.py:190} INFO - [2024-12-23T08:30:25.515+0000] {dag.py:3239} INFO - Sync 1 DAGs
[2024-12-23T08:30:25.553+0000] {logging_mixin.py:190} INFO - [2024-12-23T08:30:25.553+0000] {dag.py:4180} INFO - Setting next_dagrun for example_bash_operator to 2024-12-22 00:00:00+00:00, run_after=2024-12-23 00:00:00+00:00
[2024-12-23T08:30:25.587+0000] {processor.py:208} INFO - Processing /home/airflow/.local/lib/python3.12/site-packages/airflow/example_dags/example_bash_operator.py took 0.165 seconds
[2024-12-23T08:30:56.801+0000] {processor.py:186} INFO - Started process (PID=516) to work on /home/airflow/.local/lib/python3.12/site-packages/airflow/example_dags/example_bash_operator.py
[2024-12-23T08:30:56.803+0000] {processor.py:914} INFO - Processing file /home/airflow/.local/lib/python3.12/site-packages/airflow/example_dags/example_bash_operator.py for tasks to queue
[2024-12-23T08:30:56.806+0000] {logging_mixin.py:190} INFO - [2024-12-23T08:30:56.805+0000] {dagbag.py:588} INFO - Filling up the DagBag from /home/airflow/.local/lib/python3.12/site-packages/airflow/example_dags/example_bash_operator.py
[2024-12-23T08:30:56.826+0000] {processor.py:925} INFO - DAG(s) 'example_bash_operator' retrieved from /home/airflow/.local/lib/python3.12/site-packages/airflow/example_dags/example_bash_operator.py
[2024-12-23T08:30:56.870+0000] {logging_mixin.py:190} INFO - [2024-12-23T08:30:56.869+0000] {dag.py:3239} INFO - Sync 1 DAGs
[2024-12-23T08:30:56.909+0000] {logging_mixin.py:190} INFO - [2024-12-23T08:30:56.909+0000] {dag.py:4180} INFO - Setting next_dagrun for example_bash_operator to 2024-12-22 00:00:00+00:00, run_after=2024-12-23 00:00:00+00:00
[2024-12-23T08:30:56.952+0000] {processor.py:208} INFO - Processing /home/airflow/.local/lib/python3.12/site-packages/airflow/example_dags/example_bash_operator.py took 0.161 seconds
