[2024-12-23T08:27:23.214+0000] {processor.py:186} INFO - Started process (PID=99) to work on /home/airflow/.local/lib/python3.12/site-packages/airflow/example_dags/example_datasets.py
[2024-12-23T08:27:23.216+0000] {processor.py:914} INFO - Processing file /home/airflow/.local/lib/python3.12/site-packages/airflow/example_dags/example_datasets.py for tasks to queue
[2024-12-23T08:27:23.219+0000] {logging_mixin.py:190} INFO - [2024-12-23T08:27:23.218+0000] {dagbag.py:588} INFO - Filling up the DagBag from /home/airflow/.local/lib/python3.12/site-packages/airflow/example_dags/example_datasets.py
[2024-12-23T08:27:28.553+0000] {processor.py:925} INFO - DAG(s) 'dataset_produces_1', 'consume_1_or_both_2_and_3_with_dataset_expressions', 'dataset_consumes_unknown_never_scheduled', 'consume_1_or_2_with_dataset_expressions', 'dataset_produces_2', 'dataset_consumes_1', 'conditional_dataset_and_time_based_timetable', 'dataset_consumes_1_never_scheduled', 'consume_1_and_2_with_dataset_expressions', 'dataset_consumes_1_and_2' retrieved from /home/airflow/.local/lib/python3.12/site-packages/airflow/example_dags/example_datasets.py
[2024-12-23T08:27:28.880+0000] {logging_mixin.py:190} INFO - [2024-12-23T08:27:28.879+0000] {override.py:1911} INFO - Created Permission View: can read on DAG:dataset_produces_1
[2024-12-23T08:27:28.898+0000] {logging_mixin.py:190} INFO - [2024-12-23T08:27:28.898+0000] {override.py:1911} INFO - Created Permission View: can edit on DAG:dataset_produces_1
[2024-12-23T08:27:28.911+0000] {logging_mixin.py:190} INFO - [2024-12-23T08:27:28.910+0000] {override.py:1911} INFO - Created Permission View: can delete on DAG:dataset_produces_1
[2024-12-23T08:27:28.928+0000] {logging_mixin.py:190} INFO - [2024-12-23T08:27:28.928+0000] {override.py:1911} INFO - Created Permission View: can read on DAG Run:dataset_produces_1
[2024-12-23T08:27:28.941+0000] {logging_mixin.py:190} INFO - [2024-12-23T08:27:28.940+0000] {override.py:1911} INFO - Created Permission View: can delete on DAG Run:dataset_produces_1
[2024-12-23T08:27:28.960+0000] {logging_mixin.py:190} INFO - [2024-12-23T08:27:28.959+0000] {override.py:1911} INFO - Created Permission View: menu access on DAG Run:dataset_produces_1
[2024-12-23T08:27:29.089+0000] {logging_mixin.py:190} INFO - [2024-12-23T08:27:29.089+0000] {override.py:1911} INFO - Created Permission View: can create on DAG Run:dataset_produces_1
[2024-12-23T08:27:29.116+0000] {logging_mixin.py:190} INFO - [2024-12-23T08:27:29.116+0000] {override.py:1911} INFO - Created Permission View: can read on DAG:consume_1_or_both_2_and_3_with_dataset_expressions
[2024-12-23T08:27:29.132+0000] {logging_mixin.py:190} INFO - [2024-12-23T08:27:29.132+0000] {override.py:1911} INFO - Created Permission View: can edit on DAG:consume_1_or_both_2_and_3_with_dataset_expressions
[2024-12-23T08:27:29.147+0000] {logging_mixin.py:190} INFO - [2024-12-23T08:27:29.146+0000] {override.py:1911} INFO - Created Permission View: can delete on DAG:consume_1_or_both_2_and_3_with_dataset_expressions
[2024-12-23T08:27:29.168+0000] {logging_mixin.py:190} INFO - [2024-12-23T08:27:29.167+0000] {override.py:1911} INFO - Created Permission View: can read on DAG Run:consume_1_or_both_2_and_3_with_dataset_expressions
[2024-12-23T08:27:29.181+0000] {logging_mixin.py:190} INFO - [2024-12-23T08:27:29.180+0000] {override.py:1911} INFO - Created Permission View: can delete on DAG Run:consume_1_or_both_2_and_3_with_dataset_expressions
[2024-12-23T08:27:29.194+0000] {logging_mixin.py:190} INFO - [2024-12-23T08:27:29.194+0000] {override.py:1911} INFO - Created Permission View: menu access on DAG Run:consume_1_or_both_2_and_3_with_dataset_expressions
[2024-12-23T08:27:29.214+0000] {logging_mixin.py:190} INFO - [2024-12-23T08:27:29.214+0000] {override.py:1911} INFO - Created Permission View: can create on DAG Run:consume_1_or_both_2_and_3_with_dataset_expressions
[2024-12-23T08:27:29.242+0000] {logging_mixin.py:190} INFO - [2024-12-23T08:27:29.241+0000] {override.py:1911} INFO - Created Permission View: can read on DAG:dataset_consumes_unknown_never_scheduled
[2024-12-23T08:27:29.254+0000] {logging_mixin.py:190} INFO - [2024-12-23T08:27:29.253+0000] {override.py:1911} INFO - Created Permission View: can edit on DAG:dataset_consumes_unknown_never_scheduled
[2024-12-23T08:27:29.267+0000] {logging_mixin.py:190} INFO - [2024-12-23T08:27:29.266+0000] {override.py:1911} INFO - Created Permission View: can delete on DAG:dataset_consumes_unknown_never_scheduled
[2024-12-23T08:27:29.284+0000] {logging_mixin.py:190} INFO - [2024-12-23T08:27:29.283+0000] {override.py:1911} INFO - Created Permission View: can read on DAG Run:dataset_consumes_unknown_never_scheduled
[2024-12-23T08:27:29.300+0000] {logging_mixin.py:190} INFO - [2024-12-23T08:27:29.299+0000] {override.py:1911} INFO - Created Permission View: can delete on DAG Run:dataset_consumes_unknown_never_scheduled
[2024-12-23T08:27:29.314+0000] {logging_mixin.py:190} INFO - [2024-12-23T08:27:29.313+0000] {override.py:1911} INFO - Created Permission View: menu access on DAG Run:dataset_consumes_unknown_never_scheduled
[2024-12-23T08:27:29.327+0000] {logging_mixin.py:190} INFO - [2024-12-23T08:27:29.326+0000] {override.py:1911} INFO - Created Permission View: can create on DAG Run:dataset_consumes_unknown_never_scheduled
[2024-12-23T08:27:29.355+0000] {logging_mixin.py:190} INFO - [2024-12-23T08:27:29.354+0000] {override.py:1911} INFO - Created Permission View: can read on DAG:consume_1_or_2_with_dataset_expressions
[2024-12-23T08:27:29.368+0000] {logging_mixin.py:190} INFO - [2024-12-23T08:27:29.368+0000] {override.py:1911} INFO - Created Permission View: can edit on DAG:consume_1_or_2_with_dataset_expressions
[2024-12-23T08:27:29.384+0000] {logging_mixin.py:190} INFO - [2024-12-23T08:27:29.384+0000] {override.py:1911} INFO - Created Permission View: can delete on DAG:consume_1_or_2_with_dataset_expressions
[2024-12-23T08:27:29.402+0000] {logging_mixin.py:190} INFO - [2024-12-23T08:27:29.401+0000] {override.py:1911} INFO - Created Permission View: can read on DAG Run:consume_1_or_2_with_dataset_expressions
[2024-12-23T08:27:29.418+0000] {logging_mixin.py:190} INFO - [2024-12-23T08:27:29.418+0000] {override.py:1911} INFO - Created Permission View: can delete on DAG Run:consume_1_or_2_with_dataset_expressions
[2024-12-23T08:27:29.432+0000] {logging_mixin.py:190} INFO - [2024-12-23T08:27:29.431+0000] {override.py:1911} INFO - Created Permission View: menu access on DAG Run:consume_1_or_2_with_dataset_expressions
[2024-12-23T08:27:29.452+0000] {logging_mixin.py:190} INFO - [2024-12-23T08:27:29.451+0000] {override.py:1911} INFO - Created Permission View: can create on DAG Run:consume_1_or_2_with_dataset_expressions
[2024-12-23T08:27:29.482+0000] {logging_mixin.py:190} INFO - [2024-12-23T08:27:29.481+0000] {override.py:1911} INFO - Created Permission View: can read on DAG:dataset_produces_2
[2024-12-23T08:27:29.502+0000] {logging_mixin.py:190} INFO - [2024-12-23T08:27:29.501+0000] {override.py:1911} INFO - Created Permission View: can edit on DAG:dataset_produces_2
[2024-12-23T08:27:29.519+0000] {logging_mixin.py:190} INFO - [2024-12-23T08:27:29.519+0000] {override.py:1911} INFO - Created Permission View: can delete on DAG:dataset_produces_2
[2024-12-23T08:27:29.541+0000] {logging_mixin.py:190} INFO - [2024-12-23T08:27:29.541+0000] {override.py:1911} INFO - Created Permission View: can read on DAG Run:dataset_produces_2
[2024-12-23T08:27:29.559+0000] {logging_mixin.py:190} INFO - [2024-12-23T08:27:29.558+0000] {override.py:1911} INFO - Created Permission View: can delete on DAG Run:dataset_produces_2
[2024-12-23T08:27:29.573+0000] {logging_mixin.py:190} INFO - [2024-12-23T08:27:29.573+0000] {override.py:1911} INFO - Created Permission View: menu access on DAG Run:dataset_produces_2
[2024-12-23T08:27:29.593+0000] {logging_mixin.py:190} INFO - [2024-12-23T08:27:29.593+0000] {override.py:1911} INFO - Created Permission View: can create on DAG Run:dataset_produces_2
[2024-12-23T08:27:29.631+0000] {logging_mixin.py:190} INFO - [2024-12-23T08:27:29.630+0000] {override.py:1911} INFO - Created Permission View: can read on DAG:dataset_consumes_1
[2024-12-23T08:27:29.645+0000] {logging_mixin.py:190} INFO - [2024-12-23T08:27:29.644+0000] {override.py:1911} INFO - Created Permission View: can edit on DAG:dataset_consumes_1
[2024-12-23T08:27:29.662+0000] {logging_mixin.py:190} INFO - [2024-12-23T08:27:29.661+0000] {override.py:1911} INFO - Created Permission View: can delete on DAG:dataset_consumes_1
[2024-12-23T08:27:29.685+0000] {logging_mixin.py:190} INFO - [2024-12-23T08:27:29.685+0000] {override.py:1911} INFO - Created Permission View: can read on DAG Run:dataset_consumes_1
[2024-12-23T08:27:29.703+0000] {logging_mixin.py:190} INFO - [2024-12-23T08:27:29.703+0000] {override.py:1911} INFO - Created Permission View: can delete on DAG Run:dataset_consumes_1
[2024-12-23T08:27:29.721+0000] {logging_mixin.py:190} INFO - [2024-12-23T08:27:29.721+0000] {override.py:1911} INFO - Created Permission View: menu access on DAG Run:dataset_consumes_1
[2024-12-23T08:27:29.740+0000] {logging_mixin.py:190} INFO - [2024-12-23T08:27:29.739+0000] {override.py:1911} INFO - Created Permission View: can create on DAG Run:dataset_consumes_1
[2024-12-23T08:27:29.771+0000] {logging_mixin.py:190} INFO - [2024-12-23T08:27:29.770+0000] {override.py:1911} INFO - Created Permission View: can read on DAG:conditional_dataset_and_time_based_timetable
[2024-12-23T08:27:29.791+0000] {logging_mixin.py:190} INFO - [2024-12-23T08:27:29.791+0000] {override.py:1911} INFO - Created Permission View: can edit on DAG:conditional_dataset_and_time_based_timetable
[2024-12-23T08:27:29.807+0000] {logging_mixin.py:190} INFO - [2024-12-23T08:27:29.806+0000] {override.py:1911} INFO - Created Permission View: can delete on DAG:conditional_dataset_and_time_based_timetable
[2024-12-23T08:27:29.828+0000] {logging_mixin.py:190} INFO - [2024-12-23T08:27:29.827+0000] {override.py:1911} INFO - Created Permission View: can read on DAG Run:conditional_dataset_and_time_based_timetable
[2024-12-23T08:27:29.856+0000] {logging_mixin.py:190} INFO - [2024-12-23T08:27:29.856+0000] {override.py:1911} INFO - Created Permission View: can delete on DAG Run:conditional_dataset_and_time_based_timetable
[2024-12-23T08:27:29.875+0000] {logging_mixin.py:190} INFO - [2024-12-23T08:27:29.874+0000] {override.py:1911} INFO - Created Permission View: menu access on DAG Run:conditional_dataset_and_time_based_timetable
[2024-12-23T08:27:29.893+0000] {logging_mixin.py:190} INFO - [2024-12-23T08:27:29.892+0000] {override.py:1911} INFO - Created Permission View: can create on DAG Run:conditional_dataset_and_time_based_timetable
[2024-12-23T08:27:29.923+0000] {logging_mixin.py:190} INFO - [2024-12-23T08:27:29.923+0000] {override.py:1911} INFO - Created Permission View: can read on DAG:dataset_consumes_1_never_scheduled
[2024-12-23T08:27:29.942+0000] {logging_mixin.py:190} INFO - [2024-12-23T08:27:29.942+0000] {override.py:1911} INFO - Created Permission View: can edit on DAG:dataset_consumes_1_never_scheduled
[2024-12-23T08:27:29.958+0000] {logging_mixin.py:190} INFO - [2024-12-23T08:27:29.957+0000] {override.py:1911} INFO - Created Permission View: can delete on DAG:dataset_consumes_1_never_scheduled
[2024-12-23T08:27:29.974+0000] {logging_mixin.py:190} INFO - [2024-12-23T08:27:29.974+0000] {override.py:1911} INFO - Created Permission View: can read on DAG Run:dataset_consumes_1_never_scheduled
[2024-12-23T08:27:29.991+0000] {logging_mixin.py:190} INFO - [2024-12-23T08:27:29.990+0000] {override.py:1911} INFO - Created Permission View: can delete on DAG Run:dataset_consumes_1_never_scheduled
[2024-12-23T08:27:30.009+0000] {logging_mixin.py:190} INFO - [2024-12-23T08:27:30.008+0000] {override.py:1911} INFO - Created Permission View: menu access on DAG Run:dataset_consumes_1_never_scheduled
[2024-12-23T08:27:30.028+0000] {logging_mixin.py:190} INFO - [2024-12-23T08:27:30.027+0000] {override.py:1911} INFO - Created Permission View: can create on DAG Run:dataset_consumes_1_never_scheduled
[2024-12-23T08:27:30.061+0000] {logging_mixin.py:190} INFO - [2024-12-23T08:27:30.061+0000] {override.py:1911} INFO - Created Permission View: can read on DAG:consume_1_and_2_with_dataset_expressions
[2024-12-23T08:27:30.078+0000] {logging_mixin.py:190} INFO - [2024-12-23T08:27:30.077+0000] {override.py:1911} INFO - Created Permission View: can edit on DAG:consume_1_and_2_with_dataset_expressions
[2024-12-23T08:27:30.093+0000] {logging_mixin.py:190} INFO - [2024-12-23T08:27:30.093+0000] {override.py:1911} INFO - Created Permission View: can delete on DAG:consume_1_and_2_with_dataset_expressions
[2024-12-23T08:27:30.113+0000] {logging_mixin.py:190} INFO - [2024-12-23T08:27:30.112+0000] {override.py:1911} INFO - Created Permission View: can read on DAG Run:consume_1_and_2_with_dataset_expressions
[2024-12-23T08:27:30.129+0000] {logging_mixin.py:190} INFO - [2024-12-23T08:27:30.129+0000] {override.py:1911} INFO - Created Permission View: can delete on DAG Run:consume_1_and_2_with_dataset_expressions
[2024-12-23T08:27:30.149+0000] {logging_mixin.py:190} INFO - [2024-12-23T08:27:30.149+0000] {override.py:1911} INFO - Created Permission View: menu access on DAG Run:consume_1_and_2_with_dataset_expressions
[2024-12-23T08:27:30.164+0000] {logging_mixin.py:190} INFO - [2024-12-23T08:27:30.163+0000] {override.py:1911} INFO - Created Permission View: can create on DAG Run:consume_1_and_2_with_dataset_expressions
[2024-12-23T08:27:30.194+0000] {logging_mixin.py:190} INFO - [2024-12-23T08:27:30.194+0000] {override.py:1911} INFO - Created Permission View: can read on DAG:dataset_consumes_1_and_2
[2024-12-23T08:27:30.211+0000] {logging_mixin.py:190} INFO - [2024-12-23T08:27:30.210+0000] {override.py:1911} INFO - Created Permission View: can edit on DAG:dataset_consumes_1_and_2
[2024-12-23T08:27:30.226+0000] {logging_mixin.py:190} INFO - [2024-12-23T08:27:30.226+0000] {override.py:1911} INFO - Created Permission View: can delete on DAG:dataset_consumes_1_and_2
[2024-12-23T08:27:30.247+0000] {logging_mixin.py:190} INFO - [2024-12-23T08:27:30.246+0000] {override.py:1911} INFO - Created Permission View: can read on DAG Run:dataset_consumes_1_and_2
[2024-12-23T08:27:30.266+0000] {logging_mixin.py:190} INFO - [2024-12-23T08:27:30.265+0000] {override.py:1911} INFO - Created Permission View: can delete on DAG Run:dataset_consumes_1_and_2
[2024-12-23T08:27:30.281+0000] {logging_mixin.py:190} INFO - [2024-12-23T08:27:30.280+0000] {override.py:1911} INFO - Created Permission View: menu access on DAG Run:dataset_consumes_1_and_2
[2024-12-23T08:27:30.298+0000] {logging_mixin.py:190} INFO - [2024-12-23T08:27:30.298+0000] {override.py:1911} INFO - Created Permission View: can create on DAG Run:dataset_consumes_1_and_2
[2024-12-23T08:27:30.300+0000] {logging_mixin.py:190} INFO - [2024-12-23T08:27:30.299+0000] {dag.py:3239} INFO - Sync 10 DAGs
[2024-12-23T08:27:30.318+0000] {logging_mixin.py:190} INFO - [2024-12-23T08:27:30.317+0000] {dag.py:3262} INFO - Creating ORM DAG for dataset_produces_2
[2024-12-23T08:27:30.320+0000] {logging_mixin.py:190} INFO - [2024-12-23T08:27:30.319+0000] {dag.py:3262} INFO - Creating ORM DAG for dataset_consumes_1_never_scheduled
[2024-12-23T08:27:30.321+0000] {logging_mixin.py:190} INFO - [2024-12-23T08:27:30.320+0000] {dag.py:3262} INFO - Creating ORM DAG for consume_1_or_both_2_and_3_with_dataset_expressions
[2024-12-23T08:27:30.322+0000] {logging_mixin.py:190} INFO - [2024-12-23T08:27:30.322+0000] {dag.py:3262} INFO - Creating ORM DAG for consume_1_and_2_with_dataset_expressions
[2024-12-23T08:27:30.323+0000] {logging_mixin.py:190} INFO - [2024-12-23T08:27:30.323+0000] {dag.py:3262} INFO - Creating ORM DAG for dataset_produces_1
[2024-12-23T08:27:30.325+0000] {logging_mixin.py:190} INFO - [2024-12-23T08:27:30.325+0000] {dag.py:3262} INFO - Creating ORM DAG for conditional_dataset_and_time_based_timetable
[2024-12-23T08:27:30.326+0000] {logging_mixin.py:190} INFO - [2024-12-23T08:27:30.326+0000] {dag.py:3262} INFO - Creating ORM DAG for dataset_consumes_1
[2024-12-23T08:27:30.328+0000] {logging_mixin.py:190} INFO - [2024-12-23T08:27:30.328+0000] {dag.py:3262} INFO - Creating ORM DAG for dataset_consumes_unknown_never_scheduled
[2024-12-23T08:27:30.330+0000] {logging_mixin.py:190} INFO - [2024-12-23T08:27:30.330+0000] {dag.py:3262} INFO - Creating ORM DAG for consume_1_or_2_with_dataset_expressions
[2024-12-23T08:27:30.332+0000] {logging_mixin.py:190} INFO - [2024-12-23T08:27:30.331+0000] {dag.py:3262} INFO - Creating ORM DAG for dataset_consumes_1_and_2
[2024-12-23T08:27:30.347+0000] {logging_mixin.py:190} INFO - [2024-12-23T08:27:30.347+0000] {dag.py:4180} INFO - Setting next_dagrun for conditional_dataset_and_time_based_timetable to 2024-12-18 01:00:00+00:00, run_after=2024-12-18 01:00:00+00:00
[2024-12-23T08:27:30.349+0000] {logging_mixin.py:190} INFO - [2024-12-23T08:27:30.349+0000] {dag.py:4180} INFO - Setting next_dagrun for consume_1_and_2_with_dataset_expressions to None, run_after=None
[2024-12-23T08:27:30.350+0000] {logging_mixin.py:190} INFO - [2024-12-23T08:27:30.350+0000] {dag.py:4180} INFO - Setting next_dagrun for consume_1_or_2_with_dataset_expressions to None, run_after=None
[2024-12-23T08:27:30.351+0000] {logging_mixin.py:190} INFO - [2024-12-23T08:27:30.351+0000] {dag.py:4180} INFO - Setting next_dagrun for consume_1_or_both_2_and_3_with_dataset_expressions to None, run_after=None
[2024-12-23T08:27:30.353+0000] {logging_mixin.py:190} INFO - [2024-12-23T08:27:30.352+0000] {dag.py:4180} INFO - Setting next_dagrun for dataset_consumes_1 to None, run_after=None
[2024-12-23T08:27:30.354+0000] {logging_mixin.py:190} INFO - [2024-12-23T08:27:30.354+0000] {dag.py:4180} INFO - Setting next_dagrun for dataset_consumes_1_and_2 to None, run_after=None
[2024-12-23T08:27:30.356+0000] {logging_mixin.py:190} INFO - [2024-12-23T08:27:30.355+0000] {dag.py:4180} INFO - Setting next_dagrun for dataset_consumes_1_never_scheduled to None, run_after=None
[2024-12-23T08:27:30.357+0000] {logging_mixin.py:190} INFO - [2024-12-23T08:27:30.356+0000] {dag.py:4180} INFO - Setting next_dagrun for dataset_consumes_unknown_never_scheduled to None, run_after=None
[2024-12-23T08:27:30.360+0000] {logging_mixin.py:190} INFO - [2024-12-23T08:27:30.359+0000] {dag.py:4180} INFO - Setting next_dagrun for dataset_produces_1 to 2024-12-22 00:00:00+00:00, run_after=2024-12-23 00:00:00+00:00
[2024-12-23T08:27:30.361+0000] {logging_mixin.py:190} INFO - [2024-12-23T08:27:30.361+0000] {dag.py:4180} INFO - Setting next_dagrun for dataset_produces_2 to None, run_after=None
[2024-12-23T08:27:30.459+0000] {processor.py:208} INFO - Processing /home/airflow/.local/lib/python3.12/site-packages/airflow/example_dags/example_datasets.py took 7.250 seconds
[2024-12-23T08:28:00.936+0000] {processor.py:186} INFO - Started process (PID=163) to work on /home/airflow/.local/lib/python3.12/site-packages/airflow/example_dags/example_datasets.py
[2024-12-23T08:28:00.937+0000] {processor.py:914} INFO - Processing file /home/airflow/.local/lib/python3.12/site-packages/airflow/example_dags/example_datasets.py for tasks to queue
[2024-12-23T08:28:00.940+0000] {logging_mixin.py:190} INFO - [2024-12-23T08:28:00.940+0000] {dagbag.py:588} INFO - Filling up the DagBag from /home/airflow/.local/lib/python3.12/site-packages/airflow/example_dags/example_datasets.py
[2024-12-23T08:28:01.941+0000] {processor.py:925} INFO - DAG(s) 'conditional_dataset_and_time_based_timetable', 'consume_1_and_2_with_dataset_expressions', 'dataset_consumes_1_and_2', 'dataset_consumes_1', 'dataset_consumes_unknown_never_scheduled', 'dataset_produces_1', 'dataset_produces_2', 'consume_1_or_2_with_dataset_expressions', 'dataset_consumes_1_never_scheduled', 'consume_1_or_both_2_and_3_with_dataset_expressions' retrieved from /home/airflow/.local/lib/python3.12/site-packages/airflow/example_dags/example_datasets.py
[2024-12-23T08:28:02.006+0000] {logging_mixin.py:190} INFO - [2024-12-23T08:28:02.005+0000] {dag.py:3239} INFO - Sync 10 DAGs
[2024-12-23T08:28:02.034+0000] {logging_mixin.py:190} INFO - [2024-12-23T08:28:02.034+0000] {dag.py:4180} INFO - Setting next_dagrun for conditional_dataset_and_time_based_timetable to 2024-12-18 01:00:00+00:00, run_after=2024-12-18 01:00:00+00:00
[2024-12-23T08:28:02.039+0000] {logging_mixin.py:190} INFO - [2024-12-23T08:28:02.038+0000] {dag.py:4180} INFO - Setting next_dagrun for consume_1_and_2_with_dataset_expressions to None, run_after=None
[2024-12-23T08:28:02.042+0000] {logging_mixin.py:190} INFO - [2024-12-23T08:28:02.041+0000] {dag.py:4180} INFO - Setting next_dagrun for consume_1_or_2_with_dataset_expressions to None, run_after=None
[2024-12-23T08:28:02.044+0000] {logging_mixin.py:190} INFO - [2024-12-23T08:28:02.043+0000] {dag.py:4180} INFO - Setting next_dagrun for consume_1_or_both_2_and_3_with_dataset_expressions to None, run_after=None
[2024-12-23T08:28:02.046+0000] {logging_mixin.py:190} INFO - [2024-12-23T08:28:02.046+0000] {dag.py:4180} INFO - Setting next_dagrun for dataset_consumes_1 to None, run_after=None
[2024-12-23T08:28:02.048+0000] {logging_mixin.py:190} INFO - [2024-12-23T08:28:02.048+0000] {dag.py:4180} INFO - Setting next_dagrun for dataset_consumes_1_and_2 to None, run_after=None
[2024-12-23T08:28:02.050+0000] {logging_mixin.py:190} INFO - [2024-12-23T08:28:02.050+0000] {dag.py:4180} INFO - Setting next_dagrun for dataset_consumes_1_never_scheduled to None, run_after=None
[2024-12-23T08:28:02.052+0000] {logging_mixin.py:190} INFO - [2024-12-23T08:28:02.052+0000] {dag.py:4180} INFO - Setting next_dagrun for dataset_consumes_unknown_never_scheduled to None, run_after=None
[2024-12-23T08:28:02.055+0000] {logging_mixin.py:190} INFO - [2024-12-23T08:28:02.055+0000] {dag.py:4180} INFO - Setting next_dagrun for dataset_produces_1 to 2024-12-22 00:00:00+00:00, run_after=2024-12-23 00:00:00+00:00
[2024-12-23T08:28:02.057+0000] {logging_mixin.py:190} INFO - [2024-12-23T08:28:02.057+0000] {dag.py:4180} INFO - Setting next_dagrun for dataset_produces_2 to None, run_after=None
[2024-12-23T08:28:02.134+0000] {processor.py:208} INFO - Processing /home/airflow/.local/lib/python3.12/site-packages/airflow/example_dags/example_datasets.py took 1.204 seconds
[2024-12-23T08:28:32.273+0000] {processor.py:186} INFO - Started process (PID=229) to work on /home/airflow/.local/lib/python3.12/site-packages/airflow/example_dags/example_datasets.py
[2024-12-23T08:28:32.275+0000] {processor.py:914} INFO - Processing file /home/airflow/.local/lib/python3.12/site-packages/airflow/example_dags/example_datasets.py for tasks to queue
[2024-12-23T08:28:32.281+0000] {logging_mixin.py:190} INFO - [2024-12-23T08:28:32.280+0000] {dagbag.py:588} INFO - Filling up the DagBag from /home/airflow/.local/lib/python3.12/site-packages/airflow/example_dags/example_datasets.py
[2024-12-23T08:28:33.413+0000] {processor.py:925} INFO - DAG(s) 'consume_1_or_both_2_and_3_with_dataset_expressions', 'dataset_consumes_unknown_never_scheduled', 'dataset_consumes_1_never_scheduled', 'conditional_dataset_and_time_based_timetable', 'dataset_produces_2', 'consume_1_or_2_with_dataset_expressions', 'dataset_consumes_1', 'dataset_consumes_1_and_2', 'consume_1_and_2_with_dataset_expressions', 'dataset_produces_1' retrieved from /home/airflow/.local/lib/python3.12/site-packages/airflow/example_dags/example_datasets.py
[2024-12-23T08:28:33.512+0000] {logging_mixin.py:190} INFO - [2024-12-23T08:28:33.511+0000] {dag.py:3239} INFO - Sync 10 DAGs
[2024-12-23T08:28:33.561+0000] {logging_mixin.py:190} INFO - [2024-12-23T08:28:33.560+0000] {dag.py:4180} INFO - Setting next_dagrun for conditional_dataset_and_time_based_timetable to 2024-12-18 01:00:00+00:00, run_after=2024-12-18 01:00:00+00:00
[2024-12-23T08:28:33.571+0000] {logging_mixin.py:190} INFO - [2024-12-23T08:28:33.571+0000] {dag.py:4180} INFO - Setting next_dagrun for consume_1_and_2_with_dataset_expressions to None, run_after=None
[2024-12-23T08:28:33.576+0000] {logging_mixin.py:190} INFO - [2024-12-23T08:28:33.576+0000] {dag.py:4180} INFO - Setting next_dagrun for consume_1_or_2_with_dataset_expressions to None, run_after=None
[2024-12-23T08:28:33.580+0000] {logging_mixin.py:190} INFO - [2024-12-23T08:28:33.579+0000] {dag.py:4180} INFO - Setting next_dagrun for consume_1_or_both_2_and_3_with_dataset_expressions to None, run_after=None
[2024-12-23T08:28:33.584+0000] {logging_mixin.py:190} INFO - [2024-12-23T08:28:33.583+0000] {dag.py:4180} INFO - Setting next_dagrun for dataset_consumes_1 to None, run_after=None
[2024-12-23T08:28:33.589+0000] {logging_mixin.py:190} INFO - [2024-12-23T08:28:33.588+0000] {dag.py:4180} INFO - Setting next_dagrun for dataset_consumes_1_and_2 to None, run_after=None
[2024-12-23T08:28:33.592+0000] {logging_mixin.py:190} INFO - [2024-12-23T08:28:33.591+0000] {dag.py:4180} INFO - Setting next_dagrun for dataset_consumes_1_never_scheduled to None, run_after=None
[2024-12-23T08:28:33.596+0000] {logging_mixin.py:190} INFO - [2024-12-23T08:28:33.595+0000] {dag.py:4180} INFO - Setting next_dagrun for dataset_consumes_unknown_never_scheduled to None, run_after=None
[2024-12-23T08:28:33.602+0000] {logging_mixin.py:190} INFO - [2024-12-23T08:28:33.601+0000] {dag.py:4180} INFO - Setting next_dagrun for dataset_produces_1 to 2024-12-22 00:00:00+00:00, run_after=2024-12-23 00:00:00+00:00
[2024-12-23T08:28:33.606+0000] {logging_mixin.py:190} INFO - [2024-12-23T08:28:33.605+0000] {dag.py:4180} INFO - Setting next_dagrun for dataset_produces_2 to None, run_after=None
[2024-12-23T08:28:33.684+0000] {processor.py:208} INFO - Processing /home/airflow/.local/lib/python3.12/site-packages/airflow/example_dags/example_datasets.py took 1.418 seconds
[2024-12-23T08:29:03.919+0000] {processor.py:186} INFO - Started process (PID=291) to work on /home/airflow/.local/lib/python3.12/site-packages/airflow/example_dags/example_datasets.py
[2024-12-23T08:29:03.921+0000] {processor.py:914} INFO - Processing file /home/airflow/.local/lib/python3.12/site-packages/airflow/example_dags/example_datasets.py for tasks to queue
[2024-12-23T08:29:03.924+0000] {logging_mixin.py:190} INFO - [2024-12-23T08:29:03.923+0000] {dagbag.py:588} INFO - Filling up the DagBag from /home/airflow/.local/lib/python3.12/site-packages/airflow/example_dags/example_datasets.py
[2024-12-23T08:29:04.753+0000] {processor.py:925} INFO - DAG(s) 'consume_1_or_2_with_dataset_expressions', 'conditional_dataset_and_time_based_timetable', 'dataset_consumes_1_never_scheduled', 'dataset_produces_2', 'consume_1_and_2_with_dataset_expressions', 'dataset_produces_1', 'dataset_consumes_1', 'consume_1_or_both_2_and_3_with_dataset_expressions', 'dataset_consumes_1_and_2', 'dataset_consumes_unknown_never_scheduled' retrieved from /home/airflow/.local/lib/python3.12/site-packages/airflow/example_dags/example_datasets.py
[2024-12-23T08:29:04.812+0000] {logging_mixin.py:190} INFO - [2024-12-23T08:29:04.812+0000] {dag.py:3239} INFO - Sync 10 DAGs
[2024-12-23T08:29:04.845+0000] {logging_mixin.py:190} INFO - [2024-12-23T08:29:04.845+0000] {dag.py:4180} INFO - Setting next_dagrun for conditional_dataset_and_time_based_timetable to 2024-12-18 01:00:00+00:00, run_after=2024-12-18 01:00:00+00:00
[2024-12-23T08:29:04.850+0000] {logging_mixin.py:190} INFO - [2024-12-23T08:29:04.850+0000] {dag.py:4180} INFO - Setting next_dagrun for consume_1_and_2_with_dataset_expressions to None, run_after=None
[2024-12-23T08:29:04.853+0000] {logging_mixin.py:190} INFO - [2024-12-23T08:29:04.852+0000] {dag.py:4180} INFO - Setting next_dagrun for consume_1_or_2_with_dataset_expressions to None, run_after=None
[2024-12-23T08:29:04.856+0000] {logging_mixin.py:190} INFO - [2024-12-23T08:29:04.855+0000] {dag.py:4180} INFO - Setting next_dagrun for consume_1_or_both_2_and_3_with_dataset_expressions to None, run_after=None
[2024-12-23T08:29:04.861+0000] {logging_mixin.py:190} INFO - [2024-12-23T08:29:04.861+0000] {dag.py:4180} INFO - Setting next_dagrun for dataset_consumes_1 to None, run_after=None
[2024-12-23T08:29:04.864+0000] {logging_mixin.py:190} INFO - [2024-12-23T08:29:04.863+0000] {dag.py:4180} INFO - Setting next_dagrun for dataset_consumes_1_and_2 to None, run_after=None
[2024-12-23T08:29:04.866+0000] {logging_mixin.py:190} INFO - [2024-12-23T08:29:04.865+0000] {dag.py:4180} INFO - Setting next_dagrun for dataset_consumes_1_never_scheduled to None, run_after=None
[2024-12-23T08:29:04.868+0000] {logging_mixin.py:190} INFO - [2024-12-23T08:29:04.868+0000] {dag.py:4180} INFO - Setting next_dagrun for dataset_consumes_unknown_never_scheduled to None, run_after=None
[2024-12-23T08:29:04.872+0000] {logging_mixin.py:190} INFO - [2024-12-23T08:29:04.871+0000] {dag.py:4180} INFO - Setting next_dagrun for dataset_produces_1 to 2024-12-22 00:00:00+00:00, run_after=2024-12-23 00:00:00+00:00
[2024-12-23T08:29:04.875+0000] {logging_mixin.py:190} INFO - [2024-12-23T08:29:04.874+0000] {dag.py:4180} INFO - Setting next_dagrun for dataset_produces_2 to None, run_after=None
[2024-12-23T08:29:04.931+0000] {processor.py:208} INFO - Processing /home/airflow/.local/lib/python3.12/site-packages/airflow/example_dags/example_datasets.py took 1.018 seconds
[2024-12-23T08:29:35.842+0000] {processor.py:186} INFO - Started process (PID=355) to work on /home/airflow/.local/lib/python3.12/site-packages/airflow/example_dags/example_datasets.py
[2024-12-23T08:29:35.845+0000] {processor.py:914} INFO - Processing file /home/airflow/.local/lib/python3.12/site-packages/airflow/example_dags/example_datasets.py for tasks to queue
[2024-12-23T08:29:35.848+0000] {logging_mixin.py:190} INFO - [2024-12-23T08:29:35.848+0000] {dagbag.py:588} INFO - Filling up the DagBag from /home/airflow/.local/lib/python3.12/site-packages/airflow/example_dags/example_datasets.py
[2024-12-23T08:29:36.538+0000] {processor.py:925} INFO - DAG(s) 'conditional_dataset_and_time_based_timetable', 'consume_1_and_2_with_dataset_expressions', 'dataset_consumes_unknown_never_scheduled', 'consume_1_or_2_with_dataset_expressions', 'dataset_produces_2', 'consume_1_or_both_2_and_3_with_dataset_expressions', 'dataset_consumes_1_and_2', 'dataset_produces_1', 'dataset_consumes_1_never_scheduled', 'dataset_consumes_1' retrieved from /home/airflow/.local/lib/python3.12/site-packages/airflow/example_dags/example_datasets.py
[2024-12-23T08:29:36.597+0000] {logging_mixin.py:190} INFO - [2024-12-23T08:29:36.597+0000] {dag.py:3239} INFO - Sync 10 DAGs
[2024-12-23T08:29:36.629+0000] {logging_mixin.py:190} INFO - [2024-12-23T08:29:36.628+0000] {dag.py:4180} INFO - Setting next_dagrun for conditional_dataset_and_time_based_timetable to 2024-12-18 01:00:00+00:00, run_after=2024-12-18 01:00:00+00:00
[2024-12-23T08:29:36.634+0000] {logging_mixin.py:190} INFO - [2024-12-23T08:29:36.633+0000] {dag.py:4180} INFO - Setting next_dagrun for consume_1_and_2_with_dataset_expressions to None, run_after=None
[2024-12-23T08:29:36.636+0000] {logging_mixin.py:190} INFO - [2024-12-23T08:29:36.636+0000] {dag.py:4180} INFO - Setting next_dagrun for consume_1_or_2_with_dataset_expressions to None, run_after=None
[2024-12-23T08:29:36.638+0000] {logging_mixin.py:190} INFO - [2024-12-23T08:29:36.638+0000] {dag.py:4180} INFO - Setting next_dagrun for consume_1_or_both_2_and_3_with_dataset_expressions to None, run_after=None
[2024-12-23T08:29:36.640+0000] {logging_mixin.py:190} INFO - [2024-12-23T08:29:36.640+0000] {dag.py:4180} INFO - Setting next_dagrun for dataset_consumes_1 to None, run_after=None
[2024-12-23T08:29:36.642+0000] {logging_mixin.py:190} INFO - [2024-12-23T08:29:36.642+0000] {dag.py:4180} INFO - Setting next_dagrun for dataset_consumes_1_and_2 to None, run_after=None
[2024-12-23T08:29:36.644+0000] {logging_mixin.py:190} INFO - [2024-12-23T08:29:36.644+0000] {dag.py:4180} INFO - Setting next_dagrun for dataset_consumes_1_never_scheduled to None, run_after=None
[2024-12-23T08:29:36.646+0000] {logging_mixin.py:190} INFO - [2024-12-23T08:29:36.646+0000] {dag.py:4180} INFO - Setting next_dagrun for dataset_consumes_unknown_never_scheduled to None, run_after=None
[2024-12-23T08:29:36.650+0000] {logging_mixin.py:190} INFO - [2024-12-23T08:29:36.649+0000] {dag.py:4180} INFO - Setting next_dagrun for dataset_produces_1 to 2024-12-22 00:00:00+00:00, run_after=2024-12-23 00:00:00+00:00
[2024-12-23T08:29:36.652+0000] {logging_mixin.py:190} INFO - [2024-12-23T08:29:36.652+0000] {dag.py:4180} INFO - Setting next_dagrun for dataset_produces_2 to None, run_after=None
[2024-12-23T08:29:36.700+0000] {processor.py:208} INFO - Processing /home/airflow/.local/lib/python3.12/site-packages/airflow/example_dags/example_datasets.py took 0.865 seconds
[2024-12-23T08:30:07.684+0000] {processor.py:186} INFO - Started process (PID=420) to work on /home/airflow/.local/lib/python3.12/site-packages/airflow/example_dags/example_datasets.py
[2024-12-23T08:30:07.686+0000] {processor.py:914} INFO - Processing file /home/airflow/.local/lib/python3.12/site-packages/airflow/example_dags/example_datasets.py for tasks to queue
[2024-12-23T08:30:07.689+0000] {logging_mixin.py:190} INFO - [2024-12-23T08:30:07.689+0000] {dagbag.py:588} INFO - Filling up the DagBag from /home/airflow/.local/lib/python3.12/site-packages/airflow/example_dags/example_datasets.py
[2024-12-23T08:30:08.938+0000] {processor.py:925} INFO - DAG(s) 'dataset_consumes_1_never_scheduled', 'dataset_consumes_1', 'dataset_produces_1', 'consume_1_or_2_with_dataset_expressions', 'consume_1_and_2_with_dataset_expressions', 'dataset_produces_2', 'dataset_consumes_unknown_never_scheduled', 'consume_1_or_both_2_and_3_with_dataset_expressions', 'dataset_consumes_1_and_2', 'conditional_dataset_and_time_based_timetable' retrieved from /home/airflow/.local/lib/python3.12/site-packages/airflow/example_dags/example_datasets.py
[2024-12-23T08:30:09.015+0000] {logging_mixin.py:190} INFO - [2024-12-23T08:30:09.015+0000] {dag.py:3239} INFO - Sync 10 DAGs
[2024-12-23T08:30:09.057+0000] {logging_mixin.py:190} INFO - [2024-12-23T08:30:09.057+0000] {dag.py:4180} INFO - Setting next_dagrun for conditional_dataset_and_time_based_timetable to 2024-12-18 01:00:00+00:00, run_after=2024-12-18 01:00:00+00:00
[2024-12-23T08:30:09.064+0000] {logging_mixin.py:190} INFO - [2024-12-23T08:30:09.064+0000] {dag.py:4180} INFO - Setting next_dagrun for consume_1_and_2_with_dataset_expressions to None, run_after=None
[2024-12-23T08:30:09.071+0000] {logging_mixin.py:190} INFO - [2024-12-23T08:30:09.071+0000] {dag.py:4180} INFO - Setting next_dagrun for consume_1_or_2_with_dataset_expressions to None, run_after=None
[2024-12-23T08:30:09.075+0000] {logging_mixin.py:190} INFO - [2024-12-23T08:30:09.075+0000] {dag.py:4180} INFO - Setting next_dagrun for consume_1_or_both_2_and_3_with_dataset_expressions to None, run_after=None
[2024-12-23T08:30:09.077+0000] {logging_mixin.py:190} INFO - [2024-12-23T08:30:09.077+0000] {dag.py:4180} INFO - Setting next_dagrun for dataset_consumes_1 to None, run_after=None
[2024-12-23T08:30:09.080+0000] {logging_mixin.py:190} INFO - [2024-12-23T08:30:09.080+0000] {dag.py:4180} INFO - Setting next_dagrun for dataset_consumes_1_and_2 to None, run_after=None
[2024-12-23T08:30:09.082+0000] {logging_mixin.py:190} INFO - [2024-12-23T08:30:09.082+0000] {dag.py:4180} INFO - Setting next_dagrun for dataset_consumes_1_never_scheduled to None, run_after=None
[2024-12-23T08:30:09.086+0000] {logging_mixin.py:190} INFO - [2024-12-23T08:30:09.085+0000] {dag.py:4180} INFO - Setting next_dagrun for dataset_consumes_unknown_never_scheduled to None, run_after=None
[2024-12-23T08:30:09.091+0000] {logging_mixin.py:190} INFO - [2024-12-23T08:30:09.091+0000] {dag.py:4180} INFO - Setting next_dagrun for dataset_produces_1 to 2024-12-22 00:00:00+00:00, run_after=2024-12-23 00:00:00+00:00
[2024-12-23T08:30:09.094+0000] {logging_mixin.py:190} INFO - [2024-12-23T08:30:09.094+0000] {dag.py:4180} INFO - Setting next_dagrun for dataset_produces_2 to None, run_after=None
[2024-12-23T08:30:09.161+0000] {processor.py:208} INFO - Processing /home/airflow/.local/lib/python3.12/site-packages/airflow/example_dags/example_datasets.py took 1.487 seconds
[2024-12-23T08:30:39.361+0000] {processor.py:186} INFO - Started process (PID=486) to work on /home/airflow/.local/lib/python3.12/site-packages/airflow/example_dags/example_datasets.py
[2024-12-23T08:30:39.364+0000] {processor.py:914} INFO - Processing file /home/airflow/.local/lib/python3.12/site-packages/airflow/example_dags/example_datasets.py for tasks to queue
[2024-12-23T08:30:39.371+0000] {logging_mixin.py:190} INFO - [2024-12-23T08:30:39.370+0000] {dagbag.py:588} INFO - Filling up the DagBag from /home/airflow/.local/lib/python3.12/site-packages/airflow/example_dags/example_datasets.py
[2024-12-23T08:30:45.585+0000] {processor.py:925} INFO - DAG(s) 'dataset_produces_2', 'consume_1_or_2_with_dataset_expressions', 'dataset_consumes_1_never_scheduled', 'dataset_consumes_1', 'dataset_consumes_unknown_never_scheduled', 'conditional_dataset_and_time_based_timetable', 'consume_1_and_2_with_dataset_expressions', 'dataset_consumes_1_and_2', 'consume_1_or_both_2_and_3_with_dataset_expressions', 'dataset_produces_1' retrieved from /home/airflow/.local/lib/python3.12/site-packages/airflow/example_dags/example_datasets.py
[2024-12-23T08:30:45.711+0000] {logging_mixin.py:190} INFO - [2024-12-23T08:30:45.710+0000] {dag.py:3239} INFO - Sync 10 DAGs
[2024-12-23T08:30:45.774+0000] {logging_mixin.py:190} INFO - [2024-12-23T08:30:45.773+0000] {dag.py:4180} INFO - Setting next_dagrun for conditional_dataset_and_time_based_timetable to 2024-12-18 01:00:00+00:00, run_after=2024-12-18 01:00:00+00:00
[2024-12-23T08:30:45.792+0000] {logging_mixin.py:190} INFO - [2024-12-23T08:30:45.791+0000] {dag.py:4180} INFO - Setting next_dagrun for consume_1_and_2_with_dataset_expressions to None, run_after=None
[2024-12-23T08:30:45.799+0000] {logging_mixin.py:190} INFO - [2024-12-23T08:30:45.798+0000] {dag.py:4180} INFO - Setting next_dagrun for consume_1_or_2_with_dataset_expressions to None, run_after=None
[2024-12-23T08:30:45.804+0000] {logging_mixin.py:190} INFO - [2024-12-23T08:30:45.803+0000] {dag.py:4180} INFO - Setting next_dagrun for consume_1_or_both_2_and_3_with_dataset_expressions to None, run_after=None
[2024-12-23T08:30:45.810+0000] {logging_mixin.py:190} INFO - [2024-12-23T08:30:45.809+0000] {dag.py:4180} INFO - Setting next_dagrun for dataset_consumes_1 to None, run_after=None
[2024-12-23T08:30:45.816+0000] {logging_mixin.py:190} INFO - [2024-12-23T08:30:45.815+0000] {dag.py:4180} INFO - Setting next_dagrun for dataset_consumes_1_and_2 to None, run_after=None
[2024-12-23T08:30:45.826+0000] {logging_mixin.py:190} INFO - [2024-12-23T08:30:45.826+0000] {dag.py:4180} INFO - Setting next_dagrun for dataset_consumes_1_never_scheduled to None, run_after=None
[2024-12-23T08:30:45.832+0000] {logging_mixin.py:190} INFO - [2024-12-23T08:30:45.831+0000] {dag.py:4180} INFO - Setting next_dagrun for dataset_consumes_unknown_never_scheduled to None, run_after=None
[2024-12-23T08:30:45.842+0000] {logging_mixin.py:190} INFO - [2024-12-23T08:30:45.842+0000] {dag.py:4180} INFO - Setting next_dagrun for dataset_produces_1 to 2024-12-22 00:00:00+00:00, run_after=2024-12-23 00:00:00+00:00
[2024-12-23T08:30:45.848+0000] {logging_mixin.py:190} INFO - [2024-12-23T08:30:45.847+0000] {dag.py:4180} INFO - Setting next_dagrun for dataset_produces_2 to None, run_after=None
[2024-12-23T08:30:45.978+0000] {processor.py:208} INFO - Processing /home/airflow/.local/lib/python3.12/site-packages/airflow/example_dags/example_datasets.py took 6.629 seconds
[2024-12-23T08:31:16.334+0000] {processor.py:186} INFO - Started process (PID=551) to work on /home/airflow/.local/lib/python3.12/site-packages/airflow/example_dags/example_datasets.py
[2024-12-23T08:31:16.336+0000] {processor.py:914} INFO - Processing file /home/airflow/.local/lib/python3.12/site-packages/airflow/example_dags/example_datasets.py for tasks to queue
[2024-12-23T08:31:16.340+0000] {logging_mixin.py:190} INFO - [2024-12-23T08:31:16.340+0000] {dagbag.py:588} INFO - Filling up the DagBag from /home/airflow/.local/lib/python3.12/site-packages/airflow/example_dags/example_datasets.py
