[2024-12-23T08:27:21.989+0000] {processor.py:186} INFO - Started process (PID=97) to work on /home/airflow/.local/lib/python3.12/site-packages/airflow/example_dags/example_python_decorator.py
[2024-12-23T08:27:21.990+0000] {processor.py:914} INFO - Processing file /home/airflow/.local/lib/python3.12/site-packages/airflow/example_dags/example_python_decorator.py for tasks to queue
[2024-12-23T08:27:21.995+0000] {logging_mixin.py:190} INFO - [2024-12-23T08:27:21.995+0000] {dagbag.py:588} INFO - Filling up the DagBag from /home/airflow/.local/lib/python3.12/site-packages/airflow/example_dags/example_python_decorator.py
[2024-12-23T08:27:22.044+0000] {processor.py:925} INFO - DAG(s) 'example_python_decorator' retrieved from /home/airflow/.local/lib/python3.12/site-packages/airflow/example_dags/example_python_decorator.py
[2024-12-23T08:27:22.252+0000] {logging_mixin.py:190} INFO - [2024-12-23T08:27:22.251+0000] {override.py:1911} INFO - Created Permission View: can read on DAG:example_python_decorator
[2024-12-23T08:27:22.309+0000] {logging_mixin.py:190} INFO - [2024-12-23T08:27:22.309+0000] {override.py:1911} INFO - Created Permission View: can edit on DAG:example_python_decorator
[2024-12-23T08:27:22.386+0000] {logging_mixin.py:190} INFO - [2024-12-23T08:27:22.385+0000] {override.py:1911} INFO - Created Permission View: can delete on DAG:example_python_decorator
[2024-12-23T08:27:22.639+0000] {logging_mixin.py:190} INFO - [2024-12-23T08:27:22.639+0000] {override.py:1911} INFO - Created Permission View: can read on DAG Run:example_python_decorator
[2024-12-23T08:27:22.734+0000] {logging_mixin.py:190} INFO - [2024-12-23T08:27:22.734+0000] {override.py:1911} INFO - Created Permission View: can delete on DAG Run:example_python_decorator
[2024-12-23T08:27:22.797+0000] {logging_mixin.py:190} INFO - [2024-12-23T08:27:22.797+0000] {override.py:1911} INFO - Created Permission View: menu access on DAG Run:example_python_decorator
[2024-12-23T08:27:22.849+0000] {logging_mixin.py:190} INFO - [2024-12-23T08:27:22.848+0000] {override.py:1911} INFO - Created Permission View: can create on DAG Run:example_python_decorator
[2024-12-23T08:27:22.850+0000] {logging_mixin.py:190} INFO - [2024-12-23T08:27:22.850+0000] {dag.py:3239} INFO - Sync 1 DAGs
[2024-12-23T08:27:22.865+0000] {logging_mixin.py:190} INFO - [2024-12-23T08:27:22.865+0000] {dag.py:3262} INFO - Creating ORM DAG for example_python_decorator
[2024-12-23T08:27:22.867+0000] {logging_mixin.py:190} INFO - [2024-12-23T08:27:22.867+0000] {dag.py:4180} INFO - Setting next_dagrun for example_python_decorator to None, run_after=None
[2024-12-23T08:27:23.059+0000] {processor.py:208} INFO - Processing /home/airflow/.local/lib/python3.12/site-packages/airflow/example_dags/example_python_decorator.py took 1.076 seconds
[2024-12-23T08:27:53.762+0000] {processor.py:186} INFO - Started process (PID=154) to work on /home/airflow/.local/lib/python3.12/site-packages/airflow/example_dags/example_python_decorator.py
[2024-12-23T08:27:53.763+0000] {processor.py:914} INFO - Processing file /home/airflow/.local/lib/python3.12/site-packages/airflow/example_dags/example_python_decorator.py for tasks to queue
[2024-12-23T08:27:53.766+0000] {logging_mixin.py:190} INFO - [2024-12-23T08:27:53.766+0000] {dagbag.py:588} INFO - Filling up the DagBag from /home/airflow/.local/lib/python3.12/site-packages/airflow/example_dags/example_python_decorator.py
[2024-12-23T08:27:53.783+0000] {processor.py:925} INFO - DAG(s) 'example_python_decorator' retrieved from /home/airflow/.local/lib/python3.12/site-packages/airflow/example_dags/example_python_decorator.py
[2024-12-23T08:27:53.810+0000] {logging_mixin.py:190} INFO - [2024-12-23T08:27:53.810+0000] {dag.py:3239} INFO - Sync 1 DAGs
[2024-12-23T08:27:53.825+0000] {logging_mixin.py:190} INFO - [2024-12-23T08:27:53.825+0000] {dag.py:4180} INFO - Setting next_dagrun for example_python_decorator to None, run_after=None
[2024-12-23T08:27:53.851+0000] {processor.py:208} INFO - Processing /home/airflow/.local/lib/python3.12/site-packages/airflow/example_dags/example_python_decorator.py took 0.095 seconds
[2024-12-23T08:28:24.567+0000] {processor.py:186} INFO - Started process (PID=223) to work on /home/airflow/.local/lib/python3.12/site-packages/airflow/example_dags/example_python_decorator.py
[2024-12-23T08:28:24.569+0000] {processor.py:914} INFO - Processing file /home/airflow/.local/lib/python3.12/site-packages/airflow/example_dags/example_python_decorator.py for tasks to queue
[2024-12-23T08:28:24.571+0000] {logging_mixin.py:190} INFO - [2024-12-23T08:28:24.571+0000] {dagbag.py:588} INFO - Filling up the DagBag from /home/airflow/.local/lib/python3.12/site-packages/airflow/example_dags/example_python_decorator.py
[2024-12-23T08:28:24.586+0000] {processor.py:925} INFO - DAG(s) 'example_python_decorator' retrieved from /home/airflow/.local/lib/python3.12/site-packages/airflow/example_dags/example_python_decorator.py
[2024-12-23T08:28:24.611+0000] {logging_mixin.py:190} INFO - [2024-12-23T08:28:24.610+0000] {dag.py:3239} INFO - Sync 1 DAGs
[2024-12-23T08:28:24.627+0000] {logging_mixin.py:190} INFO - [2024-12-23T08:28:24.627+0000] {dag.py:4180} INFO - Setting next_dagrun for example_python_decorator to None, run_after=None
[2024-12-23T08:28:24.661+0000] {processor.py:208} INFO - Processing /home/airflow/.local/lib/python3.12/site-packages/airflow/example_dags/example_python_decorator.py took 0.100 seconds
[2024-12-23T08:28:55.571+0000] {processor.py:186} INFO - Started process (PID=286) to work on /home/airflow/.local/lib/python3.12/site-packages/airflow/example_dags/example_python_decorator.py
[2024-12-23T08:28:55.573+0000] {processor.py:914} INFO - Processing file /home/airflow/.local/lib/python3.12/site-packages/airflow/example_dags/example_python_decorator.py for tasks to queue
[2024-12-23T08:28:55.575+0000] {logging_mixin.py:190} INFO - [2024-12-23T08:28:55.575+0000] {dagbag.py:588} INFO - Filling up the DagBag from /home/airflow/.local/lib/python3.12/site-packages/airflow/example_dags/example_python_decorator.py
[2024-12-23T08:28:55.594+0000] {processor.py:925} INFO - DAG(s) 'example_python_decorator' retrieved from /home/airflow/.local/lib/python3.12/site-packages/airflow/example_dags/example_python_decorator.py
[2024-12-23T08:28:55.623+0000] {logging_mixin.py:190} INFO - [2024-12-23T08:28:55.622+0000] {dag.py:3239} INFO - Sync 1 DAGs
[2024-12-23T08:28:55.644+0000] {logging_mixin.py:190} INFO - [2024-12-23T08:28:55.644+0000] {dag.py:4180} INFO - Setting next_dagrun for example_python_decorator to None, run_after=None
[2024-12-23T08:28:55.673+0000] {processor.py:208} INFO - Processing /home/airflow/.local/lib/python3.12/site-packages/airflow/example_dags/example_python_decorator.py took 0.109 seconds
[2024-12-23T08:29:26.397+0000] {processor.py:186} INFO - Started process (PID=349) to work on /home/airflow/.local/lib/python3.12/site-packages/airflow/example_dags/example_python_decorator.py
[2024-12-23T08:29:26.402+0000] {processor.py:914} INFO - Processing file /home/airflow/.local/lib/python3.12/site-packages/airflow/example_dags/example_python_decorator.py for tasks to queue
[2024-12-23T08:29:26.407+0000] {logging_mixin.py:190} INFO - [2024-12-23T08:29:26.406+0000] {dagbag.py:588} INFO - Filling up the DagBag from /home/airflow/.local/lib/python3.12/site-packages/airflow/example_dags/example_python_decorator.py
[2024-12-23T08:29:26.442+0000] {processor.py:925} INFO - DAG(s) 'example_python_decorator' retrieved from /home/airflow/.local/lib/python3.12/site-packages/airflow/example_dags/example_python_decorator.py
[2024-12-23T08:29:26.487+0000] {logging_mixin.py:190} INFO - [2024-12-23T08:29:26.487+0000] {dag.py:3239} INFO - Sync 1 DAGs
[2024-12-23T08:29:26.520+0000] {logging_mixin.py:190} INFO - [2024-12-23T08:29:26.519+0000] {dag.py:4180} INFO - Setting next_dagrun for example_python_decorator to None, run_after=None
[2024-12-23T08:29:26.576+0000] {processor.py:208} INFO - Processing /home/airflow/.local/lib/python3.12/site-packages/airflow/example_dags/example_python_decorator.py took 0.191 seconds
[2024-12-23T08:29:56.963+0000] {processor.py:186} INFO - Started process (PID=412) to work on /home/airflow/.local/lib/python3.12/site-packages/airflow/example_dags/example_python_decorator.py
[2024-12-23T08:29:56.966+0000] {processor.py:914} INFO - Processing file /home/airflow/.local/lib/python3.12/site-packages/airflow/example_dags/example_python_decorator.py for tasks to queue
[2024-12-23T08:29:56.971+0000] {logging_mixin.py:190} INFO - [2024-12-23T08:29:56.970+0000] {dagbag.py:588} INFO - Filling up the DagBag from /home/airflow/.local/lib/python3.12/site-packages/airflow/example_dags/example_python_decorator.py
[2024-12-23T08:29:56.999+0000] {processor.py:925} INFO - DAG(s) 'example_python_decorator' retrieved from /home/airflow/.local/lib/python3.12/site-packages/airflow/example_dags/example_python_decorator.py
[2024-12-23T08:29:57.041+0000] {logging_mixin.py:190} INFO - [2024-12-23T08:29:57.041+0000] {dag.py:3239} INFO - Sync 1 DAGs
[2024-12-23T08:29:57.066+0000] {logging_mixin.py:190} INFO - [2024-12-23T08:29:57.066+0000] {dag.py:4180} INFO - Setting next_dagrun for example_python_decorator to None, run_after=None
[2024-12-23T08:29:57.105+0000] {processor.py:208} INFO - Processing /home/airflow/.local/lib/python3.12/site-packages/airflow/example_dags/example_python_decorator.py took 0.155 seconds
[2024-12-23T08:30:27.732+0000] {processor.py:186} INFO - Started process (PID=475) to work on /home/airflow/.local/lib/python3.12/site-packages/airflow/example_dags/example_python_decorator.py
[2024-12-23T08:30:27.734+0000] {processor.py:914} INFO - Processing file /home/airflow/.local/lib/python3.12/site-packages/airflow/example_dags/example_python_decorator.py for tasks to queue
[2024-12-23T08:30:27.737+0000] {logging_mixin.py:190} INFO - [2024-12-23T08:30:27.737+0000] {dagbag.py:588} INFO - Filling up the DagBag from /home/airflow/.local/lib/python3.12/site-packages/airflow/example_dags/example_python_decorator.py
[2024-12-23T08:30:27.767+0000] {processor.py:925} INFO - DAG(s) 'example_python_decorator' retrieved from /home/airflow/.local/lib/python3.12/site-packages/airflow/example_dags/example_python_decorator.py
[2024-12-23T08:30:27.800+0000] {logging_mixin.py:190} INFO - [2024-12-23T08:30:27.800+0000] {dag.py:3239} INFO - Sync 1 DAGs
[2024-12-23T08:30:27.826+0000] {logging_mixin.py:190} INFO - [2024-12-23T08:30:27.825+0000] {dag.py:4180} INFO - Setting next_dagrun for example_python_decorator to None, run_after=None
[2024-12-23T08:30:27.864+0000] {processor.py:208} INFO - Processing /home/airflow/.local/lib/python3.12/site-packages/airflow/example_dags/example_python_decorator.py took 0.140 seconds
[2024-12-23T08:30:58.697+0000] {processor.py:186} INFO - Started process (PID=534) to work on /home/airflow/.local/lib/python3.12/site-packages/airflow/example_dags/example_python_decorator.py
[2024-12-23T08:30:58.699+0000] {processor.py:914} INFO - Processing file /home/airflow/.local/lib/python3.12/site-packages/airflow/example_dags/example_python_decorator.py for tasks to queue
[2024-12-23T08:30:58.703+0000] {logging_mixin.py:190} INFO - [2024-12-23T08:30:58.703+0000] {dagbag.py:588} INFO - Filling up the DagBag from /home/airflow/.local/lib/python3.12/site-packages/airflow/example_dags/example_python_decorator.py
[2024-12-23T08:30:58.728+0000] {processor.py:925} INFO - DAG(s) 'example_python_decorator' retrieved from /home/airflow/.local/lib/python3.12/site-packages/airflow/example_dags/example_python_decorator.py
[2024-12-23T08:30:58.770+0000] {logging_mixin.py:190} INFO - [2024-12-23T08:30:58.766+0000] {dag.py:3239} INFO - Sync 1 DAGs
[2024-12-23T08:30:58.797+0000] {logging_mixin.py:190} INFO - [2024-12-23T08:30:58.797+0000] {dag.py:4180} INFO - Setting next_dagrun for example_python_decorator to None, run_after=None
[2024-12-23T08:30:58.836+0000] {processor.py:208} INFO - Processing /home/airflow/.local/lib/python3.12/site-packages/airflow/example_dags/example_python_decorator.py took 0.149 seconds
