[2024-12-23T08:27:42.199+0000] {processor.py:186} INFO - Started process (PID=133) to work on /home/airflow/.local/lib/python3.12/site-packages/airflow/example_dags/example_local_kubernetes_executor.py
[2024-12-23T08:27:42.201+0000] {processor.py:914} INFO - Processing file /home/airflow/.local/lib/python3.12/site-packages/airflow/example_dags/example_local_kubernetes_executor.py for tasks to queue
[2024-12-23T08:27:42.204+0000] {logging_mixin.py:190} INFO - [2024-12-23T08:27:42.204+0000] {dagbag.py:588} INFO - Filling up the DagBag from /home/airflow/.local/lib/python3.12/site-packages/airflow/example_dags/example_local_kubernetes_executor.py
[2024-12-23T08:27:42.216+0000] {processor.py:925} INFO - DAG(s) 'example_local_kubernetes_executor' retrieved from /home/airflow/.local/lib/python3.12/site-packages/airflow/example_dags/example_local_kubernetes_executor.py
[2024-12-23T08:27:42.359+0000] {logging_mixin.py:190} INFO - [2024-12-23T08:27:42.359+0000] {override.py:1911} INFO - Created Permission View: can read on DAG:example_local_kubernetes_executor
[2024-12-23T08:27:42.376+0000] {logging_mixin.py:190} INFO - [2024-12-23T08:27:42.376+0000] {override.py:1911} INFO - Created Permission View: can edit on DAG:example_local_kubernetes_executor
[2024-12-23T08:27:42.388+0000] {logging_mixin.py:190} INFO - [2024-12-23T08:27:42.388+0000] {override.py:1911} INFO - Created Permission View: can delete on DAG:example_local_kubernetes_executor
[2024-12-23T08:27:42.405+0000] {logging_mixin.py:190} INFO - [2024-12-23T08:27:42.404+0000] {override.py:1911} INFO - Created Permission View: can read on DAG Run:example_local_kubernetes_executor
[2024-12-23T08:27:42.420+0000] {logging_mixin.py:190} INFO - [2024-12-23T08:27:42.419+0000] {override.py:1911} INFO - Created Permission View: can delete on DAG Run:example_local_kubernetes_executor
[2024-12-23T08:27:42.434+0000] {logging_mixin.py:190} INFO - [2024-12-23T08:27:42.434+0000] {override.py:1911} INFO - Created Permission View: menu access on DAG Run:example_local_kubernetes_executor
[2024-12-23T08:27:42.449+0000] {logging_mixin.py:190} INFO - [2024-12-23T08:27:42.448+0000] {override.py:1911} INFO - Created Permission View: can create on DAG Run:example_local_kubernetes_executor
[2024-12-23T08:27:42.450+0000] {logging_mixin.py:190} INFO - [2024-12-23T08:27:42.450+0000] {dag.py:3239} INFO - Sync 1 DAGs
[2024-12-23T08:27:42.467+0000] {logging_mixin.py:190} INFO - [2024-12-23T08:27:42.467+0000] {dag.py:3262} INFO - Creating ORM DAG for example_local_kubernetes_executor
[2024-12-23T08:27:42.468+0000] {logging_mixin.py:190} INFO - [2024-12-23T08:27:42.468+0000] {dag.py:4180} INFO - Setting next_dagrun for example_local_kubernetes_executor to None, run_after=None
[2024-12-23T08:27:42.495+0000] {processor.py:208} INFO - Processing /home/airflow/.local/lib/python3.12/site-packages/airflow/example_dags/example_local_kubernetes_executor.py took 0.302 seconds
[2024-12-23T08:28:13.079+0000] {processor.py:186} INFO - Started process (PID=196) to work on /home/airflow/.local/lib/python3.12/site-packages/airflow/example_dags/example_local_kubernetes_executor.py
[2024-12-23T08:28:13.081+0000] {processor.py:914} INFO - Processing file /home/airflow/.local/lib/python3.12/site-packages/airflow/example_dags/example_local_kubernetes_executor.py for tasks to queue
[2024-12-23T08:28:13.084+0000] {logging_mixin.py:190} INFO - [2024-12-23T08:28:13.084+0000] {dagbag.py:588} INFO - Filling up the DagBag from /home/airflow/.local/lib/python3.12/site-packages/airflow/example_dags/example_local_kubernetes_executor.py
[2024-12-23T08:28:13.103+0000] {processor.py:925} INFO - DAG(s) 'example_local_kubernetes_executor' retrieved from /home/airflow/.local/lib/python3.12/site-packages/airflow/example_dags/example_local_kubernetes_executor.py
[2024-12-23T08:28:13.132+0000] {logging_mixin.py:190} INFO - [2024-12-23T08:28:13.132+0000] {dag.py:3239} INFO - Sync 1 DAGs
[2024-12-23T08:28:13.150+0000] {logging_mixin.py:190} INFO - [2024-12-23T08:28:13.150+0000] {dag.py:4180} INFO - Setting next_dagrun for example_local_kubernetes_executor to None, run_after=None
[2024-12-23T08:28:13.188+0000] {processor.py:208} INFO - Processing /home/airflow/.local/lib/python3.12/site-packages/airflow/example_dags/example_local_kubernetes_executor.py took 0.118 seconds
[2024-12-23T08:28:44.841+0000] {processor.py:186} INFO - Started process (PID=259) to work on /home/airflow/.local/lib/python3.12/site-packages/airflow/example_dags/example_local_kubernetes_executor.py
[2024-12-23T08:28:44.843+0000] {processor.py:914} INFO - Processing file /home/airflow/.local/lib/python3.12/site-packages/airflow/example_dags/example_local_kubernetes_executor.py for tasks to queue
[2024-12-23T08:28:44.847+0000] {logging_mixin.py:190} INFO - [2024-12-23T08:28:44.846+0000] {dagbag.py:588} INFO - Filling up the DagBag from /home/airflow/.local/lib/python3.12/site-packages/airflow/example_dags/example_local_kubernetes_executor.py
[2024-12-23T08:28:44.863+0000] {processor.py:925} INFO - DAG(s) 'example_local_kubernetes_executor' retrieved from /home/airflow/.local/lib/python3.12/site-packages/airflow/example_dags/example_local_kubernetes_executor.py
[2024-12-23T08:28:44.902+0000] {logging_mixin.py:190} INFO - [2024-12-23T08:28:44.901+0000] {dag.py:3239} INFO - Sync 1 DAGs
[2024-12-23T08:28:44.923+0000] {logging_mixin.py:190} INFO - [2024-12-23T08:28:44.923+0000] {dag.py:4180} INFO - Setting next_dagrun for example_local_kubernetes_executor to None, run_after=None
[2024-12-23T08:28:44.960+0000] {processor.py:208} INFO - Processing /home/airflow/.local/lib/python3.12/site-packages/airflow/example_dags/example_local_kubernetes_executor.py took 0.127 seconds
[2024-12-23T08:29:21.687+0000] {processor.py:186} INFO - Started process (PID=327) to work on /home/airflow/.local/lib/python3.12/site-packages/airflow/example_dags/example_local_kubernetes_executor.py
[2024-12-23T08:29:21.690+0000] {processor.py:914} INFO - Processing file /home/airflow/.local/lib/python3.12/site-packages/airflow/example_dags/example_local_kubernetes_executor.py for tasks to queue
[2024-12-23T08:29:21.694+0000] {logging_mixin.py:190} INFO - [2024-12-23T08:29:21.693+0000] {dagbag.py:588} INFO - Filling up the DagBag from /home/airflow/.local/lib/python3.12/site-packages/airflow/example_dags/example_local_kubernetes_executor.py
[2024-12-23T08:29:21.713+0000] {processor.py:925} INFO - DAG(s) 'example_local_kubernetes_executor' retrieved from /home/airflow/.local/lib/python3.12/site-packages/airflow/example_dags/example_local_kubernetes_executor.py
[2024-12-23T08:29:21.753+0000] {logging_mixin.py:190} INFO - [2024-12-23T08:29:21.753+0000] {dag.py:3239} INFO - Sync 1 DAGs
[2024-12-23T08:29:21.782+0000] {logging_mixin.py:190} INFO - [2024-12-23T08:29:21.782+0000] {dag.py:4180} INFO - Setting next_dagrun for example_local_kubernetes_executor to None, run_after=None
[2024-12-23T08:29:21.831+0000] {processor.py:208} INFO - Processing /home/airflow/.local/lib/python3.12/site-packages/airflow/example_dags/example_local_kubernetes_executor.py took 0.156 seconds
[2024-12-23T08:29:54.727+0000] {processor.py:186} INFO - Started process (PID=400) to work on /home/airflow/.local/lib/python3.12/site-packages/airflow/example_dags/example_local_kubernetes_executor.py
[2024-12-23T08:29:54.729+0000] {processor.py:914} INFO - Processing file /home/airflow/.local/lib/python3.12/site-packages/airflow/example_dags/example_local_kubernetes_executor.py for tasks to queue
[2024-12-23T08:29:54.735+0000] {logging_mixin.py:190} INFO - [2024-12-23T08:29:54.734+0000] {dagbag.py:588} INFO - Filling up the DagBag from /home/airflow/.local/lib/python3.12/site-packages/airflow/example_dags/example_local_kubernetes_executor.py
[2024-12-23T08:29:54.753+0000] {processor.py:925} INFO - DAG(s) 'example_local_kubernetes_executor' retrieved from /home/airflow/.local/lib/python3.12/site-packages/airflow/example_dags/example_local_kubernetes_executor.py
[2024-12-23T08:29:54.801+0000] {logging_mixin.py:190} INFO - [2024-12-23T08:29:54.801+0000] {dag.py:3239} INFO - Sync 1 DAGs
[2024-12-23T08:29:54.840+0000] {logging_mixin.py:190} INFO - [2024-12-23T08:29:54.840+0000] {dag.py:4180} INFO - Setting next_dagrun for example_local_kubernetes_executor to None, run_after=None
[2024-12-23T08:29:54.878+0000] {processor.py:208} INFO - Processing /home/airflow/.local/lib/python3.12/site-packages/airflow/example_dags/example_local_kubernetes_executor.py took 0.162 seconds
[2024-12-23T08:30:27.256+0000] {processor.py:186} INFO - Started process (PID=469) to work on /home/airflow/.local/lib/python3.12/site-packages/airflow/example_dags/example_local_kubernetes_executor.py
[2024-12-23T08:30:27.258+0000] {processor.py:914} INFO - Processing file /home/airflow/.local/lib/python3.12/site-packages/airflow/example_dags/example_local_kubernetes_executor.py for tasks to queue
[2024-12-23T08:30:27.262+0000] {logging_mixin.py:190} INFO - [2024-12-23T08:30:27.261+0000] {dagbag.py:588} INFO - Filling up the DagBag from /home/airflow/.local/lib/python3.12/site-packages/airflow/example_dags/example_local_kubernetes_executor.py
[2024-12-23T08:30:27.284+0000] {processor.py:925} INFO - DAG(s) 'example_local_kubernetes_executor' retrieved from /home/airflow/.local/lib/python3.12/site-packages/airflow/example_dags/example_local_kubernetes_executor.py
[2024-12-23T08:30:27.319+0000] {logging_mixin.py:190} INFO - [2024-12-23T08:30:27.319+0000] {dag.py:3239} INFO - Sync 1 DAGs
[2024-12-23T08:30:27.344+0000] {logging_mixin.py:190} INFO - [2024-12-23T08:30:27.344+0000] {dag.py:4180} INFO - Setting next_dagrun for example_local_kubernetes_executor to None, run_after=None
[2024-12-23T08:30:27.384+0000] {processor.py:208} INFO - Processing /home/airflow/.local/lib/python3.12/site-packages/airflow/example_dags/example_local_kubernetes_executor.py took 0.137 seconds
[2024-12-23T08:30:58.464+0000] {processor.py:186} INFO - Started process (PID=532) to work on /home/airflow/.local/lib/python3.12/site-packages/airflow/example_dags/example_local_kubernetes_executor.py
[2024-12-23T08:30:58.466+0000] {processor.py:914} INFO - Processing file /home/airflow/.local/lib/python3.12/site-packages/airflow/example_dags/example_local_kubernetes_executor.py for tasks to queue
[2024-12-23T08:30:58.469+0000] {logging_mixin.py:190} INFO - [2024-12-23T08:30:58.469+0000] {dagbag.py:588} INFO - Filling up the DagBag from /home/airflow/.local/lib/python3.12/site-packages/airflow/example_dags/example_local_kubernetes_executor.py
[2024-12-23T08:30:58.485+0000] {processor.py:925} INFO - DAG(s) 'example_local_kubernetes_executor' retrieved from /home/airflow/.local/lib/python3.12/site-packages/airflow/example_dags/example_local_kubernetes_executor.py
[2024-12-23T08:30:58.519+0000] {logging_mixin.py:190} INFO - [2024-12-23T08:30:58.519+0000] {dag.py:3239} INFO - Sync 1 DAGs
[2024-12-23T08:30:58.543+0000] {logging_mixin.py:190} INFO - [2024-12-23T08:30:58.542+0000] {dag.py:4180} INFO - Setting next_dagrun for example_local_kubernetes_executor to None, run_after=None
[2024-12-23T08:30:58.603+0000] {processor.py:208} INFO - Processing /home/airflow/.local/lib/python3.12/site-packages/airflow/example_dags/example_local_kubernetes_executor.py took 0.148 seconds
