[2024-12-23T08:27:30.547+0000] {processor.py:186} INFO - Started process (PID=104) to work on /home/airflow/.local/lib/python3.12/site-packages/airflow/example_dags/example_short_circuit_operator.py
[2024-12-23T08:27:30.549+0000] {processor.py:914} INFO - Processing file /home/airflow/.local/lib/python3.12/site-packages/airflow/example_dags/example_short_circuit_operator.py for tasks to queue
[2024-12-23T08:27:30.553+0000] {logging_mixin.py:190} INFO - [2024-12-23T08:27:30.553+0000] {dagbag.py:588} INFO - Filling up the DagBag from /home/airflow/.local/lib/python3.12/site-packages/airflow/example_dags/example_short_circuit_operator.py
[2024-12-23T08:27:30.570+0000] {processor.py:925} INFO - DAG(s) 'example_short_circuit_operator' retrieved from /home/airflow/.local/lib/python3.12/site-packages/airflow/example_dags/example_short_circuit_operator.py
[2024-12-23T08:27:30.769+0000] {logging_mixin.py:190} INFO - [2024-12-23T08:27:30.768+0000] {override.py:1911} INFO - Created Permission View: can read on DAG:example_short_circuit_operator
[2024-12-23T08:27:30.788+0000] {logging_mixin.py:190} INFO - [2024-12-23T08:27:30.788+0000] {override.py:1911} INFO - Created Permission View: can edit on DAG:example_short_circuit_operator
[2024-12-23T08:27:30.805+0000] {logging_mixin.py:190} INFO - [2024-12-23T08:27:30.804+0000] {override.py:1911} INFO - Created Permission View: can delete on DAG:example_short_circuit_operator
[2024-12-23T08:27:30.827+0000] {logging_mixin.py:190} INFO - [2024-12-23T08:27:30.826+0000] {override.py:1911} INFO - Created Permission View: can read on DAG Run:example_short_circuit_operator
[2024-12-23T08:27:30.851+0000] {logging_mixin.py:190} INFO - [2024-12-23T08:27:30.850+0000] {override.py:1911} INFO - Created Permission View: can delete on DAG Run:example_short_circuit_operator
[2024-12-23T08:27:30.873+0000] {logging_mixin.py:190} INFO - [2024-12-23T08:27:30.873+0000] {override.py:1911} INFO - Created Permission View: menu access on DAG Run:example_short_circuit_operator
[2024-12-23T08:27:30.894+0000] {logging_mixin.py:190} INFO - [2024-12-23T08:27:30.893+0000] {override.py:1911} INFO - Created Permission View: can create on DAG Run:example_short_circuit_operator
[2024-12-23T08:27:30.896+0000] {logging_mixin.py:190} INFO - [2024-12-23T08:27:30.895+0000] {dag.py:3239} INFO - Sync 1 DAGs
[2024-12-23T08:27:30.918+0000] {logging_mixin.py:190} INFO - [2024-12-23T08:27:30.918+0000] {dag.py:3262} INFO - Creating ORM DAG for example_short_circuit_operator
[2024-12-23T08:27:30.920+0000] {logging_mixin.py:190} INFO - [2024-12-23T08:27:30.920+0000] {dag.py:4180} INFO - Setting next_dagrun for example_short_circuit_operator to None, run_after=None
[2024-12-23T08:27:30.956+0000] {processor.py:208} INFO - Processing /home/airflow/.local/lib/python3.12/site-packages/airflow/example_dags/example_short_circuit_operator.py took 0.417 seconds
[2024-12-23T08:28:01.356+0000] {processor.py:186} INFO - Started process (PID=167) to work on /home/airflow/.local/lib/python3.12/site-packages/airflow/example_dags/example_short_circuit_operator.py
[2024-12-23T08:28:01.357+0000] {processor.py:914} INFO - Processing file /home/airflow/.local/lib/python3.12/site-packages/airflow/example_dags/example_short_circuit_operator.py for tasks to queue
[2024-12-23T08:28:01.361+0000] {logging_mixin.py:190} INFO - [2024-12-23T08:28:01.361+0000] {dagbag.py:588} INFO - Filling up the DagBag from /home/airflow/.local/lib/python3.12/site-packages/airflow/example_dags/example_short_circuit_operator.py
[2024-12-23T08:28:01.391+0000] {processor.py:925} INFO - DAG(s) 'example_short_circuit_operator' retrieved from /home/airflow/.local/lib/python3.12/site-packages/airflow/example_dags/example_short_circuit_operator.py
[2024-12-23T08:28:01.551+0000] {logging_mixin.py:190} INFO - [2024-12-23T08:28:01.551+0000] {dag.py:3239} INFO - Sync 1 DAGs
[2024-12-23T08:28:01.598+0000] {logging_mixin.py:190} INFO - [2024-12-23T08:28:01.597+0000] {dag.py:4180} INFO - Setting next_dagrun for example_short_circuit_operator to None, run_after=None
[2024-12-23T08:28:01.639+0000] {processor.py:208} INFO - Processing /home/airflow/.local/lib/python3.12/site-packages/airflow/example_dags/example_short_circuit_operator.py took 0.291 seconds
[2024-12-23T08:28:33.089+0000] {processor.py:186} INFO - Started process (PID=230) to work on /home/airflow/.local/lib/python3.12/site-packages/airflow/example_dags/example_short_circuit_operator.py
[2024-12-23T08:28:33.091+0000] {processor.py:914} INFO - Processing file /home/airflow/.local/lib/python3.12/site-packages/airflow/example_dags/example_short_circuit_operator.py for tasks to queue
[2024-12-23T08:28:33.097+0000] {logging_mixin.py:190} INFO - [2024-12-23T08:28:33.096+0000] {dagbag.py:588} INFO - Filling up the DagBag from /home/airflow/.local/lib/python3.12/site-packages/airflow/example_dags/example_short_circuit_operator.py
[2024-12-23T08:28:33.119+0000] {processor.py:925} INFO - DAG(s) 'example_short_circuit_operator' retrieved from /home/airflow/.local/lib/python3.12/site-packages/airflow/example_dags/example_short_circuit_operator.py
[2024-12-23T08:28:33.158+0000] {logging_mixin.py:190} INFO - [2024-12-23T08:28:33.157+0000] {dag.py:3239} INFO - Sync 1 DAGs
[2024-12-23T08:28:33.185+0000] {logging_mixin.py:190} INFO - [2024-12-23T08:28:33.184+0000] {dag.py:4180} INFO - Setting next_dagrun for example_short_circuit_operator to None, run_after=None
[2024-12-23T08:28:33.225+0000] {processor.py:208} INFO - Processing /home/airflow/.local/lib/python3.12/site-packages/airflow/example_dags/example_short_circuit_operator.py took 0.148 seconds
[2024-12-23T08:29:04.917+0000] {processor.py:186} INFO - Started process (PID=293) to work on /home/airflow/.local/lib/python3.12/site-packages/airflow/example_dags/example_short_circuit_operator.py
[2024-12-23T08:29:04.918+0000] {processor.py:914} INFO - Processing file /home/airflow/.local/lib/python3.12/site-packages/airflow/example_dags/example_short_circuit_operator.py for tasks to queue
[2024-12-23T08:29:04.921+0000] {logging_mixin.py:190} INFO - [2024-12-23T08:29:04.921+0000] {dagbag.py:588} INFO - Filling up the DagBag from /home/airflow/.local/lib/python3.12/site-packages/airflow/example_dags/example_short_circuit_operator.py
[2024-12-23T08:29:04.932+0000] {processor.py:925} INFO - DAG(s) 'example_short_circuit_operator' retrieved from /home/airflow/.local/lib/python3.12/site-packages/airflow/example_dags/example_short_circuit_operator.py
[2024-12-23T08:29:04.965+0000] {logging_mixin.py:190} INFO - [2024-12-23T08:29:04.964+0000] {dag.py:3239} INFO - Sync 1 DAGs
[2024-12-23T08:29:04.983+0000] {logging_mixin.py:190} INFO - [2024-12-23T08:29:04.983+0000] {dag.py:4180} INFO - Setting next_dagrun for example_short_circuit_operator to None, run_after=None
[2024-12-23T08:29:05.007+0000] {processor.py:208} INFO - Processing /home/airflow/.local/lib/python3.12/site-packages/airflow/example_dags/example_short_circuit_operator.py took 0.097 seconds
[2024-12-23T08:29:36.291+0000] {processor.py:186} INFO - Started process (PID=356) to work on /home/airflow/.local/lib/python3.12/site-packages/airflow/example_dags/example_short_circuit_operator.py
[2024-12-23T08:29:36.292+0000] {processor.py:914} INFO - Processing file /home/airflow/.local/lib/python3.12/site-packages/airflow/example_dags/example_short_circuit_operator.py for tasks to queue
[2024-12-23T08:29:36.295+0000] {logging_mixin.py:190} INFO - [2024-12-23T08:29:36.294+0000] {dagbag.py:588} INFO - Filling up the DagBag from /home/airflow/.local/lib/python3.12/site-packages/airflow/example_dags/example_short_circuit_operator.py
[2024-12-23T08:29:36.305+0000] {processor.py:925} INFO - DAG(s) 'example_short_circuit_operator' retrieved from /home/airflow/.local/lib/python3.12/site-packages/airflow/example_dags/example_short_circuit_operator.py
[2024-12-23T08:29:36.336+0000] {logging_mixin.py:190} INFO - [2024-12-23T08:29:36.335+0000] {dag.py:3239} INFO - Sync 1 DAGs
[2024-12-23T08:29:36.353+0000] {logging_mixin.py:190} INFO - [2024-12-23T08:29:36.353+0000] {dag.py:4180} INFO - Setting next_dagrun for example_short_circuit_operator to None, run_after=None
[2024-12-23T08:29:36.379+0000] {processor.py:208} INFO - Processing /home/airflow/.local/lib/python3.12/site-packages/airflow/example_dags/example_short_circuit_operator.py took 0.094 seconds
[2024-12-23T08:30:06.464+0000] {processor.py:186} INFO - Started process (PID=418) to work on /home/airflow/.local/lib/python3.12/site-packages/airflow/example_dags/example_short_circuit_operator.py
[2024-12-23T08:30:06.466+0000] {processor.py:914} INFO - Processing file /home/airflow/.local/lib/python3.12/site-packages/airflow/example_dags/example_short_circuit_operator.py for tasks to queue
[2024-12-23T08:30:06.470+0000] {logging_mixin.py:190} INFO - [2024-12-23T08:30:06.470+0000] {dagbag.py:588} INFO - Filling up the DagBag from /home/airflow/.local/lib/python3.12/site-packages/airflow/example_dags/example_short_circuit_operator.py
[2024-12-23T08:30:06.486+0000] {processor.py:925} INFO - DAG(s) 'example_short_circuit_operator' retrieved from /home/airflow/.local/lib/python3.12/site-packages/airflow/example_dags/example_short_circuit_operator.py
[2024-12-23T08:30:06.521+0000] {logging_mixin.py:190} INFO - [2024-12-23T08:30:06.521+0000] {dag.py:3239} INFO - Sync 1 DAGs
[2024-12-23T08:30:06.542+0000] {logging_mixin.py:190} INFO - [2024-12-23T08:30:06.542+0000] {dag.py:4180} INFO - Setting next_dagrun for example_short_circuit_operator to None, run_after=None
[2024-12-23T08:30:06.585+0000] {processor.py:208} INFO - Processing /home/airflow/.local/lib/python3.12/site-packages/airflow/example_dags/example_short_circuit_operator.py took 0.129 seconds
[2024-12-23T08:30:37.292+0000] {processor.py:186} INFO - Started process (PID=480) to work on /home/airflow/.local/lib/python3.12/site-packages/airflow/example_dags/example_short_circuit_operator.py
[2024-12-23T08:30:37.297+0000] {processor.py:914} INFO - Processing file /home/airflow/.local/lib/python3.12/site-packages/airflow/example_dags/example_short_circuit_operator.py for tasks to queue
[2024-12-23T08:30:37.303+0000] {logging_mixin.py:190} INFO - [2024-12-23T08:30:37.302+0000] {dagbag.py:588} INFO - Filling up the DagBag from /home/airflow/.local/lib/python3.12/site-packages/airflow/example_dags/example_short_circuit_operator.py
[2024-12-23T08:30:37.325+0000] {processor.py:925} INFO - DAG(s) 'example_short_circuit_operator' retrieved from /home/airflow/.local/lib/python3.12/site-packages/airflow/example_dags/example_short_circuit_operator.py
[2024-12-23T08:30:37.381+0000] {logging_mixin.py:190} INFO - [2024-12-23T08:30:37.380+0000] {dag.py:3239} INFO - Sync 1 DAGs
[2024-12-23T08:30:37.405+0000] {logging_mixin.py:190} INFO - [2024-12-23T08:30:37.405+0000] {dag.py:4180} INFO - Setting next_dagrun for example_short_circuit_operator to None, run_after=None
[2024-12-23T08:30:37.453+0000] {processor.py:208} INFO - Processing /home/airflow/.local/lib/python3.12/site-packages/airflow/example_dags/example_short_circuit_operator.py took 0.176 seconds
[2024-12-23T08:31:08.370+0000] {processor.py:186} INFO - Started process (PID=543) to work on /home/airflow/.local/lib/python3.12/site-packages/airflow/example_dags/example_short_circuit_operator.py
[2024-12-23T08:31:08.372+0000] {processor.py:914} INFO - Processing file /home/airflow/.local/lib/python3.12/site-packages/airflow/example_dags/example_short_circuit_operator.py for tasks to queue
[2024-12-23T08:31:08.376+0000] {logging_mixin.py:190} INFO - [2024-12-23T08:31:08.375+0000] {dagbag.py:588} INFO - Filling up the DagBag from /home/airflow/.local/lib/python3.12/site-packages/airflow/example_dags/example_short_circuit_operator.py
[2024-12-23T08:31:08.388+0000] {processor.py:925} INFO - DAG(s) 'example_short_circuit_operator' retrieved from /home/airflow/.local/lib/python3.12/site-packages/airflow/example_dags/example_short_circuit_operator.py
[2024-12-23T08:31:08.420+0000] {logging_mixin.py:190} INFO - [2024-12-23T08:31:08.420+0000] {dag.py:3239} INFO - Sync 1 DAGs
[2024-12-23T08:31:08.443+0000] {logging_mixin.py:190} INFO - [2024-12-23T08:31:08.443+0000] {dag.py:4180} INFO - Setting next_dagrun for example_short_circuit_operator to None, run_after=None
[2024-12-23T08:31:08.475+0000] {processor.py:208} INFO - Processing /home/airflow/.local/lib/python3.12/site-packages/airflow/example_dags/example_short_circuit_operator.py took 0.112 seconds
