[2024-12-23T08:27:40.123+0000] {processor.py:186} INFO - Started process (PID=126) to work on /home/airflow/.local/lib/python3.12/site-packages/airflow/example_dags/example_task_group.py
[2024-12-23T08:27:40.125+0000] {processor.py:914} INFO - Processing file /home/airflow/.local/lib/python3.12/site-packages/airflow/example_dags/example_task_group.py for tasks to queue
[2024-12-23T08:27:40.128+0000] {logging_mixin.py:190} INFO - [2024-12-23T08:27:40.128+0000] {dagbag.py:588} INFO - Filling up the DagBag from /home/airflow/.local/lib/python3.12/site-packages/airflow/example_dags/example_task_group.py
[2024-12-23T08:27:40.141+0000] {processor.py:925} INFO - DAG(s) 'example_task_group' retrieved from /home/airflow/.local/lib/python3.12/site-packages/airflow/example_dags/example_task_group.py
[2024-12-23T08:27:40.268+0000] {logging_mixin.py:190} INFO - [2024-12-23T08:27:40.267+0000] {override.py:1911} INFO - Created Permission View: can read on DAG:example_task_group
[2024-12-23T08:27:40.287+0000] {logging_mixin.py:190} INFO - [2024-12-23T08:27:40.287+0000] {override.py:1911} INFO - Created Permission View: can edit on DAG:example_task_group
[2024-12-23T08:27:40.301+0000] {logging_mixin.py:190} INFO - [2024-12-23T08:27:40.300+0000] {override.py:1911} INFO - Created Permission View: can delete on DAG:example_task_group
[2024-12-23T08:27:40.321+0000] {logging_mixin.py:190} INFO - [2024-12-23T08:27:40.320+0000] {override.py:1911} INFO - Created Permission View: can read on DAG Run:example_task_group
[2024-12-23T08:27:40.337+0000] {logging_mixin.py:190} INFO - [2024-12-23T08:27:40.336+0000] {override.py:1911} INFO - Created Permission View: can delete on DAG Run:example_task_group
[2024-12-23T08:27:40.356+0000] {logging_mixin.py:190} INFO - [2024-12-23T08:27:40.356+0000] {override.py:1911} INFO - Created Permission View: menu access on DAG Run:example_task_group
[2024-12-23T08:27:40.376+0000] {logging_mixin.py:190} INFO - [2024-12-23T08:27:40.375+0000] {override.py:1911} INFO - Created Permission View: can create on DAG Run:example_task_group
[2024-12-23T08:27:40.377+0000] {logging_mixin.py:190} INFO - [2024-12-23T08:27:40.377+0000] {dag.py:3239} INFO - Sync 1 DAGs
[2024-12-23T08:27:40.409+0000] {logging_mixin.py:190} INFO - [2024-12-23T08:27:40.408+0000] {dag.py:3262} INFO - Creating ORM DAG for example_task_group
[2024-12-23T08:27:40.411+0000] {logging_mixin.py:190} INFO - [2024-12-23T08:27:40.410+0000] {dag.py:4180} INFO - Setting next_dagrun for example_task_group to None, run_after=None
[2024-12-23T08:27:40.451+0000] {processor.py:208} INFO - Processing /home/airflow/.local/lib/python3.12/site-packages/airflow/example_dags/example_task_group.py took 0.335 seconds
[2024-12-23T08:28:11.389+0000] {processor.py:186} INFO - Started process (PID=189) to work on /home/airflow/.local/lib/python3.12/site-packages/airflow/example_dags/example_task_group.py
[2024-12-23T08:28:11.391+0000] {processor.py:914} INFO - Processing file /home/airflow/.local/lib/python3.12/site-packages/airflow/example_dags/example_task_group.py for tasks to queue
[2024-12-23T08:28:11.394+0000] {logging_mixin.py:190} INFO - [2024-12-23T08:28:11.394+0000] {dagbag.py:588} INFO - Filling up the DagBag from /home/airflow/.local/lib/python3.12/site-packages/airflow/example_dags/example_task_group.py
[2024-12-23T08:28:11.405+0000] {processor.py:925} INFO - DAG(s) 'example_task_group' retrieved from /home/airflow/.local/lib/python3.12/site-packages/airflow/example_dags/example_task_group.py
[2024-12-23T08:28:11.431+0000] {logging_mixin.py:190} INFO - [2024-12-23T08:28:11.430+0000] {dag.py:3239} INFO - Sync 1 DAGs
[2024-12-23T08:28:11.452+0000] {logging_mixin.py:190} INFO - [2024-12-23T08:28:11.451+0000] {dag.py:4180} INFO - Setting next_dagrun for example_task_group to None, run_after=None
[2024-12-23T08:28:11.480+0000] {processor.py:208} INFO - Processing /home/airflow/.local/lib/python3.12/site-packages/airflow/example_dags/example_task_group.py took 0.098 seconds
[2024-12-23T08:28:43.848+0000] {processor.py:186} INFO - Started process (PID=252) to work on /home/airflow/.local/lib/python3.12/site-packages/airflow/example_dags/example_task_group.py
[2024-12-23T08:28:43.850+0000] {processor.py:914} INFO - Processing file /home/airflow/.local/lib/python3.12/site-packages/airflow/example_dags/example_task_group.py for tasks to queue
[2024-12-23T08:28:43.854+0000] {logging_mixin.py:190} INFO - [2024-12-23T08:28:43.854+0000] {dagbag.py:588} INFO - Filling up the DagBag from /home/airflow/.local/lib/python3.12/site-packages/airflow/example_dags/example_task_group.py
[2024-12-23T08:28:43.868+0000] {processor.py:925} INFO - DAG(s) 'example_task_group' retrieved from /home/airflow/.local/lib/python3.12/site-packages/airflow/example_dags/example_task_group.py
[2024-12-23T08:28:43.906+0000] {logging_mixin.py:190} INFO - [2024-12-23T08:28:43.905+0000] {dag.py:3239} INFO - Sync 1 DAGs
[2024-12-23T08:28:43.930+0000] {logging_mixin.py:190} INFO - [2024-12-23T08:28:43.929+0000] {dag.py:4180} INFO - Setting next_dagrun for example_task_group to None, run_after=None
[2024-12-23T08:28:43.968+0000] {processor.py:208} INFO - Processing /home/airflow/.local/lib/python3.12/site-packages/airflow/example_dags/example_task_group.py took 0.130 seconds
[2024-12-23T08:29:19.290+0000] {processor.py:186} INFO - Started process (PID=315) to work on /home/airflow/.local/lib/python3.12/site-packages/airflow/example_dags/example_task_group.py
[2024-12-23T08:29:19.295+0000] {processor.py:914} INFO - Processing file /home/airflow/.local/lib/python3.12/site-packages/airflow/example_dags/example_task_group.py for tasks to queue
[2024-12-23T08:29:19.301+0000] {logging_mixin.py:190} INFO - [2024-12-23T08:29:19.300+0000] {dagbag.py:588} INFO - Filling up the DagBag from /home/airflow/.local/lib/python3.12/site-packages/airflow/example_dags/example_task_group.py
[2024-12-23T08:29:19.316+0000] {processor.py:925} INFO - DAG(s) 'example_task_group' retrieved from /home/airflow/.local/lib/python3.12/site-packages/airflow/example_dags/example_task_group.py
[2024-12-23T08:29:19.354+0000] {logging_mixin.py:190} INFO - [2024-12-23T08:29:19.354+0000] {dag.py:3239} INFO - Sync 1 DAGs
[2024-12-23T08:29:19.443+0000] {logging_mixin.py:190} INFO - [2024-12-23T08:29:19.443+0000] {dag.py:4180} INFO - Setting next_dagrun for example_task_group to None, run_after=None
[2024-12-23T08:29:19.640+0000] {processor.py:208} INFO - Processing /home/airflow/.local/lib/python3.12/site-packages/airflow/example_dags/example_task_group.py took 0.361 seconds
[2024-12-23T08:29:52.256+0000] {processor.py:186} INFO - Started process (PID=377) to work on /home/airflow/.local/lib/python3.12/site-packages/airflow/example_dags/example_task_group.py
[2024-12-23T08:29:52.258+0000] {processor.py:914} INFO - Processing file /home/airflow/.local/lib/python3.12/site-packages/airflow/example_dags/example_task_group.py for tasks to queue
[2024-12-23T08:29:52.263+0000] {logging_mixin.py:190} INFO - [2024-12-23T08:29:52.262+0000] {dagbag.py:588} INFO - Filling up the DagBag from /home/airflow/.local/lib/python3.12/site-packages/airflow/example_dags/example_task_group.py
[2024-12-23T08:29:52.287+0000] {processor.py:925} INFO - DAG(s) 'example_task_group' retrieved from /home/airflow/.local/lib/python3.12/site-packages/airflow/example_dags/example_task_group.py
[2024-12-23T08:29:52.529+0000] {logging_mixin.py:190} INFO - [2024-12-23T08:29:52.528+0000] {dag.py:3239} INFO - Sync 1 DAGs
[2024-12-23T08:29:52.575+0000] {logging_mixin.py:190} INFO - [2024-12-23T08:29:52.574+0000] {dag.py:4180} INFO - Setting next_dagrun for example_task_group to None, run_after=None
[2024-12-23T08:29:52.643+0000] {processor.py:208} INFO - Processing /home/airflow/.local/lib/python3.12/site-packages/airflow/example_dags/example_task_group.py took 0.403 seconds
[2024-12-23T08:30:24.324+0000] {processor.py:186} INFO - Started process (PID=440) to work on /home/airflow/.local/lib/python3.12/site-packages/airflow/example_dags/example_task_group.py
[2024-12-23T08:30:24.326+0000] {processor.py:914} INFO - Processing file /home/airflow/.local/lib/python3.12/site-packages/airflow/example_dags/example_task_group.py for tasks to queue
[2024-12-23T08:30:24.331+0000] {logging_mixin.py:190} INFO - [2024-12-23T08:30:24.330+0000] {dagbag.py:588} INFO - Filling up the DagBag from /home/airflow/.local/lib/python3.12/site-packages/airflow/example_dags/example_task_group.py
[2024-12-23T08:30:24.359+0000] {processor.py:925} INFO - DAG(s) 'example_task_group' retrieved from /home/airflow/.local/lib/python3.12/site-packages/airflow/example_dags/example_task_group.py
[2024-12-23T08:30:24.424+0000] {logging_mixin.py:190} INFO - [2024-12-23T08:30:24.423+0000] {dag.py:3239} INFO - Sync 1 DAGs
[2024-12-23T08:30:24.464+0000] {logging_mixin.py:190} INFO - [2024-12-23T08:30:24.463+0000] {dag.py:4180} INFO - Setting next_dagrun for example_task_group to None, run_after=None
[2024-12-23T08:30:24.512+0000] {processor.py:208} INFO - Processing /home/airflow/.local/lib/python3.12/site-packages/airflow/example_dags/example_task_group.py took 0.207 seconds
[2024-12-23T08:30:56.123+0000] {processor.py:186} INFO - Started process (PID=509) to work on /home/airflow/.local/lib/python3.12/site-packages/airflow/example_dags/example_task_group.py
[2024-12-23T08:30:56.126+0000] {processor.py:914} INFO - Processing file /home/airflow/.local/lib/python3.12/site-packages/airflow/example_dags/example_task_group.py for tasks to queue
[2024-12-23T08:30:56.130+0000] {logging_mixin.py:190} INFO - [2024-12-23T08:30:56.130+0000] {dagbag.py:588} INFO - Filling up the DagBag from /home/airflow/.local/lib/python3.12/site-packages/airflow/example_dags/example_task_group.py
[2024-12-23T08:30:56.144+0000] {processor.py:925} INFO - DAG(s) 'example_task_group' retrieved from /home/airflow/.local/lib/python3.12/site-packages/airflow/example_dags/example_task_group.py
[2024-12-23T08:30:56.176+0000] {logging_mixin.py:190} INFO - [2024-12-23T08:30:56.175+0000] {dag.py:3239} INFO - Sync 1 DAGs
[2024-12-23T08:30:56.200+0000] {logging_mixin.py:190} INFO - [2024-12-23T08:30:56.200+0000] {dag.py:4180} INFO - Setting next_dagrun for example_task_group to None, run_after=None
[2024-12-23T08:30:56.237+0000] {processor.py:208} INFO - Processing /home/airflow/.local/lib/python3.12/site-packages/airflow/example_dags/example_task_group.py took 0.122 seconds
