[2024-12-23T08:27:41.307+0000] {processor.py:186} INFO - Started process (PID=129) to work on /home/airflow/.local/lib/python3.12/site-packages/airflow/example_dags/example_external_task_marker_dag.py
[2024-12-23T08:27:41.309+0000] {processor.py:914} INFO - Processing file /home/airflow/.local/lib/python3.12/site-packages/airflow/example_dags/example_external_task_marker_dag.py for tasks to queue
[2024-12-23T08:27:41.317+0000] {logging_mixin.py:190} INFO - [2024-12-23T08:27:41.316+0000] {dagbag.py:588} INFO - Filling up the DagBag from /home/airflow/.local/lib/python3.12/site-packages/airflow/example_dags/example_external_task_marker_dag.py
[2024-12-23T08:27:41.329+0000] {processor.py:925} INFO - DAG(s) 'example_external_task_marker_child', 'example_external_task_marker_parent' retrieved from /home/airflow/.local/lib/python3.12/site-packages/airflow/example_dags/example_external_task_marker_dag.py
[2024-12-23T08:27:41.530+0000] {logging_mixin.py:190} INFO - [2024-12-23T08:27:41.529+0000] {override.py:1911} INFO - Created Permission View: can read on DAG:example_external_task_marker_child
[2024-12-23T08:27:41.551+0000] {logging_mixin.py:190} INFO - [2024-12-23T08:27:41.551+0000] {override.py:1911} INFO - Created Permission View: can edit on DAG:example_external_task_marker_child
[2024-12-23T08:27:41.565+0000] {logging_mixin.py:190} INFO - [2024-12-23T08:27:41.564+0000] {override.py:1911} INFO - Created Permission View: can delete on DAG:example_external_task_marker_child
[2024-12-23T08:27:41.581+0000] {logging_mixin.py:190} INFO - [2024-12-23T08:27:41.581+0000] {override.py:1911} INFO - Created Permission View: can read on DAG Run:example_external_task_marker_child
[2024-12-23T08:27:41.595+0000] {logging_mixin.py:190} INFO - [2024-12-23T08:27:41.594+0000] {override.py:1911} INFO - Created Permission View: can delete on DAG Run:example_external_task_marker_child
[2024-12-23T08:27:41.608+0000] {logging_mixin.py:190} INFO - [2024-12-23T08:27:41.607+0000] {override.py:1911} INFO - Created Permission View: menu access on DAG Run:example_external_task_marker_child
[2024-12-23T08:27:41.622+0000] {logging_mixin.py:190} INFO - [2024-12-23T08:27:41.621+0000] {override.py:1911} INFO - Created Permission View: can create on DAG Run:example_external_task_marker_child
[2024-12-23T08:27:41.647+0000] {logging_mixin.py:190} INFO - [2024-12-23T08:27:41.647+0000] {override.py:1911} INFO - Created Permission View: can read on DAG:example_external_task_marker_parent
[2024-12-23T08:27:41.665+0000] {logging_mixin.py:190} INFO - [2024-12-23T08:27:41.665+0000] {override.py:1911} INFO - Created Permission View: can edit on DAG:example_external_task_marker_parent
[2024-12-23T08:27:41.678+0000] {logging_mixin.py:190} INFO - [2024-12-23T08:27:41.678+0000] {override.py:1911} INFO - Created Permission View: can delete on DAG:example_external_task_marker_parent
[2024-12-23T08:27:41.695+0000] {logging_mixin.py:190} INFO - [2024-12-23T08:27:41.695+0000] {override.py:1911} INFO - Created Permission View: can read on DAG Run:example_external_task_marker_parent
[2024-12-23T08:27:41.708+0000] {logging_mixin.py:190} INFO - [2024-12-23T08:27:41.708+0000] {override.py:1911} INFO - Created Permission View: can delete on DAG Run:example_external_task_marker_parent
[2024-12-23T08:27:41.722+0000] {logging_mixin.py:190} INFO - [2024-12-23T08:27:41.721+0000] {override.py:1911} INFO - Created Permission View: menu access on DAG Run:example_external_task_marker_parent
[2024-12-23T08:27:41.739+0000] {logging_mixin.py:190} INFO - [2024-12-23T08:27:41.738+0000] {override.py:1911} INFO - Created Permission View: can create on DAG Run:example_external_task_marker_parent
[2024-12-23T08:27:41.740+0000] {logging_mixin.py:190} INFO - [2024-12-23T08:27:41.740+0000] {dag.py:3239} INFO - Sync 2 DAGs
[2024-12-23T08:27:41.758+0000] {logging_mixin.py:190} INFO - [2024-12-23T08:27:41.758+0000] {dag.py:3262} INFO - Creating ORM DAG for example_external_task_marker_child
[2024-12-23T08:27:41.759+0000] {logging_mixin.py:190} INFO - [2024-12-23T08:27:41.759+0000] {dag.py:3262} INFO - Creating ORM DAG for example_external_task_marker_parent
[2024-12-23T08:27:41.761+0000] {logging_mixin.py:190} INFO - [2024-12-23T08:27:41.760+0000] {dag.py:4180} INFO - Setting next_dagrun for example_external_task_marker_child to None, run_after=None
[2024-12-23T08:27:41.762+0000] {logging_mixin.py:190} INFO - [2024-12-23T08:27:41.762+0000] {dag.py:4180} INFO - Setting next_dagrun for example_external_task_marker_parent to None, run_after=None
[2024-12-23T08:27:41.793+0000] {processor.py:208} INFO - Processing /home/airflow/.local/lib/python3.12/site-packages/airflow/example_dags/example_external_task_marker_dag.py took 0.493 seconds
[2024-12-23T08:28:12.713+0000] {processor.py:186} INFO - Started process (PID=192) to work on /home/airflow/.local/lib/python3.12/site-packages/airflow/example_dags/example_external_task_marker_dag.py
[2024-12-23T08:28:12.716+0000] {processor.py:914} INFO - Processing file /home/airflow/.local/lib/python3.12/site-packages/airflow/example_dags/example_external_task_marker_dag.py for tasks to queue
[2024-12-23T08:28:12.720+0000] {logging_mixin.py:190} INFO - [2024-12-23T08:28:12.720+0000] {dagbag.py:588} INFO - Filling up the DagBag from /home/airflow/.local/lib/python3.12/site-packages/airflow/example_dags/example_external_task_marker_dag.py
[2024-12-23T08:28:12.731+0000] {processor.py:925} INFO - DAG(s) 'example_external_task_marker_child', 'example_external_task_marker_parent' retrieved from /home/airflow/.local/lib/python3.12/site-packages/airflow/example_dags/example_external_task_marker_dag.py
[2024-12-23T08:28:12.771+0000] {logging_mixin.py:190} INFO - [2024-12-23T08:28:12.770+0000] {dag.py:3239} INFO - Sync 2 DAGs
[2024-12-23T08:28:12.789+0000] {logging_mixin.py:190} INFO - [2024-12-23T08:28:12.788+0000] {dag.py:4180} INFO - Setting next_dagrun for example_external_task_marker_child to None, run_after=None
[2024-12-23T08:28:12.794+0000] {logging_mixin.py:190} INFO - [2024-12-23T08:28:12.794+0000] {dag.py:4180} INFO - Setting next_dagrun for example_external_task_marker_parent to None, run_after=None
[2024-12-23T08:28:12.825+0000] {processor.py:208} INFO - Processing /home/airflow/.local/lib/python3.12/site-packages/airflow/example_dags/example_external_task_marker_dag.py took 0.120 seconds
[2024-12-23T08:28:44.437+0000] {processor.py:186} INFO - Started process (PID=255) to work on /home/airflow/.local/lib/python3.12/site-packages/airflow/example_dags/example_external_task_marker_dag.py
[2024-12-23T08:28:44.439+0000] {processor.py:914} INFO - Processing file /home/airflow/.local/lib/python3.12/site-packages/airflow/example_dags/example_external_task_marker_dag.py for tasks to queue
[2024-12-23T08:28:44.442+0000] {logging_mixin.py:190} INFO - [2024-12-23T08:28:44.442+0000] {dagbag.py:588} INFO - Filling up the DagBag from /home/airflow/.local/lib/python3.12/site-packages/airflow/example_dags/example_external_task_marker_dag.py
[2024-12-23T08:28:44.455+0000] {processor.py:925} INFO - DAG(s) 'example_external_task_marker_child', 'example_external_task_marker_parent' retrieved from /home/airflow/.local/lib/python3.12/site-packages/airflow/example_dags/example_external_task_marker_dag.py
[2024-12-23T08:28:44.503+0000] {logging_mixin.py:190} INFO - [2024-12-23T08:28:44.502+0000] {dag.py:3239} INFO - Sync 2 DAGs
[2024-12-23T08:28:44.524+0000] {logging_mixin.py:190} INFO - [2024-12-23T08:28:44.524+0000] {dag.py:4180} INFO - Setting next_dagrun for example_external_task_marker_child to None, run_after=None
[2024-12-23T08:28:44.531+0000] {logging_mixin.py:190} INFO - [2024-12-23T08:28:44.530+0000] {dag.py:4180} INFO - Setting next_dagrun for example_external_task_marker_parent to None, run_after=None
[2024-12-23T08:28:44.569+0000] {processor.py:208} INFO - Processing /home/airflow/.local/lib/python3.12/site-packages/airflow/example_dags/example_external_task_marker_dag.py took 0.140 seconds
[2024-12-23T08:29:21.174+0000] {processor.py:186} INFO - Started process (PID=323) to work on /home/airflow/.local/lib/python3.12/site-packages/airflow/example_dags/example_external_task_marker_dag.py
[2024-12-23T08:29:21.177+0000] {processor.py:914} INFO - Processing file /home/airflow/.local/lib/python3.12/site-packages/airflow/example_dags/example_external_task_marker_dag.py for tasks to queue
[2024-12-23T08:29:21.183+0000] {logging_mixin.py:190} INFO - [2024-12-23T08:29:21.182+0000] {dagbag.py:588} INFO - Filling up the DagBag from /home/airflow/.local/lib/python3.12/site-packages/airflow/example_dags/example_external_task_marker_dag.py
[2024-12-23T08:29:21.207+0000] {processor.py:925} INFO - DAG(s) 'example_external_task_marker_child', 'example_external_task_marker_parent' retrieved from /home/airflow/.local/lib/python3.12/site-packages/airflow/example_dags/example_external_task_marker_dag.py
[2024-12-23T08:29:21.260+0000] {logging_mixin.py:190} INFO - [2024-12-23T08:29:21.259+0000] {dag.py:3239} INFO - Sync 2 DAGs
[2024-12-23T08:29:21.292+0000] {logging_mixin.py:190} INFO - [2024-12-23T08:29:21.291+0000] {dag.py:4180} INFO - Setting next_dagrun for example_external_task_marker_child to None, run_after=None
[2024-12-23T08:29:21.300+0000] {logging_mixin.py:190} INFO - [2024-12-23T08:29:21.300+0000] {dag.py:4180} INFO - Setting next_dagrun for example_external_task_marker_parent to None, run_after=None
[2024-12-23T08:29:21.338+0000] {processor.py:208} INFO - Processing /home/airflow/.local/lib/python3.12/site-packages/airflow/example_dags/example_external_task_marker_dag.py took 0.178 seconds
[2024-12-23T08:29:54.279+0000] {processor.py:186} INFO - Started process (PID=396) to work on /home/airflow/.local/lib/python3.12/site-packages/airflow/example_dags/example_external_task_marker_dag.py
[2024-12-23T08:29:54.281+0000] {processor.py:914} INFO - Processing file /home/airflow/.local/lib/python3.12/site-packages/airflow/example_dags/example_external_task_marker_dag.py for tasks to queue
[2024-12-23T08:29:54.285+0000] {logging_mixin.py:190} INFO - [2024-12-23T08:29:54.285+0000] {dagbag.py:588} INFO - Filling up the DagBag from /home/airflow/.local/lib/python3.12/site-packages/airflow/example_dags/example_external_task_marker_dag.py
[2024-12-23T08:29:54.302+0000] {processor.py:925} INFO - DAG(s) 'example_external_task_marker_child', 'example_external_task_marker_parent' retrieved from /home/airflow/.local/lib/python3.12/site-packages/airflow/example_dags/example_external_task_marker_dag.py
[2024-12-23T08:29:54.352+0000] {logging_mixin.py:190} INFO - [2024-12-23T08:29:54.352+0000] {dag.py:3239} INFO - Sync 2 DAGs
[2024-12-23T08:29:54.378+0000] {logging_mixin.py:190} INFO - [2024-12-23T08:29:54.378+0000] {dag.py:4180} INFO - Setting next_dagrun for example_external_task_marker_child to None, run_after=None
[2024-12-23T08:29:54.387+0000] {logging_mixin.py:190} INFO - [2024-12-23T08:29:54.387+0000] {dag.py:4180} INFO - Setting next_dagrun for example_external_task_marker_parent to None, run_after=None
[2024-12-23T08:29:54.419+0000] {processor.py:208} INFO - Processing /home/airflow/.local/lib/python3.12/site-packages/airflow/example_dags/example_external_task_marker_dag.py took 0.151 seconds
[2024-12-23T08:30:26.075+0000] {processor.py:186} INFO - Started process (PID=459) to work on /home/airflow/.local/lib/python3.12/site-packages/airflow/example_dags/example_external_task_marker_dag.py
[2024-12-23T08:30:26.077+0000] {processor.py:914} INFO - Processing file /home/airflow/.local/lib/python3.12/site-packages/airflow/example_dags/example_external_task_marker_dag.py for tasks to queue
[2024-12-23T08:30:26.082+0000] {logging_mixin.py:190} INFO - [2024-12-23T08:30:26.081+0000] {dagbag.py:588} INFO - Filling up the DagBag from /home/airflow/.local/lib/python3.12/site-packages/airflow/example_dags/example_external_task_marker_dag.py
[2024-12-23T08:30:26.095+0000] {processor.py:925} INFO - DAG(s) 'example_external_task_marker_child', 'example_external_task_marker_parent' retrieved from /home/airflow/.local/lib/python3.12/site-packages/airflow/example_dags/example_external_task_marker_dag.py
[2024-12-23T08:30:26.138+0000] {logging_mixin.py:190} INFO - [2024-12-23T08:30:26.137+0000] {dag.py:3239} INFO - Sync 2 DAGs
[2024-12-23T08:30:26.160+0000] {logging_mixin.py:190} INFO - [2024-12-23T08:30:26.160+0000] {dag.py:4180} INFO - Setting next_dagrun for example_external_task_marker_child to None, run_after=None
[2024-12-23T08:30:26.166+0000] {logging_mixin.py:190} INFO - [2024-12-23T08:30:26.166+0000] {dag.py:4180} INFO - Setting next_dagrun for example_external_task_marker_parent to None, run_after=None
[2024-12-23T08:30:26.197+0000] {processor.py:208} INFO - Processing /home/airflow/.local/lib/python3.12/site-packages/airflow/example_dags/example_external_task_marker_dag.py took 0.130 seconds
[2024-12-23T08:30:58.087+0000] {processor.py:186} INFO - Started process (PID=528) to work on /home/airflow/.local/lib/python3.12/site-packages/airflow/example_dags/example_external_task_marker_dag.py
[2024-12-23T08:30:58.089+0000] {processor.py:914} INFO - Processing file /home/airflow/.local/lib/python3.12/site-packages/airflow/example_dags/example_external_task_marker_dag.py for tasks to queue
[2024-12-23T08:30:58.096+0000] {logging_mixin.py:190} INFO - [2024-12-23T08:30:58.096+0000] {dagbag.py:588} INFO - Filling up the DagBag from /home/airflow/.local/lib/python3.12/site-packages/airflow/example_dags/example_external_task_marker_dag.py
[2024-12-23T08:30:58.109+0000] {processor.py:925} INFO - DAG(s) 'example_external_task_marker_parent', 'example_external_task_marker_child' retrieved from /home/airflow/.local/lib/python3.12/site-packages/airflow/example_dags/example_external_task_marker_dag.py
[2024-12-23T08:30:58.147+0000] {logging_mixin.py:190} INFO - [2024-12-23T08:30:58.147+0000] {dag.py:3239} INFO - Sync 2 DAGs
[2024-12-23T08:30:58.173+0000] {logging_mixin.py:190} INFO - [2024-12-23T08:30:58.172+0000] {dag.py:4180} INFO - Setting next_dagrun for example_external_task_marker_child to None, run_after=None
[2024-12-23T08:30:58.179+0000] {logging_mixin.py:190} INFO - [2024-12-23T08:30:58.178+0000] {dag.py:4180} INFO - Setting next_dagrun for example_external_task_marker_parent to None, run_after=None
[2024-12-23T08:30:58.215+0000] {processor.py:208} INFO - Processing /home/airflow/.local/lib/python3.12/site-packages/airflow/example_dags/example_external_task_marker_dag.py took 0.137 seconds
