[2024-12-23T08:27:41.420+0000] {processor.py:186} INFO - Started process (PID=130) to work on /home/airflow/.local/lib/python3.12/site-packages/airflow/example_dags/example_branch_labels.py
[2024-12-23T08:27:41.422+0000] {processor.py:914} INFO - Processing file /home/airflow/.local/lib/python3.12/site-packages/airflow/example_dags/example_branch_labels.py for tasks to queue
[2024-12-23T08:27:41.426+0000] {logging_mixin.py:190} INFO - [2024-12-23T08:27:41.426+0000] {dagbag.py:588} INFO - Filling up the DagBag from /home/airflow/.local/lib/python3.12/site-packages/airflow/example_dags/example_branch_labels.py
[2024-12-23T08:27:41.454+0000] {processor.py:925} INFO - DAG(s) 'example_branch_labels' retrieved from /home/airflow/.local/lib/python3.12/site-packages/airflow/example_dags/example_branch_labels.py
[2024-12-23T08:27:41.627+0000] {logging_mixin.py:190} INFO - [2024-12-23T08:27:41.626+0000] {override.py:1911} INFO - Created Permission View: can read on DAG:example_branch_labels
[2024-12-23T08:27:41.644+0000] {logging_mixin.py:190} INFO - [2024-12-23T08:27:41.644+0000] {override.py:1911} INFO - Created Permission View: can edit on DAG:example_branch_labels
[2024-12-23T08:27:41.661+0000] {logging_mixin.py:190} INFO - [2024-12-23T08:27:41.660+0000] {override.py:1911} INFO - Created Permission View: can delete on DAG:example_branch_labels
[2024-12-23T08:27:41.681+0000] {logging_mixin.py:190} INFO - [2024-12-23T08:27:41.681+0000] {override.py:1911} INFO - Created Permission View: can read on DAG Run:example_branch_labels
[2024-12-23T08:27:41.700+0000] {logging_mixin.py:190} INFO - [2024-12-23T08:27:41.699+0000] {override.py:1911} INFO - Created Permission View: can delete on DAG Run:example_branch_labels
[2024-12-23T08:27:41.711+0000] {logging_mixin.py:190} INFO - [2024-12-23T08:27:41.711+0000] {override.py:1911} INFO - Created Permission View: menu access on DAG Run:example_branch_labels
[2024-12-23T08:27:41.725+0000] {logging_mixin.py:190} INFO - [2024-12-23T08:27:41.724+0000] {override.py:1911} INFO - Created Permission View: can create on DAG Run:example_branch_labels
[2024-12-23T08:27:41.725+0000] {logging_mixin.py:190} INFO - [2024-12-23T08:27:41.725+0000] {dag.py:3239} INFO - Sync 1 DAGs
[2024-12-23T08:27:41.744+0000] {logging_mixin.py:190} INFO - [2024-12-23T08:27:41.743+0000] {dag.py:3262} INFO - Creating ORM DAG for example_branch_labels
[2024-12-23T08:27:41.759+0000] {logging_mixin.py:190} INFO - [2024-12-23T08:27:41.759+0000] {dag.py:4180} INFO - Setting next_dagrun for example_branch_labels to 2024-12-22 00:00:00+00:00, run_after=2024-12-23 00:00:00+00:00
[2024-12-23T08:27:41.782+0000] {processor.py:208} INFO - Processing /home/airflow/.local/lib/python3.12/site-packages/airflow/example_dags/example_branch_labels.py took 0.371 seconds
[2024-12-23T08:28:12.716+0000] {processor.py:186} INFO - Started process (PID=193) to work on /home/airflow/.local/lib/python3.12/site-packages/airflow/example_dags/example_branch_labels.py
[2024-12-23T08:28:12.719+0000] {processor.py:914} INFO - Processing file /home/airflow/.local/lib/python3.12/site-packages/airflow/example_dags/example_branch_labels.py for tasks to queue
[2024-12-23T08:28:12.723+0000] {logging_mixin.py:190} INFO - [2024-12-23T08:28:12.722+0000] {dagbag.py:588} INFO - Filling up the DagBag from /home/airflow/.local/lib/python3.12/site-packages/airflow/example_dags/example_branch_labels.py
[2024-12-23T08:28:12.737+0000] {processor.py:925} INFO - DAG(s) 'example_branch_labels' retrieved from /home/airflow/.local/lib/python3.12/site-packages/airflow/example_dags/example_branch_labels.py
[2024-12-23T08:28:12.770+0000] {logging_mixin.py:190} INFO - [2024-12-23T08:28:12.769+0000] {dag.py:3239} INFO - Sync 1 DAGs
[2024-12-23T08:28:12.806+0000] {logging_mixin.py:190} INFO - [2024-12-23T08:28:12.806+0000] {dag.py:4180} INFO - Setting next_dagrun for example_branch_labels to 2024-12-22 00:00:00+00:00, run_after=2024-12-23 00:00:00+00:00
[2024-12-23T08:28:12.839+0000] {processor.py:208} INFO - Processing /home/airflow/.local/lib/python3.12/site-packages/airflow/example_dags/example_branch_labels.py took 0.132 seconds
[2024-12-23T08:28:44.441+0000] {processor.py:186} INFO - Started process (PID=256) to work on /home/airflow/.local/lib/python3.12/site-packages/airflow/example_dags/example_branch_labels.py
[2024-12-23T08:28:44.442+0000] {processor.py:914} INFO - Processing file /home/airflow/.local/lib/python3.12/site-packages/airflow/example_dags/example_branch_labels.py for tasks to queue
[2024-12-23T08:28:44.447+0000] {logging_mixin.py:190} INFO - [2024-12-23T08:28:44.446+0000] {dagbag.py:588} INFO - Filling up the DagBag from /home/airflow/.local/lib/python3.12/site-packages/airflow/example_dags/example_branch_labels.py
[2024-12-23T08:28:44.461+0000] {processor.py:925} INFO - DAG(s) 'example_branch_labels' retrieved from /home/airflow/.local/lib/python3.12/site-packages/airflow/example_dags/example_branch_labels.py
[2024-12-23T08:28:44.502+0000] {logging_mixin.py:190} INFO - [2024-12-23T08:28:44.501+0000] {dag.py:3239} INFO - Sync 1 DAGs
[2024-12-23T08:28:44.539+0000] {logging_mixin.py:190} INFO - [2024-12-23T08:28:44.539+0000] {dag.py:4180} INFO - Setting next_dagrun for example_branch_labels to 2024-12-22 00:00:00+00:00, run_after=2024-12-23 00:00:00+00:00
[2024-12-23T08:28:44.583+0000] {processor.py:208} INFO - Processing /home/airflow/.local/lib/python3.12/site-packages/airflow/example_dags/example_branch_labels.py took 0.150 seconds
[2024-12-23T08:29:21.237+0000] {processor.py:186} INFO - Started process (PID=324) to work on /home/airflow/.local/lib/python3.12/site-packages/airflow/example_dags/example_branch_labels.py
[2024-12-23T08:29:21.239+0000] {processor.py:914} INFO - Processing file /home/airflow/.local/lib/python3.12/site-packages/airflow/example_dags/example_branch_labels.py for tasks to queue
[2024-12-23T08:29:21.244+0000] {logging_mixin.py:190} INFO - [2024-12-23T08:29:21.244+0000] {dagbag.py:588} INFO - Filling up the DagBag from /home/airflow/.local/lib/python3.12/site-packages/airflow/example_dags/example_branch_labels.py
[2024-12-23T08:29:21.269+0000] {processor.py:925} INFO - DAG(s) 'example_branch_labels' retrieved from /home/airflow/.local/lib/python3.12/site-packages/airflow/example_dags/example_branch_labels.py
[2024-12-23T08:29:21.314+0000] {logging_mixin.py:190} INFO - [2024-12-23T08:29:21.314+0000] {dag.py:3239} INFO - Sync 1 DAGs
[2024-12-23T08:29:21.365+0000] {logging_mixin.py:190} INFO - [2024-12-23T08:29:21.365+0000] {dag.py:4180} INFO - Setting next_dagrun for example_branch_labels to 2024-12-22 00:00:00+00:00, run_after=2024-12-23 00:00:00+00:00
[2024-12-23T08:29:21.407+0000] {processor.py:208} INFO - Processing /home/airflow/.local/lib/python3.12/site-packages/airflow/example_dags/example_branch_labels.py took 0.185 seconds
[2024-12-23T08:29:54.404+0000] {processor.py:186} INFO - Started process (PID=397) to work on /home/airflow/.local/lib/python3.12/site-packages/airflow/example_dags/example_branch_labels.py
[2024-12-23T08:29:54.406+0000] {processor.py:914} INFO - Processing file /home/airflow/.local/lib/python3.12/site-packages/airflow/example_dags/example_branch_labels.py for tasks to queue
[2024-12-23T08:29:54.410+0000] {logging_mixin.py:190} INFO - [2024-12-23T08:29:54.409+0000] {dagbag.py:588} INFO - Filling up the DagBag from /home/airflow/.local/lib/python3.12/site-packages/airflow/example_dags/example_branch_labels.py
[2024-12-23T08:29:54.428+0000] {processor.py:925} INFO - DAG(s) 'example_branch_labels' retrieved from /home/airflow/.local/lib/python3.12/site-packages/airflow/example_dags/example_branch_labels.py
[2024-12-23T08:29:54.470+0000] {logging_mixin.py:190} INFO - [2024-12-23T08:29:54.469+0000] {dag.py:3239} INFO - Sync 1 DAGs
[2024-12-23T08:29:54.508+0000] {logging_mixin.py:190} INFO - [2024-12-23T08:29:54.507+0000] {dag.py:4180} INFO - Setting next_dagrun for example_branch_labels to 2024-12-22 00:00:00+00:00, run_after=2024-12-23 00:00:00+00:00
[2024-12-23T08:29:54.550+0000] {processor.py:208} INFO - Processing /home/airflow/.local/lib/python3.12/site-packages/airflow/example_dags/example_branch_labels.py took 0.156 seconds
[2024-12-23T08:30:26.963+0000] {processor.py:186} INFO - Started process (PID=466) to work on /home/airflow/.local/lib/python3.12/site-packages/airflow/example_dags/example_branch_labels.py
[2024-12-23T08:30:26.965+0000] {processor.py:914} INFO - Processing file /home/airflow/.local/lib/python3.12/site-packages/airflow/example_dags/example_branch_labels.py for tasks to queue
[2024-12-23T08:30:26.969+0000] {logging_mixin.py:190} INFO - [2024-12-23T08:30:26.968+0000] {dagbag.py:588} INFO - Filling up the DagBag from /home/airflow/.local/lib/python3.12/site-packages/airflow/example_dags/example_branch_labels.py
[2024-12-23T08:30:26.984+0000] {processor.py:925} INFO - DAG(s) 'example_branch_labels' retrieved from /home/airflow/.local/lib/python3.12/site-packages/airflow/example_dags/example_branch_labels.py
[2024-12-23T08:30:27.016+0000] {logging_mixin.py:190} INFO - [2024-12-23T08:30:27.015+0000] {dag.py:3239} INFO - Sync 1 DAGs
[2024-12-23T08:30:27.056+0000] {logging_mixin.py:190} INFO - [2024-12-23T08:30:27.056+0000] {dag.py:4180} INFO - Setting next_dagrun for example_branch_labels to 2024-12-22 00:00:00+00:00, run_after=2024-12-23 00:00:00+00:00
[2024-12-23T08:30:27.091+0000] {processor.py:208} INFO - Processing /home/airflow/.local/lib/python3.12/site-packages/airflow/example_dags/example_branch_labels.py took 0.135 seconds
[2024-12-23T08:30:58.224+0000] {processor.py:186} INFO - Started process (PID=529) to work on /home/airflow/.local/lib/python3.12/site-packages/airflow/example_dags/example_branch_labels.py
[2024-12-23T08:30:58.226+0000] {processor.py:914} INFO - Processing file /home/airflow/.local/lib/python3.12/site-packages/airflow/example_dags/example_branch_labels.py for tasks to queue
[2024-12-23T08:30:58.231+0000] {logging_mixin.py:190} INFO - [2024-12-23T08:30:58.230+0000] {dagbag.py:588} INFO - Filling up the DagBag from /home/airflow/.local/lib/python3.12/site-packages/airflow/example_dags/example_branch_labels.py
[2024-12-23T08:30:58.248+0000] {processor.py:925} INFO - DAG(s) 'example_branch_labels' retrieved from /home/airflow/.local/lib/python3.12/site-packages/airflow/example_dags/example_branch_labels.py
[2024-12-23T08:30:58.283+0000] {logging_mixin.py:190} INFO - [2024-12-23T08:30:58.283+0000] {dag.py:3239} INFO - Sync 1 DAGs
[2024-12-23T08:30:58.323+0000] {logging_mixin.py:190} INFO - [2024-12-23T08:30:58.322+0000] {dag.py:4180} INFO - Setting next_dagrun for example_branch_labels to 2024-12-22 00:00:00+00:00, run_after=2024-12-23 00:00:00+00:00
[2024-12-23T08:30:58.359+0000] {processor.py:208} INFO - Processing /home/airflow/.local/lib/python3.12/site-packages/airflow/example_dags/example_branch_labels.py took 0.144 seconds
