[2024-12-23T08:27:14.259+0000] {processor.py:186} INFO - Started process (PID=77) to work on /home/airflow/.local/lib/python3.12/site-packages/airflow/example_dags/tutorial_taskflow_api.py
[2024-12-23T08:27:14.333+0000] {processor.py:914} INFO - Processing file /home/airflow/.local/lib/python3.12/site-packages/airflow/example_dags/tutorial_taskflow_api.py for tasks to queue
[2024-12-23T08:27:14.366+0000] {logging_mixin.py:190} INFO - [2024-12-23T08:27:14.365+0000] {dagbag.py:588} INFO - Filling up the DagBag from /home/airflow/.local/lib/python3.12/site-packages/airflow/example_dags/tutorial_taskflow_api.py
[2024-12-23T08:27:14.477+0000] {processor.py:925} INFO - DAG(s) 'tutorial_taskflow_api' retrieved from /home/airflow/.local/lib/python3.12/site-packages/airflow/example_dags/tutorial_taskflow_api.py
[2024-12-23T08:27:15.496+0000] {logging_mixin.py:190} INFO - [2024-12-23T08:27:15.495+0000] {override.py:1911} INFO - Created Permission View: can read on DAG:tutorial_taskflow_api
[2024-12-23T08:27:15.527+0000] {logging_mixin.py:190} INFO - [2024-12-23T08:27:15.527+0000] {override.py:1911} INFO - Created Permission View: can edit on DAG:tutorial_taskflow_api
[2024-12-23T08:27:15.546+0000] {logging_mixin.py:190} INFO - [2024-12-23T08:27:15.545+0000] {override.py:1911} INFO - Created Permission View: can delete on DAG:tutorial_taskflow_api
[2024-12-23T08:27:15.651+0000] {logging_mixin.py:190} INFO - [2024-12-23T08:27:15.650+0000] {override.py:1911} INFO - Created Permission View: can read on DAG Run:tutorial_taskflow_api
[2024-12-23T08:27:15.724+0000] {logging_mixin.py:190} INFO - [2024-12-23T08:27:15.724+0000] {override.py:1911} INFO - Created Permission View: can delete on DAG Run:tutorial_taskflow_api
[2024-12-23T08:27:15.742+0000] {logging_mixin.py:190} INFO - [2024-12-23T08:27:15.742+0000] {override.py:1911} INFO - Created Permission View: menu access on DAG Run:tutorial_taskflow_api
[2024-12-23T08:27:15.759+0000] {logging_mixin.py:190} INFO - [2024-12-23T08:27:15.758+0000] {override.py:1911} INFO - Created Permission View: can create on DAG Run:tutorial_taskflow_api
[2024-12-23T08:27:15.760+0000] {logging_mixin.py:190} INFO - [2024-12-23T08:27:15.760+0000] {dag.py:3239} INFO - Sync 1 DAGs
[2024-12-23T08:27:15.818+0000] {logging_mixin.py:190} INFO - [2024-12-23T08:27:15.818+0000] {dag.py:3262} INFO - Creating ORM DAG for tutorial_taskflow_api
[2024-12-23T08:27:15.821+0000] {logging_mixin.py:190} INFO - [2024-12-23T08:27:15.820+0000] {dag.py:4180} INFO - Setting next_dagrun for tutorial_taskflow_api to None, run_after=None
[2024-12-23T08:27:15.864+0000] {processor.py:208} INFO - Processing /home/airflow/.local/lib/python3.12/site-packages/airflow/example_dags/tutorial_taskflow_api.py took 1.773 seconds
[2024-12-23T08:27:46.868+0000] {processor.py:186} INFO - Started process (PID=140) to work on /home/airflow/.local/lib/python3.12/site-packages/airflow/example_dags/tutorial_taskflow_api.py
[2024-12-23T08:27:46.869+0000] {processor.py:914} INFO - Processing file /home/airflow/.local/lib/python3.12/site-packages/airflow/example_dags/tutorial_taskflow_api.py for tasks to queue
[2024-12-23T08:27:46.872+0000] {logging_mixin.py:190} INFO - [2024-12-23T08:27:46.871+0000] {dagbag.py:588} INFO - Filling up the DagBag from /home/airflow/.local/lib/python3.12/site-packages/airflow/example_dags/tutorial_taskflow_api.py
[2024-12-23T08:27:46.881+0000] {processor.py:925} INFO - DAG(s) 'tutorial_taskflow_api' retrieved from /home/airflow/.local/lib/python3.12/site-packages/airflow/example_dags/tutorial_taskflow_api.py
[2024-12-23T08:27:46.907+0000] {logging_mixin.py:190} INFO - [2024-12-23T08:27:46.907+0000] {dag.py:3239} INFO - Sync 1 DAGs
[2024-12-23T08:27:46.926+0000] {logging_mixin.py:190} INFO - [2024-12-23T08:27:46.926+0000] {dag.py:4180} INFO - Setting next_dagrun for tutorial_taskflow_api to None, run_after=None
[2024-12-23T08:27:46.950+0000] {processor.py:208} INFO - Processing /home/airflow/.local/lib/python3.12/site-packages/airflow/example_dags/tutorial_taskflow_api.py took 0.089 seconds
[2024-12-23T08:28:17.562+0000] {processor.py:186} INFO - Started process (PID=203) to work on /home/airflow/.local/lib/python3.12/site-packages/airflow/example_dags/tutorial_taskflow_api.py
[2024-12-23T08:28:17.564+0000] {processor.py:914} INFO - Processing file /home/airflow/.local/lib/python3.12/site-packages/airflow/example_dags/tutorial_taskflow_api.py for tasks to queue
[2024-12-23T08:28:17.567+0000] {logging_mixin.py:190} INFO - [2024-12-23T08:28:17.567+0000] {dagbag.py:588} INFO - Filling up the DagBag from /home/airflow/.local/lib/python3.12/site-packages/airflow/example_dags/tutorial_taskflow_api.py
[2024-12-23T08:28:17.576+0000] {processor.py:925} INFO - DAG(s) 'tutorial_taskflow_api' retrieved from /home/airflow/.local/lib/python3.12/site-packages/airflow/example_dags/tutorial_taskflow_api.py
[2024-12-23T08:28:17.602+0000] {logging_mixin.py:190} INFO - [2024-12-23T08:28:17.602+0000] {dag.py:3239} INFO - Sync 1 DAGs
[2024-12-23T08:28:17.619+0000] {logging_mixin.py:190} INFO - [2024-12-23T08:28:17.619+0000] {dag.py:4180} INFO - Setting next_dagrun for tutorial_taskflow_api to None, run_after=None
[2024-12-23T08:28:17.647+0000] {processor.py:208} INFO - Processing /home/airflow/.local/lib/python3.12/site-packages/airflow/example_dags/tutorial_taskflow_api.py took 0.091 seconds
[2024-12-23T08:28:48.316+0000] {processor.py:186} INFO - Started process (PID=266) to work on /home/airflow/.local/lib/python3.12/site-packages/airflow/example_dags/tutorial_taskflow_api.py
[2024-12-23T08:28:48.317+0000] {processor.py:914} INFO - Processing file /home/airflow/.local/lib/python3.12/site-packages/airflow/example_dags/tutorial_taskflow_api.py for tasks to queue
[2024-12-23T08:28:48.321+0000] {logging_mixin.py:190} INFO - [2024-12-23T08:28:48.320+0000] {dagbag.py:588} INFO - Filling up the DagBag from /home/airflow/.local/lib/python3.12/site-packages/airflow/example_dags/tutorial_taskflow_api.py
[2024-12-23T08:28:48.335+0000] {processor.py:925} INFO - DAG(s) 'tutorial_taskflow_api' retrieved from /home/airflow/.local/lib/python3.12/site-packages/airflow/example_dags/tutorial_taskflow_api.py
[2024-12-23T08:28:48.376+0000] {logging_mixin.py:190} INFO - [2024-12-23T08:28:48.375+0000] {dag.py:3239} INFO - Sync 1 DAGs
[2024-12-23T08:28:48.397+0000] {logging_mixin.py:190} INFO - [2024-12-23T08:28:48.396+0000] {dag.py:4180} INFO - Setting next_dagrun for tutorial_taskflow_api to None, run_after=None
[2024-12-23T08:28:48.433+0000] {processor.py:208} INFO - Processing /home/airflow/.local/lib/python3.12/site-packages/airflow/example_dags/tutorial_taskflow_api.py took 0.127 seconds
[2024-12-23T08:29:20.642+0000] {processor.py:186} INFO - Started process (PID=319) to work on /home/airflow/.local/lib/python3.12/site-packages/airflow/example_dags/tutorial_taskflow_api.py
[2024-12-23T08:29:20.644+0000] {processor.py:914} INFO - Processing file /home/airflow/.local/lib/python3.12/site-packages/airflow/example_dags/tutorial_taskflow_api.py for tasks to queue
[2024-12-23T08:29:20.649+0000] {logging_mixin.py:190} INFO - [2024-12-23T08:29:20.648+0000] {dagbag.py:588} INFO - Filling up the DagBag from /home/airflow/.local/lib/python3.12/site-packages/airflow/example_dags/tutorial_taskflow_api.py
[2024-12-23T08:29:20.673+0000] {processor.py:925} INFO - DAG(s) 'tutorial_taskflow_api' retrieved from /home/airflow/.local/lib/python3.12/site-packages/airflow/example_dags/tutorial_taskflow_api.py
[2024-12-23T08:29:20.728+0000] {logging_mixin.py:190} INFO - [2024-12-23T08:29:20.727+0000] {dag.py:3239} INFO - Sync 1 DAGs
[2024-12-23T08:29:20.760+0000] {logging_mixin.py:190} INFO - [2024-12-23T08:29:20.760+0000] {dag.py:4180} INFO - Setting next_dagrun for tutorial_taskflow_api to None, run_after=None
[2024-12-23T08:29:20.803+0000] {processor.py:208} INFO - Processing /home/airflow/.local/lib/python3.12/site-packages/airflow/example_dags/tutorial_taskflow_api.py took 0.175 seconds
[2024-12-23T08:29:52.757+0000] {processor.py:186} INFO - Started process (PID=379) to work on /home/airflow/.local/lib/python3.12/site-packages/airflow/example_dags/tutorial_taskflow_api.py
[2024-12-23T08:29:52.760+0000] {processor.py:914} INFO - Processing file /home/airflow/.local/lib/python3.12/site-packages/airflow/example_dags/tutorial_taskflow_api.py for tasks to queue
[2024-12-23T08:29:52.765+0000] {logging_mixin.py:190} INFO - [2024-12-23T08:29:52.764+0000] {dagbag.py:588} INFO - Filling up the DagBag from /home/airflow/.local/lib/python3.12/site-packages/airflow/example_dags/tutorial_taskflow_api.py
[2024-12-23T08:29:52.780+0000] {processor.py:925} INFO - DAG(s) 'tutorial_taskflow_api' retrieved from /home/airflow/.local/lib/python3.12/site-packages/airflow/example_dags/tutorial_taskflow_api.py
[2024-12-23T08:29:52.818+0000] {logging_mixin.py:190} INFO - [2024-12-23T08:29:52.818+0000] {dag.py:3239} INFO - Sync 1 DAGs
[2024-12-23T08:29:52.858+0000] {logging_mixin.py:190} INFO - [2024-12-23T08:29:52.857+0000] {dag.py:4180} INFO - Setting next_dagrun for tutorial_taskflow_api to None, run_after=None
[2024-12-23T08:29:52.903+0000] {processor.py:208} INFO - Processing /home/airflow/.local/lib/python3.12/site-packages/airflow/example_dags/tutorial_taskflow_api.py took 0.160 seconds
[2024-12-23T08:30:24.623+0000] {processor.py:186} INFO - Started process (PID=442) to work on /home/airflow/.local/lib/python3.12/site-packages/airflow/example_dags/tutorial_taskflow_api.py
[2024-12-23T08:30:24.626+0000] {processor.py:914} INFO - Processing file /home/airflow/.local/lib/python3.12/site-packages/airflow/example_dags/tutorial_taskflow_api.py for tasks to queue
[2024-12-23T08:30:24.633+0000] {logging_mixin.py:190} INFO - [2024-12-23T08:30:24.632+0000] {dagbag.py:588} INFO - Filling up the DagBag from /home/airflow/.local/lib/python3.12/site-packages/airflow/example_dags/tutorial_taskflow_api.py
[2024-12-23T08:30:24.656+0000] {processor.py:925} INFO - DAG(s) 'tutorial_taskflow_api' retrieved from /home/airflow/.local/lib/python3.12/site-packages/airflow/example_dags/tutorial_taskflow_api.py
[2024-12-23T08:30:24.699+0000] {logging_mixin.py:190} INFO - [2024-12-23T08:30:24.698+0000] {dag.py:3239} INFO - Sync 1 DAGs
[2024-12-23T08:30:24.729+0000] {logging_mixin.py:190} INFO - [2024-12-23T08:30:24.728+0000] {dag.py:4180} INFO - Setting next_dagrun for tutorial_taskflow_api to None, run_after=None
[2024-12-23T08:30:24.778+0000] {processor.py:208} INFO - Processing /home/airflow/.local/lib/python3.12/site-packages/airflow/example_dags/tutorial_taskflow_api.py took 0.170 seconds
[2024-12-23T08:30:56.302+0000] {processor.py:186} INFO - Started process (PID=511) to work on /home/airflow/.local/lib/python3.12/site-packages/airflow/example_dags/tutorial_taskflow_api.py
[2024-12-23T08:30:56.303+0000] {processor.py:914} INFO - Processing file /home/airflow/.local/lib/python3.12/site-packages/airflow/example_dags/tutorial_taskflow_api.py for tasks to queue
[2024-12-23T08:30:56.307+0000] {logging_mixin.py:190} INFO - [2024-12-23T08:30:56.306+0000] {dagbag.py:588} INFO - Filling up the DagBag from /home/airflow/.local/lib/python3.12/site-packages/airflow/example_dags/tutorial_taskflow_api.py
[2024-12-23T08:30:56.320+0000] {processor.py:925} INFO - DAG(s) 'tutorial_taskflow_api' retrieved from /home/airflow/.local/lib/python3.12/site-packages/airflow/example_dags/tutorial_taskflow_api.py
[2024-12-23T08:30:56.350+0000] {logging_mixin.py:190} INFO - [2024-12-23T08:30:56.349+0000] {dag.py:3239} INFO - Sync 1 DAGs
[2024-12-23T08:30:56.371+0000] {logging_mixin.py:190} INFO - [2024-12-23T08:30:56.370+0000] {dag.py:4180} INFO - Setting next_dagrun for tutorial_taskflow_api to None, run_after=None
[2024-12-23T08:30:56.414+0000] {processor.py:208} INFO - Processing /home/airflow/.local/lib/python3.12/site-packages/airflow/example_dags/tutorial_taskflow_api.py took 0.123 seconds
