[2024-12-23T08:27:20.229+0000] {processor.py:186} INFO - Started process (PID=88) to work on /home/airflow/.local/lib/python3.12/site-packages/airflow/example_dags/tutorial_taskflow_templates.py
[2024-12-23T08:27:20.231+0000] {processor.py:914} INFO - Processing file /home/airflow/.local/lib/python3.12/site-packages/airflow/example_dags/tutorial_taskflow_templates.py for tasks to queue
[2024-12-23T08:27:20.256+0000] {logging_mixin.py:190} INFO - [2024-12-23T08:27:20.256+0000] {dagbag.py:588} INFO - Filling up the DagBag from /home/airflow/.local/lib/python3.12/site-packages/airflow/example_dags/tutorial_taskflow_templates.py
[2024-12-23T08:27:20.309+0000] {processor.py:925} INFO - DAG(s) 'tutorial_taskflow_templates' retrieved from /home/airflow/.local/lib/python3.12/site-packages/airflow/example_dags/tutorial_taskflow_templates.py
[2024-12-23T08:27:20.688+0000] {logging_mixin.py:190} INFO - [2024-12-23T08:27:20.687+0000] {override.py:1911} INFO - Created Permission View: can read on DAG:tutorial_taskflow_templates
[2024-12-23T08:27:20.716+0000] {logging_mixin.py:190} INFO - [2024-12-23T08:27:20.715+0000] {override.py:1911} INFO - Created Permission View: can edit on DAG:tutorial_taskflow_templates
[2024-12-23T08:27:20.733+0000] {logging_mixin.py:190} INFO - [2024-12-23T08:27:20.732+0000] {override.py:1911} INFO - Created Permission View: can delete on DAG:tutorial_taskflow_templates
[2024-12-23T08:27:20.754+0000] {logging_mixin.py:190} INFO - [2024-12-23T08:27:20.753+0000] {override.py:1911} INFO - Created Permission View: can read on DAG Run:tutorial_taskflow_templates
[2024-12-23T08:27:20.769+0000] {logging_mixin.py:190} INFO - [2024-12-23T08:27:20.769+0000] {override.py:1911} INFO - Created Permission View: can delete on DAG Run:tutorial_taskflow_templates
[2024-12-23T08:27:20.794+0000] {logging_mixin.py:190} INFO - [2024-12-23T08:27:20.793+0000] {override.py:1911} INFO - Created Permission View: menu access on DAG Run:tutorial_taskflow_templates
[2024-12-23T08:27:20.810+0000] {logging_mixin.py:190} INFO - [2024-12-23T08:27:20.809+0000] {override.py:1911} INFO - Created Permission View: can create on DAG Run:tutorial_taskflow_templates
[2024-12-23T08:27:20.811+0000] {logging_mixin.py:190} INFO - [2024-12-23T08:27:20.811+0000] {dag.py:3239} INFO - Sync 1 DAGs
[2024-12-23T08:27:20.835+0000] {logging_mixin.py:190} INFO - [2024-12-23T08:27:20.835+0000] {dag.py:3262} INFO - Creating ORM DAG for tutorial_taskflow_templates
[2024-12-23T08:27:20.888+0000] {logging_mixin.py:190} INFO - [2024-12-23T08:27:20.888+0000] {dag.py:4180} INFO - Setting next_dagrun for tutorial_taskflow_templates to 2024-12-22 00:00:00+00:00, run_after=2024-12-23 00:00:00+00:00
[2024-12-23T08:27:20.924+0000] {processor.py:208} INFO - Processing /home/airflow/.local/lib/python3.12/site-packages/airflow/example_dags/tutorial_taskflow_templates.py took 0.736 seconds
[2024-12-23T08:27:51.551+0000] {processor.py:186} INFO - Started process (PID=151) to work on /home/airflow/.local/lib/python3.12/site-packages/airflow/example_dags/tutorial_taskflow_templates.py
[2024-12-23T08:27:51.553+0000] {processor.py:914} INFO - Processing file /home/airflow/.local/lib/python3.12/site-packages/airflow/example_dags/tutorial_taskflow_templates.py for tasks to queue
[2024-12-23T08:27:51.556+0000] {logging_mixin.py:190} INFO - [2024-12-23T08:27:51.555+0000] {dagbag.py:588} INFO - Filling up the DagBag from /home/airflow/.local/lib/python3.12/site-packages/airflow/example_dags/tutorial_taskflow_templates.py
[2024-12-23T08:27:51.572+0000] {processor.py:925} INFO - DAG(s) 'tutorial_taskflow_templates' retrieved from /home/airflow/.local/lib/python3.12/site-packages/airflow/example_dags/tutorial_taskflow_templates.py
[2024-12-23T08:27:51.597+0000] {logging_mixin.py:190} INFO - [2024-12-23T08:27:51.597+0000] {dag.py:3239} INFO - Sync 1 DAGs
[2024-12-23T08:27:51.625+0000] {logging_mixin.py:190} INFO - [2024-12-23T08:27:51.624+0000] {dag.py:4180} INFO - Setting next_dagrun for tutorial_taskflow_templates to 2024-12-22 00:00:00+00:00, run_after=2024-12-23 00:00:00+00:00
[2024-12-23T08:27:51.656+0000] {processor.py:208} INFO - Processing /home/airflow/.local/lib/python3.12/site-packages/airflow/example_dags/tutorial_taskflow_templates.py took 0.111 seconds
[2024-12-23T08:28:22.258+0000] {processor.py:186} INFO - Started process (PID=214) to work on /home/airflow/.local/lib/python3.12/site-packages/airflow/example_dags/tutorial_taskflow_templates.py
[2024-12-23T08:28:22.260+0000] {processor.py:914} INFO - Processing file /home/airflow/.local/lib/python3.12/site-packages/airflow/example_dags/tutorial_taskflow_templates.py for tasks to queue
[2024-12-23T08:28:22.264+0000] {logging_mixin.py:190} INFO - [2024-12-23T08:28:22.263+0000] {dagbag.py:588} INFO - Filling up the DagBag from /home/airflow/.local/lib/python3.12/site-packages/airflow/example_dags/tutorial_taskflow_templates.py
[2024-12-23T08:28:22.285+0000] {processor.py:925} INFO - DAG(s) 'tutorial_taskflow_templates' retrieved from /home/airflow/.local/lib/python3.12/site-packages/airflow/example_dags/tutorial_taskflow_templates.py
[2024-12-23T08:28:22.308+0000] {logging_mixin.py:190} INFO - [2024-12-23T08:28:22.307+0000] {dag.py:3239} INFO - Sync 1 DAGs
[2024-12-23T08:28:22.337+0000] {logging_mixin.py:190} INFO - [2024-12-23T08:28:22.336+0000] {dag.py:4180} INFO - Setting next_dagrun for tutorial_taskflow_templates to 2024-12-22 00:00:00+00:00, run_after=2024-12-23 00:00:00+00:00
[2024-12-23T08:28:22.364+0000] {processor.py:208} INFO - Processing /home/airflow/.local/lib/python3.12/site-packages/airflow/example_dags/tutorial_taskflow_templates.py took 0.116 seconds
[2024-12-23T08:28:53.335+0000] {processor.py:186} INFO - Started process (PID=277) to work on /home/airflow/.local/lib/python3.12/site-packages/airflow/example_dags/tutorial_taskflow_templates.py
[2024-12-23T08:28:53.336+0000] {processor.py:914} INFO - Processing file /home/airflow/.local/lib/python3.12/site-packages/airflow/example_dags/tutorial_taskflow_templates.py for tasks to queue
[2024-12-23T08:28:53.339+0000] {logging_mixin.py:190} INFO - [2024-12-23T08:28:53.339+0000] {dagbag.py:588} INFO - Filling up the DagBag from /home/airflow/.local/lib/python3.12/site-packages/airflow/example_dags/tutorial_taskflow_templates.py
[2024-12-23T08:28:53.354+0000] {processor.py:925} INFO - DAG(s) 'tutorial_taskflow_templates' retrieved from /home/airflow/.local/lib/python3.12/site-packages/airflow/example_dags/tutorial_taskflow_templates.py
[2024-12-23T08:28:53.378+0000] {logging_mixin.py:190} INFO - [2024-12-23T08:28:53.377+0000] {dag.py:3239} INFO - Sync 1 DAGs
[2024-12-23T08:28:53.406+0000] {logging_mixin.py:190} INFO - [2024-12-23T08:28:53.406+0000] {dag.py:4180} INFO - Setting next_dagrun for tutorial_taskflow_templates to 2024-12-22 00:00:00+00:00, run_after=2024-12-23 00:00:00+00:00
[2024-12-23T08:28:53.434+0000] {processor.py:208} INFO - Processing /home/airflow/.local/lib/python3.12/site-packages/airflow/example_dags/tutorial_taskflow_templates.py took 0.108 seconds
[2024-12-23T08:29:23.874+0000] {processor.py:186} INFO - Started process (PID=340) to work on /home/airflow/.local/lib/python3.12/site-packages/airflow/example_dags/tutorial_taskflow_templates.py
[2024-12-23T08:29:23.876+0000] {processor.py:914} INFO - Processing file /home/airflow/.local/lib/python3.12/site-packages/airflow/example_dags/tutorial_taskflow_templates.py for tasks to queue
[2024-12-23T08:29:23.882+0000] {logging_mixin.py:190} INFO - [2024-12-23T08:29:23.880+0000] {dagbag.py:588} INFO - Filling up the DagBag from /home/airflow/.local/lib/python3.12/site-packages/airflow/example_dags/tutorial_taskflow_templates.py
[2024-12-23T08:29:23.910+0000] {processor.py:925} INFO - DAG(s) 'tutorial_taskflow_templates' retrieved from /home/airflow/.local/lib/python3.12/site-packages/airflow/example_dags/tutorial_taskflow_templates.py
[2024-12-23T08:29:23.951+0000] {logging_mixin.py:190} INFO - [2024-12-23T08:29:23.951+0000] {dag.py:3239} INFO - Sync 1 DAGs
[2024-12-23T08:29:24.021+0000] {logging_mixin.py:190} INFO - [2024-12-23T08:29:24.020+0000] {dag.py:4180} INFO - Setting next_dagrun for tutorial_taskflow_templates to 2024-12-22 00:00:00+00:00, run_after=2024-12-23 00:00:00+00:00
[2024-12-23T08:29:24.077+0000] {processor.py:208} INFO - Processing /home/airflow/.local/lib/python3.12/site-packages/airflow/example_dags/tutorial_taskflow_templates.py took 0.216 seconds
[2024-12-23T08:29:55.564+0000] {processor.py:186} INFO - Started process (PID=409) to work on /home/airflow/.local/lib/python3.12/site-packages/airflow/example_dags/tutorial_taskflow_templates.py
[2024-12-23T08:29:55.566+0000] {processor.py:914} INFO - Processing file /home/airflow/.local/lib/python3.12/site-packages/airflow/example_dags/tutorial_taskflow_templates.py for tasks to queue
[2024-12-23T08:29:55.571+0000] {logging_mixin.py:190} INFO - [2024-12-23T08:29:55.570+0000] {dagbag.py:588} INFO - Filling up the DagBag from /home/airflow/.local/lib/python3.12/site-packages/airflow/example_dags/tutorial_taskflow_templates.py
[2024-12-23T08:29:55.597+0000] {processor.py:925} INFO - DAG(s) 'tutorial_taskflow_templates' retrieved from /home/airflow/.local/lib/python3.12/site-packages/airflow/example_dags/tutorial_taskflow_templates.py
[2024-12-23T08:29:55.631+0000] {logging_mixin.py:190} INFO - [2024-12-23T08:29:55.631+0000] {dag.py:3239} INFO - Sync 1 DAGs
[2024-12-23T08:29:55.675+0000] {logging_mixin.py:190} INFO - [2024-12-23T08:29:55.674+0000] {dag.py:4180} INFO - Setting next_dagrun for tutorial_taskflow_templates to 2024-12-22 00:00:00+00:00, run_after=2024-12-23 00:00:00+00:00
[2024-12-23T08:29:55.722+0000] {processor.py:208} INFO - Processing /home/airflow/.local/lib/python3.12/site-packages/airflow/example_dags/tutorial_taskflow_templates.py took 0.171 seconds
[2024-12-23T08:30:26.612+0000] {processor.py:186} INFO - Started process (PID=463) to work on /home/airflow/.local/lib/python3.12/site-packages/airflow/example_dags/tutorial_taskflow_templates.py
[2024-12-23T08:30:26.615+0000] {processor.py:914} INFO - Processing file /home/airflow/.local/lib/python3.12/site-packages/airflow/example_dags/tutorial_taskflow_templates.py for tasks to queue
[2024-12-23T08:30:26.619+0000] {logging_mixin.py:190} INFO - [2024-12-23T08:30:26.619+0000] {dagbag.py:588} INFO - Filling up the DagBag from /home/airflow/.local/lib/python3.12/site-packages/airflow/example_dags/tutorial_taskflow_templates.py
[2024-12-23T08:30:26.661+0000] {processor.py:925} INFO - DAG(s) 'tutorial_taskflow_templates' retrieved from /home/airflow/.local/lib/python3.12/site-packages/airflow/example_dags/tutorial_taskflow_templates.py
[2024-12-23T08:30:26.707+0000] {logging_mixin.py:190} INFO - [2024-12-23T08:30:26.707+0000] {dag.py:3239} INFO - Sync 1 DAGs
[2024-12-23T08:30:26.753+0000] {logging_mixin.py:190} INFO - [2024-12-23T08:30:26.753+0000] {dag.py:4180} INFO - Setting next_dagrun for tutorial_taskflow_templates to 2024-12-22 00:00:00+00:00, run_after=2024-12-23 00:00:00+00:00
[2024-12-23T08:30:26.788+0000] {processor.py:208} INFO - Processing /home/airflow/.local/lib/python3.12/site-packages/airflow/example_dags/tutorial_taskflow_templates.py took 0.186 seconds
[2024-12-23T08:30:57.795+0000] {processor.py:186} INFO - Started process (PID=525) to work on /home/airflow/.local/lib/python3.12/site-packages/airflow/example_dags/tutorial_taskflow_templates.py
[2024-12-23T08:30:57.798+0000] {processor.py:914} INFO - Processing file /home/airflow/.local/lib/python3.12/site-packages/airflow/example_dags/tutorial_taskflow_templates.py for tasks to queue
[2024-12-23T08:30:57.802+0000] {logging_mixin.py:190} INFO - [2024-12-23T08:30:57.802+0000] {dagbag.py:588} INFO - Filling up the DagBag from /home/airflow/.local/lib/python3.12/site-packages/airflow/example_dags/tutorial_taskflow_templates.py
[2024-12-23T08:30:57.822+0000] {processor.py:925} INFO - DAG(s) 'tutorial_taskflow_templates' retrieved from /home/airflow/.local/lib/python3.12/site-packages/airflow/example_dags/tutorial_taskflow_templates.py
[2024-12-23T08:30:57.854+0000] {logging_mixin.py:190} INFO - [2024-12-23T08:30:57.854+0000] {dag.py:3239} INFO - Sync 1 DAGs
[2024-12-23T08:30:57.897+0000] {logging_mixin.py:190} INFO - [2024-12-23T08:30:57.897+0000] {dag.py:4180} INFO - Setting next_dagrun for tutorial_taskflow_templates to 2024-12-22 00:00:00+00:00, run_after=2024-12-23 00:00:00+00:00
[2024-12-23T08:30:57.937+0000] {processor.py:208} INFO - Processing /home/airflow/.local/lib/python3.12/site-packages/airflow/example_dags/tutorial_taskflow_templates.py took 0.151 seconds
